>>IBM: |V|=200 |E|=250
>>IBM: The maximum node weight is 49
/public/home/acs4vb4pqv/benchmarks/MWDS2026/T1_wclq/T1_200_250_7.wclq #seed 2 #alpha 1.900 #timeout 0.100 K=5 RHO=0.05 Q0=0.90 BETA=3.5
[v19] |V|=200 |E|=250 density=1.25 USE_ADVANCED=0
#Rd        #LB        #LB*       #UB       #Time        #UB+        #UB*      #Time      #TotalTime
First Gap  0.097109
ALPHA 1.9000 MaxIteration 500  TIMEOUT 0.031612
  1       1833       1833       2011      0.0316
 [Tier-2 Medium] gap=0.0971 density=1.25 |V|=200 => Standard RL (K=5, 15%)
ALPHA 1.9000 MaxIteration 3  TIMEOUT 0.004343
  2       1800       1833       2125      0.0043ALPHA 1.8304 MaxIteration 5  TIMEOUT 0.007776
  3       1813       1833       2148      0.0078ALPHA 1.7658 MaxIteration 9  TIMEOUT 0.011010
  4       1829       1833       2182      0.0110ALPHA 1.7056 MaxIteration 15  TIMEOUT 0.015497
  5       1821       1833       2160      0.0155ALPHA 1.6493 MaxIteration 25  TIMEOUT 0.052906
  6       1825       1833       2151      0.0529ALPHA 1.5966 MaxIteration 41  TIMEOUT 0.038467
  7       1823       1833       2216      0.0385ALPHA 1.5472 MaxIteration 65  TIMEOUT 0.150306
  8       1840       1840       2124      0.1503ALPHA 1.5008 MaxIteration 100  TIMEOUT 0.079797
  9       1843       1843       2145      0.0798ALPHA 1.4571 MaxIteration 150  TIMEOUT 0.169051
 10       1851       1851       2160      0.1691ALPHA 1.4158 MaxIteration 218  TIMEOUT 0.308351
 11       1848       1851       2118      0.3084ALPHA 1.3768 MaxIteration 308  TIMEOUT 0.272572
 12       1850       1851       2149      0.2726ALPHA 1.3399 MaxIteration 424  TIMEOUT 0.384754
 13       1843       1851       2139      0.3848ALPHA 1.3049 MaxIteration 568  TIMEOUT 0.462779
 14       1849       1851       2147      0.4628ALPHA 1.2718 MaxIteration 741  TIMEOUT 0.553852
 15       1850       1851       2117      0.5539ALPHA 1.2402 MaxIteration 942  TIMEOUT 0.802559
 16       1847       1851       2184      0.8026ALPHA 1.2102 MaxIteration 1168  TIMEOUT 3.234064
 17       1853       1853       2125      3.2341ALPHA 1.1816 MaxIteration 1413  TIMEOUT 1.018918
 18       1834       1853       2146      1.0189ALPHA 1.1543 MaxIteration 1669  TIMEOUT 1.670392
 19       1852       1853       2148      1.6704ALPHA 1.1283 MaxIteration 1926  TIMEOUT 1.843250
 20       1851       1853       2168      1.8433ALPHA 1.1034 MaxIteration 2173  TIMEOUT 1.498298
 21       1847       1853       2147      1.4983ALPHA 1.0795 MaxIteration 2397  TIMEOUT 1.702462
 22       1854       1854       2152      1.7025ALPHA 1.0567 MaxIteration 2587  TIMEOUT 2.113174
 23       1853       1854       2166      2.1132ALPHA 1.0349 MaxIteration 2733  TIMEOUT 1.983371
 24       1849       1854       2112      1.9834ALPHA 1.0349 MaxIteration 2828  TIMEOUT 4.252509
 25       1854       1854       2124      4.2525ALPHA 1.0349 MaxIteration 2926  TIMEOUT 2.641374
 26       1856       1856       2214      2.6414ALPHA 1.0349 MaxIteration 3027  TIMEOUT 2.602181
 27       1851       1856       2132      2.6022ALPHA 1.0349 MaxIteration 3132  TIMEOUT 2.424451
 28       1847       1856       2105      2.4245ALPHA 1.0349 MaxIteration 3241  TIMEOUT 5.414199
 29       1857       1857       2177      5.4142ALPHA 1.0349 MaxIteration 3353  TIMEOUT 2.382228
 30       1851       1857       2095      2.3822ALPHA 1.0349 MaxIteration 3469  TIMEOUT 4.485247
 31       1855       1857       2114      4.4852ALPHA 1.0349 MaxIteration 3589  TIMEOUT 3.094627
 32       1849       1857       2180      3.0946ALPHA 1.0349 MaxIteration 3714  TIMEOUT 3.292171
 33       1850       1857       2167      3.2922ALPHA 1.0349 MaxIteration 3843  TIMEOUT 3.593383
 34       1848       1857       2070      3.5934ALPHA 1.0349 MaxIteration 3976  TIMEOUT 4.518199
 35       1851       1857       2164      4.5182ALPHA 1.0349 MaxIteration 4114  TIMEOUT 2.851963
 36       1848       1857       2127      2.8520ALPHA 1.0349 MaxIteration 4257  TIMEOUT 2.989433
 37       1844       1857       2133      2.9894ALPHA 1.0349 MaxIteration 4405  TIMEOUT 5.793160
 38       1850       1857       2107      5.7932ALPHA 1.0349 MaxIteration 4558  TIMEOUT 4.890444
 39       1869       1869       2157      4.8904ALPHA 1.0349 MaxIteration 4716  TIMEOUT 3.866855
 40       1860       1869       2142      3.8669ALPHA 1.0349 MaxIteration 4880  TIMEOUT 3.436765
 41       1836       1869       2140      3.4368ALPHA 1.0349 MaxIteration 5050  TIMEOUT 5.160874
 42       1865       1869       2082      5.1609ALPHA 1.0349 MaxIteration 5226  TIMEOUT 9.477007
 43       1855       1869       2103      9.4770ALPHA 1.0349 MaxIteration 5408  TIMEOUT 4.076930
 44       1852       1869       2162      4.0769ALPHA 1.0349 MaxIteration 5596  TIMEOUT 4.742035
 45       1858       1869       2148      4.7420ALPHA 1.0349 MaxIteration 5791  TIMEOUT 4.184494
 46       1852       1869       2174      4.1845ALPHA 1.0349 MaxIteration 5992  TIMEOUT 5.438919
 47       1848       1869       2109      5.4389ALPHA 1.0349 MaxIteration 6200  TIMEOUT 4.959428
 48       1853       1869       2108      4.9594ALPHA 1.0349 MaxIteration 6416  TIMEOUT 5.453065
 49       1850       1869       2072      5.4531ALPHA 1.0349 MaxIteration 6639  TIMEOUT 4.587478
 50       1857       1869       2124      4.5875ALPHA 1.0349 MaxIteration 6870  TIMEOUT 4.954970
 51       1849       1869       2146      4.9550ALPHA 1.0349 MaxIteration 7109  TIMEOUT 8.196165
 52       1861       1869       2128      8.1962ALPHA 1.0349 MaxIteration 7356  TIMEOUT 9.311584
 53       1845       1869       2091      9.3116ALPHA 1.0349 MaxIteration 7612  TIMEOUT 5.564707
 54       1847       1869       2081      5.5647ALPHA 1.0349 MaxIteration 7877  TIMEOUT 13.783829
 55       1856       1869       2144     13.7838ALPHA 1.0349 MaxIteration 8151  TIMEOUT 12.330063
 56       1850       1869       2110     12.3301ALPHA 1.0349 MaxIteration 8435  TIMEOUT 7.783600
 57       1843       1869       2109      7.7836ALPHA 1.0349 MaxIteration 8729  TIMEOUT 6.635838
 58       1842       1869       2127      6.6358ALPHA 1.0349 MaxIteration 9033  TIMEOUT 6.227597
 59       1849       1869       2144      6.2276ALPHA 1.0349 MaxIteration 9347  TIMEOUT 6.584557
 60       1849       1869       2106      6.5846ALPHA 1.0349 MaxIteration 9672  TIMEOUT 13.342845
 61       1860       1869       2122     13.3428ALPHA 1.0349 MaxIteration 10009  TIMEOUT 11.187367
 62       1853       1869       2119     11.1874ALPHA 1.0349 MaxIteration 10357  TIMEOUT 7.081396
 63       1847       1869       2148      7.0814ALPHA 1.0349 MaxIteration 10718  TIMEOUT 7.782992
 64       1848       1869       2139      7.7830ALPHA 1.0349 MaxIteration 11091  TIMEOUT 10.539351
 65       1859       1869       2089     10.5394ALPHA 1.0349 MaxIteration 11477  TIMEOUT 8.038502
 66       1847       1869       2141      8.0385ALPHA 1.0349 MaxIteration 11877  TIMEOUT 12.002107
 67       1851       1869       2089     12.0021ALPHA 1.0349 MaxIteration 12291  TIMEOUT 13.319050
 68       1859       1869       2056     13.3191ALPHA 1.0349 MaxIteration 12719  TIMEOUT 8.747280
 69       1854       1869       2118      8.7473ALPHA 1.0349 MaxIteration 13162  TIMEOUT 15.169113
 70       1856       1869       2092     15.1691ALPHA 1.0349 MaxIteration 13620  TIMEOUT 20.696188
 71       1861       1869       2112     20.6962ALPHA 1.0349 MaxIteration 14094  TIMEOUT 13.929815
 72       1856       1869       2098     13.9298ALPHA 1.0349 MaxIteration 14585  TIMEOUT 19.770330
 73       1854       1869       2140     19.7703ALPHA 1.0349 MaxIteration 15093  TIMEOUT 22.385671
 74       1860       1869       2091     22.3857ALPHA 1.0349 MaxIteration 15619  TIMEOUT 10.307714
 75       1844       1869       2137     10.3077ALPHA 1.0349 MaxIteration 16163  TIMEOUT 15.387235
 76       1858       1869       2136     15.3872ALPHA 1.0349 MaxIteration 16726  TIMEOUT 11.949909
 77       1870       1870       2128     11.9499ALPHA 1.0349 MaxIteration 17309  TIMEOUT 18.217009
 78       1871       1871       2132     18.2170ALPHA 1.0349 MaxIteration 17912  TIMEOUT 12.813107
 79       1858       1871       2114     12.8131ALPHA 1.0349 MaxIteration 18536  TIMEOUT 21.927347
 80       1857       1871       2129     21.9273ALPHA 1.0349 MaxIteration 19182  TIMEOUT 20.576079
 81       1857       1871       2065     20.5761ALPHA 1.0349 MaxIteration 19850  TIMEOUT 29.770193
 82       1860       1871       2149     29.7702ALPHA 1.0349 MaxIteration 20541  TIMEOUT 21.607514
 83       1858       1871       2127     21.6075       1937        1937      0.0200    576.7090
ALPHA 1.0349 MaxIteration 21257  TIMEOUT 3.065215
 84       1858       1871       2158      3.0652       1937        1937      0.0000    582.5790
ALPHA 1.0349 MaxIteration 21997  TIMEOUT 3.345019
 85       1855       1871       2098      3.3450       1937        1937      0.0100    588.9790
ALPHA 1.0349 MaxIteration 22763  TIMEOUT 4.473791
 86       1859       1871       2124      4.4738       1937        1937      0.0300    597.5690
ALPHA 1.0349 MaxIteration 23556  TIMEOUT 4.966548
 87       1859       1871       2139      4.9665       1937        1937      0.0100    607.0790
ALPHA 1.0349 MaxIteration 24377  TIMEOUT 7.920064
 88       1854       1871       2119      7.9201       1937        1937      0.0000    622.2490
ALPHA 1.0349 MaxIteration 25226  TIMEOUT 6.619263
 89       1835       1871       2139      6.6193       1937        1937      0.0100    634.8890
ALPHA 1.0349 MaxIteration 26105  TIMEOUT 4.088671
 90       1860       1871       2138      4.0887       1937        1937      0.0200    642.7190
ALPHA 1.0349 MaxIteration 27014  TIMEOUT 4.625285
 91       1845       1871       2116      4.6253       1937        1937      0.0100    651.5790
ALPHA 1.0349 MaxIteration 27955  TIMEOUT 4.216543
 92       1863       1871       2116      4.2165       1937        1937      0.0200    659.6490
ALPHA 1.0349 MaxIteration 28929  TIMEOUT 10.362103
 93       1868       1871       2119     10.3621       1937        1937      0.0100    679.5090
ALPHA 1.0349 MaxIteration 29937  TIMEOUT 4.374935
 94       1866       1871       2117      4.3749       1937        1937      0.0100    687.8790
ALPHA 1.0349 MaxIteration 30980  TIMEOUT 4.590656
 95       1852       1871       2096      4.5907       1937        1937      0.0500    696.7190
ALPHA 1.0349 MaxIteration 32059  TIMEOUT 5.626041
 96       1846       1871       2188      5.6260       1937        1937      0.0200    707.4990
ALPHA 1.0349 MaxIteration 33176  TIMEOUT 9.273208
 97       1849       1871       2163      9.2732       1937        1937      0.0100    725.2490
ALPHA 1.0349 MaxIteration 34332  TIMEOUT 5.511099
 98       1853       1871       2117      5.5111       1937        1937      0.0000    735.7590
ALPHA 1.0349 MaxIteration 35528  TIMEOUT 7.234909
 99       1831       1871       2104      7.2349       1937        1937      0.0000    749.6190
ALPHA 1.0349 MaxIteration 36766  TIMEOUT 5.584008
100       1846       1871       2156      5.5840       1937        1937      0.0000    760.3090
ALPHA 1.0349 MaxIteration 38047  TIMEOUT 5.474577
101       1860       1871       2088      5.4746       1937        1937      0.0100    770.7890
ALPHA 1.0349 MaxIteration 39373  TIMEOUT 8.355377
102       1851       1871       2124      8.3554       1937        1937      0.0000    786.7690
ALPHA 1.0349 MaxIteration 40745  TIMEOUT 5.856301
103       1857       1871       2105      5.8563       1937        1937      0.0100    798.0190
ALPHA 1.0349 MaxIteration 42165  TIMEOUT 13.207753
104       1862       1871       2085     13.2078       1937        1937      0.0100    823.2990
ALPHA 1.0349 MaxIteration 43634  TIMEOUT 6.480728
105       1848       1871       2114      6.4807       1937        1937      0.0000    835.7290
ALPHA 1.0349 MaxIteration 45155  TIMEOUT 6.556068
106       1842       1871       2082      6.5561       1937        1937      0.0100    848.2586
ALPHA 1.0349 MaxIteration 46729  TIMEOUT 6.951237
107       1852       1871       2108      6.9512       1937        1937      0.0000    861.5790
ALPHA 1.0349 MaxIteration 48357  TIMEOUT 7.155930
108       1854       1871       2109      7.1559       1937        1937      0.0200    875.2490
ALPHA 1.0349 MaxIteration 50042  TIMEOUT 7.681682
109       1828       1871       2110      7.6817       1937        1937      0.0200    889.9390
ALPHA 1.0349 MaxIteration 51786  TIMEOUT 8.512337
110       1850       1871       2068      8.5123       1937        1937      0.0100    906.2390
ALPHA 1.0349 MaxIteration 53591  TIMEOUT 7.826257
111       1834       1871       2091      7.8263       1937        1937      0.0100    921.1790
ALPHA 1.0349 MaxIteration 55459  TIMEOUT 8.081161
112       1828       1871       2105      8.0812       1937        1937      0.0100    936.6543
ALPHA 1.0349 MaxIteration 57392  TIMEOUT 8.425214
113       1848       1871       2111      8.4252       1937        1937      0.0300    952.7690
ALPHA 1.0349 MaxIteration 59392  TIMEOUT 8.953584
114       1858       1871       2095      8.9536       1937        1937      0.0100    969.8790
ALPHA 1.0349 MaxIteration 61462  TIMEOUT 14.325191
115       1840       1871       2132     14.3252       1937        1937      0.0100    997.2490
ALPHA 1.0349 MaxIteration 63604  TIMEOUT 9.239171
116       1855       1871       2130      9.2392       1937        1937      0.0200   1014.8890
ALPHA 1.0349 MaxIteration 65821  TIMEOUT 11.697130
117       1855       1871       2061     11.6971       1937        1937      0.0100   1037.2290
ALPHA 1.0349 MaxIteration 68115  TIMEOUT 11.533692
118       1853       1871       2096     11.5337       1937        1937      0.0100   1059.2390
ALPHA 1.0349 MaxIteration 70489  TIMEOUT 12.721893
119       1815       1871       2121     12.7219       1937        1937      0.0100   1083.5890
ALPHA 1.0349 MaxIteration 72946  TIMEOUT 16.601020
120       1828       1871       2121     16.6010       1937        1937      0.0200   1115.3390
ALPHA 1.0349 MaxIteration 75488  TIMEOUT 11.094574
121       1831       1871       2111     11.0946       1937        1937      0.0500   1136.6090
ALPHA 1.0349 MaxIteration 78119  TIMEOUT 14.747502
122       1831       1871       2098     14.7475       1937        1937      0.0100   1164.8390
ALPHA 1.0349 MaxIteration 80842  TIMEOUT 14.307659
123       1830       1871       2096     14.3077       1937        1937      0.0100   1192.1890
ALPHA 1.0349 MaxIteration 83660  TIMEOUT 19.294996
124       1833       1871       2081     19.2950       1937        1937      0.0200   1229.0373
ALPHA 1.0349 MaxIteration 86576  TIMEOUT 13.593393
125       1836       1871       2096     13.5934       1937        1937      0.0100   1255.0090
ALPHA 1.0349 MaxIteration 89593  TIMEOUT 14.503156
126       1829       1871       2096     14.5032       1937        1937      0.0000   1282.7190
ALPHA 1.0349 MaxIteration 92716  TIMEOUT 14.802122
127       1834       1871       2098     14.8021       1937        1937      0.0000   1311.0090
ALPHA 1.0349 MaxIteration 95947  TIMEOUT 14.774727
128       1831       1871       2103     14.7747       1937        1937      0.0100   1339.2390
ALPHA 1.0349 MaxIteration 99291  TIMEOUT 27.055875
129       1825       1871       2143     27.0559       1937        1937      0.0100   1390.9190
ALPHA 1.0349 MaxIteration 102752  TIMEOUT 17.092986
130       1820       1871       2123     17.0930       1937        1937      0.0200   1423.5490
ALPHA 1.0349 MaxIteration 106333  TIMEOUT 17.042758
131       1830       1871       2089     17.0428       1937        1937      0.0100   1456.1190
ALPHA 1.0349 MaxIteration 110039  TIMEOUT 17.116977
132       1828       1871       2113     17.1170       1937        1937      0.0100   1488.8690
ALPHA 1.0349 MaxIteration 113874  TIMEOUT 20.147972
133       1834       1871       2096     20.1480       1937        1937      0.0100   1527.4190
ALPHA 1.0349 MaxIteration 117843  TIMEOUT 19.476320
134       1832       1871       2096     19.4763       1937        1937      0.0100   1564.7090
ALPHA 1.0349 MaxIteration 121950  TIMEOUT 33.165265
135       1831       1871       2084     33.1653       1937        1937      0.0000   1628.1590
ALPHA 1.0349 MaxIteration 126200  TIMEOUT 18.756530
136       1830       1871       2096     18.7565       1937        1937      0.0200   1664.0190
ALPHA 1.0349 MaxIteration 130599  TIMEOUT 29.890888
137       1832       1871       2099     29.8909       1937        1937      0.0200   1721.1090
ALPHA 1.0349 MaxIteration 135151  TIMEOUT 21.367377
138       1830       1871       2109     21.3674       1937        1937      0.0000   1761.9390
ALPHA 1.0349 MaxIteration 139862  TIMEOUT 25.347811
139       1824       1871       2118     25.3478       1937        1937      0.0100   1810.3390
ALPHA 1.0349 MaxIteration 144737  TIMEOUT 28.786013
140       1836       1871       2084     28.7860       1937        1937      0.0100   1865.4590
ALPHA 1.0349 MaxIteration 149782  TIMEOUT 35.300150
141       1833       1871       2118     35.3001       1937        1937      0.0100   1933.0090
ALPHA 1.0349 MaxIteration 155003  TIMEOUT 22.661526
142       1831       1871       2126     22.6615       1937        1937      0.0000   1976.4090
ALPHA 1.0349 MaxIteration 160406  TIMEOUT 34.061708
143       1831       1871       2104     34.0617       1937        1937      0.0100   2041.5990
ALPHA 1.0349 MaxIteration 165997  TIMEOUT 28.573419
144       1832       1871       2081     28.5734       1937        1937      0.0200   2096.1490
ALPHA 1.0349 MaxIteration 171783  TIMEOUT 38.052340
145       1833       1871       2115     38.0523       1937        1937      0.0000   2168.8790
ALPHA 1.0349 MaxIteration 177771  TIMEOUT 31.284188
146       1836       1871       2086     31.2842       1937        1937      0.0100   2228.7890
ALPHA 1.0349 MaxIteration 183967  TIMEOUT 32.185156
147       1831       1871       2130     32.1852       1937        1937      0.0100   2290.4490
ALPHA 1.0349 MaxIteration 190379  TIMEOUT 31.347163
148       1828       1871       2137     31.3472       1937        1937      0.0100   2350.3351
ALPHA 1.0349 MaxIteration 197015  TIMEOUT 40.022925
149       1821       1871       2142     40.0229       1937        1937      0.0200   2426.7990
ALPHA 1.0349 MaxIteration 203882  TIMEOUT 39.336440
150       1823       1871       2124     39.3364       1937        1937      0.0100   2502.0590
ALPHA 1.0349 MaxIteration 210988  TIMEOUT 53.552107
151       1828       1871       2115     53.5521       1937        1937      0.0100   2604.4190
ALPHA 1.0349 MaxIteration 218342  TIMEOUT 59.539715
152       1836       1871       2090     59.5397       1937        1937      0.0100   2718.2990
ALPHA 1.0349 MaxIteration 225953  TIMEOUT 34.408054
153       1829       1871       2120     34.4081       1937        1937      0.0300   2784.0790
ALPHA 1.0349 MaxIteration 233829  TIMEOUT 54.771830
154       1833       1871       2094     54.7718>>> T1_200_250_7.wclq |V| 200 |E| 250  (#LB 0.0207 1833 ---> 1871  0.0353  1937 <--- 2011  0.0368 #UB)  #solve_ime 2838.8509 read_time 0.0010 
