>>IBM: |V|=50 |E|=1000
>>IBM: The maximum node weight is 49
/public/home/acs4vb4pqv/benchmarks/MWDS2026/T1_wclq/T1_50_1000_0.wclq #seed 2 #alpha 1.900 #timeout 0.100 K=5 RHO=0.05 Q0=0.90 BETA=3.5
[v19] |V|=50 |E|=1000 density=20.00 USE_ADVANCED=0
#Rd        #LB        #LB*       #UB       #Time        #UB+        #UB*      #Time      #TotalTime
First Gap  0.428571
ALPHA 1.9000 MaxIteration 500  TIMEOUT 0.003967
  1         28         28         40      0.0040
 [Tier-3 Hard] gap=0.4286 density=20.00 |V|=50 => Heavy RL (K=8, 25%)
ALPHA 1.9000 MaxIteration 3  TIMEOUT 0.000475
  2         28         28         48      0.0005ALPHA 1.8304 MaxIteration 5  TIMEOUT 0.000713
  3         28         28         48      0.0007ALPHA 1.7658 MaxIteration 9  TIMEOUT 0.001201
  4         28         28         47      0.0012ALPHA 1.7056 MaxIteration 15  TIMEOUT 0.000616
  5         25         28         40      0.0006         40          40      0.0000      0.0091
ALPHA 1.6493 MaxIteration 25  TIMEOUT 0.000836
  6         28         28         48      0.0008         40          40      0.0000      0.0191
ALPHA 1.5966 MaxIteration 41  TIMEOUT 0.000823
  7         28         28         48      0.0008         40          40      0.0000      0.0291
ALPHA 1.5472 MaxIteration 65  TIMEOUT 0.001230
  8         28         28         48      0.0012         40          40      0.0000      0.0391
ALPHA 1.5008 MaxIteration 100  TIMEOUT 0.001938
  9         28         28         48      0.0019         40          40      0.0000      0.0491
ALPHA 1.4571 MaxIteration 150  TIMEOUT 0.001576
 10         28         28         40      0.0016>>> T1_50_1000_0.wclq |V| 50 |E| 1000  (#LB 0.0000 28 ---> 28  0.4286  40 <--- 40  0.0000 #UB)  #solve_ime 0.0507 read_time 0.0009 
