>>IBM: |V|=150 |E|=2000
>>IBM: The maximum node weight is 1235
/public/home/acs4vb4pqv/benchmarks/MWDS2026/T2_wclq/T2_150_2000_1.wclq #seed 3 #alpha 1.900 #timeout 0.100 K=5 RHO=0.05 Q0=0.90 BETA=3.5 AQ_MODE=guarded SAFE_AQ_MIN_GAP=0.050 SAFE_AQ_MIN_NODES=800 AQ_SLOPE_MARGIN=1.05 AQ_MAX_UB_DRIFT=0.25
[v19] |V|=150 |E|=2000 density=13.33 USE_ADVANCED=0
#Rd        #LB        #LB*       #UB       #Time        #UB+        #UB*      #Time      #TotalTime
First Gap  0.188867
ALPHA 1.9000 MaxIteration 500  TIMEOUT 0.040533
  1        503        503        598      0.0405
 [AQ small-headroom probe] gap=0.1889 density=13.33 |V|=150 => Light RL (K=3, 5.0%)
ALPHA 1.9000 MaxIteration 3  TIMEOUT 0.000861
  2        488        503        732      0.0009ALPHA 1.8304 MaxIteration 5  TIMEOUT 0.001590
  3        484        503        635      0.0016 [AQ guard] no early LB gain, disabling AQ
        598         598      0.0000      0.0490
ALPHA 1.7658 MaxIteration 9  TIMEOUT 0.000701
  4        488        503        615      0.0007        598         598      0.0000      0.0590
ALPHA 1.7056 MaxIteration 15  TIMEOUT 0.001614
  5        441        503        632      0.0016        598         598      0.0000      0.0690
ALPHA 1.6493 MaxIteration 25  TIMEOUT 0.001973
  6        462        503        601      0.0020        598         598      0.0000      0.0790
ALPHA 1.5966 MaxIteration 41  TIMEOUT 0.003100
  7        456        503        598      0.0031        598         598      0.0000      0.0890
ALPHA 1.5472 MaxIteration 65  TIMEOUT 0.009066
  8        500        503        598      0.0091        598         598      0.0000      0.0990
ALPHA 1.5008 MaxIteration 100  TIMEOUT 0.008312
  9        473        503        601      0.0083        601         598      0.0000      0.1090
ALPHA 1.4571 MaxIteration 150  TIMEOUT 0.010852
 10        488        503        598      0.0109        598         598      0.0000      0.1390
ALPHA 1.4158 MaxIteration 218  TIMEOUT 0.027223
 11        503        503        598      0.0272        598         598      0.0000      0.1890
ALPHA 1.3768 MaxIteration 308  TIMEOUT 0.044151
 12        508        508        598      0.0442        598         598      0.0000      0.2790
ALPHA 1.3399 MaxIteration 424  TIMEOUT 0.077315
 13        508        508        598      0.0773        598         598      0.0000      0.4290
ALPHA 1.3049 MaxIteration 568  TIMEOUT 0.086226
 14        508        508        598      0.0862        598         598      0.0000      0.5990
ALPHA 1.2718 MaxIteration 741  TIMEOUT 0.100958
 15        508        508        598      0.1010        598         598      0.0000      0.8090
ALPHA 1.2402 MaxIteration 942  TIMEOUT 0.125909
 16        500        508        598      0.1259        598         598      0.0000      1.0590
ALPHA 1.2102 MaxIteration 1168  TIMEOUT 0.141298
 17        508        508        598      0.1413        598         598      0.0000      1.3490
ALPHA 1.1816 MaxIteration 1413  TIMEOUT 0.161292
 18        494        508        598      0.1613        598         598      0.0000      1.6790
ALPHA 1.1543 MaxIteration 1669  TIMEOUT 0.216419
 19        499        508        598      0.2164        598         598      0.0000      2.1090
ALPHA 1.1283 MaxIteration 1926  TIMEOUT 0.232781
 20        494        508        598      0.2328        598         598      0.0000      2.5690
ALPHA 1.1034 MaxIteration 2173  TIMEOUT 0.294571
 21        492        508        598      0.2946        598         598      0.0000      3.1590
ALPHA 1.0795 MaxIteration 2397  TIMEOUT 0.242172
 22        503        508        598      0.2422        598         598      0.0000      3.6390
ALPHA 1.0567 MaxIteration 2587  TIMEOUT 0.366140
 23        503        508        598      0.3661        598         598      0.0000      4.3590
ALPHA 1.0349 MaxIteration 2733  TIMEOUT 0.212549
 24        494        508        598      0.2125        598         598      0.0000      4.7890
ALPHA 1.0349 MaxIteration 2828  TIMEOUT 0.198917
 25        484        508        598      0.1989        598         598      0.0000      5.1690
ALPHA 1.0349 MaxIteration 2926  TIMEOUT 0.430663
 26        503        508        598      0.4307        598         598      0.0000      6.0390
ALPHA 1.0349 MaxIteration 3027  TIMEOUT 0.312368
 27        488        508        598      0.3124        598         598      0.0000      6.6690
ALPHA 1.0349 MaxIteration 3132  TIMEOUT 0.473299
 28        503        508        598      0.4733        598         598      0.0000      7.6090
ALPHA 1.0349 MaxIteration 3241  TIMEOUT 0.222281
 29        484        508        598      0.2223        598         598      0.0000      8.0590
ALPHA 1.0349 MaxIteration 3353  TIMEOUT 0.282211
 30        484        508        598      0.2822        598         598      0.0000      8.6190
ALPHA 1.0349 MaxIteration 3469  TIMEOUT 0.391196
 31        493        508        598      0.3912        598         598      0.0000      9.3990
ALPHA 1.0349 MaxIteration 3589  TIMEOUT 0.417553
 32        497        508        598      0.4176        598         598      0.0000     10.2190
ALPHA 1.0349 MaxIteration 3714  TIMEOUT 0.270482
 33        493        508        598      0.2705        598         598      0.0000     10.7690
ALPHA 1.0349 MaxIteration 3843  TIMEOUT 0.284734
 34        493        508        598      0.2847        598         598      0.0000     11.3390
ALPHA 1.0349 MaxIteration 3976  TIMEOUT 0.350624
 35        486        508        598      0.3506        598         598      0.0000     12.0390
ALPHA 1.0349 MaxIteration 4114  TIMEOUT 0.660723
 36        503        508        598      0.6607        598         598      0.0000     13.3590
ALPHA 1.0349 MaxIteration 4257  TIMEOUT 0.264187
 37        484        508        598      0.2642        598         598      0.0000     13.8890
ALPHA 1.0349 MaxIteration 4405  TIMEOUT 0.952797
 38        508        508        598      0.9528        598         598      0.0000     15.7790
ALPHA 1.0349 MaxIteration 4558  TIMEOUT 0.314439
 39        484        508        598      0.3144        598         598      0.0000     16.4090
ALPHA 1.0349 MaxIteration 4716  TIMEOUT 0.653278
 40        496        508        598      0.6533        598         598      0.0000     17.7090
ALPHA 1.0349 MaxIteration 4880  TIMEOUT 0.848208
 41        503        508        598      0.8482        598         598      0.0000     19.3690
ALPHA 1.0349 MaxIteration 5050  TIMEOUT 0.454822
 42        493        508        598      0.4548        598         598      0.0000     19.9890
ALPHA 1.0349 MaxIteration 5226  TIMEOUT 0.010991
 43        454        508        598      0.0110>>> T2_150_2000_1.wclq |V| 150 |E| 2000  (#LB 0.0099 503 ---> 508  0.1772  598 <--- 598  0.0000 #UB)  #solve_ime 20.0000 read_time 0.0010 
