>>IBM: |V|=200 |E|=2000
>>IBM: The maximum node weight is 49
/public/home/acs4vb4pqv/benchmarks/MWDS2026/T1_wclq/T1_200_2000_8.wclq #seed 1 #alpha 1.900 #timeout 0.100 K=5 RHO=0.05 Q0=0.90 BETA=3.5 AQ_MODE=guarded SAFE_AQ_MIN_GAP=0.050 SAFE_AQ_MIN_NODES=800 AQ_SLOPE_MARGIN=1.05 AQ_MAX_UB_DRIFT=0.25
[v19] |V|=200 |E|=2000 density=10.00 USE_ADVANCED=0
#Rd        #LB        #LB*       #UB       #Time        #UB+        #UB*      #Time      #TotalTime
First Gap  1.328283
ALPHA 1.9000 MaxIteration 500  TIMEOUT 0.044615
  1        198        198        461      0.0446
 [AQ small-headroom probe] gap=1.3283 density=10.00 |V|=200 => Light RL (K=3, 5.0%)
ALPHA 1.9000 MaxIteration 3  TIMEOUT 0.001437
  2        202        202        548      0.0014ALPHA 1.8304 MaxIteration 5  TIMEOUT 0.003689
  3        209        209        570      0.0037ALPHA 1.7658 MaxIteration 9  TIMEOUT 0.005845
  4        199        209        496      0.0058ALPHA 1.7056 MaxIteration 15  TIMEOUT 0.014191
  5        224        224        501      0.0142ALPHA 1.6493 MaxIteration 25  TIMEOUT 0.009694
  6        225        225        517      0.0097ALPHA 1.5966 MaxIteration 41  TIMEOUT 0.025742
  7        223        225        529      0.0257ALPHA 1.5472 MaxIteration 65  TIMEOUT 0.047981
  8        228        228        468      0.0480ALPHA 1.5008 MaxIteration 100  TIMEOUT 0.049392
  9        228        228        492      0.0494ALPHA 1.4571 MaxIteration 150  TIMEOUT 0.066039
 10        224        228        497      0.0660 [AQ guard] no early LB gain, disabling AQ
        416         416      0.0400      0.3289
ALPHA 1.4158 MaxIteration 218  TIMEOUT 0.019957
 11        199        228        488      0.0200        417         416      0.0100      0.3689
ALPHA 1.3768 MaxIteration 308  TIMEOUT 0.049147
 12        199        228        480      0.0491        416         416      0.0300      0.4589
ALPHA 1.3399 MaxIteration 424  TIMEOUT 0.048846
 13        200        228        472      0.0488        416         416      0.0100      0.5489
ALPHA 1.3049 MaxIteration 568  TIMEOUT 0.056102
 14        193        228        448      0.0561        416         416      0.0000      0.6589
ALPHA 1.2718 MaxIteration 741  TIMEOUT 0.069063
 15        199        228        473      0.0691        416         416      0.0300      0.7889
ALPHA 1.2402 MaxIteration 942  TIMEOUT 0.123249
 16        199        228        450      0.1232        416         416      0.0200      1.0289
ALPHA 1.2102 MaxIteration 1168  TIMEOUT 0.121206
 17        200        228        470      0.1212        416         416      0.0000      1.2789
ALPHA 1.1816 MaxIteration 1413  TIMEOUT 0.181913
 18        195        228        451      0.1819        416         416      0.0000      1.6489
ALPHA 1.1543 MaxIteration 1669  TIMEOUT 0.222629
 19        192        228        451      0.2226        416         416      0.0000      2.0889
ALPHA 1.1283 MaxIteration 1926  TIMEOUT 0.277504
 20        192        228        456      0.2775        416         416      0.0800      2.6289
ALPHA 1.1034 MaxIteration 2173  TIMEOUT 0.550047
 21        198        228        434      0.5500        416         416      0.0200      3.7289
ALPHA 1.0795 MaxIteration 2397  TIMEOUT 0.246793
 22        211        228        455      0.2468        416         416      0.0000      4.2089
ALPHA 1.0567 MaxIteration 2587  TIMEOUT 0.241814
 23        193        228        455      0.2418        416         416      0.0000      4.6889
ALPHA 1.0349 MaxIteration 2733  TIMEOUT 0.300919
 24        203        228        450      0.3009        416         416      0.0000      5.2889
ALPHA 1.0349 MaxIteration 2828  TIMEOUT 0.421474
 25        200        228        449      0.4215        416         416      0.0400      6.1289
ALPHA 1.0349 MaxIteration 2926  TIMEOUT 0.311539
 26        201        228        455      0.3115        416         416      0.0000      6.7489
ALPHA 1.0349 MaxIteration 3027  TIMEOUT 0.326580
 27        197        228        456      0.3266        416         416      0.0200      7.3889
ALPHA 1.0349 MaxIteration 3132  TIMEOUT 0.500937
 28        197        228        457      0.5009        416         416      0.0000      8.3789
ALPHA 1.0349 MaxIteration 3241  TIMEOUT 0.421810
 29        203        228        443      0.4218        416         416      0.0400      9.2189
ALPHA 1.0349 MaxIteration 3353  TIMEOUT 0.639387
 30        199        228        456      0.6394        416         416      0.0100     10.4789
ALPHA 1.0349 MaxIteration 3469  TIMEOUT 0.585230
 31        203        228        443      0.5852        416         416      0.0400     11.6289
ALPHA 1.0349 MaxIteration 3589  TIMEOUT 0.429022
 32        207        228        452      0.4290        416         416      0.0100     12.4689
ALPHA 1.0349 MaxIteration 3714  TIMEOUT 0.406535
 33        203        228        463      0.4065        416         416      0.0100     13.2689
ALPHA 1.0349 MaxIteration 3843  TIMEOUT 0.771670
 34        199        228        452      0.7717        416         416      0.0200     14.7989
ALPHA 1.0349 MaxIteration 3976  TIMEOUT 0.396631
 35        203        228        456      0.3966        416         416      0.0200     15.5789
ALPHA 1.0349 MaxIteration 4114  TIMEOUT 0.427456
 36        195        228        450      0.4275        416         416      0.0100     16.4189
ALPHA 1.0349 MaxIteration 4257  TIMEOUT 0.572861
 37        195        228        466      0.5729        416         416      0.0100     17.5589
ALPHA 1.0349 MaxIteration 4405  TIMEOUT 0.862268
 38        197        228        452      0.8623        416         416      0.0000     19.2689
ALPHA 1.0349 MaxIteration 4558  TIMEOUT 0.530480
 39        197        228        461      0.5305        416         416      0.0100     19.9989
ALPHA 1.0349 MaxIteration 4716  TIMEOUT 0.001169
 40        182        228        483      0.0012>>> T1_200_2000_8.wclq |V| 200 |E| 2000  (#LB 0.1515 198 ---> 228  0.8246  416 <--- 461  0.0976 #UB)  #solve_ime 20.0001 read_time 0.0011 
