>>IBM: |V|=1000 |E|=20000
>>IBM: The maximum node weight is 3050
/public/home/acs4vb4pqv/benchmarks/MWDS2026/T2_wclq/T2_1000_20000_9.wclq #seed 3 #alpha 1.900 #timeout 0.100 K=5 RHO=0.05 Q0=0.90 BETA=3.5 AQ_MODE=dbs SAFE_AQ_MIN_GAP=0.050 SAFE_AQ_MIN_NODES=800 AQ_SLOPE_MARGIN=1.05 AQ_MAX_UB_DRIFT=0.25
[v19] |V|=1000 |E|=20000 density=20.00 USE_ADVANCED=1
#Rd        #LB        #LB*       #UB       #Time        #UB+        #UB*      #Time      #TotalTime
First Gap  0.437956
ALPHA 1.9000 MaxIteration 500  TIMEOUT 0.781152
  1       5343       5343       7683      0.7812       7238        7238      0.1300      1.5659
ALPHA 1.9000 MaxIteration 3  TIMEOUT 0.003263
  2       5076       5343       8836      0.0033       7177        7177      0.0000      1.5759
ALPHA 1.8304 MaxIteration 5  TIMEOUT 0.003931
  3       5060       5343       9079      0.0039       7400        7177      0.0000      1.5859
ALPHA 1.7658 MaxIteration 9  TIMEOUT 0.009901
  4       4912       5343       8430      0.0099       7278        7177      0.0000      1.6059
ALPHA 1.7056 MaxIteration 15  TIMEOUT 0.009874
  5       4851       5343       8230      0.0099       7396        7177      0.0000      1.6259
ALPHA 1.6493 MaxIteration 25  TIMEOUT 0.042550
  6       4898       5343       7931      0.0425       7238        7177      0.0100      1.7159
ALPHA 1.5966 MaxIteration 41  TIMEOUT 0.033839
  7       4859       5343       7679      0.0338       7238        7177      0.0200      1.7859
ALPHA 1.5472 MaxIteration 65  TIMEOUT 0.171478
  8       5107       5343       7853      0.1715       7238        7177      0.0800      2.1259
ALPHA 1.5008 MaxIteration 100  TIMEOUT 0.117362
  9       5021       5343       7504      0.1174       7177        7177      0.0100      2.3559
ALPHA 1.4571 MaxIteration 150  TIMEOUT 0.159777
 10       5037       5343       7844      0.1598       7324        7177      0.0100      2.6759
ALPHA 1.4158 MaxIteration 218  TIMEOUT 0.346426
 11       5131       5343       7669      0.3464       7200        7177      0.0300      3.3659
ALPHA 1.3768 MaxIteration 308  TIMEOUT 0.568584
 12       5066       5343       7610      0.5686       7238        7177      0.1100      4.4859
ALPHA 1.3399 MaxIteration 424  TIMEOUT 0.577953
 13       5081       5343       7642      0.5780       7238        7177      0.0200      5.6359
ALPHA 1.3049 MaxIteration 568  TIMEOUT 0.679235
 14       5095       5343       7696      0.6792       7238        7177      0.0400      6.9859
ALPHA 1.2718 MaxIteration 741  TIMEOUT 0.839832
 15       5125       5343       7444      0.8398       7177        7177      0.1000      8.6559
ALPHA 1.2402 MaxIteration 942  TIMEOUT 1.099319
 16       5088       5343       7654      1.0993
 [LB Done] stag=15 elapsed=48.8% => 10.2s to UB
       7177        7177      0.0100     19.9159
>>> T2_1000_20000_9.wclq |V| 1000 |E| 20000  (#LB 0.0000 5343 ---> 5343  0.3433  7177 <--- 7683  0.0659 #UB)  #solve_ime 19.9159 read_time 0.0041 
