>>IBM: |V|=200 |E|=17910
>>IBM: The maximum node weight is 200
/public/home/acs4vb4pqv/benchmarks/MWDS2026/dimacs/gen200_p0.9_55.clq #seed 2 #alpha 1.900 #timeout 0.100 K=5 RHO=0.05 Q0=0.90 BETA=3.5 AQ_MODE=dbs SAFE_AQ_MIN_GAP=0.050 SAFE_AQ_MIN_NODES=800 AQ_SLOPE_MARGIN=1.05 AQ_MAX_UB_DRIFT=0.25
[v19] |V|=200 |E|=17910 density=89.55 USE_ADVANCED=0
#Rd        #LB        #LB*       #UB       #Time        #UB+        #UB*      #Time      #TotalTime
First Gap  0.200000
ALPHA 1.9000 MaxIteration 500  TIMEOUT 0.077152
  1          5          5          6      0.0772          6           6      0.0000      0.1545
ALPHA 1.9000 MaxIteration 3  TIMEOUT 0.000574
  2          4          5          6      0.0006          6           6      0.0000      0.1645
ALPHA 1.8304 MaxIteration 5  TIMEOUT 0.000794
  3          4          5          6      0.0008          6           6      0.0000      0.1746
ALPHA 1.7658 MaxIteration 9  TIMEOUT 0.001214
  4          4          5          6      0.0012          6           6      0.0000      0.1847
ALPHA 1.7056 MaxIteration 15  TIMEOUT 0.002105
  5          4          5          6      0.0021          6           6      0.0000      0.1945
ALPHA 1.6493 MaxIteration 25  TIMEOUT 0.003386
  6          4          5          6      0.0034          6           6      0.0000      0.2046
ALPHA 1.5966 MaxIteration 41  TIMEOUT 0.005713
  7          4          5          6      0.0057          6           6      0.0000      0.2146
ALPHA 1.5472 MaxIteration 65  TIMEOUT 0.010177
  8          4          5          6      0.0102          6           6      0.0000      0.2445
ALPHA 1.5008 MaxIteration 100  TIMEOUT 0.017821
  9          4          5          6      0.0178          6           6      0.0000      0.2745
ALPHA 1.4571 MaxIteration 150  TIMEOUT 0.016464
 10          3          5          6      0.0165          6           6      0.0000      0.3047
ALPHA 1.4158 MaxIteration 218  TIMEOUT 0.024035
 11          3          5          6      0.0240          6           6      0.0000      0.3547
ALPHA 1.3768 MaxIteration 308  TIMEOUT 0.033521
 12          3          5          6      0.0335          6           6      0.0000      0.4248
ALPHA 1.3399 MaxIteration 424  TIMEOUT 0.045789
 13          3          5          6      0.0458          6           6      0.0000      0.5146
ALPHA 1.3049 MaxIteration 568  TIMEOUT 0.061110
 14          3          5          6      0.0611          6           6      0.0000      0.6446
ALPHA 1.2718 MaxIteration 741  TIMEOUT 0.080298
 15          3          5          6      0.0803          6           6      0.0000      0.8146
ALPHA 1.2402 MaxIteration 942  TIMEOUT 0.099722
 16          3          5          6      0.0997          6           6      0.0000      1.0147
ALPHA 1.2102 MaxIteration 1168  TIMEOUT 0.127081
 17          3          5          6      0.1271          6           6      0.0000      1.2647
ALPHA 1.1816 MaxIteration 1413  TIMEOUT 0.153114
 18          3          5          6      0.1531          6           6      0.0000      1.5745
ALPHA 1.1543 MaxIteration 1669  TIMEOUT 0.180940
 19          3          5          6      0.1809          6           6      0.0000      1.9445
ALPHA 1.1283 MaxIteration 1926  TIMEOUT 0.211608
 20          3          5          6      0.2116          6           6      0.0000      2.3747
ALPHA 1.1034 MaxIteration 2173  TIMEOUT 0.236888
 21          3          5          6      0.2369          6           6      0.0000      2.8446
ALPHA 1.0795 MaxIteration 2397  TIMEOUT 0.265172
 22          3          5          6      0.2652          6           6      0.0000      3.3745
ALPHA 1.0567 MaxIteration 2587  TIMEOUT 0.284745
 23          3          5          6      0.2847          6           6      0.0000      3.9447
ALPHA 1.0349 MaxIteration 2733  TIMEOUT 0.300806
 24          3          5          6      0.3008          6           6      0.0000      4.5548
ALPHA 1.0349 MaxIteration 2828  TIMEOUT 0.312150
 25          3          5          6      0.3122          6           6      0.0000      5.1849
ALPHA 1.0349 MaxIteration 2926  TIMEOUT 0.326981
 26          3          5          6      0.3270          6           6      0.0000      5.8346
ALPHA 1.0349 MaxIteration 3027  TIMEOUT 0.338751
 27          3          5          6      0.3388          6           6      0.0000      6.5046
ALPHA 1.0349 MaxIteration 3132  TIMEOUT 0.344942
 28          3          5          6      0.3449          6           6      0.0000      7.1946
ALPHA 1.0349 MaxIteration 3241  TIMEOUT 0.353670
 29          3          5          6      0.3537          6           6      0.0000      7.9049
ALPHA 1.0349 MaxIteration 3353  TIMEOUT 0.369654
 30          3          5          6      0.3697          6           6      0.0000      8.6446
ALPHA 1.0349 MaxIteration 3469  TIMEOUT 0.378365
 31          3          5          6      0.3784          6           6      0.0000      9.3947
ALPHA 1.0349 MaxIteration 3589  TIMEOUT 0.384430
 32          3          5          6      0.3844          6           6      0.0000     10.1645
ALPHA 1.0349 MaxIteration 3714  TIMEOUT 0.400394
 33          3          5          6      0.4004          6           6      0.0000     10.9748
ALPHA 1.0349 MaxIteration 3843  TIMEOUT 0.413068
 34          3          5          6      0.4131          6           6      0.0000     11.8046
ALPHA 1.0349 MaxIteration 3976  TIMEOUT 0.431836
 35          3          5          6      0.4318          6           6      0.0000     12.6746
ALPHA 1.0349 MaxIteration 4114  TIMEOUT 0.447284
 36          3          5          6      0.4473          6           6      0.0000     13.5647
ALPHA 1.0349 MaxIteration 4257  TIMEOUT 0.461055
 37          3          5          6      0.4611          6           6      0.0000     14.4946
ALPHA 1.0349 MaxIteration 4405  TIMEOUT 0.477423
 38          3          5          6      0.4774          6           6      0.0000     15.4346
ALPHA 1.0349 MaxIteration 4558  TIMEOUT 0.499218
 39          3          5          6      0.4992          6           6      0.0000     16.4249
ALPHA 1.0349 MaxIteration 4716  TIMEOUT 0.519880
 40          3          5          6      0.5199          6           6      0.0000     17.4647
ALPHA 1.0349 MaxIteration 4880  TIMEOUT 0.534144
 41          3          5          6      0.5341          6           6      0.0000     18.5345
ALPHA 1.0349 MaxIteration 5050  TIMEOUT 0.550580
 42          3          5          6      0.5506          6           6      0.0000     19.6447
ALPHA 1.0349 MaxIteration 5226  TIMEOUT 0.355346
 43          3          5          6      0.3553>>> gen200_p0.9_55.clq |V| 200 |E| 17910  (#LB 0.0000 5 ---> 5  0.2000  6 <--- 6  0.0000 #UB)  #solve_ime 20.0000 read_time 0.0055 
