>>IBM: |V|=200 |E|=250
>>IBM: The maximum node weight is 49
/public/home/acs4vb4pqv/benchmarks/MWDS2026/T1_wclq/T1_200_250_7.wclq #seed 1 #alpha 1.900 #timeout 0.100 K=5 RHO=0.05 Q0=0.90 BETA=3.5 AQ_MODE=guarded SAFE_AQ_MIN_GAP=0.050 SAFE_AQ_MIN_NODES=800 AQ_SLOPE_MARGIN=1.05 AQ_MAX_UB_DRIFT=0.25
[v19] |V|=200 |E|=250 density=1.25 USE_ADVANCED=0
#Rd        #LB        #LB*       #UB       #Time        #UB+        #UB*      #Time      #TotalTime
First Gap  0.097109
ALPHA 1.9000 MaxIteration 500  TIMEOUT 0.034550
  1       1833       1833       2011      0.0346
 [AQ small-headroom probe] gap=0.0971 density=1.25 |V|=200 => Light RL (K=3, 5.0%)
ALPHA 1.9000 MaxIteration 3  TIMEOUT 0.003561
  2       1790       1833       2137      0.0036ALPHA 1.8304 MaxIteration 5  TIMEOUT 0.003679
  3       1794       1833       2115      0.0037 [AQ guard] no early LB gain, disabling AQ
       1947        1947      0.0000      0.0482
ALPHA 1.7658 MaxIteration 9  TIMEOUT 0.000920
  4       1780       1833       2080      0.0009       1947        1947      0.0000      0.0582
ALPHA 1.7056 MaxIteration 15  TIMEOUT 0.001835
  5       1806       1833       2081      0.0018       1940        1940      0.0000      0.0682
ALPHA 1.6493 MaxIteration 25  TIMEOUT 0.002398
  6       1787       1833       2103      0.0024       1937        1937      0.0000      0.0782
ALPHA 1.5966 MaxIteration 41  TIMEOUT 0.004898
  7       1777       1833       2116      0.0049       1951        1937      0.0000      0.0882
ALPHA 1.5472 MaxIteration 65  TIMEOUT 0.009432
  8       1787       1833       2091      0.0094       2008        1937      0.0000      0.0982
ALPHA 1.5008 MaxIteration 100  TIMEOUT 0.005915
  9       1761       1833       2110      0.0059       1951        1937      0.0000      0.1082
ALPHA 1.4571 MaxIteration 150  TIMEOUT 0.016998
 10       1789       1833       2089      0.0170       1937        1937      0.0100      0.1382
ALPHA 1.4158 MaxIteration 218  TIMEOUT 0.016444
 11       1760       1833       2093      0.0164       1937        1937      0.0000      0.1666
ALPHA 1.3768 MaxIteration 308  TIMEOUT 0.017361
 12       1758       1833       2090      0.0174       1937        1937      0.0100      0.1982
ALPHA 1.3399 MaxIteration 424  TIMEOUT 0.037572
 13       1769       1833       2093      0.0376       1937        1937      0.0100      0.2682
ALPHA 1.3049 MaxIteration 568  TIMEOUT 0.050432
 14       1766       1833       2098      0.0504       1937        1937      0.0300      0.3682
ALPHA 1.2718 MaxIteration 741  TIMEOUT 0.049386
 15       1757       1833       2102      0.0494       1937        1937      0.0100      0.4526
ALPHA 1.2402 MaxIteration 942  TIMEOUT 0.039381
 16       1743       1833       2102      0.0394       1937        1937      0.0100      0.5282
ALPHA 1.2102 MaxIteration 1168  TIMEOUT 0.047439
 17       1743       1833       2102      0.0474       1937        1937      0.0300      0.6082
ALPHA 1.1816 MaxIteration 1413  TIMEOUT 0.054989
 18       1750       1833       2102      0.0550       1937        1937      0.0300      0.7182
ALPHA 1.1543 MaxIteration 1669  TIMEOUT 0.068545
 19       1750       1833       2102      0.0685       1937        1937      0.0200      0.8382
ALPHA 1.1283 MaxIteration 1926  TIMEOUT 0.084386
 20       1750       1833       2102      0.0844       1937        1937      0.0100      1.0082
ALPHA 1.1034 MaxIteration 2173  TIMEOUT 0.102445
 21       1750       1833       2102      0.1024       1937        1937      0.0100      1.2082
ALPHA 1.0795 MaxIteration 2397  TIMEOUT 0.119097
 22       1750       1833       2102      0.1191       1937        1937      0.0300      1.4282
ALPHA 1.0567 MaxIteration 2587  TIMEOUT 0.132486
 23       1750       1833       2102      0.1325       1937        1937      0.0100      1.6882
ALPHA 1.0349 MaxIteration 2733  TIMEOUT 0.146792
 24       1747       1833       2102      0.1468       1937        1937      0.0100      1.9582
ALPHA 1.0349 MaxIteration 2828  TIMEOUT 0.155361
 25       1747       1833       2102      0.1554       1937        1937      0.0100      2.2582
ALPHA 1.0349 MaxIteration 2926  TIMEOUT 0.166787
 26       1750       1833       2102      0.1668       1937        1937      0.0100      2.5682
ALPHA 1.0349 MaxIteration 3027  TIMEOUT 0.172414
 27       1747       1833       2102      0.1724       1937        1937      0.0100      2.8982
ALPHA 1.0349 MaxIteration 3132  TIMEOUT 0.104762
 28       1723       1833       2131      0.1048       1937        1937      0.0200      3.0982
ALPHA 1.0349 MaxIteration 3241  TIMEOUT 0.107160
 29       1723       1833       2130      0.1072       1937        1937      0.0200      3.2922
ALPHA 1.0349 MaxIteration 3353  TIMEOUT 0.110371
 30       1723       1833       2131      0.1104       1937        1937      0.0100      3.5182
ALPHA 1.0349 MaxIteration 3469  TIMEOUT 0.114768
 31       1723       1833       2131      0.1148       1937        1937      0.0100      3.7482
ALPHA 1.0349 MaxIteration 3589  TIMEOUT 0.120556
 32       1723       1833       2131      0.1206       1937        1937      0.0100      3.9882
ALPHA 1.0349 MaxIteration 3714  TIMEOUT 0.123861
 33       1723       1833       2131      0.1239       1937        1937      0.0100      4.2282
ALPHA 1.0349 MaxIteration 3843  TIMEOUT 0.126232
 34       1723       1833       2131      0.1262       1937        1937      0.0100      4.4682
ALPHA 1.0349 MaxIteration 3976  TIMEOUT 0.133609
 35       1723       1833       2131      0.1336       1937        1937      0.0100      4.7282
ALPHA 1.0349 MaxIteration 4114  TIMEOUT 0.136820
 36       1723       1833       2131      0.1368       1937        1937      0.0200      4.9782
ALPHA 1.0349 MaxIteration 4257  TIMEOUT 0.144871
 37       1723       1833       2135      0.1449       1937        1937      0.0000      5.2582
ALPHA 1.0349 MaxIteration 4405  TIMEOUT 0.153871
 38       1723       1833       2130      0.1539       1937        1937      0.0200      5.5582
ALPHA 1.0349 MaxIteration 4558  TIMEOUT 0.154150
 39       1723       1833       2131      0.1542       1937        1937      0.0100      5.8582
ALPHA 1.0349 MaxIteration 4716  TIMEOUT 0.166369
 40       1723       1833       2131      0.1664       1937        1937      0.0100      6.1682
ALPHA 1.0349 MaxIteration 4880  TIMEOUT 0.172414
 41       1723       1833       2131      0.1724       1937        1937      0.0000      6.5082
ALPHA 1.0349 MaxIteration 5050  TIMEOUT 0.180094
 42       1723       1833       2131      0.1801       1937        1937      0.0100      6.8682
ALPHA 1.0349 MaxIteration 5226  TIMEOUT 0.187247
 43       1723       1833       2131      0.1872       1937        1937      0.0300      7.2257
ALPHA 1.0349 MaxIteration 5408  TIMEOUT 0.196734
 44       1723       1833       2130      0.1967       1937        1937      0.0400      7.6082
ALPHA 1.0349 MaxIteration 5596  TIMEOUT 0.206747
 45       1723       1833       2131      0.2067       1937        1937      0.0100      8.0082
ALPHA 1.0349 MaxIteration 5791  TIMEOUT 0.214229
 46       1723       1833       2131      0.2142       1937        1937      0.0100      8.4182
ALPHA 1.0349 MaxIteration 5992  TIMEOUT 0.227242
 47       1723       1833       2131      0.2272       1937        1937      0.0100      8.8482
ALPHA 1.0349 MaxIteration 6200  TIMEOUT 0.237119
 48       1723       1833       2130      0.2371       1937        1937      0.0200      9.3082
ALPHA 1.0349 MaxIteration 6416  TIMEOUT 0.249711
 49       1723       1833       2130      0.2497       1937        1937      0.0100      9.7782
ALPHA 1.0349 MaxIteration 6639  TIMEOUT 0.261883
 50       1723       1833       2130      0.2619       1937        1937      0.0000     10.2854
ALPHA 1.0349 MaxIteration 6870  TIMEOUT 0.274399
 51       1723       1833       2130      0.2744       1937        1937      0.0100     10.8182
ALPHA 1.0349 MaxIteration 7109  TIMEOUT 0.287988
 52       1723       1833       2130      0.2880       1937        1937      0.0100     11.3682
ALPHA 1.0349 MaxIteration 7356  TIMEOUT 0.300878
 53       1723       1833       2130      0.3009       1937        1937      0.0200     11.9482
ALPHA 1.0349 MaxIteration 7612  TIMEOUT 0.315956
 54       1723       1833       2130      0.3160       1937        1937      0.0000     12.5482
ALPHA 1.0349 MaxIteration 7877  TIMEOUT 0.336720
 55       1723       1833       2130      0.3367       1937        1937      0.0200     13.1882
ALPHA 1.0349 MaxIteration 8151  TIMEOUT 0.352510
 56       1723       1833       2130      0.3525       1937        1937      0.0000     13.8682
ALPHA 1.0349 MaxIteration 8435  TIMEOUT 0.363066
 57       1723       1833       2130      0.3631       1937        1937      0.0100     14.5682
ALPHA 1.0349 MaxIteration 8729  TIMEOUT 0.387463
 58       1723       1833       2131      0.3875       1937        1937      0.0200     15.3082
ALPHA 1.0349 MaxIteration 9033  TIMEOUT 0.406372
 59       1723       1833       2131      0.4064       1937        1937      0.0100     16.0882
ALPHA 1.0349 MaxIteration 9347  TIMEOUT 0.386350
 60       1723       1833       2131      0.3864       1937        1937      0.0200     16.8356
ALPHA 1.0349 MaxIteration 9672  TIMEOUT 0.432010
 61       1723       1833       2131      0.4320       1937        1937      0.0200     17.6582
ALPHA 1.0349 MaxIteration 10009  TIMEOUT 0.452428
 62       1723       1833       2131      0.4524       1937        1937      0.0100     18.5282
ALPHA 1.0349 MaxIteration 10357  TIMEOUT 0.467824
 63       1723       1833       2131      0.4678       1937        1937      0.0100     19.4282
ALPHA 1.0349 MaxIteration 10718  TIMEOUT 0.508410
 64       1723       1833       2130      0.5084       1937        1937      0.0300     19.9982
ALPHA 1.0349 MaxIteration 11091  TIMEOUT 0.001828
 65       1675       1833       2163      0.0018>>> T1_200_250_7.wclq |V| 200 |E| 250  (#LB 0.0000 1833 ---> 1833  0.0567  1937 <--- 2011  0.0368 #UB)  #solve_ime 20.0000 read_time 0.0018 
