With  Parameters CUTOFF 20 SEED 1  ALPHA = 1.900  K=5 RHO=0.05 Q0=0.90 BETA=3.0 AQ_MODE=dbs
Reading  graph ...  time 0.023936  
Reducing graph ...  time 0.000224  
[v6] |V|=200 |E|=17910 density=89.55 USE_ADVANCED=0 SAFE_AQ_MIN_GAP=0.050 DEEP_AQ_RANGE=[800, 5.00, 10.00] structure_blocks_aq=1 AQ_SLOPE_MARGIN=1.15 AQ_MAX_UB_DRIFT=0.20
#Rd        #LB        #LB*       #UB       #Time        #UB+        #UB*      #Time      #TotalTime
First Gap  0.200000
  1          5          5          6      0.0797
 Switch to DBS-only search, timeout 0.079689....
 [Online-safe AQ structure guard] |V|=200 density=89.55 outside [800, 5.00, 10.00], disabling AQ
          6           6      0.0012        0.1599
ALPHA 1.9000 MaxIteration 3  TIMEOUT 0.079689
  2          5          5          6      0.0005          6           6      0.0012        0.1616
ALPHA 1.8304 MaxIteration 5  TIMEOUT 0.000992
  3          5          5          6      0.0010          6           6      0.0012        0.1638
ALPHA 1.7658 MaxIteration 9  TIMEOUT 0.001920
  4          5          5          7      0.0019          6           6      0.0012        0.1677
ALPHA 1.7056 MaxIteration 15  TIMEOUT 0.003431
  5          4          5          7      0.0018          6           6      0.0012        0.1714
ALPHA 1.6493 MaxIteration 25  TIMEOUT 0.003061
  6          4          5          7      0.0029          6           6      0.0012        0.1774
ALPHA 1.5966 MaxIteration 41  TIMEOUT 0.004821
  7          4          5          7      0.0046          6           6      0.0012        0.1868
ALPHA 1.5472 MaxIteration 65  TIMEOUT 0.007424
  8          4          5          7      0.0073          6           6      0.0012        0.2015
ALPHA 1.5008 MaxIteration 100  TIMEOUT 0.011273
  9          4          5          7      0.0109          6           6      0.0012        0.2234
ALPHA 1.4571 MaxIteration 150  TIMEOUT 0.016344
 10          4          5          7      0.0164          6           6      0.0012        0.2563
ALPHA 1.4158 MaxIteration 218  TIMEOUT 0.023833
 11          4          5          7      0.0227          6           6      0.0012        0.3029
ALPHA 1.3768 MaxIteration 308  TIMEOUT 0.032195
 12          4          5          7      0.0323          6           6      0.0011        0.3676
ALPHA 1.3399 MaxIteration 424  TIMEOUT 0.044437
 13          4          5          7      0.0444          6           6      0.0012        0.4566
ALPHA 1.3049 MaxIteration 568  TIMEOUT 0.059557
 14          4          5          7      0.0596          6           6      0.0012        0.5760
ALPHA 1.2718 MaxIteration 741  TIMEOUT 0.077800
 15          4          5          7      0.0779          6           6      0.0012        0.7331
ALPHA 1.2402 MaxIteration 942  TIMEOUT 0.099067
 16          4          5          7      0.0992          6           6      0.0011        0.9316
ALPHA 1.2102 MaxIteration 1168  TIMEOUT 0.122999
 17          4          5          7      0.1231          6           6      0.0012        1.1798
ALPHA 1.1816 MaxIteration 1413  TIMEOUT 0.148932
 18          4          5          7      0.1490          6           6      0.0012        1.4790
ALPHA 1.1543 MaxIteration 1669  TIMEOUT 0.176057
 19          4          5          7      0.1761          6           6      0.0012        1.8325
ALPHA 1.1283 MaxIteration 1926  TIMEOUT 0.203276
 20          4          5          7      0.2034          6           6      0.0012        2.2393
ALPHA 1.1034 MaxIteration 2173  TIMEOUT 0.229466
 21          4          5          7      0.2293          6           6      0.0012        2.6999
ALPHA 1.0795 MaxIteration 2397  TIMEOUT 0.252948
 22          4          5          7      0.2522          6           6      0.0012        3.2055
ALPHA 1.0567 MaxIteration 2587  TIMEOUT 0.272314
 23          4          5          7      0.2724          6           6      0.0012        3.7514
ALPHA 1.0349 MaxIteration 2733  TIMEOUT 0.287817
 24          4          5          7      0.2854          6           6      0.0012        4.3233
ALPHA 1.0349 MaxIteration 2828  TIMEOUT 0.295339
 25          4          5          7      0.2950          6           6      0.0012        4.9157
ALPHA 1.0349 MaxIteration 2926  TIMEOUT 0.305296
 26          4          5          7      0.3039          6           6      0.0012        5.5276
ALPHA 1.0349 MaxIteration 3027  TIMEOUT 0.314485
 27          4          5          7      0.3145          6           6      0.0011        6.1600
ALPHA 1.0349 MaxIteration 3132  TIMEOUT 0.325491
 28          4          5          7      0.3255          6           6      0.0011        6.8162
ALPHA 1.0349 MaxIteration 3241  TIMEOUT 0.336887
 29          4          5          7      0.3369          6           6      0.0011        7.4923
ALPHA 1.0349 MaxIteration 3353  TIMEOUT 0.348646
 30          4          5          7      0.3487          6           6      0.0012        8.1901
ALPHA 1.0349 MaxIteration 3469  TIMEOUT 0.360904
 31          4          5          7      0.3610          6           6      0.0012        8.9163
ALPHA 1.0349 MaxIteration 3589  TIMEOUT 0.373568
 32          4          5          7      0.3736          6           6      0.0012        9.6657
ALPHA 1.0349 MaxIteration 3714  TIMEOUT 0.386656
 33          4          5          7      0.3867          6           6      0.0012       10.4423
ALPHA 1.0349 MaxIteration 3843  TIMEOUT 0.400208
 34          4          5          7      0.4002          6           6      0.0012       11.2462
ALPHA 1.0349 MaxIteration 3976  TIMEOUT 0.414202
 35          4          5          7      0.4143          6           6      0.0012       12.0780
ALPHA 1.0349 MaxIteration 4114  TIMEOUT 0.428726
 36          4          5          7      0.4288          6           6      0.0012       12.9387
ALPHA 1.0349 MaxIteration 4257  TIMEOUT 0.443716
 37          4          5          7      0.4438          6           6      0.0012       19.9988
>>> gen200_p0.9_55.clq |V| 200 |E| 17910  (#LB 0.0000 5 ---> 5  0.1667  6 <--- 6  0.0000 #UB)  #read_time 0.0239  #reduce_time 0.0002  #solve_time 19.9988  #total_time 20.0230
 