>>IBM: |V|=250 |E|=2000
>>IBM: The maximum node weight is 682
/public/home/acs4vb4pqv/benchmarks/MWDS2026/T2_wclq/T2_250_2000_3.wclq #seed 2 #alpha 1.900 #timeout 0.100 K=5 RHO=0.05 Q0=0.90 BETA=3.5 AQ_MODE=dbs SAFE_AQ_MIN_GAP=0.050 SAFE_AQ_MIN_NODES=800 AQ_SLOPE_MARGIN=1.05 AQ_MAX_UB_DRIFT=0.25
[v19] |V|=250 |E|=2000 density=8.00 USE_ADVANCED=0
#Rd        #LB        #LB*       #UB       #Time        #UB+        #UB*      #Time      #TotalTime
First Gap  0.220339
ALPHA 1.9000 MaxIteration 500  TIMEOUT 0.114187
  1       1003       1003       1224      0.1142       1189        1189      0.0300      0.2280
ALPHA 1.9000 MaxIteration 3  TIMEOUT 0.000510
  2        919       1003       1449      0.0005       1189        1189      0.0000      0.2380
ALPHA 1.8304 MaxIteration 5  TIMEOUT 0.000788
  3        895       1003       1306      0.0008       1191        1189      0.0000      0.2480
ALPHA 1.7658 MaxIteration 9  TIMEOUT 0.002196
  4        919       1003       1310      0.0022       1191        1189      0.0000      0.2580
ALPHA 1.7056 MaxIteration 15  TIMEOUT 0.003585
  5        932       1003       1292      0.0036       1189        1189      0.0000      0.2680
ALPHA 1.6493 MaxIteration 25  TIMEOUT 0.003746
  6        918       1003       1321      0.0037       1189        1189      0.0000      0.2780
ALPHA 1.5966 MaxIteration 41  TIMEOUT 0.010354
  7        933       1003       1265      0.0104       1183        1183      0.0000      0.3080
ALPHA 1.5472 MaxIteration 65  TIMEOUT 0.010497
  8        920       1003       1290      0.0105       1183        1183      0.0000      0.3380
ALPHA 1.5008 MaxIteration 100  TIMEOUT 0.016309
  9        918       1003       1328      0.0163       1189        1183      0.0000      0.3680
ALPHA 1.4571 MaxIteration 150  TIMEOUT 0.024356
 10        925       1003       1288      0.0244       1189        1183      0.0000      0.4180
ALPHA 1.4158 MaxIteration 218  TIMEOUT 0.031751
 11        923       1003       1273      0.0318       1183        1183      0.0000      0.4880
ALPHA 1.3768 MaxIteration 308  TIMEOUT 0.060248
 12        919       1003       1295      0.0602       1189        1183      0.0000      0.6180
ALPHA 1.3399 MaxIteration 424  TIMEOUT 0.091625
 13        918       1003       1285      0.0916       1183        1183      0.0500      0.7980
ALPHA 1.3049 MaxIteration 568  TIMEOUT 0.076179
 14        943       1003       1273      0.0762       1183        1183      0.0200      0.9480
ALPHA 1.2718 MaxIteration 741  TIMEOUT 0.091251
 15        928       1003       1267      0.0913       1189        1183      0.0000      1.1380
ALPHA 1.2402 MaxIteration 942  TIMEOUT 0.143223
 16        921       1003       1250      0.1432       1183        1183      0.0100      1.4180
ALPHA 1.2102 MaxIteration 1168  TIMEOUT 0.200105
 17        920       1003       1281      0.2001       1183        1183      0.1300      1.8180
ALPHA 1.1816 MaxIteration 1413  TIMEOUT 0.220014
 18        918       1003       1285      0.2200       1183        1183      0.0300      2.2680
ALPHA 1.1543 MaxIteration 1669  TIMEOUT 0.549646
 19        920       1003       1273      0.5496       1183        1183      0.0100      3.3380
ALPHA 1.1283 MaxIteration 1926  TIMEOUT 0.205315
 20        918       1003       1291      0.2053       1183        1183      0.0300      3.7480
ALPHA 1.1034 MaxIteration 2173  TIMEOUT 0.449153
 21        915       1003       1275      0.4492       1183        1183      0.0500      4.6280
ALPHA 1.0795 MaxIteration 2397  TIMEOUT 0.641452
 22        925       1003       1250      0.6415       1183        1183      0.0700      5.8980
ALPHA 1.0567 MaxIteration 2587  TIMEOUT 0.281730
 23        920       1003       1274      0.2817       1183        1183      0.1800      6.4580
ALPHA 1.0349 MaxIteration 2733  TIMEOUT 0.279520
 24        919       1003       1250      0.2795       1183        1183      0.0100      6.9980
ALPHA 1.0349 MaxIteration 2828  TIMEOUT 0.295557
 25        925       1003       1262      0.2956       1183        1183      0.0700      7.5780
ALPHA 1.0349 MaxIteration 2926  TIMEOUT 0.310744
 26        928       1003       1250      0.3107       1183        1183      0.1200      8.1980
ALPHA 1.0349 MaxIteration 3027  TIMEOUT 0.317364
 27        920       1003       1267      0.3174       1183        1183      0.0000      8.8280
ALPHA 1.0349 MaxIteration 3132  TIMEOUT 0.311902
 28        913       1003       1250      0.3119       1183        1183      0.0500      9.4480
ALPHA 1.0349 MaxIteration 3241  TIMEOUT 0.335990
 29        928       1003       1250      0.3360       1183        1183      0.0300     10.1057
ALPHA 1.0349 MaxIteration 3353  TIMEOUT 0.835803
 30        931       1003       1250      0.8358       1183        1183      0.0000     11.7480
ALPHA 1.0349 MaxIteration 3469  TIMEOUT 0.358026
 31        928       1003       1250      0.3580       1183        1183      0.0000     12.4480
ALPHA 1.0349 MaxIteration 3589  TIMEOUT 0.379437
 32        915       1003       1284      0.3794       1183        1183      0.0200     13.1780
ALPHA 1.0349 MaxIteration 3714  TIMEOUT 1.064468
 33        929       1003       1250      1.0645       1183        1183      0.4100     15.2680
ALPHA 1.0349 MaxIteration 3843  TIMEOUT 0.393852
 34        922       1003       1250      0.3939       1183        1183      0.0100     16.0480
ALPHA 1.0349 MaxIteration 3976  TIMEOUT 0.693276
 35        925       1003       1250      0.6933       1183        1183      0.0200     17.4180
ALPHA 1.0349 MaxIteration 4114  TIMEOUT 0.430308
 36        929       1003       1245      0.4303       1183        1183      0.0000     18.2680
ALPHA 1.0349 MaxIteration 4257  TIMEOUT 0.447931
 37        925       1003       1250      0.4479       1183        1183      0.0100     19.1480
ALPHA 1.0349 MaxIteration 4405  TIMEOUT 0.441419
 38        919       1003       1267      0.4414       1183        1183      0.0000     19.9880
ALPHA 1.0349 MaxIteration 4558  TIMEOUT 0.011956
 39        893       1003       1319      0.0120>>> T2_250_2000_3.wclq |V| 250 |E| 2000  (#LB 0.0000 1003 ---> 1003  0.1795  1183 <--- 1224  0.0335 #UB)  #solve_ime 20.0000 read_time 0.0020 
