>>IBM: |V|=100 |E|=100
>>IBM: The maximum node weight is 49
/public/home/acs4vb4pqv/benchmarks/MWDS2026/T1_wclq/T1_100_100_2.wclq #seed 101 #alpha 1.900 #timeout 0.100 K=5 RHO=0.05 Q0=0.90 BETA=3.5 AQ_MODE=dbs SAFE_AQ_MIN_GAP=0.050 SAFE_AQ_MIN_NODES=800 AQ_SLOPE_MARGIN=1.05 AQ_MAX_UB_DRIFT=0.25
[v19] |V|=100 |E|=100 density=1.00 USE_ADVANCED=0
#Rd        #LB        #LB*       #UB       #Time        #UB+        #UB*      #Time      #TotalTime
First Gap  0.036204
ALPHA 1.9000 MaxIteration 500  TIMEOUT 0.009932
  1       1022       1022       1059      0.0099       1057        1057      0.0000      0.0100
ALPHA 1.9000 MaxIteration 3  TIMEOUT 0.000183
  2        990       1022       1128      0.0002       1039        1039      0.0000      0.0200
ALPHA 1.8304 MaxIteration 5  TIMEOUT 0.000133
  3        966       1022       1143      0.0001       1039        1039      0.0000      0.0300
ALPHA 1.7658 MaxIteration 9  TIMEOUT 0.000148
  4        966       1022       1143      0.0001       1039        1039      0.0000      0.0400
ALPHA 1.7056 MaxIteration 15  TIMEOUT 0.000197
  5        966       1022       1143      0.0002       1039        1039      0.0000      0.0473
ALPHA 1.6493 MaxIteration 25  TIMEOUT 0.000260
  6        966       1022       1143      0.0003       1039        1039      0.0000      0.0500
ALPHA 1.5966 MaxIteration 41  TIMEOUT 0.000417
  7        966       1022       1143      0.0004       1039        1039      0.0000      0.0600
ALPHA 1.5472 MaxIteration 65  TIMEOUT 0.000597
  8        966       1022       1143      0.0006       1039        1039      0.0000      0.0700
ALPHA 1.5008 MaxIteration 100  TIMEOUT 0.000911
  9        966       1022       1143      0.0009       1039        1039      0.0000      0.0800
ALPHA 1.4571 MaxIteration 150  TIMEOUT 0.001175
 10        966       1022       1143      0.0012       1039        1039      0.0000      0.0900
ALPHA 1.4158 MaxIteration 218  TIMEOUT 0.001885
 11        966       1022       1143      0.0019       1039        1039      0.0000      0.0952
ALPHA 1.3768 MaxIteration 308  TIMEOUT 0.002598
 12        966       1022       1143      0.0026       1039        1039      0.0000      0.1000
ALPHA 1.3399 MaxIteration 424  TIMEOUT 0.003633
 13        966       1022       1143      0.0036       1039        1039      0.0000      0.1100
ALPHA 1.3049 MaxIteration 568  TIMEOUT 0.004805
 14        966       1022       1143      0.0048       1039        1039      0.0000      0.1200
ALPHA 1.2718 MaxIteration 741  TIMEOUT 0.006068
 15        966       1022       1143      0.0061       1039        1039      0.0000      0.1300
ALPHA 1.2402 MaxIteration 942  TIMEOUT 0.007689
 16        966       1022       1143      0.0077       1039        1039      0.0000      0.1400
ALPHA 1.2102 MaxIteration 1168  TIMEOUT 0.009760
 17        966       1022       1143      0.0098       1072        1039      0.0000      0.1500
ALPHA 1.1816 MaxIteration 1413  TIMEOUT 0.010746
 18        966       1022       1143      0.0107       1039        1039      0.0000      0.1800
ALPHA 1.1543 MaxIteration 1669  TIMEOUT 0.013903
 19        966       1022       1143      0.0139       1039        1039      0.0000      0.2000
ALPHA 1.1283 MaxIteration 1926  TIMEOUT 0.015145
 20        966       1022       1143      0.0151       1039        1039      0.0000      0.2300
ALPHA 1.1034 MaxIteration 2173  TIMEOUT 0.017682
 21        966       1022       1143      0.0177       1039        1039      0.0000      0.2600
ALPHA 1.0795 MaxIteration 2397  TIMEOUT 0.019861
 22        966       1022       1143      0.0199       1039        1039      0.0100      0.2900
ALPHA 1.0567 MaxIteration 2587  TIMEOUT 0.019513
 23        966       1022       1143      0.0195       1039        1039      0.0000      0.3198
ALPHA 1.0349 MaxIteration 2733  TIMEOUT 0.021120
 24        966       1022       1143      0.0211       1039        1039      0.0000      0.3700
ALPHA 1.0349 MaxIteration 2828  TIMEOUT 0.023410
 25        966       1022       1143      0.0234       1039        1039      0.0000      0.4200
ALPHA 1.0349 MaxIteration 2926  TIMEOUT 0.024512
 26        966       1022       1143      0.0245       1039        1039      0.0000      0.4677
ALPHA 1.0349 MaxIteration 3027  TIMEOUT 0.023816
 27        966       1022       1143      0.0238       1039        1039      0.0000      0.5200
ALPHA 1.0349 MaxIteration 3132  TIMEOUT 0.025772
 28        966       1022       1143      0.0258       1039        1039      0.0000      0.5697
ALPHA 1.0349 MaxIteration 3241  TIMEOUT 0.025706
 29        966       1022       1143      0.0257       1039        1039      0.0000      0.6200
ALPHA 1.0349 MaxIteration 3353  TIMEOUT 0.026384
 30        966       1022       1143      0.0264       1039        1039      0.0000      0.6700
ALPHA 1.0349 MaxIteration 3469  TIMEOUT 0.025462
 31        966       1022       1143      0.0255       1039        1039      0.0000      0.7197
ALPHA 1.0349 MaxIteration 3589  TIMEOUT 0.028457
 32        966       1022       1143      0.0285       1039        1039      0.0000      0.7700
ALPHA 1.0349 MaxIteration 3714  TIMEOUT 0.030323
 33        966       1022       1143      0.0303       1039        1039      0.0000      0.8300
ALPHA 1.0349 MaxIteration 3843  TIMEOUT 0.030413
 34        966       1022       1143      0.0304       1039        1039      0.0000      0.9000
ALPHA 1.0349 MaxIteration 3976  TIMEOUT 0.032755
 35        966       1022       1143      0.0328       1039        1039      0.0000      0.9600
ALPHA 1.0349 MaxIteration 4114  TIMEOUT 0.032496
 36        966       1022       1143      0.0325       1039        1039      0.0000      1.0287
ALPHA 1.0349 MaxIteration 4257  TIMEOUT 0.033304
 37        966       1022       1143      0.0333       1039        1039      0.0000      1.1000
ALPHA 1.0349 MaxIteration 4405  TIMEOUT 0.033840
 38        966       1022       1143      0.0338       1039        1039      0.0000      1.1700
ALPHA 1.0349 MaxIteration 4558  TIMEOUT 0.037503
 39        966       1022       1143      0.0375       1039        1039      0.0000      1.2300
ALPHA 1.0349 MaxIteration 4716  TIMEOUT 0.038873
 40        966       1022       1143      0.0389       1039        1039      0.0000      1.2900
ALPHA 1.0349 MaxIteration 4880  TIMEOUT 0.037615
 41        966       1022       1143      0.0376       1039        1039      0.0000      1.3500
ALPHA 1.0349 MaxIteration 5050  TIMEOUT 0.041479
 42        966       1022       1143      0.0415       1039        1039      0.0000      1.4400
ALPHA 1.0349 MaxIteration 5226  TIMEOUT 0.040843
 43        966       1022       1143      0.0408       1039        1039      0.0000      1.5200
ALPHA 1.0349 MaxIteration 5408  TIMEOUT 0.042039
 44        966       1022       1143      0.0420       1039        1039      0.0000      1.6000
ALPHA 1.0349 MaxIteration 5596  TIMEOUT 0.042618
 45        966       1022       1143      0.0426       1039        1039      0.0000      1.6800
ALPHA 1.0349 MaxIteration 5791  TIMEOUT 0.043457
 46        966       1022       1143      0.0435       1039        1039      0.0000      1.7700
ALPHA 1.0349 MaxIteration 5992  TIMEOUT 0.048446
 47        966       1022       1143      0.0484       1039        1039      0.0000      1.8600
ALPHA 1.0349 MaxIteration 6200  TIMEOUT 0.048660
 48        966       1022       1143      0.0487       1039        1039      0.0000      1.9400
ALPHA 1.0349 MaxIteration 6416  TIMEOUT 0.051317
 49        966       1022       1143      0.0513       1039        1039      0.0000      2.0400
ALPHA 1.0349 MaxIteration 6639  TIMEOUT 0.053198
 50        966       1022       1143      0.0532       1039        1039      0.0000      2.1400
ALPHA 1.0349 MaxIteration 6870  TIMEOUT 0.055118
 51        966       1022       1143      0.0551       1039        1039      0.0000      2.2500
ALPHA 1.0349 MaxIteration 7109  TIMEOUT 0.058316
 52        966       1022       1143      0.0583       1039        1039      0.0000      2.3500
ALPHA 1.0349 MaxIteration 7356  TIMEOUT 0.058925
 53        966       1022       1143      0.0589       1039        1039      0.0000      2.4600
ALPHA 1.0349 MaxIteration 7612  TIMEOUT 0.061673
 54        966       1022       1143      0.0617       1039        1039      0.0000      2.5800
ALPHA 1.0349 MaxIteration 7877  TIMEOUT 0.063394
 55        966       1022       1143      0.0634       1039        1039      0.0000      2.7100
ALPHA 1.0349 MaxIteration 8151  TIMEOUT 0.062848
 56        966       1022       1143      0.0628       1039        1039      0.0000      2.8300
ALPHA 1.0349 MaxIteration 8435  TIMEOUT 0.065912
 57        966       1022       1143      0.0659       1039        1039      0.0000      2.9514
ALPHA 1.0349 MaxIteration 8729  TIMEOUT 0.070609
 58        966       1022       1143      0.0706       1039        1039      0.0000      3.1000
ALPHA 1.0349 MaxIteration 9033  TIMEOUT 0.075007
 59        966       1022       1143      0.0750       1039        1039      0.0000      3.2374
ALPHA 1.0349 MaxIteration 9347  TIMEOUT 0.074057
 60        966       1022       1143      0.0741       1039        1039      0.0000      3.3800
ALPHA 1.0349 MaxIteration 9672  TIMEOUT 0.078616
 61        966       1022       1143      0.0786       1039        1039      0.0000      3.5100
ALPHA 1.0349 MaxIteration 10009  TIMEOUT 0.076002
 62        966       1022       1143      0.0760       1039        1039      0.0000      3.6500
ALPHA 1.0349 MaxIteration 10357  TIMEOUT 0.082819
 63        966       1022       1143      0.0828       1039        1039      0.0000      3.8100
ALPHA 1.0349 MaxIteration 10718  TIMEOUT 0.085181
 64        966       1022       1143      0.0852       1039        1039      0.0000      3.9600
ALPHA 1.0349 MaxIteration 11091  TIMEOUT 0.090914
 65        966       1022       1143      0.0909       1039        1039      0.0000      4.1400
ALPHA 1.0349 MaxIteration 11477  TIMEOUT 0.092407
 66        966       1022       1143      0.0924       1039        1039      0.0000      4.3200
ALPHA 1.0349 MaxIteration 11877  TIMEOUT 0.095542
 67        966       1022       1143      0.0955       1039        1039      0.0000      4.5000
ALPHA 1.0349 MaxIteration 12291  TIMEOUT 0.100118
 68        966       1022       1143      0.1001       1039        1039      0.0000      4.6900
ALPHA 1.0349 MaxIteration 12719  TIMEOUT 0.103129
 69        966       1022       1143      0.1031       1039        1039      0.0000      4.8900
ALPHA 1.0349 MaxIteration 13162  TIMEOUT 0.106057
 70        966       1022       1143      0.1061       1039        1039      0.0000      5.0900
ALPHA 1.0349 MaxIteration 13620  TIMEOUT 0.107640
 71        966       1022       1143      0.1076       1039        1039      0.0000      5.2900
ALPHA 1.0349 MaxIteration 14094  TIMEOUT 0.112825
 72        966       1022       1143      0.1128       1039        1039      0.0000      5.5000
ALPHA 1.0349 MaxIteration 14585  TIMEOUT 0.118938
 73        966       1022       1143      0.1189       1039        1039      0.0000      5.7100
ALPHA 1.0349 MaxIteration 15093  TIMEOUT 0.123949
 74        966       1022       1143      0.1239       1039        1039      0.0000      5.9400
ALPHA 1.0349 MaxIteration 15619  TIMEOUT 0.126124
 75        966       1022       1143      0.1261       1039        1039      0.0000      6.1800
ALPHA 1.0349 MaxIteration 16163  TIMEOUT 0.130388
 76        966       1022       1143      0.1304       1039        1039      0.0000      6.4300
ALPHA 1.0349 MaxIteration 16726  TIMEOUT 0.132543
 77        966       1022       1143      0.1325       1039        1039      0.0000      6.6800
ALPHA 1.0349 MaxIteration 17309  TIMEOUT 0.138207
 78        966       1022       1143      0.1382       1039        1039      0.0000      6.9300
ALPHA 1.0349 MaxIteration 17912  TIMEOUT 0.142994
 79        966       1022       1143      0.1430       1039        1039      0.0000      7.2000
ALPHA 1.0349 MaxIteration 18536  TIMEOUT 0.149683
 80        966       1022       1143      0.1497       1039        1039      0.0100      7.4700
ALPHA 1.0349 MaxIteration 19182  TIMEOUT 0.154287
 81        966       1022       1143      0.1543       1039        1039      0.0000      7.7500
ALPHA 1.0349 MaxIteration 19850  TIMEOUT 0.154590
 82        966       1022       1143      0.1546       1039        1039      0.0000      8.0400
ALPHA 1.0349 MaxIteration 20541  TIMEOUT 0.162181
 83        966       1022       1143      0.1622       1039        1039      0.0000      8.3347
ALPHA 1.0349 MaxIteration 21257  TIMEOUT 0.170580
 84        966       1022       1143      0.1706       1039        1039      0.0000      8.6500
ALPHA 1.0349 MaxIteration 21997  TIMEOUT 0.174997
 85        966       1022       1143      0.1750       1039        1039      0.0000      8.9700
ALPHA 1.0349 MaxIteration 22763  TIMEOUT 0.179880
 86        966       1022       1143      0.1799       1039        1039      0.0100      9.2900
ALPHA 1.0349 MaxIteration 23556  TIMEOUT 0.187520
 87        966       1022       1143      0.1875       1039        1039      0.0000      9.6300
ALPHA 1.0349 MaxIteration 24377  TIMEOUT 0.192255
 88        966       1022       1143      0.1923       1039        1039      0.0000      9.9900
ALPHA 1.0349 MaxIteration 25226  TIMEOUT 0.203576
 89        966       1022       1143      0.2036       1039        1039      0.0000     10.3644
ALPHA 1.0349 MaxIteration 26105  TIMEOUT 0.207174
 90        966       1022       1143      0.2072       1039        1039      0.0000     10.7500
ALPHA 1.0349 MaxIteration 27014  TIMEOUT 0.210395
 91        966       1022       1143      0.2104       1039        1039      0.0000     11.1500
ALPHA 1.0349 MaxIteration 27955  TIMEOUT 0.216731
 92        966       1022       1143      0.2167       1039        1039      0.0000     11.5600
ALPHA 1.0349 MaxIteration 28929  TIMEOUT 0.230767
 93        966       1022       1143      0.2308       1039        1039      0.0000     11.9900
ALPHA 1.0349 MaxIteration 29937  TIMEOUT 0.230470
 94        966       1022       1143      0.2305       1039        1039      0.0000     12.4200
ALPHA 1.0349 MaxIteration 30980  TIMEOUT 0.248157
 95        966       1022       1143      0.2482       1039        1039      0.0100     12.8700
ALPHA 1.0349 MaxIteration 32059  TIMEOUT 0.255951
 96        966       1022       1143      0.2560       1039        1039      0.0000     13.3400
ALPHA 1.0349 MaxIteration 33176  TIMEOUT 0.263941
 97        966       1022       1143      0.2639       1039        1039      0.0000     13.8300
ALPHA 1.0349 MaxIteration 34332  TIMEOUT 0.269749
 98        966       1022       1143      0.2697       1039        1039      0.0100     14.3300
ALPHA 1.0349 MaxIteration 35528  TIMEOUT 0.278101
 99        966       1022       1143      0.2781       1039        1039      0.0000     14.8500
ALPHA 1.0349 MaxIteration 36766  TIMEOUT 0.290784
100        966       1022       1143      0.2908       1039        1039      0.0000     15.3900
ALPHA 1.0349 MaxIteration 38047  TIMEOUT 0.301991
101        966       1022       1143      0.3020       1039        1039      0.0000     15.9600
ALPHA 1.0349 MaxIteration 39373  TIMEOUT 0.315773
102        966       1022       1143      0.3158       1039        1039      0.0000     16.5500
ALPHA 1.0349 MaxIteration 40745  TIMEOUT 0.322677
103        966       1022       1143      0.3227       1039        1039      0.0000     17.1500
ALPHA 1.0349 MaxIteration 42165  TIMEOUT 0.341800
104        966       1022       1143      0.3418       1039        1039      0.0000     17.7900
ALPHA 1.0349 MaxIteration 43634  TIMEOUT 0.350357
105        966       1022       1143      0.3504       1039        1039      0.0000     18.4400
ALPHA 1.0349 MaxIteration 45155  TIMEOUT 0.354162
106        966       1022       1143      0.3542       1039        1039      0.0000     19.0800
ALPHA 1.0349 MaxIteration 46729  TIMEOUT 0.370574
107        966       1022       1143      0.3706       1039        1039      0.0000     19.7600
ALPHA 1.0349 MaxIteration 48357  TIMEOUT 0.239998
108        966       1022       1143      0.2400>>> T1_100_100_2.wclq |V| 100 |E| 100  (#LB 0.0000 1022 ---> 1022  0.0166  1039 <--- 1059  0.0189 #UB)  #solve_ime 20.0000 read_time 0.0000 
