>>IBM: |V|=200 |E|=17910
>>IBM: The maximum node weight is 200
/public/home/acs4vb4pqv/benchmarks/MWDS2026/dimacs/gen200_p0.9_55.clq #seed 1 #alpha 1.900 #timeout 0.100 K=5 RHO=0.05 Q0=0.90 BETA=3.5 AQ_MODE=guarded SAFE_AQ_MIN_GAP=0.000 SAFE_AQ_MIN_NODES=800 AQ_SLOPE_MARGIN=1.05 AQ_MAX_UB_DRIFT=0.25
[v19] |V|=200 |E|=17910 density=89.55 USE_ADVANCED=0
#Rd        #LB        #LB*       #UB       #Time        #UB+        #UB*      #Time      #TotalTime
First Gap  0.200000
ALPHA 1.9000 MaxIteration 500  TIMEOUT 0.067857
  1          5          5          6      0.0679
 [AQ small-headroom probe] gap=0.2000 density=89.55 |V|=200 => Light RL (K=3, 5.0%)
ALPHA 1.9000 MaxIteration 3  TIMEOUT 0.001303
  2          4          5          6      0.0013ALPHA 1.8304 MaxIteration 5  TIMEOUT 0.001958
  3          4          5          6      0.0020 [AQ guard] no early LB gain, disabling AQ
          6           6      0.0000      0.0756
ALPHA 1.7658 MaxIteration 9  TIMEOUT 0.001063
  4          4          5          6      0.0011          6           6      0.0000      0.0856
ALPHA 1.7056 MaxIteration 15  TIMEOUT 0.001685
  5          4          5          6      0.0017          6           6      0.0000      0.0957
ALPHA 1.6493 MaxIteration 25  TIMEOUT 0.002690
  6          4          5          6      0.0027          6           6      0.0000      0.1057
ALPHA 1.5966 MaxIteration 41  TIMEOUT 0.004274
  7          4          5          6      0.0043          6           6      0.0000      0.1159
ALPHA 1.5472 MaxIteration 65  TIMEOUT 0.007018
  8          4          5          6      0.0070          6           6      0.0000      0.1257
ALPHA 1.5008 MaxIteration 100  TIMEOUT 0.010790
  9          4          5          6      0.0108          6           6      0.0000      0.1557
ALPHA 1.4571 MaxIteration 150  TIMEOUT 0.016267
 10          4          5          6      0.0163          6           6      0.0000      0.1858
ALPHA 1.4158 MaxIteration 218  TIMEOUT 0.023586
 11          4          5          6      0.0236          6           6      0.0000      0.2359
ALPHA 1.3768 MaxIteration 308  TIMEOUT 0.034061
 12          4          5          6      0.0341          6           6      0.0000      0.3056
ALPHA 1.3399 MaxIteration 424  TIMEOUT 0.048813
 13          4          5          6      0.0488          6           6      0.0000      0.3958
ALPHA 1.3049 MaxIteration 568  TIMEOUT 0.069100
 14          4          5          6      0.0691          6           6      0.0000      0.5257
ALPHA 1.2718 MaxIteration 741  TIMEOUT 0.096176
 15          4          5          6      0.0962          6           6      0.0000      0.7157
ALPHA 1.2402 MaxIteration 942  TIMEOUT 0.129422
 16          4          5          6      0.1294          6           6      0.0000      0.9656
ALPHA 1.2102 MaxIteration 1168  TIMEOUT 0.173864
 17          4          5          6      0.1739          6           6      0.0000      1.3156
ALPHA 1.1816 MaxIteration 1413  TIMEOUT 0.224033
 18          4          5          6      0.2240          6           6      0.0000      1.7659
ALPHA 1.1543 MaxIteration 1669  TIMEOUT 0.287599
 19          4          5          6      0.2876          6           6      0.0000      2.3356
ALPHA 1.1283 MaxIteration 1926  TIMEOUT 0.181781
 20          3          5          6      0.1818          6           6      0.0000      2.7057
ALPHA 1.1034 MaxIteration 2173  TIMEOUT 0.204200
 21          3          5          6      0.2042          6           6      0.0000      3.1159
ALPHA 1.0795 MaxIteration 2397  TIMEOUT 0.224498
 22          3          5          6      0.2245          6           6      0.0000      3.5658
ALPHA 1.0567 MaxIteration 2587  TIMEOUT 0.248198
 23          3          5          6      0.2482          6           6      0.0000      4.0556
ALPHA 1.0349 MaxIteration 2733  TIMEOUT 0.259159
 24          3          5          6      0.2592          6           6      0.0000      4.5659
ALPHA 1.0349 MaxIteration 2828  TIMEOUT 0.269056
 25          3          5          6      0.2691          6           6      0.0000      5.0959
ALPHA 1.0349 MaxIteration 2926  TIMEOUT 0.276026
 26          3          5          6      0.2760          6           6      0.0000      5.6456
ALPHA 1.0349 MaxIteration 3027  TIMEOUT 0.286679
 27          3          5          6      0.2867          6           6      0.0000      6.2157
ALPHA 1.0349 MaxIteration 3132  TIMEOUT 0.292862
 28          3          5          6      0.2929          6           6      0.0000      6.8057
ALPHA 1.0349 MaxIteration 3241  TIMEOUT 0.306301
 29          3          5          6      0.3063          6           6      0.0000      7.4159
ALPHA 1.0349 MaxIteration 3353  TIMEOUT 0.318998
 30          3          5          6      0.3190          6           6      0.0000      8.0457
ALPHA 1.0349 MaxIteration 3469  TIMEOUT 0.326633
 31          3          5          6      0.3266          6           6      0.0000      8.6958
ALPHA 1.0349 MaxIteration 3589  TIMEOUT 0.336376
 32          3          5          6      0.3364          6           6      0.0000      9.3658
ALPHA 1.0349 MaxIteration 3714  TIMEOUT 0.350458
 33          3          5          6      0.3505          6           6      0.0000     10.0657
ALPHA 1.0349 MaxIteration 3843  TIMEOUT 0.361839
 34          3          5          6      0.3618          6           6      0.0000     10.7957
ALPHA 1.0349 MaxIteration 3976  TIMEOUT 0.373280
 35          3          5          6      0.3733          6           6      0.0000     11.5456
ALPHA 1.0349 MaxIteration 4114  TIMEOUT 0.386168
 36          3          5          6      0.3862          6           6      0.0000     12.3157
ALPHA 1.0349 MaxIteration 4257  TIMEOUT 0.401085
 37          3          5          6      0.4011          6           6      0.0000     13.1257
ALPHA 1.0349 MaxIteration 4405  TIMEOUT 0.414797
 38          3          5          6      0.4148          6           6      0.0000     13.9556
ALPHA 1.0349 MaxIteration 4558  TIMEOUT 0.428596
 39          3          5          6      0.4286          6           6      0.0000     14.8059
ALPHA 1.0349 MaxIteration 4716  TIMEOUT 0.442187
 40          3          5          6      0.4422          6           6      0.0000     15.6957
ALPHA 1.0349 MaxIteration 4880  TIMEOUT 0.461342
 41          3          5          6      0.4613          6           6      0.0000     16.6259
ALPHA 1.0349 MaxIteration 5050  TIMEOUT 0.477132
 42          3          5          6      0.4771          6           6      0.0000     17.5758
ALPHA 1.0349 MaxIteration 5226  TIMEOUT 0.496068
 43          3          5          6      0.4961          6           6      0.0000     18.5660
ALPHA 1.0349 MaxIteration 5408  TIMEOUT 0.519866
 44          3          5          6      0.5199          6           6      0.0000     19.6058
ALPHA 1.0349 MaxIteration 5596  TIMEOUT 0.394242
 45          3          5          6      0.3942>>> gen200_p0.9_55.clq |V| 200 |E| 17910  (#LB 0.0000 5 ---> 5  0.2000  6 <--- 6  0.0000 #UB)  #solve_ime 20.0001 read_time 0.0044 
