>>> Warning: header edge_num=125248, parsed edge_num=62624
>>IBM: |V|=500 |E|=62624
>>IBM: The maximum node weight is 200
/public/home/acs4vb4pqv/benchmarks/MWDS2026/dimacs/DSJC500_5.clq #seed 101 #alpha 1.900 #timeout 0.100 K=5 RHO=0.05 Q0=0.90 BETA=3.5 AQ_MODE=guarded SAFE_AQ_MIN_GAP=0.000 SAFE_AQ_MIN_NODES=800 AQ_SLOPE_MARGIN=1.05 AQ_MAX_UB_DRIFT=0.25
[v19] |V|=500 |E|=62624 density=125.25 USE_ADVANCED=0
#Rd        #LB        #LB*       #UB       #Time        #UB+        #UB*      #Time      #TotalTime
First Gap  0.454545
ALPHA 1.9000 MaxIteration 500  TIMEOUT 0.448533
  1         11         11         16      0.4485
 [AQ small-headroom probe] gap=0.4545 density=125.25 |V|=500 => Light RL (K=3, 5.0%)
ALPHA 1.9000 MaxIteration 3  TIMEOUT 0.009725
  2         10         11         19      0.0097ALPHA 1.8304 MaxIteration 5  TIMEOUT 0.014607
  3         10         11         21      0.0146 [AQ guard] no early LB gain, disabling AQ
         16          16      0.0000      0.4935
ALPHA 1.7658 MaxIteration 9  TIMEOUT 0.014436
  4         10         11         18      0.0144         16          16      0.0000      0.5236
ALPHA 1.7056 MaxIteration 15  TIMEOUT 0.032273
  5         11         11         16      0.0323         16          16      0.0000      0.5933
ALPHA 1.6493 MaxIteration 25  TIMEOUT 0.023666
  6         10         11         16      0.0237         16          16      0.0000      0.6432
ALPHA 1.5966 MaxIteration 41  TIMEOUT 0.045091
  7         11         11         16      0.0451         16          16      0.0000      0.7338
ALPHA 1.5472 MaxIteration 65  TIMEOUT 0.060921
  8         11         11         16      0.0609         16          16      0.0000      0.8639
ALPHA 1.5008 MaxIteration 100  TIMEOUT 0.093225
  9         11         11         16      0.0932         16          16      0.0000      1.0534
ALPHA 1.4571 MaxIteration 150  TIMEOUT 0.135599
 10         11         11         16      0.1356         16          16      0.0000      1.3235
ALPHA 1.4158 MaxIteration 218  TIMEOUT 0.194687
 11         11         11         16      0.1947         16          16      0.0000      1.7132
ALPHA 1.3768 MaxIteration 308  TIMEOUT 0.277188
 12         11         11         16      0.2772         16          16      0.0000      2.2632
ALPHA 1.3399 MaxIteration 424  TIMEOUT 0.500003
 13         11         11         16      0.5000         16          16      0.0000      3.2737
ALPHA 1.3049 MaxIteration 568  TIMEOUT 0.939309
 14         11         11         16      0.9393         16          16      0.0000      5.1533
ALPHA 1.2718 MaxIteration 741  TIMEOUT 0.696142
 15         11         11         16      0.6961         16          16      0.0000      6.5435
ALPHA 1.2402 MaxIteration 942  TIMEOUT 0.927193
 16         11         11         16      0.9272         16          16      0.0000      8.3934
ALPHA 1.2102 MaxIteration 1168  TIMEOUT 1.143528
 17         11         11         16      1.1435         16          16      0.0000     10.6735
ALPHA 1.1816 MaxIteration 1413  TIMEOUT 1.194266
 18         10         11         16      1.1943         16          16      0.0000     13.0635
ALPHA 1.1543 MaxIteration 1669  TIMEOUT 1.416325
 19         10         11         16      1.4163         16          16      0.0000     15.8934
ALPHA 1.1283 MaxIteration 1926  TIMEOUT 1.634827
 20         10         11         16      1.6348         16          16      0.0000     19.1636
ALPHA 1.1034 MaxIteration 2173  TIMEOUT 0.837047
 21         11         11         16      0.8370>>> DSJC500_5.clq |V| 500 |E| 62624  (#LB 0.0000 11 ---> 11  0.4545  16 <--- 16  0.0000 #UB)  #solve_ime 20.0006 read_time 0.0168 
