>>IBM: |V|=150 |E|=2000
>>IBM: The maximum node weight is 1235
/public/home/acs4vb4pqv/benchmarks/MWDS2026/T2_wclq/T2_150_2000_1.wclq #seed 2 #alpha 1.900 #timeout 0.100 K=5 RHO=0.05 Q0=0.90 BETA=3.5 AQ_MODE=dbs SAFE_AQ_MIN_GAP=0.050 SAFE_AQ_MIN_NODES=800 AQ_SLOPE_MARGIN=1.05 AQ_MAX_UB_DRIFT=0.25
[v19] |V|=150 |E|=2000 density=13.33 USE_ADVANCED=0
#Rd        #LB        #LB*       #UB       #Time        #UB+        #UB*      #Time      #TotalTime
First Gap  0.188867
ALPHA 1.9000 MaxIteration 500  TIMEOUT 0.039712
  1        503        503        598      0.0397        598         598      0.0000      0.0788
ALPHA 1.9000 MaxIteration 3  TIMEOUT 0.000330
  2        488        503        704      0.0003        598         598      0.0000      0.0888
ALPHA 1.8304 MaxIteration 5  TIMEOUT 0.000804
  3        477        503        621      0.0008        598         598      0.0000      0.0988
ALPHA 1.7658 MaxIteration 9  TIMEOUT 0.001349
  4        467        503        601      0.0013        598         598      0.0000      0.1088
ALPHA 1.7056 MaxIteration 15  TIMEOUT 0.001247
  5        454        503        598      0.0012        598         598      0.0000      0.1188
ALPHA 1.6493 MaxIteration 25  TIMEOUT 0.003244
  6        473        503        598      0.0032        598         598      0.0000      0.1288
ALPHA 1.5966 MaxIteration 41  TIMEOUT 0.009294
  7        470        503        598      0.0093        598         598      0.0000      0.1388
ALPHA 1.5472 MaxIteration 65  TIMEOUT 0.006255
  8        469        503        598      0.0063        598         598      0.0000      0.1488
ALPHA 1.5008 MaxIteration 100  TIMEOUT 0.009364
  9        469        503        598      0.0094        598         598      0.0000      0.1588
ALPHA 1.4571 MaxIteration 150  TIMEOUT 0.022657
 10        482        503        598      0.0227        598         598      0.0000      0.2088
ALPHA 1.4158 MaxIteration 218  TIMEOUT 0.018287
 11        481        503        598      0.0183        598         598      0.0000      0.2388
ALPHA 1.3768 MaxIteration 308  TIMEOUT 0.040753
 12        476        503        598      0.0408        598         598      0.0000      0.3288
ALPHA 1.3399 MaxIteration 424  TIMEOUT 0.047169
 13        476        503        598      0.0472        598         598      0.0000      0.4188
ALPHA 1.3049 MaxIteration 568  TIMEOUT 0.073962
 14        476        503        598      0.0740        598         598      0.0000      0.5688
ALPHA 1.2718 MaxIteration 741  TIMEOUT 0.099067
 15        476        503        598      0.0991        598         598      0.0000      0.7588
ALPHA 1.2402 MaxIteration 942  TIMEOUT 0.121718
 16        476        503        598      0.1217        598         598      0.0000      1.0069
ALPHA 1.2102 MaxIteration 1168  TIMEOUT 0.149717
 17        482        503        598      0.1497        598         598      0.0000      1.2988
ALPHA 1.1816 MaxIteration 1413  TIMEOUT 0.181883
 18        482        503        598      0.1819        598         598      0.0000      1.6688
ALPHA 1.1543 MaxIteration 1669  TIMEOUT 0.211943
 19        482        503        598      0.2119        598         598      0.0000      2.0888
ALPHA 1.1283 MaxIteration 1926  TIMEOUT 0.237963
 20        482        503        598      0.2380        598         598      0.0000      2.5588
ALPHA 1.1034 MaxIteration 2173  TIMEOUT 0.266099
 21        482        503        598      0.2661        598         598      0.0000      3.0788
ALPHA 1.0795 MaxIteration 2397  TIMEOUT 0.403089
 22        496        503        598      0.4031        598         598      0.0000      3.8788
ALPHA 1.0567 MaxIteration 2587  TIMEOUT 0.354672
 23        487        503        598      0.3547        598         598      0.0000      4.5788
ALPHA 1.0349 MaxIteration 2733  TIMEOUT 0.345974
 24        486        503        598      0.3460        598         598      0.0000      5.2588
ALPHA 1.0349 MaxIteration 2828  TIMEOUT 0.399285
 25        482        503        598      0.3993        598         598      0.0000      6.0488
ALPHA 1.0349 MaxIteration 2926  TIMEOUT 0.357948
 26        476        503        598      0.3579        598         598      0.0000      6.7488
ALPHA 1.0349 MaxIteration 3027  TIMEOUT 0.215651
 27        464        503        598      0.2157        598         598      0.0000      7.1688
ALPHA 1.0349 MaxIteration 3132  TIMEOUT 0.370463
 28        482        503        598      0.3705        598         598      0.0000      7.9088
ALPHA 1.0349 MaxIteration 3241  TIMEOUT 0.402970
 29        479        503        598      0.4030        598         598      0.0000      8.7088
ALPHA 1.0349 MaxIteration 3353  TIMEOUT 0.414156
 30        482        503        598      0.4142        598         598      0.0000      9.5188
ALPHA 1.0349 MaxIteration 3469  TIMEOUT 0.437219
 31        476        503        598      0.4372        598         598      0.0000     10.3788
ALPHA 1.0349 MaxIteration 3589  TIMEOUT 0.523129
 32        482        503        598      0.5231        598         598      0.0000     11.4088
ALPHA 1.0349 MaxIteration 3714  TIMEOUT 0.423282
 33        484        503        598      0.4233        598         598      0.0000     12.2388
ALPHA 1.0349 MaxIteration 3843  TIMEOUT 0.475918
 34        476        503        598      0.4759        598         598      0.0000     13.1788
ALPHA 1.0349 MaxIteration 3976  TIMEOUT 0.483469
 35        476        503        598      0.4835        598         598      0.0000     14.1488
ALPHA 1.0349 MaxIteration 4114  TIMEOUT 0.672791
 36        482        503        598      0.6728        598         598      0.0000     15.4788
ALPHA 1.0349 MaxIteration 4257  TIMEOUT 0.522307
 37        482        503        598      0.5223        598         598      0.0000     16.5188
ALPHA 1.0349 MaxIteration 4405  TIMEOUT 0.540566
 38        482        503        598      0.5406        598         598      0.0000     17.5988
ALPHA 1.0349 MaxIteration 4558  TIMEOUT 0.583337
 39        482        503        598      0.5833        598         598      0.0000     18.7488
ALPHA 1.0349 MaxIteration 4716  TIMEOUT 0.645887
 40        478        503        598      0.6459        598         598      0.0000     19.9888
ALPHA 1.0349 MaxIteration 4880  TIMEOUT 0.011203
 41        456        503        598      0.0112>>> T2_150_2000_1.wclq |V| 150 |E| 2000  (#LB 0.0000 503 ---> 503  0.1889  598 <--- 598  0.0000 #UB)  #solve_ime 20.0001 read_time 0.0012 
