>>IBM: |V|=1000 |E|=20000
>>IBM: The maximum node weight is 3050
/public/home/acs4vb4pqv/benchmarks/MWDS2026/T2_wclq/T2_1000_20000_9.wclq #seed 101 #alpha 1.900 #timeout 0.100 K=5 RHO=0.05 Q0=0.90 BETA=3.5 AQ_MODE=guarded SAFE_AQ_MIN_GAP=0.050 SAFE_AQ_MIN_NODES=800 AQ_SLOPE_MARGIN=1.05 AQ_MAX_UB_DRIFT=0.25
[v19] |V|=1000 |E|=20000 density=20.00 USE_ADVANCED=1
#Rd        #LB        #LB*       #UB       #Time        #UB+        #UB*      #Time      #TotalTime
First Gap  0.437956
ALPHA 1.9000 MaxIteration 500  TIMEOUT 0.902665
  1       5343       5343       7683      0.9027
 [Tier-3 Hard] gap=0.4380 density=20.00 |V|=1000 => Heavy RL (K=8, 25%)
ALPHA 1.9000 MaxIteration 3  TIMEOUT 0.038939
  2       5284       5343       9516      0.0389ALPHA 1.8304 MaxIteration 5  TIMEOUT 0.046492
  3       5440       5440       8975      0.0465ALPHA 1.7658 MaxIteration 9  TIMEOUT 0.079931
  4       5400       5440       8882      0.0799ALPHA 1.7056 MaxIteration 15  TIMEOUT 0.318052
  5       6101       6101       8707      0.3181ALPHA 1.6493 MaxIteration 25  TIMEOUT 0.258219
  6       6078       6101       8861      0.2582ALPHA 1.5966 MaxIteration 41  TIMEOUT 0.517418
  7       6073       6101       8817      0.5174 [AQ guard] no early LB gain, disabling AQ
       7177        7177      0.4900      2.6745
ALPHA 1.5472 MaxIteration 65  TIMEOUT 0.045404
  8       5032       6101       7851      0.0454       7238        7177      0.0200      2.7645
ALPHA 1.5008 MaxIteration 100  TIMEOUT 0.108508
  9       5145       6101       7958      0.1085       7177        7177      0.0200      2.9745
ALPHA 1.4571 MaxIteration 150  TIMEOUT 0.216269
 10       5359       6101       8017      0.2163       7238        7177      0.0700      3.3945
ALPHA 1.4158 MaxIteration 218  TIMEOUT 0.311865
 11       5322       6101       7729      0.3119       7238        7177      0.0200      4.0245
ALPHA 1.3768 MaxIteration 308  TIMEOUT 0.645528
 12       5219       6101       7597      0.6455       7177        7177      0.0200      5.3145
ALPHA 1.3399 MaxIteration 424  TIMEOUT 0.671736
 13       5265       6101       7738      0.6717       7238        7177      0.0300      6.6545
ALPHA 1.3049 MaxIteration 568  TIMEOUT 0.513190
 14       5184       6101       7480      0.5132       7238        7177      0.0200      7.6845
ALPHA 1.2718 MaxIteration 741  TIMEOUT 0.714860
 15       5186       6101       7720      0.7149
 [LB Done] stag=8 elapsed=42.0% => 11.6s to UB
       7177        7177      0.0500     19.9145
>>> T2_1000_20000_9.wclq |V| 1000 |E| 20000  (#LB 0.1419 5343 ---> 6101  0.1764  7177 <--- 7683  0.0659 #UB)  #solve_ime 19.9145 read_time 0.0055 
