>>IBM: |V|=1000 |E|=52120
>>IBM: The maximum node weight is 100
/public/home/acs4vb4pqv/benchmarks/MWDS2026/UDG_wclq/UDG_1000_200_8.wclq #seed 1 #alpha 1.900 #timeout 0.100 K=5 RHO=0.05 Q0=0.90 BETA=3.5 AQ_MODE=guarded SAFE_AQ_MIN_GAP=0.000 SAFE_AQ_MIN_NODES=800 AQ_SLOPE_MARGIN=1.05 AQ_MAX_UB_DRIFT=0.25
[v19] |V|=1000 |E|=52120 density=52.12 USE_ADVANCED=1
#Rd        #LB        #LB*       #UB       #Time        #UB+        #UB*      #Time      #TotalTime
First Gap  0.078947
ALPHA 1.9000 MaxIteration 500  TIMEOUT 0.294352
  1         38         38         41      0.2944
 [Tier-3 Hard] gap=0.0789 density=52.12 |V|=1000 => Heavy RL (K=8, 25%)
ALPHA 1.9000 MaxIteration 3  TIMEOUT 0.017557
  2         37         38         44      0.0176ALPHA 1.8304 MaxIteration 5  TIMEOUT 0.046470
  3         37         38         42      0.0465 [AQ guard] no early LB gain, disabling AQ
         41          41      0.0000      0.4075
ALPHA 1.7658 MaxIteration 9  TIMEOUT 0.008056
  4         37         38         41      0.0081         41          41      0.0000      0.4174
ALPHA 1.7056 MaxIteration 15  TIMEOUT 0.011523
  5         37         38         41      0.0115         41          41      0.0000      0.4474
ALPHA 1.6493 MaxIteration 25  TIMEOUT 0.023218
  6         38         38         41      0.0232         41          41      0.0000      0.4973
ALPHA 1.5966 MaxIteration 41  TIMEOUT 0.034460
  7         37         38         41      0.0345         41          41      0.0000      0.5674
ALPHA 1.5472 MaxIteration 65  TIMEOUT 0.088060
  8         37         38         41      0.0881         41          41      0.0000      0.7374
ALPHA 1.5008 MaxIteration 100  TIMEOUT 0.094957
  9         35         38         41      0.0950         41          41      0.0000      0.9274
ALPHA 1.4571 MaxIteration 150  TIMEOUT 0.161175
 10         36         38         41      0.1612         41          41      0.0000      1.2573
ALPHA 1.4158 MaxIteration 218  TIMEOUT 0.270096
 11         35         38         41      0.2701         41          41      0.0000      1.8074
ALPHA 1.3768 MaxIteration 308  TIMEOUT 0.401015
 12         35         38         41      0.4010         41          41      0.0000      2.6174
ALPHA 1.3399 MaxIteration 424  TIMEOUT 0.546243
 13         35         38         41      0.5462         41          41      0.0000      3.6973
ALPHA 1.3049 MaxIteration 568  TIMEOUT 0.740994
 14         35         38         41      0.7410         41          41      0.0000      5.1874
ALPHA 1.2718 MaxIteration 741  TIMEOUT 0.994188
 15         35         38         41      0.9942         41          41      0.0000      7.1774
ALPHA 1.2402 MaxIteration 942  TIMEOUT 0.557522
 16         31         38         41      0.5575         41          41      0.0000      8.2873
ALPHA 1.2102 MaxIteration 1168  TIMEOUT 0.691478
 17         31         38         41      0.6915
 [LB Done] stag=14 elapsed=44.9% => 11.0s to UB
         41          41      0.0000     19.9774
>>> UDG_1000_200_8.wclq |V| 1000 |E| 52120  (#LB 0.0000 38 ---> 38  0.0789  41 <--- 41  0.0000 #UB)  #solve_ime 19.9774 read_time 0.0127 
