>>IBM: |V|=150 |E|=2000
>>IBM: The maximum node weight is 1235
/public/home/acs4vb4pqv/benchmarks/MWDS2026/T2_wclq/T2_150_2000_1.wclq #seed 101 #alpha 1.900 #timeout 0.100 K=5 RHO=0.05 Q0=0.90 BETA=3.5 AQ_MODE=dbs SAFE_AQ_MIN_GAP=0.050 SAFE_AQ_MIN_NODES=800 AQ_SLOPE_MARGIN=1.05 AQ_MAX_UB_DRIFT=0.25
[v19] |V|=150 |E|=2000 density=13.33 USE_ADVANCED=0
#Rd        #LB        #LB*       #UB       #Time        #UB+        #UB*      #Time      #TotalTime
First Gap  0.188867
ALPHA 1.9000 MaxIteration 500  TIMEOUT 0.040423
  1        503        503        598      0.0404        598         598      0.0000      0.0889
ALPHA 1.9000 MaxIteration 3  TIMEOUT 0.000343
  2        488        503        704      0.0003        598         598      0.0000      0.0989
ALPHA 1.8304 MaxIteration 5  TIMEOUT 0.000786
  3        477        503        621      0.0008        598         598      0.0000      0.1089
ALPHA 1.7658 MaxIteration 9  TIMEOUT 0.001326
  4        467        503        601      0.0013        598         598      0.0000      0.1189
ALPHA 1.7056 MaxIteration 15  TIMEOUT 0.001261
  5        454        503        598      0.0013        598         598      0.0000      0.1289
ALPHA 1.6493 MaxIteration 25  TIMEOUT 0.003279
  6        473        503        598      0.0033        598         598      0.0000      0.1389
ALPHA 1.5966 MaxIteration 41  TIMEOUT 0.010333
  7        470        503        598      0.0103        598         598      0.0000      0.1689
ALPHA 1.5472 MaxIteration 65  TIMEOUT 0.006229
  8        469        503        598      0.0062        598         598      0.0000      0.1789
ALPHA 1.5008 MaxIteration 100  TIMEOUT 0.009139
  9        469        503        598      0.0091        598         598      0.0000      0.1889
ALPHA 1.4571 MaxIteration 150  TIMEOUT 0.022116
 10        482        503        598      0.0221        598         598      0.0000      0.2389
ALPHA 1.4158 MaxIteration 218  TIMEOUT 0.018009
 11        481        503        598      0.0180        598         598      0.0000      0.2689
ALPHA 1.3768 MaxIteration 308  TIMEOUT 0.041188
 12        476        503        598      0.0412        598         598      0.0000      0.3589
ALPHA 1.3399 MaxIteration 424  TIMEOUT 0.045945
 13        476        503        598      0.0459        598         598      0.0000      0.4489
ALPHA 1.3049 MaxIteration 568  TIMEOUT 0.074637
 14        476        503        598      0.0746        598         598      0.0000      0.5889
ALPHA 1.2718 MaxIteration 741  TIMEOUT 0.096027
 15        476        503        598      0.0960        598         598      0.0000      0.7789
ALPHA 1.2402 MaxIteration 942  TIMEOUT 0.119546
 16        476        503        598      0.1195        598         598      0.0000      1.0089
ALPHA 1.2102 MaxIteration 1168  TIMEOUT 0.146194
 17        482        503        598      0.1462        598         598      0.0000      1.2989
ALPHA 1.1816 MaxIteration 1413  TIMEOUT 0.175300
 18        482        503        598      0.1753        598         598      0.0000      1.6489
ALPHA 1.1543 MaxIteration 1669  TIMEOUT 0.206494
 19        482        503        598      0.2065        598         598      0.0000      2.0589
ALPHA 1.1283 MaxIteration 1926  TIMEOUT 0.233062
 20        482        503        598      0.2331        598         598      0.0000      2.5189
ALPHA 1.1034 MaxIteration 2173  TIMEOUT 0.266992
 21        482        503        598      0.2670        598         598      0.0000      3.0489
ALPHA 1.0795 MaxIteration 2397  TIMEOUT 0.406638
 22        496        503        598      0.4066        598         598      0.0000      3.8589
ALPHA 1.0567 MaxIteration 2587  TIMEOUT 0.347208
 23        487        503        598      0.3472        598         598      0.0000      4.5389
ALPHA 1.0349 MaxIteration 2733  TIMEOUT 0.346530
 24        486        503        598      0.3465        598         598      0.0000      5.2289
ALPHA 1.0349 MaxIteration 2828  TIMEOUT 0.399067
 25        482        503        598      0.3991        598         598      0.0000      6.0189
ALPHA 1.0349 MaxIteration 2926  TIMEOUT 0.351974
 26        476        503        598      0.3520        598         598      0.0000      6.7289
ALPHA 1.0349 MaxIteration 3027  TIMEOUT 0.216518
 27        464        503        598      0.2165        598         598      0.0000      7.1489
ALPHA 1.0349 MaxIteration 3132  TIMEOUT 0.368013
 28        482        503        598      0.3680        598         598      0.0000      7.8689
ALPHA 1.0349 MaxIteration 3241  TIMEOUT 0.391316
 29        479        503        598      0.3913        598         598      0.0000      8.6489
ALPHA 1.0349 MaxIteration 3353  TIMEOUT 0.414881
 30        482        503        598      0.4149        598         598      0.0000      9.4789
ALPHA 1.0349 MaxIteration 3469  TIMEOUT 0.439752
 31        476        503        598      0.4398        598         598      0.0000     10.3389
ALPHA 1.0349 MaxIteration 3589  TIMEOUT 0.516478
 32        482        503        598      0.5165        598         598      0.0000     11.3589
ALPHA 1.0349 MaxIteration 3714  TIMEOUT 0.425784
 33        484        503        598      0.4258        598         598      0.0000     12.1989
ALPHA 1.0349 MaxIteration 3843  TIMEOUT 0.473797
 34        476        503        598      0.4738        598         598      0.0000     13.1489
ALPHA 1.0349 MaxIteration 3976  TIMEOUT 0.479322
 35        476        503        598      0.4793        598         598      0.0000     14.0989
ALPHA 1.0349 MaxIteration 4114  TIMEOUT 0.662502
 36        482        503        598      0.6625        598         598      0.0000     15.4189
ALPHA 1.0349 MaxIteration 4257  TIMEOUT 0.522794
 37        482        503        598      0.5228        598         598      0.0000     16.4589
ALPHA 1.0349 MaxIteration 4405  TIMEOUT 0.533672
 38        482        503        598      0.5337        598         598      0.0000     17.5189
ALPHA 1.0349 MaxIteration 4558  TIMEOUT 0.573621
 39        482        503        598      0.5736        598         598      0.0000     18.6589
ALPHA 1.0349 MaxIteration 4716  TIMEOUT 0.638090
 40        478        503        598      0.6381        598         598      0.0000     19.9289
ALPHA 1.0349 MaxIteration 4880  TIMEOUT 0.071125
 41        456        503        598      0.0711>>> T2_150_2000_1.wclq |V| 150 |E| 2000  (#LB 0.0000 503 ---> 503  0.1889  598 <--- 598  0.0000 #UB)  #solve_ime 20.0000 read_time 0.0011 
