>>IBM: |V|=100 |E|=100
>>IBM: The maximum node weight is 49
/public/home/acs4vb4pqv/benchmarks/MWDS2026/T1_wclq/T1_100_100_2.wclq #seed 3 #alpha 1.900 #timeout 0.100 K=5 RHO=0.05 Q0=0.90 BETA=3.5 AQ_MODE=dbs SAFE_AQ_MIN_GAP=0.050 SAFE_AQ_MIN_NODES=800 AQ_SLOPE_MARGIN=1.05 AQ_MAX_UB_DRIFT=0.25
[v19] |V|=100 |E|=100 density=1.00 USE_ADVANCED=0
#Rd        #LB        #LB*       #UB       #Time        #UB+        #UB*      #Time      #TotalTime
First Gap  0.036204
ALPHA 1.9000 MaxIteration 500  TIMEOUT 0.010341
  1       1022       1022       1059      0.0103       1039        1039      0.0000      0.0288
ALPHA 1.9000 MaxIteration 3  TIMEOUT 0.000107
  2        984       1022       1139      0.0001       1039        1039      0.0000      0.0388
ALPHA 1.8304 MaxIteration 5  TIMEOUT 0.000089
  3        966       1022       1143      0.0001       1039        1039      0.0000      0.0488
ALPHA 1.7658 MaxIteration 9  TIMEOUT 0.000130
  4        966       1022       1143      0.0001       1039        1039      0.0000      0.0588
ALPHA 1.7056 MaxIteration 15  TIMEOUT 0.000175
  5        966       1022       1143      0.0002       1039        1039      0.0000      0.0688
ALPHA 1.6493 MaxIteration 25  TIMEOUT 0.000255
  6        966       1022       1143      0.0003       1039        1039      0.0000      0.0788
ALPHA 1.5966 MaxIteration 41  TIMEOUT 0.000378
  7        966       1022       1143      0.0004       1039        1039      0.0000      0.0806
ALPHA 1.5472 MaxIteration 65  TIMEOUT 0.000486
  8        966       1022       1143      0.0005       1039        1039      0.0000      0.0888
ALPHA 1.5008 MaxIteration 100  TIMEOUT 0.000871
  9        966       1022       1143      0.0009       1039        1039      0.0000      0.0988
ALPHA 1.4571 MaxIteration 150  TIMEOUT 0.001296
 10        966       1022       1143      0.0013       1039        1039      0.0000      0.1088
ALPHA 1.4158 MaxIteration 218  TIMEOUT 0.001839
 11        966       1022       1143      0.0018       1039        1039      0.0000      0.1188
ALPHA 1.3768 MaxIteration 308  TIMEOUT 0.002646
 12        966       1022       1143      0.0026       1039        1039      0.0000      0.1288
ALPHA 1.3399 MaxIteration 424  TIMEOUT 0.002528
 13        966       1022       1143      0.0025       1039        1039      0.0000      0.1386
ALPHA 1.3049 MaxIteration 568  TIMEOUT 0.004624
 14        966       1022       1143      0.0046       1039        1039      0.0000      0.1488
ALPHA 1.2718 MaxIteration 741  TIMEOUT 0.006217
 15        966       1022       1143      0.0062       1039        1039      0.0000      0.1588
ALPHA 1.2402 MaxIteration 942  TIMEOUT 0.007998
 16        966       1022       1143      0.0080       1039        1039      0.0000      0.1688
ALPHA 1.2102 MaxIteration 1168  TIMEOUT 0.009589
 17        966       1022       1143      0.0096       1054        1039      0.0000      0.1788
ALPHA 1.1816 MaxIteration 1413  TIMEOUT 0.011549
 18        966       1022       1143      0.0115       1039        1039      0.0000      0.2088
ALPHA 1.1543 MaxIteration 1669  TIMEOUT 0.013967
 19        966       1022       1143      0.0140       1039        1039      0.0000      0.2351
ALPHA 1.1283 MaxIteration 1926  TIMEOUT 0.013969
 20        966       1022       1143      0.0140       1039        1039      0.0000      0.2688
ALPHA 1.1034 MaxIteration 2173  TIMEOUT 0.015940
 21        966       1022       1143      0.0159       1039        1039      0.0000      0.2988
ALPHA 1.0795 MaxIteration 2397  TIMEOUT 0.019178
 22        966       1022       1143      0.0192       1039        1039      0.0100      0.3288
ALPHA 1.0567 MaxIteration 2587  TIMEOUT 0.020536
 23        966       1022       1143      0.0205       1039        1039      0.0000      0.3788
ALPHA 1.0349 MaxIteration 2733  TIMEOUT 0.021711
 24        966       1022       1143      0.0217       1039        1039      0.0000      0.4288
ALPHA 1.0349 MaxIteration 2828  TIMEOUT 0.023343
 25        966       1022       1143      0.0233       1039        1039      0.0000      0.4788
ALPHA 1.0349 MaxIteration 2926  TIMEOUT 0.021341
 26        966       1022       1143      0.0213       1039        1039      0.0000      0.5288
ALPHA 1.0349 MaxIteration 3027  TIMEOUT 0.024969
 27        966       1022       1143      0.0250       1039        1039      0.0000      0.5688
ALPHA 1.0349 MaxIteration 3132  TIMEOUT 0.026134
 28        966       1022       1143      0.0261       1039        1039      0.0000      0.6188
ALPHA 1.0349 MaxIteration 3241  TIMEOUT 0.026292
 29        966       1022       1143      0.0263       1039        1039      0.0000      0.6630
ALPHA 1.0349 MaxIteration 3353  TIMEOUT 0.026998
 30        966       1022       1143      0.0270       1039        1039      0.0000      0.7188
ALPHA 1.0349 MaxIteration 3469  TIMEOUT 0.029242
 31        966       1022       1143      0.0292       1039        1039      0.0100      0.7688
ALPHA 1.0349 MaxIteration 3589  TIMEOUT 0.028691
 32        966       1022       1143      0.0287       1039        1039      0.0100      0.8188
ALPHA 1.0349 MaxIteration 3714  TIMEOUT 0.030950
 33        966       1022       1143      0.0310       1039        1039      0.0000      0.8859
ALPHA 1.0349 MaxIteration 3843  TIMEOUT 0.029657
 34        966       1022       1143      0.0297       1039        1039      0.0000      0.9388
ALPHA 1.0349 MaxIteration 3976  TIMEOUT 0.033457
 35        966       1022       1143      0.0335       1039        1039      0.0000      0.9988
ALPHA 1.0349 MaxIteration 4114  TIMEOUT 0.030905
 36        966       1022       1143      0.0309       1039        1039      0.0000      1.0688
ALPHA 1.0349 MaxIteration 4257  TIMEOUT 0.034238
 37        966       1022       1143      0.0342       1039        1039      0.0000      1.1288
ALPHA 1.0349 MaxIteration 4405  TIMEOUT 0.036477
 38        966       1022       1143      0.0365       1039        1039      0.0000      1.1988
ALPHA 1.0349 MaxIteration 4558  TIMEOUT 0.037912
 39        966       1022       1143      0.0379       1039        1039      0.0000      1.2588
ALPHA 1.0349 MaxIteration 4716  TIMEOUT 0.038138
 40        966       1022       1143      0.0381       1039        1039      0.0000      1.3288
ALPHA 1.0349 MaxIteration 4880  TIMEOUT 0.038502
 41        966       1022       1143      0.0385       1039        1039      0.0100      1.3888
ALPHA 1.0349 MaxIteration 5050  TIMEOUT 0.040117
 42        966       1022       1143      0.0401       1039        1039      0.0000      1.4788
ALPHA 1.0349 MaxIteration 5226  TIMEOUT 0.042020
 43        966       1022       1143      0.0420       1039        1039      0.0000      1.5588
ALPHA 1.0349 MaxIteration 5408  TIMEOUT 0.044342
 44        966       1022       1143      0.0443       1039        1039      0.0000      1.6408
ALPHA 1.0349 MaxIteration 5596  TIMEOUT 0.044995
 45        966       1022       1143      0.0450       1039        1039      0.0000      1.7288
ALPHA 1.0349 MaxIteration 5791  TIMEOUT 0.045155
 46        966       1022       1143      0.0452       1039        1039      0.0000      1.8088
ALPHA 1.0349 MaxIteration 5992  TIMEOUT 0.048790
 47        966       1022       1143      0.0488       1039        1039      0.0100      1.8988
ALPHA 1.0349 MaxIteration 6200  TIMEOUT 0.047366
 48        966       1022       1143      0.0474       1039        1039      0.0000      1.9888
ALPHA 1.0349 MaxIteration 6416  TIMEOUT 0.050792
 49        966       1022       1143      0.0508       1039        1039      0.0000      2.0908
ALPHA 1.0349 MaxIteration 6639  TIMEOUT 0.052639
 50        966       1022       1143      0.0526       1039        1039      0.0000      2.1888
ALPHA 1.0349 MaxIteration 6870  TIMEOUT 0.053003
 51        966       1022       1143      0.0530       1039        1039      0.0000      2.2888
ALPHA 1.0349 MaxIteration 7109  TIMEOUT 0.058466
 52        966       1022       1143      0.0585       1039        1039      0.0100      2.3888
ALPHA 1.0349 MaxIteration 7356  TIMEOUT 0.060486
 53        966       1022       1143      0.0605       1039        1039      0.0000      2.5088
ALPHA 1.0349 MaxIteration 7612  TIMEOUT 0.063121
 54        966       1022       1143      0.0631       1039        1039      0.0000      2.6188
ALPHA 1.0349 MaxIteration 7877  TIMEOUT 0.063182
 55        966       1022       1143      0.0632       1039        1039      0.0000      2.7388
ALPHA 1.0349 MaxIteration 8151  TIMEOUT 0.065446
 56        966       1022       1143      0.0654       1039        1039      0.0000      2.8588
ALPHA 1.0349 MaxIteration 8435  TIMEOUT 0.068154
 57        966       1022       1143      0.0682       1039        1039      0.0000      2.9771
ALPHA 1.0349 MaxIteration 8729  TIMEOUT 0.072660
 58        966       1022       1143      0.0727       1039        1039      0.0000      3.1188
ALPHA 1.0349 MaxIteration 9033  TIMEOUT 0.076827
 59        966       1022       1143      0.0768       1039        1039      0.0000      3.2588
ALPHA 1.0349 MaxIteration 9347  TIMEOUT 0.077290
 60        966       1022       1143      0.0773       1039        1039      0.0000      3.3988
ALPHA 1.0349 MaxIteration 9672  TIMEOUT 0.079651
 61        966       1022       1143      0.0797       1039        1039      0.0100      3.5388
ALPHA 1.0349 MaxIteration 10009  TIMEOUT 0.084729
 62        966       1022       1143      0.0847       1039        1039      0.0000      3.6882
ALPHA 1.0349 MaxIteration 10357  TIMEOUT 0.084666
 63        966       1022       1143      0.0847       1039        1039      0.0000      3.8488
ALPHA 1.0349 MaxIteration 10718  TIMEOUT 0.086441
 64        966       1022       1143      0.0864       1039        1039      0.0000      4.0011
ALPHA 1.0349 MaxIteration 11091  TIMEOUT 0.091481
 65        966       1022       1143      0.0915       1039        1039      0.0000      4.1691
ALPHA 1.0349 MaxIteration 11477  TIMEOUT 0.095148
 66        966       1022       1143      0.0951       1039        1039      0.0000      4.3388
ALPHA 1.0349 MaxIteration 11877  TIMEOUT 0.098676
 67        966       1022       1143      0.0987       1039        1039      0.0100      4.5188
ALPHA 1.0349 MaxIteration 12291  TIMEOUT 0.102271
 68        966       1022       1143      0.1023       1039        1039      0.0000      4.7088
ALPHA 1.0349 MaxIteration 12719  TIMEOUT 0.103207
 69        966       1022       1143      0.1032       1039        1039      0.0000      4.9088
ALPHA 1.0349 MaxIteration 13162  TIMEOUT 0.108792
 70        966       1022       1143      0.1088       1039        1039      0.0100      5.0988
ALPHA 1.0349 MaxIteration 13620  TIMEOUT 0.113917
 71        966       1022       1143      0.1139       1039        1039      0.0000      5.3088
ALPHA 1.0349 MaxIteration 14094  TIMEOUT 0.115044
 72        966       1022       1143      0.1150       1039        1039      0.0000      5.5288
ALPHA 1.0349 MaxIteration 14585  TIMEOUT 0.120378
 73        966       1022       1143      0.1204       1039        1039      0.0100      5.7488
ALPHA 1.0349 MaxIteration 15093  TIMEOUT 0.122972
 74        966       1022       1143      0.1230       1039        1039      0.0000      5.9888
ALPHA 1.0349 MaxIteration 15619  TIMEOUT 0.128647
 75        966       1022       1143      0.1286       1039        1039      0.0100      6.2188
ALPHA 1.0349 MaxIteration 16163  TIMEOUT 0.132777
 76        966       1022       1143      0.1328       1039        1039      0.0000      6.4688
ALPHA 1.0349 MaxIteration 16726  TIMEOUT 0.129711
 77        966       1022       1143      0.1297       1039        1039      0.0100      6.6988
ALPHA 1.0349 MaxIteration 17309  TIMEOUT 0.140841
 78        966       1022       1143      0.1408       1039        1039      0.0000      6.9688
ALPHA 1.0349 MaxIteration 17912  TIMEOUT 0.148607
 79        966       1022       1143      0.1486       1039        1039      0.0000      7.2288
ALPHA 1.0349 MaxIteration 18536  TIMEOUT 0.151517
 80        966       1022       1143      0.1515       1039        1039      0.0000      7.5088
ALPHA 1.0349 MaxIteration 19182  TIMEOUT 0.153267
 81        966       1022       1143      0.1533       1039        1039      0.0000      7.7956
ALPHA 1.0349 MaxIteration 19850  TIMEOUT 0.160653
 82        966       1022       1143      0.1607       1039        1039      0.0000      8.0988
ALPHA 1.0349 MaxIteration 20541  TIMEOUT 0.167297
 83        966       1022       1143      0.1673       1039        1039      0.0000      8.3988
ALPHA 1.0349 MaxIteration 21257  TIMEOUT 0.176601
 84        966       1022       1143      0.1766       1039        1039      0.0000      8.7288
ALPHA 1.0349 MaxIteration 21997  TIMEOUT 0.184907
 85        966       1022       1143      0.1849       1039        1039      0.0000      9.0634
ALPHA 1.0349 MaxIteration 22763  TIMEOUT 0.188239
 86        966       1022       1143      0.1882       1039        1039      0.0000      9.4188
ALPHA 1.0349 MaxIteration 23556  TIMEOUT 0.191898
 87        966       1022       1143      0.1919       1039        1039      0.0000      9.7788
ALPHA 1.0349 MaxIteration 24377  TIMEOUT 0.199475
 88        966       1022       1143      0.1995       1039        1039      0.0100     10.1388
ALPHA 1.0349 MaxIteration 25226  TIMEOUT 0.208694
 89        966       1022       1143      0.2087       1039        1039      0.0100     10.5088
ALPHA 1.0349 MaxIteration 26105  TIMEOUT 0.213681
 90        966       1022       1143      0.2137       1039        1039      0.0000     10.9012
ALPHA 1.0349 MaxIteration 27014  TIMEOUT 0.217093
 91        966       1022       1143      0.2171       1039        1039      0.0100     11.2961
ALPHA 1.0349 MaxIteration 27955  TIMEOUT 0.226687
 92        966       1022       1143      0.2267       1039        1039      0.0000     11.7188
ALPHA 1.0349 MaxIteration 28929  TIMEOUT 0.236384
 93        966       1022       1143      0.2364       1039        1039      0.0000     12.1488
ALPHA 1.0349 MaxIteration 29937  TIMEOUT 0.238806
 94        966       1022       1143      0.2388       1039        1039      0.0100     12.5819
ALPHA 1.0349 MaxIteration 30980  TIMEOUT 0.255163
 95        966       1022       1143      0.2552       1039        1039      0.0100     13.0588
ALPHA 1.0349 MaxIteration 32059  TIMEOUT 0.258283
 96        966       1022       1143      0.2583       1039        1039      0.0100     13.5288
ALPHA 1.0349 MaxIteration 33176  TIMEOUT 0.273038
 97        966       1022       1143      0.2730       1039        1039      0.0000     14.0288
ALPHA 1.0349 MaxIteration 34332  TIMEOUT 0.274228
 98        966       1022       1143      0.2742       1039        1039      0.0000     14.5288
ALPHA 1.0349 MaxIteration 35528  TIMEOUT 0.287227
 99        966       1022       1143      0.2872       1039        1039      0.0000     15.0688
ALPHA 1.0349 MaxIteration 36766  TIMEOUT 0.299436
100        966       1022       1143      0.2994       1039        1039      0.0100     15.6188
ALPHA 1.0349 MaxIteration 38047  TIMEOUT 0.318130
101        966       1022       1143      0.3181       1039        1039      0.0000     16.2007
ALPHA 1.0349 MaxIteration 39373  TIMEOUT 0.325953
102        966       1022       1143      0.3260       1039        1039      0.0100     16.7888
ALPHA 1.0349 MaxIteration 40745  TIMEOUT 0.329126
103        966       1022       1143      0.3291       1039        1039      0.0100     17.3888
ALPHA 1.0349 MaxIteration 42165  TIMEOUT 0.350251
104        966       1022       1143      0.3503       1039        1039      0.0000     18.0485
ALPHA 1.0349 MaxIteration 43634  TIMEOUT 0.354677
105        966       1022       1143      0.3547       1039        1039      0.0000     18.6988
ALPHA 1.0349 MaxIteration 45155  TIMEOUT 0.368135
106        966       1022       1143      0.3681       1039        1039      0.0000     19.3788
ALPHA 1.0349 MaxIteration 46729  TIMEOUT 0.381339
107        966       1022       1143      0.3813       1039        1039      0.0000     19.9588
ALPHA 1.0349 MaxIteration 48357  TIMEOUT 0.041172
108        966       1022       1143      0.0412>>> T1_100_100_2.wclq |V| 100 |E| 100  (#LB 0.0000 1022 ---> 1022  0.0166  1039 <--- 1059  0.0189 #UB)  #solve_ime 20.0000 read_time 0.0012 
