>>IBM: |V|=1000 |E|=52120
>>IBM: The maximum node weight is 100
/public/home/acs4vb4pqv/benchmarks/MWDS2026/UDG_wclq/UDG_1000_200_8.wclq #seed 102 #alpha 1.900 #timeout 0.100 K=5 RHO=0.05 Q0=0.90 BETA=3.5 AQ_MODE=guarded SAFE_AQ_MIN_GAP=0.050 SAFE_AQ_MIN_NODES=800 AQ_SLOPE_MARGIN=1.05 AQ_MAX_UB_DRIFT=0.25
[v19] |V|=1000 |E|=52120 density=52.12 USE_ADVANCED=1
#Rd        #LB        #LB*       #UB       #Time        #UB+        #UB*      #Time      #TotalTime
First Gap  0.078947
ALPHA 1.9000 MaxIteration 500  TIMEOUT 0.350755
  1         38         38         41      0.3508
 [Tier-3 Hard] gap=0.0789 density=52.12 |V|=1000 => Heavy RL (K=8, 25%)
ALPHA 1.9000 MaxIteration 3  TIMEOUT 0.020793
  2         36         38         46      0.0208ALPHA 1.8304 MaxIteration 5  TIMEOUT 0.034953
  3         36         38         43      0.0350 [AQ guard] no early LB gain, disabling AQ
         41          41      0.0000      0.4475
ALPHA 1.7658 MaxIteration 9  TIMEOUT 0.009562
  4         37         38         41      0.0096         41          41      0.0000      0.4675
ALPHA 1.7056 MaxIteration 15  TIMEOUT 0.013692
  5         37         38         41      0.0137         41          41      0.0000      0.4975
ALPHA 1.6493 MaxIteration 25  TIMEOUT 0.027520
  6         38         38         41      0.0275         41          41      0.0000      0.5476
ALPHA 1.5966 MaxIteration 41  TIMEOUT 0.041081
  7         37         38         41      0.0411         41          41      0.0000      0.6374
ALPHA 1.5472 MaxIteration 65  TIMEOUT 0.105222
  8         37         38         41      0.1052         41          41      0.0000      0.8476
ALPHA 1.5008 MaxIteration 100  TIMEOUT 0.112211
  9         35         38         41      0.1122         41          41      0.0000      1.0775
ALPHA 1.4571 MaxIteration 150  TIMEOUT 0.193107
 10         36         38         41      0.1931         41          41      0.0000      1.4675
ALPHA 1.4158 MaxIteration 218  TIMEOUT 0.321374
 11         35         38         41      0.3214         41          41      0.0000      2.1175
ALPHA 1.3768 MaxIteration 308  TIMEOUT 0.479611
 12         35         38         41      0.4796         41          41      0.0000      3.0776
ALPHA 1.3399 MaxIteration 424  TIMEOUT 0.650173
 13         35         38         41      0.6502         41          41      0.0000      4.3874
ALPHA 1.3049 MaxIteration 568  TIMEOUT 0.878540
 14         35         38         41      0.8785         41          41      0.0000      6.1375
ALPHA 1.2718 MaxIteration 741  TIMEOUT 1.169799
 15         35         38         41      1.1698         41          41      0.0000      8.4776
ALPHA 1.2402 MaxIteration 942  TIMEOUT 0.651706
 16         31         38         41      0.6517
 [LB Done] stag=13 elapsed=45.6% => 10.9s to UB
         41          41      0.0000     19.9775
>>> UDG_1000_200_8.wclq |V| 1000 |E| 52120  (#LB 0.0000 38 ---> 38  0.0789  41 <--- 41  0.0000 #UB)  #solve_ime 19.9775 read_time 0.0126 
