With  Parameters CUTOFF 20 SEED 101  ALPHA = 1.900  K=5 RHO=0.05 Q0=0.90 BETA=3.0 AQ_MODE=guarded
Reading  graph ...  time 0.004630  
Reducing graph ...  time 0.000194  
[v6] |V|=200 |E|=17910 density=89.55 USE_ADVANCED=0 SAFE_AQ_MIN_GAP=0.050 DEEP_AQ_RANGE=[800, 5.00, 10.00] structure_blocks_aq=1 AQ_SLOPE_MARGIN=1.15 AQ_MAX_UB_DRIFT=0.20
#Rd        #LB        #LB*       #UB       #Time        #UB+        #UB*      #Time      #TotalTime
First Gap  0.200000
  1          5          5          6      0.0794
 Switch to DBS-only search, timeout 0.079403....
 [Online-safe AQ structure guard] |V|=200 density=89.55 outside [800, 5.00, 10.00], disabling AQ
          6           6      0.0013        0.1593
ALPHA 1.9000 MaxIteration 3  TIMEOUT 0.079403
  2          5          5          6      0.0005          6           6      0.0012        0.1610
ALPHA 1.8304 MaxIteration 5  TIMEOUT 0.001024
  3          5          5          6      0.0010          6           6      0.0012        0.1632
ALPHA 1.7658 MaxIteration 9  TIMEOUT 0.001905
  4          5          5          7      0.0019          6           6      0.0012        0.1671
ALPHA 1.7056 MaxIteration 15  TIMEOUT 0.003442
  5          4          5          7      0.0018          6           6      0.0012        0.1708
ALPHA 1.6493 MaxIteration 25  TIMEOUT 0.003143
  6          4          5          7      0.0029          6           6      0.0012        0.1768
ALPHA 1.5966 MaxIteration 41  TIMEOUT 0.004808
  7          4          5          7      0.0045          6           6      0.0012        0.1859
ALPHA 1.5472 MaxIteration 65  TIMEOUT 0.007249
  8          4          5          7      0.0073          6           6      0.0012        0.2007
ALPHA 1.5008 MaxIteration 100  TIMEOUT 0.011250
  9          4          5          7      0.0110          6           6      0.0012        0.2228
ALPHA 1.4571 MaxIteration 150  TIMEOUT 0.016455
 10          4          5          7      0.0165          6           6      0.0012        0.2559
ALPHA 1.4158 MaxIteration 218  TIMEOUT 0.024031
 11          4          5          7      0.0239          6           6      0.0012        0.3039
ALPHA 1.3768 MaxIteration 308  TIMEOUT 0.033843
 12          4          5          7      0.0336          6           6      0.0012        0.3714
ALPHA 1.3399 MaxIteration 424  TIMEOUT 0.046291
 13          4          5          7      0.0461          6           6      0.0012        0.4638
ALPHA 1.3049 MaxIteration 568  TIMEOUT 0.061771
 14          4          5          7      0.0603          6           6      0.0012        0.5855
ALPHA 1.2718 MaxIteration 741  TIMEOUT 0.078750
 15          4          5          7      0.0776          6           6      0.0012        0.7429
ALPHA 1.2402 MaxIteration 942  TIMEOUT 0.098645
 16          4          5          7      0.0988          6           6      0.0011        0.9416
ALPHA 1.2102 MaxIteration 1168  TIMEOUT 0.122474
 17          4          5          7      0.1225          6           6      0.0012        1.1868
ALPHA 1.1816 MaxIteration 1413  TIMEOUT 0.148229
 18          4          5          7      0.1482          6           6      0.0012        1.4834
ALPHA 1.1543 MaxIteration 1669  TIMEOUT 0.175165
 19          4          5          7      0.1752          6           6      0.0011        1.8341
ALPHA 1.1283 MaxIteration 1926  TIMEOUT 0.202224
 20          4          5          7      0.2022          6           6      0.0012        2.2396
ALPHA 1.1034 MaxIteration 2173  TIMEOUT 0.228131
 21          4          5          7      0.2282          6           6      0.0012        2.6973
ALPHA 1.0795 MaxIteration 2397  TIMEOUT 0.251829
 22          4          5          7      0.2506          6           6      0.0012        3.2007
ALPHA 1.0567 MaxIteration 2587  TIMEOUT 0.270560
 23          4          5          7      0.2704          6           6      0.0012        3.7438
ALPHA 1.0349 MaxIteration 2733  TIMEOUT 0.285727
 24          4          5          7      0.2857          6           6      0.0012        4.3174
ALPHA 1.0349 MaxIteration 2828  TIMEOUT 0.295690
 25          4          5          7      0.2916          6           6      0.0011        4.9038
ALPHA 1.0349 MaxIteration 2926  TIMEOUT 0.301744
 26          4          5          7      0.3019          6           6      0.0012        5.5088
ALPHA 1.0349 MaxIteration 3027  TIMEOUT 0.312376
 27          4          5          7      0.3125          6           6      0.0011        6.1351
ALPHA 1.0349 MaxIteration 3132  TIMEOUT 0.323354
 28          4          5          7      0.3234          6           6      0.0012        6.7834
ALPHA 1.0349 MaxIteration 3241  TIMEOUT 0.334701
 29          4          5          7      0.3348          6           6      0.0012        7.4562
ALPHA 1.0349 MaxIteration 3353  TIMEOUT 0.346448
 30          4          5          7      0.3465          6           6      0.0013        8.1517
ALPHA 1.0349 MaxIteration 3469  TIMEOUT 0.358583
 31          4          5          7      0.3586          6           6      0.0012        8.8703
ALPHA 1.0349 MaxIteration 3589  TIMEOUT 0.371124
 32          4          5          7      0.3712          6           6      0.0012        9.6151
ALPHA 1.0349 MaxIteration 3714  TIMEOUT 0.384097
 33          4          5          7      0.3842          6           6      0.0012       10.3878
ALPHA 1.0349 MaxIteration 3843  TIMEOUT 0.397594
 34          4          5          7      0.3977          6           6      0.0012       11.1843
ALPHA 1.0349 MaxIteration 3976  TIMEOUT 0.411534
 35          4          5          7      0.4116          6           6      0.0012       12.0108
ALPHA 1.0349 MaxIteration 4114  TIMEOUT 0.425950
 36          4          5          7      0.4260          6           6      0.0012       12.8700
ALPHA 1.0349 MaxIteration 4257  TIMEOUT 0.440854
 37          4          5          7      0.4410          6           6      0.0013       13.7534
ALPHA 1.0349 MaxIteration 4405  TIMEOUT 0.456326
 38          4          5          7      0.4564          6           6      0.0012       19.9988
>>> gen200_p0.9_55.clq |V| 200 |E| 17910  (#LB 0.0000 5 ---> 5  0.1667  6 <--- 6  0.0000 #UB)  #read_time 0.0046  #reduce_time 0.0002  #solve_time 19.9988  #total_time 20.0036
 