>>IBM: |V|=150 |E|=2000
>>IBM: The maximum node weight is 1235
/public/home/acs4vb4pqv/benchmarks/MWDS2026/T2_wclq/T2_150_2000_1.wclq #seed 103 #alpha 1.900 #timeout 0.100 K=5 RHO=0.05 Q0=0.90 BETA=3.5 AQ_MODE=dbs SAFE_AQ_MIN_GAP=0.050 SAFE_AQ_MIN_NODES=800 AQ_SLOPE_MARGIN=1.05 AQ_MAX_UB_DRIFT=0.25
[v19] |V|=150 |E|=2000 density=13.33 USE_ADVANCED=0
#Rd        #LB        #LB*       #UB       #Time        #UB+        #UB*      #Time      #TotalTime
First Gap  0.188867
ALPHA 1.9000 MaxIteration 500  TIMEOUT 0.039441
  1        503        503        598      0.0394        598         598      0.0000      0.0700
ALPHA 1.9000 MaxIteration 3  TIMEOUT 0.000338
  2        488        503        704      0.0003        598         598      0.0000      0.0800
ALPHA 1.8304 MaxIteration 5  TIMEOUT 0.000791
  3        477        503        621      0.0008        598         598      0.0000      0.0900
ALPHA 1.7658 MaxIteration 9  TIMEOUT 0.001323
  4        467        503        601      0.0013        598         598      0.0000      0.1000
ALPHA 1.7056 MaxIteration 15  TIMEOUT 0.001270
  5        454        503        598      0.0013        598         598      0.0000      0.1100
ALPHA 1.6493 MaxIteration 25  TIMEOUT 0.003260
  6        473        503        598      0.0033        598         598      0.0000      0.1200
ALPHA 1.5966 MaxIteration 41  TIMEOUT 0.010112
  7        470        503        598      0.0101        598         598      0.0000      0.1500
ALPHA 1.5472 MaxIteration 65  TIMEOUT 0.006351
  8        469        503        598      0.0064        598         598      0.0000      0.1600
ALPHA 1.5008 MaxIteration 100  TIMEOUT 0.009209
  9        469        503        598      0.0092        598         598      0.0000      0.1700
ALPHA 1.4571 MaxIteration 150  TIMEOUT 0.022161
 10        482        503        598      0.0222        598         598      0.0000      0.2200
ALPHA 1.4158 MaxIteration 218  TIMEOUT 0.018175
 11        481        503        598      0.0182        598         598      0.0000      0.2500
ALPHA 1.3768 MaxIteration 308  TIMEOUT 0.041838
 12        476        503        598      0.0418        598         598      0.0000      0.3400
ALPHA 1.3399 MaxIteration 424  TIMEOUT 0.046173
 13        476        503        598      0.0462        598         598      0.0000      0.4300
ALPHA 1.3049 MaxIteration 568  TIMEOUT 0.075732
 14        476        503        598      0.0757        598         598      0.0000      0.5800
ALPHA 1.2718 MaxIteration 741  TIMEOUT 0.098081
 15        476        503        598      0.0981        598         598      0.0000      0.7700
ALPHA 1.2402 MaxIteration 942  TIMEOUT 0.119044
 16        476        503        598      0.1190        598         598      0.0000      0.9900
ALPHA 1.2102 MaxIteration 1168  TIMEOUT 0.147015
 17        482        503        598      0.1470        598         598      0.0000      1.2800
ALPHA 1.1816 MaxIteration 1413  TIMEOUT 0.176795
 18        482        503        598      0.1768        598         598      0.0000      1.6300
ALPHA 1.1543 MaxIteration 1669  TIMEOUT 0.206760
 19        482        503        598      0.2068        598         598      0.0000      2.0300
ALPHA 1.1283 MaxIteration 1926  TIMEOUT 0.236324
 20        482        503        598      0.2363        598         598      0.0000      2.5000
ALPHA 1.1034 MaxIteration 2173  TIMEOUT 0.268132
 21        482        503        598      0.2681        598         598      0.0000      3.0200
ALPHA 1.0795 MaxIteration 2397  TIMEOUT 0.404842
 22        496        503        598      0.4048        598         598      0.0000      3.8200
ALPHA 1.0567 MaxIteration 2587  TIMEOUT 0.351185
 23        487        503        598      0.3512        598         598      0.0000      4.5200
ALPHA 1.0349 MaxIteration 2733  TIMEOUT 0.349004
 24        486        503        598      0.3490        598         598      0.0000      5.2000
ALPHA 1.0349 MaxIteration 2828  TIMEOUT 0.405777
 25        482        503        598      0.4058        598         598      0.0000      6.0000
ALPHA 1.0349 MaxIteration 2926  TIMEOUT 0.363527
 26        476        503        598      0.3635        598         598      0.0000      6.7200
ALPHA 1.0349 MaxIteration 3027  TIMEOUT 0.221001
 27        464        503        598      0.2210        598         598      0.0000      7.1700
ALPHA 1.0349 MaxIteration 3132  TIMEOUT 0.381999
 28        482        503        598      0.3820        598         598      0.0000      7.9300
ALPHA 1.0349 MaxIteration 3241  TIMEOUT 0.403868
 29        479        503        598      0.4039        598         598      0.0000      8.7300
ALPHA 1.0349 MaxIteration 3353  TIMEOUT 0.412736
 30        482        503        598      0.4127        598         598      0.0000      9.5500
ALPHA 1.0349 MaxIteration 3469  TIMEOUT 0.438444
 31        476        503        598      0.4384        598         598      0.0000     10.4100
ALPHA 1.0349 MaxIteration 3589  TIMEOUT 0.516912
 32        482        503        598      0.5169        598         598      0.0000     11.4300
ALPHA 1.0349 MaxIteration 3714  TIMEOUT 0.423950
 33        484        503        598      0.4239        598         598      0.0000     12.2700
ALPHA 1.0349 MaxIteration 3843  TIMEOUT 0.477247
 34        476        503        598      0.4772        598         598      0.0000     13.2000
ALPHA 1.0349 MaxIteration 3976  TIMEOUT 0.472782
 35        476        503        598      0.4728        598         598      0.0000     14.1400
ALPHA 1.0349 MaxIteration 4114  TIMEOUT 0.662847
 36        482        503        598      0.6628        598         598      0.0000     15.4600
ALPHA 1.0349 MaxIteration 4257  TIMEOUT 0.512064
 37        482        503        598      0.5121        598         598      0.0000     16.4700
ALPHA 1.0349 MaxIteration 4405  TIMEOUT 0.537427
 38        482        503        598      0.5374        598         598      0.0000     17.5300
ALPHA 1.0349 MaxIteration 4558  TIMEOUT 0.577959
 39        482        503        598      0.5780        598         598      0.0000     18.6700
ALPHA 1.0349 MaxIteration 4716  TIMEOUT 0.655932
 40        478        503        598      0.6559        598         598      0.0000     19.9700
ALPHA 1.0349 MaxIteration 4880  TIMEOUT 0.030013
 41        456        503        598      0.0300>>> T2_150_2000_1.wclq |V| 150 |E| 2000  (#LB 0.0000 503 ---> 503  0.1889  598 <--- 598  0.0000 #UB)  #solve_ime 20.0000 read_time 0.0000 
