With  Parameters CUTOFF 20 SEED 102  ALPHA = 1.900  K=5 RHO=0.05 Q0=0.90 BETA=3.0 AQ_MODE=dbs
Reading  graph ...  time 0.013957  
Reducing graph ...  time 0.000646  
[v6] |V|=1000 |E|=52120 density=52.12 USE_ADVANCED=0 SAFE_AQ_MIN_GAP=0.050 DEEP_AQ_RANGE=[800, 5.00, 10.00] structure_blocks_aq=1 AQ_SLOPE_MARGIN=1.15 AQ_MAX_UB_DRIFT=0.20
#Rd        #LB        #LB*       #UB       #Time        #UB+        #UB*      #Time      #TotalTime
First Gap  0.078947
  1         38         38         41      0.3442
 Switch to DBS-only search, timeout 0.344169....
 [Online-safe AQ structure guard] |V|=1000 density=52.12 outside [800, 5.00, 10.00], disabling AQ
         41          41      0.0061        0.6891
ALPHA 1.9000 MaxIteration 3  TIMEOUT 0.344169
  2         37         38         42      0.0023         42          41      0.0058        0.6972
ALPHA 1.8304 MaxIteration 5  TIMEOUT 0.004321
  3         37         38         43      0.0036         42          41      0.0060        0.7069
ALPHA 1.7658 MaxIteration 9  TIMEOUT 0.006648
  4         37         38         41      0.0060         42          41      0.0059        0.7190
ALPHA 1.7056 MaxIteration 15  TIMEOUT 0.010676
  5         37         38         41      0.0094         41          41      0.0067        0.7379
ALPHA 1.6493 MaxIteration 25  TIMEOUT 0.016025
  6         38         38         41      0.0166         41          41      0.0061        0.7711
ALPHA 1.5966 MaxIteration 41  TIMEOUT 0.027397
  7         38         38         41      0.0232         41          41      0.0060        0.8177
ALPHA 1.5472 MaxIteration 65  TIMEOUT 0.037098
  8         38         38         41      0.0371         41          41      0.0066        0.8919
ALPHA 1.5008 MaxIteration 100  TIMEOUT 0.057373
  9         38         38         41      0.0562         41          41      0.0066        1.0045
ALPHA 1.4571 MaxIteration 150  TIMEOUT 0.084364
 10         38         38         41      0.0843         41          41      0.0061        1.1731
ALPHA 1.4158 MaxIteration 218  TIMEOUT 0.122764
 11         38         38         41      0.1224         41          41      0.0063        1.4180
ALPHA 1.3768 MaxIteration 308  TIMEOUT 0.173287
 12         38         38         41      0.1726         41          41      0.0062        1.7633
ALPHA 1.3399 MaxIteration 424  TIMEOUT 0.237613
 13         38         38         41      0.2375         41          41      0.0063        2.2392
ALPHA 1.3049 MaxIteration 568  TIMEOUT 0.318175
 14         38         38         41      0.3187         41          41      0.0065        2.8769
ALPHA 1.2718 MaxIteration 741  TIMEOUT 0.415878
 15         38         38         41      0.4165         41          41      0.0073        3.7120
ALPHA 1.2402 MaxIteration 942  TIMEOUT 0.529663
 16         38         38         41      0.5301         41          41      0.0066        4.7723
ALPHA 1.2102 MaxIteration 1168  TIMEOUT 0.657389
 17         38         38         41      0.6580         41          41      0.0063        6.0885
ALPHA 1.1816 MaxIteration 1413  TIMEOUT 0.796291
 18         38         38         41      0.7966         41          41      0.0063        7.6818
ALPHA 1.1543 MaxIteration 1669  TIMEOUT 0.941202
 19         38         38         41      0.9418         41          41      0.0073        9.5658
ALPHA 1.1283 MaxIteration 1926  TIMEOUT 1.087134
 20         38         38         41      1.0875         41          41      0.0073       11.7430
ALPHA 1.1034 MaxIteration 2173  TIMEOUT 1.226943
 21         38         38         41      1.2228         41          41      0.0065       14.1899
ALPHA 1.0795 MaxIteration 2397  TIMEOUT 1.349168
 22         38         38         41      1.3463         41          41      0.0064       19.9942
>>> UDG_1000_200_8.wclq |V| 1000 |E| 52120  (#LB 0.0000 38 ---> 38  0.0732  41 <--- 41  0.0000 #UB)  #read_time 0.0140  #reduce_time 0.0006  #solve_time 19.9942  #total_time 20.0089
 