With  Parameters CUTOFF 20 SEED 103  ALPHA = 1.900  K=5 RHO=0.05 Q0=0.90 BETA=3.0 AQ_MODE=guarded
Reading  graph ...  time 0.000695  
Reducing graph ...  time 0.000050  
[v6] |V|=200 |E|=2000 density=10.00 USE_ADVANCED=0 SAFE_AQ_MIN_GAP=0.050 DEEP_AQ_RANGE=[800, 5.00, 10.00] structure_blocks_aq=1 AQ_SLOPE_MARGIN=1.15 AQ_MAX_UB_DRIFT=0.20
#Rd        #LB        #LB*       #UB       #Time        #UB+        #UB*      #Time      #TotalTime
First Gap  1.328283
  1        198        198        461      0.0457
 Switch to DBS-only search, timeout 0.045652....
 [Online-safe AQ structure guard] |V|=200 density=10.00 outside [800, 5.00, 10.00], disabling AQ
        416         416      0.0047        0.0918
ALPHA 1.9000 MaxIteration 3  TIMEOUT 0.045652
  2        195        198        521      0.0003        441         416      0.0003        0.0925
ALPHA 1.8304 MaxIteration 5  TIMEOUT 0.000621
  3        196        198        550      0.0007        427         416      0.0003        0.0939
ALPHA 1.7658 MaxIteration 9  TIMEOUT 0.001265
  4        188        198        524      0.0010        416         416      0.0008        0.0960
ALPHA 1.7056 MaxIteration 15  TIMEOUT 0.001789
  5        195        198        536      0.0015        420         416      0.0008        0.0990
ALPHA 1.6493 MaxIteration 25  TIMEOUT 0.002558
  6        202        202        530      0.0026        419         416      0.0012        0.1043
ALPHA 1.5966 MaxIteration 41  TIMEOUT 0.004328
  7        204        204        519      0.0044        419         416      0.0021        0.1130
ALPHA 1.5472 MaxIteration 65  TIMEOUT 0.006993
  8        211        211        497      0.0070        416         416      0.0016        0.1271
ALPHA 1.5008 MaxIteration 100  TIMEOUT 0.010840
  9        214        214        502      0.0109        416         416      0.0097        0.1488
ALPHA 1.4571 MaxIteration 150  TIMEOUT 0.016287
 10        218        218        465      0.0164        416         416      0.0090        0.1816
ALPHA 1.4158 MaxIteration 218  TIMEOUT 0.023853
 11        217        218        495      0.0239        416         416      0.0023        0.2295
ALPHA 1.3768 MaxIteration 308  TIMEOUT 0.033897
 12        217        218        511      0.0340        416         416      0.0080        0.2974
ALPHA 1.3399 MaxIteration 424  TIMEOUT 0.046762
 13        217        218        505      0.0468        416         416      0.0042        0.3922
ALPHA 1.3049 MaxIteration 568  TIMEOUT 0.062667
 14        216        218        519      0.0542        416         416      0.0027        0.5030
ALPHA 1.2718 MaxIteration 741  TIMEOUT 0.070748
 15        222        222        495      0.0708        416         416      0.0009        0.6450
ALPHA 1.2402 MaxIteration 942  TIMEOUT 0.090025
 16        222        222        519      0.0843        416         416      0.0022        0.8155
ALPHA 1.2102 MaxIteration 1168  TIMEOUT 0.104588
 17        222        222        510      0.1047        416         416      0.0008        1.0257
ALPHA 1.1816 MaxIteration 1413  TIMEOUT 0.126651
 18        222        222        500      0.1252        416         416      0.0016        1.2780
ALPHA 1.1543 MaxIteration 1669  TIMEOUT 0.147948
 19        222        222        489      0.1465        416         416      0.0167        1.5733
ALPHA 1.1283 MaxIteration 1926  TIMEOUT 0.169140
 20        222        222        500      0.1692        416         416      0.0013        1.9161
ALPHA 1.1034 MaxIteration 2173  TIMEOUT 0.190920
 21        222        222        482      0.1910        416         416      0.0052        2.3024
ALPHA 1.0795 MaxIteration 2397  TIMEOUT 0.210714
 22        222        222        499      0.2107        416         416      0.0013        2.7277
ALPHA 1.0567 MaxIteration 2587  TIMEOUT 0.227499
 23        222        222        483      0.2276        416         416      0.0043        3.1864
ALPHA 1.0349 MaxIteration 2733  TIMEOUT 0.240478
 24        222        222        505      0.2405        416         416      0.0034        3.6740
ALPHA 1.0349 MaxIteration 2828  TIMEOUT 0.248896
 25        222        222        510      0.2489        416         416      0.0065        4.1767
ALPHA 1.0349 MaxIteration 2926  TIMEOUT 0.257599
 26        222        222        512      0.2577        416         416      0.0026        4.6980
ALPHA 1.0349 MaxIteration 3027  TIMEOUT 0.266654
 27        222        222        512      0.2667        416         416      0.0151        5.2335
ALPHA 1.0349 MaxIteration 3132  TIMEOUT 0.276020
 28        222        222        461      0.2760        416         416      0.0023        5.7895
ALPHA 1.0349 MaxIteration 3241  TIMEOUT 0.285659
 29        222        222        482      0.2856        416         416      0.0020        6.3667
ALPHA 1.0349 MaxIteration 3353  TIMEOUT 0.295512
 30        222        222        482      0.2955        416         416      0.0054        6.9621
ALPHA 1.0349 MaxIteration 3469  TIMEOUT 0.305819
 31        222        222        494      0.3043        416         416      0.0088        7.5775
ALPHA 1.0349 MaxIteration 3589  TIMEOUT 0.314887
 32        222        222        494      0.3150        416         416      0.0126        8.2110
ALPHA 1.0349 MaxIteration 3714  TIMEOUT 0.325958
 33        222        222        494      0.3260        416         416      0.0068        8.8672
ALPHA 1.0349 MaxIteration 3843  TIMEOUT 0.337376
 34        222        222        494      0.3371        416         416      0.0010        9.5477
ALPHA 1.0349 MaxIteration 3976  TIMEOUT 0.348834
 35        222        222        494      0.3454        416         416      0.0034       10.2455
ALPHA 1.0349 MaxIteration 4114  TIMEOUT 0.357474
 36        222        222        494      0.3575        416         416      0.0011       10.9636
ALPHA 1.0349 MaxIteration 4257  TIMEOUT 0.369969
 37        222        222        494      0.3694        416         416      0.0098       11.7093
ALPHA 1.0349 MaxIteration 4405  TIMEOUT 0.382318
 38        222        222        494      0.3824        416         416      0.0018       12.4817
ALPHA 1.0349 MaxIteration 4558  TIMEOUT 0.395740
 39        222        222        494      0.3940        416         416      0.0017       13.2775
ALPHA 1.0349 MaxIteration 4716  TIMEOUT 0.407688
 40        222        222        494      0.4077        416         416      0.0151       19.9997
>>> T1_200_2000_8.wclq |V| 200 |E| 2000  (#LB 0.1212 198 ---> 222  0.4663  416 <--- 461  0.0976 #UB)  #read_time 0.0007  #reduce_time 0.0000  #solve_time 19.9998  #total_time 20.0005
 