With  Parameters CUTOFF 20 SEED 102  ALPHA = 1.900  K=5 RHO=0.05 Q0=0.90 BETA=3.0 AQ_MODE=guarded
Reading  graph ...  time 0.058744  
Reducing graph ...  time 0.000762  
[v6] |V|=500 |E|=125248 density=250.50 USE_ADVANCED=0 SAFE_AQ_MIN_GAP=0.050 DEEP_AQ_RANGE=[800, 5.00, 10.00] structure_blocks_aq=1 AQ_SLOPE_MARGIN=1.15 AQ_MAX_UB_DRIFT=0.20
#Rd        #LB        #LB*       #UB       #Time        #UB+        #UB*      #Time      #TotalTime
First Gap  0.454545
  1         11         11         16      0.5337
 Switch to DBS-only search, timeout 0.533682....
 [Online-safe AQ structure guard] |V|=500 density=250.50 outside [800, 5.00, 10.00], disabling AQ
         16          16      0.0196        1.2501
ALPHA 1.9000 MaxIteration 3  TIMEOUT 0.533682
  2         11         11         16      0.0057         18          16      0.0043        1.2617
ALPHA 1.8304 MaxIteration 5  TIMEOUT 0.010744
  3         11         11         16      0.0061         18          16      0.0044        1.2741
ALPHA 1.7658 MaxIteration 9  TIMEOUT 0.011100
  4         10         11         16      0.0119         16          16      0.0109        1.2983
ALPHA 1.7056 MaxIteration 15  TIMEOUT 0.021052
  5         11         11         18      0.0212         16          16      0.0060        1.3410
ALPHA 1.6493 MaxIteration 25  TIMEOUT 0.036185
  6         11         11         16      0.0281         16          16      0.0054        1.3973
ALPHA 1.5966 MaxIteration 41  TIMEOUT 0.046309
  7         11         11         16      0.0394         16          16      0.0061        1.4762
ALPHA 1.5472 MaxIteration 65  TIMEOUT 0.062866
  8         11         11         18      0.0617         16          16      0.0066        1.5999
ALPHA 1.5008 MaxIteration 100  TIMEOUT 0.095518
  9         11         11         18      0.0950         16          16      0.0114        1.7900
ALPHA 1.4571 MaxIteration 150  TIMEOUT 0.142530
 10         11         11         18      0.1424         16          16      0.0144        2.0749
ALPHA 1.4158 MaxIteration 218  TIMEOUT 0.207483
 11         11         11         16      0.2056         16          16      0.0092        2.4873
ALPHA 1.3768 MaxIteration 308  TIMEOUT 0.291081
 12         11         11         16      0.2912         16          16      0.0073        3.0699
ALPHA 1.3399 MaxIteration 424  TIMEOUT 0.400901
 13         11         11         16      0.4016         16          16      0.0092        3.8745
ALPHA 1.3049 MaxIteration 568  TIMEOUT 0.538107
 14         11         11         16      0.5354         16          16      0.0064        4.9456
ALPHA 1.2718 MaxIteration 741  TIMEOUT 0.698682
 15         11         11         16      0.6973         16          16      0.0077        6.3405
ALPHA 1.2402 MaxIteration 942  TIMEOUT 0.886741
 16         11         11         16      0.8781         16          16      0.0107        8.0974
ALPHA 1.2102 MaxIteration 1168  TIMEOUT 1.089085
 17         11         11         16      1.0868         16          16      0.0068       10.2725
ALPHA 1.1816 MaxIteration 1413  TIMEOUT 1.315289
 18         11         11         16      1.3156         16          16      0.0100       12.9064
ALPHA 1.1543 MaxIteration 1669  TIMEOUT 1.554512
 19         11         11         16      1.5547         16          16      0.0087       19.9957
>>> DSJC500_5.clq |V| 500 |E| 125248  (#LB 0.0000 11 ---> 11  0.3125  16 <--- 16  0.0000 #UB)  #read_time 0.0587  #reduce_time 0.0008  #solve_time 19.9957  #total_time 20.0553
 