With  Parameters CUTOFF 20 SEED 103  ALPHA = 1.900  K=5 RHO=0.05 Q0=0.90 BETA=3.0 AQ_MODE=guarded
Reading  graph ...  time 0.013501  
Reducing graph ...  time 0.000674  
[v6] |V|=1000 |E|=52120 density=52.12 USE_ADVANCED=0 SAFE_AQ_MIN_GAP=0.050 DEEP_AQ_RANGE=[800, 5.00, 10.00] structure_blocks_aq=1 AQ_SLOPE_MARGIN=1.15 AQ_MAX_UB_DRIFT=0.20
#Rd        #LB        #LB*       #UB       #Time        #UB+        #UB*      #Time      #TotalTime
First Gap  0.078947
  1         38         38         41      0.3502
 Switch to DBS-only search, timeout 0.350224....
 [Online-safe AQ structure guard] |V|=1000 density=52.12 outside [800, 5.00, 10.00], disabling AQ
         41          41      0.0066        0.7426
ALPHA 1.9000 MaxIteration 3  TIMEOUT 0.350224
  2         37         38         42      0.0026         42          41      0.0059        0.7511
ALPHA 1.8304 MaxIteration 5  TIMEOUT 0.004875
  3         37         38         43      0.0038         42          41      0.0058        0.7607
ALPHA 1.7658 MaxIteration 9  TIMEOUT 0.006903
  4         37         38         41      0.0061         42          41      0.0058        0.7729
ALPHA 1.7056 MaxIteration 15  TIMEOUT 0.010718
  5         37         38         41      0.0097         41          41      0.0063        0.7924
ALPHA 1.6493 MaxIteration 25  TIMEOUT 0.016508
  6         38         38         41      0.0169         41          41      0.0060        0.8263
ALPHA 1.5966 MaxIteration 41  TIMEOUT 0.027845
  7         38         38         41      0.0244         41          41      0.0061        0.8754
ALPHA 1.5472 MaxIteration 65  TIMEOUT 0.039033
  8         38         38         41      0.0376         41          41      0.0069        0.9549
ALPHA 1.5008 MaxIteration 100  TIMEOUT 0.058122
  9         38         38         41      0.0568         41          41      0.0069        1.0696
ALPHA 1.4571 MaxIteration 150  TIMEOUT 0.085203
 10         38         38         41      0.0858         41          41      0.0064        1.2416
ALPHA 1.4158 MaxIteration 218  TIMEOUT 0.125007
 11         38         38         41      0.1253         41          41      0.0063        1.4936
ALPHA 1.3768 MaxIteration 308  TIMEOUT 0.177368
 12         38         38         41      0.1775         41          41      0.0064        1.8497
ALPHA 1.3399 MaxIteration 424  TIMEOUT 0.244439
 13         38         38         41      0.2450         41          41      0.0070        2.3401
ALPHA 1.3049 MaxIteration 568  TIMEOUT 0.328216
 14         38         38         41      0.3286         41          41      0.0064        2.9977
ALPHA 1.2718 MaxIteration 741  TIMEOUT 0.428855
 15         38         38         41      0.4292         41          41      0.0064        3.8575
ALPHA 1.2402 MaxIteration 942  TIMEOUT 0.545819
 16         38         38         41      0.5464         41          41      0.0062        4.9507
ALPHA 1.2102 MaxIteration 1168  TIMEOUT 0.677601
 17         38         38         41      0.6777         41          41      0.0064        6.3084
ALPHA 1.1816 MaxIteration 1413  TIMEOUT 0.820173
 18         38         38         41      0.8182         41          41      0.0065        7.9462
ALPHA 1.1543 MaxIteration 1669  TIMEOUT 0.966767
 19         38         38         41      0.9640         41          41      0.0060        9.8752
ALPHA 1.1283 MaxIteration 1926  TIMEOUT 1.112755
 20         38         38         41      1.1059         41          41      0.0060       12.0894
ALPHA 1.1034 MaxIteration 2173  TIMEOUT 1.247705
 21         38         38         41      1.2479         41          41      0.0063       19.9940
>>> UDG_1000_200_8.wclq |V| 1000 |E| 52120  (#LB 0.0000 38 ---> 38  0.0732  41 <--- 41  0.0000 #UB)  #read_time 0.0135  #reduce_time 0.0007  #solve_time 19.9941  #total_time 20.0083
 