With  Parameters CUTOFF 20 SEED 102  ALPHA = 1.900  K=5 RHO=0.05 Q0=0.90 BETA=3.0 AQ_MODE=guarded
Reading  graph ...  time 0.004931  
Reducing graph ...  time 0.000207  
[v6] |V|=200 |E|=17910 density=89.55 USE_ADVANCED=0 SAFE_AQ_MIN_GAP=0.000 DEEP_AQ_RANGE=[800, 5.00, 10.00] structure_blocks_aq=1 AQ_SLOPE_MARGIN=1.15 AQ_MAX_UB_DRIFT=0.20
#Rd        #LB        #LB*       #UB       #Time        #UB+        #UB*      #Time      #TotalTime
First Gap  0.200000
  1          5          5          6      0.0690
 Switch to DBS-only search, timeout 0.069008....
 [Online-safe AQ structure guard] |V|=200 density=89.55 outside [800, 5.00, 10.00], disabling AQ
          6           6      0.0012        0.2144
ALPHA 1.9000 MaxIteration 3  TIMEOUT 0.069008
  2          5          5          6      0.0004          6           6      0.0011        0.2160
ALPHA 1.8304 MaxIteration 5  TIMEOUT 0.000828
  3          5          5          6      0.0009          6           6      0.0011        0.2179
ALPHA 1.7658 MaxIteration 9  TIMEOUT 0.001605
  4          5          5          7      0.0017          6           6      0.0011        0.2213
ALPHA 1.7056 MaxIteration 15  TIMEOUT 0.002951
  5          4          5          7      0.0015          6           6      0.0011        0.2245
ALPHA 1.6493 MaxIteration 25  TIMEOUT 0.002591
  6          4          5          7      0.0025          6           6      0.0011        0.2295
ALPHA 1.5966 MaxIteration 41  TIMEOUT 0.004085
  7          4          5          7      0.0030          6           6      0.0011        0.2364
ALPHA 1.5472 MaxIteration 65  TIMEOUT 0.004771
  8          4          5          7      0.0048          6           6      0.0011        0.2461
ALPHA 1.5008 MaxIteration 100  TIMEOUT 0.007422
  9          4          5          7      0.0075          6           6      0.0011        0.2612
ALPHA 1.4571 MaxIteration 150  TIMEOUT 0.011254
 10          4          5          7      0.0113          6           6      0.0011        0.2838
ALPHA 1.4158 MaxIteration 218  TIMEOUT 0.016441
 11          4          5          7      0.0165          6           6      0.0011        0.3180
ALPHA 1.3768 MaxIteration 308  TIMEOUT 0.023361
 12          4          5          7      0.0234          6           6      0.0011        0.3648
ALPHA 1.3399 MaxIteration 424  TIMEOUT 0.032166
 13          4          5          7      0.0323          6           6      0.0011        0.4295
ALPHA 1.3049 MaxIteration 568  TIMEOUT 0.043236
 14          4          5          7      0.0432          6           6      0.0012        0.5171
ALPHA 1.2718 MaxIteration 741  TIMEOUT 0.056435
 15          4          5          7      0.0565          6           6      0.0011        0.6302
ALPHA 1.2402 MaxIteration 942  TIMEOUT 0.071863
 16          4          5          7      0.0719          6           6      0.0011        0.7779
ALPHA 1.2102 MaxIteration 1168  TIMEOUT 0.089226
 17          4          5          7      0.0892          6           6      0.0011        0.9565
ALPHA 1.1816 MaxIteration 1413  TIMEOUT 0.108001
 18          4          5          7      0.1080          6           6      0.0012        1.1741
ALPHA 1.1543 MaxIteration 1669  TIMEOUT 0.127658
 19          4          5          7      0.1278          6           6      0.0012        1.4297
ALPHA 1.1283 MaxIteration 1926  TIMEOUT 0.147474
 20          4          5          7      0.1475          6           6      0.0011        1.7248
ALPHA 1.1034 MaxIteration 2173  TIMEOUT 0.166431
 21          4          5          7      0.1665          6           6      0.0010        2.0590
ALPHA 1.0795 MaxIteration 2397  TIMEOUT 0.183716
 22          4          5          7      0.1838          6           6      0.0012        2.4267
ALPHA 1.0567 MaxIteration 2587  TIMEOUT 0.198406
 23          4          5          7      0.1985          6           6      0.0010        2.8238
ALPHA 1.0349 MaxIteration 2733  TIMEOUT 0.209722
 24          4          5          7      0.2098          6           6      0.0011        3.2455
ALPHA 1.0349 MaxIteration 2828  TIMEOUT 0.217116
 25          4          5          7      0.2172          6           6      0.0012        3.6812
ALPHA 1.0349 MaxIteration 2926  TIMEOUT 0.224785
 26          4          5          7      0.2248          6           6      0.0011        4.1321
ALPHA 1.0349 MaxIteration 3027  TIMEOUT 0.232678
 27          4          5          7      0.2327          6           6      0.0012        4.5998
ALPHA 1.0349 MaxIteration 3132  TIMEOUT 0.240860
 28          4          5          7      0.2409          6           6      0.0011        5.0817
ALPHA 1.0349 MaxIteration 3241  TIMEOUT 0.249321
 29          4          5          7      0.2494          6           6      0.0013        5.5836
ALPHA 1.0349 MaxIteration 3353  TIMEOUT 0.258109
 30          4          5          7      0.2582          6           6      0.0011        6.1012
ALPHA 1.0349 MaxIteration 3469  TIMEOUT 0.267185
 31          4          5          7      0.2672          6           6      0.0012        6.6357
ALPHA 1.0349 MaxIteration 3589  TIMEOUT 0.276509
 32          4          5          7      0.2765          6           6      0.0010        7.1926
ALPHA 1.0349 MaxIteration 3714  TIMEOUT 0.286161
 33          4          5          7      0.2863          6           6      0.0010        7.7663
ALPHA 1.0349 MaxIteration 3843  TIMEOUT 0.296233
 34          4          5          7      0.2963          6           6      0.0011        8.3591
ALPHA 1.0349 MaxIteration 3976  TIMEOUT 0.306647
 35          4          5          7      0.3067          6           6      0.0012        8.9726
ALPHA 1.0349 MaxIteration 4114  TIMEOUT 0.317386
 36          4          5          7      0.3174          6           6      0.0011        9.6097
ALPHA 1.0349 MaxIteration 4257  TIMEOUT 0.328482
 37          4          5          7      0.3286          6           6      0.0012       10.2670
ALPHA 1.0349 MaxIteration 4405  TIMEOUT 0.340020
 38          4          5          7      0.3401          6           6      0.0011       10.9523
ALPHA 1.0349 MaxIteration 4558  TIMEOUT 0.351961
 39          4          5          7      0.3520          6           6      0.0010       11.6575
ALPHA 1.0349 MaxIteration 4716  TIMEOUT 0.364291
 40          4          5          7      0.3643          6           6      0.0010       12.3884
ALPHA 1.0349 MaxIteration 4880  TIMEOUT 0.377026
 41          4          5          7      0.3771          6           6      0.0010       13.1446
ALPHA 1.0349 MaxIteration 5050  TIMEOUT 0.390195
 42          4          5          7      0.3903          6           6      0.0011       19.9991
>>> gen200_p0.9_55.clq |V| 200 |E| 17910  (#LB 0.0000 5 ---> 5  0.1667  6 <--- 6  0.0000 #UB)  #read_time 0.0049  #reduce_time 0.0002  #solve_time 19.9991  #total_time 20.0043
 