>>IBM: |V|=1000 |E|=1000
>>IBM: The maximum node weight is 49
/public/home/acs4vb4pqv/benchmarks/MWDS2026/T1_wclq/T1_1000_1000_2.wclq #seed 1 #alpha 1.900 #timeout 0.100 K=5 RHO=0.05 Q0=0.90 BETA=3.5 AQ_MODE=dbs SAFE_AQ_MIN_GAP=0.050 SAFE_AQ_MIN_NODES=800 AQ_SLOPE_MARGIN=1.05 AQ_MAX_UB_DRIFT=0.25
[v19] |V|=1000 |E|=1000 density=1.00 USE_ADVANCED=1
#Rd        #LB        #LB*       #UB       #Time        #UB+        #UB*      #Time      #TotalTime
First Gap  0.114525
ALPHA 1.9000 MaxIteration 500  TIMEOUT 0.193929
  1      10251      10251      11425      0.1939      10807       10807      0.0100      0.3800
ALPHA 1.9000 MaxIteration 3  TIMEOUT 0.000821
  2      10010      10251      11896      0.0008      10872       10807      0.0000      0.3900
ALPHA 1.8304 MaxIteration 5  TIMEOUT 0.004107
  3       9981      10251      11962      0.0041      10933       10807      0.0000      0.4000
ALPHA 1.7658 MaxIteration 9  TIMEOUT 0.005198
  4       9951      10251      12027      0.0052      10984       10807      0.0000      0.4100
ALPHA 1.7056 MaxIteration 15  TIMEOUT 0.006751
  5      10003      10251      11993      0.0068      11017       10807      0.0000      0.4200
ALPHA 1.6493 MaxIteration 25  TIMEOUT 0.019068
  6       9967      10251      11929      0.0191      10846       10807      0.0100      0.4500
ALPHA 1.5966 MaxIteration 41  TIMEOUT 0.023682
  7       9976      10251      11993      0.0237      10821       10807      0.0200      0.5000
ALPHA 1.5472 MaxIteration 65  TIMEOUT 0.027276
  8       9982      10251      12011      0.0273      10819       10807      0.0200      0.5500
ALPHA 1.5008 MaxIteration 100  TIMEOUT 0.033288
  9       9912      10251      12017      0.0333      10820       10807      0.0300      0.6200
ALPHA 1.4571 MaxIteration 150  TIMEOUT 0.040401
 10       9931      10251      12022      0.0404      10823       10807      0.0300      0.7000
ALPHA 1.4158 MaxIteration 218  TIMEOUT 0.063202
 11       9943      10251      11982      0.0632      10804       10804      0.0600      0.8300
ALPHA 1.3768 MaxIteration 308  TIMEOUT 0.130246
 12       9953      10251      11980      0.1302      10797       10797      0.1000      1.0900
ALPHA 1.3399 MaxIteration 424  TIMEOUT 0.097449
 13       9941      10251      12005      0.0974      10817       10797      0.0800      1.2700
ALPHA 1.3049 MaxIteration 568  TIMEOUT 0.351394
 14       9958      10251      11964      0.3514      10808       10797      0.0300      1.9498
ALPHA 1.2718 MaxIteration 741  TIMEOUT 0.299661
 15       9953      10251      11974      0.2997      10791       10791      0.0900      2.5200
ALPHA 1.2402 MaxIteration 942  TIMEOUT 0.218936
 16       9939      10251      12021      0.2189      10793       10791      0.1900      2.9300
ALPHA 1.2102 MaxIteration 1168  TIMEOUT 0.376568
 17       9954      10251      11997      0.3766      10810       10791      0.0400      3.6500
ALPHA 1.1816 MaxIteration 1413  TIMEOUT 0.486571
 18       9955      10251      12006      0.4866      10786       10786      0.0600      4.5714
ALPHA 1.1543 MaxIteration 1669  TIMEOUT 0.700302
 19       9946      10251      12000      0.7003      10789       10786      0.5200      5.9100
ALPHA 1.1283 MaxIteration 1926  TIMEOUT 0.986619
 20       9964      10251      11984      0.9866      10807       10786      0.1700      7.7869
ALPHA 1.1034 MaxIteration 2173  TIMEOUT 0.592150
 21       9958      10251      11996      0.5921
 [LB Done] stag=20 elapsed=41.9% => 11.6s to UB
      10785       10785      0.5500     19.0300
>>> T1_1000_1000_2.wclq |V| 1000 |E| 1000  (#LB 0.0000 10251 ---> 10251  0.0521  10785 <--- 11425  0.0560 #UB)  #solve_ime 19.0300 read_time 0.0000 
