With  Parameters CUTOFF 20 SEED 3  ALPHA = 1.900  K=5 RHO=0.05 Q0=0.90 BETA=3.0 AQ_MODE=guarded
Reading  graph ...  time 0.000603  
Reducing graph ...  time 0.000044  
[v6] |V|=250 |E|=2000 density=8.00 USE_ADVANCED=0 SAFE_AQ_MIN_GAP=0.000 DEEP_AQ_RANGE=[800, 5.00, 10.00] structure_blocks_aq=1 AQ_SLOPE_MARGIN=999.00 AQ_MAX_UB_DRIFT=0.20
#Rd        #LB        #LB*       #UB       #Time        #UB+        #UB*      #Time      #TotalTime
First Gap  0.220339
  1       1003       1003       1224      0.0952
 Switch to DBS-only search, timeout 0.095207....
 [Online-safe AQ structure guard] |V|=250 density=8.00 outside [800, 5.00, 10.00], disabling AQ
       1183        1183      0.0004        0.1906
ALPHA 1.9000 MaxIteration 3  TIMEOUT 0.095207
  2        984       1003       1366      0.0005       1224        1183      0.0004        0.1916
ALPHA 1.8304 MaxIteration 5  TIMEOUT 0.000956
  3       1011       1011       1263      0.0008       1201        1183      0.0007        0.1933
ALPHA 1.7658 MaxIteration 9  TIMEOUT 0.001494
  4        978       1011       1311      0.0016       1191        1183      0.0014        0.1964
ALPHA 1.7056 MaxIteration 15  TIMEOUT 0.002756
  5        991       1011       1392      0.0016       1193        1183      0.0015        0.1996
ALPHA 1.6493 MaxIteration 25  TIMEOUT 0.002725
  6        990       1011       1306      0.0027       1189        1183      0.0005        0.2051
ALPHA 1.5966 MaxIteration 41  TIMEOUT 0.004503
  7        991       1011       1263      0.0046       1191        1183      0.0023        0.2142
ALPHA 1.5472 MaxIteration 65  TIMEOUT 0.007281
  8       1001       1011       1288      0.0073       1191        1183      0.0037        0.2289
ALPHA 1.5008 MaxIteration 100  TIMEOUT 0.011346
  9       1004       1011       1311      0.0114       1189        1183      0.0055        0.2517
ALPHA 1.4571 MaxIteration 150  TIMEOUT 0.017091
 10       1021       1021       1236      0.0171       1183        1183      0.0028        0.2860
ALPHA 1.4158 MaxIteration 218  TIMEOUT 0.024952
 11       1037       1037       1236      0.0250       1183        1183      0.0020        0.3359
ALPHA 1.3768 MaxIteration 308  TIMEOUT 0.035337
 12       1046       1046       1236      0.0228       1183        1183      0.0017        0.3815
ALPHA 1.3399 MaxIteration 424  TIMEOUT 0.031386
 13       1039       1046       1274      0.0296       1183        1183      0.0017        0.4407
ALPHA 1.3049 MaxIteration 568  TIMEOUT 0.039621
 14       1039       1046       1275      0.0394       1183        1183      0.0138        0.5195
ALPHA 1.2718 MaxIteration 741  TIMEOUT 0.051423
 15       1039       1046       1236      0.0507       1183        1183      0.0009        0.6209
ALPHA 1.2402 MaxIteration 942  TIMEOUT 0.064440
 16       1047       1047       1236      0.0645       1183        1183      0.0063        0.7500
ALPHA 1.2102 MaxIteration 1168  TIMEOUT 0.080005
 17       1052       1052       1236      0.0800       1183        1183      0.0069        0.9101
ALPHA 1.1816 MaxIteration 1413  TIMEOUT 0.096864
 18       1051       1052       1236      0.0968       1183        1183      0.0062        1.1038
ALPHA 1.1543 MaxIteration 1669  TIMEOUT 0.114418
 19       1051       1052       1223      0.1102       1183        1183      0.0215        1.3283
ALPHA 1.1283 MaxIteration 1926  TIMEOUT 0.127228
 20       1051       1052       1223      0.1273       1183        1183      0.0083        1.5829
ALPHA 1.1034 MaxIteration 2173  TIMEOUT 0.143593
 21       1051       1052       1236      0.1397       1183        1183      0.0449        1.8632
ALPHA 1.0795 MaxIteration 2397  TIMEOUT 0.154102
 22       1051       1052       1236      0.1541       1183        1183      0.0048        2.1736
ALPHA 1.0567 MaxIteration 2587  TIMEOUT 0.166411
 23       1051       1052       1236      0.1665       1183        1183      0.0248        2.5075
ALPHA 1.0349 MaxIteration 2733  TIMEOUT 0.175909
 24       1051       1052       1236      0.1759       1183        1183      0.0019        2.8594
ALPHA 1.0349 MaxIteration 2828  TIMEOUT 0.182061
 25       1051       1052       1236      0.1821       1183        1183      0.0054        3.2247
ALPHA 1.0349 MaxIteration 2926  TIMEOUT 0.188481
 26       1051       1052       1236      0.1886       1183        1183      0.0069        3.6040
ALPHA 1.0349 MaxIteration 3027  TIMEOUT 0.195130
 27       1051       1052       1236      0.1951       1183        1183      0.0029        3.9953
ALPHA 1.0349 MaxIteration 3132  TIMEOUT 0.201941
 28       1051       1052       1236      0.2020       1183        1183      0.0406        4.4013
ALPHA 1.0349 MaxIteration 3241  TIMEOUT 0.208999
 29       1051       1052       1236      0.2090       1183        1183      0.0024        4.8203
ALPHA 1.0349 MaxIteration 3353  TIMEOUT 0.216292
 30       1051       1052       1236      0.2163       1183        1183      0.0117        5.2540
ALPHA 1.0349 MaxIteration 3469  TIMEOUT 0.223883
 31       1051       1052       1236      0.2239       1183        1183      0.0003        5.7039
ALPHA 1.0349 MaxIteration 3589  TIMEOUT 0.231700
 32       1051       1052       1236      0.2317       1183        1183      0.0004        6.1674
ALPHA 1.0349 MaxIteration 3714  TIMEOUT 0.239818
 33       1051       1052       1236      0.2399       1183        1183      0.0366        6.6472
ALPHA 1.0349 MaxIteration 3843  TIMEOUT 0.248240
 34       1051       1052       1236      0.2483       1183        1183      0.0054        7.1469
ALPHA 1.0349 MaxIteration 3976  TIMEOUT 0.256954
 35       1051       1052       1236      0.2570       1183        1183      0.0269        7.6629
ALPHA 1.0349 MaxIteration 4114  TIMEOUT 0.265920
 36       1051       1052       1236      0.2660       1183        1183      0.0372        8.1969
ALPHA 1.0349 MaxIteration 4257  TIMEOUT 0.275240
 37       1051       1052       1236      0.2753       1183        1183      0.0239        8.7495
ALPHA 1.0349 MaxIteration 4405  TIMEOUT 0.284885
 38       1051       1052       1236      0.2849       1183        1183      0.0016        9.3204
ALPHA 1.0349 MaxIteration 4558  TIMEOUT 0.294849
 39       1051       1052       1236      0.2949       1183        1183      0.0051        9.9112
ALPHA 1.0349 MaxIteration 4716  TIMEOUT 0.305163
 40       1051       1052       1236      0.3052       1183        1183      0.0029       10.5246
ALPHA 1.0349 MaxIteration 4880  TIMEOUT 0.315809
 41       1051       1052       1236      0.3158       1183        1183      0.0145       11.1574
ALPHA 1.0349 MaxIteration 5050  TIMEOUT 0.326854
 42       1051       1052       1236      0.3269       1183        1183      0.0006       11.8143
ALPHA 1.0349 MaxIteration 5226  TIMEOUT 0.338317
 43       1051       1052       1236      0.3384       1183        1183      0.0062       12.4920
ALPHA 1.0349 MaxIteration 5408  TIMEOUT 0.350149
 44       1051       1052       1236      0.3502       1183        1183      0.0026       13.1955
ALPHA 1.0349 MaxIteration 5596  TIMEOUT 0.362398
 45       1051       1052       1236      0.3625       1183        1183      0.0069       19.9998
>>> T2_250_2000_3.wclq |V| 250 |E| 2000  (#LB 0.0489 1003 ---> 1052  0.1107  1183 <--- 1224  0.0335 #UB)  #read_time 0.0006  #reduce_time 0.0000  #solve_time 19.9998  #total_time 20.0004
 