With  Parameters CUTOFF 20 SEED 3  ALPHA = 1.900  K=5 RHO=0.05 Q0=0.90 BETA=3.0 AQ_MODE=guarded
Reading  graph ...  time 0.004683  
Reducing graph ...  time 0.000277  
[v6] |V|=1000 |E|=20000 density=20.00 USE_ADVANCED=0 SAFE_AQ_MIN_GAP=0.000 DEEP_AQ_RANGE=[800, 5.00, 10.00] structure_blocks_aq=1 AQ_SLOPE_MARGIN=1.15 AQ_MAX_UB_DRIFT=0.20
#Rd        #LB        #LB*       #UB       #Time        #UB+        #UB*      #Time      #TotalTime
First Gap  0.437956
  1       5343       5343       7683      0.7772
 Switch to DBS-only search, timeout 0.777167....
 [Online-safe AQ structure guard] |V|=1000 density=20.00 outside [800, 5.00, 10.00], disabling AQ
       7177        7177      0.1278        1.5579
ALPHA 1.9000 MaxIteration 3  TIMEOUT 0.777167
  2       5078       5343       9590      0.0043       7421        7177      0.0039        1.5665
ALPHA 1.8304 MaxIteration 5  TIMEOUT 0.008178
  3       5335       5343       9622      0.0056       7391        7177      0.0034        1.5779
ALPHA 1.7658 MaxIteration 9  TIMEOUT 0.010340
  4       5533       5533       8858      0.0109       7206        7177      0.0089        1.5997
ALPHA 1.7056 MaxIteration 15  TIMEOUT 0.019302
  5       5612       5612       9152      0.0114       7234        7177      0.0072        1.6226
ALPHA 1.6493 MaxIteration 25  TIMEOUT 0.019438
  6       5557       5612       9309      0.0153       7322        7177      0.0144        1.6532
ALPHA 1.5966 MaxIteration 41  TIMEOUT 0.025284
  7       5697       5697       8984      0.0255       7202        7177      0.0178        1.7042
ALPHA 1.5472 MaxIteration 65  TIMEOUT 0.040650
  8       5772       5772       8821      0.0408       7200        7177      0.0152        1.7860
ALPHA 1.5008 MaxIteration 100  TIMEOUT 0.063125
  9       5785       5785       8802      0.0631       7177        7177      0.0230        1.9123
ALPHA 1.4571 MaxIteration 150  TIMEOUT 0.094763
 10       5785       5785       8719      0.0863       7177        7177      0.0688        2.0849
ALPHA 1.4158 MaxIteration 218  TIMEOUT 0.125674
 11       5795       5795       8889      0.1257       7177        7177      0.0431        2.3364
ALPHA 1.3768 MaxIteration 308  TIMEOUT 0.178000
 12       5845       5845       8915      0.1781       7177        7177      0.0108        2.6926
ALPHA 1.3399 MaxIteration 424  TIMEOUT 0.245170
 13       5845       5845       8903      0.2416       7177        7177      0.0052        3.1758
ALPHA 1.3049 MaxIteration 568  TIMEOUT 0.323701
 14       5848       5848       8703      0.3215       7177        7177      0.0109        3.8190
ALPHA 1.2718 MaxIteration 741  TIMEOUT 0.419512
 15       5874       5874       8384      0.4201       7177        7177      0.2161        4.6592
ALPHA 1.2402 MaxIteration 942  TIMEOUT 0.534226
 16       5874       5874       8786      0.5332       7177        7177      0.0825        5.7267
ALPHA 1.2102 MaxIteration 1168  TIMEOUT 0.661260
 17       5874       5874       8642      0.6614       7177        7177      0.0121        7.0505
ALPHA 1.1816 MaxIteration 1413  TIMEOUT 0.800370
 18       5874       5874       8437      0.8005       7177        7177      0.0206        8.6518
ALPHA 1.1543 MaxIteration 1669  TIMEOUT 0.945922
 19       5874       5874       8427      0.9463       7177        7177      0.0101       10.5458
ALPHA 1.1283 MaxIteration 1926  TIMEOUT 1.092383
 20       5874       5874       8305      1.0928       7177        7177      0.0130       12.7315
ALPHA 1.1034 MaxIteration 2173  TIMEOUT 1.232942
 21       5948       5948       8647      1.2332       7177        7177      0.0145       19.9980
>>> T2_1000_20000_9.wclq |V| 1000 |E| 20000  (#LB 0.1132 5343 ---> 5948  0.1712  7177 <--- 7683  0.0659 #UB)  #read_time 0.0047  #reduce_time 0.0003  #solve_time 19.9980  #total_time 20.0030
 