>>IBM: |V|=150 |E|=2000
>>IBM: The maximum node weight is 1235
/public/home/acs4vb4pqv/benchmarks/MWDS2026/T2_wclq/T2_150_2000_1.wclq #seed 101 #alpha 1.900 #timeout 0.100 K=5 RHO=0.05 Q0=0.90 BETA=3.5 AQ_MODE=guarded SAFE_AQ_MIN_GAP=0.000 SAFE_AQ_MIN_NODES=800 AQ_SLOPE_MARGIN=1.05 AQ_MAX_UB_DRIFT=0.25
[v19] |V|=150 |E|=2000 density=13.33 USE_ADVANCED=0
#Rd        #LB        #LB*       #UB       #Time        #UB+        #UB*      #Time      #TotalTime
First Gap  0.188867
ALPHA 1.9000 MaxIteration 500  TIMEOUT 0.034324
  1        503        503        598      0.0343
 [AQ small-headroom probe] gap=0.1889 density=13.33 |V|=150 => Light RL (K=3, 5.0%)
ALPHA 1.9000 MaxIteration 3  TIMEOUT 0.000763
  2        488        503        646      0.0008ALPHA 1.8304 MaxIteration 5  TIMEOUT 0.002312
  3        495        503        646      0.0023 [AQ guard] no early LB gain, disabling AQ
        601         601      0.0000      0.0387
ALPHA 1.7658 MaxIteration 9  TIMEOUT 0.000637
  4        486        503        618      0.0006        598         598      0.0000      0.0487
ALPHA 1.7056 MaxIteration 15  TIMEOUT 0.001073
  5        449        503        598      0.0011        598         598      0.0000      0.0587
ALPHA 1.6493 MaxIteration 25  TIMEOUT 0.003181
  6        470        503        598      0.0032        598         598      0.0000      0.0687
ALPHA 1.5966 MaxIteration 41  TIMEOUT 0.005094
  7        503        503        598      0.0051        598         598      0.0000      0.0787
ALPHA 1.5472 MaxIteration 65  TIMEOUT 0.007754
  8        487        503        598      0.0078        598         598      0.0000      0.0887
ALPHA 1.5008 MaxIteration 100  TIMEOUT 0.011487
  9        487        503        598      0.0115        598         598      0.0000      0.1187
ALPHA 1.4571 MaxIteration 150  TIMEOUT 0.012939
 10        486        503        598      0.0129        598         598      0.0000      0.1487
ALPHA 1.4158 MaxIteration 218  TIMEOUT 0.028413
 11        508        508        598      0.0284        598         598      0.0000      0.1987
ALPHA 1.3768 MaxIteration 308  TIMEOUT 0.037795
 12        503        508        598      0.0378        598         598      0.0000      0.2687
ALPHA 1.3399 MaxIteration 424  TIMEOUT 0.038041
 13        492        508        598      0.0380        598         598      0.0000      0.3387
ALPHA 1.3049 MaxIteration 568  TIMEOUT 0.085122
 14        508        508        598      0.0851        598         598      0.0000      0.5087
ALPHA 1.2718 MaxIteration 741  TIMEOUT 0.066673
 15        508        508        598      0.0667        598         598      0.0000      0.6287
ALPHA 1.2402 MaxIteration 942  TIMEOUT 0.116247
 16        508        508        598      0.1162        598         598      0.0000      0.8587
ALPHA 1.2102 MaxIteration 1168  TIMEOUT 0.176944
 17        508        508        598      0.1769        598         598      0.0000      1.1987
ALPHA 1.1816 MaxIteration 1413  TIMEOUT 0.275288
 18        497        508        598      0.2753        598         598      0.0000      1.7387
ALPHA 1.1543 MaxIteration 1669  TIMEOUT 0.199317
 19        503        508        598      0.1993        598         598      0.0000      2.1287
ALPHA 1.1283 MaxIteration 1926  TIMEOUT 0.114024
 20        482        508        598      0.1140        598         598      0.0000      2.3587
ALPHA 1.1034 MaxIteration 2173  TIMEOUT 0.249641
 21        503        508        598      0.2496        598         598      0.0000      2.8487
ALPHA 1.0795 MaxIteration 2397  TIMEOUT 0.325273
 22        508        508        598      0.3253        598         598      0.0000      3.4887
ALPHA 1.0567 MaxIteration 2587  TIMEOUT 0.310446
 23        503        508        598      0.3104        598         598      0.0000      4.1087
ALPHA 1.0349 MaxIteration 2733  TIMEOUT 0.348427
 24        508        508        598      0.3484        598         598      0.0000      4.7887
ALPHA 1.0349 MaxIteration 2828  TIMEOUT 0.402472
 25        503        508        598      0.4025        598         598      0.0000      5.5887
ALPHA 1.0349 MaxIteration 2926  TIMEOUT 0.437693
 26        497        508        598      0.4377        598         598      0.0000      6.4487
ALPHA 1.0349 MaxIteration 3027  TIMEOUT 0.242865
 27        484        508        598      0.2429        598         598      0.0000      6.9387
ALPHA 1.0349 MaxIteration 3132  TIMEOUT 0.367420
 28        503        508        598      0.3674        598         598      0.0000      7.6587
ALPHA 1.0349 MaxIteration 3241  TIMEOUT 0.270085
 29        503        508        598      0.2701        598         598      0.0000      8.1987
ALPHA 1.0349 MaxIteration 3353  TIMEOUT 0.360234
 30        493        508        598      0.3602        598         598      0.0000      8.9187
ALPHA 1.0349 MaxIteration 3469  TIMEOUT 0.258197
 31        487        508        598      0.2582        598         598      0.0000      9.4287
ALPHA 1.0349 MaxIteration 3589  TIMEOUT 0.382292
 32        497        508        598      0.3823        598         598      0.0000     10.1887
ALPHA 1.0349 MaxIteration 3714  TIMEOUT 0.228114
 33        486        508        598      0.2281        598         598      0.0000     10.6287
ALPHA 1.0349 MaxIteration 3843  TIMEOUT 0.491252
 34        503        508        598      0.4913        598         598      0.0000     11.5987
ALPHA 1.0349 MaxIteration 3976  TIMEOUT 0.236798
 35        482        508        598      0.2368        598         598      0.0000     12.0687
ALPHA 1.0349 MaxIteration 4114  TIMEOUT 0.361190
 36        484        508        598      0.3612        598         598      0.0000     12.7887
ALPHA 1.0349 MaxIteration 4257  TIMEOUT 0.371051
 37        493        508        598      0.3711        598         598      0.0000     13.5287
ALPHA 1.0349 MaxIteration 4405  TIMEOUT 0.571211
 38        503        508        598      0.5712        598         598      0.0000     14.6587
ALPHA 1.0349 MaxIteration 4558  TIMEOUT 0.364374
 39        493        508        598      0.3644        598         598      0.0000     15.3787
ALPHA 1.0349 MaxIteration 4716  TIMEOUT 0.358629
 40        484        508        598      0.3586        598         598      0.0000     16.0787
ALPHA 1.0349 MaxIteration 4880  TIMEOUT 0.383834
 41        493        508        598      0.3838        598         598      0.0000     16.8387
ALPHA 1.0349 MaxIteration 5050  TIMEOUT 0.597994
 42        493        508        598      0.5980        598         598      0.0000     18.0187
ALPHA 1.0349 MaxIteration 5226  TIMEOUT 0.682615
 43        498        508        598      0.6826        598         598      0.0000     19.3687
ALPHA 1.0349 MaxIteration 5408  TIMEOUT 0.631293
 44        503        508        598      0.6313>>> T2_150_2000_1.wclq |V| 150 |E| 2000  (#LB 0.0099 503 ---> 508  0.1772  598 <--- 598  0.0000 #UB)  #solve_ime 20.0000 read_time 0.0013 
