With  Parameters CUTOFF 20 SEED 102  ALPHA = 1.900  K=5 RHO=0.05 Q0=0.90 BETA=3.0 AQ_MODE=dbs
Reading  graph ...  time 0.132331  
Reducing graph ...  time 0.012568  
[v6] |V|=82168 |E|=504230 density=6.14 USE_ADVANCED=1 SAFE_AQ_MIN_GAP=0.050 DEEP_AQ_RANGE=[800, 5.00, 10.00] structure_blocks_aq=0 AQ_SLOPE_MARGIN=1.15 AQ_MAX_UB_DRIFT=0.20
#Rd        #LB        #LB*       #UB       #Time        #UB+        #UB*      #Time      #TotalTime
First Gap  0.000488
  1    1142491    1142491    1143048      2.5336
 Switch to DBS-only search, timeout 2.533628....
 [Online-safe AQ first-gap guard] FIRST_GAP 0.0005 < 0.0500, disabling AQ
    1143074     1143074      1.7106        5.0856
ALPHA 1.9000 MaxIteration 3  TIMEOUT 2.533628
  2    1142491    1142491    1143149      0.0122    1144326     1143074      0.0046        5.1128
ALPHA 1.8304 MaxIteration 5  TIMEOUT 0.023267
  3    1142491    1142491    1143149      0.0157    1144268     1143074      0.0046        5.1470
ALPHA 1.7658 MaxIteration 9  TIMEOUT 0.028723
  4    1142491    1142491    1143149      0.0256    1144326     1143074      0.0046        5.2009
ALPHA 1.7056 MaxIteration 15  TIMEOUT 0.045256
  5    1142491    1142491    1143149      0.0396    1144326     1143074      0.0045        5.2827
ALPHA 1.6493 MaxIteration 25  TIMEOUT 0.067496
  6    1142491    1142491    1143152      0.0635    1144326     1143074      0.0045        5.4126
ALPHA 1.5966 MaxIteration 41  TIMEOUT 0.104688
  7    1142491    1142491    1143172      0.1034    1144046     1143074      0.0981        5.6233
ALPHA 1.5472 MaxIteration 65  TIMEOUT 0.165145
  8    1142491    1142491    1143172      0.1634    1143698     1143074      0.1194        5.9527
ALPHA 1.5008 MaxIteration 100  TIMEOUT 0.252797
  9    1142491    1142491    1143172      0.2401    1143530     1143074      0.2384        6.4357
ALPHA 1.4571 MaxIteration 150  TIMEOUT 0.360341
 10    1142491    1142491    1143172      0.3546    1143521     1143074      0.3087        7.1475
ALPHA 1.4158 MaxIteration 218  TIMEOUT 0.516618
 11    1142491    1142491    1143172      0.5022    1143253     1143074      0.4782        8.1560
ALPHA 1.3768 MaxIteration 308  TIMEOUT 0.711025
 12    1142491    1142491    1143172      0.7008    1143247     1143074      0.4760        9.5623
ALPHA 1.3399 MaxIteration 424  TIMEOUT 0.964916
 13    1142491    1142491    1143172      0.9673    1143227     1143074      0.6568       11.5008
ALPHA 1.3049 MaxIteration 568  TIMEOUT 1.296138
 14    1142491    1142491    1143172      1.2976    1143131     1143074      1.1809       14.0996
ALPHA 1.2718 MaxIteration 741  TIMEOUT 1.693357
 15    1142491    1142491    1143172      1.6951    1143047     1143047      2.4972       19.9977
>>> Slashdot0902.clq |V| 82168 |E| 504230  (#LB 0.0000 1142491 ---> 1142491  0.0005  1143047 <--- 1143048  0.0000 #UB)  #read_time 0.1323  #reduce_time 0.0126  #solve_time 19.9977  #total_time 20.1426
 