With  Parameters CUTOFF 20 SEED 101  ALPHA = 1.900  K=5 RHO=0.05 Q0=0.90 BETA=3.0 AQ_MODE=dbs
Reading  graph ...  time 0.202076  
Reducing graph ...  time 0.000082  
[v6] |V|=1000 |E|=1000 density=1.00 USE_ADVANCED=1 SAFE_AQ_MIN_GAP=0.050 DEEP_AQ_RANGE=[800, 5.00, 10.00] structure_blocks_aq=1 AQ_SLOPE_MARGIN=1.15 AQ_MAX_UB_DRIFT=0.20
#Rd        #LB        #LB*       #UB       #Time        #UB+        #UB*      #Time      #TotalTime
First Gap  0.099244
  1      10318      10318      11342      0.2843
 Switch to DBS-only search, timeout 0.284276....
 [Online-safe AQ structure guard] |V|=1000 density=1.00 outside [800, 5.00, 10.00], disabling AQ
      10792       10792      0.2212        0.6324
ALPHA 1.9000 MaxIteration 3  TIMEOUT 0.284276
  2      10287      10318      11600      0.0009      11135       10792      0.0006        0.6342
ALPHA 1.8304 MaxIteration 5  TIMEOUT 0.001632
  3      10229      10318      11666      0.0018      11214       10792      0.0004        0.6378
ALPHA 1.7658 MaxIteration 9  TIMEOUT 0.003255
  4      10297      10318      11892      0.0033      11150       10792      0.0007        0.6444
ALPHA 1.7056 MaxIteration 15  TIMEOUT 0.005808
  5      10242      10318      11908      0.0047      11227       10792      0.0003        0.6547
ALPHA 1.6493 MaxIteration 25  TIMEOUT 0.007994
  6      10218      10318      11916      0.0057      11132       10792      0.0056        0.6661
ALPHA 1.5966 MaxIteration 41  TIMEOUT 0.009330
  7      10186      10318      11888      0.0092      10917       10792      0.0089        0.6846
ALPHA 1.5472 MaxIteration 65  TIMEOUT 0.014763
  8      10206      10318      11965      0.0149      10913       10792      0.0139        0.7144
ALPHA 1.5008 MaxIteration 100  TIMEOUT 0.022998
  9      10218      10318      11950      0.0231      10865       10792      0.0095        0.7608
ALPHA 1.4571 MaxIteration 150  TIMEOUT 0.034640
 10      10230      10318      11877      0.0349      10823       10792      0.0309        0.8322
ALPHA 1.4158 MaxIteration 218  TIMEOUT 0.050780
 11      10213      10318      11924      0.0509      10830       10792      0.0227        0.9340
ALPHA 1.3768 MaxIteration 308  TIMEOUT 0.072040
 12      10227      10318      11845      0.0721      10811       10792      0.0714        1.0794
ALPHA 1.3399 MaxIteration 424  TIMEOUT 0.099336
 13      10269      10318      11829      0.0994      10797       10792      0.0593        1.2783
ALPHA 1.3049 MaxIteration 568  TIMEOUT 0.133186
 14      10281      10318      11762      0.1334      10807       10792      0.0925        1.5461
ALPHA 1.2718 MaxIteration 741  TIMEOUT 0.174042
 15      10291      10318      11732      0.1741      10788       10788      0.0552        1.8955
ALPHA 1.2402 MaxIteration 942  TIMEOUT 0.221457
 16      10313      10318      11705      0.2215      10808       10788      0.1725        2.3388
ALPHA 1.2102 MaxIteration 1168  TIMEOUT 0.274680
 17      10322      10322      11645      0.2748      10796       10788      0.2533        2.8899
ALPHA 1.1816 MaxIteration 1413  TIMEOUT 0.332584
 18      10336      10336      11543      0.3326      10794       10788      0.3127        3.5563
ALPHA 1.1543 MaxIteration 1669  TIMEOUT 0.393001
 19      10336      10336      11592      0.3592      10797       10788      0.0981        4.2771
ALPHA 1.1283 MaxIteration 1926  TIMEOUT 0.414602
 20      10336      10336      11624      0.4069      10798       10788      0.0707        5.0914
ALPHA 1.1034 MaxIteration 2173  TIMEOUT 0.459063
 21      10336      10336      11572      0.4562      10795       10788      0.0803        6.0053
ALPHA 1.0795 MaxIteration 2397  TIMEOUT 0.503362
 22      10334      10336      11600      0.5035      10788       10788      0.2979        7.0145
ALPHA 1.0567 MaxIteration 2587  TIMEOUT 0.543534
 23      10329      10336      11568      0.5437      10794       10788      0.1772        8.1024
ALPHA 1.0349 MaxIteration 2733  TIMEOUT 0.574580
 24      10325      10336      11586      0.5747      10798       10788      0.3308        9.2529
ALPHA 1.0349 MaxIteration 2828  TIMEOUT 0.594750
 25      10353      10353      11581      0.5948      10792       10788      0.4732       10.4451
ALPHA 1.0349 MaxIteration 2926  TIMEOUT 0.615567
 26      10371      10371      11536      0.6157      10793       10788      0.5668       11.6784
ALPHA 1.0349 MaxIteration 3027  TIMEOUT 0.637171
 27      10371      10371      11561      0.6373      10791       10788      0.5646       12.9557
ALPHA 1.0349 MaxIteration 3132  TIMEOUT 0.659557
 28      10370      10371      11577      0.6596      10778       10778      4.2910       19.9997
>>> T1_1000_1000_2.wclq |V| 1000 |E| 1000  (#LB 0.0051 10318 ---> 10371  0.0378  10778 <--- 11342  0.0497 #UB)  #read_time 0.2021  #reduce_time 0.0001  #solve_time 19.9997  #total_time 20.2019
 