>>IBM: |V|=200 |E|=250
>>IBM: The maximum node weight is 49
/public/home/acs4vb4pqv/benchmarks/MWDS2026/T1_wclq/T1_200_250_7.wclq #seed 1 #alpha 1.900 #timeout 0.100 K=5 RHO=0.05 Q0=0.90 BETA=3.5 AQ_MODE=guarded SAFE_AQ_MIN_GAP=0.000 SAFE_AQ_MIN_NODES=800 AQ_SLOPE_MARGIN=1.05 AQ_MAX_UB_DRIFT=0.25
[v19] |V|=200 |E|=250 density=1.25 USE_ADVANCED=0
#Rd        #LB        #LB*       #UB       #Time        #UB+        #UB*      #Time      #TotalTime
First Gap  0.097109
ALPHA 1.9000 MaxIteration 500  TIMEOUT 0.029724
  1       1833       1833       2011      0.0297
 [AQ small-headroom probe] gap=0.0971 density=1.25 |V|=200 => Light RL (K=3, 5.0%)
ALPHA 1.9000 MaxIteration 3  TIMEOUT 0.002984
  2       1790       1833       2137      0.0030ALPHA 1.8304 MaxIteration 5  TIMEOUT 0.003082
  3       1794       1833       2115      0.0031 [AQ guard] no early LB gain, disabling AQ
       1947        1947      0.0000      0.0400
ALPHA 1.7658 MaxIteration 9  TIMEOUT 0.000765
  4       1780       1833       2080      0.0008       1940        1940      0.0000      0.0500
ALPHA 1.7056 MaxIteration 15  TIMEOUT 0.001155
  5       1780       1833       2141      0.0012       1940        1940      0.0000      0.0600
ALPHA 1.6493 MaxIteration 25  TIMEOUT 0.003218
  6       1798       1833       2108      0.0032       1940        1940      0.0000      0.0700
ALPHA 1.5966 MaxIteration 41  TIMEOUT 0.003503
  7       1761       1833       2117      0.0035       1947        1940      0.0000      0.0800
ALPHA 1.5472 MaxIteration 65  TIMEOUT 0.007846
  8       1781       1833       2112      0.0078       1944        1940      0.0000      0.0900
ALPHA 1.5008 MaxIteration 100  TIMEOUT 0.014156
  9       1786       1833       2048      0.0142       1937        1937      0.0100      0.1100
ALPHA 1.4571 MaxIteration 150  TIMEOUT 0.018916
 10       1774       1833       2076      0.0189       1940        1937      0.0100      0.1400
ALPHA 1.4158 MaxIteration 218  TIMEOUT 0.005522
 11       1716       1833       2130      0.0055       1947        1937      0.0000      0.1500
ALPHA 1.3768 MaxIteration 308  TIMEOUT 0.016724
 12       1720       1833       2130      0.0167       1937        1937      0.0100      0.1800
ALPHA 1.3399 MaxIteration 424  TIMEOUT 0.018499
 13       1716       1833       2130      0.0185       1937        1937      0.0100      0.2100
ALPHA 1.3049 MaxIteration 568  TIMEOUT 0.028649
 14       1716       1833       2130      0.0286       1937        1937      0.0200      0.2600
ALPHA 1.2718 MaxIteration 741  TIMEOUT 0.028087
 15       1714       1833       2130      0.0281       1937        1937      0.0200      0.3000
ALPHA 1.2402 MaxIteration 942  TIMEOUT 0.022284
 16       1706       1833       2130      0.0223       1937        1937      0.0000      0.3500
ALPHA 1.2102 MaxIteration 1168  TIMEOUT 0.026373
 17       1706       1833       2130      0.0264       1940        1937      0.0100      0.4000
ALPHA 1.1816 MaxIteration 1413  TIMEOUT 0.031863
 18       1706       1833       2130      0.0319       1937        1937      0.0000      0.4600
ALPHA 1.1543 MaxIteration 1669  TIMEOUT 0.038388
 19       1706       1833       2130      0.0384       1937        1937      0.0100      0.5300
ALPHA 1.1283 MaxIteration 1926  TIMEOUT 0.043223
 20       1706       1833       2130      0.0432       1937        1937      0.0200      0.6200
ALPHA 1.1034 MaxIteration 2173  TIMEOUT 0.049824
 21       1706       1833       2130      0.0498       1937        1937      0.0200      0.7100
ALPHA 1.0795 MaxIteration 2397  TIMEOUT 0.054941
 22       1706       1833       2130      0.0549       1937        1937      0.0100      0.8100
ALPHA 1.0567 MaxIteration 2587  TIMEOUT 0.058144
 23       1706       1833       2130      0.0581       1937        1937      0.0100      0.9100
ALPHA 1.0349 MaxIteration 2733  TIMEOUT 0.062311
 24       1706       1833       2130      0.0623       1937        1937      0.0100      1.0400
ALPHA 1.0349 MaxIteration 2828  TIMEOUT 0.063239
 25       1706       1833       2130      0.0632       1937        1937      0.0100      1.1700
ALPHA 1.0349 MaxIteration 2926  TIMEOUT 0.065665
 26       1706       1833       2130      0.0657       1937        1937      0.0200      1.3000
ALPHA 1.0349 MaxIteration 3027  TIMEOUT 0.067423
 27       1706       1833       2130      0.0674       1937        1937      0.0300      1.4200
ALPHA 1.0349 MaxIteration 3132  TIMEOUT 0.069732
 28       1706       1833       2130      0.0697       1937        1937      0.0200      1.5500
ALPHA 1.0349 MaxIteration 3241  TIMEOUT 0.074226
 29       1706       1833       2130      0.0742       1937        1937      0.0100      1.6900
ALPHA 1.0349 MaxIteration 3353  TIMEOUT 0.075197
 30       1706       1833       2130      0.0752       1937        1937      0.0100      1.8300
ALPHA 1.0349 MaxIteration 3469  TIMEOUT 0.077724
 31       1706       1833       2130      0.0777       1937        1937      0.0300      1.9800
ALPHA 1.0349 MaxIteration 3589  TIMEOUT 0.079777
 32       1706       1833       2130      0.0798       1937        1937      0.0100      2.1300
ALPHA 1.0349 MaxIteration 3714  TIMEOUT 0.081466
 33       1706       1833       2130      0.0815       1937        1937      0.0100      2.2900
ALPHA 1.0349 MaxIteration 3843  TIMEOUT 0.085603
 34       1706       1833       2130      0.0856       1937        1937      0.0100      2.4600
ALPHA 1.0349 MaxIteration 3976  TIMEOUT 0.090366
 35       1706       1833       2130      0.0904       1937        1937      0.0000      2.6332
ALPHA 1.0349 MaxIteration 4114  TIMEOUT 0.091411
 36       1706       1833       2130      0.0914       1937        1937      0.0200      2.8200
ALPHA 1.0349 MaxIteration 4257  TIMEOUT 0.095576
 37       1706       1833       2130      0.0956       1937        1937      0.0000      3.0000
ALPHA 1.0349 MaxIteration 4405  TIMEOUT 0.099910
 38       1706       1833       2130      0.0999       1937        1937      0.0100      3.1900
ALPHA 1.0349 MaxIteration 4558  TIMEOUT 0.101592
 39       1706       1833       2130      0.1016       1937        1937      0.0000      3.3900
ALPHA 1.0349 MaxIteration 4716  TIMEOUT 0.106020
 40       1706       1833       2130      0.1060       1937        1937      0.0100      3.5900
ALPHA 1.0349 MaxIteration 4880  TIMEOUT 0.109078
 41       1706       1833       2130      0.1091       1937        1937      0.0200      3.7900
ALPHA 1.0349 MaxIteration 5050  TIMEOUT 0.111521
 42       1706       1833       2130      0.1115       1937        1937      0.0000      4.0100
ALPHA 1.0349 MaxIteration 5226  TIMEOUT 0.115697
 43       1706       1833       2130      0.1157       1937        1937      0.0100      4.2300
ALPHA 1.0349 MaxIteration 5408  TIMEOUT 0.120351
 44       1706       1833       2130      0.1204       1937        1937      0.0200      4.4700
ALPHA 1.0349 MaxIteration 5596  TIMEOUT 0.205137
 45       1715       1833       2130      0.2051       1937        1937      0.0300      4.8600
ALPHA 1.0349 MaxIteration 5791  TIMEOUT 0.210154
 46       1715       1833       2130      0.2102       1937        1937      0.0000      5.2666
ALPHA 1.0349 MaxIteration 5992  TIMEOUT 0.209610
 47       1715       1833       2130      0.2096       1937        1937      0.0100      5.6600
ALPHA 1.0349 MaxIteration 6200  TIMEOUT 0.210764
 48       1715       1833       2130      0.2108       1937        1937      0.0000      6.0700
ALPHA 1.0349 MaxIteration 6416  TIMEOUT 0.220460
 49       1715       1833       2130      0.2205       1937        1937      0.0000      6.5000
ALPHA 1.0349 MaxIteration 6639  TIMEOUT 0.225660
 50       1715       1833       2130      0.2257       1937        1937      0.0200      6.9300
ALPHA 1.0349 MaxIteration 6870  TIMEOUT 0.231304
 51       1715       1833       2130      0.2313       1937        1937      0.0100      7.3800
ALPHA 1.0349 MaxIteration 7109  TIMEOUT 0.244003
 52       1715       1833       2130      0.2440       1937        1937      0.0000      7.8500
ALPHA 1.0349 MaxIteration 7356  TIMEOUT 0.245760
 53       1715       1833       2130      0.2458       1937        1937      0.0100      8.3200
ALPHA 1.0349 MaxIteration 7612  TIMEOUT 0.257702
 54       1715       1833       2130      0.2577       1937        1937      0.0100      8.8100
ALPHA 1.0349 MaxIteration 7877  TIMEOUT 0.265640
 55       1715       1833       2130      0.2656       1937        1937      0.0100      9.3100
ALPHA 1.0349 MaxIteration 8151  TIMEOUT 0.275179
 56       1715       1833       2130      0.2752       1937        1937      0.0100      9.8400
ALPHA 1.0349 MaxIteration 8435  TIMEOUT 0.281275
 57       1715       1833       2130      0.2813       1937        1937      0.0000     10.3800
ALPHA 1.0349 MaxIteration 8729  TIMEOUT 0.293820
 58       1715       1833       2130      0.2938       1937        1937      0.0100     10.9400
ALPHA 1.0349 MaxIteration 9033  TIMEOUT 0.304585
 59       1715       1833       2130      0.3046       1937        1937      0.0100     11.5200
ALPHA 1.0349 MaxIteration 9347  TIMEOUT 0.316455
 60       1715       1833       2130      0.3165       1937        1937      0.0200     12.1200
ALPHA 1.0349 MaxIteration 9672  TIMEOUT 0.324059
 61       1715       1833       2130      0.3241       1937        1937      0.0200     12.7400
ALPHA 1.0349 MaxIteration 10009  TIMEOUT 0.337314
 62       1715       1833       2130      0.3373       1937        1937      0.0300     13.4000
ALPHA 1.0349 MaxIteration 10357  TIMEOUT 0.349890
 63       1715       1833       2130      0.3499       1937        1937      0.0100     14.0600
ALPHA 1.0349 MaxIteration 10718  TIMEOUT 0.363804
 64       1715       1833       2130      0.3638       1937        1937      0.0000     14.7500
ALPHA 1.0349 MaxIteration 11091  TIMEOUT 0.379085
 65       1715       1833       2130      0.3791       1937        1937      0.0100     15.4700
ALPHA 1.0349 MaxIteration 11477  TIMEOUT 0.395036
 66       1715       1833       2130      0.3950       1937        1937      0.0300     16.2300
ALPHA 1.0349 MaxIteration 11877  TIMEOUT 0.410386
 67       1715       1833       2130      0.4104       1937        1937      0.0000     17.0200
ALPHA 1.0349 MaxIteration 12291  TIMEOUT 0.424486
 68       1715       1833       2130      0.4245       1937        1937      0.0000     17.8332
ALPHA 1.0349 MaxIteration 12719  TIMEOUT 0.277994
 69       1706       1833       2130      0.2780       1937        1937      0.0000     18.3600
ALPHA 1.0349 MaxIteration 13162  TIMEOUT 0.289524
 70       1706       1833       2130      0.2895       1937        1937      0.0200     18.9100
ALPHA 1.0349 MaxIteration 13620  TIMEOUT 0.298986
 71       1706       1833       2130      0.2990       1937        1937      0.0100     19.4800
ALPHA 1.0349 MaxIteration 14094  TIMEOUT 0.314364
 72       1706       1833       2130      0.3144       1937        1937      0.0100     19.9800
ALPHA 1.0349 MaxIteration 14585  TIMEOUT 0.020010
 73       1680       1833       2130      0.0200>>> T1_200_250_7.wclq |V| 200 |E| 250  (#LB 0.0000 1833 ---> 1833  0.0567  1937 <--- 2011  0.0368 #UB)  #solve_ime 20.0000 read_time 0.0000 
