With  Parameters CUTOFF 20 SEED 102  ALPHA = 1.900  K=5 RHO=0.05 Q0=0.90 BETA=3.0 AQ_MODE=guarded
Reading  graph ...  time 0.000199  
Reducing graph ...  time 0.000023  
[v6] |V|=100 |E|=100 density=1.00 USE_ADVANCED=0 SAFE_AQ_MIN_GAP=0.050 DEEP_AQ_RANGE=[800, 5.00, 10.00] structure_blocks_aq=1 AQ_SLOPE_MARGIN=1.15 AQ_MAX_UB_DRIFT=0.20
#Rd        #LB        #LB*       #UB       #Time        #UB+        #UB*      #Time      #TotalTime
First Gap  0.032132
  1       1027       1027       1060      0.0179
 Switch to DBS-only search, timeout 0.017949....
 [Online-safe AQ structure guard] |V|=100 density=1.00 outside [800, 5.00, 10.00], disabling AQ
 [Online-safe AQ first-gap guard] FIRST_GAP 0.0321 < 0.0500, disabling AQ
       1043        1043      0.0010        0.0359
ALPHA 1.9000 MaxIteration 3  TIMEOUT 0.017949
  2       1027       1027       1076      0.0001       1091        1043      0.0000        0.0361
ALPHA 1.8304 MaxIteration 5  TIMEOUT 0.000099
  3       1014       1027       1078      0.0001       1086        1043      0.0000        0.0363
ALPHA 1.7658 MaxIteration 9  TIMEOUT 0.000189
  4       1023       1027       1078      0.0001       1080        1043      0.0001        0.0366
ALPHA 1.7056 MaxIteration 15  TIMEOUT 0.000207
  5       1028       1028       1078      0.0002       1076        1043      0.0001        0.0370
ALPHA 1.6493 MaxIteration 25  TIMEOUT 0.000358
  6       1026       1028       1081      0.0003       1043        1043      0.0003        0.0377
ALPHA 1.5966 MaxIteration 41  TIMEOUT 0.000516
  7       1026       1028       1081      0.0005       1057        1043      0.0001        0.0387
ALPHA 1.5472 MaxIteration 65  TIMEOUT 0.000795
  8       1020       1028       1052      0.0008       1043        1043      0.0007        0.0402
ALPHA 1.5008 MaxIteration 100  TIMEOUT 0.001207
  9       1021       1028       1052      0.0012       1043        1043      0.0010        0.0427
ALPHA 1.4571 MaxIteration 150  TIMEOUT 0.001825
 10       1026       1028       1052      0.0018       1043        1043      0.0006        0.0464
ALPHA 1.4158 MaxIteration 218  TIMEOUT 0.002666
 11       1026       1028       1052      0.0027       1043        1043      0.0011        0.0518
ALPHA 1.3768 MaxIteration 308  TIMEOUT 0.003792
 12       1027       1028       1052      0.0038       1043        1043      0.0008        0.0593
ALPHA 1.3399 MaxIteration 424  TIMEOUT 0.005225
 13       1027       1028       1052      0.0052       1039        1039      0.0031        0.0698
ALPHA 1.3049 MaxIteration 568  TIMEOUT 0.007009
 14       1029       1029       1052      0.0070       1039        1039      0.0046        0.0849
ALPHA 1.2718 MaxIteration 741  TIMEOUT 0.009153
 15       1031       1031       1072      0.0092       1039        1039      0.0040        0.1041
ALPHA 1.2402 MaxIteration 942  TIMEOUT 0.011642
 16       1031       1031       1072      0.0079       1043        1039      0.0007        0.1211
ALPHA 1.2102 MaxIteration 1168  TIMEOUT 0.009835
 17       1031       1031       1072      0.0098       1039        1039      0.0060        0.1409
ALPHA 1.1816 MaxIteration 1413  TIMEOUT 0.011912
 18       1031       1031       1072      0.0119       1039        1039      0.0061        0.1657
ALPHA 1.1543 MaxIteration 1669  TIMEOUT 0.014081
 19       1031       1031       1072      0.0141       1043        1039      0.0009        0.1940
ALPHA 1.1283 MaxIteration 1926  TIMEOUT 0.016265
 20       1031       1031       1072      0.0163       1039        1039      0.0053        0.2276
ALPHA 1.1034 MaxIteration 2173  TIMEOUT 0.018358
 21       1031       1031       1072      0.0184       1039        1039      0.0045        0.2684
ALPHA 1.0795 MaxIteration 2397  TIMEOUT 0.020266
 22       1031       1031       1072      0.0203       1039        1039      0.0110        0.3090
ALPHA 1.0567 MaxIteration 2587  TIMEOUT 0.021890
 23       1031       1031       1072      0.0219       1039        1039      0.0014        0.3529
ALPHA 1.0349 MaxIteration 2733  TIMEOUT 0.023142
 24       1031       1031       1072      0.0223       1039        1039      0.0081        0.4016
ALPHA 1.0349 MaxIteration 2828  TIMEOUT 0.023118
 25       1031       1031       1072      0.0231       1039        1039      0.0095        0.4489
ALPHA 1.0349 MaxIteration 2926  TIMEOUT 0.023934
 26       1031       1031       1072      0.0239       1039        1039      0.0134        0.4978
ALPHA 1.0349 MaxIteration 3027  TIMEOUT 0.024780
 27       1031       1031       1072      0.0248       1039        1039      0.0031        0.5494
ALPHA 1.0349 MaxIteration 3132  TIMEOUT 0.025646
 28       1031       1031       1072      0.0256       1039        1039      0.0116        0.6048
ALPHA 1.0349 MaxIteration 3241  TIMEOUT 0.026543
 29       1031       1031       1072      0.0265       1039        1039      0.0113        0.6599
ALPHA 1.0349 MaxIteration 3353  TIMEOUT 0.027471
 30       1031       1031       1072      0.0275       1039        1039      0.0016        0.7168
ALPHA 1.0349 MaxIteration 3469  TIMEOUT 0.028433
 31       1031       1031       1072      0.0284       1039        1039      0.0032        0.7747
ALPHA 1.0349 MaxIteration 3589  TIMEOUT 0.029427
 32       1031       1031       1072      0.0294       1039        1039      0.0016        0.8346
ALPHA 1.0349 MaxIteration 3714  TIMEOUT 0.030463
 33       1031       1031       1072      0.0305       1039        1039      0.0043        0.8956
ALPHA 1.0349 MaxIteration 3843  TIMEOUT 0.031530
 34       1031       1031       1072      0.0315       1039        1039      0.0210        0.9607
ALPHA 1.0349 MaxIteration 3976  TIMEOUT 0.032632
 35       1031       1031       1071      0.0326       1039        1039      0.0005        1.0270
ALPHA 1.0349 MaxIteration 4114  TIMEOUT 0.033774
 36       1031       1031       1071      0.0338       1039        1039      0.0147        1.0957
ALPHA 1.0349 MaxIteration 4257  TIMEOUT 0.034964
 37       1031       1031       1070      0.0350       1039        1039      0.0017        1.1666
ALPHA 1.0349 MaxIteration 4405  TIMEOUT 0.036189
 38       1035       1035       1055      0.0362       1039        1039      0.0207        1.2401
ALPHA 1.0349 MaxIteration 4558  TIMEOUT 0.037457
 39       1035       1035       1055      0.0375       1039        1039      0.0222        1.3181
ALPHA 1.0349 MaxIteration 4716  TIMEOUT 0.038771
 40       1035       1035       1055      0.0388       1039        1039      0.0016        1.3977
ALPHA 1.0349 MaxIteration 4880  TIMEOUT 0.040134
 41       1035       1035       1055      0.0401       1039        1039      0.0019        1.4831
ALPHA 1.0349 MaxIteration 5050  TIMEOUT 0.041541
 42       1035       1035       1055      0.0415       1039        1039      0.0098        1.5663
ALPHA 1.0349 MaxIteration 5226  TIMEOUT 0.042998
 43       1035       1035       1055      0.0430       1039        1039      0.0091        1.6533
ALPHA 1.0349 MaxIteration 5408  TIMEOUT 0.044508
 44       1035       1035       1055      0.0445       1039        1039      0.0116        1.7454
ALPHA 1.0349 MaxIteration 5596  TIMEOUT 0.046067
 45       1035       1035       1055      0.0461       1039        1039      0.0322        1.8376
ALPHA 1.0349 MaxIteration 5791  TIMEOUT 0.047678
 46       1035       1035       1055      0.0477       1039        1039      0.0118        1.9331
ALPHA 1.0349 MaxIteration 5992  TIMEOUT 0.049348
 47       1035       1035       1055      0.0494       1039        1039      0.0013        2.0329
ALPHA 1.0349 MaxIteration 6200  TIMEOUT 0.051076
 48       1035       1035       1055      0.0511       1039        1039      0.0236        2.1361
ALPHA 1.0349 MaxIteration 6416  TIMEOUT 0.052869
 49       1035       1035       1055      0.0529       1039        1039      0.0083        2.2429
ALPHA 1.0349 MaxIteration 6639  TIMEOUT 0.054717
 50       1035       1035       1055      0.0547       1039        1039      0.0028        2.3564
ALPHA 1.0349 MaxIteration 6870  TIMEOUT 0.056626
 51       1035       1035       1055      0.0566       1039        1039      0.0031        2.4697
ALPHA 1.0349 MaxIteration 7109  TIMEOUT 0.058608
 52       1035       1035       1055      0.0586       1039        1039      0.0047        2.5900
ALPHA 1.0349 MaxIteration 7356  TIMEOUT 0.060659
 53       1035       1035       1055      0.0607       1039        1039      0.0004        2.7164
ALPHA 1.0349 MaxIteration 7612  TIMEOUT 0.062787
 54       1035       1035       1055      0.0628       1039        1039      0.0006        2.8451
ALPHA 1.0349 MaxIteration 7877  TIMEOUT 0.064981
 55       1035       1035       1055      0.0650       1039        1039      0.0021        2.9781
ALPHA 1.0349 MaxIteration 8151  TIMEOUT 0.067253
 56       1035       1035       1055      0.0673       1039        1039      0.0024        3.1157
ALPHA 1.0349 MaxIteration 8435  TIMEOUT 0.069605
 57       1035       1035       1055      0.0696       1039        1039      0.0132        3.2610
ALPHA 1.0349 MaxIteration 8729  TIMEOUT 0.072039
 58       1035       1035       1055      0.0720       1039        1039      0.0016        3.4082
ALPHA 1.0349 MaxIteration 9033  TIMEOUT 0.074555
 59       1035       1035       1055      0.0746       1039        1039      0.0056        3.5594
ALPHA 1.0349 MaxIteration 9347  TIMEOUT 0.077162
 60       1035       1035       1055      0.0772       1039        1039      0.0007        3.7168
ALPHA 1.0349 MaxIteration 9672  TIMEOUT 0.079855
 61       1035       1035       1055      0.0799       1039        1039      0.0067        3.8785
ALPHA 1.0349 MaxIteration 10009  TIMEOUT 0.082641
 62       1035       1035       1055      0.0826       1039        1039      0.0010        4.0489
ALPHA 1.0349 MaxIteration 10357  TIMEOUT 0.085525
 63       1035       1035       1055      0.0855       1039        1039      0.0102        4.2239
ALPHA 1.0349 MaxIteration 10718  TIMEOUT 0.088515
 64       1035       1035       1055      0.0885       1039        1039      0.0076        4.4051
ALPHA 1.0349 MaxIteration 11091  TIMEOUT 0.091610
 65       1035       1035       1055      0.0916       1039        1039      0.0052        4.5914
ALPHA 1.0349 MaxIteration 11477  TIMEOUT 0.094811
 66       1035       1035       1055      0.0948       1039        1039      0.0039        4.7871
ALPHA 1.0349 MaxIteration 11877  TIMEOUT 0.098120
 67       1035       1035       1055      0.0981       1039        1039      0.0032        4.9885
ALPHA 1.0349 MaxIteration 12291  TIMEOUT 0.101551
 68       1035       1035       1055      0.1016       1039        1039      0.0018        5.1946
ALPHA 1.0349 MaxIteration 12719  TIMEOUT 0.105096
 69       1035       1035       1055      0.1051       1039        1039      0.0138        5.4071
ALPHA 1.0349 MaxIteration 13162  TIMEOUT 0.108777
 70       1035       1035       1055      0.1088       1039        1039      0.0027        5.6267
ALPHA 1.0349 MaxIteration 13620  TIMEOUT 0.112584
 71       1035       1035       1055      0.1126       1039        1039      0.0022        5.8590
ALPHA 1.0349 MaxIteration 14094  TIMEOUT 0.116520
 72       1035       1035       1055      0.1165       1039        1039      0.0216        6.0961
ALPHA 1.0349 MaxIteration 14585  TIMEOUT 0.120585
 73       1035       1035       1055      0.1206       1039        1039      0.0170        6.3414
ALPHA 1.0349 MaxIteration 15093  TIMEOUT 0.124796
 74       1035       1035       1055      0.1248       1039        1039      0.0220        6.5951
ALPHA 1.0349 MaxIteration 15619  TIMEOUT 0.129147
 75       1035       1035       1055      0.1292       1039        1039      0.0025        6.8555
ALPHA 1.0349 MaxIteration 16163  TIMEOUT 0.133657
 76       1035       1035       1055      0.1337       1039        1039      0.0008        7.1289
ALPHA 1.0349 MaxIteration 16726  TIMEOUT 0.138324
 77       1035       1035       1055      0.1383       1039        1039      0.0012        7.4086
ALPHA 1.0349 MaxIteration 17309  TIMEOUT 0.143158
 78       1035       1035       1055      0.1432       1039        1039      0.0521        7.7000
ALPHA 1.0349 MaxIteration 17912  TIMEOUT 0.148160
 79       1035       1035       1055      0.1482       1039        1039      0.0063        8.0034
ALPHA 1.0349 MaxIteration 18536  TIMEOUT 0.153331
 80       1035       1035       1055      0.1533       1039        1039      0.0014        8.3142
ALPHA 1.0349 MaxIteration 19182  TIMEOUT 0.158686
 81       1035       1035       1055      0.1587       1039        1039      0.0007        8.6426
ALPHA 1.0349 MaxIteration 19850  TIMEOUT 0.164231
 82       1035       1035       1055      0.1643       1039        1039      0.0038        8.9742
ALPHA 1.0349 MaxIteration 20541  TIMEOUT 0.169983
 83       1035       1035       1055      0.1700       1039        1039      0.0008        9.3253
ALPHA 1.0349 MaxIteration 21257  TIMEOUT 0.175917
 84       1035       1035       1055      0.1759       1039        1039      0.0042        9.6812
ALPHA 1.0349 MaxIteration 21997  TIMEOUT 0.182050
 85       1035       1035       1055      0.1821       1039        1039      0.0067       10.0544
ALPHA 1.0349 MaxIteration 22763  TIMEOUT 0.188407
 86       1035       1035       1055      0.1884       1039        1039      0.0013       10.4403
ALPHA 1.0349 MaxIteration 23556  TIMEOUT 0.194983
 87       1035       1035       1055      0.1950       1039        1039      0.0064       10.8384
ALPHA 1.0349 MaxIteration 24377  TIMEOUT 0.201784
 88       1035       1035       1055      0.2018       1039        1039      0.0087       11.2490
ALPHA 1.0349 MaxIteration 25226  TIMEOUT 0.208826
 89       1035       1035       1055      0.2088       1039        1039      0.0095       11.6758
ALPHA 1.0349 MaxIteration 26105  TIMEOUT 0.216112
 90       1035       1035       1055      0.2161       1039        1039      0.0009       12.1141
ALPHA 1.0349 MaxIteration 27014  TIMEOUT 0.223657
 91       1035       1035       1055      0.2237       1039        1039      0.0037       12.5745
ALPHA 1.0349 MaxIteration 27955  TIMEOUT 0.231461
 92       1035       1035       1055      0.2315       1039        1039      0.0101       13.0505
ALPHA 1.0349 MaxIteration 28929  TIMEOUT 0.239540
 93       1035       1035       1055      0.2395       1039        1039      0.0020       13.5437
ALPHA 1.0349 MaxIteration 29937  TIMEOUT 0.247900
 94       1036       1036       1054      0.2479       1039        1039      0.0007       20.0000
>>> T1_100_100_2.wclq |V| 100 |E| 100  (#LB 0.0088 1027 ---> 1036  0.0029  1039 <--- 1060  0.0198 #UB)  #read_time 0.0002  #reduce_time 0.0000  #solve_time 20.0000  #total_time 20.0002
 