With  Parameters CUTOFF 20 SEED 3  ALPHA = 1.900  K=5 RHO=0.05 Q0=0.90 BETA=3.0 AQ_MODE=dbs
Reading  graph ...  time 0.024795  
Reducing graph ...  time 0.000664  
[v6] |V|=500 |E|=125248 density=250.50 USE_ADVANCED=0 SAFE_AQ_MIN_GAP=0.050 DEEP_AQ_RANGE=[800, 5.00, 10.00] structure_blocks_aq=1 AQ_SLOPE_MARGIN=1.15 AQ_MAX_UB_DRIFT=0.20
#Rd        #LB        #LB*       #UB       #Time        #UB+        #UB*      #Time      #TotalTime
First Gap  0.454545
  1         11         11         16      0.5257
 Switch to DBS-only search, timeout 0.525679....
 [Online-safe AQ structure guard] |V|=500 density=250.50 outside [800, 5.00, 10.00], disabling AQ
         16          16      0.0060        1.0525
ALPHA 1.9000 MaxIteration 3  TIMEOUT 0.525679
  2         11         11         16      0.0053         18          16      0.0042        1.0633
ALPHA 1.8304 MaxIteration 5  TIMEOUT 0.010102
  3         11         11         16      0.0059         18          16      0.0042        1.0753
ALPHA 1.7658 MaxIteration 9  TIMEOUT 0.010862
  4         10         11         16      0.0116         16          16      0.0063        1.0987
ALPHA 1.7056 MaxIteration 15  TIMEOUT 0.020467
  5         11         11         18      0.0212         16          16      0.0082        1.1414
ALPHA 1.6493 MaxIteration 25  TIMEOUT 0.036156
  6         11         11         16      0.0276         16          16      0.0059        1.1967
ALPHA 1.5966 MaxIteration 41  TIMEOUT 0.045542
  7         11         11         16      0.0388         16          16      0.0099        1.2746
ALPHA 1.5472 MaxIteration 65  TIMEOUT 0.062005
  8         11         11         18      0.0606         16          16      0.0097        1.3960
ALPHA 1.5008 MaxIteration 100  TIMEOUT 0.093772
  9         11         11         18      0.0933         16          16      0.0160        1.5829
ALPHA 1.4571 MaxIteration 150  TIMEOUT 0.140076
 10         11         11         18      0.1390         16          16      0.0071        1.8624
ALPHA 1.4158 MaxIteration 218  TIMEOUT 0.202472
 11         11         11         16      0.1993         16          16      0.0064        2.2641
ALPHA 1.3768 MaxIteration 308  TIMEOUT 0.282188
 12         11         11         16      0.2829         16          16      0.0058        2.8301
ALPHA 1.3399 MaxIteration 424  TIMEOUT 0.389475
 13         11         11         16      0.3903         16          16      0.0058        3.6110
ALPHA 1.3049 MaxIteration 568  TIMEOUT 0.523031
 14         11         11         16      0.5160         16          16      0.0107        4.6453
ALPHA 1.2718 MaxIteration 741  TIMEOUT 0.673339
 15         11         11         16      0.6723         16          16      0.0063        5.9901
ALPHA 1.2402 MaxIteration 942  TIMEOUT 0.855045
 16         11         11         16      0.8555         16          16      0.0052        7.7025
ALPHA 1.2102 MaxIteration 1168  TIMEOUT 1.060948
 17         11         11         16      1.0593         16          16      0.0141        9.8225
ALPHA 1.1816 MaxIteration 1413  TIMEOUT 1.282011
 18         11         11         16      1.2828         16          16      0.0089       12.3904
ALPHA 1.1543 MaxIteration 1669  TIMEOUT 1.515759
 19         11         11         16      1.5162         16          16      0.0059       19.9960
>>> DSJC500_5.clq |V| 500 |E| 125248  (#LB 0.0000 11 ---> 11  0.3125  16 <--- 16  0.0000 #UB)  #read_time 0.0248  #reduce_time 0.0007  #solve_time 19.9960  #total_time 20.0214
 