With  Parameters CUTOFF 20 SEED 1  ALPHA = 1.900  K=5 RHO=0.05 Q0=0.90 BETA=3.0 AQ_MODE=guarded
Reading  graph ...  time 0.183470  
Reducing graph ...  time 0.000078  
[v6] |V|=1000 |E|=1000 density=1.00 USE_ADVANCED=1 SAFE_AQ_MIN_GAP=0.000 DEEP_AQ_RANGE=[800, 5.00, 10.00] structure_blocks_aq=1 AQ_SLOPE_MARGIN=1.15 AQ_MAX_UB_DRIFT=0.20
#Rd        #LB        #LB*       #UB       #Time        #UB+        #UB*      #Time      #TotalTime
First Gap  0.099244
  1      10318      10318      11342      0.2413
 Switch to DBS-only search, timeout 0.241325....
 [Online-safe AQ structure guard] |V|=1000 density=1.00 outside [800, 5.00, 10.00], disabling AQ
      10792       10792      0.1420        0.5365
ALPHA 1.9000 MaxIteration 3  TIMEOUT 0.241325
  2      10287      10318      11590      0.0008      11147       10792      0.0006        0.5381
ALPHA 1.8304 MaxIteration 5  TIMEOUT 0.001471
  3      10284      10318      11662      0.0015      11187       10792      0.0005        0.5411
ALPHA 1.7658 MaxIteration 9  TIMEOUT 0.002764
  4      10240      10318      11794      0.0019      11175       10792      0.0003        0.5448
ALPHA 1.7056 MaxIteration 15  TIMEOUT 0.003291
  5      10282      10318      11878      0.0030      11141       10792      0.0004        0.5508
ALPHA 1.6493 MaxIteration 25  TIMEOUT 0.005100
  6      10236      10318      11915      0.0049      11034       10792      0.0045        0.5607
ALPHA 1.5966 MaxIteration 41  TIMEOUT 0.008118
  7      10236      10318      11971      0.0078      11045       10792      0.0051        0.5764
ALPHA 1.5472 MaxIteration 65  TIMEOUT 0.012503
  8      10264      10318      11925      0.0121      10911       10792      0.0089        0.6006
ALPHA 1.5008 MaxIteration 100  TIMEOUT 0.018740
  9      10257      10318      11903      0.0189      10833       10792      0.0148        0.6384
ALPHA 1.4571 MaxIteration 150  TIMEOUT 0.028333
 10      10264      10318      11802      0.0277      10831       10792      0.0229        0.6938
ALPHA 1.4158 MaxIteration 218  TIMEOUT 0.040391
 11      10264      10318      11690      0.0401      10836       10792      0.0385        0.7740
ALPHA 1.3768 MaxIteration 308  TIMEOUT 0.056730
 12      10307      10318      11759      0.0568      10815       10792      0.0368        0.8877
ALPHA 1.3399 MaxIteration 424  TIMEOUT 0.078210
 13      10304      10318      11704      0.0783      10806       10792      0.0338        1.0444
ALPHA 1.3049 MaxIteration 568  TIMEOUT 0.104954
 14      10305      10318      11624      0.1050      10801       10792      0.0778        1.2544
ALPHA 1.2718 MaxIteration 741  TIMEOUT 0.137043
 15      10307      10318      11624      0.1371      10798       10792      0.1286        1.5287
ALPHA 1.2402 MaxIteration 942  TIMEOUT 0.174408
 16      10315      10318      11563      0.1744      10806       10792      0.0641        1.8786
ALPHA 1.2102 MaxIteration 1168  TIMEOUT 0.216320
 17      10319      10319      11639      0.2163      10794       10792      0.0683        2.3124
ALPHA 1.1816 MaxIteration 1413  TIMEOUT 0.261809
 18      10355      10355      11396      0.2620      10787       10787      0.2599        2.8374
ALPHA 1.1543 MaxIteration 1669  TIMEOUT 0.309528
 19      10353      10355      11559      0.3096      10794       10787      0.2259        3.4587
ALPHA 1.1283 MaxIteration 1926  TIMEOUT 0.357400
 20      10355      10355      11553      0.3498      10796       10787      0.2597        4.1583
ALPHA 1.1034 MaxIteration 2173  TIMEOUT 0.394656
 21      10358      10358      11527      0.3934      10793       10787      0.3170        4.9461
ALPHA 1.0795 MaxIteration 2397  TIMEOUT 0.434015
 22      10355      10358      11578      0.4314      10786       10786      0.2510        5.8120
ALPHA 1.0567 MaxIteration 2587  TIMEOUT 0.465741
 23      10349      10358      11579      0.4659      10792       10786      0.4105        6.7439
ALPHA 1.0349 MaxIteration 2733  TIMEOUT 0.492301
 24      10349      10358      11569      0.4924      10776       10776      0.2289        7.7288
ALPHA 1.0349 MaxIteration 2828  TIMEOUT 0.509588
 25      10346      10358      11581      0.5075      10792       10776      0.0767        8.7490
ALPHA 1.0349 MaxIteration 2926  TIMEOUT 0.525238
 26      10346      10358      11568      0.5252      10794       10776      0.1357        9.7996
ALPHA 1.0349 MaxIteration 3027  TIMEOUT 0.543558
 27      10346      10358      11554      0.5436      10794       10776      0.3338       10.8879
ALPHA 1.0349 MaxIteration 3132  TIMEOUT 0.562527
 28      10356      10358      11520      0.5626      10776       10776      0.4699       12.0172
ALPHA 1.0349 MaxIteration 3241  TIMEOUT 0.582223
 29      10349      10358      11524      0.5823      10785       10776      0.5022       13.1838
ALPHA 1.0349 MaxIteration 3353  TIMEOUT 0.602558
 30      10349      10358      11539      0.6026      10785       10776      2.2389       19.9998
>>> T1_1000_1000_2.wclq |V| 1000 |E| 1000  (#LB 0.0039 10318 ---> 10358  0.0388  10776 <--- 11342  0.0499 #UB)  #read_time 0.1835  #reduce_time 0.0001  #solve_time 19.9998  #total_time 20.1834
 