>>IBM: |V|=250 |E|=2000
>>IBM: The maximum node weight is 682
/public/home/acs4vb4pqv/benchmarks/MWDS2026/T2_wclq/T2_250_2000_3.wclq #seed 1 #alpha 1.900 #timeout 0.100 K=5 RHO=0.05 Q0=0.90 BETA=3.5 AQ_MODE=dbs SAFE_AQ_MIN_GAP=0.050 SAFE_AQ_MIN_NODES=800 AQ_SLOPE_MARGIN=1.05 AQ_MAX_UB_DRIFT=0.25
[v19] |V|=250 |E|=2000 density=8.00 USE_ADVANCED=0
#Rd        #LB        #LB*       #UB       #Time        #UB+        #UB*      #Time      #TotalTime
First Gap  0.220339
ALPHA 1.9000 MaxIteration 500  TIMEOUT 0.112378
  1       1003       1003       1224      0.1124       1189        1189      0.0000      0.2292
ALPHA 1.9000 MaxIteration 3  TIMEOUT 0.000490
  2        919       1003       1449      0.0005       1189        1189      0.0000      0.2392
ALPHA 1.8304 MaxIteration 5  TIMEOUT 0.000780
  3        895       1003       1306      0.0008       1191        1189      0.0000      0.2492
ALPHA 1.7658 MaxIteration 9  TIMEOUT 0.002117
  4        919       1003       1310      0.0021       1189        1189      0.0000      0.2592
ALPHA 1.7056 MaxIteration 15  TIMEOUT 0.005010
  5        913       1003       1343      0.0050       1189        1189      0.0000      0.2692
ALPHA 1.6493 MaxIteration 25  TIMEOUT 0.004718
  6        920       1003       1313      0.0047       1199        1189      0.0000      0.2792
ALPHA 1.5966 MaxIteration 41  TIMEOUT 0.004717
  7        934       1003       1328      0.0047       1183        1183      0.0000      0.2892
ALPHA 1.5472 MaxIteration 65  TIMEOUT 0.014535
  8        935       1003       1303      0.0145       1183        1183      0.0100      0.3192
ALPHA 1.5008 MaxIteration 100  TIMEOUT 0.013689
  9        913       1003       1323      0.0137       1189        1183      0.0000      0.3492
ALPHA 1.4571 MaxIteration 150  TIMEOUT 0.036683
 10        926       1003       1270      0.0367       1183        1183      0.0300      0.4192
ALPHA 1.4158 MaxIteration 218  TIMEOUT 0.033492
 11        930       1003       1249      0.0335       1189        1183      0.0000      0.4892
ALPHA 1.3768 MaxIteration 308  TIMEOUT 0.031884
 12        920       1003       1267      0.0319       1183        1183      0.0000      0.5540
ALPHA 1.3399 MaxIteration 424  TIMEOUT 0.039245
 13        924       1003       1291      0.0392       1189        1183      0.0000      0.6292
ALPHA 1.3049 MaxIteration 568  TIMEOUT 0.071949
 14        925       1003       1290      0.0719       1183        1183      0.0500      0.7792
ALPHA 1.2718 MaxIteration 741  TIMEOUT 0.084515
 15        928       1003       1284      0.0845       1183        1183      0.0000      0.9392
ALPHA 1.2402 MaxIteration 942  TIMEOUT 0.103757
 16        912       1003       1290      0.1038       1189        1183      0.0000      1.1492
ALPHA 1.2102 MaxIteration 1168  TIMEOUT 0.220230
 17        928       1003       1273      0.2202       1183        1183      0.0200      1.5992
ALPHA 1.1816 MaxIteration 1413  TIMEOUT 0.159626
 18        932       1003       1271      0.1596       1183        1183      0.0800      1.8992
ALPHA 1.1543 MaxIteration 1669  TIMEOUT 0.159145
 19        928       1003       1259      0.1591       1183        1183      0.0200      2.2092
ALPHA 1.1283 MaxIteration 1926  TIMEOUT 0.277814
 20        925       1003       1250      0.2778       1183        1183      0.0300      2.7492
ALPHA 1.1034 MaxIteration 2173  TIMEOUT 0.299369
 21        925       1003       1250      0.2994       1183        1183      0.0200      3.3292
ALPHA 1.0795 MaxIteration 2397  TIMEOUT 0.321601
 22        928       1003       1271      0.3216       1183        1183      0.0200      3.9792
ALPHA 1.0567 MaxIteration 2587  TIMEOUT 0.346652
 23        928       1003       1250      0.3467       1183        1183      0.0100      4.6592
ALPHA 1.0349 MaxIteration 2733  TIMEOUT 0.392125
 24        922       1003       1267      0.3921       1183        1183      0.0000      5.4292
ALPHA 1.0349 MaxIteration 2828  TIMEOUT 0.341206
 25        921       1003       1290      0.3412       1183        1183      0.0000      6.1092
ALPHA 1.0349 MaxIteration 2926  TIMEOUT 0.405679
 26        922       1003       1250      0.4057       1183        1183      0.0000      6.9092
ALPHA 1.0349 MaxIteration 3027  TIMEOUT 0.700711
 27        921       1003       1249      0.7007       1183        1183      0.3600      8.2892
ALPHA 1.0349 MaxIteration 3132  TIMEOUT 0.395793
 28        928       1003       1274      0.3958       1183        1183      0.0100      9.0691
ALPHA 1.0349 MaxIteration 3241  TIMEOUT 0.460158
 29        924       1003       1271      0.4602       1183        1183      0.0000      9.9892
ALPHA 1.0349 MaxIteration 3353  TIMEOUT 0.408521
 30        915       1003       1274      0.4085       1183        1183      0.0200     10.7792
ALPHA 1.0349 MaxIteration 3469  TIMEOUT 0.415952
 31        925       1003       1250      0.4160       1183        1183      0.0100     11.5992
ALPHA 1.0349 MaxIteration 3589  TIMEOUT 0.332009
 32        914       1003       1250      0.3320       1183        1183      0.0100     12.2692
ALPHA 1.0349 MaxIteration 3714  TIMEOUT 0.441058
 33        928       1003       1290      0.4411       1183        1183      0.0300     13.1392
ALPHA 1.0349 MaxIteration 3843  TIMEOUT 0.455392
 34        919       1003       1286      0.4554       1183        1183      0.0000     14.0392
ALPHA 1.0349 MaxIteration 3976  TIMEOUT 1.116125
 35        928       1003       1271      1.1161       1183        1183      0.0500     16.2492
ALPHA 1.0349 MaxIteration 4114  TIMEOUT 0.383888
 36        914       1003       1286      0.3839       1183        1183      0.0000     16.9992
ALPHA 1.0349 MaxIteration 4257  TIMEOUT 0.721430
 37        922       1003       1250      0.7214       1183        1183      0.0000     18.4192
ALPHA 1.0349 MaxIteration 4405  TIMEOUT 0.538105
 38        914       1003       1276      0.5381       1183        1183      0.0300     19.4792
ALPHA 1.0349 MaxIteration 4558  TIMEOUT 0.520818
 39        921       1003       1250      0.5208>>> T2_250_2000_3.wclq |V| 250 |E| 2000  (#LB 0.0000 1003 ---> 1003  0.1795  1183 <--- 1224  0.0335 #UB)  #solve_ime 20.0001 read_time 0.0008 
