>>IBM: |V|=150 |E|=2000
>>IBM: The maximum node weight is 1235
/public/home/acs4vb4pqv/benchmarks/MWDS2026/T2_wclq/T2_150_2000_1.wclq #seed 3 #alpha 1.900 #timeout 0.100 K=5 RHO=0.05 Q0=0.90 BETA=3.5 AQ_MODE=dbs SAFE_AQ_MIN_GAP=0.050 SAFE_AQ_MIN_NODES=800 AQ_SLOPE_MARGIN=1.05 AQ_MAX_UB_DRIFT=0.25
[v19] |V|=150 |E|=2000 density=13.33 USE_ADVANCED=0
#Rd        #LB        #LB*       #UB       #Time        #UB+        #UB*      #Time      #TotalTime
First Gap  0.188867
ALPHA 1.9000 MaxIteration 500  TIMEOUT 0.039312
  1        503        503        598      0.0393        598         598      0.0000      0.0791
ALPHA 1.9000 MaxIteration 3  TIMEOUT 0.000344
  2        488        503        704      0.0003        598         598      0.0000      0.0891
ALPHA 1.8304 MaxIteration 5  TIMEOUT 0.000767
  3        477        503        621      0.0008        598         598      0.0000      0.0991
ALPHA 1.7658 MaxIteration 9  TIMEOUT 0.001339
  4        467        503        601      0.0013        598         598      0.0000      0.1091
ALPHA 1.7056 MaxIteration 15  TIMEOUT 0.001278
  5        454        503        598      0.0013        598         598      0.0000      0.1191
ALPHA 1.6493 MaxIteration 25  TIMEOUT 0.003264
  6        473        503        598      0.0033        598         598      0.0000      0.1291
ALPHA 1.5966 MaxIteration 41  TIMEOUT 0.010116
  7        470        503        598      0.0101        598         598      0.0000      0.1591
ALPHA 1.5472 MaxIteration 65  TIMEOUT 0.006375
  8        469        503        598      0.0064        598         598      0.0000      0.1691
ALPHA 1.5008 MaxIteration 100  TIMEOUT 0.009203
  9        469        503        598      0.0092        598         598      0.0000      0.1791
ALPHA 1.4571 MaxIteration 150  TIMEOUT 0.022216
 10        482        503        598      0.0222        598         598      0.0000      0.2291
ALPHA 1.4158 MaxIteration 218  TIMEOUT 0.018164
 11        481        503        598      0.0182        598         598      0.0000      0.2591
ALPHA 1.3768 MaxIteration 308  TIMEOUT 0.041818
 12        476        503        598      0.0418        598         598      0.0000      0.3491
ALPHA 1.3399 MaxIteration 424  TIMEOUT 0.047073
 13        476        503        598      0.0471        598         598      0.0000      0.4391
ALPHA 1.3049 MaxIteration 568  TIMEOUT 0.075718
 14        476        503        598      0.0757        598         598      0.0000      0.5891
ALPHA 1.2718 MaxIteration 741  TIMEOUT 0.097150
 15        476        503        598      0.0972        598         598      0.0000      0.7791
ALPHA 1.2402 MaxIteration 942  TIMEOUT 0.117915
 16        476        503        598      0.1179        598         598      0.0000      1.0091
ALPHA 1.2102 MaxIteration 1168  TIMEOUT 0.147857
 17        482        503        598      0.1479        598         598      0.0000      1.2991
ALPHA 1.1816 MaxIteration 1413  TIMEOUT 0.179671
 18        482        503        598      0.1797        598         598      0.0000      1.6491
ALPHA 1.1543 MaxIteration 1669  TIMEOUT 0.206990
 19        482        503        598      0.2070        598         598      0.0000      2.0491
ALPHA 1.1283 MaxIteration 1926  TIMEOUT 0.234021
 20        482        503        598      0.2340        598         598      0.0000      2.5191
ALPHA 1.1034 MaxIteration 2173  TIMEOUT 0.267000
 21        482        503        598      0.2670        598         598      0.0000      3.0391
ALPHA 1.0795 MaxIteration 2397  TIMEOUT 0.402859
 22        496        503        598      0.4029        598         598      0.0000      3.8391
ALPHA 1.0567 MaxIteration 2587  TIMEOUT 0.353187
 23        487        503        598      0.3532        598         598      0.0000      4.5391
ALPHA 1.0349 MaxIteration 2733  TIMEOUT 0.347276
 24        486        503        598      0.3473        598         598      0.0000      5.2291
ALPHA 1.0349 MaxIteration 2828  TIMEOUT 0.407428
 25        482        503        598      0.4074        598         598      0.0000      6.0291
ALPHA 1.0349 MaxIteration 2926  TIMEOUT 0.361339
 26        476        503        598      0.3613        598         598      0.0000      6.7491
ALPHA 1.0349 MaxIteration 3027  TIMEOUT 0.222112
 27        464        503        598      0.2221        598         598      0.0000      7.1991
ALPHA 1.0349 MaxIteration 3132  TIMEOUT 0.382612
 28        482        503        598      0.3826        598         598      0.0000      7.9591
ALPHA 1.0349 MaxIteration 3241  TIMEOUT 0.399888
 29        479        503        598      0.3999        598         598      0.0000      8.7391
ALPHA 1.0349 MaxIteration 3353  TIMEOUT 0.411295
 30        482        503        598      0.4113        598         598      0.0000      9.5591
ALPHA 1.0349 MaxIteration 3469  TIMEOUT 0.435272
 31        476        503        598      0.4353        598         598      0.0000     10.4191
ALPHA 1.0349 MaxIteration 3589  TIMEOUT 0.519877
 32        482        503        598      0.5199        598         598      0.0000     11.4491
ALPHA 1.0349 MaxIteration 3714  TIMEOUT 0.425943
 33        484        503        598      0.4259        598         598      0.0000     12.2891
ALPHA 1.0349 MaxIteration 3843  TIMEOUT 0.476574
 34        476        503        598      0.4766        598         598      0.0000     13.2291
ALPHA 1.0349 MaxIteration 3976  TIMEOUT 0.475500
 35        476        503        598      0.4755        598         598      0.0000     14.1591
ALPHA 1.0349 MaxIteration 4114  TIMEOUT 0.661135
 36        482        503        598      0.6611        598         598      0.0000     15.4791
ALPHA 1.0349 MaxIteration 4257  TIMEOUT 0.514108
 37        482        503        598      0.5141        598         598      0.0000     16.4991
ALPHA 1.0349 MaxIteration 4405  TIMEOUT 0.535607
 38        482        503        598      0.5356        598         598      0.0000     17.5491
ALPHA 1.0349 MaxIteration 4558  TIMEOUT 0.582352
 39        482        503        598      0.5824        598         598      0.0000     18.6991
ALPHA 1.0349 MaxIteration 4716  TIMEOUT 0.656267
 40        478        503        598      0.6563        598         598      0.0000     19.9791
ALPHA 1.0349 MaxIteration 4880  TIMEOUT 0.020930
 41        456        503        598      0.0209>>> T2_150_2000_1.wclq |V| 150 |E| 2000  (#LB 0.0000 503 ---> 503  0.1889  598 <--- 598  0.0000 #UB)  #solve_ime 20.0000 read_time 0.0009 
