With  Parameters CUTOFF 20 SEED 103  ALPHA = 1.900  K=5 RHO=0.05 Q0=0.90 BETA=3.0 AQ_MODE=guarded
Reading  graph ...  time 0.025412  
Reducing graph ...  time 0.000668  
[v6] |V|=500 |E|=125248 density=250.50 USE_ADVANCED=0 SAFE_AQ_MIN_GAP=0.050 DEEP_AQ_RANGE=[800, 5.00, 10.00] structure_blocks_aq=1 AQ_SLOPE_MARGIN=1.15 AQ_MAX_UB_DRIFT=0.20
#Rd        #LB        #LB*       #UB       #Time        #UB+        #UB*      #Time      #TotalTime
First Gap  0.454545
  1         11         11         16      0.5358
 Switch to DBS-only search, timeout 0.535825....
 [Online-safe AQ structure guard] |V|=500 density=250.50 outside [800, 5.00, 10.00], disabling AQ
         16          16      0.0064        1.0725
ALPHA 1.9000 MaxIteration 3  TIMEOUT 0.535825
  2         11         11         16      0.0053         18          16      0.0043        1.0833
ALPHA 1.8304 MaxIteration 5  TIMEOUT 0.010150
  3         11         11         16      0.0061         18          16      0.0043        1.0958
ALPHA 1.7658 MaxIteration 9  TIMEOUT 0.011138
  4         10         11         16      0.0120         16          16      0.0057        1.1200
ALPHA 1.7056 MaxIteration 15  TIMEOUT 0.021209
  5         11         11         18      0.0215         16          16      0.0054        1.1631
ALPHA 1.6493 MaxIteration 25  TIMEOUT 0.036712
  6         11         11         16      0.0277         16          16      0.0056        1.2189
ALPHA 1.5966 MaxIteration 41  TIMEOUT 0.045661
  7         11         11         16      0.0395         16          16      0.0073        1.2983
ALPHA 1.5472 MaxIteration 65  TIMEOUT 0.063018
  8         11         11         18      0.0621         16          16      0.0081        1.4228
ALPHA 1.5008 MaxIteration 100  TIMEOUT 0.096126
  9         11         11         18      0.0954         16          16      0.0070        1.6138
ALPHA 1.4571 MaxIteration 150  TIMEOUT 0.143217
 10         11         11         18      0.1426         16          16      0.0080        1.8991
ALPHA 1.4158 MaxIteration 218  TIMEOUT 0.207735
 11         11         11         16      0.2086         16          16      0.0062        2.3168
ALPHA 1.3768 MaxIteration 308  TIMEOUT 0.295406
 12         11         11         16      0.2957         16          16      0.0073        2.9085
ALPHA 1.3399 MaxIteration 424  TIMEOUT 0.407182
 13         11         11         16      0.4045         16          16      0.0057        3.7177
ALPHA 1.3049 MaxIteration 568  TIMEOUT 0.541929
 14         11         11         16      0.5376         16          16      0.0079        4.7930
ALPHA 1.2718 MaxIteration 741  TIMEOUT 0.701519
 15         11         11         16      0.6969         16          16      0.0057        6.1890
ALPHA 1.2402 MaxIteration 942  TIMEOUT 0.886270
 16         11         11         16      0.8786         16          16      0.0060        7.9476
ALPHA 1.2102 MaxIteration 1168  TIMEOUT 1.089689
 17         11         11         16      1.0886         16          16      0.0086       10.1262
ALPHA 1.1816 MaxIteration 1413  TIMEOUT 1.317392
 18         11         11         16      1.3183         16          16      0.0084       12.7630
ALPHA 1.1543 MaxIteration 1669  TIMEOUT 1.557648
 19         11         11         16      1.5583         16          16      0.0064       19.9957
>>> DSJC500_5.clq |V| 500 |E| 125248  (#LB 0.0000 11 ---> 11  0.3125  16 <--- 16  0.0000 #UB)  #read_time 0.0254  #reduce_time 0.0007  #solve_time 19.9957  #total_time 20.0218
 