With  Parameters CUTOFF 20 SEED 102  ALPHA = 1.900  K=5 RHO=0.05 Q0=0.90 BETA=3.0 AQ_MODE=guarded
Reading  graph ...  time 0.000220  
Reducing graph ...  time 0.000031  
[v6] |V|=200 |E|=250 density=1.25 USE_ADVANCED=0 SAFE_AQ_MIN_GAP=0.050 DEEP_AQ_RANGE=[800, 5.00, 10.00] structure_blocks_aq=1 AQ_SLOPE_MARGIN=1.15 AQ_MAX_UB_DRIFT=0.20
#Rd        #LB        #LB*       #UB       #Time        #UB+        #UB*      #Time      #TotalTime
First Gap  0.090909
  1       1848       1848       2016      0.0233
 Switch to DBS-only search, timeout 0.023296....
 [Online-safe AQ structure guard] |V|=200 density=1.25 outside [800, 5.00, 10.00], disabling AQ
       1937        1937      0.0034        0.0468
ALPHA 1.9000 MaxIteration 3  TIMEOUT 0.023296
  2       1823       1848       2050      0.0001       2012        1937      0.0001        0.0471
ALPHA 1.8304 MaxIteration 5  TIMEOUT 0.000247
  3       1812       1848       2139      0.0002       1977        1937      0.0002        0.0475
ALPHA 1.7658 MaxIteration 9  TIMEOUT 0.000423
  4       1816       1848       2113      0.0005       1987        1937      0.0003        0.0484
ALPHA 1.7056 MaxIteration 15  TIMEOUT 0.000796
  5       1799       1848       2088      0.0006       1976        1937      0.0005        0.0496
ALPHA 1.6493 MaxIteration 25  TIMEOUT 0.000948
  6       1840       1848       2062      0.0010       1955        1937      0.0010        0.0515
ALPHA 1.5966 MaxIteration 41  TIMEOUT 0.001582
  7       1840       1848       2062      0.0016       1947        1937      0.0014        0.0547
ALPHA 1.5472 MaxIteration 65  TIMEOUT 0.002550
  8       1848       1848       2057      0.0026       1937        1937      0.0020        0.0598
ALPHA 1.5008 MaxIteration 100  TIMEOUT 0.003983
  9       1857       1857       2057      0.0040       1937        1937      0.0027        0.0679
ALPHA 1.4571 MaxIteration 150  TIMEOUT 0.006021
 10       1857       1857       2027      0.0036       1937        1937      0.0020        0.0760
ALPHA 1.4158 MaxIteration 218  TIMEOUT 0.005238
 11       1857       1857       2027      0.0052       1937        1937      0.0038        0.0866
ALPHA 1.3768 MaxIteration 308  TIMEOUT 0.007430
 12       1857       1857       2027      0.0075       1937        1937      0.0016        0.1016
ALPHA 1.3399 MaxIteration 424  TIMEOUT 0.010264
 13       1857       1857       2068      0.0103       1937        1937      0.0030        0.1221
ALPHA 1.3049 MaxIteration 568  TIMEOUT 0.013778
 14       1862       1862       2067      0.0138       1937        1937      0.0036        0.1509
ALPHA 1.2718 MaxIteration 741  TIMEOUT 0.018007
 15       1867       1867       2067      0.0180       1937        1937      0.0085        0.1879
ALPHA 1.2402 MaxIteration 942  TIMEOUT 0.022914
 16       1874       1874       2067      0.0229       1937        1937      0.0025        0.2338
ALPHA 1.2102 MaxIteration 1168  TIMEOUT 0.028443
 17       1875       1875       2052      0.0284       1937        1937      0.0015        0.2917
ALPHA 1.1816 MaxIteration 1413  TIMEOUT 0.034426
 18       1876       1876       2052      0.0344       1937        1937      0.0012        0.3617
ALPHA 1.1543 MaxIteration 1669  TIMEOUT 0.040700
 19       1878       1878       2052      0.0407       1937        1937      0.0041        0.4442
ALPHA 1.1283 MaxIteration 1926  TIMEOUT 0.046989
 20       1878       1878       2029      0.0470       1937        1937      0.0068        0.5382
ALPHA 1.1034 MaxIteration 2173  TIMEOUT 0.053030
 21       1878       1878       2029      0.0531       1937        1937      0.0045        0.6458
ALPHA 1.0795 MaxIteration 2397  TIMEOUT 0.058540
 22       1878       1878       2029      0.0586       1937        1937      0.0028        0.7640
ALPHA 1.0567 MaxIteration 2587  TIMEOUT 0.063217
 23       1878       1878       2029      0.0632       1937        1937      0.0038        0.8935
ALPHA 1.0349 MaxIteration 2733  TIMEOUT 0.066833
 24       1878       1878       2029      0.0669       1937        1937      0.0010        1.0283
ALPHA 1.0349 MaxIteration 2828  TIMEOUT 0.069193
 25       1878       1878       2029      0.0692       1937        1937      0.0038        1.1678
ALPHA 1.0349 MaxIteration 2926  TIMEOUT 0.071642
 26       1878       1878       2029      0.0716       1937        1937      0.0042        1.3122
ALPHA 1.0349 MaxIteration 3027  TIMEOUT 0.074148
 27       1878       1878       2029      0.0742       1937        1937      0.0048        1.4616
ALPHA 1.0349 MaxIteration 3132  TIMEOUT 0.076745
 28       1878       1878       2029      0.0768       1937        1937      0.0033        1.6151
ALPHA 1.0349 MaxIteration 3241  TIMEOUT 0.079425
 29       1878       1878       2029      0.0794       1937        1937      0.0020        1.7751
ALPHA 1.0349 MaxIteration 3353  TIMEOUT 0.082208
 30       1878       1878       2033      0.0822       1937        1937      0.0066        1.9416
ALPHA 1.0349 MaxIteration 3469  TIMEOUT 0.085093
 31       1878       1878       2029      0.0851       1937        1937      0.0020        2.1129
ALPHA 1.0349 MaxIteration 3589  TIMEOUT 0.088062
 32       1882       1882       2029      0.0881       1937        1937      0.0022        2.2901
ALPHA 1.0349 MaxIteration 3714  TIMEOUT 0.091162
 33       1882       1882       2031      0.0912       1937        1937      0.0050        2.4726
ALPHA 1.0349 MaxIteration 3843  TIMEOUT 0.094369
 34       1882       1882       2037      0.0944       1937        1937      0.0070        2.6614
ALPHA 1.0349 MaxIteration 3976  TIMEOUT 0.097669
 35       1882       1882       2031      0.0977       1937        1937      0.0020        2.8598
ALPHA 1.0349 MaxIteration 4114  TIMEOUT 0.101083
 36       1882       1882       2031      0.1011       1937        1937      0.0038        3.0621
ALPHA 1.0349 MaxIteration 4257  TIMEOUT 0.104639
 37       1882       1882       2031      0.1046       1937        1937      0.0055        3.2755
ALPHA 1.0349 MaxIteration 4405  TIMEOUT 0.108294
 38       1882       1882       2031      0.1083       1937        1937      0.0073        3.4942
ALPHA 1.0349 MaxIteration 4558  TIMEOUT 0.112079
 39       1882       1882       2050      0.1121       1937        1937      0.0063        3.7215
ALPHA 1.0349 MaxIteration 4716  TIMEOUT 0.116006
 40       1882       1882       2031      0.1160       1937        1937      0.0021        3.9566
ALPHA 1.0349 MaxIteration 4880  TIMEOUT 0.120066
 41       1882       1882       2031      0.1201       1937        1937      0.0033        4.1978
ALPHA 1.0349 MaxIteration 5050  TIMEOUT 0.124276
 42       1882       1882       2031      0.1243       1937        1937      0.0021        4.4485
ALPHA 1.0349 MaxIteration 5226  TIMEOUT 0.128615
 43       1882       1882       2031      0.1286       1937        1937      0.0027        4.7059
ALPHA 1.0349 MaxIteration 5408  TIMEOUT 0.133132
 44       1882       1882       2031      0.1332       1937        1937      0.0041        4.9733
ALPHA 1.0349 MaxIteration 5596  TIMEOUT 0.137799
 45       1882       1882       2032      0.1378       1937        1937      0.0012        5.2500
ALPHA 1.0349 MaxIteration 5791  TIMEOUT 0.142607
 46       1882       1882       2037      0.1426       1937        1937      0.0016        5.5393
ALPHA 1.0349 MaxIteration 5992  TIMEOUT 0.147598
 47       1882       1882       2032      0.1476       1937        1937      0.0068        5.8366
ALPHA 1.0349 MaxIteration 6200  TIMEOUT 0.152769
 48       1882       1882       2031      0.1528       1937        1937      0.0022        6.1422
ALPHA 1.0349 MaxIteration 6416  TIMEOUT 0.158119
 49       1882       1882       2023      0.1581       1937        1937      0.0038        6.4650
ALPHA 1.0349 MaxIteration 6639  TIMEOUT 0.163651
 50       1882       1882       2031      0.1637       1937        1937      0.0022        6.7955
ALPHA 1.0349 MaxIteration 6870  TIMEOUT 0.169373
 51       1882       1882       2031      0.1694       1937        1937      0.0043        7.1403
ALPHA 1.0349 MaxIteration 7109  TIMEOUT 0.175296
 52       1882       1882       2031      0.1753       1937        1937      0.0046        7.4943
ALPHA 1.0349 MaxIteration 7356  TIMEOUT 0.181419
 53       1882       1882       2032      0.1815       1937        1937      0.0027        7.8613
ALPHA 1.0349 MaxIteration 7612  TIMEOUT 0.187780
 54       1882       1882       2032      0.1878       1937        1937      0.0013        8.2371
ALPHA 1.0349 MaxIteration 7877  TIMEOUT 0.194335
 55       1882       1882       2032      0.1943       1937        1937      0.0059        8.6278
ALPHA 1.0349 MaxIteration 8151  TIMEOUT 0.201123
 56       1882       1882       2032      0.2011       1937        1937      0.0028        9.0343
ALPHA 1.0349 MaxIteration 8435  TIMEOUT 0.208152
 57       1882       1882       2031      0.2082       1937        1937      0.0027        9.4532
ALPHA 1.0349 MaxIteration 8729  TIMEOUT 0.215423
 58       1882       1882       2031      0.2154       1937        1937      0.0059        9.8882
ALPHA 1.0349 MaxIteration 9033  TIMEOUT 0.222959
 59       1882       1882       2031      0.2230       1937        1937      0.0049       10.3373
ALPHA 1.0349 MaxIteration 9347  TIMEOUT 0.230737
 60       1884       1884       2032      0.2307       1937        1937      0.0025       10.8029
ALPHA 1.0349 MaxIteration 9672  TIMEOUT 0.238787
 61       1884       1884       2017      0.2388       1937        1937      0.0055       11.2826
ALPHA 1.0349 MaxIteration 10009  TIMEOUT 0.247128
 62       1884       1884       2031      0.2472       1937        1937      0.0020       11.7822
ALPHA 1.0349 MaxIteration 10357  TIMEOUT 0.255771
 63       1884       1884       2001      0.2558       1937        1937      0.0018       12.2939
ALPHA 1.0349 MaxIteration 10718  TIMEOUT 0.264701
 64       1884       1884       2020      0.2647       1937        1937      0.0036       12.8254
ALPHA 1.0349 MaxIteration 11091  TIMEOUT 0.273937
 65       1884       1884       2005      0.2740       1937        1937      0.0026       13.3835
ALPHA 1.0349 MaxIteration 11477  TIMEOUT 0.283513
 66       1884       1884       2022      0.2835       1937        1937      0.0075       20.0000
>>> T1_200_250_7.wclq |V| 200 |E| 250  (#LB 0.0195 1848 ---> 1884  0.0274  1937 <--- 2016  0.0392 #UB)  #read_time 0.0002  #reduce_time 0.0000  #solve_time 20.0000  #total_time 20.0002
 