>>IBM: |V|=150 |E|=2000
>>IBM: The maximum node weight is 1235
/public/home/acs4vb4pqv/benchmarks/MWDS2026/T2_wclq/T2_150_2000_1.wclq #seed 103 #alpha 1.900 #timeout 0.100 K=5 RHO=0.05 Q0=0.90 BETA=3.5 AQ_MODE=guarded SAFE_AQ_MIN_GAP=0.000 SAFE_AQ_MIN_NODES=800 AQ_SLOPE_MARGIN=1.05 AQ_MAX_UB_DRIFT=0.25
[v19] |V|=150 |E|=2000 density=13.33 USE_ADVANCED=0
#Rd        #LB        #LB*       #UB       #Time        #UB+        #UB*      #Time      #TotalTime
First Gap  0.188867
ALPHA 1.9000 MaxIteration 500  TIMEOUT 0.034574
  1        503        503        598      0.0346
 [AQ small-headroom probe] gap=0.1889 density=13.33 |V|=150 => Light RL (K=3, 5.0%)
ALPHA 1.9000 MaxIteration 3  TIMEOUT 0.000763
  2        486        503        675      0.0008ALPHA 1.8304 MaxIteration 5  TIMEOUT 0.001503
  3        488        503        732      0.0015 [AQ guard] no early LB gain, disabling AQ
        601         601      0.0000      0.0388
ALPHA 1.7658 MaxIteration 9  TIMEOUT 0.000637
  4        486        503        618      0.0006        598         598      0.0000      0.0488
ALPHA 1.7056 MaxIteration 15  TIMEOUT 0.001074
  5        449        503        598      0.0011        598         598      0.0000      0.0588
ALPHA 1.6493 MaxIteration 25  TIMEOUT 0.003190
  6        470        503        598      0.0032        598         598      0.0000      0.0688
ALPHA 1.5966 MaxIteration 41  TIMEOUT 0.005059
  7        503        503        598      0.0051        598         598      0.0000      0.0788
ALPHA 1.5472 MaxIteration 65  TIMEOUT 0.007724
  8        487        503        598      0.0077        598         598      0.0000      0.0888
ALPHA 1.5008 MaxIteration 100  TIMEOUT 0.011511
  9        487        503        598      0.0115        598         598      0.0000      0.1188
ALPHA 1.4571 MaxIteration 150  TIMEOUT 0.011898
 10        486        503        598      0.0119        598         598      0.0000      0.1488
ALPHA 1.4158 MaxIteration 218  TIMEOUT 0.028325
 11        508        508        598      0.0283        598         598      0.0000      0.1988
ALPHA 1.3768 MaxIteration 308  TIMEOUT 0.036755
 12        503        508        598      0.0368        598         598      0.0000      0.2657
ALPHA 1.3399 MaxIteration 424  TIMEOUT 0.039009
 13        492        508        598      0.0390        598         598      0.0000      0.3388
ALPHA 1.3049 MaxIteration 568  TIMEOUT 0.083926
 14        508        508        598      0.0839        598         598      0.0000      0.5088
ALPHA 1.2718 MaxIteration 741  TIMEOUT 0.066299
 15        508        508        598      0.0663        598         598      0.0000      0.6388
ALPHA 1.2402 MaxIteration 942  TIMEOUT 0.119284
 16        508        508        598      0.1193        598         598      0.0000      0.8688
ALPHA 1.2102 MaxIteration 1168  TIMEOUT 0.177138
 17        508        508        598      0.1771        598         598      0.0000      1.2188
ALPHA 1.1816 MaxIteration 1413  TIMEOUT 0.276576
 18        497        508        598      0.2766        598         598      0.0000      1.7588
ALPHA 1.1543 MaxIteration 1669  TIMEOUT 0.201455
 19        503        508        598      0.2015        598         598      0.0000      2.1588
ALPHA 1.1283 MaxIteration 1926  TIMEOUT 0.115360
 20        482        508        598      0.1154        598         598      0.0000      2.3888
ALPHA 1.1034 MaxIteration 2173  TIMEOUT 0.251581
 21        503        508        598      0.2516        598         598      0.0000      2.8888
ALPHA 1.0795 MaxIteration 2397  TIMEOUT 0.327572
 22        508        508        598      0.3276        598         598      0.0000      3.5388
ALPHA 1.0567 MaxIteration 2587  TIMEOUT 0.315419
 23        503        508        598      0.3154        598         598      0.0000      4.1588
ALPHA 1.0349 MaxIteration 2733  TIMEOUT 0.353435
 24        508        508        598      0.3534        598         598      0.0000      4.8588
ALPHA 1.0349 MaxIteration 2828  TIMEOUT 0.401904
 25        503        508        598      0.4019        598         598      0.0000      5.6588
ALPHA 1.0349 MaxIteration 2926  TIMEOUT 0.446000
 26        497        508        598      0.4460        598         598      0.0000      6.5388
ALPHA 1.0349 MaxIteration 3027  TIMEOUT 0.243108
 27        484        508        598      0.2431        598         598      0.0000      7.0288
ALPHA 1.0349 MaxIteration 3132  TIMEOUT 0.367798
 28        503        508        598      0.3678        598         598      0.0000      7.7488
ALPHA 1.0349 MaxIteration 3241  TIMEOUT 0.271323
 29        503        508        598      0.2713        598         598      0.0000      8.2888
ALPHA 1.0349 MaxIteration 3353  TIMEOUT 0.365246
 30        493        508        598      0.3652        598         598      0.0000      9.0088
ALPHA 1.0349 MaxIteration 3469  TIMEOUT 0.260978
 31        487        508        598      0.2610        598         598      0.0000      9.5288
ALPHA 1.0349 MaxIteration 3589  TIMEOUT 0.389972
 32        497        508        598      0.3900        598         598      0.0000     10.2988
ALPHA 1.0349 MaxIteration 3714  TIMEOUT 0.231789
 33        486        508        598      0.2318        598         598      0.0000     10.7688
ALPHA 1.0349 MaxIteration 3843  TIMEOUT 0.503105
 34        503        508        598      0.5031        598         598      0.0000     11.7688
ALPHA 1.0349 MaxIteration 3976  TIMEOUT 0.242104
 35        482        508        598      0.2421        598         598      0.0000     12.2588
ALPHA 1.0349 MaxIteration 4114  TIMEOUT 0.366989
 36        484        508        598      0.3670        598         598      0.0000     12.9788
ALPHA 1.0349 MaxIteration 4257  TIMEOUT 0.377981
 37        493        508        598      0.3780        598         598      0.0000     13.7188
ALPHA 1.0349 MaxIteration 4405  TIMEOUT 0.574240
 38        503        508        598      0.5742        598         598      0.0000     14.8588
ALPHA 1.0349 MaxIteration 4558  TIMEOUT 0.370082
 39        493        508        598      0.3701        598         598      0.0000     15.6088
ALPHA 1.0349 MaxIteration 4716  TIMEOUT 0.361525
 40        484        508        598      0.3615        598         598      0.0000     16.3288
ALPHA 1.0349 MaxIteration 4880  TIMEOUT 0.389914
 41        493        508        598      0.3899        598         598      0.0000     17.0888
ALPHA 1.0349 MaxIteration 5050  TIMEOUT 0.605360
 42        493        508        598      0.6054        598         598      0.0000     18.2788
ALPHA 1.0349 MaxIteration 5226  TIMEOUT 0.691745
 43        498        508        598      0.6917        598         598      0.0000     19.6588
ALPHA 1.0349 MaxIteration 5408  TIMEOUT 0.341181
 44        493        508        598      0.3412>>> T2_150_2000_1.wclq |V| 150 |E| 2000  (#LB 0.0099 503 ---> 508  0.1772  598 <--- 598  0.0000 #UB)  #solve_ime 20.0000 read_time 0.0012 
