With  Parameters CUTOFF 20 SEED 103  ALPHA = 1.900  K=5 RHO=0.05 Q0=0.90 BETA=3.0 AQ_MODE=dbs
Reading  graph ...  time 0.032037  
Reducing graph ...  time 0.000649  
[v6] |V|=1000 |E|=52120 density=52.12 USE_ADVANCED=0 SAFE_AQ_MIN_GAP=0.050 DEEP_AQ_RANGE=[800, 5.00, 10.00] structure_blocks_aq=1 AQ_SLOPE_MARGIN=1.15 AQ_MAX_UB_DRIFT=0.20
#Rd        #LB        #LB*       #UB       #Time        #UB+        #UB*      #Time      #TotalTime
First Gap  0.078947
  1         38         38         41      0.3517
 Switch to DBS-only search, timeout 0.351671....
 [Online-safe AQ structure guard] |V|=1000 density=52.12 outside [800, 5.00, 10.00], disabling AQ
         41          41      0.0062        1.0032
ALPHA 1.9000 MaxIteration 3  TIMEOUT 0.351671
  2         37         38         42      0.0025         42          41      0.0058        1.0115
ALPHA 1.8304 MaxIteration 5  TIMEOUT 0.004780
  3         37         38         43      0.0037         42          41      0.0057        1.0208
ALPHA 1.7658 MaxIteration 9  TIMEOUT 0.006699
  4         37         38         41      0.0060         42          41      0.0057        1.0330
ALPHA 1.7056 MaxIteration 15  TIMEOUT 0.010653
  5         37         38         41      0.0095         41          41      0.0061        1.0521
ALPHA 1.6493 MaxIteration 25  TIMEOUT 0.016218
  6         38         38         41      0.0165         41          41      0.0072        1.0851
ALPHA 1.5966 MaxIteration 41  TIMEOUT 0.027197
  7         38         38         41      0.0241         41          41      0.0059        1.1333
ALPHA 1.5472 MaxIteration 65  TIMEOUT 0.038414
  8         38         38         41      0.0377         41          41      0.0059        1.2088
ALPHA 1.5008 MaxIteration 100  TIMEOUT 0.058358
  9         38         38         41      0.0574         41          41      0.0062        1.3236
ALPHA 1.4571 MaxIteration 150  TIMEOUT 0.086130
 10         38         38         41      0.0866         41          41      0.0062        1.4969
ALPHA 1.4158 MaxIteration 218  TIMEOUT 0.126200
 11         38         38         41      0.1253         41          41      0.0079        1.7476
ALPHA 1.3768 MaxIteration 308  TIMEOUT 0.177431
 12         38         38         41      0.1775         41          41      0.0062        2.1038
ALPHA 1.3399 MaxIteration 424  TIMEOUT 0.244380
 13         38         38         41      0.2447         41          41      0.0073        2.5935
ALPHA 1.3049 MaxIteration 568  TIMEOUT 0.327922
 14         38         38         41      0.3285         41          41      0.0059        3.2517
ALPHA 1.2718 MaxIteration 741  TIMEOUT 0.428656
 15         38         38         41      0.4287         41          41      0.0063        4.1104
ALPHA 1.2402 MaxIteration 942  TIMEOUT 0.545193
 16         38         38         41      0.5452         41          41      0.0064        5.2023
ALPHA 1.2102 MaxIteration 1168  TIMEOUT 0.676223
 17         38         38         41      0.6763         41          41      0.0062        6.5565
ALPHA 1.1816 MaxIteration 1413  TIMEOUT 0.818462
 18         38         38         41      0.8187         41          41      0.0060        8.1964
ALPHA 1.1543 MaxIteration 1669  TIMEOUT 0.967399
 19         38         38         41      0.9648         41          41      0.0064       10.1283
ALPHA 1.1283 MaxIteration 1926  TIMEOUT 1.113630
 20         38         38         41      1.1075         41          41      0.0063       12.3437
ALPHA 1.1034 MaxIteration 2173  TIMEOUT 1.249590
 21         38         38         41      1.2497         41          41      0.0061       19.9941
>>> UDG_1000_200_8.wclq |V| 1000 |E| 52120  (#LB 0.0000 38 ---> 38  0.0732  41 <--- 41  0.0000 #UB)  #read_time 0.0320  #reduce_time 0.0006  #solve_time 19.9941  #total_time 20.0268
 