With  Parameters CUTOFF 20 SEED 2  ALPHA = 1.900  K=5 RHO=0.05 Q0=0.90 BETA=3.0 AQ_MODE=guarded
Reading  graph ...  time 0.000611  
Reducing graph ...  time 0.018204  
[v6] |V|=200 |E|=2000 density=10.00 USE_ADVANCED=0 SAFE_AQ_MIN_GAP=0.000 DEEP_AQ_RANGE=[800, 5.00, 10.00] structure_blocks_aq=1 AQ_SLOPE_MARGIN=1.15 AQ_MAX_UB_DRIFT=0.20
#Rd        #LB        #LB*       #UB       #Time        #UB+        #UB*      #Time      #TotalTime
First Gap  1.328283
  1        198        198        461      0.0386
 Switch to DBS-only search, timeout 0.038588....
 [Online-safe AQ structure guard] |V|=200 density=10.00 outside [800, 5.00, 10.00], disabling AQ
        416         416      0.0021        0.1334
ALPHA 1.9000 MaxIteration 3  TIMEOUT 0.038588
  2        195        198        521      0.0003        470         416      0.0132        0.1470
ALPHA 1.8304 MaxIteration 5  TIMEOUT 0.000581
  3        202        202        534      0.0005        426         416      0.0005        0.1480
ALPHA 1.7658 MaxIteration 9  TIMEOUT 0.000983
  4        194        202        542      0.0009        422         416      0.0006        0.1499
ALPHA 1.7056 MaxIteration 15  TIMEOUT 0.001660
  5        201        202        538      0.0015        421         416      0.0013        0.1529
ALPHA 1.6493 MaxIteration 25  TIMEOUT 0.002523
  6        200        202        510      0.0022        416         416      0.0005        0.1573
ALPHA 1.5966 MaxIteration 41  TIMEOUT 0.003597
  7        199        202        521      0.0036        416         416      0.0021        0.1775
ALPHA 1.5472 MaxIteration 65  TIMEOUT 0.005780
  8        201        202        518      0.0058        421         416      0.0007        0.1988
ALPHA 1.5008 MaxIteration 100  TIMEOUT 0.009008
  9        204        204        507      0.0088        417         416      0.0038        0.2248
ALPHA 1.4571 MaxIteration 150  TIMEOUT 0.013219
 10        211        211        461      0.0132        416         416      0.0016        0.2768
ALPHA 1.4158 MaxIteration 218  TIMEOUT 0.019265
 11        220        220        504      0.0193        416         416      0.0015        0.3298
ALPHA 1.3768 MaxIteration 308  TIMEOUT 0.027308
 12        220        220        462      0.0274        416         416      0.0021        0.3977
ALPHA 1.3399 MaxIteration 424  TIMEOUT 0.037670
 13        214        220        480      0.0327        416         416      0.0045        0.4632
ALPHA 1.3049 MaxIteration 568  TIMEOUT 0.043855
 14        214        220        524      0.0439        416         416      0.0027        0.5510
ALPHA 1.2718 MaxIteration 741  TIMEOUT 0.057273
 15        214        220        480      0.0572        416         416      0.0028        0.6655
ALPHA 1.2402 MaxIteration 942  TIMEOUT 0.072804
 16        214        220        489      0.0718        416         416      0.0028        0.8091
ALPHA 1.2102 MaxIteration 1168  TIMEOUT 0.089022
 17        218        220        480      0.0891        416         416      0.0100        0.9872
ALPHA 1.1816 MaxIteration 1413  TIMEOUT 0.107772
 18        214        220        494      0.1078        416         416      0.0129        1.2029
ALPHA 1.1543 MaxIteration 1669  TIMEOUT 0.127371
 19        214        220        480      0.1270        416         416      0.0039        1.4580
ALPHA 1.1283 MaxIteration 1926  TIMEOUT 0.146656
 20        214        220        480      0.1458        416         416      0.0037        1.7516
ALPHA 1.1034 MaxIteration 2173  TIMEOUT 0.164476
 21        214        220        480      0.1645        416         416      0.0020        2.0817
ALPHA 1.0795 MaxIteration 2397  TIMEOUT 0.181533
 22        214        220        480      0.1798        416         416      0.0038        2.4443
ALPHA 1.0567 MaxIteration 2587  TIMEOUT 0.194068
 23        218        220        480      0.1941        416         416      0.0122        2.8336
ALPHA 1.0349 MaxIteration 2733  TIMEOUT 0.205125
 24        218        220        480      0.2052        416         416      0.0021        3.2499
ALPHA 1.0349 MaxIteration 2828  TIMEOUT 0.212323
 25        218        220        480      0.2124        416         416      0.0045        3.6758
ALPHA 1.0349 MaxIteration 2926  TIMEOUT 0.219782
 26        214        220        480      0.2198        416         416      0.0017        4.1164
ALPHA 1.0349 MaxIteration 3027  TIMEOUT 0.227457
 27        218        220        474      0.2275        416         416      0.0064        4.5725
ALPHA 1.0349 MaxIteration 3132  TIMEOUT 0.235448
 28        218        220        474      0.2355        416         416      0.0035        5.0456
ALPHA 1.0349 MaxIteration 3241  TIMEOUT 0.243723
 29        218        220        474      0.2438        416         416      0.0104        5.5362
ALPHA 1.0349 MaxIteration 3353  TIMEOUT 0.252254
 30        218        220        474      0.2523        416         416      0.0060        6.0418
ALPHA 1.0349 MaxIteration 3469  TIMEOUT 0.261097
 31        218        220        474      0.2612        416         416      0.0049        6.5672
ALPHA 1.0349 MaxIteration 3589  TIMEOUT 0.270266
 32        218        220        474      0.2703        416         416      0.0036        7.1109
ALPHA 1.0349 MaxIteration 3714  TIMEOUT 0.279715
 33        218        220        474      0.2797        416         416      0.0155        7.6714
ALPHA 1.0349 MaxIteration 3843  TIMEOUT 0.289481
 34        218        220        474      0.2895        416         416      0.0054        8.2525
ALPHA 1.0349 MaxIteration 3976  TIMEOUT 0.299616
 35        218        220        474      0.2997        416         416      0.0095        8.8560
ALPHA 1.0349 MaxIteration 4114  TIMEOUT 0.310132
 36        218        220        474      0.3102        416         416      0.0023        9.4774
ALPHA 1.0349 MaxIteration 4257  TIMEOUT 0.321007
 37        218        220        474      0.3211        416         416      0.0076       10.1206
ALPHA 1.0349 MaxIteration 4405  TIMEOUT 0.332254
 38        218        220        474      0.3323        416         416      0.0017       10.7872
ALPHA 1.0349 MaxIteration 4558  TIMEOUT 0.343870
 39        218        220        474      0.3439        416         416      0.0087       11.4762
ALPHA 1.0349 MaxIteration 4716  TIMEOUT 0.355934
 40        218        220        474      0.3560        416         416      0.0056       12.1902
ALPHA 1.0349 MaxIteration 4880  TIMEOUT 0.368394
 41        218        220        474      0.3684        416         416      0.0227       12.9301
ALPHA 1.0349 MaxIteration 5050  TIMEOUT 0.381251
 42        218        220        474      0.3813        416         416      0.0012       13.6928
ALPHA 1.0349 MaxIteration 5226  TIMEOUT 0.394598
 43        218        220        474      0.3946        416         416      0.0025       19.9998
>>> T1_200_2000_8.wclq |V| 200 |E| 2000  (#LB 0.1111 198 ---> 220  0.4712  416 <--- 461  0.0976 #UB)  #read_time 0.0006  #reduce_time 0.0182  #solve_time 19.9998  #total_time 20.0186
 