>>IBM: |V|=150 |E|=2000
>>IBM: The maximum node weight is 1235
/public/home/acs4vb4pqv/benchmarks/MWDS2026/T2_wclq/T2_150_2000_1.wclq #seed 2 #alpha 1.900 #timeout 0.100 K=5 RHO=0.05 Q0=0.90 BETA=3.5 AQ_MODE=dbs SAFE_AQ_MIN_GAP=0.050 SAFE_AQ_MIN_NODES=800 AQ_SLOPE_MARGIN=1.05 AQ_MAX_UB_DRIFT=0.25
[v19] |V|=150 |E|=2000 density=13.33 USE_ADVANCED=0
#Rd        #LB        #LB*       #UB       #Time        #UB+        #UB*      #Time      #TotalTime
First Gap  0.188867
ALPHA 1.9000 MaxIteration 500  TIMEOUT 0.033967
  1        503        503        598      0.0340        598         598      0.0000      0.0690
ALPHA 1.9000 MaxIteration 3  TIMEOUT 0.000280
  2        488        503        704      0.0003        598         598      0.0000      0.0790
ALPHA 1.8304 MaxIteration 5  TIMEOUT 0.000669
  3        477        503        621      0.0007        598         598      0.0000      0.0890
ALPHA 1.7658 MaxIteration 9  TIMEOUT 0.001120
  4        467        503        601      0.0011        598         598      0.0000      0.0990
ALPHA 1.7056 MaxIteration 15  TIMEOUT 0.001044
  5        454        503        598      0.0010        598         598      0.0000      0.1090
ALPHA 1.6493 MaxIteration 25  TIMEOUT 0.002763
  6        473        503        598      0.0028        598         598      0.0000      0.1190
ALPHA 1.5966 MaxIteration 41  TIMEOUT 0.008623
  7        470        503        598      0.0086        598         598      0.0000      0.1290
ALPHA 1.5472 MaxIteration 65  TIMEOUT 0.005330
  8        469        503        598      0.0053        598         598      0.0000      0.1390
ALPHA 1.5008 MaxIteration 100  TIMEOUT 0.007901
  9        469        503        598      0.0079        598         598      0.0000      0.1490
ALPHA 1.4571 MaxIteration 150  TIMEOUT 0.018779
 10        482        503        598      0.0188        598         598      0.0000      0.1790
ALPHA 1.4158 MaxIteration 218  TIMEOUT 0.015299
 11        481        503        598      0.0153        598         598      0.0000      0.2090
ALPHA 1.3768 MaxIteration 308  TIMEOUT 0.035407
 12        476        503        598      0.0354        598         598      0.0000      0.2790
ALPHA 1.3399 MaxIteration 424  TIMEOUT 0.039612
 13        476        503        598      0.0396        598         598      0.0000      0.3490
ALPHA 1.3049 MaxIteration 568  TIMEOUT 0.063753
 14        476        503        598      0.0638        598         598      0.0000      0.4790
ALPHA 1.2718 MaxIteration 741  TIMEOUT 0.082512
 15        476        503        598      0.0825        598         598      0.0000      0.6390
ALPHA 1.2402 MaxIteration 942  TIMEOUT 0.101484
 16        476        503        598      0.1015        598         598      0.0000      0.8490
ALPHA 1.2102 MaxIteration 1168  TIMEOUT 0.123760
 17        482        503        598      0.1238        598         598      0.0000      1.0890
ALPHA 1.1816 MaxIteration 1413  TIMEOUT 0.151521
 18        482        503        598      0.1515        598         598      0.0000      1.3990
ALPHA 1.1543 MaxIteration 1669  TIMEOUT 0.175345
 19        482        503        598      0.1753        598         598      0.0000      1.7490
ALPHA 1.1283 MaxIteration 1926  TIMEOUT 0.200679
 20        482        503        598      0.2007        598         598      0.0000      2.1590
ALPHA 1.1034 MaxIteration 2173  TIMEOUT 0.225289
 21        482        503        598      0.2253        598         598      0.0000      2.6090
ALPHA 1.0795 MaxIteration 2397  TIMEOUT 0.344081
 22        496        503        598      0.3441        598         598      0.0000      3.2890
ALPHA 1.0567 MaxIteration 2587  TIMEOUT 0.297930
 23        487        503        598      0.2979        598         598      0.0000      3.8690
ALPHA 1.0349 MaxIteration 2733  TIMEOUT 0.295150
 24        486        503        598      0.2952        598         598      0.0000      4.4490
ALPHA 1.0349 MaxIteration 2828  TIMEOUT 0.336647
 25        482        503        598      0.3366        598         598      0.0000      5.1090
ALPHA 1.0349 MaxIteration 2926  TIMEOUT 0.302336
 26        476        503        598      0.3023        598         598      0.0000      5.7190
ALPHA 1.0349 MaxIteration 3027  TIMEOUT 0.182100
 27        464        503        598      0.1821        598         598      0.0000      6.0790
ALPHA 1.0349 MaxIteration 3132  TIMEOUT 0.316880
 28        482        503        598      0.3169        598         598      0.0000      6.6990
ALPHA 1.0349 MaxIteration 3241  TIMEOUT 0.338599
 29        479        503        598      0.3386        598         598      0.0000      7.3690
ALPHA 1.0349 MaxIteration 3353  TIMEOUT 0.345941
 30        482        503        598      0.3459        598         598      0.0000      8.0490
ALPHA 1.0349 MaxIteration 3469  TIMEOUT 0.366149
 31        476        503        598      0.3661        598         598      0.0000      8.7690
ALPHA 1.0349 MaxIteration 3589  TIMEOUT 0.433798
 32        482        503        598      0.4338        598         598      0.0000      9.6290
ALPHA 1.0349 MaxIteration 3714  TIMEOUT 0.354665
 33        484        503        598      0.3547        598         598      0.0000     10.3290
ALPHA 1.0349 MaxIteration 3843  TIMEOUT 0.399466
 34        476        503        598      0.3995        598         598      0.0000     11.1090
ALPHA 1.0349 MaxIteration 3976  TIMEOUT 0.400398
 35        476        503        598      0.4004        598         598      0.0000     11.9090
ALPHA 1.0349 MaxIteration 4114  TIMEOUT 0.561408
 36        482        503        598      0.5614        598         598      0.0000     13.0190
ALPHA 1.0349 MaxIteration 4257  TIMEOUT 0.435130
 37        482        503        598      0.4351        598         598      0.0000     13.8790
ALPHA 1.0349 MaxIteration 4405  TIMEOUT 0.452871
 38        482        503        598      0.4529        598         598      0.0000     14.7790
ALPHA 1.0349 MaxIteration 4558  TIMEOUT 0.492393
 39        482        503        598      0.4924        598         598      0.0000     15.7490
ALPHA 1.0349 MaxIteration 4716  TIMEOUT 0.548355
 40        478        503        598      0.5484        598         598      0.0000     16.8290
ALPHA 1.0349 MaxIteration 4880  TIMEOUT 0.527360
 41        491        503        598      0.5274        598         598      0.0000     17.8690
ALPHA 1.0349 MaxIteration 5050  TIMEOUT 0.509756
 42        482        503        598      0.5098        598         598      0.0000     18.8590
ALPHA 1.0349 MaxIteration 5226  TIMEOUT 0.536831
 43        476        503        598      0.5368        598         598      0.0000     19.9190
ALPHA 1.0349 MaxIteration 5408  TIMEOUT 0.080956
 44        456        503        598      0.0810>>> T2_150_2000_1.wclq |V| 150 |E| 2000  (#LB 0.0000 503 ---> 503  0.1889  598 <--- 598  0.0000 #UB)  #solve_ime 20.0000 read_time 0.0010 
