With  Parameters CUTOFF 20 SEED 102  ALPHA = 1.900  K=5 RHO=0.05 Q0=0.90 BETA=3.0 AQ_MODE=guarded
Reading  graph ...  time 0.079151  
Reducing graph ...  time 0.000023  
[v6] |V|=100 |E|=100 density=1.00 USE_ADVANCED=0 SAFE_AQ_MIN_GAP=0.000 DEEP_AQ_RANGE=[800, 5.00, 10.00] structure_blocks_aq=1 AQ_SLOPE_MARGIN=1.15 AQ_MAX_UB_DRIFT=0.20
#Rd        #LB        #LB*       #UB       #Time        #UB+        #UB*      #Time      #TotalTime
First Gap  0.032132
  1       1027       1027       1060      0.0151
 Switch to DBS-only search, timeout 0.015074....
 [Online-safe AQ structure guard] |V|=100 density=1.00 outside [800, 5.00, 10.00], disabling AQ
       1039        1039      0.0063        0.0616
ALPHA 1.9000 MaxIteration 3  TIMEOUT 0.015074
  2       1025       1027       1077      0.0000       1086        1039      0.0000        0.0617
ALPHA 1.8304 MaxIteration 5  TIMEOUT 0.000080
  3       1025       1027       1081      0.0001       1091        1039      0.0000        0.0618
ALPHA 1.7658 MaxIteration 9  TIMEOUT 0.000104
  4       1023       1027       1097      0.0001       1092        1039      0.0000        0.0620
ALPHA 1.7056 MaxIteration 15  TIMEOUT 0.000157
  5       1021       1027       1099      0.0001       1079        1039      0.0000        0.0623
ALPHA 1.6493 MaxIteration 25  TIMEOUT 0.000218
  6       1026       1027       1099      0.0002       1067        1039      0.0001        0.0628
ALPHA 1.5966 MaxIteration 41  TIMEOUT 0.000371
  7       1026       1027       1099      0.0004       1058        1039      0.0003        0.0636
ALPHA 1.5472 MaxIteration 65  TIMEOUT 0.000608
  8       1026       1027       1099      0.0006       1043        1039      0.0005        0.0648
ALPHA 1.5008 MaxIteration 100  TIMEOUT 0.000952
  9       1027       1027       1099      0.0010       1057        1039      0.0009        0.0667
ALPHA 1.4571 MaxIteration 150  TIMEOUT 0.001430
 10       1027       1027       1077      0.0014       1043        1039      0.0009        0.0696
ALPHA 1.4158 MaxIteration 218  TIMEOUT 0.001967
 11       1027       1027       1077      0.0012       1043        1039      0.0006        0.0729
ALPHA 1.3768 MaxIteration 308  TIMEOUT 0.001642
 12       1027       1027       1077      0.0016       1043        1039      0.0008        0.0892
ALPHA 1.3399 MaxIteration 424  TIMEOUT 0.002269
 13       1027       1027       1077      0.0023       1043        1039      0.0009        0.0938
ALPHA 1.3049 MaxIteration 568  TIMEOUT 0.003050
 14       1029       1029       1065      0.0031       1039        1039      0.0021        0.1000
ALPHA 1.2718 MaxIteration 741  TIMEOUT 0.003981
 15       1031       1031       1047      0.0040       1043        1039      0.0002        0.1116
ALPHA 1.2402 MaxIteration 942  TIMEOUT 0.005076
 16       1031       1031       1072      0.0051       1039        1039      0.0002        0.1219
ALPHA 1.2102 MaxIteration 1168  TIMEOUT 0.006306
 17       1031       1031       1072      0.0063       1043        1039      0.0007        0.1355
ALPHA 1.1816 MaxIteration 1413  TIMEOUT 0.007635
 18       1031       1031       1072      0.0076       1039        1039      0.0011        0.1509
ALPHA 1.1543 MaxIteration 1669  TIMEOUT 0.009027
 19       1031       1031       1072      0.0090       1043        1039      0.0027        0.1700
ALPHA 1.1283 MaxIteration 1926  TIMEOUT 0.010426
 20       1031       1031       1072      0.0104       1039        1039      0.0041        0.1920
ALPHA 1.1034 MaxIteration 2173  TIMEOUT 0.011778
 21       1031       1031       1072      0.0118       1043        1039      0.0006        0.2156
ALPHA 1.0795 MaxIteration 2397  TIMEOUT 0.013001
 22       1031       1031       1072      0.0130       1039        1039      0.0045        0.2418
ALPHA 1.0567 MaxIteration 2587  TIMEOUT 0.014044
 23       1031       1031       1072      0.0140       1039        1039      0.0104        0.2699
ALPHA 1.0349 MaxIteration 2733  TIMEOUT 0.014845
 24       1031       1031       1072      0.0148       1039        1039      0.0017        0.3006
ALPHA 1.0349 MaxIteration 2828  TIMEOUT 0.015366
 25       1031       1031       1072      0.0154       1039        1039      0.0116        0.3335
ALPHA 1.0349 MaxIteration 2926  TIMEOUT 0.015917
 26       1031       1031       1072      0.0159       1039        1039      0.0112        0.3653
ALPHA 1.0349 MaxIteration 3027  TIMEOUT 0.016479
 27       1031       1031       1072      0.0165       1039        1039      0.0105        0.3983
ALPHA 1.0349 MaxIteration 3132  TIMEOUT 0.017063
 28       1031       1031       1070      0.0171       1043        1039      0.0008        0.4335
ALPHA 1.0349 MaxIteration 3241  TIMEOUT 0.017662
 29       1031       1031       1070      0.0177       1039        1039      0.0011        0.4688
ALPHA 1.0349 MaxIteration 3353  TIMEOUT 0.018281
 30       1031       1031       1070      0.0183       1043        1039      0.0002        0.5055
ALPHA 1.0349 MaxIteration 3469  TIMEOUT 0.018921
 31       1031       1031       1070      0.0189       1039        1039      0.0185        0.5433
ALPHA 1.0349 MaxIteration 3589  TIMEOUT 0.019588
 32       1031       1031       1070      0.0196       1039        1039      0.0057        0.5846
ALPHA 1.0349 MaxIteration 3714  TIMEOUT 0.020273
 33       1031       1031       1070      0.0203       1039        1039      0.0027        0.6262
ALPHA 1.0349 MaxIteration 3843  TIMEOUT 0.020990
 34       1031       1031       1070      0.0210       1039        1039      0.0151        0.6683
ALPHA 1.0349 MaxIteration 3976  TIMEOUT 0.021729
 35       1031       1031       1070      0.0217       1039        1039      0.0079        0.7138
ALPHA 1.0349 MaxIteration 4114  TIMEOUT 0.022496
 36       1031       1031       1070      0.0225       1039        1039      0.0074        0.7599
ALPHA 1.0349 MaxIteration 4257  TIMEOUT 0.023283
 37       1031       1031       1070      0.0233       1039        1039      0.0131        0.8075
ALPHA 1.0349 MaxIteration 4405  TIMEOUT 0.024097
 38       1031       1031       1070      0.0241       1039        1039      0.0211        0.8567
ALPHA 1.0349 MaxIteration 4558  TIMEOUT 0.024939
 39       1031       1031       1070      0.0249       1039        1039      0.0026        0.9087
ALPHA 1.0349 MaxIteration 4716  TIMEOUT 0.025812
 40       1031       1031       1070      0.0258       1039        1039      0.0026        0.9605
ALPHA 1.0349 MaxIteration 4880  TIMEOUT 0.026715
 41       1031       1031       1070      0.0267       1039        1039      0.0081        1.0139
ALPHA 1.0349 MaxIteration 5050  TIMEOUT 0.027655
 42       1031       1031       1070      0.0277       1039        1039      0.0105        1.0713
ALPHA 1.0349 MaxIteration 5226  TIMEOUT 0.028627
 43       1031       1031       1070      0.0286       1039        1039      0.0020        1.1286
ALPHA 1.0349 MaxIteration 5408  TIMEOUT 0.029631
 44       1031       1031       1070      0.0296       1039        1039      0.0106        1.1910
ALPHA 1.0349 MaxIteration 5596  TIMEOUT 0.030670
 45       1031       1031       1070      0.0307       1039        1039      0.0044        1.2534
ALPHA 1.0349 MaxIteration 5791  TIMEOUT 0.031748
 46       1031       1031       1070      0.0318       1039        1039      0.0096        1.3199
ALPHA 1.0349 MaxIteration 5992  TIMEOUT 0.032859
 47       1031       1031       1070      0.0329       1039        1039      0.0029        1.3857
ALPHA 1.0349 MaxIteration 6200  TIMEOUT 0.034015
 48       1031       1031       1070      0.0340       1039        1039      0.0021        1.4549
ALPHA 1.0349 MaxIteration 6416  TIMEOUT 0.035204
 49       1031       1031       1070      0.0352       1039        1039      0.0180        1.5253
ALPHA 1.0349 MaxIteration 6639  TIMEOUT 0.036434
 50       1031       1031       1070      0.0364       1039        1039      0.0005        1.6002
ALPHA 1.0349 MaxIteration 6870  TIMEOUT 0.037710
 51       1031       1031       1070      0.0377       1039        1039      0.0018        1.6757
ALPHA 1.0349 MaxIteration 7109  TIMEOUT 0.039034
 52       1031       1031       1070      0.0390       1039        1039      0.0006        1.7559
ALPHA 1.0349 MaxIteration 7356  TIMEOUT 0.040398
 53       1031       1031       1070      0.0404       1039        1039      0.0011        1.8398
ALPHA 1.0349 MaxIteration 7612  TIMEOUT 0.041816
 54       1031       1031       1070      0.0418       1039        1039      0.0030        1.9245
ALPHA 1.0349 MaxIteration 7877  TIMEOUT 0.043282
 55       1031       1031       1056      0.0433       1039        1039      0.0058        2.0151
ALPHA 1.0349 MaxIteration 8151  TIMEOUT 0.044797
 56       1031       1031       1056      0.0448       1039        1039      0.0018        2.1068
ALPHA 1.0349 MaxIteration 8435  TIMEOUT 0.046366
 57       1031       1031       1056      0.0464       1039        1039      0.0257        2.2026
ALPHA 1.0349 MaxIteration 8729  TIMEOUT 0.047991
 58       1035       1035       1055      0.0480       1039        1039      0.0067        2.3027
ALPHA 1.0349 MaxIteration 9033  TIMEOUT 0.049666
 59       1035       1035       1055      0.0497       1039        1039      0.0022        2.4031
ALPHA 1.0349 MaxIteration 9347  TIMEOUT 0.051400
 60       1035       1035       1055      0.0514       1039        1039      0.0065        2.5120
ALPHA 1.0349 MaxIteration 9672  TIMEOUT 0.053200
 61       1035       1035       1055      0.0532       1039        1039      0.0042        2.6185
ALPHA 1.0349 MaxIteration 10009  TIMEOUT 0.055059
 62       1035       1035       1055      0.0551       1039        1039      0.0213        2.7306
ALPHA 1.0349 MaxIteration 10357  TIMEOUT 0.056987
 63       1035       1035       1055      0.0570       1039        1039      0.0393        2.8467
ALPHA 1.0349 MaxIteration 10718  TIMEOUT 0.058975
 64       1035       1035       1055      0.0590       1039        1039      0.0007        2.9688
ALPHA 1.0349 MaxIteration 11091  TIMEOUT 0.061039
 65       1035       1035       1055      0.0610       1039        1039      0.0081        3.0949
ALPHA 1.0349 MaxIteration 11477  TIMEOUT 0.063171
 66       1035       1035       1055      0.0632       1039        1039      0.0124        3.2254
ALPHA 1.0349 MaxIteration 11877  TIMEOUT 0.065382
 67       1035       1035       1055      0.0654       1039        1039      0.0190        3.3582
ALPHA 1.0349 MaxIteration 12291  TIMEOUT 0.067664
 68       1035       1035       1055      0.0677       1039        1039      0.0026        3.5016
ALPHA 1.0349 MaxIteration 12719  TIMEOUT 0.070033
 69       1035       1035       1055      0.0700       1039        1039      0.0050        3.6458
ALPHA 1.0349 MaxIteration 13162  TIMEOUT 0.072481
 70       1035       1035       1055      0.0725       1039        1039      0.0005        3.7948
ALPHA 1.0349 MaxIteration 13620  TIMEOUT 0.075011
 71       1035       1035       1055      0.0750       1039        1039      0.0037        3.9469
ALPHA 1.0349 MaxIteration 14094  TIMEOUT 0.077630
 72       1035       1035       1055      0.0776       1039        1039      0.0070        4.1073
ALPHA 1.0349 MaxIteration 14585  TIMEOUT 0.080339
 73       1035       1035       1055      0.0803       1039        1039      0.0158        4.2730
ALPHA 1.0349 MaxIteration 15093  TIMEOUT 0.083145
 74       1035       1035       1055      0.0832       1039        1039      0.0029        4.4414
ALPHA 1.0349 MaxIteration 15619  TIMEOUT 0.086052
 75       1035       1035       1055      0.0861       1039        1039      0.0268        4.6185
ALPHA 1.0349 MaxIteration 16163  TIMEOUT 0.089060
 76       1035       1035       1055      0.0891       1039        1039      0.0141        4.7987
ALPHA 1.0349 MaxIteration 16726  TIMEOUT 0.092170
 77       1035       1035       1055      0.0922       1039        1039      0.0169        4.9881
ALPHA 1.0349 MaxIteration 17309  TIMEOUT 0.095384
 78       1035       1035       1055      0.0954       1039        1039      0.0277        5.1800
ALPHA 1.0349 MaxIteration 17912  TIMEOUT 0.098714
 79       1035       1035       1055      0.0987       1039        1039      0.0049        5.3815
ALPHA 1.0349 MaxIteration 18536  TIMEOUT 0.102164
 80       1035       1035       1055      0.1022       1039        1039      0.0015        5.5909
ALPHA 1.0349 MaxIteration 19182  TIMEOUT 0.105736
 81       1035       1035       1055      0.1057       1039        1039      0.0095        5.8064
ALPHA 1.0349 MaxIteration 19850  TIMEOUT 0.109427
 82       1035       1035       1055      0.1094       1039        1039      0.0019        6.0283
ALPHA 1.0349 MaxIteration 20541  TIMEOUT 0.113248
 83       1035       1035       1055      0.1133       1039        1039      0.0004        6.2639
ALPHA 1.0349 MaxIteration 21257  TIMEOUT 0.117204
 84       1035       1035       1055      0.1172       1039        1039      0.0014        6.5054
ALPHA 1.0349 MaxIteration 21997  TIMEOUT 0.121296
 85       1035       1035       1055      0.1213       1039        1039      0.0257        6.7520
ALPHA 1.0349 MaxIteration 22763  TIMEOUT 0.125529
 86       1035       1035       1055      0.1255       1039        1039      0.0030        7.0082
ALPHA 1.0349 MaxIteration 23556  TIMEOUT 0.129913
 87       1035       1035       1055      0.1299       1039        1039      0.0307        7.2710
ALPHA 1.0349 MaxIteration 24377  TIMEOUT 0.134447
 88       1035       1035       1055      0.1345       1039        1039      0.0005        7.5460
ALPHA 1.0349 MaxIteration 25226  TIMEOUT 0.139141
 89       1035       1035       1055      0.1391       1039        1039      0.0068        7.8294
ALPHA 1.0349 MaxIteration 26105  TIMEOUT 0.143993
 90       1035       1035       1055      0.1440       1039        1039      0.0048        8.1214
ALPHA 1.0349 MaxIteration 27014  TIMEOUT 0.149022
 91       1035       1035       1055      0.1490       1039        1039      0.0062        8.4265
ALPHA 1.0349 MaxIteration 27955  TIMEOUT 0.154226
 92       1035       1035       1055      0.1542       1039        1039      0.0203        8.7360
ALPHA 1.0349 MaxIteration 28929  TIMEOUT 0.159605
 93       1035       1035       1055      0.1596       1039        1039      0.0058        9.0643
ALPHA 1.0349 MaxIteration 29937  TIMEOUT 0.165174
 94       1035       1035       1055      0.1652       1039        1039      0.0073        9.4057
ALPHA 1.0349 MaxIteration 30980  TIMEOUT 0.170937
 95       1035       1035       1055      0.1709       1039        1039      0.0043        9.7577
ALPHA 1.0349 MaxIteration 32059  TIMEOUT 0.176903
 96       1035       1035       1055      0.1769       1039        1039      0.0163       10.1186
ALPHA 1.0349 MaxIteration 33176  TIMEOUT 0.183071
 97       1035       1035       1055      0.1831       1039        1039      0.0009       10.4899
ALPHA 1.0349 MaxIteration 34332  TIMEOUT 0.189461
 98       1035       1035       1055      0.1895       1039        1039      0.0006       10.8769
ALPHA 1.0349 MaxIteration 35528  TIMEOUT 0.196079
 99       1035       1035       1055      0.1961       1039        1039      0.0009       11.2762
ALPHA 1.0349 MaxIteration 36766  TIMEOUT 0.202918
100       1035       1035       1055      0.2029       1039        1039      0.0055       11.6951
ALPHA 1.0349 MaxIteration 38047  TIMEOUT 0.210000
101       1035       1035       1055      0.2100       1039        1039      0.0126       12.1212
ALPHA 1.0349 MaxIteration 39373  TIMEOUT 0.217329
102       1035       1035       1055      0.2173       1039        1039      0.0103       12.5659
ALPHA 1.0349 MaxIteration 40745  TIMEOUT 0.224909
103       1035       1035       1055      0.2249       1039        1039      0.0095       13.0269
ALPHA 1.0349 MaxIteration 42165  TIMEOUT 0.232758
104       1035       1035       1055      0.2328       1039        1039      0.0057       13.5005
ALPHA 1.0349 MaxIteration 43634  TIMEOUT 0.240881
105       1035       1035       1055      0.2409       1039        1039      0.0231       20.0000
>>> T1_100_100_2.wclq |V| 100 |E| 100  (#LB 0.0078 1027 ---> 1035  0.0038  1039 <--- 1060  0.0198 #UB)  #read_time 0.0792  #reduce_time 0.0000  #solve_time 20.0000  #total_time 20.0792
 