>>IBM: |V|=200 |E|=17910
>>IBM: The maximum node weight is 200
/public/home/acs4vb4pqv/benchmarks/MWDS2026/dimacs/gen200_p0.9_55.clq #seed 1 #alpha 1.900 #timeout 0.100 K=5 RHO=0.05 Q0=0.90 BETA=3.5 AQ_MODE=dbs SAFE_AQ_MIN_GAP=0.050 SAFE_AQ_MIN_NODES=800 AQ_SLOPE_MARGIN=1.05 AQ_MAX_UB_DRIFT=0.25
[v19] |V|=200 |E|=17910 density=89.55 USE_ADVANCED=0
#Rd        #LB        #LB*       #UB       #Time        #UB+        #UB*      #Time      #TotalTime
First Gap  0.200000
ALPHA 1.9000 MaxIteration 500  TIMEOUT 0.078001
  1          5          5          6      0.0780          6           6      0.0000      0.1552
ALPHA 1.9000 MaxIteration 3  TIMEOUT 0.000581
  2          4          5          6      0.0006          6           6      0.0000      0.1652
ALPHA 1.8304 MaxIteration 5  TIMEOUT 0.000790
  3          4          5          6      0.0008          6           6      0.0000      0.1754
ALPHA 1.7658 MaxIteration 9  TIMEOUT 0.001241
  4          4          5          6      0.0012          6           6      0.0000      0.1852
ALPHA 1.7056 MaxIteration 15  TIMEOUT 0.002112
  5          4          5          6      0.0021          6           6      0.0000      0.1955
ALPHA 1.6493 MaxIteration 25  TIMEOUT 0.003432
  6          4          5          6      0.0034          6           6      0.0000      0.2052
ALPHA 1.5966 MaxIteration 41  TIMEOUT 0.005853
  7          4          5          6      0.0059          6           6      0.0000      0.2154
ALPHA 1.5472 MaxIteration 65  TIMEOUT 0.010340
  8          4          5          6      0.0103          6           6      0.0000      0.2452
ALPHA 1.5008 MaxIteration 100  TIMEOUT 0.018260
  9          4          5          6      0.0183          6           6      0.0000      0.2752
ALPHA 1.4571 MaxIteration 150  TIMEOUT 0.016648
 10          3          5          6      0.0166          6           6      0.0000      0.3054
ALPHA 1.4158 MaxIteration 218  TIMEOUT 0.024374
 11          3          5          6      0.0244          6           6      0.0000      0.3553
ALPHA 1.3768 MaxIteration 308  TIMEOUT 0.033770
 12          3          5          6      0.0338          6           6      0.0000      0.4253
ALPHA 1.3399 MaxIteration 424  TIMEOUT 0.047008
 13          3          5          6      0.0470          6           6      0.0000      0.5154
ALPHA 1.3049 MaxIteration 568  TIMEOUT 0.062695
 14          3          5          6      0.0627          6           6      0.0000      0.6453
ALPHA 1.2718 MaxIteration 741  TIMEOUT 0.081571
 15          3          5          6      0.0816          6           6      0.0000      0.8152
ALPHA 1.2402 MaxIteration 942  TIMEOUT 0.103794
 16          3          5          6      0.1038          6           6      0.0000      1.0252
ALPHA 1.2102 MaxIteration 1168  TIMEOUT 0.127763
 17          3          5          6      0.1278          6           6      0.0000      1.2756
ALPHA 1.1816 MaxIteration 1413  TIMEOUT 0.155174
 18          3          5          6      0.1552          6           6      0.0000      1.5856
ALPHA 1.1543 MaxIteration 1669  TIMEOUT 0.183235
 19          3          5          6      0.1832          6           6      0.0000      1.9556
ALPHA 1.1283 MaxIteration 1926  TIMEOUT 0.214067
 20          3          5          6      0.2141          6           6      0.0000      2.3852
ALPHA 1.1034 MaxIteration 2173  TIMEOUT 0.244650
 21          3          5          6      0.2446          6           6      0.0000      2.8752
ALPHA 1.0795 MaxIteration 2397  TIMEOUT 0.267827
 22          3          5          6      0.2678          6           6      0.0000      3.4053
ALPHA 1.0567 MaxIteration 2587  TIMEOUT 0.289290
 23          3          5          6      0.2893          6           6      0.0000      3.9752
ALPHA 1.0349 MaxIteration 2733  TIMEOUT 0.304562
 24          3          5          6      0.3046          6           6      0.0000      4.5854
ALPHA 1.0349 MaxIteration 2828  TIMEOUT 0.316663
 25          3          5          6      0.3167          6           6      0.0000      5.2155
ALPHA 1.0349 MaxIteration 2926  TIMEOUT 0.325160
 26          3          5          6      0.3252          6           6      0.0000      5.8656
ALPHA 1.0349 MaxIteration 3027  TIMEOUT 0.337235
 27          3          5          6      0.3372          6           6      0.0000      6.5355
ALPHA 1.0349 MaxIteration 3132  TIMEOUT 0.350205
 28          3          5          6      0.3502          6           6      0.0000      7.2455
ALPHA 1.0349 MaxIteration 3241  TIMEOUT 0.359948
 29          3          5          6      0.3599          6           6      0.0000      7.9653
ALPHA 1.0349 MaxIteration 3353  TIMEOUT 0.373404
 30          3          5          6      0.3734          6           6      0.0000      8.7152
ALPHA 1.0349 MaxIteration 3469  TIMEOUT 0.389092
 31          3          5          6      0.3891          6           6      0.0000      9.4855
ALPHA 1.0349 MaxIteration 3589  TIMEOUT 0.400119
 32          3          5          6      0.4001          6           6      0.0000     10.2853
ALPHA 1.0349 MaxIteration 3714  TIMEOUT 0.409380
 33          3          5          6      0.4094          6           6      0.0000     11.0953
ALPHA 1.0349 MaxIteration 3843  TIMEOUT 0.420084
 34          3          5          6      0.4201          6           6      0.0000     11.9454
ALPHA 1.0349 MaxIteration 3976  TIMEOUT 0.434763
 35          3          5          6      0.4348          6           6      0.0000     12.8154
ALPHA 1.0349 MaxIteration 4114  TIMEOUT 0.451393
 36          3          5          6      0.4514          6           6      0.0000     13.7253
ALPHA 1.0349 MaxIteration 4257  TIMEOUT 0.466233
 37          3          5          6      0.4662          6           6      0.0000     14.6552
ALPHA 1.0349 MaxIteration 4405  TIMEOUT 0.480365
 38          3          5          6      0.4804          6           6      0.0000     15.6252
ALPHA 1.0349 MaxIteration 4558  TIMEOUT 0.507702
 39          3          5          6      0.5077          6           6      0.0000     16.6353
ALPHA 1.0349 MaxIteration 4716  TIMEOUT 0.533513
 40          3          5          6      0.5335          6           6      0.0000     17.7052
ALPHA 1.0349 MaxIteration 4880  TIMEOUT 0.545791
 41          3          5          6      0.5458          6           6      0.0000     18.7952
ALPHA 1.0349 MaxIteration 5050  TIMEOUT 0.568452
 42          3          5          6      0.5685          6           6      0.0000     19.9254
ALPHA 1.0349 MaxIteration 5226  TIMEOUT 0.074705
 43          3          5          6      0.0747>>> gen200_p0.9_55.clq |V| 200 |E| 17910  (#LB 0.0000 5 ---> 5  0.2000  6 <--- 6  0.0000 #UB)  #solve_ime 20.0001 read_time 0.0048 
