>>IBM: |V|=100 |E|=100
>>IBM: The maximum node weight is 49
/public/home/acs4vb4pqv/benchmarks/MWDS2026/T1_wclq/T1_100_100_2.wclq #seed 2 #alpha 1.900 #timeout 0.100 K=5 RHO=0.05 Q0=0.90 BETA=3.5 AQ_MODE=dbs SAFE_AQ_MIN_GAP=0.050 SAFE_AQ_MIN_NODES=800 AQ_SLOPE_MARGIN=1.05 AQ_MAX_UB_DRIFT=0.25
[v19] |V|=100 |E|=100 density=1.00 USE_ADVANCED=0
#Rd        #LB        #LB*       #UB       #Time        #UB+        #UB*      #Time      #TotalTime
First Gap  0.036204
ALPHA 1.9000 MaxIteration 500  TIMEOUT 0.009921
  1       1022       1022       1059      0.0099       1039        1039      0.0000      0.0188
ALPHA 1.9000 MaxIteration 3  TIMEOUT 0.000091
  2        984       1022       1139      0.0001       1039        1039      0.0000      0.0288
ALPHA 1.8304 MaxIteration 5  TIMEOUT 0.000079
  3        966       1022       1143      0.0001       1039        1039      0.0000      0.0355
ALPHA 1.7658 MaxIteration 9  TIMEOUT 0.000000
  4        966       1022       1143      0.0000       1039        1039      0.0000      0.0388
ALPHA 1.7056 MaxIteration 15  TIMEOUT 0.000156
  5        966       1022       1143      0.0002       1039        1039      0.0000      0.0488
ALPHA 1.6493 MaxIteration 25  TIMEOUT 0.000239
  6        966       1022       1143      0.0002       1039        1039      0.0000      0.0588
ALPHA 1.5966 MaxIteration 41  TIMEOUT 0.000394
  7        966       1022       1143      0.0004       1039        1039      0.0000      0.0688
ALPHA 1.5472 MaxIteration 65  TIMEOUT 0.000571
  8        966       1022       1143      0.0006       1039        1039      0.0000      0.0788
ALPHA 1.5008 MaxIteration 100  TIMEOUT 0.000893
  9        966       1022       1143      0.0009       1039        1039      0.0000      0.0888
ALPHA 1.4571 MaxIteration 150  TIMEOUT 0.001303
 10        966       1022       1143      0.0013       1039        1039      0.0000      0.0915
ALPHA 1.4158 MaxIteration 218  TIMEOUT 0.001695
 11        966       1022       1143      0.0017       1039        1039      0.0000      0.0988
ALPHA 1.3768 MaxIteration 308  TIMEOUT 0.002639
 12        966       1022       1143      0.0026       1039        1039      0.0000      0.1088
ALPHA 1.3399 MaxIteration 424  TIMEOUT 0.003473
 13        966       1022       1143      0.0035       1039        1039      0.0000      0.1188
ALPHA 1.3049 MaxIteration 568  TIMEOUT 0.004731
 14        966       1022       1143      0.0047       1039        1039      0.0000      0.1288
ALPHA 1.2718 MaxIteration 741  TIMEOUT 0.006241
 15        966       1022       1143      0.0062       1039        1039      0.0000      0.1388
ALPHA 1.2402 MaxIteration 942  TIMEOUT 0.007875
 16        966       1022       1143      0.0079       1039        1039      0.0000      0.1488
ALPHA 1.2102 MaxIteration 1168  TIMEOUT 0.009587
 17        966       1022       1143      0.0096       1054        1039      0.0000      0.1588
ALPHA 1.1816 MaxIteration 1413  TIMEOUT 0.011603
 18        966       1022       1143      0.0116       1039        1039      0.0000      0.1888
ALPHA 1.1543 MaxIteration 1669  TIMEOUT 0.012947
 19        966       1022       1143      0.0129       1039        1039      0.0000      0.2188
ALPHA 1.1283 MaxIteration 1926  TIMEOUT 0.015839
 20        966       1022       1143      0.0158       1039        1039      0.0000      0.2388
ALPHA 1.1034 MaxIteration 2173  TIMEOUT 0.016109
 21        966       1022       1143      0.0161       1039        1039      0.0000      0.2688
ALPHA 1.0795 MaxIteration 2397  TIMEOUT 0.019747
 22        966       1022       1143      0.0197       1039        1039      0.0100      0.2988
ALPHA 1.0567 MaxIteration 2587  TIMEOUT 0.021674
 23        966       1022       1143      0.0217       1039        1039      0.0000      0.3388
ALPHA 1.0349 MaxIteration 2733  TIMEOUT 0.022833
 24        966       1022       1143      0.0228       1039        1039      0.0000      0.3888
ALPHA 1.0349 MaxIteration 2828  TIMEOUT 0.022940
 25        966       1022       1143      0.0229       1039        1039      0.0000      0.4288
ALPHA 1.0349 MaxIteration 2926  TIMEOUT 0.023326
 26        966       1022       1143      0.0233       1039        1039      0.0000      0.4788
ALPHA 1.0349 MaxIteration 3027  TIMEOUT 0.022178
 27        966       1022       1143      0.0222       1039        1039      0.0000      0.5188
ALPHA 1.0349 MaxIteration 3132  TIMEOUT 0.024059
 28        966       1022       1143      0.0241       1039        1039      0.0000      0.5688
ALPHA 1.0349 MaxIteration 3241  TIMEOUT 0.025866
 29        966       1022       1143      0.0259       1039        1039      0.0000      0.6157
ALPHA 1.0349 MaxIteration 3353  TIMEOUT 0.026965
 30        966       1022       1143      0.0270       1039        1039      0.0000      0.6688
ALPHA 1.0349 MaxIteration 3469  TIMEOUT 0.026686
 31        966       1022       1143      0.0267       1039        1039      0.0000      0.7088
ALPHA 1.0349 MaxIteration 3589  TIMEOUT 0.028109
 32        966       1022       1143      0.0281       1039        1039      0.0000      0.7497
ALPHA 1.0349 MaxIteration 3714  TIMEOUT 0.028995
 33        966       1022       1143      0.0290       1039        1039      0.0100      0.7988
ALPHA 1.0349 MaxIteration 3843  TIMEOUT 0.031067
 34        966       1022       1143      0.0311       1039        1039      0.0000      0.8688
ALPHA 1.0349 MaxIteration 3976  TIMEOUT 0.032827
 35        966       1022       1143      0.0328       1039        1039      0.0000      0.9326
ALPHA 1.0349 MaxIteration 4114  TIMEOUT 0.032997
 36        966       1022       1143      0.0330       1039        1039      0.0000      0.9988
ALPHA 1.0349 MaxIteration 4257  TIMEOUT 0.033101
 37        966       1022       1143      0.0331       1039        1039      0.0000      1.0588
ALPHA 1.0349 MaxIteration 4405  TIMEOUT 0.034526
 38        966       1022       1143      0.0345       1039        1039      0.0000      1.1188
ALPHA 1.0349 MaxIteration 4558  TIMEOUT 0.037662
 39        966       1022       1143      0.0377       1039        1039      0.0000      1.1888
ALPHA 1.0349 MaxIteration 4716  TIMEOUT 0.036736
 40        966       1022       1143      0.0367       1039        1039      0.0000      1.2488
ALPHA 1.0349 MaxIteration 4880  TIMEOUT 0.039645
 41        966       1022       1143      0.0396       1039        1039      0.0100      1.3188
ALPHA 1.0349 MaxIteration 5050  TIMEOUT 0.041594
 42        966       1022       1143      0.0416       1039        1039      0.0000      1.3988
ALPHA 1.0349 MaxIteration 5226  TIMEOUT 0.042312
 43        966       1022       1143      0.0423       1039        1039      0.0000      1.4851
ALPHA 1.0349 MaxIteration 5408  TIMEOUT 0.043855
 44        966       1022       1143      0.0439       1039        1039      0.0000      1.5788
ALPHA 1.0349 MaxIteration 5596  TIMEOUT 0.044613
 45        966       1022       1143      0.0446       1039        1039      0.0000      1.6688
ALPHA 1.0349 MaxIteration 5791  TIMEOUT 0.047224
 46        966       1022       1143      0.0472       1039        1039      0.0000      1.7488
ALPHA 1.0349 MaxIteration 5992  TIMEOUT 0.046321
 47        966       1022       1143      0.0463       1039        1039      0.0000      1.8388
ALPHA 1.0349 MaxIteration 6200  TIMEOUT 0.051079
 48        966       1022       1143      0.0511       1039        1039      0.0000      1.9388
ALPHA 1.0349 MaxIteration 6416  TIMEOUT 0.052018
 49        966       1022       1143      0.0520       1039        1039      0.0000      2.0388
ALPHA 1.0349 MaxIteration 6639  TIMEOUT 0.052337
 50        966       1022       1143      0.0523       1039        1039      0.0000      2.1388
ALPHA 1.0349 MaxIteration 6870  TIMEOUT 0.057093
 51        966       1022       1143      0.0571       1039        1039      0.0000      2.2388
ALPHA 1.0349 MaxIteration 7109  TIMEOUT 0.058208
 52        966       1022       1143      0.0582       1039        1039      0.0000      2.3388
ALPHA 1.0349 MaxIteration 7356  TIMEOUT 0.060218
 53        966       1022       1143      0.0602       1039        1039      0.0000      2.4588
ALPHA 1.0349 MaxIteration 7612  TIMEOUT 0.059352
 54        966       1022       1143      0.0594       1039        1039      0.0100      2.5588
ALPHA 1.0349 MaxIteration 7877  TIMEOUT 0.064242
 55        966       1022       1143      0.0642       1039        1039      0.0000      2.6788
ALPHA 1.0349 MaxIteration 8151  TIMEOUT 0.065978
 56        966       1022       1143      0.0660       1039        1039      0.0000      2.7988
ALPHA 1.0349 MaxIteration 8435  TIMEOUT 0.069296
 57        966       1022       1143      0.0693       1039        1039      0.0100      2.9188
ALPHA 1.0349 MaxIteration 8729  TIMEOUT 0.072291
 58        966       1022       1143      0.0723       1039        1039      0.0000      3.0588
ALPHA 1.0349 MaxIteration 9033  TIMEOUT 0.075005
 59        966       1022       1143      0.0750       1039        1039      0.0100      3.1888
ALPHA 1.0349 MaxIteration 9347  TIMEOUT 0.077816
 60        966       1022       1143      0.0778       1039        1039      0.0000      3.3212
ALPHA 1.0349 MaxIteration 9672  TIMEOUT 0.078808
 61        966       1022       1143      0.0788       1039        1039      0.0000      3.4621
ALPHA 1.0349 MaxIteration 10009  TIMEOUT 0.083452
 62        966       1022       1143      0.0835       1039        1039      0.0000      3.6280
ALPHA 1.0349 MaxIteration 10357  TIMEOUT 0.086055
 63        966       1022       1143      0.0861       1039        1039      0.0000      3.7888
ALPHA 1.0349 MaxIteration 10718  TIMEOUT 0.087668
 64        966       1022       1143      0.0877       1039        1039      0.0000      3.9488
ALPHA 1.0349 MaxIteration 11091  TIMEOUT 0.088537
 65        966       1022       1143      0.0885       1039        1039      0.0100      4.0988
ALPHA 1.0349 MaxIteration 11477  TIMEOUT 0.093577
 66        966       1022       1143      0.0936       1039        1039      0.0000      4.2788
ALPHA 1.0349 MaxIteration 11877  TIMEOUT 0.097344
 67        966       1022       1143      0.0973       1039        1039      0.0000      4.4588
ALPHA 1.0349 MaxIteration 12291  TIMEOUT 0.101065
 68        966       1022       1143      0.1011       1039        1039      0.0000      4.6488
ALPHA 1.0349 MaxIteration 12719  TIMEOUT 0.103941
 69        966       1022       1143      0.1039       1039        1039      0.0000      4.8488
ALPHA 1.0349 MaxIteration 13162  TIMEOUT 0.111183
 70        966       1022       1143      0.1112       1039        1039      0.0000      5.0588
ALPHA 1.0349 MaxIteration 13620  TIMEOUT 0.111238
 71        966       1022       1143      0.1112       1039        1039      0.0000      5.2688
ALPHA 1.0349 MaxIteration 14094  TIMEOUT 0.116965
 72        966       1022       1143      0.1170       1039        1039      0.0000      5.4788
ALPHA 1.0349 MaxIteration 14585  TIMEOUT 0.117876
 73        966       1022       1143      0.1179       1039        1039      0.0100      5.6888
ALPHA 1.0349 MaxIteration 15093  TIMEOUT 0.124422
 74        966       1022       1143      0.1244       1039        1039      0.0000      5.9088
ALPHA 1.0349 MaxIteration 15619  TIMEOUT 0.130212
 75        966       1022       1143      0.1302       1039        1039      0.0000      6.1588
ALPHA 1.0349 MaxIteration 16163  TIMEOUT 0.133194
 76        966       1022       1143      0.1332       1039        1039      0.0000      6.4088
ALPHA 1.0349 MaxIteration 16726  TIMEOUT 0.139136
 77        966       1022       1143      0.1391       1039        1039      0.0000      6.6688
ALPHA 1.0349 MaxIteration 17309  TIMEOUT 0.142616
 78        966       1022       1143      0.1426       1039        1039      0.0000      6.9388
ALPHA 1.0349 MaxIteration 17912  TIMEOUT 0.144755
 79        966       1022       1143      0.1448       1039        1039      0.0000      7.2041
ALPHA 1.0349 MaxIteration 18536  TIMEOUT 0.151473
 80        966       1022       1143      0.1515       1039        1039      0.0000      7.4788
ALPHA 1.0349 MaxIteration 19182  TIMEOUT 0.161213
 81        966       1022       1143      0.1612       1039        1039      0.0000      7.7788
ALPHA 1.0349 MaxIteration 19850  TIMEOUT 0.162595
 82        966       1022       1143      0.1626       1039        1039      0.0000      8.0788
ALPHA 1.0349 MaxIteration 20541  TIMEOUT 0.164439
 83        966       1022       1143      0.1644       1039        1039      0.0000      8.3788
ALPHA 1.0349 MaxIteration 21257  TIMEOUT 0.176795
 84        966       1022       1143      0.1768       1039        1039      0.0000      8.6888
ALPHA 1.0349 MaxIteration 21997  TIMEOUT 0.183715
 85        966       1022       1143      0.1837       1039        1039      0.0000      9.0188
ALPHA 1.0349 MaxIteration 22763  TIMEOUT 0.189827
 86        966       1022       1143      0.1898       1039        1039      0.0100      9.3588
ALPHA 1.0349 MaxIteration 23556  TIMEOUT 0.188711
 87        966       1022       1143      0.1887       1039        1039      0.0000      9.6918
ALPHA 1.0349 MaxIteration 24377  TIMEOUT 0.200883
 88        966       1022       1143      0.2009       1039        1039      0.0000     10.0588
ALPHA 1.0349 MaxIteration 25226  TIMEOUT 0.210247
 89        966       1022       1143      0.2102       1039        1039      0.0000     10.4488
ALPHA 1.0349 MaxIteration 26105  TIMEOUT 0.210267
 90        966       1022       1143      0.2103       1039        1039      0.0000     10.8288
ALPHA 1.0349 MaxIteration 27014  TIMEOUT 0.219818
 91        966       1022       1143      0.2198       1039        1039      0.0100     11.2265
ALPHA 1.0349 MaxIteration 27955  TIMEOUT 0.226891
 92        966       1022       1143      0.2269       1039        1039      0.0000     11.6388
ALPHA 1.0349 MaxIteration 28929  TIMEOUT 0.234480
 93        966       1022       1143      0.2345       1039        1039      0.0000     12.0544
ALPHA 1.0349 MaxIteration 29937  TIMEOUT 0.239217
 94        966       1022       1143      0.2392       1039        1039      0.0000     12.4888
ALPHA 1.0349 MaxIteration 30980  TIMEOUT 0.250372
 95        966       1022       1143      0.2504       1039        1039      0.0000     12.9489
ALPHA 1.0349 MaxIteration 32059  TIMEOUT 0.251007
 96        966       1022       1143      0.2510       1039        1039      0.0000     13.4188
ALPHA 1.0349 MaxIteration 33176  TIMEOUT 0.266824
 97        966       1022       1143      0.2668       1039        1039      0.0000     13.8988
ALPHA 1.0349 MaxIteration 34332  TIMEOUT 0.278460
 98        966       1022       1143      0.2785       1039        1039      0.0100     14.3988
ALPHA 1.0349 MaxIteration 35528  TIMEOUT 0.285061
 99        966       1022       1143      0.2851       1039        1039      0.0000     14.9288
ALPHA 1.0349 MaxIteration 36766  TIMEOUT 0.293257
100        966       1022       1143      0.2933       1039        1039      0.0000     15.4788
ALPHA 1.0349 MaxIteration 38047  TIMEOUT 0.313645
101        966       1022       1143      0.3136       1039        1039      0.0000     16.0588
ALPHA 1.0349 MaxIteration 39373  TIMEOUT 0.328344
102        966       1022       1143      0.3283       1039        1039      0.0100     16.6488
ALPHA 1.0349 MaxIteration 40745  TIMEOUT 0.334364
103        966       1022       1143      0.3344       1039        1039      0.0000     17.2642
ALPHA 1.0349 MaxIteration 42165  TIMEOUT 0.342925
104        966       1022       1143      0.3429       1039        1039      0.0100     17.8788
ALPHA 1.0349 MaxIteration 43634  TIMEOUT 0.362152
105        966       1022       1143      0.3622       1039        1039      0.0000     18.5488
ALPHA 1.0349 MaxIteration 45155  TIMEOUT 0.363796
106        966       1022       1143      0.3638       1039        1039      0.0000     19.2114
ALPHA 1.0349 MaxIteration 46729  TIMEOUT 0.379832
107        966       1022       1143      0.3798       1039        1039      0.0000     19.9088
ALPHA 1.0349 MaxIteration 48357  TIMEOUT 0.091187
108        966       1022       1143      0.0912>>> T1_100_100_2.wclq |V| 100 |E| 100  (#LB 0.0000 1022 ---> 1022  0.0166  1039 <--- 1059  0.0189 #UB)  #solve_ime 20.0000 read_time 0.0012 
