>>IBM: |V|=200 |E|=17910
>>IBM: The maximum node weight is 200
/public/home/acs4vb4pqv/benchmarks/MWDS2026/dimacs/gen200_p0.9_55.clq #seed 3 #alpha 1.900 #timeout 0.100 K=5 RHO=0.05 Q0=0.90 BETA=3.5 AQ_MODE=guarded SAFE_AQ_MIN_GAP=0.000 SAFE_AQ_MIN_NODES=800 AQ_SLOPE_MARGIN=1.05 AQ_MAX_UB_DRIFT=0.25
[v19] |V|=200 |E|=17910 density=89.55 USE_ADVANCED=0
#Rd        #LB        #LB*       #UB       #Time        #UB+        #UB*      #Time      #TotalTime
First Gap  0.200000
ALPHA 1.9000 MaxIteration 500  TIMEOUT 0.067909
  1          5          5          6      0.0679
 [AQ small-headroom probe] gap=0.2000 density=89.55 |V|=200 => Light RL (K=3, 5.0%)
ALPHA 1.9000 MaxIteration 3  TIMEOUT 0.001236
  2          4          5          6      0.0012ALPHA 1.8304 MaxIteration 5  TIMEOUT 0.001927
  3          4          5          6      0.0019 [AQ guard] no early LB gain, disabling AQ
          6           6      0.0000      0.0748
ALPHA 1.7658 MaxIteration 9  TIMEOUT 0.001064
  4          4          5          6      0.0011          6           6      0.0000      0.0849
ALPHA 1.7056 MaxIteration 15  TIMEOUT 0.001731
  5          4          5          6      0.0017          6           6      0.0000      0.0946
ALPHA 1.6493 MaxIteration 25  TIMEOUT 0.002768
  6          4          5          6      0.0028          6           6      0.0000      0.1046
ALPHA 1.5966 MaxIteration 41  TIMEOUT 0.003543
  7          4          5          6      0.0035          6           6      0.0000      0.1149
ALPHA 1.5472 MaxIteration 65  TIMEOUT 0.007045
  8          4          5          6      0.0070          6           6      0.0000      0.1249
ALPHA 1.5008 MaxIteration 100  TIMEOUT 0.011042
  9          4          5          6      0.0110          6           6      0.0000      0.1550
ALPHA 1.4571 MaxIteration 150  TIMEOUT 0.016616
 10          4          5          6      0.0166          6           6      0.0000      0.1849
ALPHA 1.4158 MaxIteration 218  TIMEOUT 0.023288
 11          4          5          6      0.0233          6           6      0.0000      0.2349
ALPHA 1.3768 MaxIteration 308  TIMEOUT 0.034373
 12          4          5          6      0.0344          6           6      0.0000      0.3048
ALPHA 1.3399 MaxIteration 424  TIMEOUT 0.048762
 13          4          5          6      0.0488          6           6      0.0000      0.3949
ALPHA 1.3049 MaxIteration 568  TIMEOUT 0.068814
 14          4          5          6      0.0688          6           6      0.0000      0.5249
ALPHA 1.2718 MaxIteration 741  TIMEOUT 0.094780
 15          4          5          6      0.0948          6           6      0.0000      0.7147
ALPHA 1.2402 MaxIteration 942  TIMEOUT 0.130511
 16          4          5          6      0.1305          6           6      0.0000      0.9848
ALPHA 1.2102 MaxIteration 1168  TIMEOUT 0.174505
 17          4          5          6      0.1745          6           6      0.0000      1.3348
ALPHA 1.1816 MaxIteration 1413  TIMEOUT 0.226489
 18          4          5          6      0.2265          6           6      0.0000      1.7848
ALPHA 1.1543 MaxIteration 1669  TIMEOUT 0.287685
 19          4          5          6      0.2877          6           6      0.0000      2.3549
ALPHA 1.1283 MaxIteration 1926  TIMEOUT 0.181144
 20          3          5          6      0.1811          6           6      0.0000      2.7247
ALPHA 1.1034 MaxIteration 2173  TIMEOUT 0.205461
 21          3          5          6      0.2055          6           6      0.0000      3.1348
ALPHA 1.0795 MaxIteration 2397  TIMEOUT 0.225297
 22          3          5          6      0.2253          6           6      0.0000      3.5846
ALPHA 1.0567 MaxIteration 2587  TIMEOUT 0.243199
 23          3          5          6      0.2432          6           6      0.0000      4.0748
ALPHA 1.0349 MaxIteration 2733  TIMEOUT 0.256765
 24          3          5          6      0.2568          6           6      0.0000      4.5847
ALPHA 1.0349 MaxIteration 2828  TIMEOUT 0.265631
 25          3          5          6      0.2656          6           6      0.0000      5.1149
ALPHA 1.0349 MaxIteration 2926  TIMEOUT 0.276763
 26          3          5          6      0.2768          6           6      0.0000      5.6648
ALPHA 1.0349 MaxIteration 3027  TIMEOUT 0.282801
 27          3          5          6      0.2828          6           6      0.0000      6.2247
ALPHA 1.0349 MaxIteration 3132  TIMEOUT 0.296814
 28          3          5          6      0.2968          6           6      0.0000      6.8148
ALPHA 1.0349 MaxIteration 3241  TIMEOUT 0.307689
 29          3          5          6      0.3077          6           6      0.0000      7.4247
ALPHA 1.0349 MaxIteration 3353  TIMEOUT 0.316265
 30          3          5          6      0.3163          6           6      0.0000      8.0548
ALPHA 1.0349 MaxIteration 3469  TIMEOUT 0.327547
 31          3          5          6      0.3275          6           6      0.0000      8.7047
ALPHA 1.0349 MaxIteration 3589  TIMEOUT 0.340582
 32          3          5          6      0.3406          6           6      0.0000      9.3947
ALPHA 1.0349 MaxIteration 3714  TIMEOUT 0.350896
 33          3          5          6      0.3509          6           6      0.0000     10.1047
ALPHA 1.0349 MaxIteration 3843  TIMEOUT 0.365386
 34          3          5          6      0.3654          6           6      0.0000     10.8349
ALPHA 1.0349 MaxIteration 3976  TIMEOUT 0.376191
 35          3          5          6      0.3762          6           6      0.0000     11.5849
ALPHA 1.0349 MaxIteration 4114  TIMEOUT 0.390607
 36          3          5          6      0.3906          6           6      0.0000     12.3747
ALPHA 1.0349 MaxIteration 4257  TIMEOUT 0.402465
 37          3          5          6      0.4025          6           6      0.0000     13.1849
ALPHA 1.0349 MaxIteration 4405  TIMEOUT 0.420080
 38          3          5          6      0.4201          6           6      0.0000     14.0347
ALPHA 1.0349 MaxIteration 4558  TIMEOUT 0.438562
 39          3          5          6      0.4386          6           6      0.0000     14.9049
ALPHA 1.0349 MaxIteration 4716  TIMEOUT 0.442405
 40          3          5          6      0.4424          6           6      0.0000     15.7947
ALPHA 1.0349 MaxIteration 4880  TIMEOUT 0.458965
 41          3          5          6      0.4590          6           6      0.0000     16.7048
ALPHA 1.0349 MaxIteration 5050  TIMEOUT 0.482814
 42          3          5          6      0.4828          6           6      0.0000     17.6749
ALPHA 1.0349 MaxIteration 5226  TIMEOUT 0.503427
 43          3          5          6      0.5034          6           6      0.0000     18.6846
ALPHA 1.0349 MaxIteration 5408  TIMEOUT 0.513692
 44          3          5          6      0.5137          6           6      0.0000     19.7148
ALPHA 1.0349 MaxIteration 5596  TIMEOUT 0.285205
 45          3          5          6      0.2852>>> gen200_p0.9_55.clq |V| 200 |E| 17910  (#LB 0.0000 5 ---> 5  0.2000  6 <--- 6  0.0000 #UB)  #solve_ime 20.0001 read_time 0.0054 
