>>IBM: |V|=50 |E|=1000
>>IBM: The maximum node weight is 49
/public/home/acs4vb4pqv/benchmarks/MWDS2026/T1_wclq/T1_50_1000_0.wclq #seed 101 #alpha 1.900 #timeout 0.100 K=5 RHO=0.05 Q0=0.90 BETA=3.5 AQ_MODE=guarded SAFE_AQ_MIN_GAP=0.000 SAFE_AQ_MIN_NODES=800 AQ_SLOPE_MARGIN=1.05 AQ_MAX_UB_DRIFT=0.25
[v19] |V|=50 |E|=1000 density=20.00 USE_ADVANCED=0
#Rd        #LB        #LB*       #UB       #Time        #UB+        #UB*      #Time      #TotalTime
First Gap  0.428571
ALPHA 1.9000 MaxIteration 500  TIMEOUT 0.003053
  1         28         28         40      0.0031
 [AQ small-headroom probe] gap=0.4286 density=20.00 |V|=50 => Light RL (K=3, 5.0%)
ALPHA 1.9000 MaxIteration 3  TIMEOUT 0.000250
  2         28         28         40      0.0003ALPHA 1.8304 MaxIteration 5  TIMEOUT 0.000237
  3         28         28         40      0.0002 [AQ guard] no early LB gain, disabling AQ
         40          40      0.0000      0.0100
ALPHA 1.7658 MaxIteration 9  TIMEOUT 0.000098
  4         25         28         40      0.0001         40          40      0.0000      0.0200
ALPHA 1.7056 MaxIteration 15  TIMEOUT 0.000152
  5         25         28         40      0.0002         40          40      0.0000      0.0300
ALPHA 1.6493 MaxIteration 25  TIMEOUT 0.000249
  6         25         28         40      0.0002         40          40      0.0000      0.0400
ALPHA 1.5966 MaxIteration 41  TIMEOUT 0.000785
  7         28         28         40      0.0008         40          40      0.0000      0.0500
ALPHA 1.5472 MaxIteration 65  TIMEOUT 0.001019
  8         28         28         40      0.0010         40          40      0.0000      0.0600
ALPHA 1.5008 MaxIteration 100  TIMEOUT 0.001376
  9         28         28         40      0.0014         40          40      0.0000      0.0700
ALPHA 1.4571 MaxIteration 150  TIMEOUT 0.001870
 10         28         28         40      0.0019         40          40      0.0000      0.0800
ALPHA 1.4158 MaxIteration 218  TIMEOUT 0.002525
 11         28         28         40      0.0025         40          40      0.0000      0.0900
ALPHA 1.3768 MaxIteration 308  TIMEOUT 0.003403
 12         28         28         40      0.0034         40          40      0.0000      0.1000
ALPHA 1.3399 MaxIteration 424  TIMEOUT 0.004512
 13         28         28         40      0.0045         40          40      0.0000      0.1100
ALPHA 1.3049 MaxIteration 568  TIMEOUT 0.004968
 14         28         28         40      0.0050         40          40      0.0000      0.1200
ALPHA 1.2718 MaxIteration 741  TIMEOUT 0.007562
 15         28         28         40      0.0076         40          40      0.0000      0.1300
ALPHA 1.2402 MaxIteration 942  TIMEOUT 0.009638
 16         28         28         40      0.0096         40          40      0.0000      0.1400
ALPHA 1.2102 MaxIteration 1168  TIMEOUT 0.010599
 17         28         28         40      0.0106         40          40      0.0000      0.1666
ALPHA 1.1816 MaxIteration 1413  TIMEOUT 0.011151
 18         28         28         40      0.0112         40          40      0.0000      0.1900
ALPHA 1.1543 MaxIteration 1669  TIMEOUT 0.015426
 19         28         28         40      0.0154         40          40      0.0000      0.2200
ALPHA 1.1283 MaxIteration 1926  TIMEOUT 0.017858
 20         28         28         40      0.0179         40          40      0.0000      0.2500
ALPHA 1.1034 MaxIteration 2173  TIMEOUT 0.020546
 21         28         28         40      0.0205         40          40      0.0000      0.3000
ALPHA 1.0795 MaxIteration 2397  TIMEOUT 0.023850
 22         28         28         40      0.0238         40          40      0.0000      0.3500
ALPHA 1.0567 MaxIteration 2587  TIMEOUT 0.022249
 23         28         28         40      0.0222         40          40      0.0000      0.4000
ALPHA 1.0349 MaxIteration 2733  TIMEOUT 0.025744
 24         28         28         40      0.0257         40          40      0.0000      0.4500
ALPHA 1.0349 MaxIteration 2828  TIMEOUT 0.026788
 25         28         28         40      0.0268         40          40      0.0000      0.5000
ALPHA 1.0349 MaxIteration 2926  TIMEOUT 0.028842
 26         28         28         40      0.0288         40          40      0.0000      0.5500
ALPHA 1.0349 MaxIteration 3027  TIMEOUT 0.029156
 27         28         28         40      0.0292         40          40      0.0000      0.6000
ALPHA 1.0349 MaxIteration 3132  TIMEOUT 0.031352
 28         28         28         40      0.0314         40          40      0.0000      0.6700
ALPHA 1.0349 MaxIteration 3241  TIMEOUT 0.031143
 29         28         28         40      0.0311         40          40      0.0000      0.7400
ALPHA 1.0349 MaxIteration 3353  TIMEOUT 0.033241
 30         28         28         40      0.0332         40          40      0.0000      0.8100
ALPHA 1.0349 MaxIteration 3469  TIMEOUT 0.034414
 31         28         28         40      0.0344         40          40      0.0000      0.8800
ALPHA 1.0349 MaxIteration 3589  TIMEOUT 0.034728
 32         28         28         40      0.0347         40          40      0.0000      0.9500
ALPHA 1.0349 MaxIteration 3714  TIMEOUT 0.035644
 33         28         28         40      0.0356         40          40      0.0000      1.0200
ALPHA 1.0349 MaxIteration 3843  TIMEOUT 0.035321
 34         28         28         40      0.0353         40          40      0.0000      1.0900
ALPHA 1.0349 MaxIteration 3976  TIMEOUT 0.037412
 35         28         28         40      0.0374         40          40      0.0000      1.1600
ALPHA 1.0349 MaxIteration 4114  TIMEOUT 0.040459
 36         28         28         40      0.0405         40          40      0.0000      1.2500
ALPHA 1.0349 MaxIteration 4257  TIMEOUT 0.042241
 37         28         28         40      0.0422         40          40      0.0000      1.3400
ALPHA 1.0349 MaxIteration 4405  TIMEOUT 0.042212
 38         28         28         40      0.0422         40          40      0.0000      1.4300
ALPHA 1.0349 MaxIteration 4558  TIMEOUT 0.044660
 39         28         28         40      0.0447         40          40      0.0000      1.5200
ALPHA 1.0349 MaxIteration 4716  TIMEOUT 0.043786
 40         28         28         40      0.0438         40          40      0.0000      1.6100
ALPHA 1.0349 MaxIteration 4880  TIMEOUT 0.043657
 41         28         28         40      0.0437         40          40      0.0000      1.7000
ALPHA 1.0349 MaxIteration 5050  TIMEOUT 0.047175
 42         28         28         40      0.0472         40          40      0.0000      1.7900
ALPHA 1.0349 MaxIteration 5226  TIMEOUT 0.048559
 43         28         28         40      0.0486         40          40      0.0000      1.8800
ALPHA 1.0349 MaxIteration 5408  TIMEOUT 0.050422
 44         28         28         40      0.0504         40          40      0.0000      1.9900
ALPHA 1.0349 MaxIteration 5596  TIMEOUT 0.051169
 45         28         28         40      0.0512         40          40      0.0000      2.1000
ALPHA 1.0349 MaxIteration 5791  TIMEOUT 0.057300
 46         28         28         40      0.0573         40          40      0.0000      2.2100
ALPHA 1.0349 MaxIteration 5992  TIMEOUT 0.055365
 47         28         28         40      0.0554         40          40      0.0000      2.3200
ALPHA 1.0349 MaxIteration 6200  TIMEOUT 0.055885
 48         28         28         40      0.0559         40          40      0.0000      2.4300
ALPHA 1.0349 MaxIteration 6416  TIMEOUT 0.061800
 49         28         28         40      0.0618         40          40      0.0000      2.5600
ALPHA 1.0349 MaxIteration 6639  TIMEOUT 0.060249
 50         28         28         40      0.0602         40          40      0.0000      2.6900
ALPHA 1.0349 MaxIteration 6870  TIMEOUT 0.064445
 51         28         28         40      0.0644         40          40      0.0000      2.8200
ALPHA 1.0349 MaxIteration 7109  TIMEOUT 0.067000
 52         28         28         40      0.0670         40          40      0.0000      2.9500
ALPHA 1.0349 MaxIteration 7356  TIMEOUT 0.067946
 53         28         28         40      0.0679         40          40      0.0000      3.0800
ALPHA 1.0349 MaxIteration 7612  TIMEOUT 0.074169
 54         28         28         40      0.0742         40          40      0.0000      3.2300
ALPHA 1.0349 MaxIteration 7877  TIMEOUT 0.071927
 55         28         28         40      0.0719         40          40      0.0000      3.3800
ALPHA 1.0349 MaxIteration 8151  TIMEOUT 0.078487
 56         28         28         40      0.0785         40          40      0.0000      3.5300
ALPHA 1.0349 MaxIteration 8435  TIMEOUT 0.082341
 57         28         28         40      0.0823         40          40      0.0000      3.7000
ALPHA 1.0349 MaxIteration 8729  TIMEOUT 0.084732
 58         28         28         40      0.0847         40          40      0.0000      3.8700
ALPHA 1.0349 MaxIteration 9033  TIMEOUT 0.082082
 59         28         28         40      0.0821         40          40      0.0000      4.0400
ALPHA 1.0349 MaxIteration 9347  TIMEOUT 0.084095
 60         28         28         40      0.0841         40          40      0.0000      4.2100
ALPHA 1.0349 MaxIteration 9672  TIMEOUT 0.090074
 61         28         28         40      0.0901         40          40      0.0000      4.4000
ALPHA 1.0349 MaxIteration 10009  TIMEOUT 0.092657
 62         28         28         40      0.0927         40          40      0.0000      4.5800
ALPHA 1.0349 MaxIteration 10357  TIMEOUT 0.096025
 63         28         28         40      0.0960         40          40      0.0000      4.7700
ALPHA 1.0349 MaxIteration 10718  TIMEOUT 0.094762
 64         28         28         40      0.0948         40          40      0.0000      4.9600
ALPHA 1.0349 MaxIteration 11091  TIMEOUT 0.106573
 65         28         28         40      0.1066         40          40      0.0000      5.1600
ALPHA 1.0349 MaxIteration 11477  TIMEOUT 0.108282
 66         28         28         40      0.1083         40          40      0.0000      5.3700
ALPHA 1.0349 MaxIteration 11877  TIMEOUT 0.114423
 67         28         28         40      0.1144         40          40      0.0000      5.6000
ALPHA 1.0349 MaxIteration 12291  TIMEOUT 0.120885
 68         28         28         40      0.1209         40          40      0.0000      5.8500
ALPHA 1.0349 MaxIteration 12719  TIMEOUT 0.125686
 69         28         28         40      0.1257         40          40      0.0000      6.1000
ALPHA 1.0349 MaxIteration 13162  TIMEOUT 0.124947
 70         28         28         40      0.1249         40          40      0.0000      6.3500
ALPHA 1.0349 MaxIteration 13620  TIMEOUT 0.127997
 71         28         28         40      0.1280         40          40      0.0000      6.6000
ALPHA 1.0349 MaxIteration 14094  TIMEOUT 0.129015
 72         28         28         40      0.1290         40          40      0.0000      6.8500
ALPHA 1.0349 MaxIteration 14585  TIMEOUT 0.132877
 73         28         28         40      0.1329         40          40      0.0000      7.1200
ALPHA 1.0349 MaxIteration 15093  TIMEOUT 0.140225
 74         28         28         40      0.1402         40          40      0.0000      7.4100
ALPHA 1.0349 MaxIteration 15619  TIMEOUT 0.146372
 75         28         28         40      0.1464         40          40      0.0000      7.7000
ALPHA 1.0349 MaxIteration 16163  TIMEOUT 0.155568
 76         28         28         40      0.1556         40          40      0.0000      8.0100
ALPHA 1.0349 MaxIteration 16726  TIMEOUT 0.161817
 77         28         28         40      0.1618         40          40      0.0000      8.3400
ALPHA 1.0349 MaxIteration 17309  TIMEOUT 0.161964
 78         28         28         40      0.1620         40          40      0.0000      8.6600
ALPHA 1.0349 MaxIteration 17912  TIMEOUT 0.166008
 79         28         28         40      0.1660         40          40      0.0000      8.9800
ALPHA 1.0349 MaxIteration 18536  TIMEOUT 0.175320
 80         28         28         40      0.1753         40          40      0.0000      9.3300
ALPHA 1.0349 MaxIteration 19182  TIMEOUT 0.175868
 81         28         28         40      0.1759         40          40      0.0000      9.6800
ALPHA 1.0349 MaxIteration 19850  TIMEOUT 0.188377
 82         28         28         40      0.1884         40          40      0.0000     10.0500
ALPHA 1.0349 MaxIteration 20541  TIMEOUT 0.195614
 83         28         28         40      0.1956         40          40      0.0000     10.4300
ALPHA 1.0349 MaxIteration 21257  TIMEOUT 0.199474
 84         28         28         40      0.1995         40          40      0.0000     10.8200
ALPHA 1.0349 MaxIteration 21997  TIMEOUT 0.210136
 85         28         28         40      0.2101         40          40      0.0000     11.2500
ALPHA 1.0349 MaxIteration 22763  TIMEOUT 0.219427
 86         28         28         40      0.2194         40          40      0.0000     11.6800
ALPHA 1.0349 MaxIteration 23556  TIMEOUT 0.224836
 87         28         28         40      0.2248         40          40      0.0000     12.1200
ALPHA 1.0349 MaxIteration 24377  TIMEOUT 0.227963
 88         28         28         40      0.2280         40          40      0.0000     12.5700
ALPHA 1.0349 MaxIteration 25226  TIMEOUT 0.238513
 89         28         28         40      0.2385         40          40      0.0000     13.0400
ALPHA 1.0349 MaxIteration 26105  TIMEOUT 0.245397
 90         28         28         40      0.2454         40          40      0.0000     13.5300
ALPHA 1.0349 MaxIteration 27014  TIMEOUT 0.252866
 91         28         28         40      0.2529         40          40      0.0000     14.0400
ALPHA 1.0349 MaxIteration 27955  TIMEOUT 0.266319
 92         28         28         40      0.2663         40          40      0.0000     14.5700
ALPHA 1.0349 MaxIteration 28929  TIMEOUT 0.272433
 93         28         28         40      0.2724         40          40      0.0000     15.1200
ALPHA 1.0349 MaxIteration 29937  TIMEOUT 0.280657
 94         28         28         40      0.2807         40          40      0.0000     15.6900
ALPHA 1.0349 MaxIteration 30980  TIMEOUT 0.299013
 95         28         28         40      0.2990         40          40      0.0000     16.2800
ALPHA 1.0349 MaxIteration 32059  TIMEOUT 0.303344
 96         28         28         40      0.3033         40          40      0.0000     16.8900
ALPHA 1.0349 MaxIteration 33176  TIMEOUT 0.310533
 97         28         28         40      0.3105         40          40      0.0000     17.5200
ALPHA 1.0349 MaxIteration 34332  TIMEOUT 0.321670
 98         28         28         40      0.3217         40          40      0.0000     18.1700
ALPHA 1.0349 MaxIteration 35528  TIMEOUT 0.342119
 99         28         28         40      0.3421         40          40      0.0000     18.8600
ALPHA 1.0349 MaxIteration 36766  TIMEOUT 0.344933
100         28         28         40      0.3449         40          40      0.0000     19.5500
ALPHA 1.0349 MaxIteration 38047  TIMEOUT 0.355500
101         28         28         40      0.3555         40          40      0.0000     20.0000
>>> T1_50_1000_0.wclq |V| 50 |E| 1000  (#LB 0.0000 28 ---> 28  0.4286  40 <--- 40  0.0000 #UB)  #solve_ime 20.0000 read_time 0.0000 
