>>IBM: |V|=200 |E|=250
>>IBM: The maximum node weight is 49
/public/home/acs4vb4pqv/benchmarks/MWDS2026/T1_wclq/T1_200_250_7.wclq #seed 101 #alpha 1.900 #timeout 0.100 K=5 RHO=0.05 Q0=0.90 BETA=3.5 AQ_MODE=dbs SAFE_AQ_MIN_GAP=0.050 SAFE_AQ_MIN_NODES=800 AQ_SLOPE_MARGIN=1.05 AQ_MAX_UB_DRIFT=0.25
[v19] |V|=200 |E|=250 density=1.25 USE_ADVANCED=0
#Rd        #LB        #LB*       #UB       #Time        #UB+        #UB*      #Time      #TotalTime
First Gap  0.097109
ALPHA 1.9000 MaxIteration 500  TIMEOUT 0.035717
  1       1833       1833       2011      0.0357       1937        1937      0.0100      0.0689
ALPHA 1.9000 MaxIteration 3  TIMEOUT 0.000293
  2       1756       1833       2204      0.0003       1937        1937      0.0000      0.0789
ALPHA 1.8304 MaxIteration 5  TIMEOUT 0.001001
  3       1785       1833       2145      0.0010       1940        1937      0.0000      0.0889
ALPHA 1.7658 MaxIteration 9  TIMEOUT 0.001214
  4       1736       1833       2131      0.0012       1937        1937      0.0000      0.0989
ALPHA 1.7056 MaxIteration 15  TIMEOUT 0.002213
  5       1728       1833       2148      0.0022       1945        1937      0.0000      0.1089
ALPHA 1.6493 MaxIteration 25  TIMEOUT 0.001522
  6       1717       1833       2147      0.0015       1937        1937      0.0000      0.1189
ALPHA 1.5966 MaxIteration 41  TIMEOUT 0.003057
  7       1717       1833       2147      0.0031       1947        1937      0.0000      0.1289
ALPHA 1.5472 MaxIteration 65  TIMEOUT 0.006118
  8       1722       1833       2137      0.0061       1937        1937      0.0000      0.1389
ALPHA 1.5008 MaxIteration 100  TIMEOUT 0.004400
  9       1698       1833       2147      0.0044       1947        1937      0.0000      0.1489
ALPHA 1.4571 MaxIteration 150  TIMEOUT 0.006529
 10       1703       1833       2135      0.0065       1955        1937      0.0000      0.1571
ALPHA 1.4158 MaxIteration 218  TIMEOUT 0.009240
 11       1703       1833       2130      0.0092       1937        1937      0.0000      0.1689
ALPHA 1.3768 MaxIteration 308  TIMEOUT 0.018998
 12       1706       1833       2108      0.0190       1940        1937      0.0100      0.1989
ALPHA 1.3399 MaxIteration 424  TIMEOUT 0.022417
 13       1706       1833       2130      0.0224       1937        1937      0.0100      0.2489
ALPHA 1.3049 MaxIteration 568  TIMEOUT 0.029855
 14       1706       1833       2107      0.0299       1937        1937      0.0100      0.2989
ALPHA 1.2718 MaxIteration 741  TIMEOUT 0.029193
 15       1703       1833       2131      0.0292       1937        1937      0.0100      0.3489
ALPHA 1.2402 MaxIteration 942  TIMEOUT 0.036731
 16       1703       1833       2130      0.0367       1937        1937      0.0100      0.4189
ALPHA 1.2102 MaxIteration 1168  TIMEOUT 0.045023
 17       1703       1833       2130      0.0450       1937        1937      0.0000      0.4989
ALPHA 1.1816 MaxIteration 1413  TIMEOUT 0.051872
 18       1703       1833       2130      0.0519       1937        1937      0.0200      0.6089
ALPHA 1.1543 MaxIteration 1669  TIMEOUT 0.064382
 19       1703       1833       2136      0.0644       1937        1937      0.0200      0.7389
ALPHA 1.1283 MaxIteration 1926  TIMEOUT 0.074348
 20       1703       1833       2129      0.0743       1937        1937      0.0100      0.8789
ALPHA 1.1034 MaxIteration 2173  TIMEOUT 0.081808
 21       1703       1833       2137      0.0818       1937        1937      0.0100      1.0457
ALPHA 1.0795 MaxIteration 2397  TIMEOUT 0.090113
 22       1703       1833       2137      0.0901       1937        1937      0.0100      1.2289
ALPHA 1.0567 MaxIteration 2587  TIMEOUT 0.101011
 23       1703       1833       2137      0.1010       1937        1937      0.0100      1.4289
ALPHA 1.0349 MaxIteration 2733  TIMEOUT 0.105574
 24       1703       1833       2137      0.1056       1937        1937      0.0100      1.6289
ALPHA 1.0349 MaxIteration 2828  TIMEOUT 0.112948
 25       1703       1833       2137      0.1129       1937        1937      0.0000      1.8489
ALPHA 1.0349 MaxIteration 2926  TIMEOUT 0.119873
 26       1703       1833       2137      0.1199       1937        1937      0.0100      2.0689
ALPHA 1.0349 MaxIteration 3027  TIMEOUT 0.124347
 27       1703       1833       2137      0.1243       1937        1937      0.0000      2.3089
ALPHA 1.0349 MaxIteration 3132  TIMEOUT 0.279128
 28       1715       1833       2135      0.2791       1937        1937      0.0100      2.8389
ALPHA 1.0349 MaxIteration 3241  TIMEOUT 0.282422
 29       1715       1833       2135      0.2824       1937        1937      0.0100      3.3889
ALPHA 1.0349 MaxIteration 3353  TIMEOUT 0.291847
 30       1715       1833       2135      0.2918       1937        1937      0.0000      3.9589
ALPHA 1.0349 MaxIteration 3469  TIMEOUT 0.305669
 31       1715       1833       2135      0.3057       1937        1937      0.0200      4.5389
ALPHA 1.0349 MaxIteration 3589  TIMEOUT 0.311581
 32       1715       1833       2135      0.3116       1937        1937      0.0100      5.1489
ALPHA 1.0349 MaxIteration 3714  TIMEOUT 0.323141
 33       1715       1833       2135      0.3231       1937        1937      0.0200      5.7689
ALPHA 1.0349 MaxIteration 3843  TIMEOUT 0.334246
 34       1715       1833       2135      0.3342       1937        1937      0.0200      6.4089
ALPHA 1.0349 MaxIteration 3976  TIMEOUT 0.348486
 35       1715       1833       2135      0.3485       1937        1937      0.0300      7.0689
ALPHA 1.0349 MaxIteration 4114  TIMEOUT 0.362938
 36       1715       1833       2135      0.3629       1937        1937      0.0100      7.7689
ALPHA 1.0349 MaxIteration 4257  TIMEOUT 0.378620
 37       1715       1833       2135      0.3786       1937        1937      0.0200      8.4889
ALPHA 1.0349 MaxIteration 4405  TIMEOUT 0.398824
 38       1715       1833       2135      0.3988       1937        1937      0.0100      9.2489
ALPHA 1.0349 MaxIteration 4558  TIMEOUT 0.415553
 39       1715       1833       2135      0.4156       1937        1937      0.0100     10.0489
ALPHA 1.0349 MaxIteration 4716  TIMEOUT 0.429982
 40       1715       1833       2135      0.4300       1937        1937      0.0200     10.8775
ALPHA 1.0349 MaxIteration 4880  TIMEOUT 0.287457
 41       1705       1833       2137      0.2875       1937        1937      0.0100     11.4289
ALPHA 1.0349 MaxIteration 5050  TIMEOUT 0.295450
 42       1705       1833       2137      0.2955       1937        1937      0.0000     11.9989
ALPHA 1.0349 MaxIteration 5226  TIMEOUT 0.306198
 43       1705       1833       2137      0.3062       1937        1937      0.0100     12.5889
ALPHA 1.0349 MaxIteration 5408  TIMEOUT 0.318857
 44       1705       1833       2137      0.3189       1937        1937      0.0100     13.1889
ALPHA 1.0349 MaxIteration 5596  TIMEOUT 0.327177
 45       1705       1833       2137      0.3272       1937        1937      0.0500     13.7989
ALPHA 1.0349 MaxIteration 5791  TIMEOUT 0.216117
 46       1698       1833       2147      0.2161       1937        1937      0.0100     14.2189
ALPHA 1.0349 MaxIteration 5992  TIMEOUT 0.225541
 47       1698       1833       2147      0.2255       1937        1937      0.0100     14.6389
ALPHA 1.0349 MaxIteration 6200  TIMEOUT 0.233772
 48       1698       1833       2147      0.2338       1937        1937      0.0100     15.0889
ALPHA 1.0349 MaxIteration 6416  TIMEOUT 0.239512
 49       1698       1833       2147      0.2395       1937        1937      0.0200     15.5390
ALPHA 1.0349 MaxIteration 6639  TIMEOUT 0.243902
 50       1698       1833       2147      0.2439       1937        1937      0.0000     16.0089
ALPHA 1.0349 MaxIteration 6870  TIMEOUT 0.254637
 51       1698       1833       2147      0.2546       1937        1937      0.0100     16.4989
ALPHA 1.0349 MaxIteration 7109  TIMEOUT 0.258781
 52       1698       1833       2147      0.2588       1937        1937      0.0200     16.9889
ALPHA 1.0349 MaxIteration 7356  TIMEOUT 0.272036
 53       1698       1833       2147      0.2720       1937        1937      0.0000     17.5189
ALPHA 1.0349 MaxIteration 7612  TIMEOUT 0.281930
 54       1698       1833       2147      0.2819       1937        1937      0.0100     18.0589
ALPHA 1.0349 MaxIteration 7877  TIMEOUT 0.286345
 55       1698       1833       2147      0.2863       1937        1937      0.0300     18.6089
ALPHA 1.0349 MaxIteration 8151  TIMEOUT 0.299916
 56       1698       1833       2147      0.2999       1937        1937      0.0300     19.1689
ALPHA 1.0349 MaxIteration 8435  TIMEOUT 0.309621
 57       1698       1833       2147      0.3096       1937        1937      0.0100     19.7489
ALPHA 1.0349 MaxIteration 8729  TIMEOUT 0.251058
 58       1698       1833       2147      0.2511>>> T1_200_250_7.wclq |V| 200 |E| 250  (#LB 0.0000 1833 ---> 1833  0.0567  1937 <--- 2011  0.0368 #UB)  #solve_ime 20.0000 read_time 0.0011 
