With  Parameters CUTOFF 20 SEED 2  ALPHA = 1.900  K=5 RHO=0.05 Q0=0.90 BETA=3.0 AQ_MODE=guarded
Reading  graph ...  time 0.079140  
Reducing graph ...  time 0.000036  
[v6] |V|=100 |E|=100 density=1.00 USE_ADVANCED=0 SAFE_AQ_MIN_GAP=0.000 DEEP_AQ_RANGE=[800, 5.00, 10.00] structure_blocks_aq=1 AQ_SLOPE_MARGIN=1.15 AQ_MAX_UB_DRIFT=0.20
#Rd        #LB        #LB*       #UB       #Time        #UB+        #UB*      #Time      #TotalTime
First Gap  0.032132
  1       1027       1027       1060      0.0154
 Switch to DBS-only search, timeout 0.015363....
 [Online-safe AQ structure guard] |V|=100 density=1.00 outside [800, 5.00, 10.00], disabling AQ
       1043        1043      0.0009        0.0324
ALPHA 1.9000 MaxIteration 3  TIMEOUT 0.015363
  2       1027       1027       1076      0.0000       1091        1043      0.0000        0.0325
ALPHA 1.8304 MaxIteration 5  TIMEOUT 0.000089
  3       1014       1027       1078      0.0001       1080        1043      0.0000        0.0327
ALPHA 1.7658 MaxIteration 9  TIMEOUT 0.000168
  4       1023       1027       1065      0.0002       1067        1043      0.0002        0.0331
ALPHA 1.7056 MaxIteration 15  TIMEOUT 0.000304
  5       1027       1027       1088      0.0002       1052        1043      0.0001        0.0335
ALPHA 1.6493 MaxIteration 25  TIMEOUT 0.000327
  6       1027       1027       1088      0.0003       1051        1043      0.0003        0.0340
ALPHA 1.5966 MaxIteration 41  TIMEOUT 0.000430
  7       1027       1027       1064      0.0004       1043        1043      0.0002        0.0348
ALPHA 1.5472 MaxIteration 65  TIMEOUT 0.000647
  8       1027       1027       1087      0.0006       1047        1043      0.0004        0.0361
ALPHA 1.5008 MaxIteration 100  TIMEOUT 0.000956
  9       1027       1027       1064      0.0009       1043        1043      0.0006        0.0379
ALPHA 1.4571 MaxIteration 150  TIMEOUT 0.001373
 10       1028       1028       1064      0.0013       1043        1043      0.0006        0.0408
ALPHA 1.4158 MaxIteration 218  TIMEOUT 0.001887
 11       1031       1031       1064      0.0019       1043        1043      0.0008        0.0447
ALPHA 1.3768 MaxIteration 308  TIMEOUT 0.002682
 12       1031       1031       1063      0.0018       1043        1043      0.0007        0.0493
ALPHA 1.3399 MaxIteration 424  TIMEOUT 0.002535
 13       1029       1031       1064      0.0025       1043        1043      0.0008        0.0545
ALPHA 1.3049 MaxIteration 568  TIMEOUT 0.003407
 14       1031       1031       1064      0.0034       1039        1039      0.0008        0.0613
ALPHA 1.2718 MaxIteration 741  TIMEOUT 0.004452
 15       1031       1031       1064      0.0045       1043        1039      0.0012        0.0702
ALPHA 1.2402 MaxIteration 942  TIMEOUT 0.005675
 16       1029       1031       1063      0.0057       1043        1039      0.0013        0.0817
ALPHA 1.2102 MaxIteration 1168  TIMEOUT 0.007044
 17       1031       1031       1064      0.0071       1043        1039      0.0007        0.0969
ALPHA 1.1816 MaxIteration 1413  TIMEOUT 0.008535
 18       1029       1031       1063      0.0085       1039        1039      0.0014        0.1140
ALPHA 1.1543 MaxIteration 1669  TIMEOUT 0.010090
 19       1031       1031       1063      0.0101       1043        1039      0.0003        0.1352
ALPHA 1.1283 MaxIteration 1926  TIMEOUT 0.011652
 20       1032       1032       1060      0.0117       1039        1039      0.0038        0.1595
ALPHA 1.1034 MaxIteration 2173  TIMEOUT 0.013149
 21       1035       1035       1059      0.0132       1039        1039      0.0068        0.1859
ALPHA 1.0795 MaxIteration 2397  TIMEOUT 0.014513
 22       1035       1035       1059      0.0145       1039        1039      0.0025        0.2150
ALPHA 1.0567 MaxIteration 2587  TIMEOUT 0.015671
 23       1035       1035       1059      0.0157       1039        1039      0.0003        0.2474
ALPHA 1.0349 MaxIteration 2733  TIMEOUT 0.016565
 24       1035       1035       1059      0.0166       1039        1039      0.0131        0.2806
ALPHA 1.0349 MaxIteration 2828  TIMEOUT 0.017146
 25       1035       1035       1059      0.0172       1039        1039      0.0011        0.3160
ALPHA 1.0349 MaxIteration 2926  TIMEOUT 0.017760
 26       1035       1035       1059      0.0178       1043        1039      0.0003        0.3526
ALPHA 1.0349 MaxIteration 3027  TIMEOUT 0.018384
 27       1035       1035       1059      0.0184       1039        1039      0.0059        0.3895
ALPHA 1.0349 MaxIteration 3132  TIMEOUT 0.019031
 28       1035       1035       1059      0.0190       1039        1039      0.0002        0.4286
ALPHA 1.0349 MaxIteration 3241  TIMEOUT 0.019704
 29       1035       1035       1059      0.0197       1039        1039      0.0045        0.4681
ALPHA 1.0349 MaxIteration 3353  TIMEOUT 0.020394
 30       1035       1035       1059      0.0204       1039        1039      0.0058        0.5109
ALPHA 1.0349 MaxIteration 3469  TIMEOUT 0.021108
 31       1035       1035       1059      0.0211       1043        1039      0.0009        0.5532
ALPHA 1.0349 MaxIteration 3589  TIMEOUT 0.021852
 32       1035       1035       1059      0.0219       1039        1039      0.0089        0.6009
ALPHA 1.0349 MaxIteration 3714  TIMEOUT 0.022624
 33       1035       1035       1059      0.0226       1043        1039      0.0013        0.6472
ALPHA 1.0349 MaxIteration 3843  TIMEOUT 0.023417
 34       1035       1035       1059      0.0234       1043        1039      0.0012        0.6941
ALPHA 1.0349 MaxIteration 3976  TIMEOUT 0.024243
 35       1035       1035       1059      0.0242       1039        1039      0.0053        0.7436
ALPHA 1.0349 MaxIteration 4114  TIMEOUT 0.025093
 36       1035       1035       1059      0.0251       1039        1039      0.0098        0.7939
ALPHA 1.0349 MaxIteration 4257  TIMEOUT 0.025972
 37       1035       1035       1059      0.0260       1039        1039      0.0196        0.8459
ALPHA 1.0349 MaxIteration 4405  TIMEOUT 0.026885
 38       1035       1035       1059      0.0269       1039        1039      0.0003        0.9027
ALPHA 1.0349 MaxIteration 4558  TIMEOUT 0.027830
 39       1035       1035       1059      0.0278       1039        1039      0.0168        0.9594
ALPHA 1.0349 MaxIteration 4716  TIMEOUT 0.028808
 40       1035       1035       1059      0.0288       1039        1039      0.0179        1.0182
ALPHA 1.0349 MaxIteration 4880  TIMEOUT 0.029822
 41       1035       1035       1059      0.0298       1039        1039      0.0010        1.0788
ALPHA 1.0349 MaxIteration 5050  TIMEOUT 0.030870
 42       1035       1035       1059      0.0309       1039        1039      0.0041        1.1426
ALPHA 1.0349 MaxIteration 5226  TIMEOUT 0.031953
 43       1035       1035       1059      0.0320       1039        1039      0.0068        1.2076
ALPHA 1.0349 MaxIteration 5408  TIMEOUT 0.033070
 44       1035       1035       1059      0.0331       1039        1039      0.0009        1.2748
ALPHA 1.0349 MaxIteration 5596  TIMEOUT 0.034227
 45       1035       1035       1059      0.0342       1039        1039      0.0081        1.3453
ALPHA 1.0349 MaxIteration 5791  TIMEOUT 0.035422
 46       1035       1035       1059      0.0354       1043        1039      0.0011        1.4173
ALPHA 1.0349 MaxIteration 5992  TIMEOUT 0.036662
 47       1035       1035       1059      0.0367       1039        1039      0.0022        1.4917
ALPHA 1.0349 MaxIteration 6200  TIMEOUT 0.037946
 48       1035       1035       1059      0.0380       1039        1039      0.0026        1.5687
ALPHA 1.0349 MaxIteration 6416  TIMEOUT 0.039273
 49       1035       1035       1059      0.0393       1043        1039      0.0015        1.6473
ALPHA 1.0349 MaxIteration 6639  TIMEOUT 0.040647
 50       1035       1035       1059      0.0406       1039        1039      0.0004        1.7307
ALPHA 1.0349 MaxIteration 6870  TIMEOUT 0.042067
 51       1035       1035       1059      0.0421       1039        1039      0.0007        1.8199
ALPHA 1.0349 MaxIteration 7109  TIMEOUT 0.043544
 52       1035       1035       1059      0.0436       1039        1039      0.0133        1.9111
ALPHA 1.0349 MaxIteration 7356  TIMEOUT 0.045069
 53       1035       1035       1059      0.0451       1039        1039      0.0152        2.0013
ALPHA 1.0349 MaxIteration 7612  TIMEOUT 0.046662
 54       1035       1035       1059      0.0467       1039        1039      0.0016        2.0977
ALPHA 1.0349 MaxIteration 7877  TIMEOUT 0.048297
 55       1036       1036       1059      0.0483       1039        1039      0.0009        2.1984
ALPHA 1.0349 MaxIteration 8151  TIMEOUT 0.049986
 56       1036       1036       1059      0.0500       1039        1039      0.0028        2.3025
ALPHA 1.0349 MaxIteration 8435  TIMEOUT 0.051732
 57       1036       1036       1059      0.0517       1039        1039      0.0018        2.4080
ALPHA 1.0349 MaxIteration 8729  TIMEOUT 0.053539
 58       1036       1036       1059      0.0535       1039        1039      0.0119        2.5171
ALPHA 1.0349 MaxIteration 9033  TIMEOUT 0.055416
 59       1036       1036       1059      0.0554       1039        1039      0.0026        2.6320
ALPHA 1.0349 MaxIteration 9347  TIMEOUT 0.057357
 60       1036       1036       1059      0.0574       1039        1039      0.0095        2.7488
ALPHA 1.0349 MaxIteration 9672  TIMEOUT 0.059367
 61       1036       1036       1059      0.0594       1039        1039      0.0026        2.8706
ALPHA 1.0349 MaxIteration 10009  TIMEOUT 0.061442
 62       1036       1036       1059      0.0615       1039        1039      0.0169        2.9996
ALPHA 1.0349 MaxIteration 10357  TIMEOUT 0.063594
 63       1036       1036       1059      0.0636       1039        1039      0.0035        3.1308
ALPHA 1.0349 MaxIteration 10718  TIMEOUT 0.065816
 64       1036       1036       1059      0.0658       1039        1039      0.0021        3.2665
ALPHA 1.0349 MaxIteration 11091  TIMEOUT 0.068114
 65       1036       1036       1059      0.0681       1039        1039      0.0196        3.4059
ALPHA 1.0349 MaxIteration 11477  TIMEOUT 0.070496
 66       1036       1036       1059      0.0705       1039        1039      0.0203        3.5479
ALPHA 1.0349 MaxIteration 11877  TIMEOUT 0.072958
 67       1036       1036       1059      0.0730       1039        1039      0.0013        3.6959
ALPHA 1.0349 MaxIteration 12291  TIMEOUT 0.075509
 68       1036       1036       1059      0.0755       1039        1039      0.0208        3.8490
ALPHA 1.0349 MaxIteration 12719  TIMEOUT 0.078153
 69       1036       1036       1059      0.0782       1039        1039      0.0040        4.0104
ALPHA 1.0349 MaxIteration 13162  TIMEOUT 0.080885
 70       1036       1036       1059      0.0809       1039        1039      0.0005        4.1772
ALPHA 1.0349 MaxIteration 13620  TIMEOUT 0.083711
 71       1036       1036       1059      0.0837       1039        1039      0.0039        4.3458
ALPHA 1.0349 MaxIteration 14094  TIMEOUT 0.086635
 72       1036       1036       1059      0.0866       1039        1039      0.0010        4.5221
ALPHA 1.0349 MaxIteration 14585  TIMEOUT 0.089665
 73       1036       1036       1059      0.0897       1039        1039      0.0241        4.7045
ALPHA 1.0349 MaxIteration 15093  TIMEOUT 0.092795
 74       1036       1036       1059      0.0928       1039        1039      0.0073        4.8942
ALPHA 1.0349 MaxIteration 15619  TIMEOUT 0.096033
 75       1036       1036       1059      0.0960       1039        1039      0.0009        5.0903
ALPHA 1.0349 MaxIteration 16163  TIMEOUT 0.099384
 76       1036       1036       1059      0.0994       1039        1039      0.0021        5.2912
ALPHA 1.0349 MaxIteration 16726  TIMEOUT 0.102854
 77       1036       1036       1059      0.1029       1039        1039      0.0039        5.5049
ALPHA 1.0349 MaxIteration 17309  TIMEOUT 0.106442
 78       1036       1036       1059      0.1065       1039        1039      0.0037        5.7219
ALPHA 1.0349 MaxIteration 17912  TIMEOUT 0.110164
 79       1036       1036       1059      0.1102       1039        1039      0.0221        5.9502
ALPHA 1.0349 MaxIteration 18536  TIMEOUT 0.114007
 80       1036       1036       1059      0.1140       1039        1039      0.0031        6.1814
ALPHA 1.0349 MaxIteration 19182  TIMEOUT 0.117989
 81       1036       1036       1059      0.1180       1039        1039      0.0133        6.4225
ALPHA 1.0349 MaxIteration 19850  TIMEOUT 0.122108
 82       1036       1036       1059      0.1221       1039        1039      0.0067        6.6768
ALPHA 1.0349 MaxIteration 20541  TIMEOUT 0.126367
 83       1036       1036       1059      0.1264       1039        1039      0.0091        6.9356
ALPHA 1.0349 MaxIteration 21257  TIMEOUT 0.130780
 84       1036       1036       1059      0.1308       1039        1039      0.0283        7.2043
ALPHA 1.0349 MaxIteration 21997  TIMEOUT 0.135347
 85       1036       1036       1059      0.1354       1039        1039      0.0013        7.4801
ALPHA 1.0349 MaxIteration 22763  TIMEOUT 0.140069
 86       1036       1036       1059      0.1401       1039        1039      0.0023        7.7683
ALPHA 1.0349 MaxIteration 23556  TIMEOUT 0.144960
 87       1036       1036       1059      0.1450       1039        1039      0.0149        8.0654
ALPHA 1.0349 MaxIteration 24377  TIMEOUT 0.150019
 88       1036       1036       1059      0.1500       1039        1039      0.0110        8.3726
ALPHA 1.0349 MaxIteration 25226  TIMEOUT 0.155256
 89       1036       1036       1059      0.1553       1039        1039      0.0105        8.6872
ALPHA 1.0349 MaxIteration 26105  TIMEOUT 0.160675
 90       1036       1036       1059      0.1607       1039        1039      0.0077        9.0096
ALPHA 1.0349 MaxIteration 27014  TIMEOUT 0.166280
 91       1036       1036       1059      0.1663       1039        1039      0.0048        9.3472
ALPHA 1.0349 MaxIteration 27955  TIMEOUT 0.172084
 92       1036       1036       1059      0.1721       1039        1039      0.0045        9.6965
ALPHA 1.0349 MaxIteration 28929  TIMEOUT 0.178087
 93       1036       1036       1059      0.1781       1039        1039      0.0088       10.0608
ALPHA 1.0349 MaxIteration 29937  TIMEOUT 0.184300
 94       1036       1036       1059      0.1843       1039        1039      0.0098       10.4385
ALPHA 1.0349 MaxIteration 30980  TIMEOUT 0.190734
 95       1036       1036       1059      0.1907       1039        1039      0.0240       10.8291
ALPHA 1.0349 MaxIteration 32059  TIMEOUT 0.197389
 96       1036       1036       1059      0.1974       1039        1039      0.0060       11.2319
ALPHA 1.0349 MaxIteration 33176  TIMEOUT 0.204278
 97       1036       1036       1059      0.2043       1039        1039      0.0108       11.6496
ALPHA 1.0349 MaxIteration 34332  TIMEOUT 0.211404
 98       1036       1036       1059      0.2114       1039        1039      0.0030       12.0865
ALPHA 1.0349 MaxIteration 35528  TIMEOUT 0.218775
 99       1036       1036       1059      0.2188       1039        1039      0.0011       12.5322
ALPHA 1.0349 MaxIteration 36766  TIMEOUT 0.226413
100       1036       1036       1059      0.2264       1039        1039      0.0005       12.9990
ALPHA 1.0349 MaxIteration 38047  TIMEOUT 0.234313
101       1036       1036       1059      0.2343       1039        1039      0.0125       13.4797
ALPHA 1.0349 MaxIteration 39373  TIMEOUT 0.242487
102       1036       1036       1059      0.2425       1039        1039      0.0141       20.0000
>>> T1_100_100_2.wclq |V| 100 |E| 100  (#LB 0.0088 1027 ---> 1036  0.0029  1039 <--- 1060  0.0198 #UB)  #read_time 0.0791  #reduce_time 0.0000  #solve_time 20.0000  #total_time 20.0792
 