With  Parameters CUTOFF 20 SEED 2  ALPHA = 1.900  K=5 RHO=0.05 Q0=0.90 BETA=3.0 AQ_MODE=dbs
Reading  graph ...  time 0.000184  
Reducing graph ...  time 0.000031  
[v6] |V|=100 |E|=100 density=1.00 USE_ADVANCED=0 SAFE_AQ_MIN_GAP=0.050 DEEP_AQ_RANGE=[800, 5.00, 10.00] structure_blocks_aq=1 AQ_SLOPE_MARGIN=1.15 AQ_MAX_UB_DRIFT=0.20
#Rd        #LB        #LB*       #UB       #Time        #UB+        #UB*      #Time      #TotalTime
First Gap  0.032132
  1       1027       1027       1060      0.0180
 Switch to DBS-only search, timeout 0.018033....
 [Online-safe AQ structure guard] |V|=100 density=1.00 outside [800, 5.00, 10.00], disabling AQ
 [Online-safe AQ first-gap guard] FIRST_GAP 0.0321 < 0.0500, disabling AQ
       1043        1043      0.0010        0.0363
ALPHA 1.9000 MaxIteration 3  TIMEOUT 0.018033
  2       1027       1027       1076      0.0001       1089        1043      0.0000        0.0364
ALPHA 1.8304 MaxIteration 5  TIMEOUT 0.000103
  3       1015       1027       1097      0.0001       1087        1043      0.0001        0.0367
ALPHA 1.7658 MaxIteration 9  TIMEOUT 0.000203
  4       1017       1027       1085      0.0002       1060        1043      0.0002        0.0371
ALPHA 1.7056 MaxIteration 15  TIMEOUT 0.000371
  5       1027       1027       1065      0.0003       1043        1043      0.0003        0.0377
ALPHA 1.6493 MaxIteration 25  TIMEOUT 0.000532
  6       1027       1027       1077      0.0003       1063        1043      0.0001        0.0384
ALPHA 1.5966 MaxIteration 41  TIMEOUT 0.000553
  7       1026       1027       1077      0.0005       1043        1043      0.0002        0.0394
ALPHA 1.5472 MaxIteration 65  TIMEOUT 0.000817
  8       1026       1027       1065      0.0008       1043        1043      0.0005        0.0410
ALPHA 1.5008 MaxIteration 100  TIMEOUT 0.001221
  9       1026       1027       1069      0.0012       1043        1043      0.0006        0.0434
ALPHA 1.4571 MaxIteration 150  TIMEOUT 0.001765
 10       1026       1027       1069      0.0018       1043        1043      0.0013        0.0469
ALPHA 1.4158 MaxIteration 218  TIMEOUT 0.002564
 11       1026       1027       1068      0.0024       1043        1043      0.0020        0.0518
ALPHA 1.3768 MaxIteration 308  TIMEOUT 0.003436
 12       1026       1027       1064      0.0034       1039        1039      0.0004        0.0585
ALPHA 1.3399 MaxIteration 424  TIMEOUT 0.004648
 13       1026       1027       1064      0.0046       1039        1039      0.0030        0.0677
ALPHA 1.3049 MaxIteration 568  TIMEOUT 0.006165
 14       1026       1027       1064      0.0060       1043        1039      0.0007        0.0799
ALPHA 1.2718 MaxIteration 741  TIMEOUT 0.007877
 15       1028       1028       1064      0.0079       1039        1039      0.0013        0.0966
ALPHA 1.2402 MaxIteration 942  TIMEOUT 0.010023
 16       1026       1028       1062      0.0100       1039        1039      0.0027        0.1176
ALPHA 1.2102 MaxIteration 1168  TIMEOUT 0.012432
 17       1026       1028       1062      0.0120       1043        1039      0.0013        0.1416
ALPHA 1.1816 MaxIteration 1413  TIMEOUT 0.014481
 18       1028       1028       1062      0.0145       1039        1039      0.0115        0.1706
ALPHA 1.1543 MaxIteration 1669  TIMEOUT 0.017120
 19       1035       1035       1059      0.0171       1039        1039      0.0010        0.2049
ALPHA 1.1283 MaxIteration 1926  TIMEOUT 0.019775
 20       1035       1035       1059      0.0182       1039        1039      0.0065        0.2423
ALPHA 1.1034 MaxIteration 2173  TIMEOUT 0.020523
 21       1035       1035       1059      0.0205       1039        1039      0.0062        0.2844
ALPHA 1.0795 MaxIteration 2397  TIMEOUT 0.022641
 22       1035       1035       1059      0.0227       1043        1039      0.0007        0.3308
ALPHA 1.0567 MaxIteration 2587  TIMEOUT 0.024454
 23       1035       1035       1059      0.0245       1039        1039      0.0191        0.3797
ALPHA 1.0349 MaxIteration 2733  TIMEOUT 0.025849
 24       1035       1035       1059      0.0254       1039        1039      0.0004        0.4326
ALPHA 1.0349 MaxIteration 2828  TIMEOUT 0.026302
 25       1035       1035       1059      0.0263       1039        1039      0.0019        0.4853
ALPHA 1.0349 MaxIteration 2926  TIMEOUT 0.027221
 26       1035       1035       1059      0.0272       1039        1039      0.0018        0.5398
ALPHA 1.0349 MaxIteration 3027  TIMEOUT 0.028178
 27       1035       1035       1059      0.0282       1039        1039      0.0022        0.5982
ALPHA 1.0349 MaxIteration 3132  TIMEOUT 0.029164
 28       1035       1035       1059      0.0292       1039        1039      0.0017        0.6576
ALPHA 1.0349 MaxIteration 3241  TIMEOUT 0.030192
 29       1035       1035       1059      0.0302       1039        1039      0.0028        0.7200
ALPHA 1.0349 MaxIteration 3353  TIMEOUT 0.031255
 30       1035       1035       1059      0.0313       1039        1039      0.0197        0.7826
ALPHA 1.0349 MaxIteration 3469  TIMEOUT 0.032356
 31       1035       1035       1059      0.0321       1039        1039      0.0089        0.8500
ALPHA 1.0349 MaxIteration 3589  TIMEOUT 0.033267
 32       1035       1035       1059      0.0333       1039        1039      0.0029        0.9166
ALPHA 1.0349 MaxIteration 3714  TIMEOUT 0.034433
 33       1035       1035       1059      0.0344       1039        1039      0.0212        0.9865
ALPHA 1.0349 MaxIteration 3843  TIMEOUT 0.035646
 34       1035       1035       1059      0.0356       1039        1039      0.0111        1.0619
ALPHA 1.0349 MaxIteration 3976  TIMEOUT 0.036892
 35       1035       1035       1059      0.0369       1039        1039      0.0053        1.1388
ALPHA 1.0349 MaxIteration 4114  TIMEOUT 0.038184
 36       1035       1035       1059      0.0382       1039        1039      0.0014        1.2172
ALPHA 1.0349 MaxIteration 4257  TIMEOUT 0.039520
 37       1035       1035       1059      0.0395       1039        1039      0.0034        1.2973
ALPHA 1.0349 MaxIteration 4405  TIMEOUT 0.040909
 38       1035       1035       1059      0.0409       1039        1039      0.0092        1.3823
ALPHA 1.0349 MaxIteration 4558  TIMEOUT 0.042346
 39       1035       1035       1059      0.0424       1039        1039      0.0046        1.4690
ALPHA 1.0349 MaxIteration 4716  TIMEOUT 0.043832
 40       1035       1035       1059      0.0438       1039        1039      0.0147        1.5608
ALPHA 1.0349 MaxIteration 4880  TIMEOUT 0.045366
 41       1035       1035       1059      0.0454       1039        1039      0.0022        1.6556
ALPHA 1.0349 MaxIteration 5050  TIMEOUT 0.046957
 42       1035       1035       1059      0.0470       1039        1039      0.0012        1.7507
ALPHA 1.0349 MaxIteration 5226  TIMEOUT 0.048596
 43       1035       1035       1059      0.0486       1039        1039      0.0074        1.8499
ALPHA 1.0349 MaxIteration 5408  TIMEOUT 0.050295
 44       1035       1035       1059      0.0503       1039        1039      0.0006        1.9516
ALPHA 1.0349 MaxIteration 5596  TIMEOUT 0.052051
 45       1035       1035       1059      0.0521       1039        1039      0.0022        2.0578
ALPHA 1.0349 MaxIteration 5791  TIMEOUT 0.053872
 46       1035       1035       1059      0.0539       1039        1039      0.0073        2.1676
ALPHA 1.0349 MaxIteration 5992  TIMEOUT 0.055755
 47       1035       1035       1059      0.0558       1039        1039      0.0055        2.2822
ALPHA 1.0349 MaxIteration 6200  TIMEOUT 0.057711
 48       1035       1035       1059      0.0577       1039        1039      0.0185        2.3997
ALPHA 1.0349 MaxIteration 6416  TIMEOUT 0.059727
 49       1035       1035       1059      0.0597       1039        1039      0.0410        2.5232
ALPHA 1.0349 MaxIteration 6639  TIMEOUT 0.061811
 50       1035       1035       1059      0.0618       1039        1039      0.0217        2.6499
ALPHA 1.0349 MaxIteration 6870  TIMEOUT 0.063975
 51       1035       1035       1059      0.0640       1039        1039      0.0014        2.7790
ALPHA 1.0349 MaxIteration 7109  TIMEOUT 0.066210
 52       1035       1035       1059      0.0662       1039        1039      0.0217        2.9135
ALPHA 1.0349 MaxIteration 7356  TIMEOUT 0.068525
 53       1035       1035       1059      0.0685       1039        1039      0.0006        3.0557
ALPHA 1.0349 MaxIteration 7612  TIMEOUT 0.070918
 54       1035       1035       1059      0.0709       1039        1039      0.0007        3.2026
ALPHA 1.0349 MaxIteration 7877  TIMEOUT 0.073401
 55       1035       1035       1059      0.0734       1039        1039      0.0072        3.3524
ALPHA 1.0349 MaxIteration 8151  TIMEOUT 0.075965
 56       1035       1035       1059      0.0760       1039        1039      0.0175        3.5086
ALPHA 1.0349 MaxIteration 8435  TIMEOUT 0.078617
 57       1035       1035       1059      0.0786       1039        1039      0.0353        3.6709
ALPHA 1.0349 MaxIteration 8729  TIMEOUT 0.081365
 58       1035       1035       1059      0.0800       1039        1039      0.0073        3.8391
ALPHA 1.0349 MaxIteration 9033  TIMEOUT 0.082798
 59       1035       1035       1059      0.0828       1039        1039      0.0249        4.0088
ALPHA 1.0349 MaxIteration 9347  TIMEOUT 0.085692
 60       1035       1035       1059      0.0857       1039        1039      0.0036        4.1874
ALPHA 1.0349 MaxIteration 9672  TIMEOUT 0.088685
 61       1035       1035       1059      0.0887       1039        1039      0.0212        4.3708
ALPHA 1.0349 MaxIteration 10009  TIMEOUT 0.091784
 62       1035       1035       1059      0.0918       1039        1039      0.0016        4.5594
ALPHA 1.0349 MaxIteration 10357  TIMEOUT 0.094988
 63       1035       1035       1059      0.0950       1039        1039      0.0002        4.7514
ALPHA 1.0349 MaxIteration 10718  TIMEOUT 0.098305
 64       1035       1035       1059      0.0983       1039        1039      0.0005        4.9524
ALPHA 1.0349 MaxIteration 11091  TIMEOUT 0.101741
 65       1035       1035       1059      0.1017       1039        1039      0.0212        5.1583
ALPHA 1.0349 MaxIteration 11477  TIMEOUT 0.105295
 66       1035       1035       1059      0.1053       1039        1039      0.0206        5.3781
ALPHA 1.0349 MaxIteration 11877  TIMEOUT 0.108967
 67       1035       1035       1059      0.1090       1039        1039      0.0010        5.5961
ALPHA 1.0349 MaxIteration 12291  TIMEOUT 0.112773
 68       1035       1035       1059      0.1128       1039        1039      0.0172        5.8298
ALPHA 1.0349 MaxIteration 12719  TIMEOUT 0.116707
 69       1035       1035       1059      0.1167       1039        1039      0.0004        6.0703
ALPHA 1.0349 MaxIteration 13162  TIMEOUT 0.120781
 70       1035       1035       1059      0.1208       1039        1039      0.0032        6.3176
ALPHA 1.0349 MaxIteration 13620  TIMEOUT 0.125004
 71       1035       1035       1059      0.1250       1039        1039      0.0216        6.5741
ALPHA 1.0349 MaxIteration 14094  TIMEOUT 0.129371
 72       1035       1035       1059      0.1294       1039        1039      0.0006        6.8410
ALPHA 1.0349 MaxIteration 14585  TIMEOUT 0.133890
 73       1035       1035       1059      0.1339       1039        1039      0.0084        7.1129
ALPHA 1.0349 MaxIteration 15093  TIMEOUT 0.138569
 74       1035       1035       1059      0.1386       1039        1039      0.0079        7.3951
ALPHA 1.0349 MaxIteration 15619  TIMEOUT 0.143409
 75       1035       1035       1059      0.1434       1039        1039      0.0273        7.6841
ALPHA 1.0349 MaxIteration 16163  TIMEOUT 0.148417
 76       1035       1035       1059      0.1484       1039        1039      0.0022        7.9870
ALPHA 1.0349 MaxIteration 16726  TIMEOUT 0.153595
 77       1035       1035       1059      0.1536       1039        1039      0.0041        8.3063
ALPHA 1.0349 MaxIteration 17309  TIMEOUT 0.158953
 78       1035       1035       1059      0.1590       1039        1039      0.0246        8.6303
ALPHA 1.0349 MaxIteration 17912  TIMEOUT 0.164502
 79       1035       1035       1059      0.1645       1039        1039      0.0005        8.9704
ALPHA 1.0349 MaxIteration 18536  TIMEOUT 0.170261
 80       1035       1035       1059      0.1703       1039        1039      0.0110        9.3171
ALPHA 1.0349 MaxIteration 19182  TIMEOUT 0.176200
 81       1035       1035       1059      0.1762       1039        1039      0.0207        9.6757
ALPHA 1.0349 MaxIteration 19850  TIMEOUT 0.182351
 82       1035       1035       1059      0.1824       1039        1039      0.0006       10.0476
ALPHA 1.0349 MaxIteration 20541  TIMEOUT 0.188722
 83       1035       1035       1059      0.1887       1039        1039      0.0071       10.4352
ALPHA 1.0349 MaxIteration 21257  TIMEOUT 0.195309
 84       1035       1035       1059      0.1953       1039        1039      0.0083       10.8409
ALPHA 1.0349 MaxIteration 21997  TIMEOUT 0.202124
 85       1035       1035       1059      0.2021       1039        1039      0.0098       11.2603
ALPHA 1.0349 MaxIteration 22763  TIMEOUT 0.209177
 86       1035       1035       1059      0.2092       1039        1039      0.0019       11.6888
ALPHA 1.0349 MaxIteration 23556  TIMEOUT 0.216476
 87       1035       1035       1059      0.2165       1039        1039      0.0377       12.1298
ALPHA 1.0349 MaxIteration 24377  TIMEOUT 0.224031
 88       1035       1035       1059      0.2240       1039        1039      0.0014       12.5949
ALPHA 1.0349 MaxIteration 25226  TIMEOUT 0.231851
 89       1035       1035       1059      0.2319       1039        1039      0.0117       13.0657
ALPHA 1.0349 MaxIteration 26105  TIMEOUT 0.239938
 90       1035       1035       1059      0.2399       1039        1039      0.0157       13.5527
ALPHA 1.0349 MaxIteration 27014  TIMEOUT 0.248311
 91       1035       1035       1059      0.2483       1039        1039      0.0076       20.0000
>>> T1_100_100_2.wclq |V| 100 |E| 100  (#LB 0.0078 1027 ---> 1035  0.0038  1039 <--- 1060  0.0198 #UB)  #read_time 0.0002  #reduce_time 0.0000  #solve_time 20.0000  #total_time 20.0002
 