With  Parameters CUTOFF 20 SEED 2  ALPHA = 1.900  K=5 RHO=0.05 Q0=0.90 BETA=3.0 AQ_MODE=guarded
Reading  graph ...  time 0.137718  
Reducing graph ...  time 0.013383  
[v6] |V|=82168 |E|=504230 density=6.14 USE_ADVANCED=1 SAFE_AQ_MIN_GAP=0.050 DEEP_AQ_RANGE=[800, 5.00, 10.00] structure_blocks_aq=0 AQ_SLOPE_MARGIN=1.15 AQ_MAX_UB_DRIFT=0.20
#Rd        #LB        #LB*       #UB       #Time        #UB+        #UB*      #Time      #TotalTime
First Gap  0.000488
  1    1142491    1142491    1143048      2.9638
 Switch to DBS-only search, timeout 2.963795....
 [Online-safe AQ first-gap guard] FIRST_GAP 0.0005 < 0.0500, disabling AQ
    1143054     1143054      2.4005        5.9474
ALPHA 1.9000 MaxIteration 3  TIMEOUT 2.963795
  2    1142491    1142491    1143149      0.0159    1144326     1143054      0.0050        5.9833
ALPHA 1.8304 MaxIteration 5  TIMEOUT 0.030151
  3    1142491    1142491    1143149      0.0213    1144326     1143054      0.0048        6.0292
ALPHA 1.7658 MaxIteration 9  TIMEOUT 0.038943
  4    1142491    1142491    1143149      0.0357    1144326     1143054      0.0050        6.1041
ALPHA 1.7056 MaxIteration 15  TIMEOUT 0.063036
  5    1142491    1142491    1143152      0.0547    1144326     1143054      0.0050        6.2168
ALPHA 1.6493 MaxIteration 25  TIMEOUT 0.093359
  6    1142491    1142491    1143152      0.0882    1144326     1143054      0.0049        6.3960
ALPHA 1.5966 MaxIteration 41  TIMEOUT 0.145404
  7    1142491    1142491    1143172      0.1395    1144001     1143054      0.1387        6.6781
ALPHA 1.5472 MaxIteration 65  TIMEOUT 0.222667
  8    1142491    1142491    1143172      0.1915    1143720     1143054      0.1467        7.0644
ALPHA 1.5008 MaxIteration 100  TIMEOUT 0.296276
  9    1142491    1142491    1143172      0.2971    1143503     1143054      0.2874        7.6628
ALPHA 1.4571 MaxIteration 150  TIMEOUT 0.445865
 10    1142491    1142491    1143172      0.4488    1143264     1143054      0.4387        8.5637
ALPHA 1.4158 MaxIteration 218  TIMEOUT 0.653934
 11    1142491    1142491    1143172      0.5998    1143195     1143054      0.5785        9.7664
ALPHA 1.3768 MaxIteration 308  TIMEOUT 0.849252
 12    1142491    1142491    1143172      0.8508    1143188     1143054      0.8161       11.4715
ALPHA 1.3399 MaxIteration 424  TIMEOUT 1.171325
 13    1142491    1142491    1143172      1.1111    1143096     1143054      0.9911       13.6982
ALPHA 1.3049 MaxIteration 568  TIMEOUT 1.488831
 14    1142491    1142491    1143172      1.4910    1143058     1143054      2.0904       19.9979
>>> Slashdot0902.clq |V| 82168 |E| 504230  (#LB 0.0000 1142491 ---> 1142491  0.0005  1143054 <--- 1143048  -0.0000 #UB)  #read_time 0.1377  #reduce_time 0.0134  #solve_time 19.9979  #total_time 20.1490
 