>>IBM: |V|=150 |E|=2000
>>IBM: The maximum node weight is 1235
/public/home/acs4vb4pqv/benchmarks/MWDS2026/T2_wclq/T2_150_2000_1.wclq #seed 101 #alpha 1.900 #timeout 0.100 K=5 RHO=0.05 Q0=0.90 BETA=3.5 AQ_MODE=guarded SAFE_AQ_MIN_GAP=0.050 SAFE_AQ_MIN_NODES=800 AQ_SLOPE_MARGIN=1.05 AQ_MAX_UB_DRIFT=0.25
[v19] |V|=150 |E|=2000 density=13.33 USE_ADVANCED=0
#Rd        #LB        #LB*       #UB       #Time        #UB+        #UB*      #Time      #TotalTime
First Gap  0.188867
ALPHA 1.9000 MaxIteration 500  TIMEOUT 0.040270
  1        503        503        598      0.0403
 [AQ small-headroom probe] gap=0.1889 density=13.33 |V|=150 => Light RL (K=3, 5.0%)
ALPHA 1.9000 MaxIteration 3  TIMEOUT 0.000941
  2        488        503        646      0.0009ALPHA 1.8304 MaxIteration 5  TIMEOUT 0.002722
  3        495        503        646      0.0027 [AQ guard] no early LB gain, disabling AQ
        598         598      0.0000      0.0490
ALPHA 1.7658 MaxIteration 9  TIMEOUT 0.000732
  4        488        503        615      0.0007        598         598      0.0000      0.0590
ALPHA 1.7056 MaxIteration 15  TIMEOUT 0.001617
  5        441        503        632      0.0016        598         598      0.0000      0.0690
ALPHA 1.6493 MaxIteration 25  TIMEOUT 0.002013
  6        462        503        601      0.0020        598         598      0.0000      0.0790
ALPHA 1.5966 MaxIteration 41  TIMEOUT 0.003129
  7        456        503        598      0.0031        598         598      0.0000      0.0890
ALPHA 1.5472 MaxIteration 65  TIMEOUT 0.009133
  8        500        503        598      0.0091        598         598      0.0000      0.0990
ALPHA 1.5008 MaxIteration 100  TIMEOUT 0.008381
  9        473        503        601      0.0084        601         598      0.0000      0.1090
ALPHA 1.4571 MaxIteration 150  TIMEOUT 0.009872
 10        488        503        598      0.0099        598         598      0.0000      0.1190
ALPHA 1.4158 MaxIteration 218  TIMEOUT 0.027027
 11        503        503        598      0.0270        598         598      0.0000      0.1690
ALPHA 1.3768 MaxIteration 308  TIMEOUT 0.044977
 12        508        508        598      0.0450        598         598      0.0000      0.2490
ALPHA 1.3399 MaxIteration 424  TIMEOUT 0.077365
 13        508        508        598      0.0774        598         598      0.0000      0.3990
ALPHA 1.3049 MaxIteration 568  TIMEOUT 0.085699
 14        508        508        598      0.0857        598         598      0.0000      0.5690
ALPHA 1.2718 MaxIteration 741  TIMEOUT 0.099749
 15        508        508        598      0.0997        598         598      0.0000      0.7590
ALPHA 1.2402 MaxIteration 942  TIMEOUT 0.126114
 16        500        508        598      0.1261        598         598      0.0000      0.9990
ALPHA 1.2102 MaxIteration 1168  TIMEOUT 0.143464
 17        508        508        598      0.1435        598         598      0.0000      1.2890
ALPHA 1.1816 MaxIteration 1413  TIMEOUT 0.164250
 18        494        508        598      0.1643        598         598      0.0000      1.6190
ALPHA 1.1543 MaxIteration 1669  TIMEOUT 0.219014
 19        499        508        598      0.2190        598         598      0.0000      2.0390
ALPHA 1.1283 MaxIteration 1926  TIMEOUT 0.236020
 20        494        508        598      0.2360        598         598      0.0000      2.5090
ALPHA 1.1034 MaxIteration 2173  TIMEOUT 0.291226
 21        492        508        598      0.2912        598         598      0.0000      3.0890
ALPHA 1.0795 MaxIteration 2397  TIMEOUT 0.236148
 22        503        508        598      0.2361        598         598      0.0000      3.5490
ALPHA 1.0567 MaxIteration 2587  TIMEOUT 0.362477
 23        503        508        598      0.3625        598         598      0.0000      4.2690
ALPHA 1.0349 MaxIteration 2733  TIMEOUT 0.209984
 24        494        508        598      0.2100        598         598      0.0000      4.6890
ALPHA 1.0349 MaxIteration 2828  TIMEOUT 0.193799
 25        484        508        598      0.1938        598         598      0.0000      5.0790
ALPHA 1.0349 MaxIteration 2926  TIMEOUT 0.421960
 26        503        508        598      0.4220        598         598      0.0000      5.9190
ALPHA 1.0349 MaxIteration 3027  TIMEOUT 0.303178
 27        488        508        598      0.3032        598         598      0.0000      6.5190
ALPHA 1.0349 MaxIteration 3132  TIMEOUT 0.461081
 28        503        508        598      0.4611        598         598      0.0000      7.4390
ALPHA 1.0349 MaxIteration 3241  TIMEOUT 0.218517
 29        484        508        598      0.2185        598         598      0.0000      7.8690
ALPHA 1.0349 MaxIteration 3353  TIMEOUT 0.273361
 30        484        508        598      0.2734        598         598      0.0000      8.4190
ALPHA 1.0349 MaxIteration 3469  TIMEOUT 0.388605
 31        493        508        598      0.3886        598         598      0.0000      9.1790
ALPHA 1.0349 MaxIteration 3589  TIMEOUT 0.414967
 32        497        508        598      0.4150        598         598      0.0000     10.0090
ALPHA 1.0349 MaxIteration 3714  TIMEOUT 0.268215
 33        493        508        598      0.2682        598         598      0.0000     10.5390
ALPHA 1.0349 MaxIteration 3843  TIMEOUT 0.283837
 34        493        508        598      0.2838        598         598      0.0000     11.1090
ALPHA 1.0349 MaxIteration 3976  TIMEOUT 0.344944
 35        486        508        598      0.3449        598         598      0.0000     11.7990
ALPHA 1.0349 MaxIteration 4114  TIMEOUT 0.657977
 36        503        508        598      0.6580        598         598      0.0000     13.0990
ALPHA 1.0349 MaxIteration 4257  TIMEOUT 0.267511
 37        484        508        598      0.2675        598         598      0.0000     13.6190
ALPHA 1.0349 MaxIteration 4405  TIMEOUT 0.955694
 38        508        508        598      0.9557        598         598      0.0000     15.5090
ALPHA 1.0349 MaxIteration 4558  TIMEOUT 0.318132
 39        484        508        598      0.3181        598         598      0.0000     16.1290
ALPHA 1.0349 MaxIteration 4716  TIMEOUT 0.649009
 40        496        508        598      0.6490        598         598      0.0000     17.4090
ALPHA 1.0349 MaxIteration 4880  TIMEOUT 0.842099
 41        503        508        598      0.8421        598         598      0.0000     19.0890
ALPHA 1.0349 MaxIteration 5050  TIMEOUT 0.442711
 42        493        508        598      0.4427        598         598      0.0000     19.9690
ALPHA 1.0349 MaxIteration 5226  TIMEOUT 0.031028
 43        456        508        598      0.0310>>> T2_150_2000_1.wclq |V| 150 |E| 2000  (#LB 0.0099 503 ---> 508  0.1772  598 <--- 598  0.0000 #UB)  #solve_ime 20.0000 read_time 0.0010 
