With  Parameters CUTOFF 20 SEED 2  ALPHA = 1.900  K=5 RHO=0.05 Q0=0.90 BETA=3.0 AQ_MODE=dbs
Reading  graph ...  time 0.046910  
Reducing graph ...  time 0.000873  
[v6] |V|=500 |E|=125248 density=250.50 USE_ADVANCED=0 SAFE_AQ_MIN_GAP=0.050 DEEP_AQ_RANGE=[800, 5.00, 10.00] structure_blocks_aq=1 AQ_SLOPE_MARGIN=1.15 AQ_MAX_UB_DRIFT=0.20
#Rd        #LB        #LB*       #UB       #Time        #UB+        #UB*      #Time      #TotalTime
First Gap  0.454545
  1         11         11         16      0.5288
 Switch to DBS-only search, timeout 0.528825....
 [Online-safe AQ structure guard] |V|=500 density=250.50 outside [800, 5.00, 10.00], disabling AQ
         16          16      0.0081        1.0789
ALPHA 1.9000 MaxIteration 3  TIMEOUT 0.528825
  2         11         11         16      0.0054         18          16      0.0044        1.0901
ALPHA 1.8304 MaxIteration 5  TIMEOUT 0.010345
  3         11         11         16      0.0061         16          16      0.0059        1.1024
ALPHA 1.7658 MaxIteration 9  TIMEOUT 0.011120
  4         11         11         18      0.0120         16          16      0.0059        1.1265
ALPHA 1.7056 MaxIteration 15  TIMEOUT 0.021103
  5         11         11         18      0.0151         16          16      0.0111        1.1568
ALPHA 1.6493 MaxIteration 25  TIMEOUT 0.025705
  6         11         11         16      0.0244         16          16      0.0056        1.2058
ALPHA 1.5966 MaxIteration 41  TIMEOUT 0.040222
  7         11         11         18      0.0394         16          16      0.0073        1.2848
ALPHA 1.5472 MaxIteration 65  TIMEOUT 0.062951
  8         11         11         18      0.0617         16          16      0.0073        1.4081
ALPHA 1.5008 MaxIteration 100  TIMEOUT 0.095399
  9         11         11         16      0.0942         16          16      0.0097        1.5967
ALPHA 1.4571 MaxIteration 150  TIMEOUT 0.141376
 10         11         11         16      0.1408         16          16      0.0077        1.8784
ALPHA 1.4158 MaxIteration 218  TIMEOUT 0.205187
 11         11         11         16      0.2044         16          16      0.0089        2.2884
ALPHA 1.3768 MaxIteration 308  TIMEOUT 0.289436
 12         11         11         16      0.2866         16          16      0.0058        2.8628
ALPHA 1.3399 MaxIteration 424  TIMEOUT 0.394649
 13         11         11         16      0.3929         16          16      0.0060        3.6488
ALPHA 1.3049 MaxIteration 568  TIMEOUT 0.526494
 14         11         11         16      0.5192         16          16      0.0055        4.6886
ALPHA 1.2718 MaxIteration 741  TIMEOUT 0.677484
 15         11         11         16      0.6733         16          16      0.0056        6.0355
ALPHA 1.2402 MaxIteration 942  TIMEOUT 0.856232
 16         11         11         16      0.8563         16          16      0.0055        7.7493
ALPHA 1.2102 MaxIteration 1168  TIMEOUT 1.062010
 17         11         11         16      1.0623         16          16      0.0131        9.8752
ALPHA 1.1816 MaxIteration 1413  TIMEOUT 1.285598
 18         11         11         16      1.2860         16          16      0.0071       12.4495
ALPHA 1.1543 MaxIteration 1669  TIMEOUT 1.519501
 19         11         11         16      1.5200         16          16      0.0062       19.9987
>>> DSJC500_5.clq |V| 500 |E| 125248  (#LB 0.0000 11 ---> 11  0.3125  16 <--- 16  0.0000 #UB)  #read_time 0.0469  #reduce_time 0.0009  #solve_time 19.9987  #total_time 20.0465
 