>>IBM: |V|=1000 |E|=20000
>>IBM: The maximum node weight is 3050
/public/home/acs4vb4pqv/benchmarks/MWDS2026/T2_wclq/T2_1000_20000_9.wclq #seed 103 #alpha 1.900 #timeout 0.100 K=5 RHO=0.05 Q0=0.90 BETA=3.5 AQ_MODE=guarded SAFE_AQ_MIN_GAP=0.050 SAFE_AQ_MIN_NODES=800 AQ_SLOPE_MARGIN=1.05 AQ_MAX_UB_DRIFT=0.25
[v19] |V|=1000 |E|=20000 density=20.00 USE_ADVANCED=1
#Rd        #LB        #LB*       #UB       #Time        #UB+        #UB*      #Time      #TotalTime
First Gap  0.437956
ALPHA 1.9000 MaxIteration 500  TIMEOUT 0.913154
  1       5343       5343       7683      0.9132
 [Tier-3 Hard] gap=0.4380 density=20.00 |V|=1000 => Heavy RL (K=8, 25%)
ALPHA 1.9000 MaxIteration 3  TIMEOUT 0.036515
  2       5295       5343       9022      0.0365ALPHA 1.8304 MaxIteration 5  TIMEOUT 0.062427
  3       5391       5391       9117      0.0624ALPHA 1.7658 MaxIteration 9  TIMEOUT 0.084769
  4       5498       5498       8965      0.0848ALPHA 1.7056 MaxIteration 15  TIMEOUT 0.125340
  5       5774       5774       9324      0.1253ALPHA 1.6493 MaxIteration 25  TIMEOUT 0.317570
  6       6087       6087       8924      0.3176ALPHA 1.5966 MaxIteration 41  TIMEOUT 0.612423
  7       6032       6087       8262      0.6124ALPHA 1.5472 MaxIteration 65  TIMEOUT 1.055902
  8       6096       6096       8372      1.0559ALPHA 1.5008 MaxIteration 100  TIMEOUT 1.065243
  9       6080       6096       8001      1.0652ALPHA 1.4571 MaxIteration 150  TIMEOUT 1.385405
 10       6124       6124       8324      1.3854ALPHA 1.4158 MaxIteration 218  TIMEOUT 2.429753
 11       6090       6124       8054      2.4298 [AQ slope accept] dbs_slope=0.0000 aq_slope=108.8404 aq_gain=781 ub_drift=0.1585
       7177        7177      1.1900     10.4964
ALPHA 1.3768 MaxIteration 308  TIMEOUT 0.600709
 12       6055       6124       8223      0.6007       7177        7177      0.3600     11.6964
ALPHA 1.3399 MaxIteration 424  TIMEOUT 0.584497
 13       5910       6124       8005      0.5845       7177        7177      0.0100     12.8664
ALPHA 1.3049 MaxIteration 568  TIMEOUT 0.707475
 14       6062       6124       8178      0.7075
 [LB Done] stag=3 elapsed=67.9% => 6.4s to UB
       7177        7177      0.2500     19.9464
>>> T2_1000_20000_9.wclq |V| 1000 |E| 20000  (#LB 0.1462 5343 ---> 6124  0.1719  7177 <--- 7683  0.0659 #UB)  #solve_ime 19.9464 read_time 0.0036 
