>>IBM: |V|=200 |E|=2000
>>IBM: The maximum node weight is 49
/public/home/acs4vb4pqv/benchmarks/MWDS2026/T1_wclq/T1_200_2000_8.wclq #seed 3 #alpha 1.900 #timeout 0.100 K=5 RHO=0.05 Q0=0.90 BETA=3.5 AQ_MODE=guarded SAFE_AQ_MIN_GAP=0.050 SAFE_AQ_MIN_NODES=800 AQ_SLOPE_MARGIN=1.05 AQ_MAX_UB_DRIFT=0.25
[v19] |V|=200 |E|=2000 density=10.00 USE_ADVANCED=0
#Rd        #LB        #LB*       #UB       #Time        #UB+        #UB*      #Time      #TotalTime
First Gap  1.328283
ALPHA 1.9000 MaxIteration 500  TIMEOUT 0.045286
  1        198        198        461      0.0453
 [AQ small-headroom probe] gap=1.3283 density=10.00 |V|=200 => Light RL (K=3, 5.0%)
ALPHA 1.9000 MaxIteration 3  TIMEOUT 0.001417
  2        207        207        535      0.0014ALPHA 1.8304 MaxIteration 5  TIMEOUT 0.003462
  3        210        210        561      0.0035ALPHA 1.7658 MaxIteration 9  TIMEOUT 0.004551
  4        207        210        532      0.0046ALPHA 1.7056 MaxIteration 15  TIMEOUT 0.006548
  5        207        210        519      0.0065 [AQ guard] no early LB gain, disabling AQ
        422         422      0.0000      0.0679
ALPHA 1.6493 MaxIteration 25  TIMEOUT 0.004856
  6        186        210        513      0.0049        416         416      0.0000      0.0779
ALPHA 1.5966 MaxIteration 41  TIMEOUT 0.007592
  7        193        210        476      0.0076        430         416      0.0000      0.0879
ALPHA 1.5472 MaxIteration 65  TIMEOUT 0.011601
  8        187        210        474      0.0116        419         416      0.0100      0.1179
ALPHA 1.5008 MaxIteration 100  TIMEOUT 0.016354
  9        190        210        485      0.0164        426         416      0.0000      0.1479
ALPHA 1.4571 MaxIteration 150  TIMEOUT 0.015046
 10        185        210        466      0.0150        416         416      0.0100      0.1779
ALPHA 1.4158 MaxIteration 218  TIMEOUT 0.021982
 11        184        210        466      0.0220        416         416      0.0100      0.2279
ALPHA 1.3768 MaxIteration 308  TIMEOUT 0.066376
 12        201        210        451      0.0664        416         416      0.0100      0.3579
ALPHA 1.3399 MaxIteration 424  TIMEOUT 0.060518
 13        202        210        473      0.0605        416         416      0.0000      0.4879
ALPHA 1.3049 MaxIteration 568  TIMEOUT 0.062313
 14        194        210        471      0.0623        416         416      0.0100      0.6079
ALPHA 1.2718 MaxIteration 741  TIMEOUT 0.092020
 15        187        210        432      0.0920        416         416      0.0000      0.7979
ALPHA 1.2402 MaxIteration 942  TIMEOUT 0.093031
 16        191        210        459      0.0930        416         416      0.0000      0.9879
ALPHA 1.2102 MaxIteration 1168  TIMEOUT 0.108424
 17        183        210        465      0.1084        416         416      0.0000      1.1879
ALPHA 1.1816 MaxIteration 1413  TIMEOUT 0.137811
 18        197        210        455      0.1378        416         416      0.0100      1.4579
ALPHA 1.1543 MaxIteration 1669  TIMEOUT 0.163876
 19        196        210        457      0.1639        416         416      0.0000      1.7879
ALPHA 1.1283 MaxIteration 1926  TIMEOUT 0.181357
 20        189        210        457      0.1814        416         416      0.0000      2.1479
ALPHA 1.1034 MaxIteration 2173  TIMEOUT 0.228463
 21        182        210        453      0.2285        416         416      0.0100      2.5979
ALPHA 1.0795 MaxIteration 2397  TIMEOUT 0.340617
 22        199        210        457      0.3406        416         416      0.0000      3.2779
ALPHA 1.0567 MaxIteration 2587  TIMEOUT 0.242529
 23        178        210        457      0.2425        416         416      0.0000      3.7679
ALPHA 1.0349 MaxIteration 2733  TIMEOUT 0.602152
 24        197        210        447      0.6022        416         416      0.0100      4.9679
ALPHA 1.0349 MaxIteration 2828  TIMEOUT 0.281978
 25        197        210        452      0.2820        416         416      0.0400      5.5279
ALPHA 1.0349 MaxIteration 2926  TIMEOUT 0.428897
 26        200        210        447      0.4289        416         416      0.0200      6.3779
ALPHA 1.0349 MaxIteration 3027  TIMEOUT 0.334706
 27        194        210        457      0.3347        416         416      0.0000      7.0379
ALPHA 1.0349 MaxIteration 3132  TIMEOUT 0.459410
 28        199        210        453      0.4594        416         416      0.0100      7.9379
ALPHA 1.0349 MaxIteration 3241  TIMEOUT 0.364649
 29        199        210        457      0.3646        416         416      0.0000      8.6679
ALPHA 1.0349 MaxIteration 3353  TIMEOUT 0.829404
 30        207        210        455      0.8294        416         416      0.0200     10.2979
ALPHA 1.0349 MaxIteration 3469  TIMEOUT 0.359959
 31        191        210        457      0.3600        416         416      0.0000     11.0079
ALPHA 1.0349 MaxIteration 3589  TIMEOUT 0.390714
 32        199        210        459      0.3907        416         416      0.0000     11.7879
ALPHA 1.0349 MaxIteration 3714  TIMEOUT 0.706747
 33        197        210        459      0.7067        416         416      0.0000     13.1679
ALPHA 1.0349 MaxIteration 3843  TIMEOUT 0.408967
 34        197        210        459      0.4090        416         416      0.0000     13.9679
ALPHA 1.0349 MaxIteration 3976  TIMEOUT 0.481083
 35        199        210        462      0.4811        416         416      0.0000     14.9279
ALPHA 1.0349 MaxIteration 4114  TIMEOUT 0.569674
 36        197        210        457      0.5697        416         416      0.0100     16.0379
ALPHA 1.0349 MaxIteration 4257  TIMEOUT 0.407360
 37        199        210        459      0.4074        416         416      0.0000     16.8379
ALPHA 1.0349 MaxIteration 4405  TIMEOUT 0.452737
 38        198        210        459      0.4527        416         416      0.0000     17.7379
ALPHA 1.0349 MaxIteration 4558  TIMEOUT 0.462345
 39        198        210        459      0.4623        416         416      0.0000     18.6579
ALPHA 1.0349 MaxIteration 4716  TIMEOUT 0.519835
 40        193        210        462      0.5198        416         416      0.0100     19.6779
ALPHA 1.0349 MaxIteration 4880  TIMEOUT 0.322150
 41        197        210        459      0.3222>>> T1_200_2000_8.wclq |V| 200 |E| 2000  (#LB 0.0606 198 ---> 210  0.9810  416 <--- 461  0.0976 #UB)  #solve_ime 20.0000 read_time 0.0021 
