With  Parameters CUTOFF 20 SEED 103  ALPHA = 1.900  K=5 RHO=0.05 Q0=0.90 BETA=3.0 AQ_MODE=guarded
Reading  graph ...  time 0.003998  
Reducing graph ...  time 0.000184  
[v6] |V|=200 |E|=17910 density=89.55 USE_ADVANCED=0 SAFE_AQ_MIN_GAP=0.000 DEEP_AQ_RANGE=[800, 5.00, 10.00] structure_blocks_aq=1 AQ_SLOPE_MARGIN=1.15 AQ_MAX_UB_DRIFT=0.20
#Rd        #LB        #LB*       #UB       #Time        #UB+        #UB*      #Time      #TotalTime
First Gap  0.200000
  1          5          5          6      0.0660
 Switch to DBS-only search, timeout 0.065992....
 [Online-safe AQ structure guard] |V|=200 density=89.55 outside [800, 5.00, 10.00], disabling AQ
          6           6      0.0010        0.1325
ALPHA 1.9000 MaxIteration 3  TIMEOUT 0.065992
  2          5          5          6      0.0004          6           6      0.0010        0.1340
ALPHA 1.8304 MaxIteration 5  TIMEOUT 0.000809
  3          5          5          6      0.0009          6           6      0.0010        0.1359
ALPHA 1.7658 MaxIteration 9  TIMEOUT 0.001582
  4          5          5          7      0.0016          6           6      0.0010        0.1391
ALPHA 1.7056 MaxIteration 15  TIMEOUT 0.002868
  5          4          5          7      0.0015          6           6      0.0010        0.1422
ALPHA 1.6493 MaxIteration 25  TIMEOUT 0.002567
  6          4          5          7      0.0024          6           6      0.0010        0.1470
ALPHA 1.5966 MaxIteration 41  TIMEOUT 0.003953
  7          4          5          7      0.0039          6           6      0.0010        0.1548
ALPHA 1.5472 MaxIteration 65  TIMEOUT 0.006169
  8          4          5          7      0.0060          6           6      0.0010        0.1669
ALPHA 1.5008 MaxIteration 100  TIMEOUT 0.009209
  9          4          5          7      0.0092          6           6      0.0011        0.1855
ALPHA 1.4571 MaxIteration 150  TIMEOUT 0.013798
 10          4          5          7      0.0137          6           6      0.0011        0.2129
ALPHA 1.4158 MaxIteration 218  TIMEOUT 0.019899
 11          4          5          7      0.0200          6           6      0.0011        0.2528
ALPHA 1.3768 MaxIteration 308  TIMEOUT 0.028259
 12          4          5          7      0.0283          6           6      0.0012        0.3096
ALPHA 1.3399 MaxIteration 424  TIMEOUT 0.038969
 13          4          5          7      0.0391          6           6      0.0012        0.3877
ALPHA 1.3049 MaxIteration 568  TIMEOUT 0.052326
 14          4          5          7      0.0511          6           6      0.0011        0.4909
ALPHA 1.2718 MaxIteration 741  TIMEOUT 0.066649
 15          4          5          7      0.0659          6           6      0.0010        0.6238
ALPHA 1.2402 MaxIteration 942  TIMEOUT 0.083793
 16          4          5          7      0.0838          6           6      0.0010        0.7915
ALPHA 1.2102 MaxIteration 1168  TIMEOUT 0.103958
 17          4          5          7      0.1040          6           6      0.0010        0.9995
ALPHA 1.1816 MaxIteration 1413  TIMEOUT 0.125811
 18          4          5          7      0.1259          6           6      0.0010        1.2513
ALPHA 1.1543 MaxIteration 1669  TIMEOUT 0.148710
 19          4          5          7      0.1487          6           6      0.0010        1.5488
ALPHA 1.1283 MaxIteration 1926  TIMEOUT 0.171673
 20          4          5          7      0.1703          6           6      0.0010        1.8915
ALPHA 1.1034 MaxIteration 2173  TIMEOUT 0.192088
 21          4          5          7      0.1921          6           6      0.0010        2.2768
ALPHA 1.0795 MaxIteration 2397  TIMEOUT 0.211987
 22          4          5          7      0.2120          6           6      0.0010        2.7009
ALPHA 1.0567 MaxIteration 2587  TIMEOUT 0.228872
 23          4          5          7      0.2287          6           6      0.0010        3.1605
ALPHA 1.0349 MaxIteration 2733  TIMEOUT 0.241685
 24          4          5          7      0.2417          6           6      0.0010        3.6450
ALPHA 1.0349 MaxIteration 2828  TIMEOUT 0.250169
 25          4          5          7      0.2503          6           6      0.0010        4.1467
ALPHA 1.0349 MaxIteration 2926  TIMEOUT 0.258982
 26          4          5          7      0.2591          6           6      0.0010        4.6668
ALPHA 1.0349 MaxIteration 3027  TIMEOUT 0.268099
 27          4          5          7      0.2681          6           6      0.0010        5.2032
ALPHA 1.0349 MaxIteration 3132  TIMEOUT 0.277489
 28          4          5          7      0.2776          6           6      0.0010        5.7615
ALPHA 1.0349 MaxIteration 3241  TIMEOUT 0.287248
 29          4          5          7      0.2861          6           6      0.0010        6.3369
ALPHA 1.0349 MaxIteration 3353  TIMEOUT 0.296092
 30          4          5          7      0.2961          6           6      0.0010        6.9302
ALPHA 1.0349 MaxIteration 3469  TIMEOUT 0.306423
 31          4          5          7      0.3065          6           6      0.0010        7.5433
ALPHA 1.0349 MaxIteration 3589  TIMEOUT 0.317149
 32          4          5          7      0.3172          6           6      0.0011        8.1818
ALPHA 1.0349 MaxIteration 3714  TIMEOUT 0.328217
 33          4          5          7      0.3283          6           6      0.0012        8.8416
ALPHA 1.0349 MaxIteration 3843  TIMEOUT 0.339725
 34          4          5          7      0.3398          6           6      0.0011        9.5263
ALPHA 1.0349 MaxIteration 3976  TIMEOUT 0.351642
 35          4          5          7      0.3517          6           6      0.0011       10.2307
ALPHA 1.0349 MaxIteration 4114  TIMEOUT 0.363909
 36          4          5          7      0.3640          6           6      0.0010       10.9619
ALPHA 1.0349 MaxIteration 4257  TIMEOUT 0.376686
 37          4          5          7      0.3767          6           6      0.0011       11.7210
ALPHA 1.0349 MaxIteration 4405  TIMEOUT 0.389869
 38          4          5          7      0.3899          6           6      0.0010       12.5031
ALPHA 1.0349 MaxIteration 4558  TIMEOUT 0.403537
 39          4          5          7      0.4036          6           6      0.0010       13.3124
ALPHA 1.0349 MaxIteration 4716  TIMEOUT 0.417626
 40          4          5          7      0.4177          6           6      0.0010       19.9992
>>> gen200_p0.9_55.clq |V| 200 |E| 17910  (#LB 0.0000 5 ---> 5  0.1667  6 <--- 6  0.0000 #UB)  #read_time 0.0040  #reduce_time 0.0002  #solve_time 19.9992  #total_time 20.0034
 