With  Parameters CUTOFF 20 SEED 101  ALPHA = 1.900  K=5 RHO=0.05 Q0=0.90 BETA=3.0 AQ_MODE=guarded
Reading  graph ...  time 0.000696  
Reducing graph ...  time 0.000053  
[v6] |V|=250 |E|=2000 density=8.00 USE_ADVANCED=0 SAFE_AQ_MIN_GAP=0.050 DEEP_AQ_RANGE=[800, 5.00, 10.00] structure_blocks_aq=1 AQ_SLOPE_MARGIN=1.15 AQ_MAX_UB_DRIFT=0.20
#Rd        #LB        #LB*       #UB       #Time        #UB+        #UB*      #Time      #TotalTime
First Gap  0.220339
  1       1003       1003       1224      0.1146
 Switch to DBS-only search, timeout 0.114594....
 [Online-safe AQ structure guard] |V|=250 density=8.00 outside [800, 5.00, 10.00], disabling AQ
       1183        1183      0.0006        0.2320
ALPHA 1.9000 MaxIteration 3  TIMEOUT 0.114594
  2        984       1003       1366      0.0006       1203        1183      0.0004        0.2333
ALPHA 1.8304 MaxIteration 5  TIMEOUT 0.001165
  3       1007       1007       1355      0.0007       1183        1183      0.0004        0.2346
ALPHA 1.7658 MaxIteration 9  TIMEOUT 0.001210
  4       1005       1007       1340      0.0011       1189        1183      0.0004        0.2372
ALPHA 1.7056 MaxIteration 15  TIMEOUT 0.001932
  5       1005       1007       1340      0.0016       1203        1183      0.0007        0.2404
ALPHA 1.6493 MaxIteration 25  TIMEOUT 0.002681
  6       1018       1018       1277      0.0027       1194        1183      0.0004        0.2458
ALPHA 1.5966 MaxIteration 41  TIMEOUT 0.004451
  7       1009       1018       1320      0.0045       1183        1183      0.0023        0.2548
ALPHA 1.5472 MaxIteration 65  TIMEOUT 0.007201
  8        999       1018       1321      0.0073       1183        1183      0.0070        0.2693
ALPHA 1.5008 MaxIteration 100  TIMEOUT 0.011224
  9       1009       1018       1321      0.0113       1183        1183      0.0084        0.2919
ALPHA 1.4571 MaxIteration 150  TIMEOUT 0.016912
 10       1023       1023       1295      0.0170       1183        1183      0.0037        0.3262
ALPHA 1.4158 MaxIteration 218  TIMEOUT 0.024709
 11       1045       1045       1260      0.0248       1183        1183      0.0040        0.3758
ALPHA 1.3768 MaxIteration 308  TIMEOUT 0.035112
 12       1043       1045       1306      0.0273       1183        1183      0.0044        0.4305
ALPHA 1.3399 MaxIteration 424  TIMEOUT 0.037616
 13       1043       1045       1237      0.0364       1183        1183      0.0056        0.5034
ALPHA 1.3049 MaxIteration 568  TIMEOUT 0.048818
 14       1043       1045       1237      0.0489       1183        1183      0.0077        0.6011
ALPHA 1.2718 MaxIteration 741  TIMEOUT 0.063757
 15       1043       1045       1237      0.0638       1183        1183      0.0039        0.7291
ALPHA 1.2402 MaxIteration 942  TIMEOUT 0.081142
 16       1043       1045       1237      0.0805       1183        1183      0.0354        0.8929
ALPHA 1.2102 MaxIteration 1168  TIMEOUT 0.099777
 17       1043       1045       1237      0.0998       1183        1183      0.0052        1.0930
ALPHA 1.1816 MaxIteration 1413  TIMEOUT 0.120753
 18       1043       1045       1237      0.1208       1183        1183      0.0042        1.3355
ALPHA 1.1543 MaxIteration 1669  TIMEOUT 0.142734
 19       1043       1045       1237      0.1427       1183        1183      0.0010        1.6228
ALPHA 1.1283 MaxIteration 1926  TIMEOUT 0.164778
 20       1043       1045       1237      0.1648       1183        1183      0.0073        1.9537
ALPHA 1.1034 MaxIteration 2173  TIMEOUT 0.185931
 21       1043       1045       1237      0.1856       1183        1183      0.0177        2.3261
ALPHA 1.0795 MaxIteration 2397  TIMEOUT 0.204738
 22       1043       1045       1237      0.2019       1183        1183      0.0235        2.7338
ALPHA 1.0567 MaxIteration 2587  TIMEOUT 0.217997
 23       1043       1045       1237      0.2181       1183        1183      0.0079        3.1722
ALPHA 1.0349 MaxIteration 2733  TIMEOUT 0.230440
 24       1043       1045       1237      0.2304       1183        1183      0.0065        3.6390
ALPHA 1.0349 MaxIteration 2828  TIMEOUT 0.238479
 25       1043       1045       1237      0.2385       1183        1183      0.0010        4.1187
ALPHA 1.0349 MaxIteration 2926  TIMEOUT 0.246838
 26       1043       1045       1229      0.2469       1183        1183      0.0034        4.6165
ALPHA 1.0349 MaxIteration 3027  TIMEOUT 0.255514
 27       1043       1045       1229      0.2556       1183        1183      0.0207        5.1317
ALPHA 1.0349 MaxIteration 3132  TIMEOUT 0.264484
 28       1043       1045       1229      0.2645       1183        1183      0.0089        5.6646
ALPHA 1.0349 MaxIteration 3241  TIMEOUT 0.273736
 29       1043       1045       1229      0.2738       1183        1183      0.0109        6.2159
ALPHA 1.0349 MaxIteration 3353  TIMEOUT 0.283365
 30       1043       1045       1229      0.2834       1183        1183      0.0012        6.7867
ALPHA 1.0349 MaxIteration 3469  TIMEOUT 0.293282
 31       1043       1045       1229      0.2933       1183        1183      0.0062        7.3789
ALPHA 1.0349 MaxIteration 3589  TIMEOUT 0.303534
 32       1043       1045       1229      0.3036       1183        1183      0.0170        7.9926
ALPHA 1.0349 MaxIteration 3714  TIMEOUT 0.314175
 33       1043       1045       1229      0.3142       1183        1183      0.0028        8.6270
ALPHA 1.0349 MaxIteration 3843  TIMEOUT 0.325203
 34       1043       1045       1229      0.3253       1183        1183      0.0136        9.2803
ALPHA 1.0349 MaxIteration 3976  TIMEOUT 0.336616
 35       1043       1045       1229      0.3367       1183        1183      0.0411        9.9575
ALPHA 1.0349 MaxIteration 4114  TIMEOUT 0.348417
 36       1043       1045       1229      0.3485       1183        1183      0.0032       10.6605
ALPHA 1.0349 MaxIteration 4257  TIMEOUT 0.360596
 37       1043       1045       1229      0.3606       1183        1183      0.0339       11.3895
ALPHA 1.0349 MaxIteration 4405  TIMEOUT 0.373205
 38       1043       1045       1229      0.3712       1183        1183      0.0069       12.1367
ALPHA 1.0349 MaxIteration 4558  TIMEOUT 0.384099
 39       1043       1045       1229      0.3827       1183        1183      0.0195       12.9087
ALPHA 1.0349 MaxIteration 4716  TIMEOUT 0.396028
 40       1043       1045       1229      0.3961       1183        1183      0.0091       13.7068
ALPHA 1.0349 MaxIteration 4880  TIMEOUT 0.409869
 41       1043       1045       1229      0.4099       1183        1183      0.0035       19.9998
>>> T2_250_2000_3.wclq |V| 250 |E| 2000  (#LB 0.0419 1003 ---> 1045  0.1167  1183 <--- 1224  0.0335 #UB)  #read_time 0.0007  #reduce_time 0.0001  #solve_time 19.9998  #total_time 20.0005
 