>>IBM: |V|=100 |E|=100
>>IBM: The maximum node weight is 49
/public/home/acs4vb4pqv/benchmarks/MWDS2026/T1_wclq/T1_100_100_2.wclq #seed 103 #alpha 1.900 #timeout 0.100 K=5 RHO=0.05 Q0=0.90 BETA=3.5 AQ_MODE=dbs SAFE_AQ_MIN_GAP=0.050 SAFE_AQ_MIN_NODES=800 AQ_SLOPE_MARGIN=1.05 AQ_MAX_UB_DRIFT=0.25
[v19] |V|=100 |E|=100 density=1.00 USE_ADVANCED=0
#Rd        #LB        #LB*       #UB       #Time        #UB+        #UB*      #Time      #TotalTime
First Gap  0.036204
ALPHA 1.9000 MaxIteration 500  TIMEOUT 0.008382
  1       1022       1022       1059      0.0084       1057        1057      0.0000      0.0091
ALPHA 1.9000 MaxIteration 3  TIMEOUT 0.000172
  2        990       1022       1128      0.0002       1039        1039      0.0000      0.0191
ALPHA 1.8304 MaxIteration 5  TIMEOUT 0.000117
  3        966       1022       1143      0.0001       1039        1039      0.0000      0.0291
ALPHA 1.7658 MaxIteration 9  TIMEOUT 0.000140
  4        966       1022       1143      0.0001       1039        1039      0.0000      0.0391
ALPHA 1.7056 MaxIteration 15  TIMEOUT 0.000169
  5        966       1022       1143      0.0002       1039        1039      0.0000      0.0491
ALPHA 1.6493 MaxIteration 25  TIMEOUT 0.000237
  6        966       1022       1143      0.0002       1039        1039      0.0000      0.0558
ALPHA 1.5966 MaxIteration 41  TIMEOUT 0.000000
  7        966       1022       1143      0.0000       1039        1039      0.0000      0.0591
ALPHA 1.5472 MaxIteration 65  TIMEOUT 0.000519
  8        966       1022       1143      0.0005       1039        1039      0.0000      0.0691
ALPHA 1.5008 MaxIteration 100  TIMEOUT 0.000768
  9        966       1022       1143      0.0008       1039        1039      0.0000      0.0791
ALPHA 1.4571 MaxIteration 150  TIMEOUT 0.001138
 10        966       1022       1143      0.0011       1039        1039      0.0000      0.0891
ALPHA 1.4158 MaxIteration 218  TIMEOUT 0.001618
 11        966       1022       1143      0.0016       1039        1039      0.0000      0.0968
ALPHA 1.3768 MaxIteration 308  TIMEOUT 0.001317
 12        966       1022       1143      0.0013       1039        1039      0.0000      0.0991
ALPHA 1.3399 MaxIteration 424  TIMEOUT 0.003081
 13        966       1022       1143      0.0031       1039        1039      0.0000      0.1091
ALPHA 1.3049 MaxIteration 568  TIMEOUT 0.004114
 14        966       1022       1143      0.0041       1039        1039      0.0000      0.1191
ALPHA 1.2718 MaxIteration 741  TIMEOUT 0.005408
 15        966       1022       1143      0.0054       1039        1039      0.0000      0.1291
ALPHA 1.2402 MaxIteration 942  TIMEOUT 0.006875
 16        966       1022       1143      0.0069       1039        1039      0.0000      0.1391
ALPHA 1.2102 MaxIteration 1168  TIMEOUT 0.008582
 17        966       1022       1143      0.0086       1039        1039      0.0000      0.1491
ALPHA 1.1816 MaxIteration 1413  TIMEOUT 0.009152
 18        966       1022       1143      0.0092       1039        1039      0.0000      0.1591
ALPHA 1.1543 MaxIteration 1669  TIMEOUT 0.011948
 19        966       1022       1143      0.0119       1039        1039      0.0000      0.1891
ALPHA 1.1283 MaxIteration 1926  TIMEOUT 0.013756
 20        966       1022       1143      0.0138       1039        1039      0.0000      0.2191
ALPHA 1.1034 MaxIteration 2173  TIMEOUT 0.014652
 21        966       1022       1143      0.0147       1039        1039      0.0000      0.2398
ALPHA 1.0795 MaxIteration 2397  TIMEOUT 0.015175
 22        966       1022       1143      0.0152       1039        1039      0.0000      0.2691
ALPHA 1.0567 MaxIteration 2587  TIMEOUT 0.016355
 23        966       1022       1143      0.0164       1039        1039      0.0000      0.2891
ALPHA 1.0349 MaxIteration 2733  TIMEOUT 0.018531
 24        966       1022       1143      0.0185       1039        1039      0.0000      0.3191
ALPHA 1.0349 MaxIteration 2828  TIMEOUT 0.020136
 25        966       1022       1143      0.0201       1039        1039      0.0000      0.3691
ALPHA 1.0349 MaxIteration 2926  TIMEOUT 0.020894
 26        966       1022       1143      0.0209       1039        1039      0.0000      0.4178
ALPHA 1.0349 MaxIteration 3027  TIMEOUT 0.019573
 27        966       1022       1143      0.0196       1039        1039      0.0000      0.4491
ALPHA 1.0349 MaxIteration 3132  TIMEOUT 0.022236
 28        966       1022       1143      0.0222       1039        1039      0.0000      0.4991
ALPHA 1.0349 MaxIteration 3241  TIMEOUT 0.023129
 29        966       1022       1143      0.0231       1039        1039      0.0000      0.5391
ALPHA 1.0349 MaxIteration 3353  TIMEOUT 0.023142
 30        966       1022       1143      0.0231       1039        1039      0.0000      0.5891
ALPHA 1.0349 MaxIteration 3469  TIMEOUT 0.025111
 31        966       1022       1143      0.0251       1039        1039      0.0000      0.6291
ALPHA 1.0349 MaxIteration 3589  TIMEOUT 0.025614
 32        966       1022       1143      0.0256       1039        1039      0.0000      0.6791
ALPHA 1.0349 MaxIteration 3714  TIMEOUT 0.022335
 33        966       1022       1143      0.0223       1039        1039      0.0000      0.7217
ALPHA 1.0349 MaxIteration 3843  TIMEOUT 0.026466
 34        966       1022       1143      0.0265       1039        1039      0.0000      0.7691
ALPHA 1.0349 MaxIteration 3976  TIMEOUT 0.028335
 35        966       1022       1143      0.0283       1039        1039      0.0000      0.8191
ALPHA 1.0349 MaxIteration 4114  TIMEOUT 0.027375
 36        966       1022       1143      0.0274       1039        1039      0.0000      0.8691
ALPHA 1.0349 MaxIteration 4257  TIMEOUT 0.028814
 37        966       1022       1143      0.0288       1039        1039      0.0000      0.9191
ALPHA 1.0349 MaxIteration 4405  TIMEOUT 0.030992
 38        966       1022       1143      0.0310       1039        1039      0.0000      0.9891
ALPHA 1.0349 MaxIteration 4558  TIMEOUT 0.030727
 39        966       1022       1143      0.0307       1039        1039      0.0000      1.0591
ALPHA 1.0349 MaxIteration 4716  TIMEOUT 0.031669
 40        966       1022       1143      0.0317       1039        1039      0.0000      1.1291
ALPHA 1.0349 MaxIteration 4880  TIMEOUT 0.033179
 41        966       1022       1143      0.0332       1039        1039      0.0000      1.1891
ALPHA 1.0349 MaxIteration 5050  TIMEOUT 0.033788
 42        966       1022       1143      0.0338       1039        1039      0.0000      1.2491
ALPHA 1.0349 MaxIteration 5226  TIMEOUT 0.033269
 43        966       1022       1143      0.0333       1039        1039      0.0000      1.3091
ALPHA 1.0349 MaxIteration 5408  TIMEOUT 0.036918
 44        966       1022       1143      0.0369       1039        1039      0.0000      1.3691
ALPHA 1.0349 MaxIteration 5596  TIMEOUT 0.040474
 45        966       1022       1143      0.0405       1039        1039      0.0000      1.4585
ALPHA 1.0349 MaxIteration 5791  TIMEOUT 0.040169
 46        966       1022       1143      0.0402       1039        1039      0.0100      1.5385
ALPHA 1.0349 MaxIteration 5992  TIMEOUT 0.041272
 47        966       1022       1143      0.0413       1039        1039      0.0000      1.6255
ALPHA 1.0349 MaxIteration 6200  TIMEOUT 0.044210
 48        966       1022       1143      0.0442       1039        1039      0.0000      1.7145
ALPHA 1.0349 MaxIteration 6416  TIMEOUT 0.044147
 49        966       1022       1143      0.0441       1039        1039      0.0100      1.7891
ALPHA 1.0349 MaxIteration 6639  TIMEOUT 0.045404
 50        966       1022       1143      0.0454       1039        1039      0.0000      1.8791
ALPHA 1.0349 MaxIteration 6870  TIMEOUT 0.047713
 51        966       1022       1143      0.0477       1039        1039      0.0000      1.9691
ALPHA 1.0349 MaxIteration 7109  TIMEOUT 0.049532
 52        966       1022       1143      0.0495       1039        1039      0.0100      2.0591
ALPHA 1.0349 MaxIteration 7356  TIMEOUT 0.052113
 53        966       1022       1143      0.0521       1039        1039      0.0000      2.1591
ALPHA 1.0349 MaxIteration 7612  TIMEOUT 0.054501
 54        966       1022       1143      0.0545       1039        1039      0.0000      2.2691
ALPHA 1.0349 MaxIteration 7877  TIMEOUT 0.055336
 55        966       1022       1143      0.0553       1039        1039      0.0100      2.3691
ALPHA 1.0349 MaxIteration 8151  TIMEOUT 0.055029
 56        966       1022       1143      0.0550       1039        1039      0.0000      2.4691
ALPHA 1.0349 MaxIteration 8435  TIMEOUT 0.059440
 57        966       1022       1143      0.0594       1039        1039      0.0000      2.5691
ALPHA 1.0349 MaxIteration 8729  TIMEOUT 0.060913
 58        966       1022       1143      0.0609       1039        1039      0.0000      2.6891
ALPHA 1.0349 MaxIteration 9033  TIMEOUT 0.063197
 59        966       1022       1143      0.0632       1039        1039      0.0000      2.8091
ALPHA 1.0349 MaxIteration 9347  TIMEOUT 0.064252
 60        966       1022       1143      0.0643       1039        1039      0.0000      2.9291
ALPHA 1.0349 MaxIteration 9672  TIMEOUT 0.065223
 61        966       1022       1143      0.0652       1039        1039      0.0000      3.0491
ALPHA 1.0349 MaxIteration 10009  TIMEOUT 0.066180
 62        966       1022       1143      0.0662       1039        1039      0.0000      3.1691
ALPHA 1.0349 MaxIteration 10357  TIMEOUT 0.075565
 63        966       1022       1143      0.0756       1039        1039      0.0000      3.2991
ALPHA 1.0349 MaxIteration 10718  TIMEOUT 0.073456
 64        966       1022       1143      0.0735       1039        1039      0.0000      3.4391
ALPHA 1.0349 MaxIteration 11091  TIMEOUT 0.077950
 65        966       1022       1143      0.0779       1039        1039      0.0000      3.5791
ALPHA 1.0349 MaxIteration 11477  TIMEOUT 0.080447
 66        966       1022       1143      0.0804       1039        1039      0.0000      3.7291
ALPHA 1.0349 MaxIteration 11877  TIMEOUT 0.079993
 67        966       1022       1143      0.0800       1039        1039      0.0000      3.8722
ALPHA 1.0349 MaxIteration 12291  TIMEOUT 0.081198
 68        966       1022       1143      0.0812       1039        1039      0.0000      4.0291
ALPHA 1.0349 MaxIteration 12719  TIMEOUT 0.087844
 69        966       1022       1143      0.0878       1039        1039      0.0000      4.1812
ALPHA 1.0349 MaxIteration 13162  TIMEOUT 0.087821
 70        966       1022       1143      0.0878       1039        1039      0.0100      4.3391
ALPHA 1.0349 MaxIteration 13620  TIMEOUT 0.092857
 71        966       1022       1143      0.0929       1039        1039      0.0000      4.5091
ALPHA 1.0349 MaxIteration 14094  TIMEOUT 0.097778
 72        966       1022       1143      0.0978       1039        1039      0.0000      4.6891
ALPHA 1.0349 MaxIteration 14585  TIMEOUT 0.102176
 73        966       1022       1143      0.1022       1039        1039      0.0000      4.8791
ALPHA 1.0349 MaxIteration 15093  TIMEOUT 0.104436
 74        966       1022       1143      0.1044       1039        1039      0.0000      5.0691
ALPHA 1.0349 MaxIteration 15619  TIMEOUT 0.108379
 75        966       1022       1143      0.1084       1039        1039      0.0000      5.2591
ALPHA 1.0349 MaxIteration 16163  TIMEOUT 0.110404
 76        966       1022       1143      0.1104       1039        1039      0.0000      5.4680
ALPHA 1.0349 MaxIteration 16726  TIMEOUT 0.114461
 77        966       1022       1143      0.1145       1039        1039      0.0000      5.6791
ALPHA 1.0349 MaxIteration 17309  TIMEOUT 0.116355
 78        966       1022       1143      0.1164       1039        1039      0.0000      5.8891
ALPHA 1.0349 MaxIteration 17912  TIMEOUT 0.123891
 79        966       1022       1143      0.1239       1039        1039      0.0000      6.1291
ALPHA 1.0349 MaxIteration 18536  TIMEOUT 0.125907
 80        966       1022       1143      0.1259       1039        1039      0.0000      6.3591
ALPHA 1.0349 MaxIteration 19182  TIMEOUT 0.128301
 81        966       1022       1143      0.1283       1039        1039      0.0000      6.5791
ALPHA 1.0349 MaxIteration 19850  TIMEOUT 0.136893
 82        966       1022       1143      0.1369       1039        1039      0.0000      6.8291
ALPHA 1.0349 MaxIteration 20541  TIMEOUT 0.138197
 83        966       1022       1143      0.1382       1039        1039      0.0000      7.0868
ALPHA 1.0349 MaxIteration 21257  TIMEOUT 0.144619
 84        966       1022       1143      0.1446       1039        1039      0.0000      7.3491
ALPHA 1.0349 MaxIteration 21997  TIMEOUT 0.150324
 85        966       1022       1143      0.1503       1039        1039      0.0000      7.6291
ALPHA 1.0349 MaxIteration 22763  TIMEOUT 0.153115
 86        966       1022       1143      0.1531       1039        1039      0.0000      7.9191
ALPHA 1.0349 MaxIteration 23556  TIMEOUT 0.161709
 87        966       1022       1143      0.1617       1039        1039      0.0000      8.2191
ALPHA 1.0349 MaxIteration 24377  TIMEOUT 0.167014
 88        966       1022       1143      0.1670       1039        1039      0.0000      8.5391
ALPHA 1.0349 MaxIteration 25226  TIMEOUT 0.168404
 89        966       1022       1143      0.1684       1039        1039      0.0000      8.8491
ALPHA 1.0349 MaxIteration 26105  TIMEOUT 0.177611
 90        966       1022       1143      0.1776       1039        1039      0.0000      9.1691
ALPHA 1.0349 MaxIteration 27014  TIMEOUT 0.185159
 91        966       1022       1143      0.1852       1039        1039      0.0000      9.5091
ALPHA 1.0349 MaxIteration 27955  TIMEOUT 0.191858
 92        966       1022       1143      0.1919       1039        1039      0.0000      9.8691
ALPHA 1.0349 MaxIteration 28929  TIMEOUT 0.196640
 93        966       1022       1143      0.1966       1039        1039      0.0000     10.2273
ALPHA 1.0349 MaxIteration 29937  TIMEOUT 0.206439
 94        966       1022       1143      0.2064       1039        1039      0.0000     10.6091
ALPHA 1.0349 MaxIteration 30980  TIMEOUT 0.212429
 95        966       1022       1143      0.2124       1039        1039      0.0000     10.9991
ALPHA 1.0349 MaxIteration 32059  TIMEOUT 0.221303
 96        966       1022       1143      0.2213       1039        1039      0.0000     11.4191
ALPHA 1.0349 MaxIteration 33176  TIMEOUT 0.231910
 97        966       1022       1143      0.2319       1039        1039      0.0000     11.8491
ALPHA 1.0349 MaxIteration 34332  TIMEOUT 0.234620
 98        966       1022       1143      0.2346       1039        1039      0.0000     12.2791
ALPHA 1.0349 MaxIteration 35528  TIMEOUT 0.245893
 99        966       1022       1143      0.2459       1039        1039      0.0000     12.7291
ALPHA 1.0349 MaxIteration 36766  TIMEOUT 0.249367
100        966       1022       1143      0.2494       1039        1039      0.0000     13.1891
ALPHA 1.0349 MaxIteration 38047  TIMEOUT 0.261529
101        966       1022       1143      0.2615       1039        1039      0.0000     13.6791
ALPHA 1.0349 MaxIteration 39373  TIMEOUT 0.277038
102        966       1022       1143      0.2770       1039        1039      0.0000     14.1791
ALPHA 1.0349 MaxIteration 40745  TIMEOUT 0.281268
103        966       1022       1143      0.2813       1039        1039      0.0000     14.6991
ALPHA 1.0349 MaxIteration 42165  TIMEOUT 0.291193
104        966       1022       1143      0.2912       1039        1039      0.0000     15.2391
ALPHA 1.0349 MaxIteration 43634  TIMEOUT 0.301007
105        966       1022       1143      0.3010       1039        1039      0.0000     15.7946
ALPHA 1.0349 MaxIteration 45155  TIMEOUT 0.309951
106        966       1022       1143      0.3100       1039        1039      0.0000     16.3491
ALPHA 1.0349 MaxIteration 46729  TIMEOUT 0.328220
107        966       1022       1143      0.3282       1039        1039      0.0000     16.9491
ALPHA 1.0349 MaxIteration 48357  TIMEOUT 0.335088
108        966       1022       1143      0.3351       1039        1039      0.0000     17.5653
ALPHA 1.0349 MaxIteration 50042  TIMEOUT 0.346947
109        966       1022       1143      0.3469       1039        1039      0.0000     18.1891
ALPHA 1.0349 MaxIteration 51786  TIMEOUT 0.359109
110        966       1022       1143      0.3591       1039        1039      0.0000     18.8491
ALPHA 1.0349 MaxIteration 53591  TIMEOUT 0.370683
111        966       1022       1143      0.3707       1039        1039      0.0000     19.5291
ALPHA 1.0349 MaxIteration 55459  TIMEOUT 0.384842
112        966       1022       1143      0.3848       1039        1039      0.0000     19.9891
ALPHA 1.0349 MaxIteration 57392  TIMEOUT 0.010927
113        966       1022       1143      0.0109>>> T1_100_100_2.wclq |V| 100 |E| 100  (#LB 0.0000 1022 ---> 1022  0.0166  1039 <--- 1059  0.0189 #UB)  #solve_ime 20.0000 read_time 0.0009 
