With  Parameters CUTOFF 20 SEED 102  ALPHA = 1.900  K=5 RHO=0.05 Q0=0.90 BETA=3.0 AQ_MODE=guarded
Reading  graph ...  time 0.000653  
Reducing graph ...  time 0.000051  
[v6] |V|=250 |E|=2000 density=8.00 USE_ADVANCED=0 SAFE_AQ_MIN_GAP=0.050 DEEP_AQ_RANGE=[800, 5.00, 10.00] structure_blocks_aq=1 AQ_SLOPE_MARGIN=1.15 AQ_MAX_UB_DRIFT=0.20
#Rd        #LB        #LB*       #UB       #Time        #UB+        #UB*      #Time      #TotalTime
First Gap  0.220339
  1       1003       1003       1224      0.1124
 Switch to DBS-only search, timeout 0.112364....
 [Online-safe AQ structure guard] |V|=250 density=8.00 outside [800, 5.00, 10.00], disabling AQ
       1183        1183      0.0031        0.2256
ALPHA 1.9000 MaxIteration 3  TIMEOUT 0.112364
  2        984       1003       1366      0.0006       1203        1183      0.0005        0.2269
ALPHA 1.8304 MaxIteration 5  TIMEOUT 0.001161
  3        996       1003       1445      0.0007       1236        1183      0.0006        0.2282
ALPHA 1.7658 MaxIteration 9  TIMEOUT 0.001232
  4        982       1003       1406      0.0012       1194        1183      0.0004        0.2308
ALPHA 1.7056 MaxIteration 15  TIMEOUT 0.002204
  5        977       1003       1385      0.0017       1183        1183      0.0009        0.2342
ALPHA 1.6493 MaxIteration 25  TIMEOUT 0.002969
  6       1000       1003       1377      0.0024       1198        1183      0.0018        0.2391
ALPHA 1.5966 MaxIteration 41  TIMEOUT 0.004005
  7       1007       1007       1333      0.0041       1189        1183      0.0036        0.2473
ALPHA 1.5472 MaxIteration 65  TIMEOUT 0.006511
  8       1015       1015       1311      0.0066       1191        1183      0.0050        0.2605
ALPHA 1.5008 MaxIteration 100  TIMEOUT 0.010150
  9       1012       1015       1314      0.0086       1183        1183      0.0014        0.2777
ALPHA 1.4571 MaxIteration 150  TIMEOUT 0.012896
 10       1012       1015       1346      0.0125       1183        1183      0.0065        0.3028
ALPHA 1.4158 MaxIteration 218  TIMEOUT 0.018279
 11       1012       1015       1282      0.0183       1183        1183      0.0009        0.3395
ALPHA 1.3768 MaxIteration 308  TIMEOUT 0.025970
 12       1016       1016       1280      0.0260       1183        1183      0.0010        0.3915
ALPHA 1.3399 MaxIteration 424  TIMEOUT 0.035768
 13       1016       1016       1273      0.0348       1183        1183      0.0223        0.4611
ALPHA 1.3049 MaxIteration 568  TIMEOUT 0.046569
 14       1017       1017       1297      0.0466       1183        1183      0.0105        0.5554
ALPHA 1.2718 MaxIteration 741  TIMEOUT 0.060873
 15       1026       1026       1275      0.0609       1183        1183      0.0389        0.6772
ALPHA 1.2402 MaxIteration 942  TIMEOUT 0.077447
 16       1026       1026       1274      0.0775       1183        1183      0.0512        0.8333
ALPHA 1.2102 MaxIteration 1168  TIMEOUT 0.096120
 17       1029       1029       1226      0.0962       1183        1183      0.0280        1.0256
ALPHA 1.1816 MaxIteration 1413  TIMEOUT 0.116360
 18       1032       1032       1226      0.1164       1183        1183      0.0016        1.2585
ALPHA 1.1543 MaxIteration 1669  TIMEOUT 0.137542
 19       1044       1044       1226      0.1376       1183        1183      0.0030        1.5347
ALPHA 1.1283 MaxIteration 1926  TIMEOUT 0.158846
 20       1044       1044       1226      0.1554       1183        1183      0.0499        1.8456
ALPHA 1.1034 MaxIteration 2173  TIMEOUT 0.175364
 21       1044       1044       1211      0.1743       1183        1183      0.0022        2.1954
ALPHA 1.0795 MaxIteration 2397  TIMEOUT 0.192359
 22       1044       1044       1211      0.1924       1183        1183      0.0494        2.5802
ALPHA 1.0567 MaxIteration 2587  TIMEOUT 0.207711
 23       1044       1044       1211      0.2078       1183        1183      0.0056        2.9959
ALPHA 1.0349 MaxIteration 2733  TIMEOUT 0.219556
 24       1044       1044       1226      0.2135       1183        1183      0.0016        3.4269
ALPHA 1.0349 MaxIteration 2828  TIMEOUT 0.220931
 25       1044       1044       1226      0.2191       1183        1183      0.0118        3.8652
ALPHA 1.0349 MaxIteration 2926  TIMEOUT 0.226727
 26       1044       1044       1226      0.2266       1183        1183      0.0169        4.3194
ALPHA 1.0349 MaxIteration 3027  TIMEOUT 0.234484
 27       1044       1044       1226      0.2323       1183        1183      0.0257        4.7852
ALPHA 1.0349 MaxIteration 3132  TIMEOUT 0.240437
 28       1044       1044       1226      0.2403       1183        1183      0.0077        5.2659
ALPHA 1.0349 MaxIteration 3241  TIMEOUT 0.248709
 29       1044       1044       1226      0.2454       1183        1183      0.0032        5.7588
ALPHA 1.0349 MaxIteration 3353  TIMEOUT 0.253964
 30       1044       1044       1226      0.2540       1183        1183      0.0037        6.2669
ALPHA 1.0349 MaxIteration 3469  TIMEOUT 0.262864
 31       1044       1044       1226      0.2629       1183        1183      0.0052        6.7947
ALPHA 1.0349 MaxIteration 3589  TIMEOUT 0.272058
 32       1044       1044       1226      0.2721       1183        1183      0.0033        7.3400
ALPHA 1.0349 MaxIteration 3714  TIMEOUT 0.281597
 33       1044       1044       1226      0.2816       1183        1183      0.0265        7.9043
ALPHA 1.0349 MaxIteration 3843  TIMEOUT 0.291430
 34       1044       1044       1226      0.2915       1183        1183      0.0010        8.4874
ALPHA 1.0349 MaxIteration 3976  TIMEOUT 0.301670
 35       1044       1044       1223      0.3017       1183        1183      0.0251        9.0940
ALPHA 1.0349 MaxIteration 4114  TIMEOUT 0.312244
 36       1044       1044       1223      0.3123       1183        1183      0.0007        9.7236
ALPHA 1.0349 MaxIteration 4257  TIMEOUT 0.323191
 37       1044       1044       1226      0.3233       1183        1183      0.0017       10.3733
ALPHA 1.0349 MaxIteration 4405  TIMEOUT 0.334529
 38       1044       1044       1226      0.3346       1183        1183      0.0049       11.0455
ALPHA 1.0349 MaxIteration 4558  TIMEOUT 0.346222
 39       1044       1044       1226      0.3463       1183        1183      0.0124       11.7390
ALPHA 1.0349 MaxIteration 4716  TIMEOUT 0.358327
 40       1044       1044       1226      0.3583       1183        1183      0.0035       12.4598
ALPHA 1.0349 MaxIteration 4880  TIMEOUT 0.370839
 41       1044       1044       1226      0.3709       1183        1183      0.0095       13.2047
ALPHA 1.0349 MaxIteration 5050  TIMEOUT 0.383798
 42       1044       1044       1226      0.3838       1183        1183      0.0069       19.9998
>>> T2_250_2000_3.wclq |V| 250 |E| 2000  (#LB 0.0409 1003 ---> 1044  0.1175  1183 <--- 1224  0.0335 #UB)  #read_time 0.0007  #reduce_time 0.0001  #solve_time 19.9998  #total_time 20.0005
 