>>IBM: |V|=200 |E|=250
>>IBM: The maximum node weight is 49
/public/home/acs4vb4pqv/benchmarks/MWDS2026/T1_wclq/T1_200_250_7.wclq #seed 3 #alpha 1.900 #timeout 0.100 K=5 RHO=0.05 Q0=0.90 BETA=3.5 AQ_MODE=guarded SAFE_AQ_MIN_GAP=0.000 SAFE_AQ_MIN_NODES=800 AQ_SLOPE_MARGIN=1.05 AQ_MAX_UB_DRIFT=0.25
[v19] |V|=200 |E|=250 density=1.25 USE_ADVANCED=0
#Rd        #LB        #LB*       #UB       #Time        #UB+        #UB*      #Time      #TotalTime
First Gap  0.097109
ALPHA 1.9000 MaxIteration 500  TIMEOUT 0.029216
  1       1833       1833       2011      0.0292
 [AQ small-headroom probe] gap=0.0971 density=1.25 |V|=200 => Light RL (K=3, 5.0%)
ALPHA 1.9000 MaxIteration 3  TIMEOUT 0.002558
  2       1817       1833       2127      0.0026ALPHA 1.8304 MaxIteration 5  TIMEOUT 0.002835
  3       1835       1835       2196      0.0028ALPHA 1.7658 MaxIteration 9  TIMEOUT 0.005386
  4       1838       1838       2179      0.0054ALPHA 1.7056 MaxIteration 15  TIMEOUT 0.010678
  5       1845       1845       2104      0.0107ALPHA 1.6493 MaxIteration 25  TIMEOUT 0.015579
  6       1842       1845       2126      0.0156ALPHA 1.5966 MaxIteration 41  TIMEOUT 0.042000
  7       1847       1847       2122      0.0420ALPHA 1.5472 MaxIteration 65  TIMEOUT 0.049080
  8       1846       1847       2138      0.0491ALPHA 1.5008 MaxIteration 100  TIMEOUT 0.060518
  9       1853       1853       2141      0.0605ALPHA 1.4571 MaxIteration 150  TIMEOUT 0.104698
 10       1850       1853       2092      0.1047ALPHA 1.4158 MaxIteration 218  TIMEOUT 0.090132
 11       1823       1853       2080      0.0901 [AQ guard] no early LB gain, disabling AQ
       1937        1937      0.0100      0.5090
ALPHA 1.3768 MaxIteration 308  TIMEOUT 0.016470
 12       1841       1853       2020      0.0165       1937        1937      0.0100      0.5390
ALPHA 1.3399 MaxIteration 424  TIMEOUT 0.016403
 13       1826       1853       2041      0.0164       1937        1937      0.0100      0.5690
ALPHA 1.3049 MaxIteration 568  TIMEOUT 0.051410
 14       1833       1853       2016      0.0514       1937        1937      0.0100      0.6768
ALPHA 1.2718 MaxIteration 741  TIMEOUT 0.030990
 15       1839       1853       2042      0.0310       1937        1937      0.0100      0.7390
ALPHA 1.2402 MaxIteration 942  TIMEOUT 0.041925
 16       1827       1853       2014      0.0419       1937        1937      0.0100      0.8268
ALPHA 1.2102 MaxIteration 1168  TIMEOUT 0.131152
 17       1850       1853       2013      0.1312       1937        1937      0.0200      1.0790
ALPHA 1.1816 MaxIteration 1413  TIMEOUT 0.062191
 18       1834       1853       2004      0.0622       1937        1937      0.0100      1.2090
ALPHA 1.1543 MaxIteration 1669  TIMEOUT 0.178442
 19       1848       1853       2011      0.1784       1937        1937      0.0100      1.5390
ALPHA 1.1283 MaxIteration 1926  TIMEOUT 0.170216
 20       1841       1853       2007      0.1702       1937        1937      0.0000      1.8690
ALPHA 1.1034 MaxIteration 2173  TIMEOUT 0.108998
 21       1837       1853       2025      0.1090       1937        1937      0.0200      2.0690
ALPHA 1.0795 MaxIteration 2397  TIMEOUT 0.101240
 22       1830       1853       1993      0.1012       1937        1937      0.0000      2.2690
ALPHA 1.0567 MaxIteration 2587  TIMEOUT 0.183877
 23       1850       1853       1999      0.1839       1937        1937      0.0300      2.6290
ALPHA 1.0349 MaxIteration 2733  TIMEOUT 0.140483
 24       1832       1853       2014      0.1405       1937        1937      0.0100      2.9090
ALPHA 1.0349 MaxIteration 2828  TIMEOUT 0.105042
 25       1830       1853       2027      0.1050       1937        1937      0.0200      3.1095
ALPHA 1.0349 MaxIteration 2926  TIMEOUT 0.141138
 26       1834       1853       2002      0.1411       1937        1937      0.0000      3.3990
ALPHA 1.0349 MaxIteration 3027  TIMEOUT 0.129673
 27       1833       1853       2020      0.1297       1937        1937      0.0100      3.6390
ALPHA 1.0349 MaxIteration 3132  TIMEOUT 0.168021
 28       1836       1853       2015      0.1680       1937        1937      0.0100      3.9590
ALPHA 1.0349 MaxIteration 3241  TIMEOUT 0.289281
 29       1841       1853       2014      0.2893       1937        1937      0.0300      4.4983
ALPHA 1.0349 MaxIteration 3353  TIMEOUT 0.147266
 30       1831       1853       1996      0.1473       1937        1937      0.0100      4.7790
ALPHA 1.0349 MaxIteration 3469  TIMEOUT 0.333958
 31       1842       1853       2026      0.3340       1937        1937      0.0300      5.4290
ALPHA 1.0349 MaxIteration 3589  TIMEOUT 0.322391
 32       1840       1853       1998      0.3224       1937        1937      0.0100      6.0490
ALPHA 1.0349 MaxIteration 3714  TIMEOUT 0.181274
 33       1834       1853       2036      0.1813       1937        1937      0.0000      6.3990
ALPHA 1.0349 MaxIteration 3843  TIMEOUT 0.212276
 34       1833       1853       1970      0.2123       1937        1937      0.0000      6.8190
ALPHA 1.0349 MaxIteration 3976  TIMEOUT 0.215462
 35       1834       1853       2023      0.2155       1937        1937      0.0100      7.2390
ALPHA 1.0349 MaxIteration 4114  TIMEOUT 0.373505
 36       1840       1853       2000      0.3735       1937        1937      0.0000      7.9490
ALPHA 1.0349 MaxIteration 4257  TIMEOUT 0.152259
 37       1823       1853       2048      0.1523       1937        1937      0.0100      8.2390
ALPHA 1.0349 MaxIteration 4405  TIMEOUT 0.443202
 38       1839       1853       2010      0.4432       1937        1937      0.0100      9.0890
ALPHA 1.0349 MaxIteration 4558  TIMEOUT 0.221421
 39       1830       1853       2024      0.2214       1937        1937      0.0000      9.5190
ALPHA 1.0349 MaxIteration 4716  TIMEOUT 0.353523
 40       1838       1853       2014      0.3535       1937        1937      0.0100     10.1914
ALPHA 1.0349 MaxIteration 4880  TIMEOUT 0.281500
 41       1830       1853       2016      0.2815       1937        1937      0.0100     10.7390
ALPHA 1.0349 MaxIteration 5050  TIMEOUT 0.225320
 42       1825       1853       2027      0.2253       1937        1937      0.0200     11.1690
ALPHA 1.0349 MaxIteration 5226  TIMEOUT 0.465340
 43       1836       1853       2027      0.4653       1937        1937      0.0200     12.0590
ALPHA 1.0349 MaxIteration 5408  TIMEOUT 0.252752
 44       1830       1853       2043      0.2528       1937        1937      0.0000     12.5390
ALPHA 1.0349 MaxIteration 5596  TIMEOUT 0.317628
 45       1830       1853       2050      0.3176       1937        1937      0.0100     13.1490
ALPHA 1.0349 MaxIteration 5791  TIMEOUT 0.352703
 46       1828       1853       2028      0.3527       1937        1937      0.0100     13.8390
ALPHA 1.0349 MaxIteration 5992  TIMEOUT 0.205551
 47       1809       1853       2046      0.2056       1937        1937      0.0000     14.2390
ALPHA 1.0349 MaxIteration 6200  TIMEOUT 0.431653
 48       1827       1853       2035      0.4317       1937        1937      0.0000     15.0718
ALPHA 1.0349 MaxIteration 6416  TIMEOUT 0.393205
 49       1808       1853       2047      0.3932       1937        1937      0.0100     15.8190
ALPHA 1.0349 MaxIteration 6639  TIMEOUT 0.401315
 50       1822       1853       2000      0.4013       1937        1937      0.0100     16.5790
ALPHA 1.0349 MaxIteration 6870  TIMEOUT 0.386401
 51       1824       1853       2023      0.3864       1937        1937      0.0100     17.3190
ALPHA 1.0349 MaxIteration 7109  TIMEOUT 0.226354
 52       1805       1853       2052      0.2264       1937        1937      0.0100     17.7490
ALPHA 1.0349 MaxIteration 7356  TIMEOUT 0.236242
 53       1801       1853       2059      0.2362       1937        1937      0.0200     18.1890
ALPHA 1.0349 MaxIteration 7612  TIMEOUT 0.322863
 54       1809       1853       2032      0.3229       1937        1937      0.0300     18.8090
ALPHA 1.0349 MaxIteration 7877  TIMEOUT 0.599850
 55       1841       1853       1983      0.5998       1937        1937      0.0200     19.9390
ALPHA 1.0349 MaxIteration 8151  TIMEOUT 0.061003
 56       1769       1853       2133      0.0610>>> T1_200_250_7.wclq |V| 200 |E| 250  (#LB 0.0109 1833 ---> 1853  0.0453  1937 <--- 2011  0.0368 #UB)  #solve_ime 20.0000 read_time 0.0010 
