>>IBM: |V|=27769 |E|=352285
>>IBM: The maximum node weight is 200
/public/home/acs4vb4pqv/benchmarks/MWDS2026/SNAP/Cit-HepTh.clq #seed 103 #alpha 1.900 #timeout 0.300 K=5 RHO=0.05 Q0=0.90 BETA=3.5 AQ_MODE=guarded SAFE_AQ_MIN_GAP=0.050 SAFE_AQ_MIN_NODES=800 AQ_SLOPE_MARGIN=1.05 AQ_MAX_UB_DRIFT=0.25
[v19] |V|=27769 |E|=352285 density=12.69 USE_ADVANCED=1
#Rd        #LB        #LB*       #UB       #Time        #UB+        #UB*      #Time      #TotalTime
First Gap  0.014591
ALPHA 1.9000 MaxIteration 50  TIMEOUT 1.525659
  1     213014     213014     216122      1.5257
 [Online-safe AQ eligibility guard] gap=0.0146 density=12.69 |V|=27769 => No RL
     215293      215293      0.0000      3.0752
ALPHA 1.9000 MaxIteration 3  TIMEOUT 0.150268
  2     211974     213014     217658      0.1503     216810      215293      0.0000      3.4052
ALPHA 1.8304 MaxIteration 5  TIMEOUT 0.139887
  3     211594     213014     217874      0.1399     217030      215293      0.0000      3.7051
ALPHA 1.7658 MaxIteration 9  TIMEOUT 0.643393
  4     212695     213014     216553      0.6434     215674      215293      0.0000      5.0151
ALPHA 1.7056 MaxIteration 15  TIMEOUT 0.974371
  5     212573     213014     216457      0.9744     215978      215293      0.0000      6.9751
ALPHA 1.6493 MaxIteration 25  TIMEOUT 1.710944
  6     211271     213014     217419      1.7109
 [LB Done] stag=5 elapsed=43.4% => 11.3s to UB
     215546      215293     10.5800     19.9451
>>> Cit-HepTh.clq |V| 27769 |E| 352285  (#LB 0.0000 213014 ---> 213014  0.0107  215293 <--- 216122  0.0038 #UB)  #solve_ime 19.9456 read_time 0.0749 
