With  Parameters CUTOFF 20 SEED 102  ALPHA = 1.900  K=5 RHO=0.05 Q0=0.90 BETA=3.0 AQ_MODE=guarded
Reading  graph ...  time 0.004295  
Reducing graph ...  time 0.000186  
[v6] |V|=200 |E|=17910 density=89.55 USE_ADVANCED=0 SAFE_AQ_MIN_GAP=0.050 DEEP_AQ_RANGE=[800, 5.00, 10.00] structure_blocks_aq=1 AQ_SLOPE_MARGIN=1.15 AQ_MAX_UB_DRIFT=0.20
#Rd        #LB        #LB*       #UB       #Time        #UB+        #UB*      #Time      #TotalTime
First Gap  0.200000
  1          5          5          6      0.0760
 Switch to DBS-only search, timeout 0.076038....
 [Online-safe AQ structure guard] |V|=200 density=89.55 outside [800, 5.00, 10.00], disabling AQ
          6           6      0.0012        0.1533
ALPHA 1.9000 MaxIteration 3  TIMEOUT 0.076038
  2          5          5          6      0.0005          6           6      0.0012        0.1550
ALPHA 1.8304 MaxIteration 5  TIMEOUT 0.000969
  3          5          5          6      0.0010          6           6      0.0011        0.1571
ALPHA 1.7658 MaxIteration 9  TIMEOUT 0.001840
  4          5          5          7      0.0019          6           6      0.0011        0.1610
ALPHA 1.7056 MaxIteration 15  TIMEOUT 0.003320
  5          4          5          7      0.0017          6           6      0.0011        0.1645
ALPHA 1.6493 MaxIteration 25  TIMEOUT 0.002930
  6          4          5          7      0.0028          6           6      0.0011        0.1701
ALPHA 1.5966 MaxIteration 41  TIMEOUT 0.004608
  7          4          5          7      0.0045          6           6      0.0011        0.1792
ALPHA 1.5472 MaxIteration 65  TIMEOUT 0.007169
  8          4          5          7      0.0070          6           6      0.0011        0.1933
ALPHA 1.5008 MaxIteration 100  TIMEOUT 0.010823
  9          4          5          7      0.0106          6           6      0.0011        0.2147
ALPHA 1.4571 MaxIteration 150  TIMEOUT 0.015947
 10          4          5          7      0.0158          6           6      0.0011        0.2464
ALPHA 1.4158 MaxIteration 218  TIMEOUT 0.023080
 11          4          5          7      0.0230          6           6      0.0011        0.2926
ALPHA 1.3768 MaxIteration 308  TIMEOUT 0.032586
 12          4          5          7      0.0323          6           6      0.0011        0.3574
ALPHA 1.3399 MaxIteration 424  TIMEOUT 0.044505
 13          4          5          7      0.0435          6           6      0.0011        0.4457
ALPHA 1.3049 MaxIteration 568  TIMEOUT 0.058345
 14          4          5          7      0.0584          6           6      0.0011        0.5627
ALPHA 1.2718 MaxIteration 741  TIMEOUT 0.076211
 15          4          5          7      0.0763          6           6      0.0011        0.7153
ALPHA 1.2402 MaxIteration 942  TIMEOUT 0.096997
 16          4          5          7      0.0970          6           6      0.0011        0.9094
ALPHA 1.2102 MaxIteration 1168  TIMEOUT 0.120303
 17          4          5          7      0.1204          6           6      0.0011        1.1513
ALPHA 1.1816 MaxIteration 1413  TIMEOUT 0.145663
 18          4          5          7      0.1458          6           6      0.0011        1.4431
ALPHA 1.1543 MaxIteration 1669  TIMEOUT 0.172237
 19          4          5          7      0.1713          6           6      0.0011        1.7880
ALPHA 1.1283 MaxIteration 1926  TIMEOUT 0.197743
 20          4          5          7      0.1978          6           6      0.0012        2.1847
ALPHA 1.1034 MaxIteration 2173  TIMEOUT 0.223156
 21          4          5          7      0.2222          6           6      0.0011        2.6349
ALPHA 1.0795 MaxIteration 2397  TIMEOUT 0.245216
 22          4          5          7      0.2453          6           6      0.0011        3.1275
ALPHA 1.0567 MaxIteration 2587  TIMEOUT 0.264776
 23          4          5          7      0.2648          6           6      0.0012        3.6584
ALPHA 1.0349 MaxIteration 2733  TIMEOUT 0.279872
 24          4          5          7      0.2799          6           6      0.0011        4.2194
ALPHA 1.0349 MaxIteration 2828  TIMEOUT 0.289657
 25          4          5          7      0.2898          6           6      0.0011        4.7990
ALPHA 1.0349 MaxIteration 2926  TIMEOUT 0.299852
 26          4          5          7      0.2999          6           6      0.0011        5.4000
ALPHA 1.0349 MaxIteration 3027  TIMEOUT 0.310383
 27          4          5          7      0.3105          6           6      0.0012        6.0211
ALPHA 1.0349 MaxIteration 3132  TIMEOUT 0.321304
 28          4          5          7      0.3214          6           6      0.0012        6.6660
ALPHA 1.0349 MaxIteration 3241  TIMEOUT 0.332586
 29          4          5          7      0.3326          6           6      0.0012        7.3343
ALPHA 1.0349 MaxIteration 3353  TIMEOUT 0.344191
 30          4          5          7      0.3442          6           6      0.0014        8.0250
ALPHA 1.0349 MaxIteration 3469  TIMEOUT 0.356249
 31          4          5          7      0.3563          6           6      0.0012        8.7386
ALPHA 1.0349 MaxIteration 3589  TIMEOUT 0.368671
 32          4          5          7      0.3687          6           6      0.0011        9.4781
ALPHA 1.0349 MaxIteration 3714  TIMEOUT 0.381567
 33          4          5          7      0.3817          6           6      0.0012       10.2426
ALPHA 1.0349 MaxIteration 3843  TIMEOUT 0.394965
 34          4          5          7      0.3950          6           6      0.0012       11.0358
ALPHA 1.0349 MaxIteration 3976  TIMEOUT 0.408814
 35          4          5          7      0.4050          6           6      0.0011       11.8509
ALPHA 1.0349 MaxIteration 4114  TIMEOUT 0.419132
 36          4          5          7      0.4192          6           6      0.0011       12.6903
ALPHA 1.0349 MaxIteration 4257  TIMEOUT 0.433789
 37          4          5          7      0.4338          6           6      0.0012       13.5601
ALPHA 1.0349 MaxIteration 4405  TIMEOUT 0.448968
 38          4          5          7      0.4490          6           6      0.0011       19.9990
>>> gen200_p0.9_55.clq |V| 200 |E| 17910  (#LB 0.0000 5 ---> 5  0.1667  6 <--- 6  0.0000 #UB)  #read_time 0.0043  #reduce_time 0.0002  #solve_time 19.9991  #total_time 20.0035
 