>>> Warning: header edge_num=125248, parsed edge_num=62624
>>IBM: |V|=500 |E|=62624
>>IBM: The maximum node weight is 200
/public/home/acs4vb4pqv/benchmarks/MWDS2026/dimacs/DSJC500_5.clq #seed 3 #alpha 1.900 #timeout 0.100 K=5 RHO=0.05 Q0=0.90 BETA=3.5 AQ_MODE=guarded SAFE_AQ_MIN_GAP=0.000 SAFE_AQ_MIN_NODES=800 AQ_SLOPE_MARGIN=1.05 AQ_MAX_UB_DRIFT=0.25
[v19] |V|=500 |E|=62624 density=125.25 USE_ADVANCED=0
#Rd        #LB        #LB*       #UB       #Time        #UB+        #UB*      #Time      #TotalTime
First Gap  0.454545
ALPHA 1.9000 MaxIteration 500  TIMEOUT 0.456403
  1         11         11         16      0.4564
 [AQ small-headroom probe] gap=0.4545 density=125.25 |V|=500 => Light RL (K=3, 5.0%)
ALPHA 1.9000 MaxIteration 3  TIMEOUT 0.009702
  2         11         11         21      0.0097ALPHA 1.8304 MaxIteration 5  TIMEOUT 0.017340
  3         11         11         18      0.0173 [AQ guard] no early LB gain, disabling AQ
         16          16      0.0000      0.5040
ALPHA 1.7658 MaxIteration 9  TIMEOUT 0.014566
  4         10         11         18      0.0146         16          16      0.0000      0.5333
ALPHA 1.7056 MaxIteration 15  TIMEOUT 0.032972
  5         11         11         16      0.0330         16          16      0.0000      0.6035
ALPHA 1.6493 MaxIteration 25  TIMEOUT 0.024098
  6         10         11         16      0.0241         16          16      0.0000      0.6533
ALPHA 1.5966 MaxIteration 41  TIMEOUT 0.045975
  7         11         11         16      0.0460         16          16      0.0000      0.7437
ALPHA 1.5472 MaxIteration 65  TIMEOUT 0.062096
  8         11         11         16      0.0621         16          16      0.0000      0.8738
ALPHA 1.5008 MaxIteration 100  TIMEOUT 0.093516
  9         11         11         16      0.0935         16          16      0.0000      1.0633
ALPHA 1.4571 MaxIteration 150  TIMEOUT 0.136923
 10         11         11         16      0.1369         16          16      0.0000      1.3333
ALPHA 1.4158 MaxIteration 218  TIMEOUT 0.196427
 11         11         11         16      0.1964         16          16      0.0000      1.7234
ALPHA 1.3768 MaxIteration 308  TIMEOUT 0.280636
 12         11         11         16      0.2806         16          16      0.0000      2.2936
ALPHA 1.3399 MaxIteration 424  TIMEOUT 0.503500
 13         11         11         16      0.5035         16          16      0.0000      3.3035
ALPHA 1.3049 MaxIteration 568  TIMEOUT 0.949058
 14         11         11         16      0.9491         16          16      0.0000      5.2036
ALPHA 1.2718 MaxIteration 741  TIMEOUT 0.703283
 15         11         11         16      0.7033         16          16      0.0000      6.6137
ALPHA 1.2402 MaxIteration 942  TIMEOUT 0.935124
 16         11         11         16      0.9351         16          16      0.0000      8.4836
ALPHA 1.2102 MaxIteration 1168  TIMEOUT 1.167613
 17         11         11         16      1.1676         16          16      0.0000     10.8036
ALPHA 1.1816 MaxIteration 1413  TIMEOUT 1.215434
 18         10         11         16      1.2154         16          16      0.0000     13.2338
ALPHA 1.1543 MaxIteration 1669  TIMEOUT 1.440480
 19         10         11         16      1.4405         16          16      0.0000     16.1236
ALPHA 1.1283 MaxIteration 1926  TIMEOUT 1.657135
 20         10         11         16      1.6571         16          16      0.0000     19.4335
ALPHA 1.1034 MaxIteration 2173  TIMEOUT 0.566738
 21         11         11         16      0.5667>>> DSJC500_5.clq |V| 500 |E| 62624  (#LB 0.0000 11 ---> 11  0.4545  16 <--- 16  0.0000 #UB)  #solve_ime 20.0002 read_time 0.0168 
