>>IBM: |V|=1000 |E|=20000
>>IBM: The maximum node weight is 3050
/public/home/acs4vb4pqv/benchmarks/MWDS2026/T2_wclq/T2_1000_20000_9.wclq #seed 101 #alpha 1.900 #timeout 0.100 K=5 RHO=0.05 Q0=0.90 BETA=3.5 AQ_MODE=guarded SAFE_AQ_MIN_GAP=0.000 SAFE_AQ_MIN_NODES=800 AQ_SLOPE_MARGIN=1.05 AQ_MAX_UB_DRIFT=0.25
[v19] |V|=1000 |E|=20000 density=20.00 USE_ADVANCED=1
#Rd        #LB        #LB*       #UB       #Time        #UB+        #UB*      #Time      #TotalTime
First Gap  0.437956
ALPHA 1.9000 MaxIteration 500  TIMEOUT 0.788602
  1       5343       5343       7683      0.7886
 [Tier-3 Hard] gap=0.4380 density=20.00 |V|=1000 => Heavy RL (K=8, 25%)
ALPHA 1.9000 MaxIteration 3  TIMEOUT 0.033611
  2       5284       5343       9516      0.0336ALPHA 1.8304 MaxIteration 5  TIMEOUT 0.040491
  3       5440       5440       8975      0.0405ALPHA 1.7658 MaxIteration 9  TIMEOUT 0.069732
  4       5400       5440       8882      0.0697ALPHA 1.7056 MaxIteration 15  TIMEOUT 0.276448
  5       6101       6101       8707      0.2764ALPHA 1.6493 MaxIteration 25  TIMEOUT 0.226929
  6       6078       6101       8861      0.2269ALPHA 1.5966 MaxIteration 41  TIMEOUT 0.451280
  7       6073       6101       8817      0.4513 [AQ guard] no early LB gain, disabling AQ
       7177        7177      0.4500      2.3457
ALPHA 1.5472 MaxIteration 65  TIMEOUT 0.039486
  8       5032       6101       7851      0.0395       7238        7177      0.0100      2.4057
ALPHA 1.5008 MaxIteration 100  TIMEOUT 0.093972
  9       5145       6101       7958      0.0940       7234        7177      0.0100      2.5957
ALPHA 1.4571 MaxIteration 150  TIMEOUT 0.136464
 10       5215       6101       7895      0.1365       7238        7177      0.0200      2.8657
ALPHA 1.4158 MaxIteration 218  TIMEOUT 0.355857
 11       5349       6101       7742      0.3559       7177        7177      0.0000      3.5757
ALPHA 1.3768 MaxIteration 308  TIMEOUT 0.364691
 12       5274       6101       7775      0.3647       7238        7177      0.0500      4.3057
ALPHA 1.3399 MaxIteration 424  TIMEOUT 0.309691
 13       5131       6101       7892      0.3097       7211        7177      0.0000      4.9257
ALPHA 1.3049 MaxIteration 568  TIMEOUT 0.999401
 14       5345       6101       7615      0.9994       7200        7177      0.9000      6.9057
ALPHA 1.2718 MaxIteration 741  TIMEOUT 1.275422
 15       5250       6101       7626      1.2754
 [LB Done] stag=8 elapsed=40.9% => 11.8s to UB
       7177        7177      0.0000     19.8957
>>> T2_1000_20000_9.wclq |V| 1000 |E| 20000  (#LB 0.1419 5343 ---> 6101  0.1764  7177 <--- 7683  0.0659 #UB)  #solve_ime 19.8957 read_time 0.0043 
