>>IBM: |V|=50 |E|=1000
>>IBM: The maximum node weight is 49
/public/home/acs4vb4pqv/benchmarks/MWDS2026/T1_wclq/T1_50_1000_0.wclq #seed 3 #alpha 1.900 #timeout 0.100 K=5 RHO=0.05 Q0=0.90 BETA=3.5 AQ_MODE=guarded SAFE_AQ_MIN_GAP=0.050 SAFE_AQ_MIN_NODES=800 AQ_SLOPE_MARGIN=1.05 AQ_MAX_UB_DRIFT=0.25
[v19] |V|=50 |E|=1000 density=20.00 USE_ADVANCED=0
#Rd        #LB        #LB*       #UB       #Time        #UB+        #UB*      #Time      #TotalTime
First Gap  0.428571
ALPHA 1.9000 MaxIteration 500  TIMEOUT 0.002407
  1         28         28         40      0.0024
 [AQ small-headroom probe] gap=0.4286 density=20.00 |V|=50 => Light RL (K=3, 5.0%)
ALPHA 1.9000 MaxIteration 3  TIMEOUT 0.000403
  2         28         28         47      0.0004ALPHA 1.8304 MaxIteration 5  TIMEOUT 0.000317
  3         28         28         47      0.0003 [AQ guard] no early LB gain, disabling AQ
         40          40      0.0000      0.0081
ALPHA 1.7658 MaxIteration 9  TIMEOUT 0.000105
  4         25         28         40      0.0001         40          40      0.0000      0.0181
ALPHA 1.7056 MaxIteration 15  TIMEOUT 0.000171
  5         25         28         40      0.0002         40          40      0.0000      0.0282
ALPHA 1.6493 MaxIteration 25  TIMEOUT 0.000257
  6         25         28         40      0.0003         40          40      0.0000      0.0381
ALPHA 1.5966 MaxIteration 41  TIMEOUT 0.000892
  7         28         28         40      0.0009         40          40      0.0000      0.0481
ALPHA 1.5472 MaxIteration 65  TIMEOUT 0.001154
  8         28         28         40      0.0012         40          40      0.0000      0.0582
ALPHA 1.5008 MaxIteration 100  TIMEOUT 0.001553
  9         28         28         40      0.0016         40          40      0.0000      0.0682
ALPHA 1.4571 MaxIteration 150  TIMEOUT 0.002148
 10         28         28         40      0.0021         40          40      0.0000      0.0781
ALPHA 1.4158 MaxIteration 218  TIMEOUT 0.002156
 11         28         28         40      0.0022         40          40      0.0000      0.0881
ALPHA 1.3768 MaxIteration 308  TIMEOUT 0.002943
 12         28         28         40      0.0029         40          40      0.0000      0.0982
ALPHA 1.3399 MaxIteration 424  TIMEOUT 0.004142
 13         28         28         40      0.0041         40          40      0.0000      0.1081
ALPHA 1.3049 MaxIteration 568  TIMEOUT 0.006672
 14         28         28         40      0.0067         40          40      0.0000      0.1182
ALPHA 1.2718 MaxIteration 741  TIMEOUT 0.008543
 15         28         28         40      0.0085         40          40      0.0000      0.1281
ALPHA 1.2402 MaxIteration 942  TIMEOUT 0.010242
 16         28         28         40      0.0102         40          40      0.0000      0.1581
ALPHA 1.2102 MaxIteration 1168  TIMEOUT 0.013275
 17         28         28         40      0.0133         40          40      0.0000      0.1882
ALPHA 1.1816 MaxIteration 1413  TIMEOUT 0.015159
 18         28         28         40      0.0152         40          40      0.0000      0.2081
ALPHA 1.1543 MaxIteration 1669  TIMEOUT 0.018471
 19         28         28         40      0.0185         40          40      0.0000      0.2382
ALPHA 1.1283 MaxIteration 1926  TIMEOUT 0.020413
 20         28         28         40      0.0204         40          40      0.0000      0.2881
ALPHA 1.1034 MaxIteration 2173  TIMEOUT 0.023751
 21         28         28         40      0.0238         40          40      0.0000      0.3381
ALPHA 1.0795 MaxIteration 2397  TIMEOUT 0.025121
 22         28         28         40      0.0251         40          40      0.0000      0.3881
ALPHA 1.0567 MaxIteration 2587  TIMEOUT 0.025269
 23         28         28         40      0.0253         40          40      0.0000      0.4381
ALPHA 1.0349 MaxIteration 2733  TIMEOUT 0.030041
 24         28         28         40      0.0300         40          40      0.0000      0.5081
ALPHA 1.0349 MaxIteration 2828  TIMEOUT 0.031120
 25         28         28         40      0.0311         40          40      0.0000      0.5781
ALPHA 1.0349 MaxIteration 2926  TIMEOUT 0.032583
 26         28         28         40      0.0326         40          40      0.0000      0.6482
ALPHA 1.0349 MaxIteration 3027  TIMEOUT 0.031794
 27         28         28         40      0.0318         40          40      0.0000      0.7182
ALPHA 1.0349 MaxIteration 3132  TIMEOUT 0.034951
 28         28         28         40      0.0350         40          40      0.0000      0.7881
ALPHA 1.0349 MaxIteration 3241  TIMEOUT 0.035010
 29         28         28         40      0.0350         40          40      0.0000      0.8581
ALPHA 1.0349 MaxIteration 3353  TIMEOUT 0.035696
 30         28         28         40      0.0357         40          40      0.0000      0.9282
ALPHA 1.0349 MaxIteration 3469  TIMEOUT 0.036948
 31         28         28         40      0.0369         40          40      0.0000      0.9981
ALPHA 1.0349 MaxIteration 3589  TIMEOUT 0.037071
 32         28         28         40      0.0371         40          40      0.0000      1.0682
ALPHA 1.0349 MaxIteration 3714  TIMEOUT 0.038586
 33         28         28         40      0.0386         40          40      0.0000      1.1381
ALPHA 1.0349 MaxIteration 3843  TIMEOUT 0.041578
 34         28         28         40      0.0416         40          40      0.0000      1.2281
ALPHA 1.0349 MaxIteration 3976  TIMEOUT 0.044498
 35         28         28         40      0.0445         40          40      0.0000      1.3181
ALPHA 1.0349 MaxIteration 4114  TIMEOUT 0.043500
 36         28         28         40      0.0435         40          40      0.0000      1.4082
ALPHA 1.0349 MaxIteration 4257  TIMEOUT 0.047010
 37         28         28         40      0.0470         40          40      0.0000      1.4982
ALPHA 1.0349 MaxIteration 4405  TIMEOUT 0.049494
 38         28         28         40      0.0495         40          40      0.0000      1.5882
ALPHA 1.0349 MaxIteration 4558  TIMEOUT 0.050757
 39         28         28         40      0.0508         40          40      0.0000      1.6982
ALPHA 1.0349 MaxIteration 4716  TIMEOUT 0.051063
 40         28         28         40      0.0511         40          40      0.0000      1.8082
ALPHA 1.0349 MaxIteration 4880  TIMEOUT 0.052188
 41         28         28         40      0.0522         40          40      0.0000      1.9181
ALPHA 1.0349 MaxIteration 5050  TIMEOUT 0.054348
 42         28         28         40      0.0543         40          40      0.0000      2.0281
ALPHA 1.0349 MaxIteration 5226  TIMEOUT 0.057707
 43         28         28         40      0.0577         40          40      0.0000      2.1382
ALPHA 1.0349 MaxIteration 5408  TIMEOUT 0.058092
 44         28         28         40      0.0581         40          40      0.0000      2.2482
ALPHA 1.0349 MaxIteration 5596  TIMEOUT 0.062524
 45         28         28         40      0.0625         40          40      0.0000      2.3681
ALPHA 1.0349 MaxIteration 5791  TIMEOUT 0.061733
 46         28         28         40      0.0617         40          40      0.0000      2.4981
ALPHA 1.0349 MaxIteration 5992  TIMEOUT 0.064790
 47         28         28         40      0.0648         40          40      0.0000      2.6281
ALPHA 1.0349 MaxIteration 6200  TIMEOUT 0.070619
 48         28         28         40      0.0706         40          40      0.0000      2.7782
ALPHA 1.0349 MaxIteration 6416  TIMEOUT 0.070796
 49         28         28         40      0.0708         40          40      0.0000      2.9282
ALPHA 1.0349 MaxIteration 6639  TIMEOUT 0.073439
 50         28         28         40      0.0734         40          40      0.0000      3.0781
ALPHA 1.0349 MaxIteration 6870  TIMEOUT 0.074911
 51         28         28         40      0.0749         40          40      0.0000      3.2281
ALPHA 1.0349 MaxIteration 7109  TIMEOUT 0.077965
 52         28         28         40      0.0780         40          40      0.0000      3.3781
ALPHA 1.0349 MaxIteration 7356  TIMEOUT 0.079529
 53         28         28         40      0.0795         40          40      0.0000      3.5281
ALPHA 1.0349 MaxIteration 7612  TIMEOUT 0.082350
 54         28         28         40      0.0824         40          40      0.0000      3.6982
ALPHA 1.0349 MaxIteration 7877  TIMEOUT 0.089583
 55         28         28         40      0.0896         40          40      0.0000      3.8682
ALPHA 1.0349 MaxIteration 8151  TIMEOUT 0.090452
 56         28         28         40      0.0905         40          40      0.0000      4.0581
ALPHA 1.0349 MaxIteration 8435  TIMEOUT 0.090740
 57         28         28         40      0.0907         40          40      0.0000      4.2382
ALPHA 1.0349 MaxIteration 8729  TIMEOUT 0.097191
 58         28         28         40      0.0972         40          40      0.0000      4.4281
ALPHA 1.0349 MaxIteration 9033  TIMEOUT 0.096921
 59         28         28         40      0.0969         40          40      0.0000      4.6182
ALPHA 1.0349 MaxIteration 9347  TIMEOUT 0.104478
 60         28         28         40      0.1045         40          40      0.0000      4.8281
ALPHA 1.0349 MaxIteration 9672  TIMEOUT 0.105056
 61         28         28         40      0.1051         40          40      0.0000      5.0281
ALPHA 1.0349 MaxIteration 10009  TIMEOUT 0.107233
 62         28         28         40      0.1072         40          40      0.0000      5.2381
ALPHA 1.0349 MaxIteration 10357  TIMEOUT 0.112519
 63         28         28         40      0.1125         40          40      0.0000      5.4681
ALPHA 1.0349 MaxIteration 10718  TIMEOUT 0.118060
 64         28         28         40      0.1181         40          40      0.0000      5.6981
ALPHA 1.0349 MaxIteration 11091  TIMEOUT 0.120502
 65         28         28         40      0.1205         40          40      0.0000      5.9481
ALPHA 1.0349 MaxIteration 11477  TIMEOUT 0.128835
 66         28         28         40      0.1288         40          40      0.0000      6.1982
ALPHA 1.0349 MaxIteration 11877  TIMEOUT 0.126644
 67         28         28         40      0.1266         40          40      0.0000      6.4481
ALPHA 1.0349 MaxIteration 12291  TIMEOUT 0.130503
 68         28         28         40      0.1305         40          40      0.0000      6.7082
ALPHA 1.0349 MaxIteration 12719  TIMEOUT 0.137499
 69         28         28         40      0.1375         40          40      0.0000      6.9781
ALPHA 1.0349 MaxIteration 13162  TIMEOUT 0.141910
 70         28         28         40      0.1419         40          40      0.0000      7.2681
ALPHA 1.0349 MaxIteration 13620  TIMEOUT 0.146221
 71         28         28         40      0.1462         40          40      0.0000      7.5581
ALPHA 1.0349 MaxIteration 14094  TIMEOUT 0.152081
 72         28         28         40      0.1521         40          40      0.0000      7.8682
ALPHA 1.0349 MaxIteration 14585  TIMEOUT 0.158698
 73         28         28         40      0.1587         40          40      0.0000      8.1781
ALPHA 1.0349 MaxIteration 15093  TIMEOUT 0.161774
 74         28         28         40      0.1618         40          40      0.0000      8.5081
ALPHA 1.0349 MaxIteration 15619  TIMEOUT 0.171924
 75         28         28         40      0.1719         40          40      0.0000      8.8582
ALPHA 1.0349 MaxIteration 16163  TIMEOUT 0.172238
 76         28         28         40      0.1722         40          40      0.0000      9.2081
ALPHA 1.0349 MaxIteration 16726  TIMEOUT 0.186009
 77         28         28         40      0.1860         40          40      0.0000      9.5781
ALPHA 1.0349 MaxIteration 17309  TIMEOUT 0.191630
 78         28         28         40      0.1916         40          40      0.0000      9.9682
ALPHA 1.0349 MaxIteration 17912  TIMEOUT 0.187202
 79         28         28         40      0.1872         40          40      0.0000     10.3382
ALPHA 1.0349 MaxIteration 18536  TIMEOUT 0.190161
 80         28         28         40      0.1902         40          40      0.0000     10.7281
ALPHA 1.0349 MaxIteration 19182  TIMEOUT 0.206198
 81         28         28         40      0.2062         40          40      0.0000     11.1381
ALPHA 1.0349 MaxIteration 19850  TIMEOUT 0.217645
 82         28         28         40      0.2176         40          40      0.0000     11.5681
ALPHA 1.0349 MaxIteration 20541  TIMEOUT 0.223398
 83         28         28         40      0.2234         40          40      0.0000     12.0082
ALPHA 1.0349 MaxIteration 21257  TIMEOUT 0.227703
 84         28         28         40      0.2277         40          40      0.0000     12.4481
ALPHA 1.0349 MaxIteration 21997  TIMEOUT 0.237170
 85         28         28         40      0.2372         40          40      0.0000     12.9081
ALPHA 1.0349 MaxIteration 22763  TIMEOUT 0.244570
 86         28         28         40      0.2446         40          40      0.0000     13.3981
ALPHA 1.0349 MaxIteration 23556  TIMEOUT 0.251212
 87         28         28         40      0.2512         40          40      0.0000     13.9081
ALPHA 1.0349 MaxIteration 24377  TIMEOUT 0.265604
 88         28         28         40      0.2656         40          40      0.0000     14.4281
ALPHA 1.0349 MaxIteration 25226  TIMEOUT 0.268880
 89         28         28         40      0.2689         40          40      0.0000     14.9581
ALPHA 1.0349 MaxIteration 26105  TIMEOUT 0.279402
 90         28         28         40      0.2794         40          40      0.0000     15.5082
ALPHA 1.0349 MaxIteration 27014  TIMEOUT 0.292397
 91         28         28         40      0.2924         40          40      0.0000     16.0982
ALPHA 1.0349 MaxIteration 27955  TIMEOUT 0.309398
 92         28         28         40      0.3094         40          40      0.0000     16.7081
ALPHA 1.0349 MaxIteration 28929  TIMEOUT 0.311796
 93         28         28         40      0.3118         40          40      0.0000     17.3382
ALPHA 1.0349 MaxIteration 29937  TIMEOUT 0.330498
 94         28         28         40      0.3305         40          40      0.0000     18.0081
ALPHA 1.0349 MaxIteration 30980  TIMEOUT 0.340685
 95         28         28         40      0.3407         40          40      0.0000     18.6882
ALPHA 1.0349 MaxIteration 32059  TIMEOUT 0.352707
 96         28         28         40      0.3527         40          40      0.0000     19.3982
ALPHA 1.0349 MaxIteration 33176  TIMEOUT 0.357006
 97         28         28         40      0.3570         40          40      0.0000     19.9982
ALPHA 1.0349 MaxIteration 34332  TIMEOUT 0.001836
 98         25         28         62      0.0018>>> T1_50_1000_0.wclq |V| 50 |E| 1000  (#LB 0.0000 28 ---> 28  0.4286  40 <--- 40  0.0000 #UB)  #solve_ime 20.0000 read_time 0.0019 
