>>IBM: |V|=1000 |E|=52120
>>IBM: The maximum node weight is 100
/public/home/acs4vb4pqv/benchmarks/MWDS2026/UDG_wclq/UDG_1000_200_8.wclq #seed 3 #alpha 1.900 #timeout 0.100 K=5 RHO=0.05 Q0=0.90 BETA=3.5 AQ_MODE=guarded SAFE_AQ_MIN_GAP=0.050 SAFE_AQ_MIN_NODES=800 AQ_SLOPE_MARGIN=1.05 AQ_MAX_UB_DRIFT=0.25
[v19] |V|=1000 |E|=52120 density=52.12 USE_ADVANCED=1
#Rd        #LB        #LB*       #UB       #Time        #UB+        #UB*      #Time      #TotalTime
First Gap  0.078947
ALPHA 1.9000 MaxIteration 500  TIMEOUT 0.345148
  1         38         38         41      0.3451
 [Tier-3 Hard] gap=0.0789 density=52.12 |V|=1000 => Heavy RL (K=8, 25%)
ALPHA 1.9000 MaxIteration 3  TIMEOUT 0.020051
  2         36         38         43      0.0201ALPHA 1.8304 MaxIteration 5  TIMEOUT 0.031457
  3         36         38         42      0.0315 [AQ guard] no early LB gain, disabling AQ
         41          41      0.0000      0.4359
ALPHA 1.7658 MaxIteration 9  TIMEOUT 0.009612
  4         37         38         41      0.0096         41          41      0.0000      0.4560
ALPHA 1.7056 MaxIteration 15  TIMEOUT 0.013182
  5         37         38         41      0.0132         41          41      0.0000      0.4859
ALPHA 1.6493 MaxIteration 25  TIMEOUT 0.026188
  6         38         38         41      0.0262         41          41      0.0000      0.5360
ALPHA 1.5966 MaxIteration 41  TIMEOUT 0.039339
  7         37         38         41      0.0393         41          41      0.0000      0.6059
ALPHA 1.5472 MaxIteration 65  TIMEOUT 0.102986
  8         37         38         41      0.1030         41          41      0.0000      0.8161
ALPHA 1.5008 MaxIteration 100  TIMEOUT 0.111656
  9         35         38         41      0.1117         41          41      0.0000      1.0461
ALPHA 1.4571 MaxIteration 150  TIMEOUT 0.190407
 10         36         38         41      0.1904         41          41      0.0000      1.4360
ALPHA 1.4158 MaxIteration 218  TIMEOUT 0.317066
 11         35         38         41      0.3171         41          41      0.0000      2.0660
ALPHA 1.3768 MaxIteration 308  TIMEOUT 0.469260
 12         35         38         41      0.4693         41          41      0.0000      3.0060
ALPHA 1.3399 MaxIteration 424  TIMEOUT 0.643477
 13         35         38         41      0.6435         41          41      0.0000      4.2963
ALPHA 1.3049 MaxIteration 568  TIMEOUT 0.852634
 14         35         38         41      0.8526         41          41      0.0000      6.0061
ALPHA 1.2718 MaxIteration 741  TIMEOUT 1.153204
 15         35         38         41      1.1532         41          41      0.0000      8.3159
ALPHA 1.2402 MaxIteration 942  TIMEOUT 0.643857
 16         31         38         41      0.6439
 [LB Done] stag=13 elapsed=44.8% => 11.0s to UB
         41          41      0.0000     19.9760
>>> UDG_1000_200_8.wclq |V| 1000 |E| 52120  (#LB 0.0000 38 ---> 38  0.0789  41 <--- 41  0.0000 #UB)  #solve_ime 19.9760 read_time 0.0141 
