>>IBM: |V|=50 |E|=1000
>>IBM: The maximum node weight is 49
/public/home/acs4vb4pqv/benchmarks/MWDS2026/T1_wclq/T1_50_1000_0.wclq #seed 102 #alpha 1.900 #timeout 0.100 K=5 RHO=0.05 Q0=0.90 BETA=3.5 AQ_MODE=guarded SAFE_AQ_MIN_GAP=0.000 SAFE_AQ_MIN_NODES=800 AQ_SLOPE_MARGIN=1.05 AQ_MAX_UB_DRIFT=0.25
[v19] |V|=50 |E|=1000 density=20.00 USE_ADVANCED=0
#Rd        #LB        #LB*       #UB       #Time        #UB+        #UB*      #Time      #TotalTime
First Gap  0.428571
ALPHA 1.9000 MaxIteration 500  TIMEOUT 0.003244
  1         28         28         40      0.0032
 [AQ small-headroom probe] gap=0.4286 density=20.00 |V|=50 => Light RL (K=3, 5.0%)
ALPHA 1.9000 MaxIteration 3  TIMEOUT 0.000000
  2         28         28         40      0.0000ALPHA 1.8304 MaxIteration 5  TIMEOUT 0.000000
  3         28         28         62      0.0000 [AQ guard] no early LB gain, disabling AQ
         40          40      0.0000      0.0084
ALPHA 1.7658 MaxIteration 9  TIMEOUT 0.000090
  4         25         28         40      0.0001         40          40      0.0000      0.0184
ALPHA 1.7056 MaxIteration 15  TIMEOUT 0.000143
  5         25         28         40      0.0001         40          40      0.0000      0.0284
ALPHA 1.6493 MaxIteration 25  TIMEOUT 0.000419
  6         25         28         40      0.0004         40          40      0.0000      0.0384
ALPHA 1.5966 MaxIteration 41  TIMEOUT 0.000777
  7         28         28         40      0.0008         40          40      0.0000      0.0484
ALPHA 1.5472 MaxIteration 65  TIMEOUT 0.001008
  8         28         28         40      0.0010         40          40      0.0000      0.0584
ALPHA 1.5008 MaxIteration 100  TIMEOUT 0.001355
  9         28         28         40      0.0014         40          40      0.0000      0.0684
ALPHA 1.4571 MaxIteration 150  TIMEOUT 0.001831
 10         28         28         40      0.0018         40          40      0.0000      0.0784
ALPHA 1.4158 MaxIteration 218  TIMEOUT 0.002476
 11         28         28         40      0.0025         40          40      0.0000      0.0884
ALPHA 1.3768 MaxIteration 308  TIMEOUT 0.003314
 12         28         28         40      0.0033         40          40      0.0000      0.0984
ALPHA 1.3399 MaxIteration 424  TIMEOUT 0.004472
 13         28         28         40      0.0045         40          40      0.0000      0.1084
ALPHA 1.3049 MaxIteration 568  TIMEOUT 0.005742
 14         28         28         40      0.0057         40          40      0.0000      0.1184
ALPHA 1.2718 MaxIteration 741  TIMEOUT 0.007328
 15         28         28         40      0.0073         40          40      0.0000      0.1284
ALPHA 1.2402 MaxIteration 942  TIMEOUT 0.009274
 16         28         28         40      0.0093         40          40      0.0000      0.1384
ALPHA 1.2102 MaxIteration 1168  TIMEOUT 0.011282
 17         28         28         40      0.0113         40          40      0.0000      0.1684
ALPHA 1.1816 MaxIteration 1413  TIMEOUT 0.013669
 18         28         28         40      0.0137         40          40      0.0000      0.1984
ALPHA 1.1543 MaxIteration 1669  TIMEOUT 0.014986
 19         28         28         40      0.0150         40          40      0.0000      0.2284
ALPHA 1.1283 MaxIteration 1926  TIMEOUT 0.018261
 20         28         28         40      0.0183         40          40      0.0000      0.2584
ALPHA 1.1034 MaxIteration 2173  TIMEOUT 0.018617
 21         28         28         40      0.0186         40          40      0.0000      0.2884
ALPHA 1.0795 MaxIteration 2397  TIMEOUT 0.021810
 22         28         28         40      0.0218         40          40      0.0000      0.3384
ALPHA 1.0567 MaxIteration 2587  TIMEOUT 0.023589
 23         28         28         40      0.0236         40          40      0.0000      0.3884
ALPHA 1.0349 MaxIteration 2733  TIMEOUT 0.024875
 24         28         28         40      0.0249         40          40      0.0000      0.4384
ALPHA 1.0349 MaxIteration 2828  TIMEOUT 0.026618
 25         28         28         40      0.0266         40          40      0.0000      0.4884
ALPHA 1.0349 MaxIteration 2926  TIMEOUT 0.024717
 26         28         28         40      0.0247         40          40      0.0000      0.5384
ALPHA 1.0349 MaxIteration 3027  TIMEOUT 0.027696
 27         28         28         40      0.0277         40          40      0.0000      0.5884
ALPHA 1.0349 MaxIteration 3132  TIMEOUT 0.024557
 28         28         28         40      0.0246         40          40      0.0000      0.6384
ALPHA 1.0349 MaxIteration 3241  TIMEOUT 0.028691
 29         28         28         40      0.0287         40          40      0.0000      0.6884
ALPHA 1.0349 MaxIteration 3353  TIMEOUT 0.031732
 30         28         28         40      0.0317         40          40      0.0000      0.7584
ALPHA 1.0349 MaxIteration 3469  TIMEOUT 0.030874
 31         28         28         40      0.0309         40          40      0.0000      0.8284
ALPHA 1.0349 MaxIteration 3589  TIMEOUT 0.031101
 32         28         28         40      0.0311         40          40      0.0000      0.8984
ALPHA 1.0349 MaxIteration 3714  TIMEOUT 0.033481
 33         28         28         40      0.0335         40          40      0.0000      0.9684
ALPHA 1.0349 MaxIteration 3843  TIMEOUT 0.035571
 34         28         28         40      0.0356         40          40      0.0000      1.0384
ALPHA 1.0349 MaxIteration 3976  TIMEOUT 0.036966
 35         28         28         40      0.0370         40          40      0.0000      1.1084
ALPHA 1.0349 MaxIteration 4114  TIMEOUT 0.037861
 36         28         28         40      0.0379         40          40      0.0000      1.1784
ALPHA 1.0349 MaxIteration 4257  TIMEOUT 0.040484
 37         28         28         40      0.0405         40          40      0.0000      1.2684
ALPHA 1.0349 MaxIteration 4405  TIMEOUT 0.041490
 38         28         28         40      0.0415         40          40      0.0000      1.3584
ALPHA 1.0349 MaxIteration 4558  TIMEOUT 0.042054
 39         28         28         40      0.0421         40          40      0.0000      1.4484
ALPHA 1.0349 MaxIteration 4716  TIMEOUT 0.043613
 40         28         28         40      0.0436         40          40      0.0000      1.5384
ALPHA 1.0349 MaxIteration 4880  TIMEOUT 0.046029
 41         28         28         40      0.0460         40          40      0.0000      1.6284
ALPHA 1.0349 MaxIteration 5050  TIMEOUT 0.045287
 42         28         28         40      0.0453         40          40      0.0000      1.7184
ALPHA 1.0349 MaxIteration 5226  TIMEOUT 0.049415
 43         28         28         40      0.0494         40          40      0.0000      1.8084
ALPHA 1.0349 MaxIteration 5408  TIMEOUT 0.048843
 44         28         28         40      0.0488         40          40      0.0000      1.8984
ALPHA 1.0349 MaxIteration 5596  TIMEOUT 0.051010
 45         28         28         40      0.0510         40          40      0.0000      2.0084
ALPHA 1.0349 MaxIteration 5791  TIMEOUT 0.054811
 46         28         28         40      0.0548         40          40      0.0000      2.1184
ALPHA 1.0349 MaxIteration 5992  TIMEOUT 0.053602
 47         28         28         40      0.0536         40          40      0.0000      2.2284
ALPHA 1.0349 MaxIteration 6200  TIMEOUT 0.054641
 48         28         28         40      0.0546         40          40      0.0000      2.3384
ALPHA 1.0349 MaxIteration 6416  TIMEOUT 0.059893
 49         28         28         40      0.0599         40          40      0.0000      2.4484
ALPHA 1.0349 MaxIteration 6639  TIMEOUT 0.062534
 50         28         28         40      0.0625         40          40      0.0000      2.5784
ALPHA 1.0349 MaxIteration 6870  TIMEOUT 0.062425
 51         28         28         40      0.0624         40          40      0.0000      2.7084
ALPHA 1.0349 MaxIteration 7109  TIMEOUT 0.064864
 52         28         28         40      0.0649         40          40      0.0000      2.8384
ALPHA 1.0349 MaxIteration 7356  TIMEOUT 0.069726
 53         28         28         40      0.0697         40          40      0.0000      2.9684
ALPHA 1.0349 MaxIteration 7612  TIMEOUT 0.068689
 54         28         28         40      0.0687         40          40      0.0000      3.0984
ALPHA 1.0349 MaxIteration 7877  TIMEOUT 0.073900
 55         28         28         40      0.0739         40          40      0.0000      3.2484
ALPHA 1.0349 MaxIteration 8151  TIMEOUT 0.072334
 56         28         28         40      0.0723         40          40      0.0000      3.3984
ALPHA 1.0349 MaxIteration 8435  TIMEOUT 0.078216
 57         28         28         40      0.0782         40          40      0.0000      3.5484
ALPHA 1.0349 MaxIteration 8729  TIMEOUT 0.076528
 58         28         28         40      0.0765         40          40      0.0000      3.6984
ALPHA 1.0349 MaxIteration 9033  TIMEOUT 0.084864
 59         28         28         40      0.0849         40          40      0.0000      3.8684
ALPHA 1.0349 MaxIteration 9347  TIMEOUT 0.084830
 60         28         28         40      0.0848         40          40      0.0000      4.0384
ALPHA 1.0349 MaxIteration 9672  TIMEOUT 0.089833
 61         28         28         40      0.0898         40          40      0.0000      4.2084
ALPHA 1.0349 MaxIteration 10009  TIMEOUT 0.093796
 62         28         28         40      0.0938         40          40      0.0000      4.3984
ALPHA 1.0349 MaxIteration 10357  TIMEOUT 0.094143
 63         28         28         40      0.0941         40          40      0.0000      4.5884
ALPHA 1.0349 MaxIteration 10718  TIMEOUT 0.101100
 64         28         28         40      0.1011         40          40      0.0000      4.7984
ALPHA 1.0349 MaxIteration 11091  TIMEOUT 0.098759
 65         28         28         40      0.0988         40          40      0.0000      4.9884
ALPHA 1.0349 MaxIteration 11477  TIMEOUT 0.106603
 66         28         28         40      0.1066         40          40      0.0000      5.1984
ALPHA 1.0349 MaxIteration 11877  TIMEOUT 0.110898
 67         28         28         40      0.1109         40          40      0.0000      5.4284
ALPHA 1.0349 MaxIteration 12291  TIMEOUT 0.109259
 68         28         28         40      0.1093         40          40      0.0000      5.6384
ALPHA 1.0349 MaxIteration 12719  TIMEOUT 0.116815
 69         28         28         40      0.1168         40          40      0.0000      5.8684
ALPHA 1.0349 MaxIteration 13162  TIMEOUT 0.119940
 70         28         28         40      0.1199         40          40      0.0000      6.0984
ALPHA 1.0349 MaxIteration 13620  TIMEOUT 0.126658
 71         28         28         40      0.1267         40          40      0.0000      6.3384
ALPHA 1.0349 MaxIteration 14094  TIMEOUT 0.127493
 72         28         28         40      0.1275         40          40      0.0000      6.5884
ALPHA 1.0349 MaxIteration 14585  TIMEOUT 0.135592
 73         28         28         40      0.1356         40          40      0.0000      6.8484
ALPHA 1.0349 MaxIteration 15093  TIMEOUT 0.138258
 74         28         28         40      0.1383         40          40      0.0000      7.1184
ALPHA 1.0349 MaxIteration 15619  TIMEOUT 0.146972
 75         28         28         40      0.1470         40          40      0.0000      7.4084
ALPHA 1.0349 MaxIteration 16163  TIMEOUT 0.147403
 76         28         28         40      0.1474         40          40      0.0000      7.6884
ALPHA 1.0349 MaxIteration 16726  TIMEOUT 0.153156
 77         28         28         40      0.1532         40          40      0.0000      7.9984
ALPHA 1.0349 MaxIteration 17309  TIMEOUT 0.159570
 78         28         28         40      0.1596         40          40      0.0000      8.3084
ALPHA 1.0349 MaxIteration 17912  TIMEOUT 0.167041
 79         28         28         40      0.1670         40          40      0.0000      8.6284
ALPHA 1.0349 MaxIteration 18536  TIMEOUT 0.169240
 80         28         28         40      0.1692         40          40      0.0000      8.9584
ALPHA 1.0349 MaxIteration 19182  TIMEOUT 0.173136
 81         28         28         40      0.1731         40          40      0.0000      9.3084
ALPHA 1.0349 MaxIteration 19850  TIMEOUT 0.187133
 82         28         28         40      0.1871         40          40      0.0000      9.6784
ALPHA 1.0349 MaxIteration 20541  TIMEOUT 0.194541
 83         28         28         40      0.1945         40          40      0.0000     10.0684
ALPHA 1.0349 MaxIteration 21257  TIMEOUT 0.196855
 84         28         28         40      0.1969         40          40      0.0000     10.4584
ALPHA 1.0349 MaxIteration 21997  TIMEOUT 0.204088
 85         28         28         40      0.2041         40          40      0.0000     10.8684
ALPHA 1.0349 MaxIteration 22763  TIMEOUT 0.209142
 86         28         28         40      0.2091         40          40      0.0000     11.2784
ALPHA 1.0349 MaxIteration 23556  TIMEOUT 0.214597
 87         28         28         40      0.2146         40          40      0.0000     11.6984
ALPHA 1.0349 MaxIteration 24377  TIMEOUT 0.225946
 88         28         28         40      0.2259         40          40      0.0000     12.1484
ALPHA 1.0349 MaxIteration 25226  TIMEOUT 0.224852
 89         28         28         40      0.2249         40          40      0.0000     12.5984
ALPHA 1.0349 MaxIteration 26105  TIMEOUT 0.238942
 90         28         28         40      0.2389         40          40      0.0000     13.0684
ALPHA 1.0349 MaxIteration 27014  TIMEOUT 0.255450
 91         28         28         40      0.2555         40          40      0.0000     13.5784
ALPHA 1.0349 MaxIteration 27955  TIMEOUT 0.254985
 92         28         28         40      0.2550         40          40      0.0000     14.0884
ALPHA 1.0349 MaxIteration 28929  TIMEOUT 0.265367
 93         28         28         40      0.2654         40          40      0.0000     14.6184
ALPHA 1.0349 MaxIteration 29937  TIMEOUT 0.267471
 94         28         28         40      0.2675         40          40      0.0000     15.1484
ALPHA 1.0349 MaxIteration 30980  TIMEOUT 0.280135
 95         28         28         40      0.2801         40          40      0.0000     15.7184
ALPHA 1.0349 MaxIteration 32059  TIMEOUT 0.288111
 96         28         28         40      0.2881         40          40      0.0000     16.2884
ALPHA 1.0349 MaxIteration 33176  TIMEOUT 0.296247
 97         28         28         40      0.2962         40          40      0.0000     16.8784
ALPHA 1.0349 MaxIteration 34332  TIMEOUT 0.310139
 98         28         28         40      0.3101         40          40      0.0000     17.5084
ALPHA 1.0349 MaxIteration 35528  TIMEOUT 0.323673
 99         28         28         40      0.3237         40          40      0.0000     18.1584
ALPHA 1.0349 MaxIteration 36766  TIMEOUT 0.334356
100         28         28         40      0.3344         40          40      0.0000     18.8284
ALPHA 1.0349 MaxIteration 38047  TIMEOUT 0.345457
101         28         28         40      0.3455         40          40      0.0000     19.5184
ALPHA 1.0349 MaxIteration 39373  TIMEOUT 0.356158
102         28         28         40      0.3562         40          40      0.0000     19.9984
ALPHA 1.0349 MaxIteration 40745  TIMEOUT 0.001591
103         25         28         62      0.0016>>> T1_50_1000_0.wclq |V| 50 |E| 1000  (#LB 0.0000 28 ---> 28  0.4286  40 <--- 40  0.0000 #UB)  #solve_ime 20.0000 read_time 0.0016 
