>>IBM: |V|=50 |E|=1000
>>IBM: The maximum node weight is 49
/public/home/acs4vb4pqv/benchmarks/MWDS2026/T1_wclq/T1_50_1000_0.wclq #seed 1 #alpha 1.900 #timeout 0.100 K=5 RHO=0.05 Q0=0.90 BETA=3.5 AQ_MODE=dbs SAFE_AQ_MIN_GAP=0.050 SAFE_AQ_MIN_NODES=800 AQ_SLOPE_MARGIN=1.05 AQ_MAX_UB_DRIFT=0.25
[v19] |V|=50 |E|=1000 density=20.00 USE_ADVANCED=0
#Rd        #LB        #LB*       #UB       #Time        #UB+        #UB*      #Time      #TotalTime
First Gap  0.428571
ALPHA 1.9000 MaxIteration 500  TIMEOUT 0.004498
  1         28         28         40      0.0045         40          40      0.0000      0.0091
ALPHA 1.9000 MaxIteration 3  TIMEOUT 0.000057
  2         25         28         40      0.0001         40          40      0.0000      0.0191
ALPHA 1.8304 MaxIteration 5  TIMEOUT 0.000069
  3         25         28         62      0.0001         40          40      0.0000      0.0291
ALPHA 1.7658 MaxIteration 9  TIMEOUT 0.000100
  4         25         28         62      0.0001         40          40      0.0000      0.0391
ALPHA 1.7056 MaxIteration 15  TIMEOUT 0.000141
  5         25         28         62      0.0001         40          40      0.0000      0.0491
ALPHA 1.6493 MaxIteration 25  TIMEOUT 0.000224
  6         25         28         62      0.0002         40          40      0.0000      0.0591
ALPHA 1.5966 MaxIteration 41  TIMEOUT 0.000350
  7         25         28         62      0.0004         40          40      0.0000      0.0691
ALPHA 1.5472 MaxIteration 65  TIMEOUT 0.000554
  8         25         28         62      0.0006         40          40      0.0000      0.0791
ALPHA 1.5008 MaxIteration 100  TIMEOUT 0.000825
  9         25         28         62      0.0008         40          40      0.0000      0.0891
ALPHA 1.4571 MaxIteration 150  TIMEOUT 0.001223
 10         25         28         62      0.0012         40          40      0.0000      0.0991
ALPHA 1.4158 MaxIteration 218  TIMEOUT 0.001791
 11         25         28         62      0.0018         40          40      0.0000      0.1091
ALPHA 1.3768 MaxIteration 308  TIMEOUT 0.002523
 12         25         28         62      0.0025         40          40      0.0000      0.1191
ALPHA 1.3399 MaxIteration 424  TIMEOUT 0.003435
 13         25         28         62      0.0034         40          40      0.0000      0.1291
ALPHA 1.3049 MaxIteration 568  TIMEOUT 0.004611
 14         25         28         62      0.0046         40          40      0.0000      0.1391
ALPHA 1.2718 MaxIteration 741  TIMEOUT 0.005867
 15         25         28         62      0.0059         40          40      0.0000      0.1491
ALPHA 1.2402 MaxIteration 942  TIMEOUT 0.007423
 16         25         28         62      0.0074         40          40      0.0000      0.1591
ALPHA 1.2102 MaxIteration 1168  TIMEOUT 0.008231
 17         25         28         62      0.0082         40          40      0.0000      0.1691
ALPHA 1.1816 MaxIteration 1413  TIMEOUT 0.011220
 18         25         28         62      0.0112         40          40      0.0000      0.1991
ALPHA 1.1543 MaxIteration 1669  TIMEOUT 0.012207
 19         25         28         62      0.0122         40          40      0.0000      0.2291
ALPHA 1.1283 MaxIteration 1926  TIMEOUT 0.015441
 20         25         28         62      0.0154         40          40      0.0000      0.2591
ALPHA 1.1034 MaxIteration 2173  TIMEOUT 0.017143
 21         25         28         62      0.0171         40          40      0.0000      0.2891
ALPHA 1.0795 MaxIteration 2397  TIMEOUT 0.019387
 22         25         28         62      0.0194         40          40      0.0000      0.3191
ALPHA 1.0567 MaxIteration 2587  TIMEOUT 0.018375
 23         25         28         62      0.0184         40          40      0.0000      0.3491
ALPHA 1.0349 MaxIteration 2733  TIMEOUT 0.022032
 24         25         28         62      0.0220         40          40      0.0000      0.3991
ALPHA 1.0349 MaxIteration 2828  TIMEOUT 0.020835
 25         25         28         62      0.0208         40          40      0.0000      0.4491
ALPHA 1.0349 MaxIteration 2926  TIMEOUT 0.023438
 26         25         28         62      0.0234         40          40      0.0000      0.4991
ALPHA 1.0349 MaxIteration 3027  TIMEOUT 0.022962
 27         25         28         62      0.0230         40          40      0.0000      0.5491
ALPHA 1.0349 MaxIteration 3132  TIMEOUT 0.023965
 28         25         28         62      0.0240         40          40      0.0000      0.5991
ALPHA 1.0349 MaxIteration 3241  TIMEOUT 0.025616
 29         25         28         62      0.0256         40          40      0.0000      0.6491
ALPHA 1.0349 MaxIteration 3353  TIMEOUT 0.025853
 30         25         28         62      0.0259         40          40      0.0000      0.6991
ALPHA 1.0349 MaxIteration 3469  TIMEOUT 0.027827
 31         25         28         62      0.0278         40          40      0.0000      0.7491
ALPHA 1.0349 MaxIteration 3589  TIMEOUT 0.027895
 32         25         28         62      0.0279         40          40      0.0000      0.7991
ALPHA 1.0349 MaxIteration 3714  TIMEOUT 0.028506
 33         25         28         62      0.0285         40          40      0.0000      0.8491
ALPHA 1.0349 MaxIteration 3843  TIMEOUT 0.031508
 34         25         28         62      0.0315         40          40      0.0000      0.9191
ALPHA 1.0349 MaxIteration 3976  TIMEOUT 0.030629
 35         25         28         62      0.0306         40          40      0.0000      0.9891
ALPHA 1.0349 MaxIteration 4114  TIMEOUT 0.033309
 36         25         28         62      0.0333         40          40      0.0000      1.0591
ALPHA 1.0349 MaxIteration 4257  TIMEOUT 0.033483
 37         25         28         62      0.0335         40          40      0.0000      1.1291
ALPHA 1.0349 MaxIteration 4405  TIMEOUT 0.034587
 38         25         28         62      0.0346         40          40      0.0000      1.1991
ALPHA 1.0349 MaxIteration 4558  TIMEOUT 0.032455
 39         25         28         62      0.0325         40          40      0.0000      1.2691
ALPHA 1.0349 MaxIteration 4716  TIMEOUT 0.036091
 40         25         28         62      0.0361         40          40      0.0000      1.3391
ALPHA 1.0349 MaxIteration 4880  TIMEOUT 0.039777
 41         25         28         62      0.0398         40          40      0.0000      1.4091
ALPHA 1.0349 MaxIteration 5050  TIMEOUT 0.038950
 42         25         28         62      0.0390         40          40      0.0000      1.4791
ALPHA 1.0349 MaxIteration 5226  TIMEOUT 0.040563
 43         25         28         62      0.0406         40          40      0.0000      1.5591
ALPHA 1.0349 MaxIteration 5408  TIMEOUT 0.042068
 44         25         28         62      0.0421         40          40      0.0000      1.6491
ALPHA 1.0349 MaxIteration 5596  TIMEOUT 0.043923
 45         25         28         62      0.0439         40          40      0.0000      1.7391
ALPHA 1.0349 MaxIteration 5791  TIMEOUT 0.044634
 46         25         28         62      0.0446         40          40      0.0000      1.8291
ALPHA 1.0349 MaxIteration 5992  TIMEOUT 0.047020
 47         25         28         62      0.0470         40          40      0.0000      1.9191
ALPHA 1.0349 MaxIteration 6200  TIMEOUT 0.048884
 48         25         28         62      0.0489         40          40      0.0000      2.0091
ALPHA 1.0349 MaxIteration 6416  TIMEOUT 0.051055
 49         25         28         62      0.0511         40          40      0.0000      2.1191
ALPHA 1.0349 MaxIteration 6639  TIMEOUT 0.050564
 50         25         28         62      0.0506         40          40      0.0000      2.2291
ALPHA 1.0349 MaxIteration 6870  TIMEOUT 0.053652
 51         25         28         62      0.0537         40          40      0.0000      2.3391
ALPHA 1.0349 MaxIteration 7109  TIMEOUT 0.056316
 52         25         28         62      0.0563         40          40      0.0000      2.4491
ALPHA 1.0349 MaxIteration 7356  TIMEOUT 0.058164
 53         25         28         62      0.0582         40          40      0.0000      2.5591
ALPHA 1.0349 MaxIteration 7612  TIMEOUT 0.055420
 54         25         28         62      0.0554         40          40      0.0000      2.6691
ALPHA 1.0349 MaxIteration 7877  TIMEOUT 0.060474
 55         25         28         62      0.0605         40          40      0.0000      2.7991
ALPHA 1.0349 MaxIteration 8151  TIMEOUT 0.063575
 56         25         28         62      0.0636         40          40      0.0000      2.9291
ALPHA 1.0349 MaxIteration 8435  TIMEOUT 0.064124
 57         25         28         62      0.0641         40          40      0.0000      3.0591
ALPHA 1.0349 MaxIteration 8729  TIMEOUT 0.065633
 58         25         28         62      0.0656         40          40      0.0000      3.1891
ALPHA 1.0349 MaxIteration 9033  TIMEOUT 0.068889
 59         25         28         62      0.0689         40          40      0.0000      3.3191
ALPHA 1.0349 MaxIteration 9347  TIMEOUT 0.068923
 60         25         28         62      0.0689         40          40      0.0000      3.4491
ALPHA 1.0349 MaxIteration 9672  TIMEOUT 0.071833
 61         25         28         62      0.0718         40          40      0.0000      3.5991
ALPHA 1.0349 MaxIteration 10009  TIMEOUT 0.079067
 62         25         28         62      0.0791         40          40      0.0000      3.7491
ALPHA 1.0349 MaxIteration 10357  TIMEOUT 0.081578
 63         25         28         62      0.0816         40          40      0.0000      3.9191
ALPHA 1.0349 MaxIteration 10718  TIMEOUT 0.081676
 64         25         28         62      0.0817         40          40      0.0000      4.0891
ALPHA 1.0349 MaxIteration 11091  TIMEOUT 0.083634
 65         25         28         62      0.0836         40          40      0.0000      4.2591
ALPHA 1.0349 MaxIteration 11477  TIMEOUT 0.085347
 66         25         28         62      0.0853         40          40      0.0000      4.4291
ALPHA 1.0349 MaxIteration 11877  TIMEOUT 0.091574
 67         25         28         62      0.0916         40          40      0.0000      4.6191
ALPHA 1.0349 MaxIteration 12291  TIMEOUT 0.094490
 68         25         28         62      0.0945         40          40      0.0000      4.8091
ALPHA 1.0349 MaxIteration 12719  TIMEOUT 0.094070
 69         25         28         62      0.0941         40          40      0.0000      4.9891
ALPHA 1.0349 MaxIteration 13162  TIMEOUT 0.101368
 70         25         28         62      0.1014         40          40      0.0000      5.1991
ALPHA 1.0349 MaxIteration 13620  TIMEOUT 0.101065
 71         25         28         62      0.1011         40          40      0.0000      5.4091
ALPHA 1.0349 MaxIteration 14094  TIMEOUT 0.102095
 72         25         28         62      0.1021         40          40      0.0000      5.6191
ALPHA 1.0349 MaxIteration 14585  TIMEOUT 0.107516
 73         25         28         62      0.1075         40          40      0.0000      5.8291
ALPHA 1.0349 MaxIteration 15093  TIMEOUT 0.114965
 74         25         28         62      0.1150         40          40      0.0000      6.0591
ALPHA 1.0349 MaxIteration 15619  TIMEOUT 0.122244
 75         25         28         62      0.1222         40          40      0.0000      6.3091
ALPHA 1.0349 MaxIteration 16163  TIMEOUT 0.120549
 76         25         28         62      0.1205         40          40      0.0000      6.5591
ALPHA 1.0349 MaxIteration 16726  TIMEOUT 0.126126
 77         25         28         62      0.1261         40          40      0.0000      6.7991
ALPHA 1.0349 MaxIteration 17309  TIMEOUT 0.130133
 78         25         28         62      0.1301         40          40      0.0000      7.0691
ALPHA 1.0349 MaxIteration 17912  TIMEOUT 0.134587
 79         25         28         62      0.1346         40          40      0.0000      7.3391
ALPHA 1.0349 MaxIteration 18536  TIMEOUT 0.137806
 80         25         28         62      0.1378         40          40      0.0000      7.6091
ALPHA 1.0349 MaxIteration 19182  TIMEOUT 0.149009
 81         25         28         62      0.1490         40          40      0.0000      7.8991
ALPHA 1.0349 MaxIteration 19850  TIMEOUT 0.153700
 82         25         28         62      0.1537         40          40      0.0000      8.2091
ALPHA 1.0349 MaxIteration 20541  TIMEOUT 0.154418
 83         25         28         62      0.1544         40          40      0.0000      8.5191
ALPHA 1.0349 MaxIteration 21257  TIMEOUT 0.159490
 84         25         28         62      0.1595         40          40      0.0000      8.8291
ALPHA 1.0349 MaxIteration 21997  TIMEOUT 0.171191
 85         25         28         62      0.1712         40          40      0.0000      9.1791
ALPHA 1.0349 MaxIteration 22763  TIMEOUT 0.182014
 86         25         28         62      0.1820         40          40      0.0000      9.5491
ALPHA 1.0349 MaxIteration 23556  TIMEOUT 0.186205
 87         25         28         62      0.1862         40          40      0.0000      9.9191
ALPHA 1.0349 MaxIteration 24377  TIMEOUT 0.185494
 88         25         28         62      0.1855         40          40      0.0000     10.2891
ALPHA 1.0349 MaxIteration 25226  TIMEOUT 0.201229
 89         25         28         62      0.2012         40          40      0.0000     10.6991
ALPHA 1.0349 MaxIteration 26105  TIMEOUT 0.198223
 90         25         28         62      0.1982         40          40      0.0000     11.0808
ALPHA 1.0349 MaxIteration 27014  TIMEOUT 0.209306
 91         25         28         62      0.2093         40          40      0.0000     11.4991
ALPHA 1.0349 MaxIteration 27955  TIMEOUT 0.218086
 92         25         28         62      0.2181         40          40      0.0000     11.9291
ALPHA 1.0349 MaxIteration 28929  TIMEOUT 0.224631
 93         25         28         62      0.2246         40          40      0.0000     12.3791
ALPHA 1.0349 MaxIteration 29937  TIMEOUT 0.230415
 94         25         28         62      0.2304         40          40      0.0000     12.8491
ALPHA 1.0349 MaxIteration 30980  TIMEOUT 0.233881
 95         25         28         62      0.2339         40          40      0.0000     13.3191
ALPHA 1.0349 MaxIteration 32059  TIMEOUT 0.246368
 96         25         28         62      0.2464         40          40      0.0000     13.8091
ALPHA 1.0349 MaxIteration 33176  TIMEOUT 0.259252
 97         25         28         62      0.2593         40          40      0.0000     14.3091
ALPHA 1.0349 MaxIteration 34332  TIMEOUT 0.270780
 98         25         28         62      0.2708         40          40      0.0000     14.8591
ALPHA 1.0349 MaxIteration 35528  TIMEOUT 0.271755
 99         25         28         62      0.2718         40          40      0.0000     15.4091
ALPHA 1.0349 MaxIteration 36766  TIMEOUT 0.287392
100         25         28         62      0.2874         40          40      0.0000     15.9791
ALPHA 1.0349 MaxIteration 38047  TIMEOUT 0.295213
101         25         28         62      0.2952         40          40      0.0000     16.5691
ALPHA 1.0349 MaxIteration 39373  TIMEOUT 0.306058
102         25         28         62      0.3061         40          40      0.0000     17.1791
ALPHA 1.0349 MaxIteration 40745  TIMEOUT 0.312824
103         25         28         62      0.3128         40          40      0.0000     17.8091
ALPHA 1.0349 MaxIteration 42165  TIMEOUT 0.318633
104         25         28         62      0.3186         40          40      0.0000     18.4391
ALPHA 1.0349 MaxIteration 43634  TIMEOUT 0.338308
105         25         28         62      0.3383         40          40      0.0000     19.1091
ALPHA 1.0349 MaxIteration 45155  TIMEOUT 0.344606
106         25         28         62      0.3446         40          40      0.0000     19.7891
ALPHA 1.0349 MaxIteration 46729  TIMEOUT 0.210877
107         25         28         62      0.2109>>> T1_50_1000_0.wclq |V| 50 |E| 1000  (#LB 0.0000 28 ---> 28  0.4286  40 <--- 40  0.0000 #UB)  #solve_ime 20.0000 read_time 0.0009 
