>>IBM: |V|=150 |E|=2000
>>IBM: The maximum node weight is 1235
/public/home/acs4vb4pqv/benchmarks/MWDS2026/T2_wclq/T2_150_2000_1.wclq #seed 102 #alpha 1.900 #timeout 0.100 K=5 RHO=0.05 Q0=0.90 BETA=3.5 AQ_MODE=guarded SAFE_AQ_MIN_GAP=0.050 SAFE_AQ_MIN_NODES=800 AQ_SLOPE_MARGIN=1.05 AQ_MAX_UB_DRIFT=0.25
[v19] |V|=150 |E|=2000 density=13.33 USE_ADVANCED=0
#Rd        #LB        #LB*       #UB       #Time        #UB+        #UB*      #Time      #TotalTime
First Gap  0.188867
ALPHA 1.9000 MaxIteration 500  TIMEOUT 0.041286
  1        503        503        598      0.0413
 [AQ small-headroom probe] gap=0.1889 density=13.33 |V|=150 => Light RL (K=3, 5.0%)
ALPHA 1.9000 MaxIteration 3  TIMEOUT 0.001126
  2        486        503        675      0.0011ALPHA 1.8304 MaxIteration 5  TIMEOUT 0.001428
  3        490        503        635      0.0014 [AQ guard] no early LB gain, disabling AQ
        598         598      0.0000      0.0500
ALPHA 1.7658 MaxIteration 9  TIMEOUT 0.000731
  4        488        503        615      0.0007        598         598      0.0000      0.0600
ALPHA 1.7056 MaxIteration 15  TIMEOUT 0.001626
  5        441        503        632      0.0016        598         598      0.0000      0.0700
ALPHA 1.6493 MaxIteration 25  TIMEOUT 0.001979
  6        462        503        601      0.0020        598         598      0.0000      0.0800
ALPHA 1.5966 MaxIteration 41  TIMEOUT 0.003146
  7        456        503        598      0.0031        598         598      0.0000      0.0900
ALPHA 1.5472 MaxIteration 65  TIMEOUT 0.009084
  8        500        503        598      0.0091        598         598      0.0000      0.1000
ALPHA 1.5008 MaxIteration 100  TIMEOUT 0.008232
  9        473        503        601      0.0082        601         598      0.0000      0.1100
ALPHA 1.4571 MaxIteration 150  TIMEOUT 0.010946
 10        488        503        598      0.0109        598         598      0.0000      0.1400
ALPHA 1.4158 MaxIteration 218  TIMEOUT 0.027397
 11        503        503        598      0.0274        598         598      0.0000      0.1900
ALPHA 1.3768 MaxIteration 308  TIMEOUT 0.044254
 12        508        508        598      0.0443        598         598      0.0000      0.2800
ALPHA 1.3399 MaxIteration 424  TIMEOUT 0.077705
 13        508        508        598      0.0777        598         598      0.0000      0.4300
ALPHA 1.3049 MaxIteration 568  TIMEOUT 0.085906
 14        508        508        598      0.0859        598         598      0.0000      0.6000
ALPHA 1.2718 MaxIteration 741  TIMEOUT 0.100502
 15        508        508        598      0.1005        598         598      0.0000      0.8100
ALPHA 1.2402 MaxIteration 942  TIMEOUT 0.125041
 16        500        508        598      0.1250        598         598      0.0000      1.0540
ALPHA 1.2102 MaxIteration 1168  TIMEOUT 0.139352
 17        508        508        598      0.1394        598         598      0.0000      1.3300
ALPHA 1.1816 MaxIteration 1413  TIMEOUT 0.158991
 18        494        508        598      0.1590        598         598      0.0000      1.6400
ALPHA 1.1543 MaxIteration 1669  TIMEOUT 0.210065
 19        499        508        598      0.2101        598         598      0.0000      2.0600
ALPHA 1.1283 MaxIteration 1926  TIMEOUT 0.226850
 20        494        508        598      0.2268        598         598      0.0000      2.5100
ALPHA 1.1034 MaxIteration 2173  TIMEOUT 0.284264
 21        492        508        598      0.2843        598         598      0.0000      3.0800
ALPHA 1.0795 MaxIteration 2397  TIMEOUT 0.232834
 22        503        508        598      0.2328        598         598      0.0000      3.5400
ALPHA 1.0567 MaxIteration 2587  TIMEOUT 0.353716
 23        503        508        598      0.3537        598         598      0.0000      4.2400
ALPHA 1.0349 MaxIteration 2733  TIMEOUT 0.205274
 24        494        508        598      0.2053        598         598      0.0000      4.6500
ALPHA 1.0349 MaxIteration 2828  TIMEOUT 0.191990
 25        484        508        598      0.1920        598         598      0.0000      5.0300
ALPHA 1.0349 MaxIteration 2926  TIMEOUT 0.413877
 26        503        508        598      0.4139        598         598      0.0000      5.8500
ALPHA 1.0349 MaxIteration 3027  TIMEOUT 0.297183
 27        488        508        598      0.2972        598         598      0.0000      6.4300
ALPHA 1.0349 MaxIteration 3132  TIMEOUT 0.451302
 28        503        508        598      0.4513        598         598      0.0000      7.3300
ALPHA 1.0349 MaxIteration 3241  TIMEOUT 0.213276
 29        484        508        598      0.2133        598         598      0.0000      7.7600
ALPHA 1.0349 MaxIteration 3353  TIMEOUT 0.273207
 30        484        508        598      0.2732        598         598      0.0000      8.3100
ALPHA 1.0349 MaxIteration 3469  TIMEOUT 0.378278
 31        493        508        598      0.3783        598         598      0.0000      9.0500
ALPHA 1.0349 MaxIteration 3589  TIMEOUT 0.409471
 32        497        508        598      0.4095        598         598      0.0000      9.8500
ALPHA 1.0349 MaxIteration 3714  TIMEOUT 0.266282
 33        493        508        598      0.2663        598         598      0.0000     10.3800
ALPHA 1.0349 MaxIteration 3843  TIMEOUT 0.570163
 34        502        508        598      0.5702        598         598      0.0000     11.5300
ALPHA 1.0349 MaxIteration 3976  TIMEOUT 0.340813
 35        486        508        598      0.3408        598         598      0.0000     12.2000
ALPHA 1.0349 MaxIteration 4114  TIMEOUT 0.647917
 36        503        508        598      0.6479        598         598      0.0000     13.4700
ALPHA 1.0349 MaxIteration 4257  TIMEOUT 0.261792
 37        484        508        598      0.2618        598         598      0.0000     13.9900
ALPHA 1.0349 MaxIteration 4405  TIMEOUT 0.938289
 38        508        508        598      0.9383        598         598      0.0000     15.8400
ALPHA 1.0349 MaxIteration 4558  TIMEOUT 0.306603
 39        484        508        598      0.3066        598         598      0.0000     16.4400
ALPHA 1.0349 MaxIteration 4716  TIMEOUT 0.633511
 40        496        508        598      0.6335        598         598      0.0000     17.6900
ALPHA 1.0349 MaxIteration 4880  TIMEOUT 0.826558
 41        503        508        598      0.8266        598         598      0.0000     19.3300
ALPHA 1.0349 MaxIteration 5050  TIMEOUT 0.437467
 42        493        508        598      0.4375        598         598      0.0000     20.0000
>>> T2_150_2000_1.wclq |V| 150 |E| 2000  (#LB 0.0099 503 ---> 508  0.1772  598 <--- 598  0.0000 #UB)  #solve_ime 20.0000 read_time 0.0000 
