With  Parameters CUTOFF 20 SEED 101  ALPHA = 1.900  K=5 RHO=0.05 Q0=0.90 BETA=3.0 AQ_MODE=guarded
Reading  graph ...  time 0.000531  
Reducing graph ...  time 0.025169  
[v6] |V|=200 |E|=2000 density=10.00 USE_ADVANCED=0 SAFE_AQ_MIN_GAP=0.000 DEEP_AQ_RANGE=[800, 5.00, 10.00] structure_blocks_aq=1 AQ_SLOPE_MARGIN=1.15 AQ_MAX_UB_DRIFT=0.20
#Rd        #LB        #LB*       #UB       #Time        #UB+        #UB*      #Time      #TotalTime
First Gap  1.328283
  1        198        198        461      0.0385
 Switch to DBS-only search, timeout 0.038526....
 [Online-safe AQ structure guard] |V|=200 density=10.00 outside [800, 5.00, 10.00], disabling AQ
        416         416      0.0208        0.1621
ALPHA 1.9000 MaxIteration 3  TIMEOUT 0.038526
  2        195        198        521      0.0003        446         416      0.0002        0.1627
ALPHA 1.8304 MaxIteration 5  TIMEOUT 0.000591
  3        196        198        566      0.0006        438         416      0.0005        0.1640
ALPHA 1.7658 MaxIteration 9  TIMEOUT 0.001106
  4        192        198        519      0.0009        425         416      0.0008        0.1658
ALPHA 1.7056 MaxIteration 15  TIMEOUT 0.001598
  5        209        209        476      0.0017        424         416      0.0007        0.1691
ALPHA 1.6493 MaxIteration 25  TIMEOUT 0.002816
  6        199        209        519      0.0020        422         416      0.0010        0.1731
ALPHA 1.5966 MaxIteration 41  TIMEOUT 0.003317
  7        210        210        522      0.0034        416         416      0.0019        0.1809
ALPHA 1.5472 MaxIteration 65  TIMEOUT 0.005393
  8        212        212        530      0.0054        416         416      0.0017        0.1917
ALPHA 1.5008 MaxIteration 100  TIMEOUT 0.008374
  9        211        212        521      0.0084        416         416      0.0020        0.2087
ALPHA 1.4571 MaxIteration 150  TIMEOUT 0.012661
 10        213        213        482      0.0127        416         416      0.0006        0.2341
ALPHA 1.4158 MaxIteration 218  TIMEOUT 0.018515
 11        221        221        513      0.0186        416         416      0.0021        0.2712
ALPHA 1.3768 MaxIteration 308  TIMEOUT 0.026269
 12        214        221        489      0.0263        416         416      0.0036        0.3239
ALPHA 1.3399 MaxIteration 424  TIMEOUT 0.036260
 13        221        221        502      0.0363        416         416      0.0080        0.3966
ALPHA 1.3049 MaxIteration 568  TIMEOUT 0.048648
 14        222        222        499      0.0487        416         416      0.0141        0.4940
ALPHA 1.2718 MaxIteration 741  TIMEOUT 0.063572
 15        221        222        476      0.0637        416         416      0.0284        0.6224
ALPHA 1.2402 MaxIteration 942  TIMEOUT 0.080957
 16        220        222        464      0.0810        416         416      0.0014        0.7843
ALPHA 1.2102 MaxIteration 1168  TIMEOUT 0.100407
 17        220        222        476      0.1004        416         416      0.0016        0.9862
ALPHA 1.1816 MaxIteration 1413  TIMEOUT 0.121556
 18        213        222        467      0.1216        416         416      0.0039        1.2315
ALPHA 1.1543 MaxIteration 1669  TIMEOUT 0.143705
 19        215        222        495      0.1438        416         416      0.0045        1.5200
ALPHA 1.1283 MaxIteration 1926  TIMEOUT 0.165933
 20        212        222        483      0.1660        416         416      0.0018        1.8541
ALPHA 1.1034 MaxIteration 2173  TIMEOUT 0.187293
 21        215        222        491      0.1873        416         416      0.0064        2.2297
ALPHA 1.0795 MaxIteration 2397  TIMEOUT 0.206681
 22        212        222        489      0.2067        416         416      0.0077        2.6433
ALPHA 1.0567 MaxIteration 2587  TIMEOUT 0.223195
 23        213        222        500      0.2102        416         416      0.0866        3.0657
ALPHA 1.0349 MaxIteration 2733  TIMEOUT 0.222127
 24        214        222        483      0.2222        416         416      0.0021        3.5151
ALPHA 1.0349 MaxIteration 2828  TIMEOUT 0.229904
 25        214        222        464      0.2299        416         416      0.0019        3.9780
ALPHA 1.0349 MaxIteration 2926  TIMEOUT 0.237934
 26        212        222        467      0.2380        416         416      0.0040        4.4561
ALPHA 1.0349 MaxIteration 3027  TIMEOUT 0.246288
 27        212        222        464      0.2463        416         416      0.0108        4.9508
ALPHA 1.0349 MaxIteration 3132  TIMEOUT 0.254919
 28        214        222        482      0.2549        416         416      0.0153        5.4618
ALPHA 1.0349 MaxIteration 3241  TIMEOUT 0.263825
 29        218        222        489      0.2638        416         416      0.0011        5.9915
ALPHA 1.0349 MaxIteration 3353  TIMEOUT 0.273042
 30        212        222        489      0.2730        416         416      0.0067        6.5387
ALPHA 1.0349 MaxIteration 3469  TIMEOUT 0.282567
 31        218        222        489      0.2826        416         416      0.0061        7.1070
ALPHA 1.0349 MaxIteration 3589  TIMEOUT 0.292489
 32        218        222        489      0.2925        416         416      0.0041        7.6941
ALPHA 1.0349 MaxIteration 3714  TIMEOUT 0.302734
 33        218        222        489      0.3028        416         416      0.0066        8.3028
ALPHA 1.0349 MaxIteration 3843  TIMEOUT 0.313365
 34        218        222        489      0.3134        416         416      0.0009        8.9326
ALPHA 1.0349 MaxIteration 3976  TIMEOUT 0.324306
 35        218        222        489      0.3243        416         416      0.0020        9.5844
ALPHA 1.0349 MaxIteration 4114  TIMEOUT 0.335655
 36        218        222        489      0.3357        416         416      0.0063       10.2598
ALPHA 1.0349 MaxIteration 4257  TIMEOUT 0.347362
 37        218        222        489      0.3474        416         416      0.0010       10.9586
ALPHA 1.0349 MaxIteration 4405  TIMEOUT 0.359472
 38        212        222        489      0.3595        416         416      0.0018       11.6806
ALPHA 1.0349 MaxIteration 4558  TIMEOUT 0.372007
 39        212        222        489      0.3721        416         416      0.0017       12.4288
ALPHA 1.0349 MaxIteration 4716  TIMEOUT 0.385023
 40        218        222        489      0.3850        416         416      0.0059       13.2010
ALPHA 1.0349 MaxIteration 4880  TIMEOUT 0.398470
 41        212        222        489      0.3985        416         416      0.0116       19.9998
>>> T1_200_2000_8.wclq |V| 200 |E| 2000  (#LB 0.1212 198 ---> 222  0.4663  416 <--- 461  0.0976 #UB)  #read_time 0.0005  #reduce_time 0.0252  #solve_time 19.9998  #total_time 20.0255
 