>>IBM: |V|=200 |E|=2000
>>IBM: The maximum node weight is 49
/public/home/acs4vb4pqv/benchmarks/MWDS2026/T1_wclq/T1_200_2000_8.wclq #seed 1 #alpha 1.900 #timeout 0.100 K=5 RHO=0.05 Q0=0.90 BETA=3.5 AQ_MODE=guarded SAFE_AQ_MIN_GAP=0.000 SAFE_AQ_MIN_NODES=800 AQ_SLOPE_MARGIN=1.05 AQ_MAX_UB_DRIFT=0.25
[v19] |V|=200 |E|=2000 density=10.00 USE_ADVANCED=0
#Rd        #LB        #LB*       #UB       #Time        #UB+        #UB*      #Time      #TotalTime
First Gap  1.328283
ALPHA 1.9000 MaxIteration 500  TIMEOUT 0.038337
  1        198        198        461      0.0383
 [AQ small-headroom probe] gap=1.3283 density=10.00 |V|=200 => Light RL (K=3, 5.0%)
ALPHA 1.9000 MaxIteration 3  TIMEOUT 0.001218
  2        202        202        548      0.0012ALPHA 1.8304 MaxIteration 5  TIMEOUT 0.003089
  3        209        209        570      0.0031ALPHA 1.7658 MaxIteration 9  TIMEOUT 0.004964
  4        199        209        496      0.0050ALPHA 1.7056 MaxIteration 15  TIMEOUT 0.012078
  5        224        224        501      0.0121ALPHA 1.6493 MaxIteration 25  TIMEOUT 0.008028
  6        225        225        517      0.0080ALPHA 1.5966 MaxIteration 41  TIMEOUT 0.021935
  7        223        225        529      0.0219ALPHA 1.5472 MaxIteration 65  TIMEOUT 0.040703
  8        228        228        468      0.0407ALPHA 1.5008 MaxIteration 100  TIMEOUT 0.042118
  9        228        228        492      0.0421ALPHA 1.4571 MaxIteration 150  TIMEOUT 0.057029
 10        224        228        497      0.0570 [AQ guard] no early LB gain, disabling AQ
        416         416      0.0300      0.2888
ALPHA 1.4158 MaxIteration 218  TIMEOUT 0.017651
 11        199        228        488      0.0177        421         416      0.0100      0.3188
ALPHA 1.3768 MaxIteration 308  TIMEOUT 0.031612
 12        203        228        476      0.0316        416         416      0.0000      0.3888
ALPHA 1.3399 MaxIteration 424  TIMEOUT 0.041442
 13        194        228        470      0.0414        416         416      0.0000      0.4788
ALPHA 1.3049 MaxIteration 568  TIMEOUT 0.085818
 14        194        228        444      0.0858        416         416      0.0000      0.6488
ALPHA 1.2718 MaxIteration 741  TIMEOUT 0.111380
 15        202        228        454      0.1114        416         416      0.0100      0.8788
ALPHA 1.2402 MaxIteration 942  TIMEOUT 0.118517
 16        190        228        458      0.1185        416         416      0.0200      1.1088
ALPHA 1.2102 MaxIteration 1168  TIMEOUT 0.106845
 17        201        228        466      0.1068        416         416      0.0100      1.3088
ALPHA 1.1816 MaxIteration 1413  TIMEOUT 0.147379
 18        198        228        451      0.1474        416         416      0.0100      1.5988
ALPHA 1.1543 MaxIteration 1669  TIMEOUT 0.164815
 19        209        228        463      0.1648        416         416      0.0100      1.9188
ALPHA 1.1283 MaxIteration 1926  TIMEOUT 0.332935
 20        200        228        451      0.3329        416         416      0.0000      2.5788
ALPHA 1.1034 MaxIteration 2173  TIMEOUT 0.399723
 21        204        228        463      0.3997        416         416      0.0100      3.3688
ALPHA 1.0795 MaxIteration 2397  TIMEOUT 0.324364
 22        211        228        451      0.3244        416         416      0.0000      4.0088
ALPHA 1.0567 MaxIteration 2587  TIMEOUT 0.238109
 23        192        228        450      0.2381        416         416      0.0100      4.4688
ALPHA 1.0349 MaxIteration 2733  TIMEOUT 0.259972
 24        195        228        466      0.2600        416         416      0.0000      4.9788
ALPHA 1.0349 MaxIteration 2828  TIMEOUT 0.426773
 25        203        228        468      0.4268        416         416      0.0300      5.8188
ALPHA 1.0349 MaxIteration 2926  TIMEOUT 0.328512
 26        203        228        462      0.3285        416         416      0.0000      6.4588
ALPHA 1.0349 MaxIteration 3027  TIMEOUT 0.248777
 27        192        228        456      0.2488        416         416      0.0100      6.9488
ALPHA 1.0349 MaxIteration 3132  TIMEOUT 0.446907
 28        193        228        465      0.4469        416         416      0.0100      7.8288
ALPHA 1.0349 MaxIteration 3241  TIMEOUT 0.262915
 29        193        228        471      0.2629        416         416      0.0000      8.3488
ALPHA 1.0349 MaxIteration 3353  TIMEOUT 0.276453
 30        192        228        456      0.2765        416         416      0.0200      8.8888
ALPHA 1.0349 MaxIteration 3469  TIMEOUT 0.284501
 31        195        228        456      0.2845        416         416      0.0000      9.4588
ALPHA 1.0349 MaxIteration 3589  TIMEOUT 0.411862
 32        194        228        456      0.4119        416         416      0.0000     10.2688
ALPHA 1.0349 MaxIteration 3714  TIMEOUT 0.316894
 33        193        228        456      0.3169        416         416      0.0000     10.8988
ALPHA 1.0349 MaxIteration 3843  TIMEOUT 0.324000
 34        194        228        442      0.3240        416         416      0.0000     11.5388
ALPHA 1.0349 MaxIteration 3976  TIMEOUT 0.342131
 35        195        228        456      0.3421        416         416      0.0000     12.2088
ALPHA 1.0349 MaxIteration 4114  TIMEOUT 0.590550
 36        198        228        456      0.5906        416         416      0.0000     13.3888
ALPHA 1.0349 MaxIteration 4257  TIMEOUT 0.615672
 37        195        228        456      0.6157        416         416      0.0200     14.6088
ALPHA 1.0349 MaxIteration 4405  TIMEOUT 0.512547
 38        196        228        465      0.5125        416         416      0.0000     15.6188
ALPHA 1.0349 MaxIteration 4558  TIMEOUT 0.380585
 39        195        228        456      0.3806        416         416      0.0300     16.3788
ALPHA 1.0349 MaxIteration 4716  TIMEOUT 0.443311
 40        193        228        459      0.4433        416         416      0.0000     17.2488
ALPHA 1.0349 MaxIteration 4880  TIMEOUT 0.401280
 41        194        228        460      0.4013        416         416      0.0000     18.0488
ALPHA 1.0349 MaxIteration 5050  TIMEOUT 0.441143
 42        196        228        463      0.4411        416         416      0.0200     18.9288
ALPHA 1.0349 MaxIteration 5226  TIMEOUT 0.455259
 43        195        228        462      0.4553        416         416      0.0000     19.8288
ALPHA 1.0349 MaxIteration 5408  TIMEOUT 0.171232
 44        196        228        456      0.1712>>> T1_200_2000_8.wclq |V| 200 |E| 2000  (#LB 0.1515 198 ---> 228  0.8246  416 <--- 461  0.0976 #UB)  #solve_ime 20.0001 read_time 0.0012 
