With  Parameters CUTOFF 3600 SEED 4  ALPHA = 1.900  K=5 RHO=0.05 Q0=0.90 BETA=3.0
Reading  graph ...  time 2.184901  
Reducing graph ...  time 0.114320  
[v6] |V|=509338 |E|=7178413 density=14.09 USE_ADVANCED=1
#Rd        #LB        #LB*       #UB       #Time        #UB+        #UB*      #Time      #TotalTime
First Gap  0.000113
  1    2567317    2567317    2567607      1.6402
 Switch to dual bound search, timeout 1.640203....
    2567607     2567607      0.0443        3.4409
ALPHA 1.9000 MaxIteration 3  TIMEOUT 1.640203
  2    2567317    2567317    2567687      0.3679    2567687     2567607      0.0614        4.2067
ALPHA 1.8304 MaxIteration 5  TIMEOUT 0.698921
  3    2567317    2567317    2567688      0.7645    2567688     2567607      0.0660        5.7650
ALPHA 1.7658 MaxIteration 9  TIMEOUT 1.399343
  4    2567316    2567317    2567620      1.1049    2567570     2567570      0.0700        7.9911
ALPHA 1.7056 MaxIteration 15  TIMEOUT 1.950979
  5    2567317    2567317    2567687      1.3481    2567687     2567570      0.0508       10.7061
ALPHA 1.6493 MaxIteration 25  TIMEOUT 2.299259
  6    2567318    2567318    2567570      2.3520    2567520     2567520      0.0438       15.4332
ALPHA 1.5966 MaxIteration 41  TIMEOUT 3.879089
  7    2567318    2567318    2567570      3.8831    2567520     2567520      0.0542       23.2735
ALPHA 1.5472 MaxIteration 65  TIMEOUT 6.199919
  8    2567317    2567318    2567620      6.2682    2567570     2567520      0.0950       35.9993
ALPHA 1.5008 MaxIteration 100  TIMEOUT 9.698326
  9    2567317    2567318    2567569      9.7226    2567519     2567519      0.0947       55.7727
ALPHA 1.4571 MaxIteration 150  TIMEOUT 14.591563
 10    2567317    2567318    2567608     13.9129    2567608     2567519      0.0559       83.8435
ALPHA 1.4158 MaxIteration 218  TIMEOUT 20.271913
 11    2567318    2567318    2567557     20.3859    2567557     2567519      0.1039      124.9563
ALPHA 1.3768 MaxIteration 308  TIMEOUT 28.862336
 12    2567318    2567318    2567570     28.8697    2567520     2567519      0.1117      183.2042
ALPHA 1.3399 MaxIteration 424  TIMEOUT 39.748097
 13    2567317    2567318    2567621     39.7948    2567571     2567519      0.0642      263.5442
ALPHA 1.3049 MaxIteration 568  TIMEOUT 53.321699
 14    2567318    2567318    2567570     53.3968    2567520     2567519      0.0668      371.2926
ALPHA 1.2718 MaxIteration 741  TIMEOUT 69.679876
 15    2567317    2567318    2567686     69.7023    2567686     2567519      0.0656      511.9036
ALPHA 1.2402 MaxIteration 942  TIMEOUT 88.644178
 16    2567318    2567318    2567570     88.7232    2567520     2567519      0.0736      690.8769
ALPHA 1.2102 MaxIteration 1168  TIMEOUT 110.035305
 17    2567318    2567318    2567570    110.0678    2567520     2567519      0.0678      912.8730
ALPHA 1.1816 MaxIteration 1413  TIMEOUT 133.203090
 18    2567318    2567318    2567568    133.2108    2567518     2567518      0.0782     1181.5823
ALPHA 1.1543 MaxIteration 1669  TIMEOUT 157.400882
 19    2567317    2567318    2567555    157.4445    2567555     2567518      0.0657     1499.2230
ALPHA 1.1283 MaxIteration 1926  TIMEOUT 181.740335
 20    2567317    2567318    2567619    181.7564    2567569     2567518      0.0916     1866.1958
ALPHA 1.1034 MaxIteration 2173  TIMEOUT 205.069586
 21    2567318    2567318    2567568    205.1504    2567518     2567518      0.1258     2280.2662
ALPHA 1.0795 MaxIteration 2397  TIMEOUT 226.356407
 22    2567317    2567318    2567684    226.3688    2567684     2567518      0.1228     3599.8904
>>> web-it-2004.clq |V| 509338 |E| 7178413  (#LB 0.0000 2567317 ---> 2567318  0.0001  2567518 <--- 2567607  0.0000 #UB)  #read_time 2.1849  #reduce_time 0.1143  #solve_time 3599.8905  #total_time 3602.1897
 