>>IBM: |V|=100 |E|=100
>>IBM: The maximum node weight is 49
/public/home/acs4vb4pqv/benchmarks/MWDS2026/T1_wclq/T1_100_100_2.wclq #seed 102 #alpha 1.900 #timeout 0.100 K=5 RHO=0.05 Q0=0.90 BETA=3.5
[v19] |V|=100 |E|=100 density=1.00 USE_ADVANCED=0
#Rd        #LB        #LB*       #UB       #Time        #UB+        #UB*      #Time      #TotalTime
First Gap  0.036204
ALPHA 1.9000 MaxIteration 500  TIMEOUT 0.009631
  1       1022       1022       1059      0.0096
 [Tier-2 Medium] gap=0.0362 density=1.00 |V|=100 => Standard RL (K=5, 15%)
ALPHA 1.9000 MaxIteration 3  TIMEOUT 0.003534
  2        998       1022       1148      0.0035ALPHA 1.8304 MaxIteration 5  TIMEOUT 0.004102
  3        992       1022       1148      0.0041ALPHA 1.7658 MaxIteration 9  TIMEOUT 0.004031
  4        997       1022       1160      0.0040ALPHA 1.7056 MaxIteration 15  TIMEOUT 0.015029
  5        996       1022       1109      0.0150ALPHA 1.6493 MaxIteration 25  TIMEOUT 0.017587
  6       1003       1022       1101      0.0176ALPHA 1.5966 MaxIteration 41  TIMEOUT 0.024815
  7       1003       1022       1078      0.0248ALPHA 1.5472 MaxIteration 65  TIMEOUT 0.029982
  8       1002       1022       1087      0.0300ALPHA 1.5008 MaxIteration 100  TIMEOUT 0.042309
  9       1006       1022       1090      0.0423ALPHA 1.4571 MaxIteration 150  TIMEOUT 0.081471
 10       1000       1022       1076      0.0815ALPHA 1.4158 MaxIteration 218  TIMEOUT 0.074716
 11       1006       1022       1078      0.0747ALPHA 1.3768 MaxIteration 308  TIMEOUT 0.087922
 12       1014       1022       1096      0.0879ALPHA 1.3399 MaxIteration 424  TIMEOUT 0.200546
 13       1016       1022       1096      0.2005ALPHA 1.3049 MaxIteration 568  TIMEOUT 0.215480
 14       1013       1022       1078      0.2155ALPHA 1.2718 MaxIteration 741  TIMEOUT 0.214778
 15       1008       1022       1104      0.2148ALPHA 1.2402 MaxIteration 942  TIMEOUT 0.278859
 16       1007       1022       1080      0.2789ALPHA 1.2102 MaxIteration 1168  TIMEOUT 0.334775
 17       1011       1022       1080      0.3348ALPHA 1.1816 MaxIteration 1413  TIMEOUT 0.417104
 18       1007       1022       1092      0.4171ALPHA 1.1543 MaxIteration 1669  TIMEOUT 0.500611
 19       1016       1022       1064      0.5006ALPHA 1.1283 MaxIteration 1926  TIMEOUT 0.933102
 20       1018       1022       1060      0.9331       1039        1039      0.0000      4.2800
ALPHA 1.1034 MaxIteration 2173  TIMEOUT 0.213793
 21       1014       1022       1078      0.2138       1039        1039      0.0000      4.6700
ALPHA 1.0795 MaxIteration 2397  TIMEOUT 0.626682
 22       1014       1022       1078      0.6267       1039        1039      0.0000      5.8300
ALPHA 1.0567 MaxIteration 2587  TIMEOUT 0.238729
 23       1017       1022       1080      0.2387       1039        1039      0.0100      6.2600
ALPHA 1.0349 MaxIteration 2733  TIMEOUT 0.156447
 24       1011       1022       1051      0.1564       1039        1039      0.0000      6.5406
ALPHA 1.0349 MaxIteration 2828  TIMEOUT 0.506266
 25       1016       1022       1078      0.5063       1039        1039      0.0000      7.4700
ALPHA 1.0349 MaxIteration 2926  TIMEOUT 0.163384
 26       1009       1022       1084      0.1634       1039        1039      0.0000      7.7800
ALPHA 1.0349 MaxIteration 3027  TIMEOUT 0.335855
 27       1006       1022       1084      0.3359       1039        1039      0.0000      8.4100
ALPHA 1.0349 MaxIteration 3132  TIMEOUT 0.204361
 28       1004       1022       1084      0.2044       1039        1039      0.0000      8.7900
ALPHA 1.0349 MaxIteration 3241  TIMEOUT 0.264982
 29       1010       1022       1084      0.2650       1039        1039      0.0000      9.2723
ALPHA 1.0349 MaxIteration 3353  TIMEOUT 0.270346
 30       1008       1022       1084      0.2703       1039        1039      0.0000      9.7800
ALPHA 1.0349 MaxIteration 3469  TIMEOUT 0.361298
 31       1008       1022       1084      0.3613       1039        1039      0.0000     10.4500
ALPHA 1.0349 MaxIteration 3589  TIMEOUT 0.281134
 32       1012       1022       1107      0.2811       1039        1039      0.0000     10.9800
ALPHA 1.0349 MaxIteration 3714  TIMEOUT 0.241068
 33       1001       1022       1107      0.2411       1039        1039      0.0000     11.4400
ALPHA 1.0349 MaxIteration 3843  TIMEOUT 0.263503
 34       1004       1022       1093      0.2635       1039        1039      0.0000     11.9200
ALPHA 1.0349 MaxIteration 3976  TIMEOUT 0.391268
 35       1004       1022       1092      0.3913       1039        1039      0.0000     12.6600
ALPHA 1.0349 MaxIteration 4114  TIMEOUT 0.378817
 36       1002       1022       1092      0.3788       1039        1039      0.0000     13.3500
ALPHA 1.0349 MaxIteration 4257  TIMEOUT 0.243301
 37       1002       1022       1099      0.2433       1039        1039      0.0000     13.8100
ALPHA 1.0349 MaxIteration 4405  TIMEOUT 0.264745
 38       1002       1022       1122      0.2647       1039        1039      0.0000     14.3100
ALPHA 1.0349 MaxIteration 4558  TIMEOUT 0.475936
 39       1001       1022       1104      0.4759       1039        1039      0.0000     15.1900
ALPHA 1.0349 MaxIteration 4716  TIMEOUT 0.420119
 40       1001       1022       1093      0.4201       1039        1039      0.0000     15.9800
ALPHA 1.0349 MaxIteration 4880  TIMEOUT 0.527569
 41       1006       1022       1093      0.5276       1039        1039      0.0000     16.9600
ALPHA 1.0349 MaxIteration 5050  TIMEOUT 0.420488
 42       1001       1022       1093      0.4205       1039        1039      0.0000     17.7500
ALPHA 1.0349 MaxIteration 5226  TIMEOUT 0.322250
 43       1002       1022       1092      0.3222       1039        1039      0.0000     18.3400
ALPHA 1.0349 MaxIteration 5408  TIMEOUT 0.345705
 44       1001       1022       1093      0.3457       1039        1039      0.0000     18.9800
ALPHA 1.0349 MaxIteration 5596  TIMEOUT 0.404181
 45        997       1022       1093      0.4042       1039        1039      0.0000     19.7369
ALPHA 1.0349 MaxIteration 5791  TIMEOUT 0.263164
 46        999       1022       1093      0.2632>>> T1_100_100_2.wclq |V| 100 |E| 100  (#LB 0.0000 1022 ---> 1022  0.0166  1039 <--- 1059  0.0189 #UB)  #solve_ime 20.0001 read_time 0.0000 
