>>IBM: |V|=1000 |E|=52120
>>IBM: The maximum node weight is 100
/public/home/acs4vb4pqv/benchmarks/MWDS2026/UDG_wclq/UDG_1000_200_8.wclq #seed 103 #alpha 1.900 #timeout 0.100 K=5 RHO=0.05 Q0=0.90 BETA=3.5
[v19] |V|=1000 |E|=52120 density=52.12 USE_ADVANCED=1
#Rd        #LB        #LB*       #UB       #Time        #UB+        #UB*      #Time      #TotalTime
First Gap  0.078947
ALPHA 1.9000 MaxIteration 500  TIMEOUT 0.345703
  1         38         38         41      0.3457
 [Tier-3 Hard] gap=0.0789 density=52.12 |V|=1000 => Heavy RL (K=8, 25%)
ALPHA 1.9000 MaxIteration 3  TIMEOUT 0.036344
  2         37         38         41      0.0363ALPHA 1.8304 MaxIteration 5  TIMEOUT 0.031391
  3         36         38         41      0.0314ALPHA 1.7658 MaxIteration 9  TIMEOUT 0.069135
  4         37         38         41      0.0691ALPHA 1.7056 MaxIteration 15  TIMEOUT 0.014604
  5         36         38         48      0.0146         41          41      0.0000      0.5170
ALPHA 1.6493 MaxIteration 25  TIMEOUT 0.023484
  6         32         38         41      0.0235         41          41      0.0000      0.5670
ALPHA 1.5966 MaxIteration 41  TIMEOUT 0.055406
  7         36         38         41      0.0554         41          41      0.0000      0.6770
ALPHA 1.5472 MaxIteration 65  TIMEOUT 0.078038
  8         37         38         41      0.0780         41          41      0.0000      0.8270
ALPHA 1.5008 MaxIteration 100  TIMEOUT 0.124760
  9         37         38         41      0.1248         41          41      0.0000      1.0769
ALPHA 1.4571 MaxIteration 150  TIMEOUT 0.154403
 10         35         38         41      0.1544         41          41      0.0000      1.3870
ALPHA 1.4158 MaxIteration 218  TIMEOUT 0.259579
 11         35         38         41      0.2596         41          41      0.0000      1.9070
ALPHA 1.3768 MaxIteration 308  TIMEOUT 0.398485
 12         35         38         41      0.3985         41          41      0.0000      2.6969
ALPHA 1.3399 MaxIteration 424  TIMEOUT 0.524529
 13         35         38         41      0.5245         41          41      0.0000      3.7470
ALPHA 1.3049 MaxIteration 568  TIMEOUT 0.609761
 14         35         38         41      0.6098         41          41      0.0000      4.9670
ALPHA 1.2718 MaxIteration 741  TIMEOUT 0.788752
 15         35         38         41      0.7888         41          41      0.0000      6.5370
ALPHA 1.2402 MaxIteration 942  TIMEOUT 0.845516
 16         36         38         41      0.8455         41          41      0.0000      8.2271
ALPHA 1.2102 MaxIteration 1168  TIMEOUT 1.367551
 17         35         38         41      1.3676
 [LB Done] stag=12 elapsed=48.0% => 10.4s to UB
         41          41      0.0000     19.9669
>>> UDG_1000_200_8.wclq |V| 1000 |E| 52120  (#LB 0.0000 38 ---> 38  0.0789  41 <--- 41  0.0000 #UB)  #solve_ime 19.9669 read_time 0.0131 
