With  Parameters CUTOFF 20 SEED 103  ALPHA = 1.900  K=5 RHO=0.05 Q0=0.90 BETA=3.0
Reading  graph ...  time 0.000134  
Reducing graph ...  time 0.000018  
[v6] |V|=100 |E|=100 density=1.00 USE_ADVANCED=0
#Rd        #LB        #LB*       #UB       #Time        #UB+        #UB*      #Time      #TotalTime
First Gap  0.032132
  1       1027       1027       1060      0.0175
 Switch to original search + AQ boost, timeout 0.017521....
ALPHA 1.9000 MaxIteration 3  TIMEOUT 0.017521
  2       1017       1027       1094      0.0009ALPHA 1.8304 MaxIteration 5  TIMEOUT 0.001733
  3        995       1027       1099      0.0020ALPHA 1.7658 MaxIteration 9  TIMEOUT 0.003610
  4       1007       1027       1087      0.0038ALPHA 1.7056 MaxIteration 15  TIMEOUT 0.006636
  5       1009       1027       1087      0.0067ALPHA 1.6493 MaxIteration 25  TIMEOUT 0.011449
  6       1016       1027       1085      0.0117ALPHA 1.5966 MaxIteration 41  TIMEOUT 0.019269
  7       1007       1027       1078      0.0193ALPHA 1.5472 MaxIteration 65  TIMEOUT 0.030876
  8       1017       1027       1075      0.0304ALPHA 1.5008 MaxIteration 100  TIMEOUT 0.047065
  9       1020       1027       1078      0.0434ALPHA 1.4571 MaxIteration 150  TIMEOUT 0.065133
 10       1020       1027       1075      0.0653ALPHA 1.4158 MaxIteration 218  TIMEOUT 0.095114
 11       1018       1027       1075      0.0951ALPHA 1.3768 MaxIteration 308  TIMEOUT 0.134705
 12       1024       1027       1075      0.0825ALPHA 1.3399 MaxIteration 424  TIMEOUT 0.113626
 13       1018       1027       1075      0.1137ALPHA 1.3049 MaxIteration 568  TIMEOUT 0.152407
 14       1020       1027       1075      0.1526ALPHA 1.2718 MaxIteration 741  TIMEOUT 0.199188
 15       1018       1027       1076      0.1992ALPHA 1.2402 MaxIteration 942  TIMEOUT 0.253350
 16       1018       1027       1063      0.2536ALPHA 1.2102 MaxIteration 1168  TIMEOUT 0.314507
 17       1020       1027       1052      0.3146 [RL early exit] stag=15 at 7.1%
       1039        1039      1.4232       18.5975
ALPHA 1.1816 MaxIteration 1413  TIMEOUT 22.485313
 18       1017       1027       1063      0.4105       1039        1039      0.0064       20.0000
>>> T1_100_100_2.wclq |V| 100 |E| 100  (#LB 0.0000 1027 ---> 1027  0.0115  1039 <--- 1060  0.0198 #UB)  #read_time 0.0001  #reduce_time 0.0000  #solve_time 20.0000  #total_time 20.0001
 