>>IBM: |V|=200 |E|=250
>>IBM: The maximum node weight is 49
/public/home/acs4vb4pqv/benchmarks/MWDS2026/T1_wclq/T1_200_250_7.wclq #seed 3 #alpha 1.900 #timeout 0.100 K=5 RHO=0.05 Q0=0.90 BETA=3.5
[v19] |V|=200 |E|=250 density=1.25 USE_ADVANCED=0
#Rd        #LB        #LB*       #UB       #Time        #UB+        #UB*      #Time      #TotalTime
First Gap  0.097109
ALPHA 1.9000 MaxIteration 500  TIMEOUT 0.034664
  1       1833       1833       2011      0.0347
 [Tier-2 Medium] gap=0.0971 density=1.25 |V|=200 => Standard RL (K=5, 15%)
ALPHA 1.9000 MaxIteration 3  TIMEOUT 0.005037
  2       1814       1833       2076      0.0050ALPHA 1.8304 MaxIteration 5  TIMEOUT 0.008458
  3       1816       1833       2113      0.0085ALPHA 1.7658 MaxIteration 9  TIMEOUT 0.012658
  4       1842       1842       2193      0.0127ALPHA 1.7056 MaxIteration 15  TIMEOUT 0.031602
  5       1831       1842       2175      0.0316ALPHA 1.6493 MaxIteration 25  TIMEOUT 0.032737
  6       1825       1842       2197      0.0327ALPHA 1.5966 MaxIteration 41  TIMEOUT 0.080169
  7       1833       1842       2191      0.0802ALPHA 1.5472 MaxIteration 65  TIMEOUT 0.126381
  8       1854       1854       2202      0.1264ALPHA 1.5008 MaxIteration 100  TIMEOUT 0.120994
  9       1853       1854       2215      0.1210ALPHA 1.4571 MaxIteration 150  TIMEOUT 0.137900
 10       1847       1854       2229      0.1379ALPHA 1.4158 MaxIteration 218  TIMEOUT 0.352292
 11       1850       1854       2206      0.3523ALPHA 1.3768 MaxIteration 308  TIMEOUT 0.234921
 12       1845       1854       2211      0.2349ALPHA 1.3399 MaxIteration 424  TIMEOUT 0.895210
 13       1851       1854       2175      0.8952ALPHA 1.3049 MaxIteration 568  TIMEOUT 0.505950
 14       1841       1854       2156      0.5059ALPHA 1.2718 MaxIteration 741  TIMEOUT 1.185191
 15       1844       1854       2138      1.1852       1937        1937      0.0200      4.8476
ALPHA 1.2402 MaxIteration 942  TIMEOUT 0.186252
 16       1839       1854       2087      0.1863       1937        1937      0.0100      5.2076
ALPHA 1.2102 MaxIteration 1168  TIMEOUT 0.215953
 17       1855       1855       2123      0.2160       1937        1937      0.0200      5.6276
ALPHA 1.1816 MaxIteration 1413  TIMEOUT 0.259063
 18       1840       1855       2141      0.2591       1937        1937      0.0200      6.1076
ALPHA 1.1543 MaxIteration 1669  TIMEOUT 0.290701
 19       1837       1855       2160      0.2907       1937        1937      0.0300      6.6676
ALPHA 1.1283 MaxIteration 1926  TIMEOUT 0.334115
 20       1848       1855       2152      0.3341       1937        1937      0.0200      7.3076
ALPHA 1.1034 MaxIteration 2173  TIMEOUT 0.575961
 21       1842       1855       2134      0.5760       1937        1937      0.0100      8.4176
ALPHA 1.0795 MaxIteration 2397  TIMEOUT 0.619763
 22       1845       1855       2118      0.6198       1937        1937      0.0300      9.5876
ALPHA 1.0567 MaxIteration 2587  TIMEOUT 1.168519
 23       1852       1855       2115      1.1685       1937        1937      0.0200     11.8176
ALPHA 1.0349 MaxIteration 2733  TIMEOUT 0.656556
 24       1847       1855       2151      0.6566       1937        1937      0.0300     13.0876
ALPHA 1.0349 MaxIteration 2828  TIMEOUT 0.932994
 25       1850       1855       2108      0.9330       1937        1937      0.0300     14.8676
ALPHA 1.0349 MaxIteration 2926  TIMEOUT 0.758976
 26       1855       1855       2127      0.7590       1937        1937      0.0400     16.2976
ALPHA 1.0349 MaxIteration 3027  TIMEOUT 0.463236
 27       1847       1855       2137      0.4632       1937        1937      0.0000     17.1876
ALPHA 1.0349 MaxIteration 3132  TIMEOUT 0.869526
 28       1808       1855       2161      0.8695       1937        1937      0.0400     18.8376
ALPHA 1.0349 MaxIteration 3241  TIMEOUT 1.162437
 29       1828       1855       2135      1.1624>>> T1_200_250_7.wclq |V| 200 |E| 250  (#LB 0.0120 1833 ---> 1855  0.0442  1937 <--- 2011  0.0368 #UB)  #solve_ime 20.0001 read_time 0.0024 
