With  Parameters CUTOFF 20 SEED 103  ALPHA = 1.900  K=5 RHO=0.05 Q0=0.90 BETA=3.0
Reading  graph ...  time 0.000598  
Reducing graph ...  time 0.000042  
[v6] |V|=150 |E|=2000 density=13.33 USE_ADVANCED=0
#Rd        #LB        #LB*       #UB       #Time        #UB+        #UB*      #Time      #TotalTime
First Gap  0.188867
  1        503        503        598      0.0428
 Switch to original search + AQ boost, timeout 0.042784....
ALPHA 1.9000 MaxIteration 3  TIMEOUT 0.042784
  2        503        503        635      0.0015ALPHA 1.8304 MaxIteration 5  TIMEOUT 0.002897
  3        503        503        675      0.0024ALPHA 1.7658 MaxIteration 9  TIMEOUT 0.004325
  4        503        503        646      0.0046ALPHA 1.7056 MaxIteration 15  TIMEOUT 0.008073
  5        495        503        610      0.0055ALPHA 1.6493 MaxIteration 25  TIMEOUT 0.009442
  6        495        503        632      0.0099ALPHA 1.5966 MaxIteration 41  TIMEOUT 0.016261
  7        495        503        610      0.0158ALPHA 1.5472 MaxIteration 65  TIMEOUT 0.025169
  8        509        509        610      0.0253ALPHA 1.5008 MaxIteration 100  TIMEOUT 0.039165
  9        511        511        598      0.0395ALPHA 1.4571 MaxIteration 150  TIMEOUT 0.059235
 10        504        511        598      0.0594ALPHA 1.4158 MaxIteration 218  TIMEOUT 0.086612
 11        514        514        598      0.0868ALPHA 1.3768 MaxIteration 308  TIMEOUT 0.122935
 12        514        514        598      0.1221ALPHA 1.3399 MaxIteration 424  TIMEOUT 0.168128
 13        511        514        598      0.1521ALPHA 1.3049 MaxIteration 568  TIMEOUT 0.203737
 14        508        514        598      0.2030ALPHA 1.2718 MaxIteration 741  TIMEOUT 0.264938
 15        514        514        598      0.2652ALPHA 1.2402 MaxIteration 942  TIMEOUT 0.337324
 16        512        514        598      0.3375ALPHA 1.2102 MaxIteration 1168  TIMEOUT 0.418630
 17        516        516        598      0.4187ALPHA 1.1816 MaxIteration 1413  TIMEOUT 0.506679
 18        506        516        598      0.5069ALPHA 1.1543 MaxIteration 1669  TIMEOUT 0.598892
 19        510        516        598      0.5992ALPHA 1.1283 MaxIteration 1926  TIMEOUT 0.691630
 20        515        516        598      0.6918        598         598      3.5524       16.4482
ALPHA 1.1034 MaxIteration 2173  TIMEOUT 18.503824
 21        512        516        598      0.9348        598         598      0.0003       19.9998
>>> T2_150_2000_1.wclq |V| 150 |E| 2000  (#LB 0.0258 503 ---> 516  0.1371  598 <--- 598  0.0000 #UB)  #read_time 0.0006  #reduce_time 0.0000  #solve_time 19.9998  #total_time 20.0004
 