With  Parameters CUTOFF 20 SEED 2  ALPHA = 1.900  K=5 RHO=0.05 Q0=0.90 BETA=3.0
Reading  graph ...  time 0.000589  
Reducing graph ...  time 0.000041  
[v6] |V|=150 |E|=2000 density=13.33 USE_ADVANCED=0
#Rd        #LB        #LB*       #UB       #Time        #UB+        #UB*      #Time      #TotalTime
First Gap  0.188867
  1        503        503        598      0.0412
 Switch to original search + AQ boost, timeout 0.041216....
ALPHA 1.9000 MaxIteration 3  TIMEOUT 0.041216
  2        503        503        598      0.0016ALPHA 1.8304 MaxIteration 5  TIMEOUT 0.003032
  3        503        503        635      0.0022ALPHA 1.7658 MaxIteration 9  TIMEOUT 0.003959
  4        503        503        635      0.0043ALPHA 1.7056 MaxIteration 15  TIMEOUT 0.007581
  5        495        503        635      0.0068ALPHA 1.6493 MaxIteration 25  TIMEOUT 0.011581
  6        496        503        610      0.0120ALPHA 1.5966 MaxIteration 41  TIMEOUT 0.019760
  7        509        509        601      0.0201ALPHA 1.5472 MaxIteration 65  TIMEOUT 0.032067
  8        501        509        635      0.0322ALPHA 1.5008 MaxIteration 100  TIMEOUT 0.049877
  9        504        509        598      0.0422ALPHA 1.4571 MaxIteration 150  TIMEOUT 0.063372
 10        511        511        598      0.0634ALPHA 1.4158 MaxIteration 218  TIMEOUT 0.092354
 11        508        511        598      0.0772ALPHA 1.3768 MaxIteration 308  TIMEOUT 0.109239
 12        508        511        598      0.1081ALPHA 1.3399 MaxIteration 424  TIMEOUT 0.148842
 13        510        511        601      0.1490ALPHA 1.3049 MaxIteration 568  TIMEOUT 0.199698
 14        508        511        598      0.1998ALPHA 1.2718 MaxIteration 741  TIMEOUT 0.260737
 15        510        511        598      0.2610ALPHA 1.2402 MaxIteration 942  TIMEOUT 0.331944
 16        512        512        598      0.3321ALPHA 1.2102 MaxIteration 1168  TIMEOUT 0.411835
 17        512        512        598      0.4120ALPHA 1.1816 MaxIteration 1413  TIMEOUT 0.498538
 18        512        512        598      0.4989ALPHA 1.1543 MaxIteration 1669  TIMEOUT 0.589476
 19        512        512        598      0.5855ALPHA 1.1283 MaxIteration 1926  TIMEOUT 0.675877
 20        512        512        598      0.6672        598         598      3.4803       16.5200
ALPHA 1.1034 MaxIteration 2173  TIMEOUT 18.592332
 21        512        512        598      0.7680        598         598      0.0003       19.9997
>>> T2_150_2000_1.wclq |V| 150 |E| 2000  (#LB 0.0179 503 ---> 512  0.1438  598 <--- 598  0.0000 #UB)  #read_time 0.0006  #reduce_time 0.0000  #solve_time 19.9998  #total_time 20.0004
 