>>> Warning: header edge_num=125248, parsed edge_num=62624
>>IBM: |V|=500 |E|=62624
>>IBM: The maximum node weight is 200
/public/home/acs4vb4pqv/benchmarks/MWDS2026/dimacs/DSJC500_5.clq #seed 2 #alpha 1.900 #timeout 0.100 K=5 RHO=0.05 Q0=0.90 BETA=3.5
[v19] |V|=500 |E|=62624 density=125.25 USE_ADVANCED=0
#Rd        #LB        #LB*       #UB       #Time        #UB+        #UB*      #Time      #TotalTime
First Gap  0.454545
ALPHA 1.9000 MaxIteration 500  TIMEOUT 0.518130
  1         11         11         16      0.5181
 [Tier-3 Hard] gap=0.4545 density=125.25 |V|=500 => Heavy RL (K=8, 25%)
ALPHA 1.9000 MaxIteration 3  TIMEOUT 0.035440
  2         11         11         16      0.0354ALPHA 1.8304 MaxIteration 5  TIMEOUT 0.045711
  3         10         11         18      0.0457ALPHA 1.7658 MaxIteration 9  TIMEOUT 0.021285
  4         11         11         23      0.0213         16          16      0.0100      0.6444
ALPHA 1.7056 MaxIteration 15  TIMEOUT 0.018793
  5         10         11         16      0.0188         16          16      0.0000      0.6747
ALPHA 1.6493 MaxIteration 25  TIMEOUT 0.037344
  6         10         11         16      0.0373         16          16      0.0000      0.7449
ALPHA 1.5966 MaxIteration 41  TIMEOUT 0.051662
  7         11         11         16      0.0517>>> DSJC500_5.clq |V| 500 |E| 62624  (#LB 0.0000 11 ---> 11  0.4545  16 <--- 16  0.0000 #UB)  #solve_ime 0.7966 read_time 0.0158 
