With  Parameters CUTOFF 20 SEED 102  ALPHA = 1.900  K=5 RHO=0.05 Q0=0.90 BETA=3.0
Reading  graph ...  time 0.000171  
Reducing graph ...  time 0.000020  
[v6] |V|=100 |E|=100 density=1.00 USE_ADVANCED=0
#Rd        #LB        #LB*       #UB       #Time        #UB+        #UB*      #Time      #TotalTime
First Gap  0.032132
  1       1027       1027       1060      0.0176
 Switch to original search + AQ boost, timeout 0.017647....
ALPHA 1.9000 MaxIteration 3  TIMEOUT 0.017647
  2       1006       1027       1098      0.0009ALPHA 1.8304 MaxIteration 5  TIMEOUT 0.001763
  3       1002       1027       1117      0.0018ALPHA 1.7658 MaxIteration 9  TIMEOUT 0.003267
  4       1011       1027       1135      0.0034ALPHA 1.7056 MaxIteration 15  TIMEOUT 0.006085
  5       1008       1027       1128      0.0045ALPHA 1.6493 MaxIteration 25  TIMEOUT 0.007748
  6       1006       1027       1135      0.0079ALPHA 1.5966 MaxIteration 41  TIMEOUT 0.012962
  7       1009       1027       1102      0.0131ALPHA 1.5472 MaxIteration 65  TIMEOUT 0.020874
  8       1006       1027       1102      0.0210ALPHA 1.5008 MaxIteration 100  TIMEOUT 0.032469
  9       1016       1027       1077      0.0325ALPHA 1.4571 MaxIteration 150  TIMEOUT 0.048833
 10       1015       1027       1076      0.0490ALPHA 1.4158 MaxIteration 218  TIMEOUT 0.071375
 11       1020       1027       1075      0.0714ALPHA 1.3768 MaxIteration 308  TIMEOUT 0.101057
 12       1021       1027       1062      0.0798ALPHA 1.3399 MaxIteration 424  TIMEOUT 0.109856
 13       1006       1027       1076      0.1099ALPHA 1.3049 MaxIteration 568  TIMEOUT 0.147296
 14       1013       1027       1062      0.1475ALPHA 1.2718 MaxIteration 741  TIMEOUT 0.192422
 15       1020       1027       1062      0.1925ALPHA 1.2402 MaxIteration 942  TIMEOUT 0.244846
 16       1018       1027       1070      0.2450ALPHA 1.2102 MaxIteration 1168  TIMEOUT 0.303790
 17       1017       1027       1076      0.3041 [RL early exit] stag=15 at 6.6%
       1039        1039      1.3063       18.6978
ALPHA 1.1816 MaxIteration 1413  TIMEOUT 22.606540
 18       1021       1027       1054      0.8743       1039        1039      0.0068       20.0000
>>> T1_100_100_2.wclq |V| 100 |E| 100  (#LB 0.0000 1027 ---> 1027  0.0115  1039 <--- 1060  0.0198 #UB)  #read_time 0.0002  #reduce_time 0.0000  #solve_time 20.0000  #total_time 20.0002
 