With  Parameters CUTOFF 20 SEED 101  ALPHA = 1.900  K=5 RHO=0.05 Q0=0.90 BETA=3.0
Reading  graph ...  time 0.000168  
Reducing graph ...  time 0.000022  
[v6] |V|=100 |E|=100 density=1.00 USE_ADVANCED=0
#Rd        #LB        #LB*       #UB       #Time        #UB+        #UB*      #Time      #TotalTime
First Gap  0.032132
  1       1027       1027       1060      0.0177
 Switch to original search + AQ boost, timeout 0.017691....
ALPHA 1.9000 MaxIteration 3  TIMEOUT 0.017691
  2       1022       1027       1117      0.0009ALPHA 1.8304 MaxIteration 5  TIMEOUT 0.001794
  3       1003       1027       1076      0.0020ALPHA 1.7658 MaxIteration 9  TIMEOUT 0.003643
  4       1007       1027       1078      0.0039ALPHA 1.7056 MaxIteration 15  TIMEOUT 0.006841
  5       1007       1027       1085      0.0054ALPHA 1.6493 MaxIteration 25  TIMEOUT 0.009130
  6       1007       1027       1080      0.0093ALPHA 1.5966 MaxIteration 41  TIMEOUT 0.015398
  7       1008       1027       1076      0.0156ALPHA 1.5472 MaxIteration 65  TIMEOUT 0.024874
  8       1008       1027       1094      0.0251ALPHA 1.5008 MaxIteration 100  TIMEOUT 0.038817
  9       1017       1027       1075      0.0354ALPHA 1.4571 MaxIteration 150  TIMEOUT 0.053137
 10       1021       1027       1075      0.0533ALPHA 1.4158 MaxIteration 218  TIMEOUT 0.077620
 11       1021       1027       1075      0.0777ALPHA 1.3768 MaxIteration 308  TIMEOUT 0.110058
 12       1019       1027       1069      0.0701ALPHA 1.3399 MaxIteration 424  TIMEOUT 0.096451
 13       1011       1027       1076      0.0966ALPHA 1.3049 MaxIteration 568  TIMEOUT 0.129480
 14       1019       1027       1062      0.1297ALPHA 1.2718 MaxIteration 741  TIMEOUT 0.169234
 15       1017       1027       1069      0.1693ALPHA 1.2402 MaxIteration 942  TIMEOUT 0.215262
 16       1021       1027       1063      0.2154ALPHA 1.2102 MaxIteration 1168  TIMEOUT 0.267129
 17       1015       1027       1069      0.2630 [RL early exit] stag=15 at 6.6%
       1039        1039      1.2972       18.7044
ALPHA 1.1816 MaxIteration 1413  TIMEOUT 22.597522
 18       1018       1027       1069      0.4319       1039        1039      0.0178       20.0000
>>> T1_100_100_2.wclq |V| 100 |E| 100  (#LB 0.0000 1027 ---> 1027  0.0115  1039 <--- 1060  0.0198 #UB)  #read_time 0.0002  #reduce_time 0.0000  #solve_time 20.0000  #total_time 20.0002
 