With  Parameters CUTOFF 20 SEED 103  ALPHA = 1.900  K=5 RHO=0.05 Q0=0.90 BETA=3.0
Reading  graph ...  time 0.000646  
Reducing graph ...  time 0.000050  
[v6] |V|=250 |E|=2000 density=8.00 USE_ADVANCED=0
#Rd        #LB        #LB*       #UB       #Time        #UB+        #UB*      #Time      #TotalTime
First Gap  0.220339
  1       1003       1003       1224      0.1150
 Switch to original search + AQ boost, timeout 0.115003....
ALPHA 1.9000 MaxIteration 3  TIMEOUT 0.115003
  2       1003       1003       1365      0.0024ALPHA 1.8304 MaxIteration 5  TIMEOUT 0.004568
  3        984       1003       1381      0.0050ALPHA 1.7658 MaxIteration 9  TIMEOUT 0.009101
  4       1007       1007       1236      0.0092ALPHA 1.7056 MaxIteration 15  TIMEOUT 0.016297
  5       1021       1021       1238      0.0163ALPHA 1.6493 MaxIteration 25  TIMEOUT 0.027855
  6       1026       1026       1226      0.0243ALPHA 1.5966 MaxIteration 41  TIMEOUT 0.040151
  7       1030       1030       1219      0.0404ALPHA 1.5472 MaxIteration 65  TIMEOUT 0.064514
  8       1026       1030       1226      0.0652ALPHA 1.5008 MaxIteration 100  TIMEOUT 0.100862
  9       1029       1030       1219      0.0693ALPHA 1.4571 MaxIteration 150  TIMEOUT 0.103999
 10       1027       1030       1219      0.1041ALPHA 1.4158 MaxIteration 218  TIMEOUT 0.151640
 11       1032       1032       1226      0.1522ALPHA 1.3768 MaxIteration 308  TIMEOUT 0.215457
 12       1036       1036       1219      0.2160ALPHA 1.3399 MaxIteration 424  TIMEOUT 0.297336
 13       1035       1036       1211      0.2980ALPHA 1.3049 MaxIteration 568  TIMEOUT 0.399289
 14       1026       1036       1229      0.3994ALPHA 1.2718 MaxIteration 741  TIMEOUT 0.521164
 15       1026       1036       1229      0.5213ALPHA 1.2402 MaxIteration 942  TIMEOUT 0.663006
 16       1033       1036       1211      0.6633ALPHA 1.2102 MaxIteration 1168  TIMEOUT 0.822569
 17       1036       1036       1219      0.8230       1183        1183      3.4445       16.5861
ALPHA 1.1816 MaxIteration 1413  TIMEOUT 19.932976
 18       1048       1048       1215      1.2597       1183        1183      0.0211       19.9997
>>> T2_250_2000_3.wclq |V| 250 |E| 2000  (#LB 0.0449 1003 ---> 1048  0.1141  1183 <--- 1224  0.0335 #UB)  #read_time 0.0006  #reduce_time 0.0000  #solve_time 19.9997  #total_time 20.0004
 