>>IBM: |V|=200 |E|=250
>>IBM: The maximum node weight is 49
/public/home/acs4vb4pqv/benchmarks/MWDS2026/T1_wclq/T1_200_250_7.wclq #seed 103 #alpha 1.900 #timeout 0.100 K=5 RHO=0.05 Q0=0.90 BETA=3.5
[v19] |V|=200 |E|=250 density=1.25 USE_ADVANCED=0
#Rd        #LB        #LB*       #UB       #Time        #UB+        #UB*      #Time      #TotalTime
First Gap  0.097109
ALPHA 1.9000 MaxIteration 500  TIMEOUT 0.032896
  1       1833       1833       2011      0.0329
 [Tier-2 Medium] gap=0.0971 density=1.25 |V|=200 => Standard RL (K=5, 15%)
ALPHA 1.9000 MaxIteration 3  TIMEOUT 0.011067
  2       1821       1833       2133      0.0111ALPHA 1.8304 MaxIteration 5  TIMEOUT 0.006160
  3       1827       1833       2189      0.0062ALPHA 1.7658 MaxIteration 9  TIMEOUT 0.024884
  4       1837       1837       2228      0.0249ALPHA 1.7056 MaxIteration 15  TIMEOUT 0.036236
  5       1852       1852       2250      0.0362ALPHA 1.6493 MaxIteration 25  TIMEOUT 0.045114
  6       1855       1855       2238      0.0451ALPHA 1.5966 MaxIteration 41  TIMEOUT 0.034939
  7       1847       1855       2230      0.0349ALPHA 1.5472 MaxIteration 65  TIMEOUT 0.091862
  8       1863       1863       2143      0.0919ALPHA 1.5008 MaxIteration 100  TIMEOUT 0.081774
  9       1844       1863       2185      0.0818ALPHA 1.4571 MaxIteration 150  TIMEOUT 0.329019
 10       1849       1863       2109      0.3290ALPHA 1.4158 MaxIteration 218  TIMEOUT 0.437360
 11       1851       1863       2163      0.4374ALPHA 1.3768 MaxIteration 308  TIMEOUT 0.296243
 12       1848       1863       2139      0.2962ALPHA 1.3399 MaxIteration 424  TIMEOUT 0.337042
 13       1852       1863       2110      0.3370ALPHA 1.3049 MaxIteration 568  TIMEOUT 0.478352
 14       1835       1863       2144      0.4784ALPHA 1.2718 MaxIteration 741  TIMEOUT 0.787160
 15       1845       1863       2145      0.7872       1937        1937      0.0100      3.7600
ALPHA 1.2402 MaxIteration 942  TIMEOUT 0.180833
 16       1851       1863       2118      0.1808       1937        1937      0.0300      4.1000
ALPHA 1.2102 MaxIteration 1168  TIMEOUT 0.242555
 17       1854       1863       2147      0.2426       1937        1937      0.0100      4.5700
ALPHA 1.1816 MaxIteration 1413  TIMEOUT 0.500915
 18       1851       1863       2116      0.5009       1937        1937      0.0600      5.5300
ALPHA 1.1543 MaxIteration 1669  TIMEOUT 0.806267
 19       1828       1863       2109      0.8063       1937        1937      0.0100      7.0700
ALPHA 1.1283 MaxIteration 1926  TIMEOUT 0.342975
 20       1829       1863       2130      0.3430       1937        1937      0.0200      7.7348
ALPHA 1.1034 MaxIteration 2173  TIMEOUT 0.448075
 21       1849       1863       2173      0.4481       1937        1937      0.0300      8.6000
ALPHA 1.0795 MaxIteration 2397  TIMEOUT 0.452920
 22       1846       1863       2131      0.4529       1937        1937      0.0700      9.4900
ALPHA 1.0567 MaxIteration 2587  TIMEOUT 0.831668
 23       1850       1863       2135      0.8317       1937        1937      0.0100     11.1100
ALPHA 1.0349 MaxIteration 2733  TIMEOUT 0.866623
 24       1853       1863       2152      0.8666       1937        1937      0.0100     12.7700
ALPHA 1.0349 MaxIteration 2828  TIMEOUT 0.977870
 25       1846       1863       2138      0.9779       1937        1937      0.0200     14.6500
ALPHA 1.0349 MaxIteration 2926  TIMEOUT 0.909843
 26       1843       1863       2130      0.9098       1937        1937      0.0100     16.3900
ALPHA 1.0349 MaxIteration 3027  TIMEOUT 1.081218
 27       1844       1863       2152      1.0812       1937        1937      0.0200     18.4600
ALPHA 1.0349 MaxIteration 3132  TIMEOUT 0.845593
 28       1839       1863       2160      0.8456       1937        1937      0.0100     19.9600
ALPHA 1.0349 MaxIteration 3241  TIMEOUT 0.040041
 29       1783       1863       2180      0.0400>>> T1_200_250_7.wclq |V| 200 |E| 250  (#LB 0.0164 1833 ---> 1863  0.0397  1937 <--- 2011  0.0368 #UB)  #solve_ime 20.0001 read_time 0.0000 
