>>IBM: |V|=250 |E|=2000
>>IBM: The maximum node weight is 682
/public/home/acs4vb4pqv/benchmarks/MWDS2026/T2_wclq/T2_250_2000_3.wclq #seed 1 #alpha 1.900 #timeout 0.100 K=5 RHO=0.05 Q0=0.90 BETA=3.5
[v19] |V|=250 |E|=2000 density=8.00 USE_ADVANCED=0
#Rd        #LB        #LB*       #UB       #Time        #UB+        #UB*      #Time      #TotalTime
First Gap  0.220339
ALPHA 1.9000 MaxIteration 500  TIMEOUT 0.111165
  1       1003       1003       1224      0.1112
 [Tier-2 Medium] gap=0.2203 density=8.00 |V|=250 => Standard RL (K=5, 15%)
ALPHA 1.9000 MaxIteration 3  TIMEOUT 0.003472
  2        910       1003       1467      0.0035ALPHA 1.8304 MaxIteration 5  TIMEOUT 0.004215
  3        933       1003       1362      0.0042ALPHA 1.7658 MaxIteration 9  TIMEOUT 0.029528
  4       1012       1012       1329      0.0295ALPHA 1.7056 MaxIteration 15  TIMEOUT 0.020163
  5       1003       1012       1417      0.0202ALPHA 1.6493 MaxIteration 25  TIMEOUT 0.033871
  6       1010       1012       1657      0.0339ALPHA 1.5966 MaxIteration 41  TIMEOUT 0.036883
  7       1012       1012       1760      0.0369ALPHA 1.5472 MaxIteration 65  TIMEOUT 0.080677
  8       1006       1012       1586      0.0807ALPHA 1.5008 MaxIteration 100  TIMEOUT 0.130243
  9       1029       1029       1533      0.1302ALPHA 1.4571 MaxIteration 150  TIMEOUT 0.134845
 10       1013       1029       1533      0.1348ALPHA 1.4158 MaxIteration 218  TIMEOUT 0.491685
 11       1026       1029       1501      0.4917ALPHA 1.3768 MaxIteration 308  TIMEOUT 0.285613
 12       1028       1029       1504      0.2856ALPHA 1.3399 MaxIteration 424  TIMEOUT 0.387411
 13       1042       1042       1468      0.3874ALPHA 1.3049 MaxIteration 568  TIMEOUT 0.679686
 14       1043       1043       1479      0.6797ALPHA 1.2718 MaxIteration 741  TIMEOUT 1.056375
 15       1041       1043       1384      1.0564       1183        1183      0.0100      4.4976
ALPHA 1.2402 MaxIteration 942  TIMEOUT 0.183874
 16       1036       1043       1299      0.1839       1183        1183      0.0100      4.8576
ALPHA 1.2102 MaxIteration 1168  TIMEOUT 0.232774
 17       1048       1048       1472      0.2328       1183        1183      0.0100      5.3276
ALPHA 1.1816 MaxIteration 1413  TIMEOUT 0.260748
 18       1029       1048       1390      0.2607       1183        1183      0.0000      5.8576
ALPHA 1.1543 MaxIteration 1669  TIMEOUT 0.344846
 19       1035       1048       1373      0.3448       1183        1183      0.0100      6.5376
ALPHA 1.1283 MaxIteration 1926  TIMEOUT 0.375025
 20       1042       1048       1455      0.3750       1183        1183      0.0000      7.2676
ALPHA 1.1034 MaxIteration 2173  TIMEOUT 0.406541
 21       1031       1048       1527      0.4065       1183        1183      0.0200      8.0676
ALPHA 1.0795 MaxIteration 2397  TIMEOUT 0.423406
 22       1023       1048       1416      0.4234       1183        1183      0.0000      8.8976
ALPHA 1.0567 MaxIteration 2587  TIMEOUT 0.470315
 23       1040       1048       1344      0.4703       1183        1183      0.0200      9.8376
ALPHA 1.0349 MaxIteration 2733  TIMEOUT 0.513281
 24       1042       1048       1459      0.5133       1183        1183      0.0000     10.8476
ALPHA 1.0349 MaxIteration 2828  TIMEOUT 0.712134
 25       1011       1048       1413      0.7121       1183        1183      0.0100     12.2576
ALPHA 1.0349 MaxIteration 2926  TIMEOUT 0.907670
 26       1022       1048       1318      0.9077       1183        1183      0.1600     14.0476
ALPHA 1.0349 MaxIteration 3027  TIMEOUT 1.172778
 27       1019       1048       1432      1.1728       1183        1183      0.0100     16.3676
ALPHA 1.0349 MaxIteration 3132  TIMEOUT 0.562872
 28       1020       1048       1292      0.5629       1183        1183      0.0000     17.4776
ALPHA 1.0349 MaxIteration 3241  TIMEOUT 0.590415
 29       1027       1048       1438      0.5904       1183        1183      0.0000     18.6376
ALPHA 1.0349 MaxIteration 3353  TIMEOUT 0.988929
 30       1024       1048       1352      0.9889       1183        1183      0.0100     19.9876
ALPHA 1.0349 MaxIteration 3469  TIMEOUT 0.012354
 31        972       1048       1656      0.0124>>> T2_250_2000_3.wclq |V| 250 |E| 2000  (#LB 0.0449 1003 ---> 1048  0.1288  1183 <--- 1224  0.0335 #UB)  #solve_ime 20.0000 read_time 0.0024 
