>>IBM: |V|=1000 |E|=52120
>>IBM: The maximum node weight is 100
/public/home/acs4vb4pqv/benchmarks/MWDS2026/UDG_wclq/UDG_1000_200_8.wclq #seed 1 #alpha 1.900 #timeout 0.100 K=5 RHO=0.05 Q0=0.90 BETA=3.5
[v19] |V|=1000 |E|=52120 density=52.12 USE_ADVANCED=1
#Rd        #LB        #LB*       #UB       #Time        #UB+        #UB*      #Time      #TotalTime
First Gap  0.078947
ALPHA 1.9000 MaxIteration 500  TIMEOUT 0.295691
  1         38         38         41      0.2957
 [Tier-3 Hard] gap=0.0789 density=52.12 |V|=1000 => Heavy RL (K=8, 25%)
ALPHA 1.9000 MaxIteration 3  TIMEOUT 0.012977
  2         37         38         44      0.0130         41          41      0.0000      0.3276
ALPHA 1.8304 MaxIteration 5  TIMEOUT 0.005255
  3         32         38         41      0.0053         41          41      0.0000      0.3377
ALPHA 1.7658 MaxIteration 9  TIMEOUT 0.010392
  4         32         38         41      0.0104         41          41      0.0000      0.3676
ALPHA 1.7056 MaxIteration 15  TIMEOUT 0.018593
  5         33         38         41      0.0186         41          41      0.0000      0.3976
ALPHA 1.6493 MaxIteration 25  TIMEOUT 0.033066
  6         36         38         41      0.0331         41          41      0.0000      0.4677
ALPHA 1.5966 MaxIteration 41  TIMEOUT 0.072225
  7         36         38         41      0.0722         41          41      0.0000      0.6177
ALPHA 1.5472 MaxIteration 65  TIMEOUT 0.109478
  8         36         38         41      0.1095         41          41      0.0000      0.8375
ALPHA 1.5008 MaxIteration 100  TIMEOUT 0.168087
  9         35         38         41      0.1681         41          41      0.0000      1.1676
ALPHA 1.4571 MaxIteration 150  TIMEOUT 0.226051
 10         35         38         41      0.2261         41          41      0.0000      1.6177
ALPHA 1.4158 MaxIteration 218  TIMEOUT 0.321889
 11         34         38         41      0.3219         41          41      0.0000      2.2675
ALPHA 1.3768 MaxIteration 308  TIMEOUT 0.640561
 12         35         38         41      0.6406         41          41      0.0000      3.5576
ALPHA 1.3399 MaxIteration 424  TIMEOUT 0.675770
 13         35         38         41      0.6758         41          41      0.0000      4.8977
ALPHA 1.3049 MaxIteration 568  TIMEOUT 1.006516
 14         35         38         41      1.0065         41          41      0.0000      6.9075
ALPHA 1.2718 MaxIteration 741  TIMEOUT 0.796694
 15         34         38         41      0.7967         41          41      0.0000      8.4977
ALPHA 1.2402 MaxIteration 942  TIMEOUT 1.564658
 16         35         38         41      1.5647
 [LB Done] stag=14 elapsed=50.3% => 9.9s to UB
         41          41      0.0000     19.9875
>>> UDG_1000_200_8.wclq |V| 1000 |E| 52120  (#LB 0.0000 38 ---> 38  0.0789  41 <--- 41  0.0000 #UB)  #solve_ime 19.9876 read_time 0.0125 
