>>IBM: |V|=250 |E|=2000
>>IBM: The maximum node weight is 682
/public/home/acs4vb4pqv/benchmarks/MWDS2026/T2_wclq/T2_250_2000_3.wclq #seed 103 #alpha 1.900 #timeout 0.100 K=5 RHO=0.05 Q0=0.90 BETA=3.5
[v19] |V|=250 |E|=2000 density=8.00 USE_ADVANCED=0
#Rd        #LB        #LB*       #UB       #Time        #UB+        #UB*      #Time      #TotalTime
First Gap  0.220339
ALPHA 1.9000 MaxIteration 500  TIMEOUT 0.109574
  1       1003       1003       1224      0.1096
 [Tier-2 Medium] gap=0.2203 density=8.00 |V|=250 => Standard RL (K=5, 15%)
ALPHA 1.9000 MaxIteration 3  TIMEOUT 0.003434
  2        948       1003       1476      0.0034ALPHA 1.8304 MaxIteration 5  TIMEOUT 0.005418
  3        976       1003       1263      0.0054ALPHA 1.7658 MaxIteration 9  TIMEOUT 0.017226
  4       1023       1023       1261      0.0172ALPHA 1.7056 MaxIteration 15  TIMEOUT 0.031187
  5       1025       1025       1429      0.0312ALPHA 1.6493 MaxIteration 25  TIMEOUT 0.020772
  6       1001       1025       1529      0.0208ALPHA 1.5966 MaxIteration 41  TIMEOUT 0.060580
  7       1010       1025       1727      0.0606ALPHA 1.5472 MaxIteration 65  TIMEOUT 0.079970
  8       1003       1025       1503      0.0800ALPHA 1.5008 MaxIteration 100  TIMEOUT 0.146311
  9       1004       1025       1550      0.1463ALPHA 1.4571 MaxIteration 150  TIMEOUT 0.304348
 10       1035       1035       1509      0.3043ALPHA 1.4158 MaxIteration 218  TIMEOUT 0.180084
 11       1034       1035       1551      0.1801ALPHA 1.3768 MaxIteration 308  TIMEOUT 0.430007
 12       1043       1043       1500      0.4300ALPHA 1.3399 MaxIteration 424  TIMEOUT 0.324633
 13       1030       1043       1476      0.3246ALPHA 1.3049 MaxIteration 568  TIMEOUT 0.947477
 14       1033       1043       1492      0.9475ALPHA 1.2718 MaxIteration 741  TIMEOUT 0.575975
 15       1032       1043       1530      0.5760       1183        1183      0.0700      3.7882
ALPHA 1.2402 MaxIteration 942  TIMEOUT 0.298647
 16       1025       1043       1304      0.2986       1183        1183      0.0400      4.3682
ALPHA 1.2102 MaxIteration 1168  TIMEOUT 0.601718
 17       1042       1043       1355      0.6017       1183        1183      0.0200      5.5582
ALPHA 1.1816 MaxIteration 1413  TIMEOUT 0.340246
 18       1033       1043       1416      0.3402       1183        1183      0.0200      6.2382
ALPHA 1.1543 MaxIteration 1669  TIMEOUT 0.319562
 19       1022       1043       1473      0.3196       1183        1183      0.0600      6.8582
ALPHA 1.1283 MaxIteration 1926  TIMEOUT 0.364570
 20       1040       1043       1420      0.3646       1183        1183      0.0100      7.5817
ALPHA 1.1034 MaxIteration 2173  TIMEOUT 0.387482
 21       1034       1043       1435      0.3875       1183        1183      0.0100      8.3482
ALPHA 1.0795 MaxIteration 2397  TIMEOUT 0.526141
 22       1030       1043       1386      0.5261       1183        1183      0.0100      9.3782
ALPHA 1.0567 MaxIteration 2587  TIMEOUT 0.444005
 23       1050       1050       1296      0.4440       1183        1183      0.0300     10.2482
ALPHA 1.0349 MaxIteration 2733  TIMEOUT 0.471256
 24       1029       1050       1375      0.4713       1183        1183      0.0000     11.1882
ALPHA 1.0349 MaxIteration 2828  TIMEOUT 0.472410
 25       1036       1050       1426      0.4724       1183        1183      0.1600     12.1282
ALPHA 1.0349 MaxIteration 2926  TIMEOUT 0.551744
 26       1023       1050       1401      0.5517       1183        1183      0.0100     13.2182
ALPHA 1.0349 MaxIteration 3027  TIMEOUT 0.804767
 27       1015       1050       1381      0.8048       1183        1183      0.0000     14.8082
ALPHA 1.0349 MaxIteration 3132  TIMEOUT 0.620736
 28       1034       1050       1388      0.6207       1183        1183      0.0000     16.0482
ALPHA 1.0349 MaxIteration 3241  TIMEOUT 0.567272
 29       1036       1050       1404      0.5673       1183        1183      0.0000     17.1582
ALPHA 1.0349 MaxIteration 3353  TIMEOUT 0.562904
 30       1031       1050       1438      0.5629       1183        1183      0.0100     18.2682
ALPHA 1.0349 MaxIteration 3469  TIMEOUT 0.628034
 31       1034       1050       1398      0.6280       1183        1183      0.0200     19.5082
ALPHA 1.0349 MaxIteration 3589  TIMEOUT 0.491853
 32       1017       1050       1276      0.4919>>> T2_250_2000_3.wclq |V| 250 |E| 2000  (#LB 0.0469 1003 ---> 1050  0.1267  1183 <--- 1224  0.0335 #UB)  #solve_ime 20.0001 read_time 0.0018 
