With  Parameters CUTOFF 20 SEED 103  ALPHA = 1.900  K=5 RHO=0.05 Q0=0.90 BETA=3.0
Reading  graph ...  time 0.005109  
Reducing graph ...  time 0.000318  
[v6] |V|=1000 |E|=20000 density=20.00 USE_ADVANCED=0
#Rd        #LB        #LB*       #UB       #Time        #UB+        #UB*      #Time      #TotalTime
First Gap  0.437956
  1       5343       5343       7683      0.9775
 Switch to original search + AQ boost, timeout 0.977455....
ALPHA 1.9000 MaxIteration 3  TIMEOUT 0.977455
  2       5276       5343       8645      0.0291ALPHA 1.8304 MaxIteration 5  TIMEOUT 0.055296
  3       5584       5584       8518      0.0599ALPHA 1.7658 MaxIteration 9  TIMEOUT 0.109576
  4       5785       5785       8799      0.1117ALPHA 1.7056 MaxIteration 15  TIMEOUT 0.197229
  5       6076       6076       8277      0.2013ALPHA 1.6493 MaxIteration 25  TIMEOUT 0.343395
  6       6041       6076       8793      0.2603ALPHA 1.5966 MaxIteration 41  TIMEOUT 0.429245
  7       6034       6076       8358      0.4322ALPHA 1.5472 MaxIteration 65  TIMEOUT 0.690064
  8       6030       6076       8595      0.3876ALPHA 1.5008 MaxIteration 100  TIMEOUT 0.599690
  9       6097       6097       8394      0.6013       7177        7177      2.4385       17.5793
ALPHA 1.4571 MaxIteration 150  TIMEOUT 24.628434
 10       6116       6116       8547      0.7881       7177        7177      0.1757       19.9973
>>> T2_1000_20000_9.wclq |V| 1000 |E| 20000  (#LB 0.1447 5343 ---> 6116  0.1478  7177 <--- 7683  0.0659 #UB)  #read_time 0.0051  #reduce_time 0.0003  #solve_time 19.9973  #total_time 20.0028
 