With  Parameters CUTOFF 20 SEED 101  ALPHA = 1.900  K=5 RHO=0.05 Q0=0.90 BETA=3.0
Reading  graph ...  time 0.000280  
Reducing graph ...  time 0.000033  
[v6] |V|=200 |E|=250 density=1.25 USE_ADVANCED=0
#Rd        #LB        #LB*       #UB       #Time        #UB+        #UB*      #Time      #TotalTime
First Gap  0.090909
  1       1848       1848       2016      0.0246
 Switch to original search + AQ boost, timeout 0.024619....
ALPHA 1.9000 MaxIteration 3  TIMEOUT 0.024619
  2       1839       1848       2150      0.0026ALPHA 1.8304 MaxIteration 5  TIMEOUT 0.004932
  3       1816       1848       2098      0.0055ALPHA 1.7658 MaxIteration 9  TIMEOUT 0.010014
  4       1821       1848       2119      0.0106ALPHA 1.7056 MaxIteration 15  TIMEOUT 0.018703
  5       1823       1848       2088      0.0187ALPHA 1.6493 MaxIteration 25  TIMEOUT 0.031966
  6       1821       1848       2076      0.0285ALPHA 1.5966 MaxIteration 41  TIMEOUT 0.047079
  7       1820       1848       2086      0.0471ALPHA 1.5472 MaxIteration 65  TIMEOUT 0.075272
  8       1821       1848       2102      0.0704ALPHA 1.5008 MaxIteration 100  TIMEOUT 0.108911
  9       1823       1848       2044      0.1095ALPHA 1.4571 MaxIteration 150  TIMEOUT 0.164266
 10       1823       1848       2096      0.1649ALPHA 1.4158 MaxIteration 218  TIMEOUT 0.240267
 11       1831       1848       2066      0.2408ALPHA 1.3768 MaxIteration 308  TIMEOUT 0.340911
 12       1846       1848       2081      0.3416ALPHA 1.3399 MaxIteration 424  TIMEOUT 0.470284
 13       1849       1849       2069      0.4708ALPHA 1.3049 MaxIteration 568  TIMEOUT 0.630773
 14       1851       1851       2036      0.6308ALPHA 1.2718 MaxIteration 741  TIMEOUT 0.823200
 15       1853       1853       2077      0.5506ALPHA 1.2402 MaxIteration 942  TIMEOUT 0.700192
 16       1841       1853       2074      0.7005       1937        1937      3.4088       16.5963
ALPHA 1.2102 MaxIteration 1168  TIMEOUT 20.517561
 17       1864       1864       2063      2.0969       1937        1937      0.0030       19.9999
>>> T1_200_250_7.wclq |V| 200 |E| 250  (#LB 0.0087 1848 ---> 1864  0.0377  1937 <--- 2016  0.0392 #UB)  #read_time 0.0003  #reduce_time 0.0000  #solve_time 19.9999  #total_time 20.0003
 