>>IBM: |V|=100 |E|=100
>>IBM: The maximum node weight is 49
/public/home/acs4vb4pqv/benchmarks/MWDS2026/T1_wclq/T1_100_100_2.wclq #seed 103 #alpha 1.900 #timeout 0.100 K=5 RHO=0.05 Q0=0.90 BETA=3.5
[v19] |V|=100 |E|=100 density=1.00 USE_ADVANCED=0
#Rd        #LB        #LB*       #UB       #Time        #UB+        #UB*      #Time      #TotalTime
First Gap  0.036204
ALPHA 1.9000 MaxIteration 500  TIMEOUT 0.009783
  1       1022       1022       1059      0.0098
 [Tier-2 Medium] gap=0.0362 density=1.00 |V|=100 => Standard RL (K=5, 15%)
ALPHA 1.9000 MaxIteration 3  TIMEOUT 0.002434
  2        982       1022       1144      0.0024ALPHA 1.8304 MaxIteration 5  TIMEOUT 0.003648
  3        981       1022       1206      0.0036ALPHA 1.7658 MaxIteration 9  TIMEOUT 0.009012
  4       1002       1022       1156      0.0090ALPHA 1.7056 MaxIteration 15  TIMEOUT 0.010526
  5        995       1022       1146      0.0105ALPHA 1.6493 MaxIteration 25  TIMEOUT 0.011667
  6        996       1022       1146      0.0117ALPHA 1.5966 MaxIteration 41  TIMEOUT 0.022795
  7        993       1022       1113      0.0228ALPHA 1.5472 MaxIteration 65  TIMEOUT 0.046098
  8       1007       1022       1116      0.0461ALPHA 1.5008 MaxIteration 100  TIMEOUT 0.056020
  9       1003       1022       1092      0.0560ALPHA 1.4571 MaxIteration 150  TIMEOUT 0.174549
 10       1008       1022       1075      0.1745ALPHA 1.4158 MaxIteration 218  TIMEOUT 0.136660
 11        996       1022       1092      0.1367ALPHA 1.3768 MaxIteration 308  TIMEOUT 0.117242
 12       1005       1022       1110      0.1172ALPHA 1.3399 MaxIteration 424  TIMEOUT 0.180239
 13       1007       1022       1089      0.1802ALPHA 1.3049 MaxIteration 568  TIMEOUT 0.285430
 14       1007       1022       1075      0.2854ALPHA 1.2718 MaxIteration 741  TIMEOUT 0.219339
 15       1002       1022       1094      0.2193ALPHA 1.2402 MaxIteration 942  TIMEOUT 0.365726
 16       1008       1022       1089      0.3657ALPHA 1.2102 MaxIteration 1168  TIMEOUT 0.367974
 17       1007       1022       1077      0.3680ALPHA 1.1816 MaxIteration 1413  TIMEOUT 0.434660
 18       1014       1022       1066      0.4347ALPHA 1.1543 MaxIteration 1669  TIMEOUT 0.528121
 19       1020       1022       1080      0.5281ALPHA 1.1283 MaxIteration 1926  TIMEOUT 0.737654
 20       1020       1022       1086      0.7377       1039        1039      0.0100      4.3500
ALPHA 1.1034 MaxIteration 2173  TIMEOUT 0.177750
 21       1016       1022       1080      0.1777       1039        1039      0.0000      4.6700
ALPHA 1.0795 MaxIteration 2397  TIMEOUT 0.215089
 22       1014       1022       1077      0.2151       1039        1039      0.0000      5.0600
ALPHA 1.0567 MaxIteration 2587  TIMEOUT 0.201367
 23       1020       1022       1080      0.2014       1039        1039      0.0000      5.4400
ALPHA 1.0349 MaxIteration 2733  TIMEOUT 0.172591
 24       1001       1022       1084      0.1726       1039        1039      0.0000      5.7700
ALPHA 1.0349 MaxIteration 2828  TIMEOUT 0.174187
 25       1006       1022       1103      0.1742       1039        1039      0.0000      6.0900
ALPHA 1.0349 MaxIteration 2926  TIMEOUT 0.252108
 26       1002       1022       1084      0.2521       1039        1039      0.0000      6.5500
ALPHA 1.0349 MaxIteration 3027  TIMEOUT 0.547989
 27       1008       1022       1084      0.5480       1039        1039      0.0000      7.5536
ALPHA 1.0349 MaxIteration 3132  TIMEOUT 0.426150
 28       1004       1022       1084      0.4261       1039        1039      0.0100      8.3300
ALPHA 1.0349 MaxIteration 3241  TIMEOUT 0.228379
 29       1003       1022       1084      0.2284       1039        1039      0.0000      8.7400
ALPHA 1.0349 MaxIteration 3353  TIMEOUT 0.397265
 30       1004       1022       1084      0.3973       1039        1039      0.0000      9.4674
ALPHA 1.0349 MaxIteration 3469  TIMEOUT 0.411097
 31       1009       1022       1082      0.4111       1039        1039      0.0100     10.2300
ALPHA 1.0349 MaxIteration 3589  TIMEOUT 0.281903
 32       1001       1022       1092      0.2819       1039        1039      0.0000     10.7400
ALPHA 1.0349 MaxIteration 3714  TIMEOUT 0.275565
 33       1004       1022       1084      0.2756       1039        1039      0.0000     11.2600
ALPHA 1.0349 MaxIteration 3843  TIMEOUT 0.371582
 34       1006       1022       1107      0.3716       1039        1039      0.0000     11.9500
ALPHA 1.0349 MaxIteration 3976  TIMEOUT 0.336839
 35       1000       1022       1093      0.3368       1039        1039      0.0000     12.5700
ALPHA 1.0349 MaxIteration 4114  TIMEOUT 0.280743
 36       1001       1022       1103      0.2807       1039        1039      0.0000     13.1000
ALPHA 1.0349 MaxIteration 4257  TIMEOUT 0.460478
 37       1004       1022       1093      0.4605       1039        1039      0.0000     13.9600
ALPHA 1.0349 MaxIteration 4405  TIMEOUT 0.297783
 38        999       1022       1103      0.2978       1039        1039      0.0000     14.5069
ALPHA 1.0349 MaxIteration 4558  TIMEOUT 0.478774
 39       1000       1022       1093      0.4788       1039        1039      0.0000     15.3800
ALPHA 1.0349 MaxIteration 4716  TIMEOUT 0.282652
 40       1001       1022       1093      0.2827       1039        1039      0.0000     15.9100
ALPHA 1.0349 MaxIteration 4880  TIMEOUT 0.582257
 41       1001       1022       1104      0.5823       1039        1039      0.0000     16.9900
ALPHA 1.0349 MaxIteration 5050  TIMEOUT 0.313845
 42       1008       1022       1085      0.3138       1039        1039      0.0000     17.5800
ALPHA 1.0349 MaxIteration 5226  TIMEOUT 0.445879
 43       1002       1022       1085      0.4459       1039        1039      0.0000     18.4100
ALPHA 1.0349 MaxIteration 5408  TIMEOUT 0.481478
 44       1001       1022       1085      0.4815       1039        1039      0.0000     19.3100
ALPHA 1.0349 MaxIteration 5596  TIMEOUT 0.447280
 45       1003       1022       1092      0.4473       1039        1039      0.0000     19.9700
ALPHA 1.0349 MaxIteration 5791  TIMEOUT 0.030006
 46        996       1022       1092      0.0300>>> T1_100_100_2.wclq |V| 100 |E| 100  (#LB 0.0000 1022 ---> 1022  0.0166  1039 <--- 1059  0.0189 #UB)  #solve_ime 20.0000 read_time 0.0000 
