>>IBM: |V|=100 |E|=100
>>IBM: The maximum node weight is 49
/public/home/acs4vb4pqv/benchmarks/MWDS2026/T1_wclq/T1_100_100_2.wclq #seed 101 #alpha 1.900 #timeout 0.100 K=5 RHO=0.05 Q0=0.90 BETA=3.5
[v19] |V|=100 |E|=100 density=1.00 USE_ADVANCED=0
#Rd        #LB        #LB*       #UB       #Time        #UB+        #UB*      #Time      #TotalTime
First Gap  0.036204
ALPHA 1.9000 MaxIteration 500  TIMEOUT 0.010406
  1       1022       1022       1059      0.0104
 [Tier-2 Medium] gap=0.0362 density=1.00 |V|=100 => Standard RL (K=5, 15%)
ALPHA 1.9000 MaxIteration 3  TIMEOUT 0.002863
  2        993       1022       1104      0.0029ALPHA 1.8304 MaxIteration 5  TIMEOUT 0.003496
  3        988       1022       1114      0.0035ALPHA 1.7658 MaxIteration 9  TIMEOUT 0.006001
  4       1000       1022       1120      0.0060ALPHA 1.7056 MaxIteration 15  TIMEOUT 0.013066
  5       1003       1022       1110      0.0131ALPHA 1.6493 MaxIteration 25  TIMEOUT 0.009756
  6       1000       1022       1100      0.0098ALPHA 1.5966 MaxIteration 41  TIMEOUT 0.024907
  7       1010       1022       1122      0.0249ALPHA 1.5472 MaxIteration 65  TIMEOUT 0.033758
  8       1000       1022       1098      0.0338ALPHA 1.5008 MaxIteration 100  TIMEOUT 0.046385
  9       1005       1022       1072      0.0464ALPHA 1.4571 MaxIteration 150  TIMEOUT 0.064382
 10       1005       1022       1097      0.0644ALPHA 1.4158 MaxIteration 218  TIMEOUT 0.065213
 11        996       1022       1103      0.0652ALPHA 1.3768 MaxIteration 308  TIMEOUT 0.088098
 12       1014       1022       1098      0.0881ALPHA 1.3399 MaxIteration 424  TIMEOUT 0.135279
 13       1003       1022       1060      0.1353ALPHA 1.3049 MaxIteration 568  TIMEOUT 0.262830
 14       1005       1022       1094      0.2628ALPHA 1.2718 MaxIteration 741  TIMEOUT 0.347546
 15       1007       1022       1077      0.3475ALPHA 1.2402 MaxIteration 942  TIMEOUT 0.358430
 16       1007       1022       1077      0.3584ALPHA 1.2102 MaxIteration 1168  TIMEOUT 0.437101
 17       1008       1022       1075      0.4371ALPHA 1.1816 MaxIteration 1413  TIMEOUT 0.490378
 18       1007       1022       1077      0.4904ALPHA 1.1543 MaxIteration 1669  TIMEOUT 1.131558
 19       1010       1022       1075      1.1316       1039        1039      0.0000      4.5103
ALPHA 1.1283 MaxIteration 1926  TIMEOUT 0.218261
 20       1016       1022       1077      0.2183       1039        1039      0.0100      4.9088
ALPHA 1.1034 MaxIteration 2173  TIMEOUT 0.218973
 21       1013       1022       1077      0.2190       1039        1039      0.0100      5.2988
ALPHA 1.0795 MaxIteration 2397  TIMEOUT 0.321166
 22       1005       1022       1084      0.3212       1039        1039      0.0000      5.8888
ALPHA 1.0567 MaxIteration 2587  TIMEOUT 0.170850
 23       1004       1022       1103      0.1709       1039        1039      0.0000      6.2088
ALPHA 1.0349 MaxIteration 2733  TIMEOUT 0.364354
 24       1010       1022       1084      0.3644       1039        1039      0.0000      6.8688
ALPHA 1.0349 MaxIteration 2828  TIMEOUT 0.164643
 25       1004       1022       1085      0.1646       1039        1039      0.0000      7.1888
ALPHA 1.0349 MaxIteration 2926  TIMEOUT 0.255393
 26       1004       1022       1084      0.2554       1039        1039      0.0000      7.6619
ALPHA 1.0349 MaxIteration 3027  TIMEOUT 0.180567
 27       1004       1022       1084      0.1806       1039        1039      0.0000      7.9988
ALPHA 1.0349 MaxIteration 3132  TIMEOUT 0.547665
 28       1010       1022       1084      0.5477       1039        1039      0.0000      9.0029
ALPHA 1.0349 MaxIteration 3241  TIMEOUT 0.214870
 29       1004       1022       1085      0.2149       1039        1039      0.0000      9.3993
ALPHA 1.0349 MaxIteration 3353  TIMEOUT 0.398093
 30       1003       1022       1085      0.3981       1039        1039      0.0100     10.1288
ALPHA 1.0349 MaxIteration 3469  TIMEOUT 0.251528
 31       1004       1022       1084      0.2515       1039        1039      0.0000     10.5988
ALPHA 1.0349 MaxIteration 3589  TIMEOUT 0.263980
 32       1006       1022       1085      0.2640       1039        1039      0.0000     11.0688
ALPHA 1.0349 MaxIteration 3714  TIMEOUT 0.413488
 33       1003       1022       1104      0.4135       1039        1039      0.0000     11.8388
ALPHA 1.0349 MaxIteration 3843  TIMEOUT 0.477426
 34       1002       1022       1093      0.4774       1039        1039      0.0000     12.7088
ALPHA 1.0349 MaxIteration 3976  TIMEOUT 0.246857
 35       1000       1022       1093      0.2469       1039        1039      0.0000     13.1588
ALPHA 1.0349 MaxIteration 4114  TIMEOUT 0.535796
 36        999       1022       1107      0.5358       1039        1039      0.0000     14.1488
ALPHA 1.0349 MaxIteration 4257  TIMEOUT 0.253874
 37       1008       1022       1093      0.2539       1039        1039      0.0000     14.6088
ALPHA 1.0349 MaxIteration 4405  TIMEOUT 0.321002
 38       1003       1022       1115      0.3210       1039        1039      0.0000     15.2088
ALPHA 1.0349 MaxIteration 4558  TIMEOUT 0.516685
 39       1008       1022       1092      0.5167       1039        1039      0.0000     16.1588
ALPHA 1.0349 MaxIteration 4716  TIMEOUT 0.335852
 40        999       1022       1093      0.3359       1039        1039      0.0000     16.7688
ALPHA 1.0349 MaxIteration 4880  TIMEOUT 0.303169
 41        998       1022       1093      0.3032       1039        1039      0.0000     17.3294
ALPHA 1.0349 MaxIteration 5050  TIMEOUT 0.373151
 42       1002       1022       1093      0.3732       1039        1039      0.0000     18.0288
ALPHA 1.0349 MaxIteration 5226  TIMEOUT 0.386162
 43       1001       1022       1114      0.3862       1039        1039      0.0000     18.7388
ALPHA 1.0349 MaxIteration 5408  TIMEOUT 0.651667
 44       1003       1022       1093      0.6517       1039        1039      0.0000     19.8988
ALPHA 1.0349 MaxIteration 5596  TIMEOUT 0.101202
 45       1000       1022       1115      0.1012>>> T1_100_100_2.wclq |V| 100 |E| 100  (#LB 0.0000 1022 ---> 1022  0.0166  1039 <--- 1059  0.0189 #UB)  #solve_ime 20.0000 read_time 0.0012 
