>>IBM: |V|=200 |E|=250
>>IBM: The maximum node weight is 49
/public/home/acs4vb4pqv/benchmarks/MWDS2026/T1_wclq/T1_200_250_7.wclq #seed 101 #alpha 1.900 #timeout 0.100 K=5 RHO=0.05 Q0=0.90 BETA=3.5
[v19] |V|=200 |E|=250 density=1.25 USE_ADVANCED=0
#Rd        #LB        #LB*       #UB       #Time        #UB+        #UB*      #Time      #TotalTime
First Gap  0.097109
ALPHA 1.9000 MaxIteration 500  TIMEOUT 0.033066
  1       1833       1833       2011      0.0331
 [Tier-2 Medium] gap=0.0971 density=1.25 |V|=200 => Standard RL (K=5, 15%)
ALPHA 1.9000 MaxIteration 3  TIMEOUT 0.006219
  2       1793       1833       2149      0.0062ALPHA 1.8304 MaxIteration 5  TIMEOUT 0.007505
  3       1789       1833       2202      0.0075ALPHA 1.7658 MaxIteration 9  TIMEOUT 0.022351
  4       1808       1833       2218      0.0224ALPHA 1.7056 MaxIteration 15  TIMEOUT 0.025243
  5       1812       1833       2261      0.0252ALPHA 1.6493 MaxIteration 25  TIMEOUT 0.036807
  6       1816       1833       2230      0.0368ALPHA 1.5966 MaxIteration 41  TIMEOUT 0.033736
  7       1807       1833       2170      0.0337ALPHA 1.5472 MaxIteration 65  TIMEOUT 0.103491
  8       1859       1859       2179      0.1035ALPHA 1.5008 MaxIteration 100  TIMEOUT 0.114270
  9       1855       1859       2156      0.1143ALPHA 1.4571 MaxIteration 150  TIMEOUT 0.225865
 10       1852       1859       2169      0.2259ALPHA 1.4158 MaxIteration 218  TIMEOUT 0.315306
 11       1856       1859       2138      0.3153ALPHA 1.3768 MaxIteration 308  TIMEOUT 0.249679
 12       1848       1859       2178      0.2497ALPHA 1.3399 MaxIteration 424  TIMEOUT 0.534618
 13       1853       1859       2167      0.5346ALPHA 1.3049 MaxIteration 568  TIMEOUT 0.452639
 14       1852       1859       2174      0.4526ALPHA 1.2718 MaxIteration 741  TIMEOUT 0.547765
 15       1839       1859       2184      0.5478ALPHA 1.2402 MaxIteration 942  TIMEOUT 0.845955
 16       1856       1859       2181      0.8460       1937        1937      0.0100      4.3200
ALPHA 1.2102 MaxIteration 1168  TIMEOUT 0.222598
 17       1824       1859       2089      0.2226       1937        1937      0.0000      4.7600
ALPHA 1.1816 MaxIteration 1413  TIMEOUT 0.250356
 18       1846       1859       2170      0.2504       1937        1937      0.0100      5.2500
ALPHA 1.1543 MaxIteration 1669  TIMEOUT 0.307483
 19       1816       1859       2141      0.3075       1937        1937      0.0200      5.8400
ALPHA 1.1283 MaxIteration 1926  TIMEOUT 0.660374
 20       1835       1859       2168      0.6604       1937        1937      0.0000      7.1300
ALPHA 1.1034 MaxIteration 2173  TIMEOUT 0.632209
 21       1830       1859       2137      0.6322       1937        1937      0.0100      8.3500
ALPHA 1.0795 MaxIteration 2397  TIMEOUT 0.837523
 22       1838       1859       2076      0.8375       1937        1937      0.0400      9.9375
ALPHA 1.0567 MaxIteration 2587  TIMEOUT 0.563996
 23       1831       1859       2097      0.5640       1937        1937      0.0000     11.0300
ALPHA 1.0349 MaxIteration 2733  TIMEOUT 0.467172
 24       1826       1859       2150      0.4672       1937        1937      0.0500     11.9300
ALPHA 1.0349 MaxIteration 2828  TIMEOUT 0.828974
 25       1830       1859       2114      0.8290       1937        1937      0.0100     13.5300
ALPHA 1.0349 MaxIteration 2926  TIMEOUT 0.497609
 26       1851       1859       2155      0.4976       1937        1937      0.0100     14.4800
ALPHA 1.0349 MaxIteration 3027  TIMEOUT 0.540395
 27       1855       1859       2104      0.5404       1937        1937      0.0100     15.5300
ALPHA 1.0349 MaxIteration 3132  TIMEOUT 0.770888
 28       1855       1859       2116      0.7709       1937        1937      0.0000     17.0200
ALPHA 1.0349 MaxIteration 3241  TIMEOUT 1.016923
 29       1810       1859       2168      1.0169       1937        1937      0.0200     18.9600
ALPHA 1.0349 MaxIteration 3353  TIMEOUT 1.040117
 30       1809       1859       2158      1.0401>>> T1_200_250_7.wclq |V| 200 |E| 250  (#LB 0.0142 1833 ---> 1859  0.0420  1937 <--- 2011  0.0368 #UB)  #solve_ime 20.0001 read_time 0.0000 
