With  Parameters CUTOFF 20 SEED 103  ALPHA = 1.900  K=5 RHO=0.05 Q0=0.90 BETA=3.0
Reading  graph ...  time 0.000653  
Reducing graph ...  time 0.000046  
[v6] |V|=200 |E|=2000 density=10.00 USE_ADVANCED=0
#Rd        #LB        #LB*       #UB       #Time        #UB+        #UB*      #Time      #TotalTime
First Gap  1.328283
  1        198        198        461      0.0458
 Switch to original search + AQ boost, timeout 0.045836....
ALPHA 1.9000 MaxIteration 3  TIMEOUT 0.045836
  2        198        198        549      0.0020ALPHA 1.8304 MaxIteration 5  TIMEOUT 0.003863
  3        197        198        553      0.0035ALPHA 1.7658 MaxIteration 9  TIMEOUT 0.006401
  4        203        203        525      0.0069ALPHA 1.7056 MaxIteration 15  TIMEOUT 0.012221
  5        206        206        508      0.0124ALPHA 1.6493 MaxIteration 25  TIMEOUT 0.021110
  6        218        218        497      0.0212ALPHA 1.5966 MaxIteration 41  TIMEOUT 0.034992
  7        226        226        512      0.0354ALPHA 1.5472 MaxIteration 65  TIMEOUT 0.056497
  8        219        226        522      0.0567ALPHA 1.5008 MaxIteration 100  TIMEOUT 0.087655
  9        228        228        493      0.0881ALPHA 1.4571 MaxIteration 150  TIMEOUT 0.132275
 10        212        228        491      0.1294ALPHA 1.4158 MaxIteration 218  TIMEOUT 0.188472
 11        218        228        487      0.1889ALPHA 1.3768 MaxIteration 308  TIMEOUT 0.267436
 12        218        228        478      0.2072ALPHA 1.3399 MaxIteration 424  TIMEOUT 0.285279
 13        221        228        484      0.2858ALPHA 1.3049 MaxIteration 568  TIMEOUT 0.382995
 14        220        228        469      0.3835ALPHA 1.2718 MaxIteration 741  TIMEOUT 0.500488
 15        227        228        487      0.5008ALPHA 1.2402 MaxIteration 942  TIMEOUT 0.636949
 16        234        234        470      0.6376ALPHA 1.2102 MaxIteration 1168  TIMEOUT 0.790741
 17        222        234        464      0.7911        416         416      3.3611       16.6421
ALPHA 1.1816 MaxIteration 1413  TIMEOUT 20.083088
 18        229        234        469      1.5276        416         416      0.0042       19.9997
>>> T1_200_2000_8.wclq |V| 200 |E| 2000  (#LB 0.1818 198 ---> 234  0.4375  416 <--- 461  0.0976 #UB)  #read_time 0.0007  #reduce_time 0.0000  #solve_time 19.9997  #total_time 20.0004
 