>>IBM: |V|=1000 |E|=52120
>>IBM: The maximum node weight is 100
/public/home/acs4vb4pqv/benchmarks/MWDS2026/UDG_wclq/UDG_1000_200_8.wclq #seed 102 #alpha 1.900 #timeout 0.100 K=5 RHO=0.05 Q0=0.90 BETA=3.5
[v19] |V|=1000 |E|=52120 density=52.12 USE_ADVANCED=1
#Rd        #LB        #LB*       #UB       #Time        #UB+        #UB*      #Time      #TotalTime
First Gap  0.078947
ALPHA 1.9000 MaxIteration 500  TIMEOUT 0.331224
  1         38         38         41      0.3312
 [Tier-3 Hard] gap=0.0789 density=52.12 |V|=1000 => Heavy RL (K=8, 25%)
ALPHA 1.9000 MaxIteration 3  TIMEOUT 0.020296
  2         36         38         46      0.0203ALPHA 1.8304 MaxIteration 5  TIMEOUT 0.035217
  3         36         38         43      0.0352ALPHA 1.7658 MaxIteration 9  TIMEOUT 0.083741
  4         37         38         41      0.0837ALPHA 1.7056 MaxIteration 15  TIMEOUT 0.090580
  5         38         38         41      0.0906         41          41      0.0000      0.6571
ALPHA 1.6493 MaxIteration 25  TIMEOUT 0.053936
  6         38         38         41      0.0539         41          41      0.0000      0.7670
ALPHA 1.5966 MaxIteration 41  TIMEOUT 0.048694
  7         37         38         41      0.0487         41          41      0.0000      0.8570
ALPHA 1.5472 MaxIteration 65  TIMEOUT 0.077894
  8         36         38         41      0.0779         41          41      0.0000      1.0070
ALPHA 1.5008 MaxIteration 100  TIMEOUT 0.155558
  9         37         38         41      0.1556         41          41      0.0000      1.3169
ALPHA 1.4571 MaxIteration 150  TIMEOUT 0.180687
 10         36         38         41      0.1807         41          41      0.0000      1.6871
ALPHA 1.4158 MaxIteration 218  TIMEOUT 0.304055
 11         36         38         41      0.3041         41          41      0.0000      2.2971
ALPHA 1.3768 MaxIteration 308  TIMEOUT 0.380556
 12         36         38         41      0.3806         41          41      0.0000      3.0670
ALPHA 1.3399 MaxIteration 424  TIMEOUT 0.544854
 13         36         38         41      0.5449         41          41      0.0000      4.1570
ALPHA 1.3049 MaxIteration 568  TIMEOUT 0.631269
 14         36         38         41      0.6313         41          41      0.0000      5.4271
ALPHA 1.2718 MaxIteration 741  TIMEOUT 0.825938
 15         36         38         41      0.8259         41          41      0.0000      7.0769
ALPHA 1.2402 MaxIteration 942  TIMEOUT 1.353185
 16         36         38         41      1.3532
 [LB Done] stag=11 elapsed=42.2% => 11.6s to UB
         41          41      0.0000     19.9569
>>> UDG_1000_200_8.wclq |V| 1000 |E| 52120  (#LB 0.0000 38 ---> 38  0.0789  41 <--- 41  0.0000 #UB)  #solve_ime 19.9570 read_time 0.0131 
