>>IBM: |V|=100 |E|=100
>>IBM: The maximum node weight is 49
/public/home/acs4vb4pqv/benchmarks/MWDS2026/T1_wclq/T1_100_100_2.wclq #seed 2 #alpha 1.900 #timeout 0.100 K=5 RHO=0.05 Q0=0.90 BETA=3.5
[v19] |V|=100 |E|=100 density=1.00 USE_ADVANCED=0
#Rd        #LB        #LB*       #UB       #Time        #UB+        #UB*      #Time      #TotalTime
First Gap  0.036204
ALPHA 1.9000 MaxIteration 500  TIMEOUT 0.010498
  1       1022       1022       1059      0.0105
 [Tier-2 Medium] gap=0.0362 density=1.00 |V|=100 => Standard RL (K=5, 15%)
ALPHA 1.9000 MaxIteration 3  TIMEOUT 0.001666
  2        984       1022       1152      0.0017ALPHA 1.8304 MaxIteration 5  TIMEOUT 0.005516
  3       1012       1022       1108      0.0055ALPHA 1.7658 MaxIteration 9  TIMEOUT 0.006984
  4       1000       1022       1131      0.0070ALPHA 1.7056 MaxIteration 15  TIMEOUT 0.006990
  5        995       1022       1157      0.0070ALPHA 1.6493 MaxIteration 25  TIMEOUT 0.015051
  6       1004       1022       1123      0.0151ALPHA 1.5966 MaxIteration 41  TIMEOUT 0.016421
  7       1000       1022       1122      0.0164ALPHA 1.5472 MaxIteration 65  TIMEOUT 0.026110
  8       1000       1022       1116      0.0261ALPHA 1.5008 MaxIteration 100  TIMEOUT 0.041233
  9       1003       1022       1098      0.0412ALPHA 1.4571 MaxIteration 150  TIMEOUT 0.067049
 10       1004       1022       1089      0.0670ALPHA 1.4158 MaxIteration 218  TIMEOUT 0.093881
 11       1007       1022       1087      0.0939ALPHA 1.3768 MaxIteration 308  TIMEOUT 0.178529
 12       1015       1022       1087      0.1785ALPHA 1.3399 MaxIteration 424  TIMEOUT 0.135330
 13       1003       1022       1100      0.1353ALPHA 1.3049 MaxIteration 568  TIMEOUT 0.244821
 14       1005       1022       1089      0.2448ALPHA 1.2718 MaxIteration 741  TIMEOUT 0.425864
 15       1009       1022       1089      0.4259ALPHA 1.2402 MaxIteration 942  TIMEOUT 0.602783
 16       1011       1022       1076      0.6028ALPHA 1.2102 MaxIteration 1168  TIMEOUT 0.668599
 17       1013       1022       1064      0.6686ALPHA 1.1816 MaxIteration 1413  TIMEOUT 0.585823
 18       1020       1022       1064      0.5858       1039        1039      0.0000      3.6400
ALPHA 1.1543 MaxIteration 1669  TIMEOUT 0.168508
 19       1011       1022       1074      0.1685       1039        1039      0.0000      3.9500
ALPHA 1.1283 MaxIteration 1926  TIMEOUT 0.135704
 20       1013       1022       1078      0.1357       1039        1039      0.0000      4.1969
ALPHA 1.1034 MaxIteration 2173  TIMEOUT 0.322703
 21       1012       1022       1078      0.3227       1039        1039      0.0100      4.7900
ALPHA 1.0795 MaxIteration 2397  TIMEOUT 0.337504
 22       1004       1022       1093      0.3375       1039        1039      0.0000      5.4000
ALPHA 1.0567 MaxIteration 2587  TIMEOUT 0.198023
 23       1005       1022       1085      0.1980       1039        1039      0.0000      5.7600
ALPHA 1.0349 MaxIteration 2733  TIMEOUT 0.249945
 24       1000       1022       1107      0.2499       1039        1039      0.0100      6.2100
ALPHA 1.0349 MaxIteration 2828  TIMEOUT 0.249472
 25       1002       1022       1100      0.2495       1039        1039      0.0100      6.6700
ALPHA 1.0349 MaxIteration 2926  TIMEOUT 0.293515
 26       1001       1022       1104      0.2935       1039        1039      0.0000      7.2126
ALPHA 1.0349 MaxIteration 3027  TIMEOUT 0.440948
 27       1004       1022       1103      0.4409       1039        1039      0.0000      8.0200
ALPHA 1.0349 MaxIteration 3132  TIMEOUT 0.301764
 28       1008       1022       1085      0.3018       1039        1039      0.0000      8.5800
ALPHA 1.0349 MaxIteration 3241  TIMEOUT 0.260141
 29       1004       1022       1093      0.2601       1039        1039      0.0000      9.0600
ALPHA 1.0349 MaxIteration 3353  TIMEOUT 0.257330
 30       1004       1022       1085      0.2573       1039        1039      0.0000      9.5200
ALPHA 1.0349 MaxIteration 3469  TIMEOUT 0.202458
 31        997       1022       1085      0.2025       1039        1039      0.0000      9.9000
ALPHA 1.0349 MaxIteration 3589  TIMEOUT 0.231328
 32        997       1022       1085      0.2313       1039        1039      0.0000     10.3400
ALPHA 1.0349 MaxIteration 3714  TIMEOUT 0.499345
 33       1000       1022       1107      0.4993       1039        1039      0.0100     11.2500
ALPHA 1.0349 MaxIteration 3843  TIMEOUT 0.273609
 34       1001       1022       1093      0.2736       1039        1039      0.0000     11.7600
ALPHA 1.0349 MaxIteration 3976  TIMEOUT 0.343468
 35       1001       1022       1104      0.3435       1039        1039      0.0000     12.3900
ALPHA 1.0349 MaxIteration 4114  TIMEOUT 0.317747
 36       1001       1022       1093      0.3177       1039        1039      0.0000     12.9800
ALPHA 1.0349 MaxIteration 4257  TIMEOUT 0.428136
 37        997       1022       1107      0.4281       1039        1039      0.0000     13.7550
ALPHA 1.0349 MaxIteration 4405  TIMEOUT 0.394623
 38       1001       1022       1093      0.3946       1039        1039      0.0100     14.4900
ALPHA 1.0349 MaxIteration 4558  TIMEOUT 0.265890
 39       1002       1022       1114      0.2659       1039        1039      0.0000     14.9800
ALPHA 1.0349 MaxIteration 4716  TIMEOUT 0.511514
 40        999       1022       1107      0.5115       1039        1039      0.0000     15.9300
ALPHA 1.0349 MaxIteration 4880  TIMEOUT 0.549089
 41        999       1022       1104      0.5491       1039        1039      0.0100     16.9400
ALPHA 1.0349 MaxIteration 5050  TIMEOUT 0.627479
 42       1002       1022       1113      0.6275       1039        1039      0.0000     18.0900
ALPHA 1.0349 MaxIteration 5226  TIMEOUT 0.341153
 43       1006       1022       1111      0.3412       1039        1039      0.0000     18.7300
ALPHA 1.0349 MaxIteration 5408  TIMEOUT 0.589629
 44        998       1022       1106      0.5896       1039        1039      0.0100     19.7957
ALPHA 1.0349 MaxIteration 5596  TIMEOUT 0.204351
 45       1002       1022       1121      0.2044>>> T1_100_100_2.wclq |V| 100 |E| 100  (#LB 0.0000 1022 ---> 1022  0.0166  1039 <--- 1059  0.0189 #UB)  #solve_ime 20.0000 read_time 0.0000 
