>>IBM: |V|=100 |E|=100
>>IBM: The maximum node weight is 49
/public/home/acs4vb4pqv/benchmarks/MWDS2026/T1_wclq/T1_100_100_2.wclq #seed 103 #alpha 1.900 #timeout 0.100 K=5 RHO=0.05 Q0=0.90 BETA=3.5
[v19] |V|=100 |E|=100 density=1.00 USE_ADVANCED=0
#Rd        #LB        #LB*       #UB       #Time        #UB+        #UB*      #Time      #TotalTime
First Gap  0.036204
ALPHA 1.9000 MaxIteration 500  TIMEOUT 0.011105
  1       1022       1022       1059      0.0111
 [Tier-2 Medium] gap=0.0362 density=1.00 |V|=100 => Standard RL (K=5, 15%)
ALPHA 1.9000 MaxIteration 3  TIMEOUT 0.002459
  2        982       1022       1144      0.0025ALPHA 1.8304 MaxIteration 5  TIMEOUT 0.003702
  3        981       1022       1206      0.0037ALPHA 1.7658 MaxIteration 9  TIMEOUT 0.009072
  4       1002       1022       1156      0.0091ALPHA 1.7056 MaxIteration 15  TIMEOUT 0.010611
  5        995       1022       1146      0.0106ALPHA 1.6493 MaxIteration 25  TIMEOUT 0.011565
  6        996       1022       1146      0.0116ALPHA 1.5966 MaxIteration 41  TIMEOUT 0.023242
  7        993       1022       1113      0.0232ALPHA 1.5472 MaxIteration 65  TIMEOUT 0.049100
  8       1007       1022       1116      0.0491ALPHA 1.5008 MaxIteration 100  TIMEOUT 0.057583
  9       1003       1022       1092      0.0576ALPHA 1.4571 MaxIteration 150  TIMEOUT 0.179895
 10       1008       1022       1075      0.1799ALPHA 1.4158 MaxIteration 218  TIMEOUT 0.140210
 11        996       1022       1092      0.1402ALPHA 1.3768 MaxIteration 308  TIMEOUT 0.121521
 12       1005       1022       1110      0.1215ALPHA 1.3399 MaxIteration 424  TIMEOUT 0.181267
 13       1007       1022       1089      0.1813ALPHA 1.3049 MaxIteration 568  TIMEOUT 0.291239
 14       1007       1022       1075      0.2912ALPHA 1.2718 MaxIteration 741  TIMEOUT 0.218927
 15       1002       1022       1094      0.2189ALPHA 1.2402 MaxIteration 942  TIMEOUT 0.371516
 16       1008       1022       1089      0.3715ALPHA 1.2102 MaxIteration 1168  TIMEOUT 0.369294
 17       1007       1022       1077      0.3693ALPHA 1.1816 MaxIteration 1413  TIMEOUT 0.434618
 18       1014       1022       1066      0.4346ALPHA 1.1543 MaxIteration 1669  TIMEOUT 0.527792
 19       1020       1022       1080      0.5278       1039        1039      0.0000      3.4582
ALPHA 1.1283 MaxIteration 1926  TIMEOUT 0.127571
 20       1013       1022       1079      0.1276       1039        1039      0.0000      3.6882
ALPHA 1.1034 MaxIteration 2173  TIMEOUT 0.158893
 21       1014       1022       1075      0.1589       1039        1039      0.0100      3.9782
ALPHA 1.0795 MaxIteration 2397  TIMEOUT 0.185458
 22       1007       1022       1106      0.1855       1039        1039      0.0000      4.3182
ALPHA 1.0567 MaxIteration 2587  TIMEOUT 0.216355
 23       1014       1022       1080      0.2164       1039        1039      0.0000      4.7082
ALPHA 1.0349 MaxIteration 2733  TIMEOUT 0.158036
 24       1009       1022       1102      0.1580       1039        1039      0.0000      4.9982
ALPHA 1.0349 MaxIteration 2828  TIMEOUT 0.323639
 25       1004       1022       1084      0.3236       1039        1039      0.0000      5.5982
ALPHA 1.0349 MaxIteration 2926  TIMEOUT 0.251495
 26       1005       1022       1085      0.2515       1039        1039      0.0000      6.0682
ALPHA 1.0349 MaxIteration 3027  TIMEOUT 0.188781
 27       1005       1022       1085      0.1888       1039        1039      0.0100      6.4182
ALPHA 1.0349 MaxIteration 3132  TIMEOUT 0.626475
 28       1009       1022       1085      0.6265       1039        1039      0.0000      7.5910
ALPHA 1.0349 MaxIteration 3241  TIMEOUT 0.212679
 29       1012       1022       1090      0.2127       1039        1039      0.0000      7.9782
ALPHA 1.0349 MaxIteration 3353  TIMEOUT 0.402527
 30       1008       1022       1085      0.4025       1039        1039      0.0000      8.7282
ALPHA 1.0349 MaxIteration 3469  TIMEOUT 0.226801
 31       1003       1022       1092      0.2268       1039        1039      0.0000      9.1482
ALPHA 1.0349 MaxIteration 3589  TIMEOUT 0.250743
 32       1005       1022       1093      0.2507       1039        1039      0.0000      9.6282
ALPHA 1.0349 MaxIteration 3714  TIMEOUT 0.445999
 33       1003       1022       1093      0.4460       1039        1039      0.0000     10.4482
ALPHA 1.0349 MaxIteration 3843  TIMEOUT 0.246923
 34       1008       1022       1093      0.2469       1039        1039      0.0000     10.8882
ALPHA 1.0349 MaxIteration 3976  TIMEOUT 0.484721
 35       1002       1022       1093      0.4847       1039        1039      0.0000     11.7982
ALPHA 1.0349 MaxIteration 4114  TIMEOUT 0.370554
 36       1001       1022       1115      0.3706       1039        1039      0.0000     12.4982
ALPHA 1.0349 MaxIteration 4257  TIMEOUT 0.279267
 37        997       1022       1093      0.2793       1039        1039      0.0100     13.0082
ALPHA 1.0349 MaxIteration 4405  TIMEOUT 0.482782
 38        997       1022       1092      0.4828       1039        1039      0.0000     13.9182
ALPHA 1.0349 MaxIteration 4558  TIMEOUT 0.430925
 39       1003       1022       1112      0.4309       1039        1039      0.0000     14.7282
ALPHA 1.0349 MaxIteration 4716  TIMEOUT 0.430223
 40        998       1022       1093      0.4302       1039        1039      0.0000     15.5182
ALPHA 1.0349 MaxIteration 4880  TIMEOUT 0.293544
 41        997       1022       1093      0.2935       1039        1039      0.0000     16.0482
ALPHA 1.0349 MaxIteration 5050  TIMEOUT 0.398760
 42        997       1022       1093      0.3988       1039        1039      0.0100     16.7782
ALPHA 1.0349 MaxIteration 5226  TIMEOUT 0.315746
 43       1000       1022       1113      0.3157       1039        1039      0.0000     17.3582
ALPHA 1.0349 MaxIteration 5408  TIMEOUT 0.563197
 44       1003       1022       1106      0.5632       1039        1039      0.0000     18.3851
ALPHA 1.0349 MaxIteration 5596  TIMEOUT 0.694213
 45       1001       1022       1093      0.6942       1039        1039      0.0000     19.6782
ALPHA 1.0349 MaxIteration 5791  TIMEOUT 0.321852
 46       1002       1022       1085      0.3219>>> T1_100_100_2.wclq |V| 100 |E| 100  (#LB 0.0000 1022 ---> 1022  0.0166  1039 <--- 1059  0.0189 #UB)  #solve_ime 20.0000 read_time 0.0018 
