>>IBM: |V|=1000 |E|=52120
>>IBM: The maximum node weight is 100
/public/home/acs4vb4pqv/benchmarks/MWDS2026/UDG_wclq/UDG_1000_200_8.wclq #seed 2 #alpha 1.900 #timeout 0.100 K=5 RHO=0.05 Q0=0.90 BETA=3.5
[v19] |V|=1000 |E|=52120 density=52.12 USE_ADVANCED=1
#Rd        #LB        #LB*       #UB       #Time        #UB+        #UB*      #Time      #TotalTime
First Gap  0.078947
ALPHA 1.9000 MaxIteration 500  TIMEOUT 0.328493
  1         38         38         41      0.3285
 [Tier-3 Hard] gap=0.0789 density=52.12 |V|=1000 => Heavy RL (K=8, 25%)
ALPHA 1.9000 MaxIteration 3  TIMEOUT 0.019635
  2         36         38         44      0.0196ALPHA 1.8304 MaxIteration 5  TIMEOUT 0.047789
  3         37         38         41      0.0478ALPHA 1.7658 MaxIteration 9  TIMEOUT 0.094247
  4         37         38         43      0.0942         41          41      0.0000      0.5865
ALPHA 1.7056 MaxIteration 15  TIMEOUT 0.014070
  5         33         38         42      0.0141         41          41      0.0000      0.6166
ALPHA 1.6493 MaxIteration 25  TIMEOUT 0.048777
  6         37         38         41      0.0488         41          41      0.0000      0.7065
ALPHA 1.5966 MaxIteration 41  TIMEOUT 0.045855
  7         36         38         41      0.0459         41          41      0.0000      0.7966
ALPHA 1.5472 MaxIteration 65  TIMEOUT 0.094734
  8         37         38         41      0.0947         41          41      0.0000      0.9865
ALPHA 1.5008 MaxIteration 100  TIMEOUT 0.128173
  9         36         38         41      0.1282         41          41      0.0000      1.2365
ALPHA 1.4571 MaxIteration 150  TIMEOUT 0.202402
 10         35         38         41      0.2024         41          41      0.0000      1.6464
ALPHA 1.4158 MaxIteration 218  TIMEOUT 0.217268
 11         35         38         41      0.2173         41          41      0.0000      2.0766
ALPHA 1.3768 MaxIteration 308  TIMEOUT 0.389212
 12         35         38         41      0.3892         41          41      0.0000      2.8465
ALPHA 1.3399 MaxIteration 424  TIMEOUT 0.485941
 13         35         38         41      0.4859         41          41      0.0000      3.8164
ALPHA 1.3049 MaxIteration 568  TIMEOUT 0.664083
 14         35         38         41      0.6641         41          41      0.0000      5.1466
ALPHA 1.2718 MaxIteration 741  TIMEOUT 1.115864
 15         36         38         41      1.1159         41          41      0.0000      7.3765
ALPHA 1.2402 MaxIteration 942  TIMEOUT 1.416942
 16         36         38         41      1.4169
 [LB Done] stag=12 elapsed=44.0% => 11.2s to UB
         41          41      0.0000     19.9666
>>> UDG_1000_200_8.wclq |V| 1000 |E| 52120  (#LB 0.0000 38 ---> 38  0.0789  41 <--- 41  0.0000 #UB)  #solve_ime 19.9666 read_time 0.0136 
