>>IBM: |V|=1000 |E|=52120
>>IBM: The maximum node weight is 100
/public/home/acs4vb4pqv/benchmarks/MWDS2026/UDG_wclq/UDG_1000_200_8.wclq #seed 2 #alpha 1.900 #timeout 0.100 K=5 RHO=0.05 Q0=0.90 BETA=3.5 AQ_MODE=guarded SAFE_AQ_MIN_GAP=0.050 SAFE_AQ_MIN_NODES=800 AQ_SLOPE_MARGIN=1.05 AQ_MAX_UB_DRIFT=0.25
[v19] |V|=1000 |E|=52120 density=52.12 USE_ADVANCED=1
#Rd        #LB        #LB*       #UB       #Time        #UB+        #UB*      #Time      #TotalTime
First Gap  0.078947
ALPHA 1.9000 MaxIteration 500  TIMEOUT 0.381284
  1         38         38         41      0.3813
 [Tier-3 Hard] gap=0.0789 density=52.12 |V|=1000 => Heavy RL (K=8, 25%)
ALPHA 1.9000 MaxIteration 3  TIMEOUT 0.024202
  2         36         38         44      0.0242ALPHA 1.8304 MaxIteration 5  TIMEOUT 0.058023
  3         37         38         41      0.0580 [AQ guard] no early LB gain, disabling AQ
         41          41      0.0000      0.5247
ALPHA 1.7658 MaxIteration 9  TIMEOUT 0.011545
  4         37         38         41      0.0115         41          41      0.0000      0.5548
ALPHA 1.7056 MaxIteration 15  TIMEOUT 0.015068
  5         38         38         41      0.0151         41          41      0.0000      0.5845
ALPHA 1.6493 MaxIteration 25  TIMEOUT 0.024942
  6         37         38         41      0.0249         41          41      0.0000      0.6346
ALPHA 1.5966 MaxIteration 41  TIMEOUT 0.037831
  7         37         38         41      0.0378         41          41      0.0000      0.7045
ALPHA 1.5472 MaxIteration 65  TIMEOUT 0.064951
  8         36         38         41      0.0650         41          41      0.0000      0.8346
ALPHA 1.5008 MaxIteration 100  TIMEOUT 0.115359
  9         36         38         41      0.1154         41          41      0.0000      1.0646
ALPHA 1.4571 MaxIteration 150  TIMEOUT 0.205181
 10         36         38         41      0.2052         41          41      0.0000      1.4748
ALPHA 1.4158 MaxIteration 218  TIMEOUT 0.420696
 11         36         38         41      0.4207         41          41      0.0000      2.3247
ALPHA 1.3768 MaxIteration 308  TIMEOUT 0.419165
 12         35         38         41      0.4192         41          41      0.0000      3.1647
ALPHA 1.3399 MaxIteration 424  TIMEOUT 0.742940
 13         35         38         41      0.7429         41          41      0.0000      4.6447
ALPHA 1.3049 MaxIteration 568  TIMEOUT 0.804677
 14         35         38         41      0.8047         41          41      0.0000      6.2546
ALPHA 1.2718 MaxIteration 741  TIMEOUT 1.581892
 15         35         38         41      1.5819         41          41      0.0000      9.4247
ALPHA 1.2402 MaxIteration 942  TIMEOUT 1.808231
 16         34         38         41      1.8082
 [LB Done] stag=13 elapsed=56.2% => 8.8s to UB
         41          41      0.0000     19.9846
>>> UDG_1000_200_8.wclq |V| 1000 |E| 52120  (#LB 0.0000 38 ---> 38  0.0789  41 <--- 41  0.0000 #UB)  #solve_ime 19.9847 read_time 0.0155 
