>>IBM: |V|=200 |E|=2000
>>IBM: The maximum node weight is 49
/public/home/acs4vb4pqv/benchmarks/MWDS2026/T1_wclq/T1_200_2000_8.wclq #seed 103 #alpha 1.900 #timeout 0.100 K=5 RHO=0.05 Q0=0.90 BETA=3.5 AQ_MODE=guarded SAFE_AQ_MIN_GAP=0.050 SAFE_AQ_MIN_NODES=800 AQ_SLOPE_MARGIN=1.05 AQ_MAX_UB_DRIFT=0.25
[v19] |V|=200 |E|=2000 density=10.00 USE_ADVANCED=0
#Rd        #LB        #LB*       #UB       #Time        #UB+        #UB*      #Time      #TotalTime
First Gap  1.328283
ALPHA 1.9000 MaxIteration 500  TIMEOUT 0.044693
  1        198        198        461      0.0447
 [AQ small-headroom probe] gap=1.3283 density=10.00 |V|=200 => Light RL (K=3, 5.0%)
ALPHA 1.9000 MaxIteration 3  TIMEOUT 0.001440
  2        198        198        548      0.0014ALPHA 1.8304 MaxIteration 5  TIMEOUT 0.002238
  3        203        203        578      0.0022ALPHA 1.7658 MaxIteration 9  TIMEOUT 0.004342
  4        206        206        522      0.0043ALPHA 1.7056 MaxIteration 15  TIMEOUT 0.006320
  5        220        220        519      0.0063ALPHA 1.6493 MaxIteration 25  TIMEOUT 0.012608
  6        222        222        528      0.0126ALPHA 1.5966 MaxIteration 41  TIMEOUT 0.015209
  7        221        222        533      0.0152ALPHA 1.5472 MaxIteration 65  TIMEOUT 0.023986
  8        221        222        523      0.0240 [AQ guard] no early LB gain, disabling AQ
        416         416      0.0100      0.1387
ALPHA 1.5008 MaxIteration 100  TIMEOUT 0.012219
  9        201        222        482      0.0122        416         416      0.0100      0.1688
ALPHA 1.4571 MaxIteration 150  TIMEOUT 0.013969
 10        191        222        493      0.0140        416         416      0.0100      0.1988
ALPHA 1.4158 MaxIteration 218  TIMEOUT 0.026774
 11        198        222        484      0.0268        416         416      0.0100      0.2488
ALPHA 1.3768 MaxIteration 308  TIMEOUT 0.030371
 12        195        222        450      0.0304        416         416      0.0000      0.3187
ALPHA 1.3399 MaxIteration 424  TIMEOUT 0.063024
 13        202        222        471      0.0630        416         416      0.0100      0.4487
ALPHA 1.3049 MaxIteration 568  TIMEOUT 0.083167
 14        192        222        469      0.0832        416         416      0.0000      0.6088
ALPHA 1.2718 MaxIteration 741  TIMEOUT 0.108451
 15        197        222        470      0.1085        416         416      0.0300      0.8188
ALPHA 1.2402 MaxIteration 942  TIMEOUT 0.135671
 16        197        222        473      0.1357        416         416      0.0100      1.0888
ALPHA 1.2102 MaxIteration 1168  TIMEOUT 0.223007
 17        203        222        474      0.2230        416         416      0.0000      1.5288
ALPHA 1.1816 MaxIteration 1413  TIMEOUT 0.200697
 18        195        222        464      0.2007        416         416      0.0400      1.9388
ALPHA 1.1543 MaxIteration 1669  TIMEOUT 0.192015
 19        198        222        469      0.1920        416         416      0.0000      2.3288
ALPHA 1.1283 MaxIteration 1926  TIMEOUT 0.247723
 20        196        222        468      0.2477        416         416      0.0100      2.8088
ALPHA 1.1034 MaxIteration 2173  TIMEOUT 0.217298
 21        194        222        453      0.2173        416         416      0.0100      3.2388
ALPHA 1.0795 MaxIteration 2397  TIMEOUT 0.260354
 22        196        222        472      0.2604        416         416      0.0000      3.7588
ALPHA 1.0567 MaxIteration 2587  TIMEOUT 0.349288
 23        197        222        469      0.3493        416         416      0.0700      4.4387
ALPHA 1.0349 MaxIteration 2733  TIMEOUT 0.287402
 24        200        222        473      0.2874        416         416      0.0200      4.9988
ALPHA 1.0349 MaxIteration 2828  TIMEOUT 0.313063
 25        198        222        475      0.3131        416         416      0.0300      5.6188
ALPHA 1.0349 MaxIteration 2926  TIMEOUT 0.300164
 26        198        222        455      0.3002        416         416      0.0200      6.2188
ALPHA 1.0349 MaxIteration 3027  TIMEOUT 0.308554
 27        197        222        469      0.3086        416         416      0.0000      6.8288
ALPHA 1.0349 MaxIteration 3132  TIMEOUT 0.401598
 28        198        222        466      0.4016        416         416      0.0500      7.6288
ALPHA 1.0349 MaxIteration 3241  TIMEOUT 0.323896
 29        196        222        459      0.3239        416         416      0.0000      8.2688
ALPHA 1.0349 MaxIteration 3353  TIMEOUT 0.455154
 30        198        222        468      0.4552        416         416      0.0500      9.1688
ALPHA 1.0349 MaxIteration 3469  TIMEOUT 0.686535
 31        202        222        472      0.6865        416         416      0.0100     10.5188
ALPHA 1.0349 MaxIteration 3589  TIMEOUT 0.388568
 32        197        222        447      0.3886        416         416      0.0100     11.2788
ALPHA 1.0349 MaxIteration 3714  TIMEOUT 0.408365
 33        198        222        459      0.4084        416         416      0.0200     12.0888
ALPHA 1.0349 MaxIteration 3843  TIMEOUT 0.658087
 34        198        222        469      0.6581        416         416      0.0100     13.3887
ALPHA 1.0349 MaxIteration 3976  TIMEOUT 0.405495
 35        198        222        467      0.4055        416         416      0.0200     14.1888
ALPHA 1.0349 MaxIteration 4114  TIMEOUT 0.459927
 36        197        222        459      0.4599        416         416      0.0100     15.0888
ALPHA 1.0349 MaxIteration 4257  TIMEOUT 0.749726
 37        200        222        455      0.7497        416         416      0.0300     16.5688
ALPHA 1.0349 MaxIteration 4405  TIMEOUT 0.503044
 38        196        222        470      0.5030        416         416      0.0200     17.5588
ALPHA 1.0349 MaxIteration 4558  TIMEOUT 0.591397
 39        197        222        455      0.5914        416         416      0.0200     18.7388
ALPHA 1.0349 MaxIteration 4716  TIMEOUT 0.489160
 40        201        222        452      0.4892        416         416      0.0100     19.6888
ALPHA 1.0349 MaxIteration 4880  TIMEOUT 0.311295
 41        198        222        459      0.3113>>> T1_200_2000_8.wclq |V| 200 |E| 2000  (#LB 0.1212 198 ---> 222  0.8739  416 <--- 461  0.0976 #UB)  #solve_ime 20.0001 read_time 0.0013 
