>>IBM: |V|=150 |E|=2000
>>IBM: The maximum node weight is 1235
/public/home/acs4vb4pqv/benchmarks/MWDS2026/T2_wclq/T2_150_2000_1.wclq #seed 1 #alpha 1.900 #timeout 0.100 K=5 RHO=0.05 Q0=0.90 BETA=3.5 AQ_MODE=guarded SAFE_AQ_MIN_GAP=0.050 SAFE_AQ_MIN_NODES=800 AQ_SLOPE_MARGIN=1.05 AQ_MAX_UB_DRIFT=0.25
[v19] |V|=150 |E|=2000 density=13.33 USE_ADVANCED=0
#Rd        #LB        #LB*       #UB       #Time        #UB+        #UB*      #Time      #TotalTime
First Gap  0.188867
ALPHA 1.9000 MaxIteration 500  TIMEOUT 0.040966
  1        503        503        598      0.0410
 [AQ small-headroom probe] gap=0.1889 density=13.33 |V|=150 => Light RL (K=3, 5.0%)
ALPHA 1.9000 MaxIteration 3  TIMEOUT 0.001202
  2        490        503        763      0.0012ALPHA 1.8304 MaxIteration 5  TIMEOUT 0.001355
  3        497        503        653      0.0014 [AQ guard] no early LB gain, disabling AQ
        598         598      0.0000      0.0500
ALPHA 1.7658 MaxIteration 9  TIMEOUT 0.000704
  4        488        503        615      0.0007        598         598      0.0000      0.0600
ALPHA 1.7056 MaxIteration 15  TIMEOUT 0.001522
  5        441        503        632      0.0015        598         598      0.0000      0.0700
ALPHA 1.6493 MaxIteration 25  TIMEOUT 0.002052
  6        462        503        601      0.0021        598         598      0.0000      0.0800
ALPHA 1.5966 MaxIteration 41  TIMEOUT 0.003179
  7        456        503        598      0.0032        598         598      0.0000      0.0900
ALPHA 1.5472 MaxIteration 65  TIMEOUT 0.009027
  8        500        503        598      0.0090        598         598      0.0000      0.1000
ALPHA 1.5008 MaxIteration 100  TIMEOUT 0.008090
  9        473        503        601      0.0081        601         598      0.0000      0.1100
ALPHA 1.4571 MaxIteration 150  TIMEOUT 0.010578
 10        488        503        598      0.0106        598         598      0.0000      0.1400
ALPHA 1.4158 MaxIteration 218  TIMEOUT 0.027557
 11        503        503        598      0.0276        598         598      0.0000      0.1900
ALPHA 1.3768 MaxIteration 308  TIMEOUT 0.046049
 12        508        508        598      0.0460        598         598      0.0000      0.2800
ALPHA 1.3399 MaxIteration 424  TIMEOUT 0.078262
 13        508        508        598      0.0783        598         598      0.0000      0.4300
ALPHA 1.3049 MaxIteration 568  TIMEOUT 0.084661
 14        508        508        598      0.0847        598         598      0.0000      0.6000
ALPHA 1.2718 MaxIteration 741  TIMEOUT 0.097789
 15        508        508        598      0.0978        598         598      0.0000      0.7900
ALPHA 1.2402 MaxIteration 942  TIMEOUT 0.134987
 16        500        508        598      0.1350        598         598      0.0000      1.0600
ALPHA 1.2102 MaxIteration 1168  TIMEOUT 0.161347
 17        508        508        598      0.1613        598         598      0.0000      1.3800
ALPHA 1.1816 MaxIteration 1413  TIMEOUT 0.167873
 18        494        508        598      0.1679        598         598      0.0000      1.7100
ALPHA 1.1543 MaxIteration 1669  TIMEOUT 0.223449
 19        499        508        598      0.2234        598         598      0.0000      2.1500
ALPHA 1.1283 MaxIteration 1926  TIMEOUT 0.235598
 20        494        508        598      0.2356        598         598      0.0000      2.6200
ALPHA 1.1034 MaxIteration 2173  TIMEOUT 0.304720
 21        492        508        598      0.3047        598         598      0.0000      3.2200
ALPHA 1.0795 MaxIteration 2397  TIMEOUT 0.253715
 22        503        508        598      0.2537        598         598      0.0000      3.7300
ALPHA 1.0567 MaxIteration 2587  TIMEOUT 0.382954
 23        503        508        598      0.3830        598         598      0.0000      4.4900
ALPHA 1.0349 MaxIteration 2733  TIMEOUT 0.223906
 24        494        508        598      0.2239        598         598      0.0000      4.9300
ALPHA 1.0349 MaxIteration 2828  TIMEOUT 0.210124
 25        484        508        598      0.2101        598         598      0.0000      5.3600
ALPHA 1.0349 MaxIteration 2926  TIMEOUT 0.446715
 26        503        508        598      0.4467        598         598      0.0000      6.2500
ALPHA 1.0349 MaxIteration 3027  TIMEOUT 0.326624
 27        488        508        598      0.3266        598         598      0.0000      6.8900
ALPHA 1.0349 MaxIteration 3132  TIMEOUT 0.463836
 28        503        508        598      0.4638        598         598      0.0000      7.8100
ALPHA 1.0349 MaxIteration 3241  TIMEOUT 0.224519
 29        484        508        598      0.2245        598         598      0.0000      8.2600
ALPHA 1.0349 MaxIteration 3353  TIMEOUT 0.268853
 30        484        508        598      0.2689        598         598      0.0000      8.7900
ALPHA 1.0349 MaxIteration 3469  TIMEOUT 0.402370
 31        493        508        598      0.4024        598         598      0.0000      9.5900
ALPHA 1.0349 MaxIteration 3589  TIMEOUT 0.431993
 32        497        508        598      0.4320        598         598      0.0000     10.4600
ALPHA 1.0349 MaxIteration 3714  TIMEOUT 0.275184
 33        493        508        598      0.2752        598         598      0.0000     11.0000
ALPHA 1.0349 MaxIteration 3843  TIMEOUT 0.314414
 34        493        508        598      0.3144        598         598      0.0000     11.6200
ALPHA 1.0349 MaxIteration 3976  TIMEOUT 0.381874
 35        486        508        598      0.3819        598         598      0.0000     12.3848
ALPHA 1.0349 MaxIteration 4114  TIMEOUT 0.682276
 36        503        508        598      0.6823        598         598      0.0000     13.7400
ALPHA 1.0349 MaxIteration 4257  TIMEOUT 0.274289
 37        484        508        598      0.2743        598         598      0.0000     14.2900
ALPHA 1.0349 MaxIteration 4405  TIMEOUT 0.990204
 38        508        508        598      0.9902        598         598      0.0000     16.2500
ALPHA 1.0349 MaxIteration 4558  TIMEOUT 0.340267
 39        484        508        598      0.3403        598         598      0.0000     16.9300
ALPHA 1.0349 MaxIteration 4716  TIMEOUT 0.686999
 40        496        508        598      0.6870        598         598      0.0000     18.2900
ALPHA 1.0349 MaxIteration 4880  TIMEOUT 0.892499
 41        503        508        598      0.8925        598         598      0.0000     19.9900
ALPHA 1.0349 MaxIteration 5050  TIMEOUT 0.009984
 42        454        508        598      0.0100>>> T2_150_2000_1.wclq |V| 150 |E| 2000  (#LB 0.0099 503 ---> 508  0.1772  598 <--- 598  0.0000 #UB)  #solve_ime 20.0000 read_time 0.0000 
