With  Parameters CUTOFF 20 SEED 102  ALPHA = 1.900  K=5 RHO=0.05 Q0=0.90 BETA=3.0 AQ_MODE=dbs
Reading  graph ...  time 0.014878  
Reducing graph ...  time 0.000036  
[v6] |V|=50 |E|=1000 density=20.00 USE_ADVANCED=0 SAFE_AQ_MIN_GAP=0.050 DEEP_AQ_RANGE=[800, 5.00, 10.00] structure_blocks_aq=1 AQ_SLOPE_MARGIN=1.15 AQ_MAX_UB_DRIFT=0.20
#Rd        #LB        #LB*       #UB       #Time        #UB+        #UB*      #Time      #TotalTime
First Gap  0.428571
  1         28         28         40      0.0051
 Switch to DBS-only search, timeout 0.005140....
 [Online-safe AQ structure guard] |V|=50 density=20.00 outside [800, 5.00, 10.00], disabling AQ
         40          40      0.0001        0.0113
ALPHA 1.9000 MaxIteration 3  TIMEOUT 0.005140
  2         28         28         40      0.0000         40          40      0.0001        0.0115
ALPHA 1.8304 MaxIteration 5  TIMEOUT 0.000082
  3         28         28         62      0.0001         40          40      0.0001        0.0118
ALPHA 1.7658 MaxIteration 9  TIMEOUT 0.000167
  4         28         28         62      0.0001         40          40      0.0001        0.0120
ALPHA 1.7056 MaxIteration 15  TIMEOUT 0.000164
  5         28         28         62      0.0002         40          40      0.0001        0.0124
ALPHA 1.6493 MaxIteration 25  TIMEOUT 0.000292
  6         28         28         62      0.0003         40          40      0.0001        0.0130
ALPHA 1.5966 MaxIteration 41  TIMEOUT 0.000501
  7         28         28         47      0.0005         40          40      0.0001        0.0140
ALPHA 1.5472 MaxIteration 65  TIMEOUT 0.000808
  8         28         28         47      0.0008         40          40      0.0001        0.0251
ALPHA 1.5008 MaxIteration 100  TIMEOUT 0.001266
  9         28         28         47      0.0013         40          40      0.0001        0.0276
ALPHA 1.4571 MaxIteration 150  TIMEOUT 0.001917
 10         28         28         47      0.0018         40          40      0.0001        0.0314
ALPHA 1.4158 MaxIteration 218  TIMEOUT 0.002694
 11         28         28         47      0.0026         40          40      0.0001        0.0491
ALPHA 1.3768 MaxIteration 308  TIMEOUT 0.003716
 12         28         28         47      0.0037         40          40      0.0001        0.0566
ALPHA 1.3399 MaxIteration 424  TIMEOUT 0.005129
 13         28         28         47      0.0051         40          40      0.0001        0.0742
ALPHA 1.3049 MaxIteration 568  TIMEOUT 0.006886
 14         28         28         47      0.0064         40          40      0.0001        0.1001
ALPHA 1.2718 MaxIteration 741  TIMEOUT 0.008353
 15         28         28         47      0.0084         40          40      0.0001        0.1301
ALPHA 1.2402 MaxIteration 942  TIMEOUT 0.010633
 16         28         28         47      0.0106         40          40      0.0001        0.1561
ALPHA 1.2102 MaxIteration 1168  TIMEOUT 0.013192
 17         28         28         47      0.0132         40          40      0.0001        0.1941
ALPHA 1.1816 MaxIteration 1413  TIMEOUT 0.015977
 18         28         28         47      0.0160         40          40      0.0001        0.2461
ALPHA 1.1543 MaxIteration 1669  TIMEOUT 0.018888
 19         28         28         47      0.0189         40          40      0.0001        0.2991
ALPHA 1.1283 MaxIteration 1926  TIMEOUT 0.021810
 20         28         28         47      0.0218         40          40      0.0001        0.3687
ALPHA 1.1034 MaxIteration 2173  TIMEOUT 0.024619
 21         28         28         47      0.0246         40          40      0.0001        0.4180
ALPHA 1.0795 MaxIteration 2397  TIMEOUT 0.027178
 22         28         28         47      0.0272         40          40      0.0001        0.4734
ALPHA 1.0567 MaxIteration 2587  TIMEOUT 0.029347
 23         28         28         47      0.0294         40          40      0.0001        0.5322
ALPHA 1.0349 MaxIteration 2733  TIMEOUT 0.031020
 24         28         28         47      0.0310         40          40      0.0001        0.6342
ALPHA 1.0349 MaxIteration 2828  TIMEOUT 0.032104
 25         28         28         47      0.0302         40          40      0.0001        0.6957
ALPHA 1.0349 MaxIteration 2926  TIMEOUT 0.031232
 26         28         28         47      0.0302         40          40      0.0001        0.7581
ALPHA 1.0349 MaxIteration 3027  TIMEOUT 0.031251
 27         28         28         47      0.0313         40          40      0.0001        0.8206
ALPHA 1.0349 MaxIteration 3132  TIMEOUT 0.032348
 28         28         28         47      0.0324         40          40      0.0001        0.8854
ALPHA 1.0349 MaxIteration 3241  TIMEOUT 0.033480
 29         28         28         47      0.0335         40          40      0.0001        0.9524
ALPHA 1.0349 MaxIteration 3353  TIMEOUT 0.034653
 30         28         28         47      0.0347         40          40      0.0001        1.0228
ALPHA 1.0349 MaxIteration 3469  TIMEOUT 0.035874
 31         28         28         47      0.0359         40          40      0.0001        1.0955
ALPHA 1.0349 MaxIteration 3589  TIMEOUT 0.037127
 32         28         28         47      0.0366         40          40      0.0001        1.1719
ALPHA 1.0349 MaxIteration 3714  TIMEOUT 0.037912
 33         28         28         47      0.0374         40          40      0.0001        1.2501
ALPHA 1.0349 MaxIteration 3843  TIMEOUT 0.038729
 34         28         28         47      0.0387         40          40      0.0001        1.3276
ALPHA 1.0349 MaxIteration 3976  TIMEOUT 0.040090
 35         28         28         47      0.0401         40          40      0.0001        1.4088
ALPHA 1.0349 MaxIteration 4114  TIMEOUT 0.041492
 36         28         28         47      0.0415         40          40      0.0001        1.4948
ALPHA 1.0349 MaxIteration 4257  TIMEOUT 0.042942
 37         28         28         47      0.0429         40          40      0.0001        1.5818
ALPHA 1.0349 MaxIteration 4405  TIMEOUT 0.044444
 38         28         28         47      0.0445         40          40      0.0001        1.6728
ALPHA 1.0349 MaxIteration 4558  TIMEOUT 0.046003
 39         28         28         47      0.0460         40          40      0.0001        1.7652
ALPHA 1.0349 MaxIteration 4716  TIMEOUT 0.047615
 40         28         28         47      0.0476         40          40      0.0001        1.8615
ALPHA 1.0349 MaxIteration 4880  TIMEOUT 0.049281
 41         28         28         47      0.0493         40          40      0.0001        1.9612
ALPHA 1.0349 MaxIteration 5050  TIMEOUT 0.051008
 42         28         28         47      0.0510         40          40      0.0001        2.0672
ALPHA 1.0349 MaxIteration 5226  TIMEOUT 0.052794
 43         28         28         47      0.0528         40          40      0.0001        2.1760
ALPHA 1.0349 MaxIteration 5408  TIMEOUT 0.054647
 44         28         28         47      0.0547         40          40      0.0001        2.2886
ALPHA 1.0349 MaxIteration 5596  TIMEOUT 0.056564
 45         28         28         47      0.0566         40          40      0.0001        2.4018
ALPHA 1.0349 MaxIteration 5791  TIMEOUT 0.058548
 46         28         28         47      0.0586         40          40      0.0001        2.5229
ALPHA 1.0349 MaxIteration 5992  TIMEOUT 0.060602
 47         28         28         47      0.0606         40          40      0.0001        2.6472
ALPHA 1.0349 MaxIteration 6200  TIMEOUT 0.062724
 48         28         28         47      0.0627         40          40      0.0001        2.7768
ALPHA 1.0349 MaxIteration 6416  TIMEOUT 0.064918
 49         28         28         47      0.0649         40          40      0.0001        2.9116
ALPHA 1.0349 MaxIteration 6639  TIMEOUT 0.067194
 50         28         28         47      0.0672         40          40      0.0001        3.0481
ALPHA 1.0349 MaxIteration 6870  TIMEOUT 0.069544
 51         28         28         47      0.0695         40          40      0.0001        3.1923
ALPHA 1.0349 MaxIteration 7109  TIMEOUT 0.071972
 52         28         28         47      0.0720         40          40      0.0001        3.3408
ALPHA 1.0349 MaxIteration 7356  TIMEOUT 0.074495
 53         28         28         47      0.0745         40          40      0.0001        3.4959
ALPHA 1.0349 MaxIteration 7612  TIMEOUT 0.077117
 54         28         28         47      0.0771         40          40      0.0001        3.6534
ALPHA 1.0349 MaxIteration 7877  TIMEOUT 0.079814
 55         28         28         47      0.0798         40          40      0.0001        3.8141
ALPHA 1.0349 MaxIteration 8151  TIMEOUT 0.082606
 56         28         28         47      0.0826         40          40      0.0001        3.9835
ALPHA 1.0349 MaxIteration 8435  TIMEOUT 0.085498
 57         28         28         47      0.0855         40          40      0.0001        4.1556
ALPHA 1.0349 MaxIteration 8729  TIMEOUT 0.088488
 58         28         28         47      0.0885         40          40      0.0001        4.3386
ALPHA 1.0349 MaxIteration 9033  TIMEOUT 0.091588
 59         28         28         47      0.0916         40          40      0.0001        4.5239
ALPHA 1.0349 MaxIteration 9347  TIMEOUT 0.094793
 60         28         28         47      0.0948         40          40      0.0001        4.7165
ALPHA 1.0349 MaxIteration 9672  TIMEOUT 0.098104
 61         28         28         47      0.0981         40          40      0.0001        4.9171
ALPHA 1.0349 MaxIteration 10009  TIMEOUT 0.101538
 62         28         28         47      0.1016         40          40      0.0001        5.1254
ALPHA 1.0349 MaxIteration 10357  TIMEOUT 0.105091
 63         28         28         47      0.1037         40          40      0.0001        5.3431
ALPHA 1.0349 MaxIteration 10718  TIMEOUT 0.107355
 64         28         28         47      0.1074         40          40      0.0001        5.5640
ALPHA 1.0349 MaxIteration 11091  TIMEOUT 0.111114
 65         28         28         47      0.1111         40          40      0.0001        5.7894
ALPHA 1.0349 MaxIteration 11477  TIMEOUT 0.114991
 66         28         28         47      0.1150         40          40      0.0001        6.0238
ALPHA 1.0349 MaxIteration 11877  TIMEOUT 0.119007
 67         28         28         47      0.1190         40          40      0.0001        6.2652
ALPHA 1.0349 MaxIteration 12291  TIMEOUT 0.123163
 68         28         28         47      0.1232         40          40      0.0001        6.5148
ALPHA 1.0349 MaxIteration 12719  TIMEOUT 0.127460
 69         28         28         47      0.1275         40          40      0.0001        6.7749
ALPHA 1.0349 MaxIteration 13162  TIMEOUT 0.131914
 70         28         28         47      0.1319         40          40      0.0001        7.0490
ALPHA 1.0349 MaxIteration 13620  TIMEOUT 0.136525
 71         28         28         47      0.1365         40          40      0.0001        7.3283
ALPHA 1.0349 MaxIteration 14094  TIMEOUT 0.141288
 72         28         28         47      0.1413         40          40      0.0001        7.6223
ALPHA 1.0349 MaxIteration 14585  TIMEOUT 0.146227
 73         28         28         47      0.1462         40          40      0.0001        7.9220
ALPHA 1.0349 MaxIteration 15093  TIMEOUT 0.151336
 74         28         28         47      0.1513         40          40      0.0001        8.2338
ALPHA 1.0349 MaxIteration 15619  TIMEOUT 0.156621
 75         28         28         47      0.1566         40          40      0.0001        8.5536
ALPHA 1.0349 MaxIteration 16163  TIMEOUT 0.162086
 76         28         28         47      0.1621         40          40      0.0001        8.8850
ALPHA 1.0349 MaxIteration 16726  TIMEOUT 0.167741
 77         28         28         47      0.1677         40          40      0.0001        9.2296
ALPHA 1.0349 MaxIteration 17309  TIMEOUT 0.173596
 78         28         28         47      0.1736         40          40      0.0001        9.5843
ALPHA 1.0349 MaxIteration 17912  TIMEOUT 0.179664
 79         28         28         47      0.1797         40          40      0.0001        9.9568
ALPHA 1.0349 MaxIteration 18536  TIMEOUT 0.185931
 80         28         28         47      0.1859         40          40      0.0001       10.3359
ALPHA 1.0349 MaxIteration 19182  TIMEOUT 0.192424
 81         28         28         47      0.1924         40          40      0.0001       10.7280
ALPHA 1.0349 MaxIteration 19850  TIMEOUT 0.199141
 82         28         28         47      0.1991         40          40      0.0001       11.1358
ALPHA 1.0349 MaxIteration 20541  TIMEOUT 0.206089
 83         28         28         47      0.2061         40          40      0.0001       11.5601
ALPHA 1.0349 MaxIteration 21257  TIMEOUT 0.213285
 84         28         28         47      0.2133         40          40      0.0001       12.0009
ALPHA 1.0349 MaxIteration 21997  TIMEOUT 0.220725
 85         28         28         47      0.2207         40          40      0.0001       12.4506
ALPHA 1.0349 MaxIteration 22763  TIMEOUT 0.228431
 86         28         28         47      0.2284         40          40      0.0001       12.9189
ALPHA 1.0349 MaxIteration 23556  TIMEOUT 0.236400
 87         28         28         47      0.2364         40          40      0.0001       13.4043
ALPHA 1.0349 MaxIteration 24377  TIMEOUT 0.244652
 88         28         28         47      0.2447         40          40      0.0001       19.9999
>>> T1_50_1000_0.wclq |V| 50 |E| 1000  (#LB 0.0000 28 ---> 28  0.3000  40 <--- 40  0.0000 #UB)  #read_time 0.0149  #reduce_time 0.0000  #solve_time 19.9999  #total_time 20.0148
 