With  Parameters CUTOFF 20 SEED 3  ALPHA = 1.900  K=5 RHO=0.05 Q0=0.90 BETA=3.0 AQ_MODE=guarded
Reading  graph ...  time 0.000209  
Reducing graph ...  time 0.000028  
[v6] |V|=100 |E|=100 density=1.00 USE_ADVANCED=0 SAFE_AQ_MIN_GAP=0.050 DEEP_AQ_RANGE=[800, 5.00, 10.00] structure_blocks_aq=1 AQ_SLOPE_MARGIN=1.15 AQ_MAX_UB_DRIFT=0.20
#Rd        #LB        #LB*       #UB       #Time        #UB+        #UB*      #Time      #TotalTime
First Gap  0.032132
  1       1027       1027       1060      0.0188
 Switch to DBS-only search, timeout 0.018811....
 [Online-safe AQ structure guard] |V|=100 density=1.00 outside [800, 5.00, 10.00], disabling AQ
 [Online-safe AQ first-gap guard] FIRST_GAP 0.0321 < 0.0500, disabling AQ
       1039        1039      0.0103        0.0384
ALPHA 1.9000 MaxIteration 3  TIMEOUT 0.018811
  2       1025       1027       1077      0.0001       1086        1039      0.0000        0.0385
ALPHA 1.8304 MaxIteration 5  TIMEOUT 0.000099
  3       1025       1027       1081      0.0001       1091        1039      0.0000        0.0387
ALPHA 1.7658 MaxIteration 9  TIMEOUT 0.000124
  4       1023       1027       1097      0.0001       1055        1039      0.0001        0.0389
ALPHA 1.7056 MaxIteration 15  TIMEOUT 0.000189
  5       1023       1027       1088      0.0002       1073        1039      0.0002        0.0393
ALPHA 1.6493 MaxIteration 25  TIMEOUT 0.000348
  6       1023       1027       1078      0.0004       1066        1039      0.0003        0.0400
ALPHA 1.5966 MaxIteration 41  TIMEOUT 0.000579
  7       1027       1027       1077      0.0001       1091        1039      0.0000        0.0408
ALPHA 1.5472 MaxIteration 65  TIMEOUT 0.000150
  8       1021       1027       1081      0.0002       1071        1039      0.0001        0.0412
ALPHA 1.5008 MaxIteration 100  TIMEOUT 0.000249
  9       1021       1027       1077      0.0003       1067        1039      0.0002        0.0417
ALPHA 1.4571 MaxIteration 150  TIMEOUT 0.000381
 10       1021       1027       1065      0.0004       1058        1039      0.0003        0.0425
ALPHA 1.4158 MaxIteration 218  TIMEOUT 0.000577
 11       1021       1027       1065      0.0006       1056        1039      0.0006        0.0437
ALPHA 1.3768 MaxIteration 308  TIMEOUT 0.000820
 12       1021       1027       1065      0.0008       1043        1039      0.0007        0.0453
ALPHA 1.3399 MaxIteration 424  TIMEOUT 0.001139
 13       1021       1027       1065      0.0011       1043        1039      0.0010        0.0476
ALPHA 1.3049 MaxIteration 568  TIMEOUT 0.001536
 14       1021       1027       1065      0.0015       1043        1039      0.0005        0.0507
ALPHA 1.2718 MaxIteration 741  TIMEOUT 0.002014
 15       1021       1027       1065      0.0020       1039        1039      0.0008        0.0558
ALPHA 1.2402 MaxIteration 942  TIMEOUT 0.002568
 16       1021       1027       1065      0.0026       1043        1039      0.0004        0.0610
ALPHA 1.2102 MaxIteration 1168  TIMEOUT 0.003197
 17       1021       1027       1065      0.0032       1043        1039      0.0010        0.0674
ALPHA 1.1816 MaxIteration 1413  TIMEOUT 0.003884
 18       1021       1027       1065      0.0039       1039        1039      0.0018        0.0752
ALPHA 1.1543 MaxIteration 1669  TIMEOUT 0.004592
 19       1021       1027       1052      0.0046       1039        1039      0.0007        0.0845
ALPHA 1.1283 MaxIteration 1926  TIMEOUT 0.005312
 20       1021       1027       1052      0.0053       1043        1039      0.0007        0.0952
ALPHA 1.1034 MaxIteration 2173  TIMEOUT 0.006002
 21       1024       1027       1052      0.0060       1043        1039      0.0020        0.1084
ALPHA 1.0795 MaxIteration 2397  TIMEOUT 0.006631
 22       1024       1027       1052      0.0066       1043        1039      0.0008        0.1218
ALPHA 1.0567 MaxIteration 2587  TIMEOUT 0.007167
 23       1024       1027       1052      0.0072       1039        1039      0.0008        0.1362
ALPHA 1.0349 MaxIteration 2733  TIMEOUT 0.007598
 24       1024       1027       1052      0.0076       1039        1039      0.0003        0.1528
ALPHA 1.0349 MaxIteration 2828  TIMEOUT 0.007867
 25       1024       1027       1052      0.0079       1043        1039      0.0004        0.1723
ALPHA 1.0349 MaxIteration 2926  TIMEOUT 0.008151
 26       1024       1027       1052      0.0082       1039        1039      0.0075        0.1899
ALPHA 1.0349 MaxIteration 3027  TIMEOUT 0.008444
 27       1024       1027       1052      0.0085       1043        1039      0.0011        0.2068
ALPHA 1.0349 MaxIteration 3132  TIMEOUT 0.008748
 28       1024       1027       1052      0.0088       1039        1039      0.0014        0.2244
ALPHA 1.0349 MaxIteration 3241  TIMEOUT 0.009061
 29       1024       1027       1052      0.0091       1043        1039      0.0003        0.2426
ALPHA 1.0349 MaxIteration 3353  TIMEOUT 0.009382
 30       1024       1027       1052      0.0094       1039        1039      0.0040        0.2615
ALPHA 1.0349 MaxIteration 3469  TIMEOUT 0.009722
 31       1024       1027       1052      0.0097       1039        1039      0.0022        0.2810
ALPHA 1.0349 MaxIteration 3589  TIMEOUT 0.010073
 32       1024       1027       1052      0.0101       1043        1039      0.0007        0.3013
ALPHA 1.0349 MaxIteration 3714  TIMEOUT 0.010432
 33       1024       1027       1052      0.0104       1039        1039      0.0010        0.3222
ALPHA 1.0349 MaxIteration 3843  TIMEOUT 0.010800
 34       1024       1027       1052      0.0108       1039        1039      0.0078        0.3440
ALPHA 1.0349 MaxIteration 3976  TIMEOUT 0.011185
 35       1024       1027       1052      0.0112       1043        1039      0.0005        0.3664
ALPHA 1.0349 MaxIteration 4114  TIMEOUT 0.011586
 36       1024       1027       1052      0.0116       1039        1039      0.0008        0.3896
ALPHA 1.0349 MaxIteration 4257  TIMEOUT 0.011999
 37       1024       1027       1052      0.0120       1039        1039      0.0023        0.4137
ALPHA 1.0349 MaxIteration 4405  TIMEOUT 0.012426
 38       1024       1027       1052      0.0124       1039        1039      0.0028        0.4386
ALPHA 1.0349 MaxIteration 4558  TIMEOUT 0.012867
 39       1024       1027       1052      0.0129       1039        1039      0.0068        0.4644
ALPHA 1.0349 MaxIteration 4716  TIMEOUT 0.013320
 40       1025       1027       1052      0.0133       1039        1039      0.0020        0.4911
ALPHA 1.0349 MaxIteration 4880  TIMEOUT 0.013795
 41       1025       1027       1052      0.0138       1043        1039      0.0004        0.5188
ALPHA 1.0349 MaxIteration 5050  TIMEOUT 0.014280
 42       1025       1027       1052      0.0143       1043        1039      0.0027        0.5484
ALPHA 1.0349 MaxIteration 5226  TIMEOUT 0.014786
 43       1025       1027       1052      0.0148       1039        1039      0.0060        0.5781
ALPHA 1.0349 MaxIteration 5408  TIMEOUT 0.015309
 44       1025       1027       1052      0.0153       1039        1039      0.0129        0.6089
ALPHA 1.0349 MaxIteration 5596  TIMEOUT 0.015854
 45       1025       1027       1052      0.0159       1039        1039      0.0007        0.6416
ALPHA 1.0349 MaxIteration 5791  TIMEOUT 0.016415
 46       1025       1027       1052      0.0164       1043        1039      0.0005        0.6755
ALPHA 1.0349 MaxIteration 5992  TIMEOUT 0.016992
 47       1027       1027       1052      0.0170       1039        1039      0.0006        0.7096
ALPHA 1.0349 MaxIteration 6200  TIMEOUT 0.017596
 48       1027       1027       1067      0.0176       1039        1039      0.0051        0.7448
ALPHA 1.0349 MaxIteration 6416  TIMEOUT 0.018215
 49       1027       1027       1067      0.0182       1039        1039      0.0037        0.7813
ALPHA 1.0349 MaxIteration 6639  TIMEOUT 0.018852
 50       1027       1027       1067      0.0189       1043        1039      0.0009        0.8190
ALPHA 1.0349 MaxIteration 6870  TIMEOUT 0.019520
 51       1027       1027       1067      0.0195       1039        1039      0.0025        0.8602
ALPHA 1.0349 MaxIteration 7109  TIMEOUT 0.020212
 52       1027       1027       1067      0.0202       1039        1039      0.0032        0.9027
ALPHA 1.0349 MaxIteration 7356  TIMEOUT 0.020921
 53       1027       1027       1067      0.0209       1039        1039      0.0033        0.9466
ALPHA 1.0349 MaxIteration 7612  TIMEOUT 0.021660
 54       1027       1027       1067      0.0217       1043        1039      0.0011        0.9900
ALPHA 1.0349 MaxIteration 7877  TIMEOUT 0.022424
 55       1027       1027       1067      0.0224       1039        1039      0.0073        1.0360
ALPHA 1.0349 MaxIteration 8151  TIMEOUT 0.023213
 56       1027       1027       1067      0.0232       1043        1039      0.0004        1.0835
ALPHA 1.0349 MaxIteration 8435  TIMEOUT 0.024025
 57       1027       1027       1067      0.0240       1039        1039      0.0067        1.1317
ALPHA 1.0349 MaxIteration 8729  TIMEOUT 0.024872
 58       1027       1027       1067      0.0249       1039        1039      0.0004        1.1825
ALPHA 1.0349 MaxIteration 9033  TIMEOUT 0.025742
 59       1027       1027       1067      0.0257       1039        1039      0.0162        1.2341
ALPHA 1.0349 MaxIteration 9347  TIMEOUT 0.026647
 60       1027       1027       1067      0.0267       1039        1039      0.0075        1.2895
ALPHA 1.0349 MaxIteration 9672  TIMEOUT 0.027588
 61       1027       1027       1067      0.0276       1039        1039      0.0010        1.3478
ALPHA 1.0349 MaxIteration 10009  TIMEOUT 0.028561
 62       1027       1027       1067      0.0286       1039        1039      0.0090        1.4060
ALPHA 1.0349 MaxIteration 10357  TIMEOUT 0.029561
 63       1027       1027       1067      0.0296       1039        1039      0.0006        1.4672
ALPHA 1.0349 MaxIteration 10718  TIMEOUT 0.030594
 64       1027       1027       1067      0.0306       1043        1039      0.0009        1.5305
ALPHA 1.0349 MaxIteration 11091  TIMEOUT 0.031663
 65       1027       1027       1067      0.0317       1039        1039      0.0265        1.5949
ALPHA 1.0349 MaxIteration 11477  TIMEOUT 0.032779
 66       1027       1027       1067      0.0328       1039        1039      0.0011        1.6615
ALPHA 1.0349 MaxIteration 11877  TIMEOUT 0.033930
 67       1027       1027       1067      0.0339       1039        1039      0.0163        1.7315
ALPHA 1.0349 MaxIteration 12291  TIMEOUT 0.035124
 68       1027       1027       1067      0.0351       1039        1039      0.0027        1.8038
ALPHA 1.0349 MaxIteration 12719  TIMEOUT 0.036351
 69       1027       1027       1067      0.0364       1039        1039      0.0064        1.8776
ALPHA 1.0349 MaxIteration 13162  TIMEOUT 0.037626
 70       1027       1027       1067      0.0376       1039        1039      0.0083        1.9549
ALPHA 1.0349 MaxIteration 13620  TIMEOUT 0.038941
 71       1027       1027       1067      0.0389       1039        1039      0.0263        2.0348
ALPHA 1.0349 MaxIteration 14094  TIMEOUT 0.040306
 72       1027       1027       1067      0.0403       1039        1039      0.0078        2.1155
ALPHA 1.0349 MaxIteration 14585  TIMEOUT 0.041715
 73       1027       1027       1067      0.0417       1039        1039      0.0082        2.2010
ALPHA 1.0349 MaxIteration 15093  TIMEOUT 0.043183
 74       1027       1027       1067      0.0432       1039        1039      0.0211        2.2915
ALPHA 1.0349 MaxIteration 15619  TIMEOUT 0.044693
 75       1027       1027       1067      0.0447       1039        1039      0.0118        2.3820
ALPHA 1.0349 MaxIteration 16163  TIMEOUT 0.046263
 76       1027       1027       1067      0.0463       1039        1039      0.0385        2.4767
ALPHA 1.0349 MaxIteration 16726  TIMEOUT 0.047880
 77       1027       1027       1067      0.0479       1039        1039      0.0007        2.5745
ALPHA 1.0349 MaxIteration 17309  TIMEOUT 0.049554
 78       1027       1027       1067      0.0496       1039        1039      0.0127        2.6777
ALPHA 1.0349 MaxIteration 17912  TIMEOUT 0.051293
 79       1027       1027       1067      0.0513       1039        1039      0.0201        2.7823
ALPHA 1.0349 MaxIteration 18536  TIMEOUT 0.053088
 80       1027       1027       1067      0.0531       1039        1039      0.0031        2.8896
ALPHA 1.0349 MaxIteration 19182  TIMEOUT 0.054951
 81       1027       1027       1067      0.0550       1039        1039      0.0005        3.0006
ALPHA 1.0349 MaxIteration 19850  TIMEOUT 0.056877
 82       1027       1027       1067      0.0569       1039        1039      0.0055        3.1174
ALPHA 1.0349 MaxIteration 20541  TIMEOUT 0.058870
 83       1027       1027       1067      0.0589       1039        1039      0.0115        3.2393
ALPHA 1.0349 MaxIteration 21257  TIMEOUT 0.060925
 84       1027       1027       1067      0.0609       1039        1039      0.0114        3.3633
ALPHA 1.0349 MaxIteration 21997  TIMEOUT 0.063055
 85       1027       1027       1067      0.0631       1039        1039      0.0268        3.4905
ALPHA 1.0349 MaxIteration 22763  TIMEOUT 0.065256
 86       1027       1027       1067      0.0653       1039        1039      0.0104        3.6271
ALPHA 1.0349 MaxIteration 23556  TIMEOUT 0.067539
 87       1027       1027       1067      0.0675       1039        1039      0.0030        3.7673
ALPHA 1.0349 MaxIteration 24377  TIMEOUT 0.069901
 88       1027       1027       1067      0.0699       1039        1039      0.0066        3.9092
ALPHA 1.0349 MaxIteration 25226  TIMEOUT 0.072341
 89       1027       1027       1067      0.0723       1039        1039      0.0020        4.0600
ALPHA 1.0349 MaxIteration 26105  TIMEOUT 0.074869
 90       1027       1027       1067      0.0749       1039        1039      0.0067        4.2119
ALPHA 1.0349 MaxIteration 27014  TIMEOUT 0.077489
 91       1027       1027       1067      0.0775       1039        1039      0.0092        4.3699
ALPHA 1.0349 MaxIteration 27955  TIMEOUT 0.080200
 92       1027       1027       1067      0.0802       1039        1039      0.0007        4.5353
ALPHA 1.0349 MaxIteration 28929  TIMEOUT 0.082999
 93       1027       1027       1067      0.0830       1039        1039      0.0186        4.7064
ALPHA 1.0349 MaxIteration 29937  TIMEOUT 0.085898
 94       1027       1027       1067      0.0859       1039        1039      0.0044        4.8823
ALPHA 1.0349 MaxIteration 30980  TIMEOUT 0.088903
 95       1027       1027       1067      0.0889       1039        1039      0.0059        5.0662
ALPHA 1.0349 MaxIteration 32059  TIMEOUT 0.092011
 96       1027       1027       1067      0.0920       1039        1039      0.0214        5.2534
ALPHA 1.0349 MaxIteration 33176  TIMEOUT 0.095224
 97       1029       1029       1067      0.0952       1039        1039      0.0065        5.4500
ALPHA 1.0349 MaxIteration 34332  TIMEOUT 0.098549
 98       1031       1031       1063      0.0986       1039        1039      0.0215        5.6532
ALPHA 1.0349 MaxIteration 35528  TIMEOUT 0.101988
 99       1031       1031       1063      0.1020       1039        1039      0.0009        5.8623
ALPHA 1.0349 MaxIteration 36766  TIMEOUT 0.105546
100       1031       1031       1063      0.1056       1039        1039      0.0042        6.0745
ALPHA 1.0349 MaxIteration 38047  TIMEOUT 0.109231
101       1031       1031       1063      0.1092       1039        1039      0.0107        6.2991
ALPHA 1.0349 MaxIteration 39373  TIMEOUT 0.113045
102       1031       1031       1063      0.1130       1039        1039      0.0224        6.5283
ALPHA 1.0349 MaxIteration 40745  TIMEOUT 0.116990
103       1031       1031       1063      0.1170       1039        1039      0.0189        6.7665
ALPHA 1.0349 MaxIteration 42165  TIMEOUT 0.121078
104       1031       1031       1063      0.1211       1039        1039      0.0112        7.0197
ALPHA 1.0349 MaxIteration 43634  TIMEOUT 0.125307
105       1031       1031       1063      0.1253       1039        1039      0.0036        7.2784
ALPHA 1.0349 MaxIteration 45155  TIMEOUT 0.129683
106       1031       1031       1063      0.1297       1039        1039      0.0005        7.5459
ALPHA 1.0349 MaxIteration 46729  TIMEOUT 0.134209
107       1031       1031       1063      0.1342       1039        1039      0.0157        7.8223
ALPHA 1.0349 MaxIteration 48357  TIMEOUT 0.138895
108       1031       1031       1063      0.1389       1039        1039      0.0169        8.1093
ALPHA 1.0349 MaxIteration 50042  TIMEOUT 0.143762
109       1031       1031       1063      0.1438       1039        1039      0.0124        8.4030
ALPHA 1.0349 MaxIteration 51786  TIMEOUT 0.148777
110       1031       1031       1063      0.1488       1039        1039      0.0345        8.7056
ALPHA 1.0349 MaxIteration 53591  TIMEOUT 0.153973
111       1031       1031       1063      0.1540       1039        1039      0.0049        9.0196
ALPHA 1.0349 MaxIteration 55459  TIMEOUT 0.159352
112       1031       1031       1063      0.1594       1039        1039      0.0131        9.3504
ALPHA 1.0349 MaxIteration 57392  TIMEOUT 0.164917
113       1031       1031       1063      0.1649       1039        1039      0.0091        9.6904
ALPHA 1.0349 MaxIteration 59392  TIMEOUT 0.170675
114       1031       1031       1063      0.1707       1039        1039      0.0203       10.0379
ALPHA 1.0349 MaxIteration 61462  TIMEOUT 0.176637
115       1031       1031       1063      0.1766       1039        1039      0.0088       10.3972
ALPHA 1.0349 MaxIteration 63604  TIMEOUT 0.182803
116       1031       1031       1063      0.1828       1039        1039      0.0118       10.7730
ALPHA 1.0349 MaxIteration 65821  TIMEOUT 0.189182
117       1031       1031       1063      0.1892       1039        1039      0.0164       11.1605
ALPHA 1.0349 MaxIteration 68115  TIMEOUT 0.195787
118       1031       1031       1063      0.1958       1039        1039      0.0425       11.5642
ALPHA 1.0349 MaxIteration 70489  TIMEOUT 0.202617
119       1031       1031       1063      0.2026       1039        1039      0.0008       11.9866
ALPHA 1.0349 MaxIteration 72946  TIMEOUT 0.209701
120       1031       1031       1063      0.2097       1039        1039      0.0092       12.4221
ALPHA 1.0349 MaxIteration 75488  TIMEOUT 0.217013
121       1031       1031       1063      0.2170       1039        1039      0.0010       12.8673
ALPHA 1.0349 MaxIteration 78119  TIMEOUT 0.224583
122       1031       1031       1063      0.2246       1039        1039      0.0026       13.3316
ALPHA 1.0349 MaxIteration 80842  TIMEOUT 0.232420
123       1031       1031       1063      0.2324       1039        1039      0.0036       20.0000
>>> T1_100_100_2.wclq |V| 100 |E| 100  (#LB 0.0039 1027 ---> 1031  0.0077  1039 <--- 1060  0.0198 #UB)  #read_time 0.0002  #reduce_time 0.0000  #solve_time 20.0000  #total_time 20.0002
 