>>IBM: |V|=150 |E|=2000
>>IBM: The maximum node weight is 1235
/public/home/acs4vb4pqv/benchmarks/MWDS2026/T2_wclq/T2_150_2000_1.wclq #seed 2 #alpha 1.900 #timeout 0.100 K=5 RHO=0.05 Q0=0.90 BETA=3.5 AQ_MODE=dbs SAFE_AQ_MIN_GAP=0.050 SAFE_AQ_MIN_NODES=800 AQ_SLOPE_MARGIN=1.05 AQ_MAX_UB_DRIFT=0.25
[v19] |V|=150 |E|=2000 density=13.33 USE_ADVANCED=0
#Rd        #LB        #LB*       #UB       #Time        #UB+        #UB*      #Time      #TotalTime
First Gap  0.188867
ALPHA 1.9000 MaxIteration 500  TIMEOUT 0.042684
  1        503        503        598      0.0427        598         598      0.0000      0.0888
ALPHA 1.9000 MaxIteration 3  TIMEOUT 0.000373
  2        488        503        704      0.0004        598         598      0.0000      0.0988
ALPHA 1.8304 MaxIteration 5  TIMEOUT 0.000780
  3        477        503        621      0.0008        598         598      0.0000      0.1089
ALPHA 1.7658 MaxIteration 9  TIMEOUT 0.001416
  4        467        503        601      0.0014        598         598      0.0000      0.1189
ALPHA 1.7056 MaxIteration 15  TIMEOUT 0.001345
  5        454        503        598      0.0013        598         598      0.0000      0.1289
ALPHA 1.6493 MaxIteration 25  TIMEOUT 0.003268
  6        473        503        598      0.0033        598         598      0.0000      0.1389
ALPHA 1.5966 MaxIteration 41  TIMEOUT 0.010380
  7        470        503        598      0.0104        598         598      0.0000      0.1688
ALPHA 1.5472 MaxIteration 65  TIMEOUT 0.007067
  8        469        503        598      0.0071        598         598      0.0000      0.1789
ALPHA 1.5008 MaxIteration 100  TIMEOUT 0.009558
  9        469        503        598      0.0096        598         598      0.0000      0.1889
ALPHA 1.4571 MaxIteration 150  TIMEOUT 0.022727
 10        482        503        598      0.0227        598         598      0.0000      0.2389
ALPHA 1.4158 MaxIteration 218  TIMEOUT 0.016358
 11        481        503        598      0.0164        598         598      0.0000      0.2688
ALPHA 1.3768 MaxIteration 308  TIMEOUT 0.041559
 12        476        503        598      0.0416        598         598      0.0000      0.3488
ALPHA 1.3399 MaxIteration 424  TIMEOUT 0.046840
 13        476        503        598      0.0468        598         598      0.0000      0.4389
ALPHA 1.3049 MaxIteration 568  TIMEOUT 0.072548
 14        476        503        598      0.0725        598         598      0.0000      0.5888
ALPHA 1.2718 MaxIteration 741  TIMEOUT 0.103452
 15        476        503        598      0.1035        598         598      0.0000      0.7988
ALPHA 1.2402 MaxIteration 942  TIMEOUT 0.135507
 16        476        503        598      0.1355        598         598      0.0000      1.0688
ALPHA 1.2102 MaxIteration 1168  TIMEOUT 0.157463
 17        482        503        598      0.1575        598         598      0.0000      1.3789
ALPHA 1.1816 MaxIteration 1413  TIMEOUT 0.180791
 18        482        503        598      0.1808        598         598      0.0000      1.7389
ALPHA 1.1543 MaxIteration 1669  TIMEOUT 0.215374
 19        482        503        598      0.2154        598         598      0.0000      2.1689
ALPHA 1.1283 MaxIteration 1926  TIMEOUT 0.244241
 20        482        503        598      0.2442        598         598      0.0000      2.6488
ALPHA 1.1034 MaxIteration 2173  TIMEOUT 0.285263
 21        482        503        598      0.2853        598         598      0.0000      3.2189
ALPHA 1.0795 MaxIteration 2397  TIMEOUT 0.405393
 22        496        503        598      0.4054        598         598      0.0000      4.0089
ALPHA 1.0567 MaxIteration 2587  TIMEOUT 0.377360
 23        487        503        598      0.3774        598         598      0.0000      4.7489
ALPHA 1.0349 MaxIteration 2733  TIMEOUT 0.369164
 24        486        503        598      0.3692        598         598      0.0000      5.4688
ALPHA 1.0349 MaxIteration 2828  TIMEOUT 0.426006
 25        482        503        598      0.4260        598         598      0.0000      6.3089
ALPHA 1.0349 MaxIteration 2926  TIMEOUT 0.380778
 26        476        503        598      0.3808        598         598      0.0000      7.0589
ALPHA 1.0349 MaxIteration 3027  TIMEOUT 0.216560
 27        464        503        598      0.2166        598         598      0.0000      7.4889
ALPHA 1.0349 MaxIteration 3132  TIMEOUT 0.380715
 28        482        503        598      0.3807        598         598      0.0000      8.2588
ALPHA 1.0349 MaxIteration 3241  TIMEOUT 0.421121
 29        479        503        598      0.4211        598         598      0.0000      9.1089
ALPHA 1.0349 MaxIteration 3353  TIMEOUT 0.430359
 30        482        503        598      0.4304        598         598      0.0000      9.9688
ALPHA 1.0349 MaxIteration 3469  TIMEOUT 0.451530
 31        476        503        598      0.4515        598         598      0.0000     10.8689
ALPHA 1.0349 MaxIteration 3589  TIMEOUT 0.573314
 32        482        503        598      0.5733        598         598      0.0000     12.0189
ALPHA 1.0349 MaxIteration 3714  TIMEOUT 0.464053
 33        484        503        598      0.4641        598         598      0.0000     12.9388
ALPHA 1.0349 MaxIteration 3843  TIMEOUT 0.489193
 34        476        503        598      0.4892        598         598      0.0000     13.9089
ALPHA 1.0349 MaxIteration 3976  TIMEOUT 0.513065
 35        476        503        598      0.5131        598         598      0.0000     14.9289
ALPHA 1.0349 MaxIteration 4114  TIMEOUT 0.729092
 36        482        503        598      0.7291        598         598      0.0000     16.3606
ALPHA 1.0349 MaxIteration 4257  TIMEOUT 0.538772
 37        482        503        598      0.5388        598         598      0.0000     17.4289
ALPHA 1.0349 MaxIteration 4405  TIMEOUT 0.612606
 38        482        503        598      0.6126        598         598      0.0000     18.6488
ALPHA 1.0349 MaxIteration 4558  TIMEOUT 0.623613
 39        482        503        598      0.6236        598         598      0.0000     19.8889
ALPHA 1.0349 MaxIteration 4716  TIMEOUT 0.111155
 40        456        503        598      0.1112>>> T2_150_2000_1.wclq |V| 150 |E| 2000  (#LB 0.0000 503 ---> 503  0.1889  598 <--- 598  0.0000 #UB)  #solve_ime 20.0000 read_time 0.0012 
