>>IBM: |V|=50 |E|=1000
>>IBM: The maximum node weight is 49
/public/home/acs4vb4pqv/benchmarks/MWDS2026/T1_wclq/T1_50_1000_0.wclq #seed 2 #alpha 1.900 #timeout 0.100 K=5 RHO=0.05 Q0=0.90 BETA=3.5 AQ_MODE=guarded SAFE_AQ_MIN_GAP=0.050 SAFE_AQ_MIN_NODES=800 AQ_SLOPE_MARGIN=1.05 AQ_MAX_UB_DRIFT=0.25
[v19] |V|=50 |E|=1000 density=20.00 USE_ADVANCED=0
#Rd        #LB        #LB*       #UB       #Time        #UB+        #UB*      #Time      #TotalTime
First Gap  0.428571
ALPHA 1.9000 MaxIteration 500  TIMEOUT 0.004602
  1         28         28         40      0.0046
 [AQ small-headroom probe] gap=0.4286 density=20.00 |V|=50 => Light RL (K=3, 5.0%)
ALPHA 1.9000 MaxIteration 3  TIMEOUT 0.000326
  2         28         28         40      0.0003ALPHA 1.8304 MaxIteration 5  TIMEOUT 0.000280
  3         28         28         62      0.0003 [AQ guard] no early LB gain, disabling AQ
         40          40      0.0000      0.0088
ALPHA 1.7658 MaxIteration 9  TIMEOUT 0.000144
  4         25         28         40      0.0001         40          40      0.0000      0.0189
ALPHA 1.7056 MaxIteration 15  TIMEOUT 0.000204
  5         25         28         40      0.0002         40          40      0.0000      0.0288
ALPHA 1.6493 MaxIteration 25  TIMEOUT 0.000296
  6         25         28         40      0.0003         40          40      0.0000      0.0388
ALPHA 1.5966 MaxIteration 41  TIMEOUT 0.001107
  7         28         28         40      0.0011         40          40      0.0000      0.0488
ALPHA 1.5472 MaxIteration 65  TIMEOUT 0.001411
  8         28         28         40      0.0014         40          40      0.0000      0.0589
ALPHA 1.5008 MaxIteration 100  TIMEOUT 0.001918
  9         28         28         40      0.0019         40          40      0.0000      0.0688
ALPHA 1.4571 MaxIteration 150  TIMEOUT 0.002563
 10         28         28         40      0.0026         40          40      0.0000      0.0789
ALPHA 1.4158 MaxIteration 218  TIMEOUT 0.003514
 11         28         28         40      0.0035         40          40      0.0000      0.0889
ALPHA 1.3768 MaxIteration 308  TIMEOUT 0.003617
 12         28         28         40      0.0036         40          40      0.0000      0.0989
ALPHA 1.3399 MaxIteration 424  TIMEOUT 0.006104
 13         28         28         40      0.0061         40          40      0.0000      0.1089
ALPHA 1.3049 MaxIteration 568  TIMEOUT 0.007914
 14         28         28         40      0.0079         40          40      0.0000      0.1189
ALPHA 1.2718 MaxIteration 741  TIMEOUT 0.010372
 15         28         28         40      0.0104         40          40      0.0000      0.1489
ALPHA 1.2402 MaxIteration 942  TIMEOUT 0.012959
 16         28         28         40      0.0130         40          40      0.0000      0.1788
ALPHA 1.2102 MaxIteration 1168  TIMEOUT 0.014776
 17         28         28         40      0.0148         40          40      0.0000      0.2089
ALPHA 1.1816 MaxIteration 1413  TIMEOUT 0.017017
 18         28         28         40      0.0170         40          40      0.0000      0.2289
ALPHA 1.1543 MaxIteration 1669  TIMEOUT 0.022070
 19         28         28         40      0.0221         40          40      0.0000      0.2789
ALPHA 1.1283 MaxIteration 1926  TIMEOUT 0.025314
 20         28         28         40      0.0253         40          40      0.0000      0.3289
ALPHA 1.1034 MaxIteration 2173  TIMEOUT 0.027663
 21         28         28         40      0.0277         40          40      0.0000      0.3789
ALPHA 1.0795 MaxIteration 2397  TIMEOUT 0.031054
 22         28         28         40      0.0311         40          40      0.0000      0.4488
ALPHA 1.0567 MaxIteration 2587  TIMEOUT 0.031597
 23         28         28         40      0.0316         40          40      0.0000      0.5189
ALPHA 1.0349 MaxIteration 2733  TIMEOUT 0.029246
 24         28         28         40      0.0292         40          40      0.0000      0.5689
ALPHA 1.0349 MaxIteration 2828  TIMEOUT 0.030022
 25         28         28         40      0.0300         40          40      0.0000      0.6388
ALPHA 1.0349 MaxIteration 2926  TIMEOUT 0.030507
 26         28         28         40      0.0305         40          40      0.0000      0.7089
ALPHA 1.0349 MaxIteration 3027  TIMEOUT 0.032919
 27         28         28         40      0.0329         40          40      0.0000      0.7789
ALPHA 1.0349 MaxIteration 3132  TIMEOUT 0.035684
 28         28         28         40      0.0357         40          40      0.0000      0.8489
ALPHA 1.0349 MaxIteration 3241  TIMEOUT 0.035766
 29         28         28         40      0.0358         40          40      0.0000      0.9189
ALPHA 1.0349 MaxIteration 3353  TIMEOUT 0.036073
 30         28         28         40      0.0361         40          40      0.0000      0.9789
ALPHA 1.0349 MaxIteration 3469  TIMEOUT 0.038103
 31         28         28         40      0.0381         40          40      0.0000      1.0489
ALPHA 1.0349 MaxIteration 3589  TIMEOUT 0.038202
 32         28         28         40      0.0382         40          40      0.0000      1.1189
ALPHA 1.0349 MaxIteration 3714  TIMEOUT 0.043082
 33         28         28         40      0.0431         40          40      0.0000      1.2089
ALPHA 1.0349 MaxIteration 3843  TIMEOUT 0.041523
 34         28         28         40      0.0415         40          40      0.0000      1.2988
ALPHA 1.0349 MaxIteration 3976  TIMEOUT 0.047118
 35         28         28         40      0.0471         40          40      0.0000      1.3889
ALPHA 1.0349 MaxIteration 4114  TIMEOUT 0.048803
 36         28         28         40      0.0488         40          40      0.0000      1.4789
ALPHA 1.0349 MaxIteration 4257  TIMEOUT 0.047628
 37         28         28         40      0.0476         40          40      0.0000      1.5689
ALPHA 1.0349 MaxIteration 4405  TIMEOUT 0.048791
 38         28         28         40      0.0488         40          40      0.0000      1.6588
ALPHA 1.0349 MaxIteration 4558  TIMEOUT 0.049342
 39         28         28         40      0.0493         40          40      0.0000      1.7488
ALPHA 1.0349 MaxIteration 4716  TIMEOUT 0.050716
 40         28         28         40      0.0507         40          40      0.0000      1.8589
ALPHA 1.0349 MaxIteration 4880  TIMEOUT 0.052869
 41         28         28         40      0.0529         40          40      0.0000      1.9689
ALPHA 1.0349 MaxIteration 5050  TIMEOUT 0.058123
 42         28         28         40      0.0581         40          40      0.0000      2.0689
ALPHA 1.0349 MaxIteration 5226  TIMEOUT 0.063594
 43         28         28         40      0.0636         40          40      0.0000      2.1989
ALPHA 1.0349 MaxIteration 5408  TIMEOUT 0.063055
 44         28         28         40      0.0631         40          40      0.0000      2.3288
ALPHA 1.0349 MaxIteration 5596  TIMEOUT 0.067006
 45         28         28         40      0.0670         40          40      0.0000      2.4588
ALPHA 1.0349 MaxIteration 5791  TIMEOUT 0.066655
 46         28         28         40      0.0667         40          40      0.0000      2.5889
ALPHA 1.0349 MaxIteration 5992  TIMEOUT 0.064814
 47         28         28         40      0.0648         40          40      0.0000      2.7189
ALPHA 1.0349 MaxIteration 6200  TIMEOUT 0.067699
 48         28         28         40      0.0677         40          40      0.0000      2.8489
ALPHA 1.0349 MaxIteration 6416  TIMEOUT 0.072485
 49         28         28         40      0.0725         40          40      0.0000      2.9989
ALPHA 1.0349 MaxIteration 6639  TIMEOUT 0.075284
 50         28         28         40      0.0753         40          40      0.0000      3.1489
ALPHA 1.0349 MaxIteration 6870  TIMEOUT 0.077945
 51         28         28         40      0.0779         40          40      0.0000      3.2989
ALPHA 1.0349 MaxIteration 7109  TIMEOUT 0.079818
 52         28         28         40      0.0798         40          40      0.0000      3.4392
ALPHA 1.0349 MaxIteration 7356  TIMEOUT 0.081743
 53         28         28         40      0.0817         40          40      0.0000      3.6089
ALPHA 1.0349 MaxIteration 7612  TIMEOUT 0.085675
 54         28         28         40      0.0857         40          40      0.0000      3.7789
ALPHA 1.0349 MaxIteration 7877  TIMEOUT 0.089380
 55         28         28         40      0.0894         40          40      0.0000      3.9489
ALPHA 1.0349 MaxIteration 8151  TIMEOUT 0.094050
 56         28         28         40      0.0940         40          40      0.0000      4.1389
ALPHA 1.0349 MaxIteration 8435  TIMEOUT 0.098725
 57         28         28         40      0.0987         40          40      0.0000      4.3288
ALPHA 1.0349 MaxIteration 8729  TIMEOUT 0.103373
 58         28         28         40      0.1034         40          40      0.0000      4.5388
ALPHA 1.0349 MaxIteration 9033  TIMEOUT 0.095899
 59         28         28         40      0.0959         40          40      0.0000      4.7288
ALPHA 1.0349 MaxIteration 9347  TIMEOUT 0.101236
 60         28         28         40      0.1012         40          40      0.0000      4.9389
ALPHA 1.0349 MaxIteration 9672  TIMEOUT 0.103038
 61         28         28         40      0.1030         40          40      0.0000      5.1488
ALPHA 1.0349 MaxIteration 10009  TIMEOUT 0.110266
 62         28         28         40      0.1103         40          40      0.0000      5.3789
ALPHA 1.0349 MaxIteration 10357  TIMEOUT 0.112072
 63         28         28         40      0.1121         40          40      0.0000      5.6089
ALPHA 1.0349 MaxIteration 10718  TIMEOUT 0.113919
 64         28         28         40      0.1139         40          40      0.0000      5.8388
ALPHA 1.0349 MaxIteration 11091  TIMEOUT 0.129253
 65         28         28         40      0.1293         40          40      0.0000      6.0889
ALPHA 1.0349 MaxIteration 11477  TIMEOUT 0.135852
 66         28         28         40      0.1359         40          40      0.0000      6.3588
ALPHA 1.0349 MaxIteration 11877  TIMEOUT 0.137488
 67         28         28         40      0.1375         40          40      0.0000      6.6289
ALPHA 1.0349 MaxIteration 12291  TIMEOUT 0.139114
 68         28         28         40      0.1391         40          40      0.0000      6.8989
ALPHA 1.0349 MaxIteration 12719  TIMEOUT 0.140423
 69         28         28         40      0.1404         40          40      0.0000      7.1888
ALPHA 1.0349 MaxIteration 13162  TIMEOUT 0.147839
 70         28         28         40      0.1478         40          40      0.0000      7.4688
ALPHA 1.0349 MaxIteration 13620  TIMEOUT 0.154974
 71         28         28         40      0.1550         40          40      0.0000      7.7789
ALPHA 1.0349 MaxIteration 14094  TIMEOUT 0.165912
 72         28         28         40      0.1659         40          40      0.0000      8.1015
ALPHA 1.0349 MaxIteration 14585  TIMEOUT 0.171523
 73         28         28         40      0.1715         40          40      0.0000      8.4489
ALPHA 1.0349 MaxIteration 15093  TIMEOUT 0.164690
 74         28         28         40      0.1647         40          40      0.0000      8.7751
ALPHA 1.0349 MaxIteration 15619  TIMEOUT 0.165421
 75         28         28         40      0.1654         40          40      0.0000      9.1038
ALPHA 1.0349 MaxIteration 16163  TIMEOUT 0.179593
 76         28         28         40      0.1796         40          40      0.0000      9.4589
ALPHA 1.0349 MaxIteration 16726  TIMEOUT 0.183580
 77         28         28         40      0.1836         40          40      0.0000      9.8189
ALPHA 1.0349 MaxIteration 17309  TIMEOUT 0.215813
 78         28         28         40      0.2158         40          40      0.0000     10.2489
ALPHA 1.0349 MaxIteration 17912  TIMEOUT 0.222172
 79         28         28         40      0.2222         40          40      0.0000     10.6989
ALPHA 1.0349 MaxIteration 18536  TIMEOUT 0.231075
 80         28         28         40      0.2311         40          40      0.0000     11.1688
ALPHA 1.0349 MaxIteration 19182  TIMEOUT 0.232536
 81         28         28         40      0.2325         40          40      0.0000     11.6288
ALPHA 1.0349 MaxIteration 19850  TIMEOUT 0.229859
 82         28         28         40      0.2299         40          40      0.0000     12.0688
ALPHA 1.0349 MaxIteration 20541  TIMEOUT 0.228432
 83         28         28         40      0.2284         40          40      0.0000     12.5089
ALPHA 1.0349 MaxIteration 21257  TIMEOUT 0.234541
 84         28         28         40      0.2345         40          40      0.0000     12.9789
ALPHA 1.0349 MaxIteration 21997  TIMEOUT 0.239817
 85         28         28         40      0.2398         40          40      0.0000     13.4489
ALPHA 1.0349 MaxIteration 22763  TIMEOUT 0.268458
 86         28         28         40      0.2685         40          40      0.0000     13.9789
ALPHA 1.0349 MaxIteration 23556  TIMEOUT 0.263040
 87         28         28         40      0.2630         40          40      0.0000     14.5089
ALPHA 1.0349 MaxIteration 24377  TIMEOUT 0.298046
 88         28         28         40      0.2980         40          40      0.0000     15.0989
ALPHA 1.0349 MaxIteration 25226  TIMEOUT 0.296014
 89         28         28         40      0.2960         40          40      0.0000     15.6889
ALPHA 1.0349 MaxIteration 26105  TIMEOUT 0.285648
 90         28         28         40      0.2856         40          40      0.0000     16.2589
ALPHA 1.0349 MaxIteration 27014  TIMEOUT 0.290452
 91         28         28         40      0.2905         40          40      0.0000     16.8389
ALPHA 1.0349 MaxIteration 27955  TIMEOUT 0.339943
 92         28         28         40      0.3399         40          40      0.0000     17.5089
ALPHA 1.0349 MaxIteration 28929  TIMEOUT 0.326083
 93         28         28         40      0.3261         40          40      0.0000     18.1589
ALPHA 1.0349 MaxIteration 29937  TIMEOUT 0.333574
 94         28         28         40      0.3336         40          40      0.0000     18.8289
ALPHA 1.0349 MaxIteration 30980  TIMEOUT 0.367391
 95         28         28         40      0.3674         40          40      0.0000     19.5589
ALPHA 1.0349 MaxIteration 32059  TIMEOUT 0.365055
 96         28         28         40      0.3651         40          40      0.0000     19.9989
ALPHA 1.0349 MaxIteration 33176  TIMEOUT 0.001131
 97         25         28         62      0.0011>>> T1_50_1000_0.wclq |V| 50 |E| 1000  (#LB 0.0000 28 ---> 28  0.4286  40 <--- 40  0.0000 #UB)  #solve_ime 20.0000 read_time 0.0012 
