With  Parameters CUTOFF 20 SEED 102  ALPHA = 1.900  K=5 RHO=0.05 Q0=0.90 BETA=3.0 AQ_MODE=guarded
Reading  graph ...  time 0.000181  
Reducing graph ...  time 0.000023  
[v6] |V|=100 |E|=100 density=1.00 USE_ADVANCED=0 SAFE_AQ_MIN_GAP=0.050 DEEP_AQ_RANGE=[800, 5.00, 10.00] structure_blocks_aq=1 AQ_SLOPE_MARGIN=1.15 AQ_MAX_UB_DRIFT=0.20
#Rd        #LB        #LB*       #UB       #Time        #UB+        #UB*      #Time      #TotalTime
First Gap  0.032132
  1       1027       1027       1060      0.0185
 Switch to DBS-only search, timeout 0.018511....
 [Online-safe AQ structure guard] |V|=100 density=1.00 outside [800, 5.00, 10.00], disabling AQ
 [Online-safe AQ first-gap guard] FIRST_GAP 0.0321 < 0.0500, disabling AQ
       1039        1039      0.0078        0.0371
ALPHA 1.9000 MaxIteration 3  TIMEOUT 0.018511
  2       1025       1027       1077      0.0001       1086        1039      0.0000        0.0372
ALPHA 1.8304 MaxIteration 5  TIMEOUT 0.000106
  3       1027       1027       1091      0.0001       1067        1039      0.0001        0.0374
ALPHA 1.7658 MaxIteration 9  TIMEOUT 0.000183
  4       1027       1027       1080      0.0001       1086        1039      0.0001        0.0377
ALPHA 1.7056 MaxIteration 15  TIMEOUT 0.000235
  5       1027       1027       1116      0.0002       1047        1039      0.0002        0.0382
ALPHA 1.6493 MaxIteration 25  TIMEOUT 0.000416
  6       1027       1027       1115      0.0003       1047        1039      0.0003        0.0389
ALPHA 1.5966 MaxIteration 41  TIMEOUT 0.000546
  7       1026       1027       1115      0.0005       1069        1039      0.0001        0.0399
ALPHA 1.5472 MaxIteration 65  TIMEOUT 0.000840
  8       1027       1027       1115      0.0008       1047        1039      0.0004        0.0415
ALPHA 1.5008 MaxIteration 100  TIMEOUT 0.001188
  9       1027       1027       1115      0.0011       1043        1039      0.0008        0.0437
ALPHA 1.4571 MaxIteration 150  TIMEOUT 0.001697
 10       1027       1027       1115      0.0016       1047        1039      0.0006        0.0469
ALPHA 1.4158 MaxIteration 218  TIMEOUT 0.002264
 11       1027       1027       1115      0.0023       1039        1039      0.0012        0.0515
ALPHA 1.3768 MaxIteration 308  TIMEOUT 0.003221
 12       1027       1027       1094      0.0030       1043        1039      0.0001        0.0577
ALPHA 1.3399 MaxIteration 424  TIMEOUT 0.004146
 13       1027       1027       1094      0.0042       1043        1039      0.0012        0.0660
ALPHA 1.3049 MaxIteration 568  TIMEOUT 0.005570
 14       1029       1029       1093      0.0056       1039        1039      0.0024        0.0772
ALPHA 1.2718 MaxIteration 741  TIMEOUT 0.007283
 15       1031       1031       1072      0.0073       1043        1039      0.0018        0.0928
ALPHA 1.2402 MaxIteration 942  TIMEOUT 0.009276
 16       1031       1031       1072      0.0092       1043        1039      0.0013        0.1112
ALPHA 1.2102 MaxIteration 1168  TIMEOUT 0.011401
 17       1031       1031       1072      0.0114       1039        1039      0.0004        0.1341
ALPHA 1.1816 MaxIteration 1413  TIMEOUT 0.013809
 18       1031       1031       1072      0.0137       1039        1039      0.0117        0.1616
ALPHA 1.1543 MaxIteration 1669  TIMEOUT 0.016224
 19       1031       1031       1072      0.0162       1039        1039      0.0033        0.1941
ALPHA 1.1283 MaxIteration 1926  TIMEOUT 0.018738
 20       1031       1031       1072      0.0172       1039        1039      0.0010        0.2305
ALPHA 1.1034 MaxIteration 2173  TIMEOUT 0.019395
 21       1031       1031       1072      0.0194       1039        1039      0.0075        0.2723
ALPHA 1.0795 MaxIteration 2397  TIMEOUT 0.021406
 22       1031       1031       1072      0.0214       1039        1039      0.0014        0.3342
ALPHA 1.0567 MaxIteration 2587  TIMEOUT 0.023113
 23       1031       1031       1072      0.0231       1039        1039      0.0005        0.4118
ALPHA 1.0349 MaxIteration 2733  TIMEOUT 0.024429
 24       1031       1031       1072      0.0244       1039        1039      0.0020        0.4608
ALPHA 1.0349 MaxIteration 2828  TIMEOUT 0.025286
 25       1031       1031       1072      0.0253       1039        1039      0.0023        0.5124
ALPHA 1.0349 MaxIteration 2926  TIMEOUT 0.026171
 26       1031       1031       1072      0.0262       1039        1039      0.0217        0.5779
ALPHA 1.0349 MaxIteration 3027  TIMEOUT 0.027096
 27       1031       1031       1072      0.0254       1039        1039      0.0011        0.6318
ALPHA 1.0349 MaxIteration 3132  TIMEOUT 0.026310
 28       1031       1031       1072      0.0263       1039        1039      0.0222        0.6845
ALPHA 1.0349 MaxIteration 3241  TIMEOUT 0.027240
 29       1031       1031       1072      0.0272       1039        1039      0.0146        0.7411
ALPHA 1.0349 MaxIteration 3353  TIMEOUT 0.028193
 30       1031       1031       1072      0.0282       1039        1039      0.0039        0.7985
ALPHA 1.0349 MaxIteration 3469  TIMEOUT 0.029191
 31       1031       1031       1072      0.0292       1039        1039      0.0005        0.8570
ALPHA 1.0349 MaxIteration 3589  TIMEOUT 0.030222
 32       1031       1031       1072      0.0302       1039        1039      0.0121        0.9185
ALPHA 1.0349 MaxIteration 3714  TIMEOUT 0.031279
 33       1031       1031       1072      0.0313       1039        1039      0.0008        0.9812
ALPHA 1.0349 MaxIteration 3843  TIMEOUT 0.032373
 34       1031       1031       1072      0.0324       1039        1039      0.0185        1.0460
ALPHA 1.0349 MaxIteration 3976  TIMEOUT 0.033510
 35       1031       1031       1072      0.0335       1039        1039      0.0020        1.1181
ALPHA 1.0349 MaxIteration 4114  TIMEOUT 0.034682
 36       1031       1031       1072      0.0347       1039        1039      0.0003        1.1915
ALPHA 1.0349 MaxIteration 4257  TIMEOUT 0.035905
 37       1031       1031       1072      0.0359       1039        1039      0.0056        1.2654
ALPHA 1.0349 MaxIteration 4405  TIMEOUT 0.037165
 38       1031       1031       1072      0.0372       1039        1039      0.0019        1.3429
ALPHA 1.0349 MaxIteration 4558  TIMEOUT 0.038473
 39       1031       1031       1072      0.0385       1039        1039      0.0080        1.4239
ALPHA 1.0349 MaxIteration 4716  TIMEOUT 0.039824
 40       1031       1031       1072      0.0398       1039        1039      0.0151        1.5086
ALPHA 1.0349 MaxIteration 4880  TIMEOUT 0.041223
 41       1031       1031       1072      0.0412       1039        1039      0.0388        1.5912
ALPHA 1.0349 MaxIteration 5050  TIMEOUT 0.042664
 42       1031       1031       1072      0.0427       1039        1039      0.0002        1.6776
ALPHA 1.0349 MaxIteration 5226  TIMEOUT 0.044170
 43       1031       1031       1072      0.0442       1039        1039      0.0107        1.7693
ALPHA 1.0349 MaxIteration 5408  TIMEOUT 0.045718
 44       1031       1031       1072      0.0457       1039        1039      0.0070        1.8627
ALPHA 1.0349 MaxIteration 5596  TIMEOUT 0.047314
 45       1031       1031       1072      0.0473       1039        1039      0.0055        1.9624
ALPHA 1.0349 MaxIteration 5791  TIMEOUT 0.048967
 46       1031       1031       1072      0.0490       1039        1039      0.0314        2.0645
ALPHA 1.0349 MaxIteration 5992  TIMEOUT 0.050679
 47       1031       1031       1072      0.0507       1039        1039      0.0013        2.1700
ALPHA 1.0349 MaxIteration 6200  TIMEOUT 0.052448
 48       1031       1031       1072      0.0525       1039        1039      0.0075        2.2809
ALPHA 1.0349 MaxIteration 6416  TIMEOUT 0.054280
 49       1031       1031       1072      0.0543       1039        1039      0.0088        2.3916
ALPHA 1.0349 MaxIteration 6639  TIMEOUT 0.056176
 50       1031       1031       1072      0.0562       1039        1039      0.0061        2.5070
ALPHA 1.0349 MaxIteration 6870  TIMEOUT 0.058147
 51       1031       1031       1072      0.0582       1039        1039      0.0432        2.6264
ALPHA 1.0349 MaxIteration 7109  TIMEOUT 0.060183
 52       1031       1031       1072      0.0602       1039        1039      0.0135        2.7499
ALPHA 1.0349 MaxIteration 7356  TIMEOUT 0.062287
 53       1031       1031       1072      0.0623       1039        1039      0.0325        2.8756
ALPHA 1.0349 MaxIteration 7612  TIMEOUT 0.064460
 54       1032       1032       1072      0.0645       1039        1039      0.0006        3.0086
ALPHA 1.0349 MaxIteration 7877  TIMEOUT 0.066718
 55       1036       1036       1055      0.0667       1039        1039      0.0044        3.1462
ALPHA 1.0349 MaxIteration 8151  TIMEOUT 0.069048
 56       1036       1036       1054      0.0691       1039        1039      0.0433        3.2863
ALPHA 1.0349 MaxIteration 8435  TIMEOUT 0.071460
 57       1036       1036       1055      0.0715       1039        1039      0.0105        3.4364
ALPHA 1.0349 MaxIteration 8729  TIMEOUT 0.073955
 58       1036       1036       1055      0.0740       1039        1039      0.0033        3.5895
ALPHA 1.0349 MaxIteration 9033  TIMEOUT 0.076547
 59       1036       1036       1055      0.0766       1039        1039      0.0158        3.7497
ALPHA 1.0349 MaxIteration 9347  TIMEOUT 0.079223
 60       1036       1036       1055      0.0792       1039        1039      0.0402        3.9134
ALPHA 1.0349 MaxIteration 9672  TIMEOUT 0.081991
 61       1036       1036       1055      0.0820       1039        1039      0.0291        4.0836
ALPHA 1.0349 MaxIteration 10009  TIMEOUT 0.084853
 62       1036       1036       1055      0.0849       1039        1039      0.0124        4.2594
ALPHA 1.0349 MaxIteration 10357  TIMEOUT 0.087815
 63       1036       1036       1055      0.0878       1039        1039      0.0206        4.4432
ALPHA 1.0349 MaxIteration 10718  TIMEOUT 0.090880
 64       1036       1036       1055      0.0909       1039        1039      0.0117        4.6310
ALPHA 1.0349 MaxIteration 11091  TIMEOUT 0.094052
 65       1036       1036       1055      0.0941       1039        1039      0.0227        4.8282
ALPHA 1.0349 MaxIteration 11477  TIMEOUT 0.097344
 66       1036       1036       1055      0.0973       1039        1039      0.0084        5.0352
ALPHA 1.0349 MaxIteration 11877  TIMEOUT 0.100741
 67       1036       1036       1055      0.1007       1039        1039      0.0123        5.2430
ALPHA 1.0349 MaxIteration 12291  TIMEOUT 0.104261
 68       1036       1036       1055      0.1043       1039        1039      0.0018        5.4588
ALPHA 1.0349 MaxIteration 12719  TIMEOUT 0.107901
 69       1036       1036       1055      0.1079       1039        1039      0.0221        5.6798
ALPHA 1.0349 MaxIteration 13162  TIMEOUT 0.111674
 70       1036       1036       1055      0.1117       1039        1039      0.0024        5.9113
ALPHA 1.0349 MaxIteration 13620  TIMEOUT 0.115572
 71       1036       1036       1055      0.1156       1039        1039      0.0008        6.1505
ALPHA 1.0349 MaxIteration 14094  TIMEOUT 0.119607
 72       1036       1036       1055      0.1196       1039        1039      0.0103        6.3961
ALPHA 1.0349 MaxIteration 14585  TIMEOUT 0.123784
 73       1036       1036       1055      0.1238       1039        1039      0.0286        6.6510
ALPHA 1.0349 MaxIteration 15093  TIMEOUT 0.128105
 74       1036       1036       1054      0.1281       1039        1039      0.0005        6.9184
ALPHA 1.0349 MaxIteration 15619  TIMEOUT 0.132580
 75       1036       1036       1054      0.1326       1039        1039      0.0034        7.1909
ALPHA 1.0349 MaxIteration 16163  TIMEOUT 0.137206
 76       1036       1036       1055      0.1372       1039        1039      0.0363        7.4745
ALPHA 1.0349 MaxIteration 16726  TIMEOUT 0.142000
 77       1036       1036       1054      0.1420       1039        1039      0.0005        7.7730
ALPHA 1.0349 MaxIteration 17309  TIMEOUT 0.146957
 78       1036       1036       1055      0.1470       1039        1039      0.0221        8.0801
ALPHA 1.0349 MaxIteration 17912  TIMEOUT 0.152089
 79       1036       1036       1054      0.1521       1039        1039      0.0483        8.3934
ALPHA 1.0349 MaxIteration 18536  TIMEOUT 0.157404
 80       1036       1036       1054      0.1574       1039        1039      0.0011        8.7205
ALPHA 1.0349 MaxIteration 19182  TIMEOUT 0.162895
 81       1036       1036       1054      0.1629       1039        1039      0.0032        9.0577
ALPHA 1.0349 MaxIteration 19850  TIMEOUT 0.168577
 82       1036       1036       1054      0.1686       1039        1039      0.0173        9.4002
ALPHA 1.0349 MaxIteration 20541  TIMEOUT 0.174459
 83       1036       1036       1054      0.1745       1039        1039      0.0028        9.7603
ALPHA 1.0349 MaxIteration 21257  TIMEOUT 0.180542
 84       1036       1036       1054      0.1805       1039        1039      0.0063       10.1430
ALPHA 1.0349 MaxIteration 21997  TIMEOUT 0.186841
 85       1036       1036       1055      0.1868       1039        1039      0.0023       10.5288
ALPHA 1.0349 MaxIteration 22763  TIMEOUT 0.193362
 86       1036       1036       1054      0.1934       1039        1039      0.0502       10.9278
ALPHA 1.0349 MaxIteration 23556  TIMEOUT 0.200117
 87       1036       1036       1054      0.2001       1039        1039      0.0027       11.3422
ALPHA 1.0349 MaxIteration 24377  TIMEOUT 0.207097
 88       1036       1036       1054      0.2071       1039        1039      0.0017       11.7695
ALPHA 1.0349 MaxIteration 25226  TIMEOUT 0.214327
 89       1036       1036       1055      0.2143       1039        1039      0.0184       12.2055
ALPHA 1.0349 MaxIteration 26105  TIMEOUT 0.221811
 90       1036       1036       1054      0.2218       1039        1039      0.0065       12.6635
ALPHA 1.0349 MaxIteration 27014  TIMEOUT 0.229551
 91       1036       1036       1054      0.2296       1039        1039      0.0008       13.1319
ALPHA 1.0349 MaxIteration 27955  TIMEOUT 0.237557
 92       1036       1036       1054      0.2376       1039        1039      0.0024       20.0000
>>> T1_100_100_2.wclq |V| 100 |E| 100  (#LB 0.0088 1027 ---> 1036  0.0029  1039 <--- 1060  0.0198 #UB)  #read_time 0.0002  #reduce_time 0.0000  #solve_time 20.0000  #total_time 20.0002
 