>>IBM: |V|=200 |E|=2000
>>IBM: The maximum node weight is 49
/public/home/acs4vb4pqv/benchmarks/MWDS2026/T1_wclq/T1_200_2000_8.wclq #seed 101 #alpha 1.900 #timeout 0.100 K=5 RHO=0.05 Q0=0.90 BETA=3.5 AQ_MODE=guarded SAFE_AQ_MIN_GAP=0.050 SAFE_AQ_MIN_NODES=800 AQ_SLOPE_MARGIN=1.05 AQ_MAX_UB_DRIFT=0.25
[v19] |V|=200 |E|=2000 density=10.00 USE_ADVANCED=0
#Rd        #LB        #LB*       #UB       #Time        #UB+        #UB*      #Time      #TotalTime
First Gap  1.328283
ALPHA 1.9000 MaxIteration 500  TIMEOUT 0.049514
  1        198        198        461      0.0495
 [AQ small-headroom probe] gap=1.3283 density=10.00 |V|=200 => Light RL (K=3, 5.0%)
ALPHA 1.9000 MaxIteration 3  TIMEOUT 0.002052
  2        203        203        559      0.0021ALPHA 1.8304 MaxIteration 5  TIMEOUT 0.003757
  3        205        205        534      0.0038ALPHA 1.7658 MaxIteration 9  TIMEOUT 0.005253
  4        205        205        506      0.0053ALPHA 1.7056 MaxIteration 15  TIMEOUT 0.006690
  5        216        216        520      0.0067ALPHA 1.6493 MaxIteration 25  TIMEOUT 0.020905
  6        227        227        509      0.0209ALPHA 1.5966 MaxIteration 41  TIMEOUT 0.021942
  7        231        231        530      0.0219ALPHA 1.5472 MaxIteration 65  TIMEOUT 0.031906
  8        228        231        510      0.0319ALPHA 1.5008 MaxIteration 100  TIMEOUT 0.045411
  9        230        231        531      0.0454 [AQ guard] no early LB gain, disabling AQ
        416         416      0.0400      0.2375
ALPHA 1.4571 MaxIteration 150  TIMEOUT 0.014627
 10        194        231        475      0.0146        416         416      0.0100      0.2675
ALPHA 1.4158 MaxIteration 218  TIMEOUT 0.045196
 11        197        231        479      0.0452        416         416      0.0200      0.3575
ALPHA 1.3768 MaxIteration 308  TIMEOUT 0.030745
 12        194        231        485      0.0307        416         416      0.0100      0.4275
ALPHA 1.3399 MaxIteration 424  TIMEOUT 0.056838
 13        198        231        468      0.0568        416         416      0.0000      0.5375
ALPHA 1.3049 MaxIteration 568  TIMEOUT 0.133311
 14        203        231        452      0.1333        416         416      0.0000      0.7975
ALPHA 1.2718 MaxIteration 741  TIMEOUT 0.084680
 15        203        231        471      0.0847        416         416      0.0100      0.9675
ALPHA 1.2402 MaxIteration 942  TIMEOUT 0.139260
 16        200        231        450      0.1393        416         416      0.0100      1.2375
ALPHA 1.2102 MaxIteration 1168  TIMEOUT 0.164650
 17        191        231        475      0.1646        416         416      0.0000      1.5675
ALPHA 1.1816 MaxIteration 1413  TIMEOUT 0.223369
 18        202        231        474      0.2234        416         416      0.0000      2.0075
ALPHA 1.1543 MaxIteration 1669  TIMEOUT 0.179480
 19        195        231        440      0.1795        416         416      0.0100      2.3475
ALPHA 1.1283 MaxIteration 1926  TIMEOUT 0.222830
 20        194        231        457      0.2228        416         416      0.0000      2.7875
ALPHA 1.1034 MaxIteration 2173  TIMEOUT 0.224739
 21        193        231        456      0.2247        416         416      0.0100      3.2375
ALPHA 1.0795 MaxIteration 2397  TIMEOUT 0.363818
 22        196        231        456      0.3638        416         416      0.0100      3.9575
ALPHA 1.0567 MaxIteration 2587  TIMEOUT 0.412633
 23        196        231        450      0.4126        416         416      0.0100      4.7775
ALPHA 1.0349 MaxIteration 2733  TIMEOUT 0.511052
 24        197        231        468      0.5111        416         416      0.0000      5.7875
ALPHA 1.0349 MaxIteration 2828  TIMEOUT 0.299647
 25        198        231        467      0.2996        416         416      0.0100      6.3675
ALPHA 1.0349 MaxIteration 2926  TIMEOUT 0.341448
 26        196        231        456      0.3414        416         416      0.0100      7.0475
ALPHA 1.0349 MaxIteration 3027  TIMEOUT 0.393352
 27        196        231        467      0.3934        416         416      0.0100      7.8275
ALPHA 1.0349 MaxIteration 3132  TIMEOUT 0.413190
 28        196        231        463      0.4132        416         416      0.0100      8.6575
ALPHA 1.0349 MaxIteration 3241  TIMEOUT 0.383991
 29        196        231        436      0.3840        416         416      0.0200      9.4175
ALPHA 1.0349 MaxIteration 3353  TIMEOUT 0.362076
 30        198        231        463      0.3621        416         416      0.0000     10.1375
ALPHA 1.0349 MaxIteration 3469  TIMEOUT 0.385344
 31        196        231        461      0.3853        416         416      0.0000     10.8975
ALPHA 1.0349 MaxIteration 3589  TIMEOUT 0.426220
 32        198        231        466      0.4262        416         416      0.0500     11.7375
ALPHA 1.0349 MaxIteration 3714  TIMEOUT 0.642497
 33        199        231        463      0.6425        416         416      0.0100     13.0175
ALPHA 1.0349 MaxIteration 3843  TIMEOUT 0.411671
 34        196        231        436      0.4117        416         416      0.0200     13.8375
ALPHA 1.0349 MaxIteration 3976  TIMEOUT 0.620271
 35        200        231        455      0.6203        416         416      0.0200     15.0675
ALPHA 1.0349 MaxIteration 4114  TIMEOUT 0.799179
 36        198        231        459      0.7992        416         416      0.0500     16.6375
ALPHA 1.0349 MaxIteration 4257  TIMEOUT 0.770344
 37        196        231        455      0.7703        416         416      0.0300     18.1575
ALPHA 1.0349 MaxIteration 4405  TIMEOUT 0.440055
 38        196        231        467      0.4401        416         416      0.0000     19.0376
ALPHA 1.0349 MaxIteration 4558  TIMEOUT 0.760965
 39        198        231        464      0.7610        416         416      0.0400     19.9975
ALPHA 1.0349 MaxIteration 4716  TIMEOUT 0.002593
 40        183        231        492      0.0026>>> T1_200_2000_8.wclq |V| 200 |E| 2000  (#LB 0.1667 198 ---> 231  0.8009  416 <--- 461  0.0976 #UB)  #solve_ime 20.0001 read_time 0.0025 
