>>IBM: |V|=1000 |E|=1000
>>IBM: The maximum node weight is 49
/public/home/acs4vb4pqv/benchmarks/MWDS2026/T1_wclq/T1_1000_1000_2.wclq #seed 2 #alpha 1.900 #timeout 0.100 K=5 RHO=0.05 Q0=0.90 BETA=3.5 AQ_MODE=dbs SAFE_AQ_MIN_GAP=0.050 SAFE_AQ_MIN_NODES=800 AQ_SLOPE_MARGIN=1.05 AQ_MAX_UB_DRIFT=0.25
[v19] |V|=1000 |E|=1000 density=1.00 USE_ADVANCED=1
#Rd        #LB        #LB*       #UB       #Time        #UB+        #UB*      #Time      #TotalTime
First Gap  0.114525
ALPHA 1.9000 MaxIteration 500  TIMEOUT 0.235433
  1      10251      10251      11425      0.2354      10810       10810      0.1500      0.4589
ALPHA 1.9000 MaxIteration 3  TIMEOUT 0.003623
  2      10069      10251      11769      0.0036      10900       10810      0.0000      0.4689
ALPHA 1.8304 MaxIteration 5  TIMEOUT 0.008633
  3      10105      10251      11827      0.0086      11122       10810      0.0000      0.4789
ALPHA 1.7658 MaxIteration 9  TIMEOUT 0.003979
  4       9863      10251      12109      0.0040      10869       10810      0.0000      0.4881
ALPHA 1.7056 MaxIteration 15  TIMEOUT 0.007366
  5       9910      10251      12051      0.0074      11022       10810      0.0000      0.4989
ALPHA 1.6493 MaxIteration 25  TIMEOUT 0.039466
  6      10023      10251      11909      0.0395      10826       10810      0.0200      0.5689
ALPHA 1.5966 MaxIteration 41  TIMEOUT 0.027597
  7       9926      10251      11978      0.0276      10848       10810      0.0200      0.6189
ALPHA 1.5472 MaxIteration 65  TIMEOUT 0.030393
  8       9960      10251      11990      0.0304      10813       10810      0.0200      0.6889
ALPHA 1.5008 MaxIteration 100  TIMEOUT 0.090074
  9       9962      10251      11974      0.0901      10809       10809      0.0900      0.8689
ALPHA 1.4571 MaxIteration 150  TIMEOUT 0.042698
 10       9913      10251      12045      0.0427      10792       10792      0.0300      0.9589
ALPHA 1.4158 MaxIteration 218  TIMEOUT 0.081692
 11       9919      10251      12095      0.0817      10818       10792      0.0800      1.1189
ALPHA 1.3768 MaxIteration 308  TIMEOUT 0.080316
 12       9906      10251      12069      0.0803      10799       10792      0.0200      1.2789
ALPHA 1.3399 MaxIteration 424  TIMEOUT 0.103029
 13       9906      10251      12094      0.1030      10803       10792      0.0200      1.4789
ALPHA 1.3049 MaxIteration 568  TIMEOUT 0.198518
 14       9924      10251      12096      0.1985      10808       10792      0.1000      1.8489
ALPHA 1.2718 MaxIteration 741  TIMEOUT 0.222671
 15       9929      10251      12075      0.2227      10811       10792      0.1400      2.2789
ALPHA 1.2402 MaxIteration 942  TIMEOUT 0.245083
 16       9910      10251      12074      0.2451      10805       10792      0.0100      2.7489
ALPHA 1.2102 MaxIteration 1168  TIMEOUT 0.352875
 17       9923      10251      12095      0.3529      10807       10792      0.1900      3.4189
ALPHA 1.1816 MaxIteration 1413  TIMEOUT 0.548215
 18       9919      10251      12094      0.5482      10808       10792      0.1700      4.4589
ALPHA 1.1543 MaxIteration 1669  TIMEOUT 0.478829
 19       9902      10251      12097      0.4788      10783       10783      0.0600      5.3666
ALPHA 1.1283 MaxIteration 1926  TIMEOUT 1.004960
 20       9914      10251      12120      1.0050      10807       10783      0.1300      7.2989
ALPHA 1.1034 MaxIteration 2173  TIMEOUT 0.472232
 21       9898      10251      12139      0.4722      10801       10783      0.1900      8.1989
ALPHA 1.0795 MaxIteration 2397  TIMEOUT 0.561126
 22       9898      10251      12137      0.5611
 [LB Done] stag=21 elapsed=43.8% => 11.2s to UB
      10786       10783      0.3200     19.0289
>>> T1_1000_1000_2.wclq |V| 1000 |E| 1000  (#LB 0.0000 10251 ---> 10251  0.0519  10783 <--- 11425  0.0562 #UB)  #solve_ime 19.0289 read_time 0.0011 
