With  Parameters CUTOFF 20 SEED 101  ALPHA = 1.900  K=5 RHO=0.05 Q0=0.90 BETA=3.0 AQ_MODE=guarded
Reading  graph ...  time 0.052261  
Reducing graph ...  time 0.000698  
[v6] |V|=1000 |E|=52120 density=52.12 USE_ADVANCED=0 SAFE_AQ_MIN_GAP=0.050 DEEP_AQ_RANGE=[800, 5.00, 10.00] structure_blocks_aq=1 AQ_SLOPE_MARGIN=1.15 AQ_MAX_UB_DRIFT=0.20
#Rd        #LB        #LB*       #UB       #Time        #UB+        #UB*      #Time      #TotalTime
First Gap  0.078947
  1         38         38         41      0.3715
 Switch to DBS-only search, timeout 0.371544....
 [Online-safe AQ structure guard] |V|=1000 density=52.12 outside [800, 5.00, 10.00], disabling AQ
         41          41      0.0071        0.8620
ALPHA 1.9000 MaxIteration 3  TIMEOUT 0.371544
  2         38         38         41      0.0023         42          41      0.0059        0.8703
ALPHA 1.8304 MaxIteration 5  TIMEOUT 0.004423
  3         37         38         42      0.0037         42          41      0.0060        0.8800
ALPHA 1.7658 MaxIteration 9  TIMEOUT 0.006780
  4         37         38         41      0.0062         42          41      0.0059        0.8924
ALPHA 1.7056 MaxIteration 15  TIMEOUT 0.010863
  5         37         38         41      0.0093         41          41      0.0058        0.9111
ALPHA 1.6493 MaxIteration 25  TIMEOUT 0.015867
  6         38         38         41      0.0164         41          41      0.0064        0.9439
ALPHA 1.5966 MaxIteration 41  TIMEOUT 0.026989
  7         38         38         41      0.0242         41          41      0.0061        0.9924
ALPHA 1.5472 MaxIteration 65  TIMEOUT 0.038600
  8         38         38         41      0.0368         41          41      0.0063        1.0661
ALPHA 1.5008 MaxIteration 100  TIMEOUT 0.056926
  9         38         38         41      0.0572         41          41      0.0062        1.1806
ALPHA 1.4571 MaxIteration 150  TIMEOUT 0.085866
 10         38         38         41      0.0859         41          41      0.0062        1.3526
ALPHA 1.4158 MaxIteration 218  TIMEOUT 0.125179
 11         38         38         41      0.1252         41          41      0.0058        1.6033
ALPHA 1.3768 MaxIteration 308  TIMEOUT 0.177306
 12         38         38         41      0.1747         41          41      0.0060        1.9527
ALPHA 1.3399 MaxIteration 424  TIMEOUT 0.240512
 13         38         38         41      0.2411         41          41      0.0071        2.4353
ALPHA 1.3049 MaxIteration 568  TIMEOUT 0.323115
 14         38         38         41      0.3233         41          41      0.0072        3.0830
ALPHA 1.2718 MaxIteration 741  TIMEOUT 0.421874
 15         38         38         41      0.4223         41          41      0.0076        3.9298
ALPHA 1.2402 MaxIteration 942  TIMEOUT 0.537087
 16         38         38         41      0.5372         41          41      0.0065        5.0056
ALPHA 1.2102 MaxIteration 1168  TIMEOUT 0.666275
 17         38         38         41      0.6665         41          41      0.0077        6.3398
ALPHA 1.1816 MaxIteration 1413  TIMEOUT 0.806607
 18         38         38         41      0.8068         41          41      0.0068        7.9536
ALPHA 1.1543 MaxIteration 1669  TIMEOUT 0.953332
 19         38         38         41      0.9538         41          41      0.0060        9.8644
ALPHA 1.1283 MaxIteration 1926  TIMEOUT 1.100939
 20         38         38         41      1.1012         41          41      0.0064       12.0713
ALPHA 1.1034 MaxIteration 2173  TIMEOUT 1.242497
 21         38         38         41      1.2429         41          41      0.0061       14.5594
ALPHA 1.0795 MaxIteration 2397  TIMEOUT 1.371355
 22         38         38         41      1.3718         41          41      0.0067       19.9938
>>> UDG_1000_200_8.wclq |V| 1000 |E| 52120  (#LB 0.0000 38 ---> 38  0.0732  41 <--- 41  0.0000 #UB)  #read_time 0.0523  #reduce_time 0.0007  #solve_time 19.9939  #total_time 20.0468
 