With  Parameters CUTOFF 20 SEED 101  ALPHA = 1.900  K=5 RHO=0.05 Q0=0.90 BETA=3.0 AQ_MODE=guarded
Reading  graph ...  time 0.004587  
Reducing graph ...  time 0.000194  
[v6] |V|=200 |E|=17910 density=89.55 USE_ADVANCED=0 SAFE_AQ_MIN_GAP=0.050 DEEP_AQ_RANGE=[800, 5.00, 10.00] structure_blocks_aq=1 AQ_SLOPE_MARGIN=1.15 AQ_MAX_UB_DRIFT=0.20
#Rd        #LB        #LB*       #UB       #Time        #UB+        #UB*      #Time      #TotalTime
First Gap  0.200000
  1          5          5          6      0.0805
 Switch to DBS-only search, timeout 0.080537....
 [Online-safe AQ structure guard] |V|=200 density=89.55 outside [800, 5.00, 10.00], disabling AQ
          6           6      0.0012        0.1614
ALPHA 1.9000 MaxIteration 3  TIMEOUT 0.080537
  2          5          5          6      0.0005          6           6      0.0012        0.1632
ALPHA 1.8304 MaxIteration 5  TIMEOUT 0.001028
  3          5          5          6      0.0011          6           6      0.0012        0.1655
ALPHA 1.7658 MaxIteration 9  TIMEOUT 0.001981
  4          5          5          7      0.0020          6           6      0.0012        0.1695
ALPHA 1.7056 MaxIteration 15  TIMEOUT 0.003551
  5          4          5          7      0.0018          6           6      0.0012        0.1732
ALPHA 1.6493 MaxIteration 25  TIMEOUT 0.003150
  6          4          5          7      0.0030          6           6      0.0012        0.1793
ALPHA 1.5966 MaxIteration 41  TIMEOUT 0.004945
  7          4          5          7      0.0047          6           6      0.0012        0.1886
ALPHA 1.5472 MaxIteration 65  TIMEOUT 0.007452
  8          4          5          7      0.0070          6           6      0.0012        0.2029
ALPHA 1.5008 MaxIteration 100  TIMEOUT 0.010869
  9          4          5          7      0.0107          6           6      0.0012        0.2245
ALPHA 1.4571 MaxIteration 150  TIMEOUT 0.016108
 10          4          5          7      0.0160          6           6      0.0012        0.2567
ALPHA 1.4158 MaxIteration 218  TIMEOUT 0.023342
 11          4          5          7      0.0226          6           6      0.0011        0.3021
ALPHA 1.3768 MaxIteration 308  TIMEOUT 0.032051
 12          4          5          7      0.0322          6           6      0.0012        0.3665
ALPHA 1.3399 MaxIteration 424  TIMEOUT 0.044276
 13          4          5          7      0.0443          6           6      0.0012        0.4553
ALPHA 1.3049 MaxIteration 568  TIMEOUT 0.059420
 14          4          5          7      0.0595          6           6      0.0013        0.5743
ALPHA 1.2718 MaxIteration 741  TIMEOUT 0.077580
 15          4          5          7      0.0777          6           6      0.0012        0.7298
ALPHA 1.2402 MaxIteration 942  TIMEOUT 0.098773
 16          4          5          7      0.0988          6           6      0.0012        0.9286
ALPHA 1.2102 MaxIteration 1168  TIMEOUT 0.122549
 17          4          5          7      0.1226          6           6      0.0013        1.1737
ALPHA 1.1816 MaxIteration 1413  TIMEOUT 0.148315
 18          4          5          7      0.1483          6           6      0.0013        1.4717
ALPHA 1.1543 MaxIteration 1669  TIMEOUT 0.175261
 19          4          5          7      0.1754          6           6      0.0012        1.8225
ALPHA 1.1283 MaxIteration 1926  TIMEOUT 0.202437
 20          4          5          7      0.2024          6           6      0.0012        2.2275
ALPHA 1.1034 MaxIteration 2173  TIMEOUT 0.228416
 21          4          5          7      0.2284          6           6      0.0013        2.6865
ALPHA 1.0795 MaxIteration 2397  TIMEOUT 0.252049
 22          4          5          7      0.2521          6           6      0.0012        3.1909
ALPHA 1.0567 MaxIteration 2587  TIMEOUT 0.272156
 23          4          5          7      0.2687          6           6      0.0012        3.7293
ALPHA 1.0349 MaxIteration 2733  TIMEOUT 0.283925
 24          4          5          7      0.2840          6           6      0.0011        4.2985
ALPHA 1.0349 MaxIteration 2828  TIMEOUT 0.293864
 25          4          5          7      0.2940          6           6      0.0013        4.8876
ALPHA 1.0349 MaxIteration 2926  TIMEOUT 0.304255
 26          4          5          7      0.3043          6           6      0.0013        5.4965
ALPHA 1.0349 MaxIteration 3027  TIMEOUT 0.314910
 27          4          5          7      0.3150          6           6      0.0012        6.1308
ALPHA 1.0349 MaxIteration 3132  TIMEOUT 0.325990
 28          4          5          7      0.3260          6           6      0.0012        6.7851
ALPHA 1.0349 MaxIteration 3241  TIMEOUT 0.337372
 29          4          5          7      0.3374          6           6      0.0013        7.4611
ALPHA 1.0349 MaxIteration 3353  TIMEOUT 0.349162
 30          4          5          7      0.3492          6           6      0.0013        8.1607
ALPHA 1.0349 MaxIteration 3469  TIMEOUT 0.361375
 31          4          5          7      0.3614          6           6      0.0013        8.8856
ALPHA 1.0349 MaxIteration 3589  TIMEOUT 0.373991
 32          4          5          7      0.3741          6           6      0.0013        9.6349
ALPHA 1.0349 MaxIteration 3714  TIMEOUT 0.387105
 33          4          5          7      0.3871          6           6      0.0012       10.4113
ALPHA 1.0349 MaxIteration 3843  TIMEOUT 0.400619
 34          4          5          7      0.4007          6           6      0.0012       11.2129
ALPHA 1.0349 MaxIteration 3976  TIMEOUT 0.414651
 35          4          5          7      0.4148          6           6      0.0012       12.0435
ALPHA 1.0349 MaxIteration 4114  TIMEOUT 0.429217
 36          4          5          7      0.4293          6           6      0.0014       12.9065
ALPHA 1.0349 MaxIteration 4257  TIMEOUT 0.444295
 37          4          5          7      0.4444          6           6      0.0013       19.9989
>>> gen200_p0.9_55.clq |V| 200 |E| 17910  (#LB 0.0000 5 ---> 5  0.1667  6 <--- 6  0.0000 #UB)  #read_time 0.0046  #reduce_time 0.0002  #solve_time 19.9989  #total_time 20.0037
 