With  Parameters CUTOFF 20 SEED 101  ALPHA = 1.900  K=5 RHO=0.05 Q0=0.90 BETA=3.0 AQ_MODE=dbs
Reading  graph ...  time 0.004612  
Reducing graph ...  time 0.000194  
[v6] |V|=200 |E|=17910 density=89.55 USE_ADVANCED=0 SAFE_AQ_MIN_GAP=0.050 DEEP_AQ_RANGE=[800, 5.00, 10.00] structure_blocks_aq=1 AQ_SLOPE_MARGIN=1.15 AQ_MAX_UB_DRIFT=0.20
#Rd        #LB        #LB*       #UB       #Time        #UB+        #UB*      #Time      #TotalTime
First Gap  0.200000
  1          5          5          6      0.0791
 Switch to DBS-only search, timeout 0.079085....
 [Online-safe AQ structure guard] |V|=200 density=89.55 outside [800, 5.00, 10.00], disabling AQ
          6           6      0.0012        0.1586
ALPHA 1.9000 MaxIteration 3  TIMEOUT 0.079085
  2          5          5          6      0.0005          6           6      0.0012        0.1603
ALPHA 1.8304 MaxIteration 5  TIMEOUT 0.001007
  3          5          5          6      0.0010          6           6      0.0011        0.1625
ALPHA 1.7658 MaxIteration 9  TIMEOUT 0.001880
  4          5          5          7      0.0019          6           6      0.0012        0.1663
ALPHA 1.7056 MaxIteration 15  TIMEOUT 0.003329
  5          4          5          7      0.0018          6           6      0.0012        0.1700
ALPHA 1.6493 MaxIteration 25  TIMEOUT 0.002998
  6          4          5          7      0.0028          6           6      0.0012        0.1758
ALPHA 1.5966 MaxIteration 41  TIMEOUT 0.004661
  7          4          5          7      0.0045          6           6      0.0011        0.1850
ALPHA 1.5472 MaxIteration 65  TIMEOUT 0.007255
  8          4          5          7      0.0072          6           6      0.0012        0.1995
ALPHA 1.5008 MaxIteration 100  TIMEOUT 0.011129
  9          4          5          7      0.0108          6           6      0.0012        0.2212
ALPHA 1.4571 MaxIteration 150  TIMEOUT 0.016210
 10          4          5          7      0.0162          6           6      0.0013        0.2537
ALPHA 1.4158 MaxIteration 218  TIMEOUT 0.023655
 11          4          5          7      0.0234          6           6      0.0012        0.3015
ALPHA 1.3768 MaxIteration 308  TIMEOUT 0.033077
 12          4          5          7      0.0331          6           6      0.0012        0.3689
ALPHA 1.3399 MaxIteration 424  TIMEOUT 0.045632
 13          4          5          7      0.0457          6           6      0.0012        0.4603
ALPHA 1.3049 MaxIteration 568  TIMEOUT 0.061183
 14          4          5          7      0.0587          6           6      0.0012        0.5788
ALPHA 1.2718 MaxIteration 741  TIMEOUT 0.076619
 15          4          5          7      0.0766          6           6      0.0012        0.7331
ALPHA 1.2402 MaxIteration 942  TIMEOUT 0.097460
 16          4          5          7      0.0975          6           6      0.0013        0.9282
ALPHA 1.2102 MaxIteration 1168  TIMEOUT 0.120920
 17          4          5          7      0.1210          6           6      0.0013        1.1713
ALPHA 1.1816 MaxIteration 1413  TIMEOUT 0.146382
 18          4          5          7      0.1464          6           6      0.0013        1.4644
ALPHA 1.1543 MaxIteration 1669  TIMEOUT 0.173013
 19          4          5          7      0.1731          6           6      0.0012        1.8117
ALPHA 1.1283 MaxIteration 1926  TIMEOUT 0.199834
 20          4          5          7      0.1999          6           6      0.0013        2.2127
ALPHA 1.1034 MaxIteration 2173  TIMEOUT 0.225551
 21          4          5          7      0.2257          6           6      0.0013        2.6652
ALPHA 1.0795 MaxIteration 2397  TIMEOUT 0.248981
 22          4          5          7      0.2490          6           6      0.0013        3.1654
ALPHA 1.0567 MaxIteration 2587  TIMEOUT 0.268817
 23          4          5          7      0.2688          6           6      0.0012        3.7033
ALPHA 1.0349 MaxIteration 2733  TIMEOUT 0.284075
 24          4          5          7      0.2841          6           6      0.0012        4.2728
ALPHA 1.0349 MaxIteration 2828  TIMEOUT 0.293998
 25          4          5          7      0.2942          6           6      0.0013        4.8624
ALPHA 1.0349 MaxIteration 2926  TIMEOUT 0.304413
 26          4          5          7      0.3044          6           6      0.0013        5.4724
ALPHA 1.0349 MaxIteration 3027  TIMEOUT 0.315036
 27          4          5          7      0.3151          6           6      0.0013        6.1047
ALPHA 1.0349 MaxIteration 3132  TIMEOUT 0.326045
 28          4          5          7      0.3261          6           6      0.0013        6.7572
ALPHA 1.0349 MaxIteration 3241  TIMEOUT 0.337489
 29          4          5          7      0.3376          6           6      0.0011        7.4336
ALPHA 1.0349 MaxIteration 3353  TIMEOUT 0.349325
 30          4          5          7      0.3494          6           6      0.0013        8.1335
ALPHA 1.0349 MaxIteration 3469  TIMEOUT 0.361582
 31          4          5          7      0.3617          6           6      0.0015        8.8579
ALPHA 1.0349 MaxIteration 3589  TIMEOUT 0.374273
 32          4          5          7      0.3743          6           6      0.0013        9.6086
ALPHA 1.0349 MaxIteration 3714  TIMEOUT 0.387343
 33          4          5          7      0.3874          6           6      0.0013       10.3836
ALPHA 1.0349 MaxIteration 3843  TIMEOUT 0.400932
 34          4          5          7      0.4010          6           6      0.0012       11.1888
ALPHA 1.0349 MaxIteration 3976  TIMEOUT 0.414985
 35          4          5          7      0.4151          6           6      0.0012       12.0192
ALPHA 1.0349 MaxIteration 4114  TIMEOUT 0.429541
 36          4          5          7      0.4296          6           6      0.0012       12.8814
ALPHA 1.0349 MaxIteration 4257  TIMEOUT 0.444534
 37          4          5          7      0.4446          6           6      0.0012       13.7709
ALPHA 1.0349 MaxIteration 4405  TIMEOUT 0.460064
 38          4          5          7      0.4601          6           6      0.0013       19.9988
>>> gen200_p0.9_55.clq |V| 200 |E| 17910  (#LB 0.0000 5 ---> 5  0.1667  6 <--- 6  0.0000 #UB)  #read_time 0.0046  #reduce_time 0.0002  #solve_time 19.9988  #total_time 20.0036
 