>>IBM: |V|=100 |E|=100
>>IBM: The maximum node weight is 49
/public/home/acs4vb4pqv/benchmarks/MWDS2026/T1_wclq/T1_100_100_2.wclq #seed 102 #alpha 1.900 #timeout 0.100 K=5 RHO=0.05 Q0=0.90 BETA=3.5 AQ_MODE=dbs SAFE_AQ_MIN_GAP=0.050 SAFE_AQ_MIN_NODES=800 AQ_SLOPE_MARGIN=1.05 AQ_MAX_UB_DRIFT=0.25
[v19] |V|=100 |E|=100 density=1.00 USE_ADVANCED=0
#Rd        #LB        #LB*       #UB       #Time        #UB+        #UB*      #Time      #TotalTime
First Gap  0.036204
ALPHA 1.9000 MaxIteration 500  TIMEOUT 0.011488
  1       1022       1022       1059      0.0115       1039        1039      0.0000      0.0287
ALPHA 1.9000 MaxIteration 3  TIMEOUT 0.000106
  2        984       1022       1139      0.0001       1039        1039      0.0000      0.0387
ALPHA 1.8304 MaxIteration 5  TIMEOUT 0.000113
  3        966       1022       1143      0.0001       1039        1039      0.0000      0.0414
ALPHA 1.7658 MaxIteration 9  TIMEOUT 0.000000
  4        966       1022       1143      0.0000       1039        1039      0.0000      0.0487
ALPHA 1.7056 MaxIteration 15  TIMEOUT 0.000164
  5        966       1022       1143      0.0002       1039        1039      0.0000      0.0587
ALPHA 1.6493 MaxIteration 25  TIMEOUT 0.000256
  6        966       1022       1143      0.0003       1039        1039      0.0000      0.0647
ALPHA 1.5966 MaxIteration 41  TIMEOUT 0.000061
  7        966       1022       1143      0.0001       1039        1039      0.0000      0.0687
ALPHA 1.5472 MaxIteration 65  TIMEOUT 0.000613
  8        966       1022       1143      0.0006       1039        1039      0.0000      0.0787
ALPHA 1.5008 MaxIteration 100  TIMEOUT 0.000932
  9        966       1022       1143      0.0009       1039        1039      0.0000      0.0887
ALPHA 1.4571 MaxIteration 150  TIMEOUT 0.001339
 10        966       1022       1143      0.0013       1039        1039      0.0000      0.0987
ALPHA 1.4158 MaxIteration 218  TIMEOUT 0.001927
 11        966       1022       1143      0.0019       1039        1039      0.0000      0.1087
ALPHA 1.3768 MaxIteration 308  TIMEOUT 0.002810
 12        966       1022       1143      0.0028       1039        1039      0.0000      0.1187
ALPHA 1.3399 MaxIteration 424  TIMEOUT 0.003824
 13        966       1022       1143      0.0038       1039        1039      0.0000      0.1287
ALPHA 1.3049 MaxIteration 568  TIMEOUT 0.003865
 14        966       1022       1143      0.0039       1039        1039      0.0000      0.1387
ALPHA 1.2718 MaxIteration 741  TIMEOUT 0.006518
 15        966       1022       1143      0.0065       1048        1039      0.0100      0.1460
ALPHA 1.2402 MaxIteration 942  TIMEOUT 0.007621
 16        966       1022       1143      0.0076       1039        1039      0.0000      0.1587
ALPHA 1.2102 MaxIteration 1168  TIMEOUT 0.010055
 17        966       1022       1143      0.0101       1039        1039      0.0000      0.1887
ALPHA 1.1816 MaxIteration 1413  TIMEOUT 0.011061
 18        966       1022       1143      0.0111       1039        1039      0.0000      0.2087
ALPHA 1.1543 MaxIteration 1669  TIMEOUT 0.014039
 19        966       1022       1143      0.0140       1039        1039      0.0000      0.2387
ALPHA 1.1283 MaxIteration 1926  TIMEOUT 0.016658
 20        966       1022       1143      0.0167       1039        1039      0.0000      0.2687
ALPHA 1.1034 MaxIteration 2173  TIMEOUT 0.019738
 21        966       1022       1143      0.0197       1054        1039      0.0000      0.2891
ALPHA 1.0795 MaxIteration 2397  TIMEOUT 0.019874
 22        966       1022       1143      0.0199       1039        1039      0.0000      0.3287
ALPHA 1.0567 MaxIteration 2587  TIMEOUT 0.021392
 23        966       1022       1143      0.0214       1039        1039      0.0000      0.3787
ALPHA 1.0349 MaxIteration 2733  TIMEOUT 0.024850
 24        966       1022       1143      0.0248       1039        1039      0.0000      0.4187
ALPHA 1.0349 MaxIteration 2828  TIMEOUT 0.023461
 25        966       1022       1143      0.0235       1039        1039      0.0000      0.4592
ALPHA 1.0349 MaxIteration 2926  TIMEOUT 0.022804
 26        966       1022       1143      0.0228       1039        1039      0.0000      0.5087
ALPHA 1.0349 MaxIteration 3027  TIMEOUT 0.026432
 27        966       1022       1143      0.0264       1039        1039      0.0000      0.5551
ALPHA 1.0349 MaxIteration 3132  TIMEOUT 0.026723
 28        966       1022       1143      0.0267       1039        1039      0.0000      0.6087
ALPHA 1.0349 MaxIteration 3241  TIMEOUT 0.026463
 29        966       1022       1143      0.0265       1039        1039      0.0000      0.6487
ALPHA 1.0349 MaxIteration 3353  TIMEOUT 0.029109
 30        966       1022       1143      0.0291       1039        1039      0.0100      0.6987
ALPHA 1.0349 MaxIteration 3469  TIMEOUT 0.031418
 31        966       1022       1143      0.0314       1039        1039      0.0000      0.7682
ALPHA 1.0349 MaxIteration 3589  TIMEOUT 0.030225
 32        966       1022       1143      0.0302       1039        1039      0.0100      0.8287
ALPHA 1.0349 MaxIteration 3714  TIMEOUT 0.032738
 33        966       1022       1143      0.0327       1039        1039      0.0000      0.8887
ALPHA 1.0349 MaxIteration 3843  TIMEOUT 0.034269
 34        966       1022       1143      0.0343       1039        1039      0.0000      0.9487
ALPHA 1.0349 MaxIteration 3976  TIMEOUT 0.033458
 35        966       1022       1143      0.0335       1039        1039      0.0000      1.0087
ALPHA 1.0349 MaxIteration 4114  TIMEOUT 0.038380
 36        966       1022       1143      0.0384       1039        1039      0.0100      1.0787
ALPHA 1.0349 MaxIteration 4257  TIMEOUT 0.039115
 37        966       1022       1143      0.0391       1039        1039      0.0100      1.1387
ALPHA 1.0349 MaxIteration 4405  TIMEOUT 0.035636
 38        966       1022       1143      0.0356       1039        1039      0.0000      1.2087
ALPHA 1.0349 MaxIteration 4558  TIMEOUT 0.038883
 39        966       1022       1143      0.0389       1039        1039      0.0100      1.2687
ALPHA 1.0349 MaxIteration 4716  TIMEOUT 0.039356
 40        966       1022       1143      0.0394       1039        1039      0.0100      1.3387
ALPHA 1.0349 MaxIteration 4880  TIMEOUT 0.039320
 41        966       1022       1143      0.0393       1039        1039      0.0100      1.4087
ALPHA 1.0349 MaxIteration 5050  TIMEOUT 0.042945
 42        966       1022       1143      0.0429       1039        1039      0.0000      1.4887
ALPHA 1.0349 MaxIteration 5226  TIMEOUT 0.042177
 43        966       1022       1143      0.0422       1039        1039      0.0000      1.5734
ALPHA 1.0349 MaxIteration 5408  TIMEOUT 0.044536
 44        966       1022       1143      0.0445       1039        1039      0.0100      1.6523
ALPHA 1.0349 MaxIteration 5596  TIMEOUT 0.048985
 45        966       1022       1143      0.0490       1039        1039      0.0000      1.7487
ALPHA 1.0349 MaxIteration 5791  TIMEOUT 0.050636
 46        966       1022       1143      0.0506       1039        1039      0.0000      1.8487
ALPHA 1.0349 MaxIteration 5992  TIMEOUT 0.052140
 47        966       1022       1143      0.0521       1039        1039      0.0000      1.9487
ALPHA 1.0349 MaxIteration 6200  TIMEOUT 0.055402
 48        966       1022       1143      0.0554       1039        1039      0.0000      2.0513
ALPHA 1.0349 MaxIteration 6416  TIMEOUT 0.051728
 49        966       1022       1143      0.0517       1039        1039      0.0000      2.1587
ALPHA 1.0349 MaxIteration 6639  TIMEOUT 0.059457
 50        966       1022       1143      0.0595       1039        1039      0.0100      2.2587
ALPHA 1.0349 MaxIteration 6870  TIMEOUT 0.065612
 51        966       1022       1143      0.0656       1039        1039      0.0000      2.3787
ALPHA 1.0349 MaxIteration 7109  TIMEOUT 0.065000
 52        966       1022       1143      0.0650       1039        1039      0.0000      2.4987
ALPHA 1.0349 MaxIteration 7356  TIMEOUT 0.064009
 53        966       1022       1143      0.0640       1039        1039      0.0000      2.6187
ALPHA 1.0349 MaxIteration 7612  TIMEOUT 0.071115
 54        966       1022       1143      0.0711       1039        1039      0.0000      2.7487
ALPHA 1.0349 MaxIteration 7877  TIMEOUT 0.076237
 55        966       1022       1143      0.0762       1039        1039      0.0000      2.8887
ALPHA 1.0349 MaxIteration 8151  TIMEOUT 0.068639
 56        966       1022       1143      0.0686       1039        1039      0.0000      3.0087
ALPHA 1.0349 MaxIteration 8435  TIMEOUT 0.076008
 57        966       1022       1143      0.0760       1039        1039      0.0000      3.1487
ALPHA 1.0349 MaxIteration 8729  TIMEOUT 0.083162
 58        966       1022       1143      0.0832       1039        1039      0.0100      3.3087
ALPHA 1.0349 MaxIteration 9033  TIMEOUT 0.085540
 59        966       1022       1143      0.0855       1039        1039      0.0000      3.4682
ALPHA 1.0349 MaxIteration 9347  TIMEOUT 0.080453
 60        966       1022       1143      0.0805       1039        1039      0.0100      3.6187
ALPHA 1.0349 MaxIteration 9672  TIMEOUT 0.079132
 61        966       1022       1143      0.0791       1039        1039      0.0100      3.7662
ALPHA 1.0349 MaxIteration 10009  TIMEOUT 0.085844
 62        966       1022       1143      0.0858       1039        1039      0.0000      3.9281
ALPHA 1.0349 MaxIteration 10357  TIMEOUT 0.087104
 63        966       1022       1143      0.0871       1039        1039      0.0000      4.0887
ALPHA 1.0349 MaxIteration 10718  TIMEOUT 0.093107
 64        966       1022       1143      0.0931       1039        1039      0.0000      4.2587
ALPHA 1.0349 MaxIteration 11091  TIMEOUT 0.096472
 65        966       1022       1143      0.0965       1039        1039      0.0000      4.4387
ALPHA 1.0349 MaxIteration 11477  TIMEOUT 0.089016
 66        966       1022       1143      0.0890       1039        1039      0.0100      4.5987
ALPHA 1.0349 MaxIteration 11877  TIMEOUT 0.099552
 67        966       1022       1143      0.0996       1039        1039      0.0100      4.7751
ALPHA 1.0349 MaxIteration 12291  TIMEOUT 0.102067
 68        966       1022       1143      0.1021       1039        1039      0.0100      4.9687
ALPHA 1.0349 MaxIteration 12719  TIMEOUT 0.106690
 69        966       1022       1143      0.1067       1039        1039      0.0000      5.1587
ALPHA 1.0349 MaxIteration 13162  TIMEOUT 0.106713
 70        966       1022       1143      0.1067       1039        1039      0.0000      5.3587
ALPHA 1.0349 MaxIteration 13620  TIMEOUT 0.120876
 71        966       1022       1143      0.1209       1039        1039      0.0000      5.5887
ALPHA 1.0349 MaxIteration 14094  TIMEOUT 0.119784
 72        966       1022       1143      0.1198       1039        1039      0.0100      5.8087
ALPHA 1.0349 MaxIteration 14585  TIMEOUT 0.124624
 73        966       1022       1143      0.1246       1039        1039      0.0000      6.0387
ALPHA 1.0349 MaxIteration 15093  TIMEOUT 0.125636
 74        966       1022       1143      0.1256       1039        1039      0.0000      6.2687
ALPHA 1.0349 MaxIteration 15619  TIMEOUT 0.134695
 75        966       1022       1143      0.1347       1039        1039      0.0000      6.5187
ALPHA 1.0349 MaxIteration 16163  TIMEOUT 0.133634
 76        966       1022       1143      0.1336       1039        1039      0.0000      6.7587
ALPHA 1.0349 MaxIteration 16726  TIMEOUT 0.143582
 77        966       1022       1143      0.1436       1039        1039      0.0000      7.0208
ALPHA 1.0349 MaxIteration 17309  TIMEOUT 0.147494
 78        966       1022       1143      0.1475       1039        1039      0.0100      7.2887
ALPHA 1.0349 MaxIteration 17912  TIMEOUT 0.149745
 79        966       1022       1143      0.1497       1039        1039      0.0100      7.5587
ALPHA 1.0349 MaxIteration 18536  TIMEOUT 0.151836
 80        966       1022       1143      0.1518       1039        1039      0.0000      7.8487
ALPHA 1.0349 MaxIteration 19182  TIMEOUT 0.161173
 81        966       1022       1143      0.1612       1039        1039      0.0000      8.1387
ALPHA 1.0349 MaxIteration 19850  TIMEOUT 0.165971
 82        966       1022       1143      0.1660       1039        1039      0.0000      8.4387
ALPHA 1.0349 MaxIteration 20541  TIMEOUT 0.166751
 83        966       1022       1143      0.1668       1039        1039      0.0000      8.7387
ALPHA 1.0349 MaxIteration 21257  TIMEOUT 0.183528
 84        966       1022       1143      0.1835       1039        1039      0.0000      9.0887
ALPHA 1.0349 MaxIteration 21997  TIMEOUT 0.190014
 85        966       1022       1143      0.1900       1039        1039      0.0000      9.4406
ALPHA 1.0349 MaxIteration 22763  TIMEOUT 0.194183
 86        966       1022       1143      0.1942       1039        1039      0.0000      9.7987
ALPHA 1.0349 MaxIteration 23556  TIMEOUT 0.197593
 87        966       1022       1143      0.1976       1039        1039      0.0000     10.1587
ALPHA 1.0349 MaxIteration 24377  TIMEOUT 0.204200
 88        966       1022       1143      0.2042       1039        1039      0.0000     10.5387
ALPHA 1.0349 MaxIteration 25226  TIMEOUT 0.226282
 89        966       1022       1143      0.2263       1039        1039      0.0000     10.9487
ALPHA 1.0349 MaxIteration 26105  TIMEOUT 0.225872
 90        966       1022       1143      0.2259       1039        1039      0.0000     11.3587
ALPHA 1.0349 MaxIteration 27014  TIMEOUT 0.225187
 91        966       1022       1143      0.2252       1039        1039      0.0000     11.7664
ALPHA 1.0349 MaxIteration 27955  TIMEOUT 0.230832
 92        966       1022       1143      0.2308       1039        1039      0.0000     12.1887
ALPHA 1.0349 MaxIteration 28929  TIMEOUT 0.251763
 93        966       1022       1143      0.2518       1039        1039      0.0000     12.6587
ALPHA 1.0349 MaxIteration 29937  TIMEOUT 0.258505
 94        966       1022       1143      0.2585       1039        1039      0.0100     13.1387
ALPHA 1.0349 MaxIteration 30980  TIMEOUT 0.261554
 95        966       1022       1143      0.2616       1039        1039      0.0000     13.6187
ALPHA 1.0349 MaxIteration 32059  TIMEOUT 0.271499
 96        966       1022       1143      0.2715       1039        1039      0.0000     14.1212
ALPHA 1.0349 MaxIteration 33176  TIMEOUT 0.281071
 97        966       1022       1143      0.2811       1039        1039      0.0000     14.6487
ALPHA 1.0349 MaxIteration 34332  TIMEOUT 0.282202
 98        966       1022       1143      0.2822       1039        1039      0.0000     15.1787
ALPHA 1.0349 MaxIteration 35528  TIMEOUT 0.286707
 99        966       1022       1143      0.2867       1039        1039      0.0000     15.6980
ALPHA 1.0349 MaxIteration 36766  TIMEOUT 0.315070
100        966       1022       1143      0.3151       1039        1039      0.0000     16.2787
ALPHA 1.0349 MaxIteration 38047  TIMEOUT 0.320375
101        966       1022       1143      0.3204       1039        1039      0.0000     16.8787
ALPHA 1.0349 MaxIteration 39373  TIMEOUT 0.331361
102        966       1022       1143      0.3314       1039        1039      0.0000     17.4887
ALPHA 1.0349 MaxIteration 40745  TIMEOUT 0.346219
103        966       1022       1143      0.3462       1039        1039      0.0000     18.1087
ALPHA 1.0349 MaxIteration 42165  TIMEOUT 0.345741
104        966       1022       1143      0.3457       1039        1039      0.0000     18.7387
ALPHA 1.0349 MaxIteration 43634  TIMEOUT 0.378161
105        966       1022       1143      0.3782       1039        1039      0.0100     19.4366
ALPHA 1.0349 MaxIteration 45155  TIMEOUT 0.383511
106        966       1022       1143      0.3835       1039        1039      0.0000     19.9687
ALPHA 1.0349 MaxIteration 46729  TIMEOUT 0.031305
107        966       1022       1143      0.0313>>> T1_100_100_2.wclq |V| 100 |E| 100  (#LB 0.0000 1022 ---> 1022  0.0166  1039 <--- 1059  0.0189 #UB)  #solve_ime 20.0000 read_time 0.0013 
