>>IBM: |V|=150 |E|=2000
>>IBM: The maximum node weight is 1235
/public/home/acs4vb4pqv/benchmarks/MWDS2026/T2_wclq/T2_150_2000_1.wclq #seed 1 #alpha 1.900 #timeout 0.100 K=5 RHO=0.05 Q0=0.90 BETA=3.5 AQ_MODE=dbs SAFE_AQ_MIN_GAP=0.050 SAFE_AQ_MIN_NODES=800 AQ_SLOPE_MARGIN=1.05 AQ_MAX_UB_DRIFT=0.25
[v19] |V|=150 |E|=2000 density=13.33 USE_ADVANCED=0
#Rd        #LB        #LB*       #UB       #Time        #UB+        #UB*      #Time      #TotalTime
First Gap  0.188867
ALPHA 1.9000 MaxIteration 500  TIMEOUT 0.042639
  1        503        503        598      0.0426        598         598      0.0000      0.0875
ALPHA 1.9000 MaxIteration 3  TIMEOUT 0.000400
  2        488        503        704      0.0004        598         598      0.0000      0.0975
ALPHA 1.8304 MaxIteration 5  TIMEOUT 0.000809
  3        477        503        621      0.0008        598         598      0.0000      0.1075
ALPHA 1.7658 MaxIteration 9  TIMEOUT 0.001313
  4        467        503        601      0.0013        598         598      0.0000      0.1175
ALPHA 1.7056 MaxIteration 15  TIMEOUT 0.001301
  5        454        503        598      0.0013        598         598      0.0000      0.1275
ALPHA 1.6493 MaxIteration 25  TIMEOUT 0.003296
  6        473        503        598      0.0033        598         598      0.0000      0.1375
ALPHA 1.5966 MaxIteration 41  TIMEOUT 0.009961
  7        470        503        598      0.0100        598         598      0.0000      0.1575
ALPHA 1.5472 MaxIteration 65  TIMEOUT 0.006169
  8        469        503        598      0.0062        598         598      0.0000      0.1675
ALPHA 1.5008 MaxIteration 100  TIMEOUT 0.009315
  9        469        503        598      0.0093        598         598      0.0000      0.1775
ALPHA 1.4571 MaxIteration 150  TIMEOUT 0.022696
 10        482        503        598      0.0227        598         598      0.0000      0.2275
ALPHA 1.4158 MaxIteration 218  TIMEOUT 0.017627
 11        481        503        598      0.0176        598         598      0.0000      0.2575
ALPHA 1.3768 MaxIteration 308  TIMEOUT 0.043159
 12        476        503        598      0.0432        598         598      0.0000      0.3475
ALPHA 1.3399 MaxIteration 424  TIMEOUT 0.047986
 13        476        503        598      0.0480        598         598      0.0000      0.4375
ALPHA 1.3049 MaxIteration 568  TIMEOUT 0.077460
 14        476        503        598      0.0775        598         598      0.0000      0.5875
ALPHA 1.2718 MaxIteration 741  TIMEOUT 0.092766
 15        476        503        598      0.0928        598         598      0.0000      0.7775
ALPHA 1.2402 MaxIteration 942  TIMEOUT 0.116669
 16        476        503        598      0.1167        598         598      0.0000      1.0075
ALPHA 1.2102 MaxIteration 1168  TIMEOUT 0.167185
 17        482        503        598      0.1672        598         598      0.0000      1.3275
ALPHA 1.1816 MaxIteration 1413  TIMEOUT 0.199473
 18        482        503        598      0.1995        598         598      0.0000      1.7175
ALPHA 1.1543 MaxIteration 1669  TIMEOUT 0.214656
 19        482        503        598      0.2147        598         598      0.0000      2.1475
ALPHA 1.1283 MaxIteration 1926  TIMEOUT 0.244430
 20        482        503        598      0.2444        598         598      0.0000      2.6275
ALPHA 1.1034 MaxIteration 2173  TIMEOUT 0.273266
 21        482        503        598      0.2733        598         598      0.0000      3.1775
ALPHA 1.0795 MaxIteration 2397  TIMEOUT 0.429064
 22        496        503        598      0.4291        598         598      0.0000      4.0175
ALPHA 1.0567 MaxIteration 2587  TIMEOUT 0.382355
 23        487        503        598      0.3824        598         598      0.0000      4.7775
ALPHA 1.0349 MaxIteration 2733  TIMEOUT 0.375893
 24        486        503        598      0.3759        598         598      0.0000      5.5175
ALPHA 1.0349 MaxIteration 2828  TIMEOUT 0.423792
 25        482        503        598      0.4238        598         598      0.0000      6.3575
ALPHA 1.0349 MaxIteration 2926  TIMEOUT 0.385199
 26        476        503        598      0.3852        598         598      0.0000      7.1275
ALPHA 1.0349 MaxIteration 3027  TIMEOUT 0.213266
 27        464        503        598      0.2133        598         598      0.0000      7.5475
ALPHA 1.0349 MaxIteration 3132  TIMEOUT 0.373077
 28        482        503        598      0.3731        598         598      0.0000      8.2875
ALPHA 1.0349 MaxIteration 3241  TIMEOUT 0.395730
 29        479        503        598      0.3957        598         598      0.0000      9.0675
ALPHA 1.0349 MaxIteration 3353  TIMEOUT 0.429277
 30        482        503        598      0.4293        598         598      0.0000      9.9075
ALPHA 1.0349 MaxIteration 3469  TIMEOUT 0.442690
 31        476        503        598      0.4427        598         598      0.0000     10.7875
ALPHA 1.0349 MaxIteration 3589  TIMEOUT 0.562625
 32        482        503        598      0.5626        598         598      0.0000     11.9075
ALPHA 1.0349 MaxIteration 3714  TIMEOUT 0.466436
 33        484        503        598      0.4664        598         598      0.0000     12.8275
ALPHA 1.0349 MaxIteration 3843  TIMEOUT 0.476146
 34        476        503        598      0.4761        598         598      0.0000     13.7575
ALPHA 1.0349 MaxIteration 3976  TIMEOUT 0.499015
 35        476        503        598      0.4990        598         598      0.0000     14.7375
ALPHA 1.0349 MaxIteration 4114  TIMEOUT 0.681003
 36        482        503        598      0.6810        598         598      0.0000     16.0875
ALPHA 1.0349 MaxIteration 4257  TIMEOUT 0.554694
 37        482        503        598      0.5547        598         598      0.0000     17.1875
ALPHA 1.0349 MaxIteration 4405  TIMEOUT 0.558916
 38        482        503        598      0.5589        598         598      0.0000     18.2775
ALPHA 1.0349 MaxIteration 4558  TIMEOUT 0.604661
 39        482        503        598      0.6047        598         598      0.0000     19.4675
ALPHA 1.0349 MaxIteration 4716  TIMEOUT 0.532508
 40        478        503        598      0.5325>>> T2_150_2000_1.wclq |V| 150 |E| 2000  (#LB 0.0000 503 ---> 503  0.1889  598 <--- 598  0.0000 #UB)  #solve_ime 20.0000 read_time 0.0025 
