With  Parameters CUTOFF 20 SEED 1  ALPHA = 1.900  K=5 RHO=0.05 Q0=0.90 BETA=3.0 AQ_MODE=dbs
Reading  graph ...  time 0.028726  
Reducing graph ...  time 0.000046  
[v6] |V|=100 |E|=100 density=1.00 USE_ADVANCED=0 SAFE_AQ_MIN_GAP=0.050 DEEP_AQ_RANGE=[800, 5.00, 10.00] structure_blocks_aq=1 AQ_SLOPE_MARGIN=1.15 AQ_MAX_UB_DRIFT=0.20
#Rd        #LB        #LB*       #UB       #Time        #UB+        #UB*      #Time      #TotalTime
First Gap  0.032132
  1       1027       1027       1060      0.0173
 Switch to DBS-only search, timeout 0.017342....
 [Online-safe AQ structure guard] |V|=100 density=1.00 outside [800, 5.00, 10.00], disabling AQ
 [Online-safe AQ first-gap guard] FIRST_GAP 0.0321 < 0.0500, disabling AQ
       1039        1039      0.0016        0.0348
ALPHA 1.9000 MaxIteration 3  TIMEOUT 0.017342
  2       1025       1027       1077      0.0001       1092        1039      0.0000        0.0349
ALPHA 1.8304 MaxIteration 5  TIMEOUT 0.000104
  3       1021       1027       1099      0.0001       1090        1039      0.0000        0.0351
ALPHA 1.7658 MaxIteration 9  TIMEOUT 0.000124
  4       1021       1027       1099      0.0001       1070        1039      0.0001        0.0354
ALPHA 1.7056 MaxIteration 15  TIMEOUT 0.000228
  5       1021       1027       1099      0.0001       1092        1039      0.0000        0.0357
ALPHA 1.6493 MaxIteration 25  TIMEOUT 0.000242
  6       1021       1027       1098      0.0003       1062        1039      0.0002        0.0362
ALPHA 1.5966 MaxIteration 41  TIMEOUT 0.000414
  7       1021       1027       1098      0.0004       1057        1039      0.0003        0.0371
ALPHA 1.5472 MaxIteration 65  TIMEOUT 0.000701
  8       1021       1027       1098      0.0006       1047        1039      0.0003        0.0384
ALPHA 1.5008 MaxIteration 100  TIMEOUT 0.000998
  9       1021       1027       1098      0.0010       1043        1039      0.0004        0.0403
ALPHA 1.4571 MaxIteration 150  TIMEOUT 0.001462
 10       1021       1027       1098      0.0015       1039        1039      0.0013        0.0433
ALPHA 1.4158 MaxIteration 218  TIMEOUT 0.002145
 11       1023       1027       1065      0.0022       1043        1039      0.0004        0.0476
ALPHA 1.3768 MaxIteration 308  TIMEOUT 0.003045
 12       1027       1027       1064      0.0030       1043        1039      0.0002        0.0540
ALPHA 1.3399 MaxIteration 424  TIMEOUT 0.004198
 13       1031       1031       1064      0.0042       1043        1039      0.0006        0.0701
ALPHA 1.3049 MaxIteration 568  TIMEOUT 0.005636
 14       1031       1031       1072      0.0056       1039        1039      0.0045        0.0814
ALPHA 1.2718 MaxIteration 741  TIMEOUT 0.007365
 15       1031       1031       1072      0.0063       1043        1039      0.0008        0.0951
ALPHA 1.2402 MaxIteration 942  TIMEOUT 0.007998
 16       1031       1031       1072      0.0080       1043        1039      0.0008        0.1112
ALPHA 1.2102 MaxIteration 1168  TIMEOUT 0.009925
 17       1031       1031       1072      0.0099       1039        1039      0.0038        0.1320
ALPHA 1.1816 MaxIteration 1413  TIMEOUT 0.012020
 18       1031       1031       1072      0.0120       1043        1039      0.0013        0.1572
ALPHA 1.1543 MaxIteration 1669  TIMEOUT 0.014220
 19       1031       1031       1072      0.0142       1039        1039      0.0141        0.1857
ALPHA 1.1283 MaxIteration 1926  TIMEOUT 0.016418
 20       1032       1032       1072      0.0164       1039        1039      0.0065        0.2207
ALPHA 1.1034 MaxIteration 2173  TIMEOUT 0.018530
 21       1032       1032       1071      0.0185       1039        1039      0.0144        0.2589
ALPHA 1.0795 MaxIteration 2397  TIMEOUT 0.020450
 22       1032       1032       1071      0.0205       1039        1039      0.0105        0.2999
ALPHA 1.0567 MaxIteration 2587  TIMEOUT 0.022083
 23       1032       1032       1071      0.0221       1039        1039      0.0220        0.3452
ALPHA 1.0349 MaxIteration 2733  TIMEOUT 0.023347
 24       1032       1032       1071      0.0234       1039        1039      0.0048        0.3930
ALPHA 1.0349 MaxIteration 2828  TIMEOUT 0.024165
 25       1032       1032       1071      0.0242       1039        1039      0.0193        0.4445
ALPHA 1.0349 MaxIteration 2926  TIMEOUT 0.025017
 26       1032       1032       1071      0.0250       1039        1039      0.0037        0.4956
ALPHA 1.0349 MaxIteration 3027  TIMEOUT 0.025892
 27       1032       1032       1071      0.0259       1039        1039      0.0036        0.5484
ALPHA 1.0349 MaxIteration 3132  TIMEOUT 0.026800
 28       1032       1032       1071      0.0268       1039        1039      0.0021        0.6070
ALPHA 1.0349 MaxIteration 3241  TIMEOUT 0.027747
 29       1032       1032       1071      0.0278       1039        1039      0.0066        0.6646
ALPHA 1.0349 MaxIteration 3353  TIMEOUT 0.028722
 30       1032       1032       1071      0.0287       1039        1039      0.0037        0.7250
ALPHA 1.0349 MaxIteration 3469  TIMEOUT 0.029730
 31       1032       1032       1071      0.0297       1039        1039      0.0117        0.7859
ALPHA 1.0349 MaxIteration 3589  TIMEOUT 0.030780
 32       1032       1032       1071      0.0308       1039        1039      0.0048        0.8505
ALPHA 1.0349 MaxIteration 3714  TIMEOUT 0.031854
 33       1032       1032       1071      0.0319       1043        1039      0.0015        0.9163
ALPHA 1.0349 MaxIteration 3843  TIMEOUT 0.032972
 34       1032       1032       1071      0.0330       1039        1039      0.0287        0.9865
ALPHA 1.0349 MaxIteration 3976  TIMEOUT 0.034122
 35       1032       1032       1071      0.0341       1039        1039      0.0008        1.0568
ALPHA 1.0349 MaxIteration 4114  TIMEOUT 0.035316
 36       1032       1032       1071      0.0353       1043        1039      0.0011        1.1295
ALPHA 1.0349 MaxIteration 4257  TIMEOUT 0.036550
 37       1032       1032       1071      0.0366       1039        1039      0.0119        1.2419
ALPHA 1.0349 MaxIteration 4405  TIMEOUT 0.037831
 38       1032       1032       1071      0.0378       1039        1039      0.0169        1.3177
ALPHA 1.0349 MaxIteration 4558  TIMEOUT 0.039159
 39       1032       1032       1071      0.0392       1039        1039      0.0142        1.4022
ALPHA 1.0349 MaxIteration 4716  TIMEOUT 0.040533
 40       1032       1032       1071      0.0405       1039        1039      0.0015        1.4873
ALPHA 1.0349 MaxIteration 4880  TIMEOUT 0.041958
 41       1032       1032       1071      0.0420       1039        1039      0.0010        1.5743
ALPHA 1.0349 MaxIteration 5050  TIMEOUT 0.043432
 42       1032       1032       1071      0.0434       1039        1039      0.0188        1.6633
ALPHA 1.0349 MaxIteration 5226  TIMEOUT 0.044958
 43       1032       1032       1071      0.0450       1039        1039      0.0104        1.7553
ALPHA 1.0349 MaxIteration 5408  TIMEOUT 0.046529
 44       1032       1032       1071      0.0465       1039        1039      0.0056        1.8504
ALPHA 1.0349 MaxIteration 5596  TIMEOUT 0.048155
 45       1032       1032       1071      0.0482       1039        1039      0.0143        1.9478
ALPHA 1.0349 MaxIteration 5791  TIMEOUT 0.049839
 46       1032       1032       1071      0.0498       1039        1039      0.0014        2.0486
ALPHA 1.0349 MaxIteration 5992  TIMEOUT 0.051581
 47       1032       1032       1071      0.0516       1039        1039      0.0153        2.1558
ALPHA 1.0349 MaxIteration 6200  TIMEOUT 0.053383
 48       1032       1032       1071      0.0534       1039        1039      0.0033        2.2657
ALPHA 1.0349 MaxIteration 6416  TIMEOUT 0.055250
 49       1032       1032       1071      0.0553       1039        1039      0.0213        2.3784
ALPHA 1.0349 MaxIteration 6639  TIMEOUT 0.057187
 50       1032       1032       1071      0.0572       1039        1039      0.0032        2.4978
ALPHA 1.0349 MaxIteration 6870  TIMEOUT 0.059191
 51       1032       1032       1071      0.0592       1039        1039      0.0048        2.6183
ALPHA 1.0349 MaxIteration 7109  TIMEOUT 0.061262
 52       1032       1032       1071      0.0613       1039        1039      0.0081        2.7469
ALPHA 1.0349 MaxIteration 7356  TIMEOUT 0.063408
 53       1032       1032       1071      0.0634       1039        1039      0.0083        2.8779
ALPHA 1.0349 MaxIteration 7612  TIMEOUT 0.065629
 54       1032       1032       1071      0.0656       1039        1039      0.0157        3.0133
ALPHA 1.0349 MaxIteration 7877  TIMEOUT 0.067926
 55       1032       1032       1071      0.0679       1039        1039      0.0078        3.1502
ALPHA 1.0349 MaxIteration 8151  TIMEOUT 0.070303
 56       1032       1032       1071      0.0703       1039        1039      0.0039        3.2929
ALPHA 1.0349 MaxIteration 8435  TIMEOUT 0.072761
 57       1032       1032       1071      0.0728       1039        1039      0.0347        3.4396
ALPHA 1.0349 MaxIteration 8729  TIMEOUT 0.075306
 58       1032       1032       1071      0.0753       1039        1039      0.0088        3.5902
ALPHA 1.0349 MaxIteration 9033  TIMEOUT 0.077937
 59       1032       1032       1071      0.0779       1039        1039      0.0020        3.7492
ALPHA 1.0349 MaxIteration 9347  TIMEOUT 0.080661
 60       1032       1032       1071      0.0807       1039        1039      0.0005        3.9156
ALPHA 1.0349 MaxIteration 9672  TIMEOUT 0.083476
 61       1032       1032       1071      0.0835       1039        1039      0.0029        4.0856
ALPHA 1.0349 MaxIteration 10009  TIMEOUT 0.086395
 62       1032       1032       1071      0.0864       1039        1039      0.0110        4.2634
ALPHA 1.0349 MaxIteration 10357  TIMEOUT 0.089417
 63       1032       1032       1071      0.0894       1039        1039      0.0135        4.4503
ALPHA 1.0349 MaxIteration 10718  TIMEOUT 0.092544
 64       1032       1032       1071      0.0925       1039        1039      0.0146        4.6395
ALPHA 1.0349 MaxIteration 11091  TIMEOUT 0.095773
 65       1032       1032       1071      0.0958       1039        1039      0.0004        4.8371
ALPHA 1.0349 MaxIteration 11477  TIMEOUT 0.099124
 66       1032       1032       1071      0.0991       1039        1039      0.0092        5.0424
ALPHA 1.0349 MaxIteration 11877  TIMEOUT 0.102583
 67       1032       1032       1071      0.1026       1039        1039      0.0298        5.2506
ALPHA 1.0349 MaxIteration 12291  TIMEOUT 0.106163
 68       1032       1032       1071      0.1062       1039        1039      0.0087        5.4671
ALPHA 1.0349 MaxIteration 12719  TIMEOUT 0.109867
 69       1032       1032       1071      0.1099       1039        1039      0.0100        5.6959
ALPHA 1.0349 MaxIteration 13162  TIMEOUT 0.113703
 70       1032       1032       1071      0.1137       1039        1039      0.0009        5.9264
ALPHA 1.0349 MaxIteration 13620  TIMEOUT 0.117670
 71       1032       1032       1071      0.1177       1039        1039      0.0013        6.1638
ALPHA 1.0349 MaxIteration 14094  TIMEOUT 0.121783
 72       1032       1032       1071      0.1218       1039        1039      0.0046        6.4106
ALPHA 1.0349 MaxIteration 14585  TIMEOUT 0.126040
 73       1032       1032       1071      0.1261       1039        1039      0.0075        6.6687
ALPHA 1.0349 MaxIteration 15093  TIMEOUT 0.130446
 74       1032       1032       1071      0.1304       1039        1039      0.0086        6.9387
ALPHA 1.0349 MaxIteration 15619  TIMEOUT 0.134996
 75       1032       1032       1071      0.1350       1039        1039      0.0027        7.2119
ALPHA 1.0349 MaxIteration 16163  TIMEOUT 0.139712
 76       1032       1032       1071      0.1397       1039        1039      0.0005        7.4974
ALPHA 1.0349 MaxIteration 16726  TIMEOUT 0.144588
 77       1032       1032       1071      0.1446       1039        1039      0.0079        7.7906
ALPHA 1.0349 MaxIteration 17309  TIMEOUT 0.149631
 78       1032       1032       1071      0.1496       1039        1039      0.0088        8.0921
ALPHA 1.0349 MaxIteration 17912  TIMEOUT 0.154852
 79       1032       1032       1071      0.1549       1039        1039      0.0004        8.4109
ALPHA 1.0349 MaxIteration 18536  TIMEOUT 0.160257
 80       1032       1032       1071      0.1603       1039        1039      0.0013        8.7366
ALPHA 1.0349 MaxIteration 19182  TIMEOUT 0.165855
 81       1032       1032       1071      0.1659       1039        1039      0.0042        9.0753
ALPHA 1.0349 MaxIteration 19850  TIMEOUT 0.171641
 82       1032       1032       1071      0.1716       1039        1039      0.0318        9.4277
ALPHA 1.0349 MaxIteration 20541  TIMEOUT 0.177630
 83       1032       1032       1071      0.1776       1039        1039      0.0051        9.7981
ALPHA 1.0349 MaxIteration 21257  TIMEOUT 0.183831
 84       1032       1032       1071      0.1838       1039        1039      0.0014       10.1699
ALPHA 1.0349 MaxIteration 21997  TIMEOUT 0.190248
 85       1032       1032       1071      0.1903       1039        1039      0.0505       10.5576
ALPHA 1.0349 MaxIteration 22763  TIMEOUT 0.196887
 86       1032       1032       1071      0.1969       1039        1039      0.0027       10.9606
ALPHA 1.0349 MaxIteration 23556  TIMEOUT 0.203765
 87       1032       1032       1071      0.2038       1039        1039      0.0033       11.3812
ALPHA 1.0349 MaxIteration 24377  TIMEOUT 0.210879
 88       1032       1032       1071      0.2109       1039        1039      0.0097       11.8140
ALPHA 1.0349 MaxIteration 25226  TIMEOUT 0.218241
 89       1032       1032       1071      0.2182       1039        1039      0.0105       12.2556
ALPHA 1.0349 MaxIteration 26105  TIMEOUT 0.225858
 90       1032       1032       1071      0.2259       1039        1039      0.0211       12.7145
ALPHA 1.0349 MaxIteration 27014  TIMEOUT 0.233741
 91       1032       1032       1071      0.2337       1039        1039      0.0009       13.1931
ALPHA 1.0349 MaxIteration 27955  TIMEOUT 0.241892
 92       1032       1032       1071      0.2419       1039        1039      0.0305       20.0000
>>> T1_100_100_2.wclq |V| 100 |E| 100  (#LB 0.0049 1027 ---> 1032  0.0067  1039 <--- 1060  0.0198 #UB)  #read_time 0.0287  #reduce_time 0.0000  #solve_time 20.0000  #total_time 20.0288
 