With  Parameters CUTOFF 20 SEED 2  ALPHA = 1.900  K=5 RHO=0.05 Q0=0.90 BETA=3.0 AQ_MODE=guarded
Reading  graph ...  time 0.000850  
Reducing graph ...  time 0.000049  
[v6] |V|=150 |E|=2000 density=13.33 USE_ADVANCED=0 SAFE_AQ_MIN_GAP=0.050 DEEP_AQ_RANGE=[800, 5.00, 10.00] structure_blocks_aq=1 AQ_SLOPE_MARGIN=1.15 AQ_MAX_UB_DRIFT=0.20
#Rd        #LB        #LB*       #UB       #Time        #UB+        #UB*      #Time      #TotalTime
First Gap  0.188867
  1        503        503        598      0.0448
 Switch to DBS-only search, timeout 0.044760....
 [Online-safe AQ structure guard] |V|=150 density=13.33 outside [800, 5.00, 10.00], disabling AQ
        598         598      0.0006        0.1648
ALPHA 1.9000 MaxIteration 3  TIMEOUT 0.044760
  2        492        503        672      0.0003        601         598      0.0003        0.1655
ALPHA 1.8304 MaxIteration 5  TIMEOUT 0.000661
  3        499        503        649      0.0007        598         598      0.0004        0.1669
ALPHA 1.7658 MaxIteration 9  TIMEOUT 0.001312
  4        501        503        671      0.0009        598         598      0.0004        0.1688
ALPHA 1.7056 MaxIteration 15  TIMEOUT 0.001609
  5        495        503        671      0.0017        598         598      0.0008        0.1721
ALPHA 1.6493 MaxIteration 25  TIMEOUT 0.002860
  6        494        503        646      0.0026        598         598      0.0004        0.1774
ALPHA 1.5966 MaxIteration 41  TIMEOUT 0.004338
  7        494        503        646      0.0036        598         598      0.0005        0.1846
ALPHA 1.5472 MaxIteration 65  TIMEOUT 0.005737
  8        494        503        646      0.0053        598         598      0.0004        0.1952
ALPHA 1.5008 MaxIteration 100  TIMEOUT 0.008211
  9        494        503        646      0.0077        598         598      0.0003        0.2107
ALPHA 1.4571 MaxIteration 150  TIMEOUT 0.011558
 10        494        503        646      0.0112        598         598      0.0004        0.2331
ALPHA 1.4158 MaxIteration 218  TIMEOUT 0.016315
 11        494        503        646      0.0157        598         598      0.0003        0.2646
ALPHA 1.3768 MaxIteration 308  TIMEOUT 0.022295
 12        497        503        646      0.0223        598         598      0.0003        0.3103
ALPHA 1.3399 MaxIteration 424  TIMEOUT 0.030758
 13        497        503        646      0.0308        598         598      0.0006        0.3718
ALPHA 1.3049 MaxIteration 568  TIMEOUT 0.041228
 14        497        503        632      0.0413        598         598      0.0003        0.4544
ALPHA 1.2718 MaxIteration 741  TIMEOUT 0.053854
 15        497        503        632      0.0539        598         598      0.0004        0.5632
ALPHA 1.2402 MaxIteration 942  TIMEOUT 0.068548
 16        497        503        632      0.0686        598         598      0.0004        0.7014
ALPHA 1.2102 MaxIteration 1168  TIMEOUT 0.085058
 17        497        503        632      0.0851        598         598      0.0008        0.8726
ALPHA 1.1816 MaxIteration 1413  TIMEOUT 0.102990
 18        497        503        632      0.1016        598         598      0.0005        1.0850
ALPHA 1.1543 MaxIteration 1669  TIMEOUT 0.120008
 19        498        503        632      0.1201        598         598      0.0003        1.3252
ALPHA 1.1283 MaxIteration 1926  TIMEOUT 0.138590
 20        498        503        632      0.1386        598         598      0.0003        1.6054
ALPHA 1.1034 MaxIteration 2173  TIMEOUT 0.156383
 21        501        503        632      0.1564        598         598      0.0003        1.9213
ALPHA 1.0795 MaxIteration 2397  TIMEOUT 0.172591
 22        501        503        632      0.1726        598         598      0.0003        2.2677
ALPHA 1.0567 MaxIteration 2587  TIMEOUT 0.186357
 23        501        503        632      0.1864        598         598      0.0003        2.6434
ALPHA 1.0349 MaxIteration 2733  TIMEOUT 0.196939
 24        501        503        632      0.1970        598         598      0.0003        3.0385
ALPHA 1.0349 MaxIteration 2828  TIMEOUT 0.203856
 25        501        503        632      0.2039        598         598      0.0005        3.4496
ALPHA 1.0349 MaxIteration 2926  TIMEOUT 0.211011
 26        501        503        632      0.2111        598         598      0.0007        3.8738
ALPHA 1.0349 MaxIteration 3027  TIMEOUT 0.218410
 27        501        503        632      0.2185        598         598      0.0012        4.3128
ALPHA 1.0349 MaxIteration 3132  TIMEOUT 0.226088
 28        501        503        632      0.2261        598         598      0.2036        4.7652
ALPHA 1.0349 MaxIteration 3241  TIMEOUT 0.234020
 29        501        503        632      0.2341        598         598      0.0006        5.2365
ALPHA 1.0349 MaxIteration 3353  TIMEOUT 0.242243
 30        501        503        632      0.2423        598         598      0.0004        5.7221
ALPHA 1.0349 MaxIteration 3469  TIMEOUT 0.250743
 31        501        503        632      0.2508        598         598      0.0006        6.2257
ALPHA 1.0349 MaxIteration 3589  TIMEOUT 0.259494
 32        501        503        632      0.2595        598         598      0.0005        6.7468
ALPHA 1.0349 MaxIteration 3714  TIMEOUT 0.268563
 33        501        503        632      0.2686        598         598      0.0004        7.2861
ALPHA 1.0349 MaxIteration 3843  TIMEOUT 0.277952
 34        501        503        632      0.2780        601         598      0.0002        7.8451
ALPHA 1.0349 MaxIteration 3976  TIMEOUT 0.287668
 35        503        503        635      0.2797        598         598      0.0003        8.4076
ALPHA 1.0349 MaxIteration 4114  TIMEOUT 0.289448
 36        503        503        635      0.2185        598         598      0.0003        8.8486
ALPHA 1.0349 MaxIteration 4257  TIMEOUT 0.226066
 37        503        503        635      0.2261        598         598      0.0008        9.3058
ALPHA 1.0349 MaxIteration 4405  TIMEOUT 0.233948
 38        503        503        635      0.2340        598         598      0.0003        9.7749
ALPHA 1.0349 MaxIteration 4558  TIMEOUT 0.242167
 39        503        503        635      0.2422        598         598      0.0003       10.2625
ALPHA 1.0349 MaxIteration 4716  TIMEOUT 0.250647
 40        503        503        635      0.2507        598         598      0.0003       10.7659
ALPHA 1.0349 MaxIteration 4880  TIMEOUT 0.259406
 41        503        503        635      0.2594        598         598      0.0004       11.2878
ALPHA 1.0349 MaxIteration 5050  TIMEOUT 0.268464
 42        503        503        635      0.2685        598         598      0.0007       11.8259
ALPHA 1.0349 MaxIteration 5226  TIMEOUT 0.277879
 43        503        503        635      0.2779        598         598      0.0006       12.3839
ALPHA 1.0349 MaxIteration 5408  TIMEOUT 0.287602
 44        503        503        635      0.2876        598         598      0.0004       12.9662
ALPHA 1.0349 MaxIteration 5596  TIMEOUT 0.297639
 45        503        503        635      0.2977        598         598      0.0003       13.5676
ALPHA 1.0349 MaxIteration 5791  TIMEOUT 0.308065
 46        503        503        635      0.3081        598         598      0.0003       19.9998
>>> T2_150_2000_1.wclq |V| 150 |E| 2000  (#LB 0.0000 503 ---> 503  0.1589  598 <--- 598  0.0000 #UB)  #read_time 0.0008  #reduce_time 0.0000  #solve_time 19.9998  #total_time 20.0007
 