>>IBM: |V|=150 |E|=2000
>>IBM: The maximum node weight is 1235
/public/home/acs4vb4pqv/benchmarks/MWDS2026/T2_wclq/T2_150_2000_1.wclq #seed 102 #alpha 1.900 #timeout 0.100 K=5 RHO=0.05 Q0=0.90 BETA=3.5 AQ_MODE=dbs SAFE_AQ_MIN_GAP=0.050 SAFE_AQ_MIN_NODES=800 AQ_SLOPE_MARGIN=1.05 AQ_MAX_UB_DRIFT=0.25
[v19] |V|=150 |E|=2000 density=13.33 USE_ADVANCED=0
#Rd        #LB        #LB*       #UB       #Time        #UB+        #UB*      #Time      #TotalTime
First Gap  0.188867
ALPHA 1.9000 MaxIteration 500  TIMEOUT 0.043084
  1        503        503        598      0.0431        598         598      0.0000      0.0881
ALPHA 1.9000 MaxIteration 3  TIMEOUT 0.000354
  2        488        503        704      0.0004        598         598      0.0000      0.0981
ALPHA 1.8304 MaxIteration 5  TIMEOUT 0.000756
  3        477        503        621      0.0008        598         598      0.0000      0.1081
ALPHA 1.7658 MaxIteration 9  TIMEOUT 0.001278
  4        467        503        601      0.0013        598         598      0.0000      0.1181
ALPHA 1.7056 MaxIteration 15  TIMEOUT 0.001193
  5        454        503        598      0.0012        598         598      0.0000      0.1281
ALPHA 1.6493 MaxIteration 25  TIMEOUT 0.003155
  6        473        503        598      0.0032        598         598      0.0000      0.1381
ALPHA 1.5966 MaxIteration 41  TIMEOUT 0.009895
  7        470        503        598      0.0099        598         598      0.0000      0.1481
ALPHA 1.5472 MaxIteration 65  TIMEOUT 0.006130
  8        469        503        598      0.0061        598         598      0.0000      0.1581
ALPHA 1.5008 MaxIteration 100  TIMEOUT 0.009064
  9        469        503        598      0.0091        598         598      0.0000      0.1681
ALPHA 1.4571 MaxIteration 150  TIMEOUT 0.022725
 10        482        503        598      0.0227        598         598      0.0000      0.2181
ALPHA 1.4158 MaxIteration 218  TIMEOUT 0.017780
 11        481        503        598      0.0178        598         598      0.0000      0.2481
ALPHA 1.3768 MaxIteration 308  TIMEOUT 0.041570
 12        476        503        598      0.0416        598         598      0.0000      0.3381
ALPHA 1.3399 MaxIteration 424  TIMEOUT 0.047726
 13        476        503        598      0.0477        598         598      0.0000      0.4281
ALPHA 1.3049 MaxIteration 568  TIMEOUT 0.083011
 14        476        503        598      0.0830        598         598      0.0000      0.5881
ALPHA 1.2718 MaxIteration 741  TIMEOUT 0.106789
 15        476        503        598      0.1068        598         598      0.0000      0.7981
ALPHA 1.2402 MaxIteration 942  TIMEOUT 0.134649
 16        476        503        598      0.1346        598         598      0.0000      1.0681
ALPHA 1.2102 MaxIteration 1168  TIMEOUT 0.152221
 17        482        503        598      0.1522        598         598      0.0000      1.3781
ALPHA 1.1816 MaxIteration 1413  TIMEOUT 0.188133
 18        482        503        598      0.1881        598         598      0.0000      1.7481
ALPHA 1.1543 MaxIteration 1669  TIMEOUT 0.212196
 19        482        503        598      0.2122        598         598      0.0000      2.1781
ALPHA 1.1283 MaxIteration 1926  TIMEOUT 0.247659
 20        482        503        598      0.2477        598         598      0.0000      2.6581
ALPHA 1.1034 MaxIteration 2173  TIMEOUT 0.283918
 21        482        503        598      0.2839        598         598      0.0000      3.2281
ALPHA 1.0795 MaxIteration 2397  TIMEOUT 0.423462
 22        496        503        598      0.4235        598         598      0.0000      4.0781
ALPHA 1.0567 MaxIteration 2587  TIMEOUT 0.374407
 23        487        503        598      0.3744        598         598      0.0000      4.8181
ALPHA 1.0349 MaxIteration 2733  TIMEOUT 0.373911
 24        486        503        598      0.3739        598         598      0.0000      5.5581
ALPHA 1.0349 MaxIteration 2828  TIMEOUT 0.429284
 25        482        503        598      0.4293        598         598      0.0000      6.4081
ALPHA 1.0349 MaxIteration 2926  TIMEOUT 0.362641
 26        476        503        598      0.3626        598         598      0.0000      7.1281
ALPHA 1.0349 MaxIteration 3027  TIMEOUT 0.220149
 27        464        503        598      0.2201        598         598      0.0000      7.5781
ALPHA 1.0349 MaxIteration 3132  TIMEOUT 0.373767
 28        482        503        598      0.3738        598         598      0.0000      8.3181
ALPHA 1.0349 MaxIteration 3241  TIMEOUT 0.425817
 29        479        503        598      0.4258        598         598      0.0000      9.1681
ALPHA 1.0349 MaxIteration 3353  TIMEOUT 0.430803
 30        482        503        598      0.4308        598         598      0.0000     10.0281
ALPHA 1.0349 MaxIteration 3469  TIMEOUT 0.463012
 31        476        503        598      0.4630        598         598      0.0000     10.9481
ALPHA 1.0349 MaxIteration 3589  TIMEOUT 0.560919
 32        482        503        598      0.5609        598         598      0.0000     12.0681
ALPHA 1.0349 MaxIteration 3714  TIMEOUT 0.446206
 33        484        503        598      0.4462        598         598      0.0000     12.9481
ALPHA 1.0349 MaxIteration 3843  TIMEOUT 0.494346
 34        476        503        598      0.4943        598         598      0.0000     13.9281
ALPHA 1.0349 MaxIteration 3976  TIMEOUT 0.509104
 35        476        503        598      0.5091        598         598      0.0000     14.9281
ALPHA 1.0349 MaxIteration 4114  TIMEOUT 0.732721
 36        482        503        598      0.7327        598         598      0.0000     16.3881
ALPHA 1.0349 MaxIteration 4257  TIMEOUT 0.544142
 37        482        503        598      0.5441        598         598      0.0000     17.4681
ALPHA 1.0349 MaxIteration 4405  TIMEOUT 0.588033
 38        482        503        598      0.5880        598         598      0.0000     18.6281
ALPHA 1.0349 MaxIteration 4558  TIMEOUT 0.616552
 39        482        503        598      0.6166        598         598      0.0000     19.8577
ALPHA 1.0349 MaxIteration 4716  TIMEOUT 0.142313
 40        456        503        598      0.1423>>> T2_150_2000_1.wclq |V| 150 |E| 2000  (#LB 0.0000 503 ---> 503  0.1889  598 <--- 598  0.0000 #UB)  #solve_ime 20.0000 read_time 0.0019 
