>>IBM: |V|=200 |E|=2000
>>IBM: The maximum node weight is 49
/public/home/acs4vb4pqv/benchmarks/MWDS2026/T1_wclq/T1_200_2000_8.wclq #seed 3 #alpha 1.900 #timeout 0.100 K=5 RHO=0.05 Q0=0.90 BETA=3.5 AQ_MODE=guarded SAFE_AQ_MIN_GAP=0.050 SAFE_AQ_MIN_NODES=800 AQ_SLOPE_MARGIN=1.05 AQ_MAX_UB_DRIFT=0.25
[v19] |V|=200 |E|=2000 density=10.00 USE_ADVANCED=0
#Rd        #LB        #LB*       #UB       #Time        #UB+        #UB*      #Time      #TotalTime
First Gap  1.328283
ALPHA 1.9000 MaxIteration 500  TIMEOUT 0.043624
  1        198        198        461      0.0436
 [AQ small-headroom probe] gap=1.3283 density=10.00 |V|=200 => Light RL (K=3, 5.0%)
ALPHA 1.9000 MaxIteration 3  TIMEOUT 0.001357
  2        207        207        535      0.0014ALPHA 1.8304 MaxIteration 5  TIMEOUT 0.003252
  3        210        210        561      0.0033ALPHA 1.7658 MaxIteration 9  TIMEOUT 0.004199
  4        207        210        532      0.0042ALPHA 1.7056 MaxIteration 15  TIMEOUT 0.006142
  5        207        210        519      0.0061 [AQ guard] no early LB gain, disabling AQ
        442         442      0.0000      0.0589
ALPHA 1.6493 MaxIteration 25  TIMEOUT 0.002953
  6        188        210        514      0.0030        423         423      0.0000      0.0689
ALPHA 1.5966 MaxIteration 41  TIMEOUT 0.006235
  7        188        210        470      0.0062        419         419      0.0000      0.0789
ALPHA 1.5472 MaxIteration 65  TIMEOUT 0.015064
  8        193        210        483      0.0151        416         416      0.0000      0.1089
ALPHA 1.5008 MaxIteration 100  TIMEOUT 0.011509
  9        193        210        462      0.0115        419         416      0.0000      0.1389
ALPHA 1.4571 MaxIteration 150  TIMEOUT 0.020557
 10        205        210        488      0.0206        416         416      0.0100      0.1889
ALPHA 1.4158 MaxIteration 218  TIMEOUT 0.024598
 11        192        210        461      0.0246        416         416      0.0100      0.2389
ALPHA 1.3768 MaxIteration 308  TIMEOUT 0.057625
 12        185        210        469      0.0576        416         416      0.0000      0.3489
ALPHA 1.3399 MaxIteration 424  TIMEOUT 0.048031
 13        195        210        466      0.0480        416         416      0.0100      0.4389
ALPHA 1.3049 MaxIteration 568  TIMEOUT 0.065867
 14        191        210        451      0.0659        417         416      0.0600      0.5689
ALPHA 1.2718 MaxIteration 741  TIMEOUT 0.099608
 15        188        210        466      0.0996        416         416      0.0100      0.7489
ALPHA 1.2402 MaxIteration 942  TIMEOUT 0.096143
 16        197        210        460      0.0961        416         416      0.0100      0.9389
ALPHA 1.2102 MaxIteration 1168  TIMEOUT 0.133100
 17        187        210        466      0.1331        416         416      0.0100      1.2089
ALPHA 1.1816 MaxIteration 1413  TIMEOUT 0.162229
 18        197        210        466      0.1622        416         416      0.0100      1.5389
ALPHA 1.1543 MaxIteration 1669  TIMEOUT 0.167724
 19        189        210        446      0.1677        416         416      0.0100      1.8658
ALPHA 1.1283 MaxIteration 1926  TIMEOUT 0.332624
 20        189        210        466      0.3326        416         416      0.0200      2.5289
ALPHA 1.1034 MaxIteration 2173  TIMEOUT 0.300653
 21        189        210        466      0.3007        416         416      0.0100      3.1289
ALPHA 1.0795 MaxIteration 2397  TIMEOUT 0.350900
 22        190        210        466      0.3509        416         416      0.0000      3.8389
ALPHA 1.0567 MaxIteration 2587  TIMEOUT 0.466866
 23        195        210        441      0.4669        416         416      0.0300      4.7589
ALPHA 1.0349 MaxIteration 2733  TIMEOUT 0.665585
 24        189        210        464      0.6656        416         416      0.0200      6.0789
ALPHA 1.0349 MaxIteration 2828  TIMEOUT 0.469451
 25        191        210        466      0.4695        416         416      0.0100      6.9989
ALPHA 1.0349 MaxIteration 2926  TIMEOUT 0.444758
 26        194        210        467      0.4448        416         416      0.0100      7.8789
ALPHA 1.0349 MaxIteration 3027  TIMEOUT 0.353184
 27        197        210        454      0.3532        416         416      0.0900      8.5789
ALPHA 1.0349 MaxIteration 3132  TIMEOUT 0.296761
 28        190        210        466      0.2968        416         416      0.0100      9.1589
ALPHA 1.0349 MaxIteration 3241  TIMEOUT 0.397513
 29        195        210        462      0.3975        416         416      0.0100      9.9305
ALPHA 1.0349 MaxIteration 3353  TIMEOUT 0.351869
 30        193        210        465      0.3519        416         416      0.0200     10.6289
ALPHA 1.0349 MaxIteration 3469  TIMEOUT 0.583586
 31        195        210        455      0.5836        416         416      0.0000     11.7789
ALPHA 1.0349 MaxIteration 3589  TIMEOUT 0.436611
 32        195        210        446      0.4366        416         416      0.0100     12.6289
ALPHA 1.0349 MaxIteration 3714  TIMEOUT 0.523416
 33        195        210        449      0.5234        416         416      0.0000     13.6689
ALPHA 1.0349 MaxIteration 3843  TIMEOUT 0.390447
 34        189        210        458      0.3904        416         416      0.0000     14.4389
ALPHA 1.0349 MaxIteration 3976  TIMEOUT 0.403825
 35        197        210        454      0.4038        416         416      0.0100     15.2389
ALPHA 1.0349 MaxIteration 4114  TIMEOUT 0.727427
 36        197        210        446      0.7274        416         416      0.0100     16.6689
ALPHA 1.0349 MaxIteration 4257  TIMEOUT 0.467583
 37        198        210        431      0.4676        416         416      0.0300     17.5889
ALPHA 1.0349 MaxIteration 4405  TIMEOUT 0.616509
 38        197        210        446      0.6165        416         416      0.0100     18.7989
ALPHA 1.0349 MaxIteration 4558  TIMEOUT 0.613484
 39        197        210        446      0.6135        416         416      0.0000     19.9889
ALPHA 1.0349 MaxIteration 4716  TIMEOUT 0.011067
 40        177        210        484      0.0111>>> T1_200_2000_8.wclq |V| 200 |E| 2000  (#LB 0.0606 198 ---> 210  0.9810  416 <--- 461  0.0976 #UB)  #solve_ime 20.0000 read_time 0.0011 
