>>IBM: |V|=1000 |E|=20000
>>IBM: The maximum node weight is 3050
/public/home/acs4vb4pqv/benchmarks/MWDS2026/T2_wclq/T2_1000_20000_9.wclq #seed 103 #alpha 1.900 #timeout 0.100 K=5 RHO=0.05 Q0=0.90 BETA=3.5 AQ_MODE=dbs SAFE_AQ_MIN_GAP=0.050 SAFE_AQ_MIN_NODES=800 AQ_SLOPE_MARGIN=1.05 AQ_MAX_UB_DRIFT=0.25
[v19] |V|=1000 |E|=20000 density=20.00 USE_ADVANCED=1
#Rd        #LB        #LB*       #UB       #Time        #UB+        #UB*      #Time      #TotalTime
First Gap  0.437956
ALPHA 1.9000 MaxIteration 500  TIMEOUT 0.953508
  1       5343       5343       7683      0.9535       7238        7238      0.1300      1.8957
ALPHA 1.9000 MaxIteration 3  TIMEOUT 0.004298
  2       5076       5343       8836      0.0043       7358        7238      0.0000      1.9058
ALPHA 1.8304 MaxIteration 5  TIMEOUT 0.005717
  3       4852       5343       8440      0.0057       7616        7238      0.0000      1.9158
ALPHA 1.7658 MaxIteration 9  TIMEOUT 0.008810
  4       4736       5343       8442      0.0088       7637        7238      0.0000      1.9258
ALPHA 1.7056 MaxIteration 15  TIMEOUT 0.018575
  5       4796       5343       8163      0.0186       7177        7177      0.0100      1.9558
ALPHA 1.6493 MaxIteration 25  TIMEOUT 0.035069
  6       4788       5343       8106      0.0351       7275        7177      0.0000      2.0258
ALPHA 1.5966 MaxIteration 41  TIMEOUT 0.061647
  7       5027       5343       7983      0.0616       7331        7177      0.0500      2.1557
ALPHA 1.5472 MaxIteration 65  TIMEOUT 0.125090
  8       5014       5343       7833      0.1251       7177        7177      0.0000      2.4057
ALPHA 1.5008 MaxIteration 100  TIMEOUT 0.135307
  9       5043       5343       7931      0.1353       7177        7177      0.0000      2.6758
ALPHA 1.4571 MaxIteration 150  TIMEOUT 0.165247
 10       5029       5343       7690      0.1652       7238        7177      0.0400      3.0058
ALPHA 1.4158 MaxIteration 218  TIMEOUT 0.200677
 11       5047       5343       7781      0.2007       7238        7177      0.0700      3.4158
ALPHA 1.3768 MaxIteration 308  TIMEOUT 0.520651
 12       5067       5343       7883      0.5207       7177        7177      0.1000      4.4558
ALPHA 1.3399 MaxIteration 424  TIMEOUT 0.961063
 13       5080       5343       7586      0.9611       7177        7177      0.0000      6.3758
ALPHA 1.3049 MaxIteration 568  TIMEOUT 1.276879
 14       5080       5343       7638      1.2769       7238        7177      0.0200      8.9158
ALPHA 1.2718 MaxIteration 741  TIMEOUT 1.026989
 15       5073       5343       7768      1.0270
 [LB Done] stag=14 elapsed=49.7% => 10.1s to UB
       7177        7177      0.0500     19.9257
>>> T2_1000_20000_9.wclq |V| 1000 |E| 20000  (#LB 0.0000 5343 ---> 5343  0.3433  7177 <--- 7683  0.0659 #UB)  #solve_ime 19.9258 read_time 0.0043 
