With  Parameters CUTOFF 20 SEED 101  ALPHA = 1.900  K=5 RHO=0.05 Q0=0.90 BETA=3.0 AQ_MODE=guarded
Reading  graph ...  time 0.000273  
Reducing graph ...  time 0.000051  
[v6] |V|=200 |E|=250 density=1.25 USE_ADVANCED=0 SAFE_AQ_MIN_GAP=0.050 DEEP_AQ_RANGE=[800, 5.00, 10.00] structure_blocks_aq=1 AQ_SLOPE_MARGIN=1.15 AQ_MAX_UB_DRIFT=0.20
#Rd        #LB        #LB*       #UB       #Time        #UB+        #UB*      #Time      #TotalTime
First Gap  0.090909
  1       1848       1848       2016      0.0256
 Switch to DBS-only search, timeout 0.025570....
 [Online-safe AQ structure guard] |V|=200 density=1.25 outside [800, 5.00, 10.00], disabling AQ
       1937        1937      0.0034        0.0512
ALPHA 1.9000 MaxIteration 3  TIMEOUT 0.025570
  2       1823       1848       2050      0.0002       2016        1937      0.0001        0.0516
ALPHA 1.8304 MaxIteration 5  TIMEOUT 0.000319
  3       1821       1848       2095      0.0004       1970        1937      0.0003        0.0523
ALPHA 1.7658 MaxIteration 9  TIMEOUT 0.000648
  4       1830       1848       2061      0.0006       1978        1937      0.0006        0.0535
ALPHA 1.7056 MaxIteration 15  TIMEOUT 0.001007
  5       1839       1848       2094      0.0010       1962        1937      0.0009        0.0555
ALPHA 1.6493 MaxIteration 25  TIMEOUT 0.001738
  6       1839       1848       2082      0.0014       1937        1937      0.0006        0.0584
ALPHA 1.5966 MaxIteration 41  TIMEOUT 0.002372
  7       1841       1848       2082      0.0023       1941        1937      0.0019        0.0641
ALPHA 1.5472 MaxIteration 65  TIMEOUT 0.003747
  8       1863       1863       2081      0.0038       1937        1937      0.0017        0.0716
ALPHA 1.5008 MaxIteration 100  TIMEOUT 0.005821
  9       1863       1863       2038      0.0035       1937        1937      0.0027        0.0788
ALPHA 1.4571 MaxIteration 150  TIMEOUT 0.005259
 10       1863       1863       2038      0.0053       1937        1937      0.0016        0.0895
ALPHA 1.4158 MaxIteration 218  TIMEOUT 0.007719
 11       1863       1863       2038      0.0077       1937        1937      0.0047        0.1050
ALPHA 1.3768 MaxIteration 308  TIMEOUT 0.010967
 12       1863       1863       2038      0.0110       1937        1937      0.0027        0.1270
ALPHA 1.3399 MaxIteration 424  TIMEOUT 0.015113
 13       1863       1863       2038      0.0150       1937        1937      0.0030        0.1570
ALPHA 1.3049 MaxIteration 568  TIMEOUT 0.020046
 14       1863       1863       2038      0.0198       1937        1937      0.0047        0.1966
ALPHA 1.2718 MaxIteration 741  TIMEOUT 0.025854
 15       1869       1869       2038      0.0259       1937        1937      0.0044        0.2485
ALPHA 1.2402 MaxIteration 942  TIMEOUT 0.032912
 16       1874       1874       2001      0.0329       1937        1937      0.0023        0.3164
ALPHA 1.2102 MaxIteration 1168  TIMEOUT 0.040834
 17       1874       1874       2001      0.0393       1937        1937      0.0040        0.4007
ALPHA 1.1816 MaxIteration 1413  TIMEOUT 0.047575
 18       1879       1879       2033      0.0476       1937        1937      0.0020        0.4960
ALPHA 1.1543 MaxIteration 1669  TIMEOUT 0.056247
 19       1879       1879       2028      0.0561       1937        1937      0.0066        0.6102
ALPHA 1.1283 MaxIteration 1926  TIMEOUT 0.064755
 20       1879       1879       2028      0.0616       1937        1937      0.0043        0.7346
ALPHA 1.1034 MaxIteration 2173  TIMEOUT 0.069525
 21       1879       1879       2028      0.0680       1937        1937      0.0041        0.8716
ALPHA 1.0795 MaxIteration 2397  TIMEOUT 0.074984
 22       1879       1879       2025      0.0750       1937        1937      0.0033        1.0218
ALPHA 1.0567 MaxIteration 2587  TIMEOUT 0.080968
 23       1879       1879       2028      0.0810       1937        1937      0.0043        1.1850
ALPHA 1.0349 MaxIteration 2733  TIMEOUT 0.085582
 24       1879       1879       2025      0.0856       1937        1937      0.0020        1.3583
ALPHA 1.0349 MaxIteration 2828  TIMEOUT 0.088577
 25       1879       1879       2028      0.0886       1937        1937      0.0066        1.5387
ALPHA 1.0349 MaxIteration 2926  TIMEOUT 0.091718
 26       1879       1879       2028      0.0917       1937        1937      0.0016        1.7243
ALPHA 1.0349 MaxIteration 3027  TIMEOUT 0.094948
 27       1879       1879       2028      0.0950       1937        1937      0.0038        1.9143
ALPHA 1.0349 MaxIteration 3132  TIMEOUT 0.098290
 28       1879       1879       2025      0.0983       1937        1937      0.0065        2.1140
ALPHA 1.0349 MaxIteration 3241  TIMEOUT 0.101743
 29       1879       1879       2013      0.1017       1937        1937      0.0052        2.3186
ALPHA 1.0349 MaxIteration 3353  TIMEOUT 0.105296
 30       1879       1879       2028      0.1053       1937        1937      0.0034        2.5293
ALPHA 1.0349 MaxIteration 3469  TIMEOUT 0.108975
 31       1879       1879       2028      0.1090       1937        1937      0.0008        2.7485
ALPHA 1.0349 MaxIteration 3589  TIMEOUT 0.112806
 32       1879       1879       2025      0.1128       1937        1937      0.0040        2.9765
ALPHA 1.0349 MaxIteration 3714  TIMEOUT 0.116759
 33       1879       1879       2020      0.1168       1937        1937      0.0027        3.2141
ALPHA 1.0349 MaxIteration 3843  TIMEOUT 0.120859
 34       1879       1879       2028      0.1209       1937        1937      0.0051        3.4590
ALPHA 1.0349 MaxIteration 3976  TIMEOUT 0.125094
 35       1879       1879       2025      0.1251       1937        1937      0.0031        3.7113
ALPHA 1.0349 MaxIteration 4114  TIMEOUT 0.129491
 36       1879       1879       2028      0.1295       1937        1937      0.0008        3.9735
ALPHA 1.0349 MaxIteration 4257  TIMEOUT 0.134032
 37       1879       1879       2028      0.1341       1937        1937      0.0053        4.2427
ALPHA 1.0349 MaxIteration 4405  TIMEOUT 0.138730
 38       1879       1879       2028      0.1387       1937        1937      0.0117        4.5214
ALPHA 1.0349 MaxIteration 4558  TIMEOUT 0.143585
 39       1879       1879       2013      0.1436       1937        1937      0.0073        4.8089
ALPHA 1.0349 MaxIteration 4716  TIMEOUT 0.148604
 40       1879       1879       2025      0.1466       1937        1937      0.0040        5.1093
ALPHA 1.0349 MaxIteration 4880  TIMEOUT 0.151690
 41       1879       1879       2020      0.1517       1937        1937      0.0017        5.4149
ALPHA 1.0349 MaxIteration 5050  TIMEOUT 0.157011
 42       1879       1879       2025      0.1570       1937        1937      0.0031        5.7331
ALPHA 1.0349 MaxIteration 5226  TIMEOUT 0.162512
 43       1879       1879       2028      0.1625       1937        1937      0.0090        6.0604
ALPHA 1.0349 MaxIteration 5408  TIMEOUT 0.168190
 44       1879       1879       2028      0.1682       1937        1937      0.0033        6.3969
ALPHA 1.0349 MaxIteration 5596  TIMEOUT 0.174078
 45       1879       1879       2028      0.1741       1937        1937      0.0069        6.7454
ALPHA 1.0349 MaxIteration 5791  TIMEOUT 0.180182
 46       1879       1879       2028      0.1787       1937        1937      0.0011        7.1101
ALPHA 1.0349 MaxIteration 5992  TIMEOUT 0.184904
 47       1879       1879       2028      0.1849       1937        1937      0.0030        7.4822
ALPHA 1.0349 MaxIteration 6200  TIMEOUT 0.191361
 48       1879       1879       2025      0.1914       1937        1937      0.0036        7.8863
ALPHA 1.0349 MaxIteration 6416  TIMEOUT 0.198037
 49       1879       1879       2028      0.1981       1937        1937      0.0059        8.2836
ALPHA 1.0349 MaxIteration 6639  TIMEOUT 0.204964
 50       1879       1879       2028      0.2050       1937        1937      0.0040        8.6957
ALPHA 1.0349 MaxIteration 6870  TIMEOUT 0.212136
 51       1879       1879       2028      0.2122       1937        1937      0.0071        9.1222
ALPHA 1.0349 MaxIteration 7109  TIMEOUT 0.219550
 52       1879       1879       2028      0.2196       1937        1937      0.0083        9.5655
ALPHA 1.0349 MaxIteration 7356  TIMEOUT 0.227234
 53       1879       1879       2028      0.2273       1937        1937      0.0068       10.0245
ALPHA 1.0349 MaxIteration 7612  TIMEOUT 0.235190
 54       1879       1879       2028      0.2352       1937        1937      0.0027       10.5013
ALPHA 1.0349 MaxIteration 7877  TIMEOUT 0.243394
 55       1879       1879       2028      0.2434       1937        1937      0.0085       10.9924
ALPHA 1.0349 MaxIteration 8151  TIMEOUT 0.251919
 56       1879       1879       2009      0.2520       1937        1937      0.0120       11.4986
ALPHA 1.0349 MaxIteration 8435  TIMEOUT 0.260740
 57       1879       1879       2005      0.2608       1937        1937      0.0031       12.0254
ALPHA 1.0349 MaxIteration 8729  TIMEOUT 0.269843
 58       1879       1879       2025      0.2699       1937        1937      0.0010       12.5654
ALPHA 1.0349 MaxIteration 9033  TIMEOUT 0.279278
 59       1879       1879       2011      0.2793       1937        1937      0.0024       13.1275
ALPHA 1.0349 MaxIteration 9347  TIMEOUT 0.289051
 60       1879       1879       2020      0.2891       1937        1937      0.0041       19.9999
>>> T1_200_250_7.wclq |V| 200 |E| 250  (#LB 0.0168 1848 ---> 1879  0.0299  1937 <--- 2016  0.0392 #UB)  #read_time 0.0003  #reduce_time 0.0001  #solve_time 19.9999  #total_time 20.0003
 