>>IBM: |V|=200 |E|=250
>>IBM: The maximum node weight is 49
/public/home/acs4vb4pqv/benchmarks/MWDS2026/T1_wclq/T1_200_250_7.wclq #seed 1 #alpha 1.900 #timeout 0.100 K=5 RHO=0.05 Q0=0.90 BETA=3.5 AQ_MODE=guarded SAFE_AQ_MIN_GAP=0.050 SAFE_AQ_MIN_NODES=800 AQ_SLOPE_MARGIN=1.05 AQ_MAX_UB_DRIFT=0.25
[v19] |V|=200 |E|=250 density=1.25 USE_ADVANCED=0
#Rd        #LB        #LB*       #UB       #Time        #UB+        #UB*      #Time      #TotalTime
First Gap  0.097109
ALPHA 1.9000 MaxIteration 500  TIMEOUT 0.037514
  1       1833       1833       2011      0.0375
 [AQ small-headroom probe] gap=0.0971 density=1.25 |V|=200 => Light RL (K=3, 5.0%)
ALPHA 1.9000 MaxIteration 3  TIMEOUT 0.003761
  2       1790       1833       2137      0.0038ALPHA 1.8304 MaxIteration 5  TIMEOUT 0.003910
  3       1794       1833       2115      0.0039 [AQ guard] no early LB gain, disabling AQ
       1947        1947      0.0000      0.0500
ALPHA 1.7658 MaxIteration 9  TIMEOUT 0.000952
  4       1780       1833       2080      0.0010       1937        1937      0.0000      0.0600
ALPHA 1.7056 MaxIteration 15  TIMEOUT 0.001529
  5       1789       1833       2115      0.0015       1937        1937      0.0000      0.0700
ALPHA 1.6493 MaxIteration 25  TIMEOUT 0.001768
  6       1764       1833       2158      0.0018       1937        1937      0.0000      0.0800
ALPHA 1.5966 MaxIteration 41  TIMEOUT 0.005491
  7       1774       1833       2112      0.0055       1947        1937      0.0000      0.0900
ALPHA 1.5472 MaxIteration 65  TIMEOUT 0.007298
  8       1762       1833       2139      0.0073       1937        1937      0.0000      0.1000
ALPHA 1.5008 MaxIteration 100  TIMEOUT 0.007286
  9       1736       1833       2138      0.0073       1951        1937      0.0000      0.1100
ALPHA 1.4571 MaxIteration 150  TIMEOUT 0.010071
 10       1746       1833       2131      0.0101       1937        1937      0.0000      0.1400
ALPHA 1.4158 MaxIteration 218  TIMEOUT 0.020743
 11       1747       1833       2131      0.0207       1937        1937      0.0100      0.1900
ALPHA 1.3768 MaxIteration 308  TIMEOUT 0.034934
 12       1747       1833       2136      0.0349       1937        1937      0.0200      0.2600
ALPHA 1.3399 MaxIteration 424  TIMEOUT 0.023384
 13       1717       1833       2135      0.0234       1937        1937      0.0100      0.3100
ALPHA 1.3049 MaxIteration 568  TIMEOUT 0.034129
 14       1717       1833       2135      0.0341       1937        1937      0.0100      0.3800
ALPHA 1.2718 MaxIteration 741  TIMEOUT 0.051245
 15       1717       1833       2135      0.0512       1937        1937      0.0100      0.4800
ALPHA 1.2402 MaxIteration 942  TIMEOUT 0.043355
 16       1715       1833       2135      0.0434       1937        1937      0.0200      0.5600
ALPHA 1.2102 MaxIteration 1168  TIMEOUT 0.052531
 17       1715       1833       2135      0.0525       1937        1937      0.0200      0.6700
ALPHA 1.1816 MaxIteration 1413  TIMEOUT 0.062305
 18       1715       1833       2135      0.0623       1937        1937      0.0100      0.8000
ALPHA 1.1543 MaxIteration 1669  TIMEOUT 0.070173
 19       1715       1833       2135      0.0702       1937        1937      0.0100      0.9500
ALPHA 1.1283 MaxIteration 1926  TIMEOUT 0.087930
 20       1715       1833       2135      0.0879       1937        1937      0.0200      1.1100
ALPHA 1.1034 MaxIteration 2173  TIMEOUT 0.101294
 21       1715       1833       2135      0.1013       1937        1937      0.0100      1.3100
ALPHA 1.0795 MaxIteration 2397  TIMEOUT 0.120305
 22       1715       1833       2135      0.1203       1937        1937      0.0200      1.5500
ALPHA 1.0567 MaxIteration 2587  TIMEOUT 0.125673
 23       1715       1833       2135      0.1257       1937        1937      0.0400      1.7900
ALPHA 1.0349 MaxIteration 2733  TIMEOUT 0.141652
 24       1715       1833       2135      0.1417       1937        1937      0.0100      2.0700
ALPHA 1.0349 MaxIteration 2828  TIMEOUT 0.148945
 25       1715       1833       2135      0.1489       1937        1937      0.0200      2.3400
ALPHA 1.0349 MaxIteration 2926  TIMEOUT 0.157407
 26       1715       1833       2135      0.1574       1937        1937      0.0000      2.6300
ALPHA 1.0349 MaxIteration 3027  TIMEOUT 0.162355
 27       1715       1833       2135      0.1624       1937        1937      0.0100      2.9500
ALPHA 1.0349 MaxIteration 3132  TIMEOUT 0.183769
 28       1715       1833       2135      0.1838       1937        1937      0.0200      3.3100
ALPHA 1.0349 MaxIteration 3241  TIMEOUT 0.178045
 29       1715       1833       2135      0.1780       1937        1937      0.0100      3.6500
ALPHA 1.0349 MaxIteration 3353  TIMEOUT 0.201451
 30       1715       1833       2135      0.2015       1937        1937      0.0000      4.0400
ALPHA 1.0349 MaxIteration 3469  TIMEOUT 0.202587
 31       1715       1833       2135      0.2026       1937        1937      0.0100      4.4300
ALPHA 1.0349 MaxIteration 3589  TIMEOUT 0.209956
 32       1715       1833       2135      0.2100       1937        1937      0.0300      4.8200
ALPHA 1.0349 MaxIteration 3714  TIMEOUT 0.211051
 33       1715       1833       2135      0.2111       1937        1937      0.0100      5.2400
ALPHA 1.0349 MaxIteration 3843  TIMEOUT 0.224761
 34       1715       1833       2135      0.2248       1937        1937      0.0100      5.6800
ALPHA 1.0349 MaxIteration 3976  TIMEOUT 0.235147
 35       1715       1833       2135      0.2351       1937        1937      0.0200      6.1164
ALPHA 1.0349 MaxIteration 4114  TIMEOUT 0.263183
 36       1715       1833       2135      0.2632       1937        1937      0.0200      6.6163
ALPHA 1.0349 MaxIteration 4257  TIMEOUT 0.289838
 37       1715       1833       2135      0.2898       1937        1937      0.0600      7.1700
ALPHA 1.0349 MaxIteration 4405  TIMEOUT 0.276878
 38       1715       1833       2135      0.2769       1937        1937      0.0200      7.6900
ALPHA 1.0349 MaxIteration 4558  TIMEOUT 0.292404
 39       1715       1833       2135      0.2924       1937        1937      0.0100      8.2551
ALPHA 1.0349 MaxIteration 4716  TIMEOUT 0.336357
 40       1715       1833       2135      0.3364       1937        1937      0.0200      8.9000
ALPHA 1.0349 MaxIteration 4880  TIMEOUT 0.357732
 41       1715       1833       2135      0.3577       1937        1937      0.0200      9.5719
ALPHA 1.0349 MaxIteration 5050  TIMEOUT 0.350198
 42       1715       1833       2135      0.3502       1937        1937      0.0000     10.2418
ALPHA 1.0349 MaxIteration 5226  TIMEOUT 0.359731
 43       1715       1833       2135      0.3597       1937        1937      0.0000     10.9400
ALPHA 1.0349 MaxIteration 5408  TIMEOUT 0.390475
 44       1715       1833       2135      0.3905       1937        1937      0.0000     11.6900
ALPHA 1.0349 MaxIteration 5596  TIMEOUT 0.413226
 45       1715       1833       2135      0.4132       1937        1937      0.0400     12.4895
ALPHA 1.0349 MaxIteration 5791  TIMEOUT 0.249601
 46       1707       1833       2145      0.2496       1937        1937      0.0100     12.9584
ALPHA 1.0349 MaxIteration 5992  TIMEOUT 0.253023
 47       1707       1833       2145      0.2530       1937        1937      0.0200     13.4500
ALPHA 1.0349 MaxIteration 6200  TIMEOUT 0.285622
 48       1707       1833       2145      0.2856       1937        1937      0.0200     13.9900
ALPHA 1.0349 MaxIteration 6416  TIMEOUT 0.290662
 49       1707       1833       2145      0.2907       1937        1937      0.0000     14.5500
ALPHA 1.0349 MaxIteration 6639  TIMEOUT 0.294118
 50       1707       1833       2145      0.2941       1937        1937      0.0100     15.1100
ALPHA 1.0349 MaxIteration 6870  TIMEOUT 0.304941
 51       1707       1833       2145      0.3049       1937        1937      0.0100     15.7000
ALPHA 1.0349 MaxIteration 7109  TIMEOUT 0.310218
 52       1707       1833       2145      0.3102       1937        1937      0.0000     16.3000
ALPHA 1.0349 MaxIteration 7356  TIMEOUT 0.322048
 53       1707       1833       2145      0.3220       1937        1937      0.0000     16.9200
ALPHA 1.0349 MaxIteration 7612  TIMEOUT 0.337978
 54       1707       1833       2145      0.3380       1937        1937      0.0100     17.5536
ALPHA 1.0349 MaxIteration 7877  TIMEOUT 0.341435
 55       1707       1833       2145      0.3414       1937        1937      0.0200     18.2200
ALPHA 1.0349 MaxIteration 8151  TIMEOUT 0.378740
 56       1707       1833       2145      0.3787       1937        1937      0.0100     18.9400
ALPHA 1.0349 MaxIteration 8435  TIMEOUT 0.397644
 57       1707       1833       2145      0.3976       1937        1937      0.0100     19.7000
ALPHA 1.0349 MaxIteration 8729  TIMEOUT 0.299997
 58       1707       1833       2145      0.3000>>> T1_200_250_7.wclq |V| 200 |E| 250  (#LB 0.0000 1833 ---> 1833  0.0567  1937 <--- 2011  0.0368 #UB)  #solve_ime 20.0000 read_time 0.0000 
