>>IBM: |V|=250 |E|=2000
>>IBM: The maximum node weight is 682
/public/home/acs4vb4pqv/benchmarks/MWDS2026/T2_wclq/T2_250_2000_3.wclq #seed 3 #alpha 1.900 #timeout 0.100 K=5 RHO=0.05 Q0=0.90 BETA=3.5 AQ_MODE=dbs SAFE_AQ_MIN_GAP=0.050 SAFE_AQ_MIN_NODES=800 AQ_SLOPE_MARGIN=1.05 AQ_MAX_UB_DRIFT=0.25
[v19] |V|=250 |E|=2000 density=8.00 USE_ADVANCED=0
#Rd        #LB        #LB*       #UB       #Time        #UB+        #UB*      #Time      #TotalTime
First Gap  0.220339
ALPHA 1.9000 MaxIteration 500  TIMEOUT 0.115297
  1       1003       1003       1224      0.1153       1183        1183      0.0300      0.2278
ALPHA 1.9000 MaxIteration 3  TIMEOUT 0.000832
  2        913       1003       1359      0.0008       1189        1183      0.0000      0.2378
ALPHA 1.8304 MaxIteration 5  TIMEOUT 0.000967
  3        936       1003       1353      0.0010       1183        1183      0.0000      0.2478
ALPHA 1.7658 MaxIteration 9  TIMEOUT 0.001298
  4        887       1003       1388      0.0013       1183        1183      0.0000      0.2578
ALPHA 1.7056 MaxIteration 15  TIMEOUT 0.002194
  5        892       1003       1261      0.0022       1183        1183      0.0000      0.2678
ALPHA 1.6493 MaxIteration 25  TIMEOUT 0.005389
  6        919       1003       1303      0.0054       1199        1183      0.0000      0.2778
ALPHA 1.5966 MaxIteration 41  TIMEOUT 0.006215
  7        934       1003       1310      0.0062       1183        1183      0.0000      0.2878
ALPHA 1.5472 MaxIteration 65  TIMEOUT 0.008294
  8        920       1003       1345      0.0083       1191        1183      0.0000      0.2978
ALPHA 1.5008 MaxIteration 100  TIMEOUT 0.022800
  9        939       1003       1291      0.0228       1183        1183      0.0100      0.3378
ALPHA 1.4571 MaxIteration 150  TIMEOUT 0.016591
 10        916       1003       1290      0.0166       1189        1183      0.0000      0.3678
ALPHA 1.4158 MaxIteration 218  TIMEOUT 0.035396
 11        918       1003       1291      0.0354       1189        1183      0.0000      0.4378
ALPHA 1.3768 MaxIteration 308  TIMEOUT 0.078206
 12        932       1003       1285      0.0782       1183        1183      0.0100      0.5878
ALPHA 1.3399 MaxIteration 424  TIMEOUT 0.069834
 13        925       1003       1284      0.0698       1183        1183      0.0100      0.7178
ALPHA 1.3049 MaxIteration 568  TIMEOUT 0.100458
 14        936       1003       1267      0.1005       1183        1183      0.0000      0.9178
ALPHA 1.2718 MaxIteration 741  TIMEOUT 0.119761
 15        932       1003       1267      0.1198       1183        1183      0.0200      1.1478
ALPHA 1.2402 MaxIteration 942  TIMEOUT 0.119863
 16        929       1003       1266      0.1199       1183        1183      0.0700      1.3778
ALPHA 1.2102 MaxIteration 1168  TIMEOUT 0.362730
 17        932       1003       1250      0.3627       1183        1183      0.0000      2.0978
ALPHA 1.1816 MaxIteration 1413  TIMEOUT 0.349118
 18        935       1003       1245      0.3491       1183        1183      0.0700      2.7678
ALPHA 1.1543 MaxIteration 1669  TIMEOUT 0.300777
 19        928       1003       1267      0.3008       1183        1183      0.0000      3.3778
ALPHA 1.1283 MaxIteration 1926  TIMEOUT 0.195293
 20        931       1003       1289      0.1953       1183        1183      0.0400      3.7578
ALPHA 1.1034 MaxIteration 2173  TIMEOUT 0.263008
 21        936       1003       1250      0.2630       1183        1183      0.0300      4.2878
ALPHA 1.0795 MaxIteration 2397  TIMEOUT 0.400852
 22        938       1003       1289      0.4009       1183        1183      0.0100      5.0878
ALPHA 1.0567 MaxIteration 2587  TIMEOUT 0.325594
 23        929       1003       1289      0.3256       1183        1183      0.0200      5.7178
ALPHA 1.0349 MaxIteration 2733  TIMEOUT 0.373788
 24        933       1003       1274      0.3738       1183        1183      0.0100      6.4578
ALPHA 1.0349 MaxIteration 2828  TIMEOUT 0.539577
 25        939       1003       1259      0.5396       1183        1183      0.0700      7.5178
ALPHA 1.0349 MaxIteration 2926  TIMEOUT 0.373921
 26        921       1003       1266      0.3739       1183        1183      0.0000      8.2578
ALPHA 1.0349 MaxIteration 3027  TIMEOUT 0.400051
 27        933       1003       1291      0.4001       1183        1183      0.0100      9.0578
ALPHA 1.0349 MaxIteration 3132  TIMEOUT 0.473509
 28        933       1003       1277      0.4735       1183        1183      0.0100      9.9888
ALPHA 1.0349 MaxIteration 3241  TIMEOUT 0.945738
 29        934       1003       1246      0.9457       1183        1183      0.0100     11.8478
ALPHA 1.0349 MaxIteration 3353  TIMEOUT 0.393294
 30        932       1003       1269      0.3933       1183        1183      0.0400     12.6178
ALPHA 1.0349 MaxIteration 3469  TIMEOUT 0.963591
 31        928       1003       1272      0.9636       1183        1183      0.0000     14.5178
ALPHA 1.0349 MaxIteration 3589  TIMEOUT 0.466637
 32        932       1003       1289      0.4666       1183        1183      0.0100     15.4378
ALPHA 1.0349 MaxIteration 3714  TIMEOUT 0.525603
 33        932       1003       1262      0.5256       1183        1183      0.0200     16.4678
ALPHA 1.0349 MaxIteration 3843  TIMEOUT 0.904410
 34        933       1003       1279      0.9044       1183        1183      0.0000     18.2378
ALPHA 1.0349 MaxIteration 3976  TIMEOUT 0.641381
 35        927       1003       1269      0.6414       1183        1183      0.0000     19.4878
ALPHA 1.0349 MaxIteration 4114  TIMEOUT 0.512130
 36        934       1003       1286      0.5121>>> T2_250_2000_3.wclq |V| 250 |E| 2000  (#LB 0.0000 1003 ---> 1003  0.1795  1183 <--- 1224  0.0335 #UB)  #solve_ime 20.0001 read_time 0.0022 
