>>IBM: |V|=200 |E|=17910
>>IBM: The maximum node weight is 200
/public/home/acs4vb4pqv/benchmarks/MWDS2026/dimacs/gen200_p0.9_55.clq #seed 3 #alpha 1.900 #timeout 0.100 K=5 RHO=0.05 Q0=0.90 BETA=3.5 AQ_MODE=dbs SAFE_AQ_MIN_GAP=0.050 SAFE_AQ_MIN_NODES=800 AQ_SLOPE_MARGIN=1.05 AQ_MAX_UB_DRIFT=0.25
[v19] |V|=200 |E|=17910 density=89.55 USE_ADVANCED=0
#Rd        #LB        #LB*       #UB       #Time        #UB+        #UB*      #Time      #TotalTime
First Gap  0.200000
ALPHA 1.9000 MaxIteration 500  TIMEOUT 0.080562
  1          5          5          6      0.0806          6           6      0.0000      0.1633
ALPHA 1.9000 MaxIteration 3  TIMEOUT 0.000622
  2          4          5          6      0.0006          6           6      0.0000      0.1735
ALPHA 1.8304 MaxIteration 5  TIMEOUT 0.000822
  3          4          5          6      0.0008          6           6      0.0000      0.1835
ALPHA 1.7658 MaxIteration 9  TIMEOUT 0.001260
  4          4          5          6      0.0013          6           6      0.0000      0.1936
ALPHA 1.7056 MaxIteration 15  TIMEOUT 0.002334
  5          4          5          6      0.0023          6           6      0.0000      0.2037
ALPHA 1.6493 MaxIteration 25  TIMEOUT 0.003413
  6          4          5          6      0.0034          6           6      0.0000      0.2133
ALPHA 1.5966 MaxIteration 41  TIMEOUT 0.006046
  7          4          5          6      0.0060          6           6      0.0000      0.2236
ALPHA 1.5472 MaxIteration 65  TIMEOUT 0.010809
  8          4          5          6      0.0108          6           6      0.0000      0.2535
ALPHA 1.5008 MaxIteration 100  TIMEOUT 0.018843
  9          4          5          6      0.0188          6           6      0.0000      0.2834
ALPHA 1.4571 MaxIteration 150  TIMEOUT 0.018037
 10          3          5          6      0.0180          6           6      0.0000      0.3134
ALPHA 1.4158 MaxIteration 218  TIMEOUT 0.025853
 11          3          5          6      0.0259          6           6      0.0000      0.3635
ALPHA 1.3768 MaxIteration 308  TIMEOUT 0.035925
 12          3          5          6      0.0359          6           6      0.0000      0.4337
ALPHA 1.3399 MaxIteration 424  TIMEOUT 0.047759
 13          3          5          6      0.0478          6           6      0.0000      0.5238
ALPHA 1.3049 MaxIteration 568  TIMEOUT 0.064591
 14          3          5          6      0.0646          6           6      0.0000      0.6534
ALPHA 1.2718 MaxIteration 741  TIMEOUT 0.087344
 15          3          5          6      0.0873          6           6      0.0000      0.8238
ALPHA 1.2402 MaxIteration 942  TIMEOUT 0.113971
 16          3          5          6      0.1140          6           6      0.0000      1.0537
ALPHA 1.2102 MaxIteration 1168  TIMEOUT 0.139821
 17          3          5          6      0.1398          6           6      0.0000      1.3333
ALPHA 1.1816 MaxIteration 1413  TIMEOUT 0.157677
 18          3          5          6      0.1577          6           6      0.0000      1.6435
ALPHA 1.1543 MaxIteration 1669  TIMEOUT 0.185521
 19          3          5          6      0.1855          6           6      0.0000      2.0137
ALPHA 1.1283 MaxIteration 1926  TIMEOUT 0.212279
 20          3          5          6      0.2123          6           6      0.0000      2.4436
ALPHA 1.1034 MaxIteration 2173  TIMEOUT 0.245239
 21          3          5          6      0.2452          6           6      0.0000      2.9335
ALPHA 1.0795 MaxIteration 2397  TIMEOUT 0.283780
 22          3          5          6      0.2838          6           6      0.0000      3.5037
ALPHA 1.0567 MaxIteration 2587  TIMEOUT 0.300134
 23          3          5          6      0.3001          6           6      0.0000      4.1134
ALPHA 1.0349 MaxIteration 2733  TIMEOUT 0.312574
 24          3          5          6      0.3126          6           6      0.0000      4.7436
ALPHA 1.0349 MaxIteration 2828  TIMEOUT 0.327674
 25          3          5          6      0.3277          6           6      0.0000      5.3935
ALPHA 1.0349 MaxIteration 2926  TIMEOUT 0.332964
 26          3          5          6      0.3330          6           6      0.0000      6.0635
ALPHA 1.0349 MaxIteration 3027  TIMEOUT 0.360630
 27          3          5          6      0.3606          6           6      0.0000      6.7936
ALPHA 1.0349 MaxIteration 3132  TIMEOUT 0.388419
 28          3          5          6      0.3884          6           6      0.0000      7.5635
ALPHA 1.0349 MaxIteration 3241  TIMEOUT 0.387487
 29          3          5          6      0.3875          6           6      0.0000      8.3335
ALPHA 1.0349 MaxIteration 3353  TIMEOUT 0.395870
 30          3          5          6      0.3959          6           6      0.0000      9.1234
ALPHA 1.0349 MaxIteration 3469  TIMEOUT 0.390282
 31          3          5          6      0.3903          6           6      0.0000      9.9138
ALPHA 1.0349 MaxIteration 3589  TIMEOUT 0.413454
 32          3          5          6      0.4135          6           6      0.0000     10.7434
ALPHA 1.0349 MaxIteration 3714  TIMEOUT 0.436473
 33          3          5          6      0.4365          6           6      0.0000     11.6136
ALPHA 1.0349 MaxIteration 3843  TIMEOUT 0.448723
 34          3          5          6      0.4487          6           6      0.0000     12.5034
ALPHA 1.0349 MaxIteration 3976  TIMEOUT 0.477202
 35          3          5          6      0.4772          6           6      0.0000     13.4534
ALPHA 1.0349 MaxIteration 4114  TIMEOUT 0.446575
 36          3          5          6      0.4466          6           6      0.0000     14.3437
ALPHA 1.0349 MaxIteration 4257  TIMEOUT 0.497292
 37          3          5          6      0.4973          6           6      0.0000     15.3235
ALPHA 1.0349 MaxIteration 4405  TIMEOUT 0.499254
 38          3          5          6      0.4993          6           6      0.0000     16.3134
ALPHA 1.0349 MaxIteration 4558  TIMEOUT 0.507636
 39          3          5          6      0.5076          6           6      0.0000     17.3237
ALPHA 1.0349 MaxIteration 4716  TIMEOUT 0.525246
 40          3          5          6      0.5252          6           6      0.0000     18.3733
ALPHA 1.0349 MaxIteration 4880  TIMEOUT 0.561851
 41          3          5          6      0.5619          6           6      0.0000     19.4935
ALPHA 1.0349 MaxIteration 5050  TIMEOUT 0.506455
 42          3          5          6      0.5065>>> gen200_p0.9_55.clq |V| 200 |E| 17910  (#LB 0.0000 5 ---> 5  0.2000  6 <--- 6  0.0000 #UB)  #solve_ime 20.0000 read_time 0.0067 
