>>IBM: |V|=200 |E|=17910
>>IBM: The maximum node weight is 200
/public/home/acs4vb4pqv/benchmarks/MWDS2026/dimacs/gen200_p0.9_55.clq #seed 102 #alpha 1.900 #timeout 0.100 K=5 RHO=0.05 Q0=0.90 BETA=3.5 AQ_MODE=dbs SAFE_AQ_MIN_GAP=0.050 SAFE_AQ_MIN_NODES=800 AQ_SLOPE_MARGIN=1.05 AQ_MAX_UB_DRIFT=0.25
[v19] |V|=200 |E|=17910 density=89.55 USE_ADVANCED=0
#Rd        #LB        #LB*       #UB       #Time        #UB+        #UB*      #Time      #TotalTime
First Gap  0.200000
ALPHA 1.9000 MaxIteration 500  TIMEOUT 0.079621
  1          5          5          6      0.0796          6           6      0.0000      0.1548
ALPHA 1.9000 MaxIteration 3  TIMEOUT 0.000631
  2          4          5          6      0.0006          6           6      0.0000      0.1648
ALPHA 1.8304 MaxIteration 5  TIMEOUT 0.000806
  3          4          5          6      0.0008          6           6      0.0000      0.1751
ALPHA 1.7658 MaxIteration 9  TIMEOUT 0.000491
  4          4          5          6      0.0005          6           6      0.0000      0.1849
ALPHA 1.7056 MaxIteration 15  TIMEOUT 0.002241
  5          4          5          6      0.0022          6           6      0.0000      0.1952
ALPHA 1.6493 MaxIteration 25  TIMEOUT 0.003649
  6          4          5          6      0.0036          6           6      0.0000      0.2053
ALPHA 1.5966 MaxIteration 41  TIMEOUT 0.006167
  7          4          5          6      0.0062          6           6      0.0000      0.2149
ALPHA 1.5472 MaxIteration 65  TIMEOUT 0.011071
  8          4          5          6      0.0111          6           6      0.0000      0.2450
ALPHA 1.5008 MaxIteration 100  TIMEOUT 0.018432
  9          4          5          6      0.0184          6           6      0.0000      0.2753
ALPHA 1.4571 MaxIteration 150  TIMEOUT 0.018024
 10          3          5          6      0.0180          6           6      0.0000      0.3050
ALPHA 1.4158 MaxIteration 218  TIMEOUT 0.025106
 11          3          5          6      0.0251          6           6      0.0000      0.3551
ALPHA 1.3768 MaxIteration 308  TIMEOUT 0.035896
 12          3          5          6      0.0359          6           6      0.0000      0.4252
ALPHA 1.3399 MaxIteration 424  TIMEOUT 0.048643
 13          3          5          6      0.0486          6           6      0.0000      0.5150
ALPHA 1.3049 MaxIteration 568  TIMEOUT 0.063988
 14          3          5          6      0.0640          6           6      0.0000      0.6448
ALPHA 1.2718 MaxIteration 741  TIMEOUT 0.085699
 15          3          5          6      0.0857          6           6      0.0000      0.8149
ALPHA 1.2402 MaxIteration 942  TIMEOUT 0.105233
 16          3          5          6      0.1052          6           6      0.0000      1.0249
ALPHA 1.2102 MaxIteration 1168  TIMEOUT 0.137338
 17          3          5          6      0.1373          6           6      0.0000      1.2950
ALPHA 1.1816 MaxIteration 1413  TIMEOUT 0.169659
 18          3          5          6      0.1697          6           6      0.0000      1.6350
ALPHA 1.1543 MaxIteration 1669  TIMEOUT 0.184499
 19          3          5          6      0.1845          6           6      0.0000      2.0048
ALPHA 1.1283 MaxIteration 1926  TIMEOUT 0.211534
 20          3          5          6      0.2115          6           6      0.0000      2.4349
ALPHA 1.1034 MaxIteration 2173  TIMEOUT 0.238205
 21          3          5          6      0.2382          6           6      0.0000      2.9050
ALPHA 1.0795 MaxIteration 2397  TIMEOUT 0.275783
 22          3          5          6      0.2758          6           6      0.0000      3.4550
ALPHA 1.0567 MaxIteration 2587  TIMEOUT 0.300634
 23          3          5          6      0.3006          6           6      0.0000      4.0552
ALPHA 1.0349 MaxIteration 2733  TIMEOUT 0.310668
 24          3          5          6      0.3107          6           6      0.0000      4.6848
ALPHA 1.0349 MaxIteration 2828  TIMEOUT 0.330100
 25          3          5          6      0.3301          6           6      0.0000      5.3551
ALPHA 1.0349 MaxIteration 2926  TIMEOUT 0.316694
 26          3          5          6      0.3167          6           6      0.0000      5.9850
ALPHA 1.0349 MaxIteration 3027  TIMEOUT 0.338688
 27          3          5          6      0.3387          6           6      0.0000      6.6549
ALPHA 1.0349 MaxIteration 3132  TIMEOUT 0.383741
 28          3          5          6      0.3837          6           6      0.0000      7.4253
ALPHA 1.0349 MaxIteration 3241  TIMEOUT 0.387917
 29          3          5          6      0.3879          6           6      0.0000      8.1950
ALPHA 1.0349 MaxIteration 3353  TIMEOUT 0.384141
 30          3          5          6      0.3841          6           6      0.0000      8.9649
ALPHA 1.0349 MaxIteration 3469  TIMEOUT 0.398378
 31          3          5          6      0.3984          6           6      0.0000      9.7551
ALPHA 1.0349 MaxIteration 3589  TIMEOUT 0.402344
 32          3          5          6      0.4023          6           6      0.0000     10.5651
ALPHA 1.0349 MaxIteration 3714  TIMEOUT 0.447240
 33          3          5          6      0.4472          6           6      0.0000     11.4552
ALPHA 1.0349 MaxIteration 3843  TIMEOUT 0.438661
 34          3          5          6      0.4387          6           6      0.0000     12.3249
ALPHA 1.0349 MaxIteration 3976  TIMEOUT 0.471271
 35          3          5          6      0.4713          6           6      0.0000     13.2750
ALPHA 1.0349 MaxIteration 4114  TIMEOUT 0.493852
 36          3          5          6      0.4939          6           6      0.0000     14.2653
ALPHA 1.0349 MaxIteration 4257  TIMEOUT 0.493563
 37          3          5          6      0.4936          6           6      0.0000     15.2550
ALPHA 1.0349 MaxIteration 4405  TIMEOUT 0.500227
 38          3          5          6      0.5002          6           6      0.0000     16.2649
ALPHA 1.0349 MaxIteration 4558  TIMEOUT 0.542034
 39          3          5          6      0.5420          6           6      0.0000     17.3550
ALPHA 1.0349 MaxIteration 4716  TIMEOUT 0.519829
 40          3          5          6      0.5198          6           6      0.0000     18.3950
ALPHA 1.0349 MaxIteration 4880  TIMEOUT 0.569089
 41          3          5          6      0.5691          6           6      0.0000     19.5251
ALPHA 1.0349 MaxIteration 5050  TIMEOUT 0.474954
 42          3          5          6      0.4750>>> gen200_p0.9_55.clq |V| 200 |E| 17910  (#LB 0.0000 5 ---> 5  0.2000  6 <--- 6  0.0000 #UB)  #solve_ime 20.0001 read_time 0.0052 
