>>IBM: |V|=200 |E|=2000
>>IBM: The maximum node weight is 49
/public/home/acs4vb4pqv/benchmarks/MWDS2026/T1_wclq/T1_200_2000_8.wclq #seed 2 #alpha 1.900 #timeout 0.100 K=5 RHO=0.05 Q0=0.90 BETA=3.5 AQ_MODE=dbs SAFE_AQ_MIN_GAP=0.050 SAFE_AQ_MIN_NODES=800 AQ_SLOPE_MARGIN=1.05 AQ_MAX_UB_DRIFT=0.25
[v19] |V|=200 |E|=2000 density=10.00 USE_ADVANCED=0
#Rd        #LB        #LB*       #UB       #Time        #UB+        #UB*      #Time      #TotalTime
First Gap  1.328283
ALPHA 1.9000 MaxIteration 500  TIMEOUT 0.044255
  1        198        198        461      0.0443        416         416      0.0100      0.0881
ALPHA 1.9000 MaxIteration 3  TIMEOUT 0.000352
  2        191        198        562      0.0004        416         416      0.0000      0.0981
ALPHA 1.8304 MaxIteration 5  TIMEOUT 0.000833
  3        179        198        506      0.0008        430         416      0.0000      0.1081
ALPHA 1.7658 MaxIteration 9  TIMEOUT 0.002069
  4        179        198        505      0.0021        416         416      0.0000      0.1181
ALPHA 1.7056 MaxIteration 15  TIMEOUT 0.002726
  5        184        198        500      0.0027        416         416      0.0000      0.1281
ALPHA 1.6493 MaxIteration 25  TIMEOUT 0.004257
  6        183        198        498      0.0043        416         416      0.0000      0.1381
ALPHA 1.5966 MaxIteration 41  TIMEOUT 0.007685
  7        182        198        477      0.0077        421         416      0.0000      0.1481
ALPHA 1.5472 MaxIteration 65  TIMEOUT 0.010963
  8        193        198        467      0.0110        421         416      0.0100      0.1781
ALPHA 1.5008 MaxIteration 100  TIMEOUT 0.009332
  9        190        198        480      0.0093        451         416      0.0000      0.1881
ALPHA 1.4571 MaxIteration 150  TIMEOUT 0.048547
 10        194        198        474      0.0485        416         416      0.0200      0.2781
ALPHA 1.4158 MaxIteration 218  TIMEOUT 0.066942
 11        195        198        468      0.0669        416         416      0.0400      0.4066
ALPHA 1.3768 MaxIteration 308  TIMEOUT 0.072531
 12        198        198        472      0.0725        416         416      0.0000      0.5581
ALPHA 1.3399 MaxIteration 424  TIMEOUT 0.070552
 13        196        198        473      0.0706        416         416      0.0200      0.7081
ALPHA 1.3049 MaxIteration 568  TIMEOUT 0.172687
 14        207        207        460      0.1727        416         416      0.0600      1.0481
ALPHA 1.2718 MaxIteration 741  TIMEOUT 0.148266
 15        200        207        479      0.1483        416         416      0.0100      1.3381
ALPHA 1.2402 MaxIteration 942  TIMEOUT 0.144943
 16        198        207        476      0.1449        416         416      0.0400      1.6181
ALPHA 1.2102 MaxIteration 1168  TIMEOUT 0.118090
 17        197        207        454      0.1181        416         416      0.0100      1.8481
ALPHA 1.1816 MaxIteration 1413  TIMEOUT 0.152309
 18        204        207        469      0.1523        416         416      0.0100      2.1481
ALPHA 1.1543 MaxIteration 1669  TIMEOUT 0.240589
 19        200        207        474      0.2406        416         416      0.0400      2.6381
ALPHA 1.1283 MaxIteration 1926  TIMEOUT 0.241739
 20        201        207        475      0.2417        416         416      0.0100      3.1181
ALPHA 1.1034 MaxIteration 2173  TIMEOUT 0.264452
 21        196        207        470      0.2645        416         416      0.0100      3.6481
ALPHA 1.0795 MaxIteration 2397  TIMEOUT 0.273222
 22        200        207        478      0.2732        416         416      0.0500      4.1881
ALPHA 1.0567 MaxIteration 2587  TIMEOUT 0.609324
 23        202        207        456      0.6093        416         416      0.0700      5.3881
ALPHA 1.0349 MaxIteration 2733  TIMEOUT 0.531730
 24        203        207        445      0.5317        416         416      0.1100      6.4381
ALPHA 1.0349 MaxIteration 2828  TIMEOUT 0.340511
 25        200        207        476      0.3405        416         416      0.0100      7.1181
ALPHA 1.0349 MaxIteration 2926  TIMEOUT 0.285691
 26        197        207        474      0.2857        416         416      0.0500      7.6881
ALPHA 1.0349 MaxIteration 3027  TIMEOUT 0.806756
 27        207        207        454      0.8068        416         416      0.0000      9.2781
ALPHA 1.0349 MaxIteration 3132  TIMEOUT 0.662860
 28        200        207        472      0.6629        416         416      0.0100     10.5981
ALPHA 1.0349 MaxIteration 3241  TIMEOUT 0.337290
 29        197        207        478      0.3373        416         416      0.0200     11.2581
ALPHA 1.0349 MaxIteration 3353  TIMEOUT 0.637588
 30        200        207        468      0.6376        416         416      0.0100     12.5081
ALPHA 1.0349 MaxIteration 3469  TIMEOUT 0.482888
 31        207        207        463      0.4829        416         416      0.0000     13.4781
ALPHA 1.0349 MaxIteration 3589  TIMEOUT 0.774534
 32        207        207        476      0.7745        416         416      0.0000     15.0081
ALPHA 1.0349 MaxIteration 3714  TIMEOUT 0.420644
 33        199        207        445      0.4206        416         416      0.0400     15.8481
ALPHA 1.0349 MaxIteration 3843  TIMEOUT 0.527179
 34        202        207        463      0.5272        416         416      0.0100     16.8781
ALPHA 1.0349 MaxIteration 3976  TIMEOUT 0.676061
 35        200        207        445      0.6761        416         416      0.0000     18.2081
ALPHA 1.0349 MaxIteration 4114  TIMEOUT 0.402042
 36        197        207        480      0.4020        416         416      0.0000     19.0081
ALPHA 1.0349 MaxIteration 4257  TIMEOUT 0.445405
 37        200        207        469      0.4454        416         416      0.0700     19.8781
ALPHA 1.0349 MaxIteration 4405  TIMEOUT 0.121913
 38        197        207        485      0.1219>>> T1_200_2000_8.wclq |V| 200 |E| 2000  (#LB 0.0455 198 ---> 207  1.0097  416 <--- 461  0.0976 #UB)  #solve_ime 20.0001 read_time 0.0019 
