>>IBM: |V|=200 |E|=2000
>>IBM: The maximum node weight is 49
/public/home/acs4vb4pqv/benchmarks/MWDS2026/T1_wclq/T1_200_2000_8.wclq #seed 102 #alpha 1.900 #timeout 0.100 K=5 RHO=0.05 Q0=0.90 BETA=3.5 AQ_MODE=dbs SAFE_AQ_MIN_GAP=0.050 SAFE_AQ_MIN_NODES=800 AQ_SLOPE_MARGIN=1.05 AQ_MAX_UB_DRIFT=0.25
[v19] |V|=200 |E|=2000 density=10.00 USE_ADVANCED=0
#Rd        #LB        #LB*       #UB       #Time        #UB+        #UB*      #Time      #TotalTime
First Gap  1.328283
ALPHA 1.9000 MaxIteration 500  TIMEOUT 0.044099
  1        198        198        461      0.0441        416         416      0.0100      0.0877
ALPHA 1.9000 MaxIteration 3  TIMEOUT 0.000355
  2        191        198        562      0.0004        416         416      0.0000      0.0977
ALPHA 1.8304 MaxIteration 5  TIMEOUT 0.000838
  3        179        198        506      0.0008        430         416      0.0000      0.1077
ALPHA 1.7658 MaxIteration 9  TIMEOUT 0.002070
  4        179        198        505      0.0021        416         416      0.0000      0.1177
ALPHA 1.7056 MaxIteration 15  TIMEOUT 0.002742
  5        184        198        500      0.0027        416         416      0.0000      0.1277
ALPHA 1.6493 MaxIteration 25  TIMEOUT 0.004289
  6        183        198        498      0.0043        416         416      0.0000      0.1377
ALPHA 1.5966 MaxIteration 41  TIMEOUT 0.007765
  7        182        198        477      0.0078        421         416      0.0000      0.1477
ALPHA 1.5472 MaxIteration 65  TIMEOUT 0.011005
  8        193        198        467      0.0110        420         416      0.0100      0.1777
ALPHA 1.5008 MaxIteration 100  TIMEOUT 0.017522
  9        177        198        486      0.0175        416         416      0.0100      0.2077
ALPHA 1.4571 MaxIteration 150  TIMEOUT 0.014331
 10        177        198        468      0.0143        416         416      0.0000      0.2377
ALPHA 1.4158 MaxIteration 218  TIMEOUT 0.029389
 11        184        198        475      0.0294        416         416      0.0100      0.2877
ALPHA 1.3768 MaxIteration 308  TIMEOUT 0.030874
 12        182        198        480      0.0309        416         416      0.0000      0.3577
ALPHA 1.3399 MaxIteration 424  TIMEOUT 0.059446
 13        180        198        472      0.0594        416         416      0.0100      0.4677
ALPHA 1.3049 MaxIteration 568  TIMEOUT 0.057648
 14        178        198        465      0.0576        416         416      0.0100      0.5677
ALPHA 1.2718 MaxIteration 741  TIMEOUT 0.162314
 15        197        198        473      0.1623        416         416      0.0200      0.8977
ALPHA 1.2402 MaxIteration 942  TIMEOUT 0.090084
 16        182        198        455      0.0901        416         416      0.0200      1.0777
ALPHA 1.2102 MaxIteration 1168  TIMEOUT 0.126254
 17        196        198        461      0.1263        416         416      0.0100      1.3277
ALPHA 1.1816 MaxIteration 1413  TIMEOUT 0.234582
 18        198        198        453      0.2346        416         416      0.1000      1.7877
ALPHA 1.1543 MaxIteration 1669  TIMEOUT 0.252106
 19        183        198        461      0.2521        424         416      0.0000      2.2977
ALPHA 1.1283 MaxIteration 1926  TIMEOUT 0.193094
 20        190        198        472      0.1931        416         416      0.0100      2.6877
ALPHA 1.1034 MaxIteration 2173  TIMEOUT 0.226520
 21        204        204        465      0.2265        416         416      0.0100      3.1377
ALPHA 1.0795 MaxIteration 2397  TIMEOUT 0.373896
 22        194        204        466      0.3739        416         416      0.0100      3.8777
ALPHA 1.0567 MaxIteration 2587  TIMEOUT 0.353171
 23        193        204        471      0.3532        416         416      0.0000      4.5777
ALPHA 1.0349 MaxIteration 2733  TIMEOUT 0.292866
 24        192        204        471      0.2929        416         416      0.0000      5.1577
ALPHA 1.0349 MaxIteration 2828  TIMEOUT 0.261463
 25        190        204        458      0.2615        417         416      0.0400      5.6877
ALPHA 1.0349 MaxIteration 2926  TIMEOUT 0.630393
 26        188        204        465      0.6304        416         416      0.0000      6.9577
ALPHA 1.0349 MaxIteration 3027  TIMEOUT 0.265192
 27        182        204        459      0.2652        416         416      0.0300      7.4777
ALPHA 1.0349 MaxIteration 3132  TIMEOUT 0.422779
 28        185        204        465      0.4228        416         416      0.0000      8.3177
ALPHA 1.0349 MaxIteration 3241  TIMEOUT 0.542331
 29        197        204        445      0.5423        416         416      0.0100      9.3877
ALPHA 1.0349 MaxIteration 3353  TIMEOUT 0.617553
 30        190        204        467      0.6176        416         416      0.0200     10.5977
ALPHA 1.0349 MaxIteration 3469  TIMEOUT 0.368971
 31        193        204        461      0.3690        416         416      0.0100     11.3177
ALPHA 1.0349 MaxIteration 3589  TIMEOUT 0.342155
 32        182        204        457      0.3422        416         416      0.0200     12.0077
ALPHA 1.0349 MaxIteration 3714  TIMEOUT 0.420905
 33        193        204        467      0.4209        416         416      0.0100     12.8477
ALPHA 1.0349 MaxIteration 3843  TIMEOUT 0.371040
 34        195        204        454      0.3710        419         416      0.0000     13.5877
ALPHA 1.0349 MaxIteration 3976  TIMEOUT 0.380573
 35        192        204        467      0.3806        416         416      0.0100     14.3477
ALPHA 1.0349 MaxIteration 4114  TIMEOUT 0.422801
 36        193        204        467      0.4228        416         416      0.0200     15.1877
ALPHA 1.0349 MaxIteration 4257  TIMEOUT 0.687984
 37        191        204        461      0.6880        416         416      0.0100     16.5477
ALPHA 1.0349 MaxIteration 4405  TIMEOUT 0.970539
 38        192        204        456      0.9705        416         416      0.0000     18.4777
ALPHA 1.0349 MaxIteration 4558  TIMEOUT 0.424168
 39        192        204        460      0.4242        416         416      0.0000     19.3177
ALPHA 1.0349 MaxIteration 4716  TIMEOUT 0.521524
 40        197        204        467      0.5215        416         416      0.0100     20.0077
>>> T1_200_2000_8.wclq |V| 200 |E| 2000  (#LB 0.0303 198 ---> 204  1.0392  416 <--- 461  0.0976 #UB)  #solve_ime 20.0077 read_time 0.0023 
