With  Parameters CUTOFF 20 SEED 1  ALPHA = 1.900  K=5 RHO=0.05 Q0=0.90 BETA=3.0 AQ_MODE=guarded
Reading  graph ...  time 0.058054  
Reducing graph ...  time 0.000073  
[v6] |V|=150 |E|=2000 density=13.33 USE_ADVANCED=0 SAFE_AQ_MIN_GAP=0.050 DEEP_AQ_RANGE=[800, 5.00, 10.00] structure_blocks_aq=1 AQ_SLOPE_MARGIN=1.15 AQ_MAX_UB_DRIFT=0.20
#Rd        #LB        #LB*       #UB       #Time        #UB+        #UB*      #Time      #TotalTime
First Gap  0.188867
  1        503        503        598      0.0403
 Switch to DBS-only search, timeout 0.040329....
 [Online-safe AQ structure guard] |V|=150 density=13.33 outside [800, 5.00, 10.00], disabling AQ
        598         598      0.0006        0.0811
ALPHA 1.9000 MaxIteration 3  TIMEOUT 0.040329
  2        492        503        672      0.0003        601         598      0.0002        0.0817
ALPHA 1.8304 MaxIteration 5  TIMEOUT 0.000494
  3        495        503        649      0.0005        598         598      0.0003        0.0827
ALPHA 1.7658 MaxIteration 9  TIMEOUT 0.000930
  4        501        503        671      0.0008        598         598      0.0006        0.0843
ALPHA 1.7056 MaxIteration 15  TIMEOUT 0.001416
  5        495        503        671      0.0015        598         598      0.0003        0.0872
ALPHA 1.6493 MaxIteration 25  TIMEOUT 0.002487
  6        494        503        646      0.0022        598         598      0.0003        0.0916
ALPHA 1.5966 MaxIteration 41  TIMEOUT 0.003589
  7        494        503        646      0.0031        598         598      0.0003        0.0977
ALPHA 1.5472 MaxIteration 65  TIMEOUT 0.004903
  8        494        503        646      0.0045        598         598      0.0003        0.1067
ALPHA 1.5008 MaxIteration 100  TIMEOUT 0.006952
  9        494        503        646      0.0066        598         598      0.0003        0.1199
ALPHA 1.4571 MaxIteration 150  TIMEOUT 0.009836
 10        494        503        646      0.0096        598         598      0.0006        0.1391
ALPHA 1.4158 MaxIteration 218  TIMEOUT 0.014018
 11        494        503        646      0.0134        598         598      0.0003        0.1662
ALPHA 1.3768 MaxIteration 308  TIMEOUT 0.019004
 12        497        503        646      0.0191        598         598      0.0003        0.2044
ALPHA 1.3399 MaxIteration 424  TIMEOUT 0.026253
 13        497        503        646      0.0263        598         598      0.0006        0.2570
ALPHA 1.3049 MaxIteration 568  TIMEOUT 0.035216
 14        497        503        646      0.0352        598         598      0.0005        0.3285
ALPHA 1.2718 MaxIteration 741  TIMEOUT 0.045973
 15        497        503        632      0.0460        598         598      0.0011        0.4215
ALPHA 1.2402 MaxIteration 942  TIMEOUT 0.058508
 16        497        503        632      0.0585        598         598      0.0003        0.5387
ALPHA 1.2102 MaxIteration 1168  TIMEOUT 0.072566
 17        497        503        632      0.0726        598         598      0.0004        0.6840
ALPHA 1.1816 MaxIteration 1413  TIMEOUT 0.087870
 18        497        503        632      0.0879        598         598      0.0003        0.8598
ALPHA 1.1543 MaxIteration 1669  TIMEOUT 0.103858
 19        498        503        632      0.1039        598         598      0.0004        1.0729
ALPHA 1.1283 MaxIteration 1926  TIMEOUT 0.119918
 20        498        503        632      0.1199        598         598      0.0012        1.3231
ALPHA 1.1034 MaxIteration 2173  TIMEOUT 0.135321
 21        498        503        632      0.1353        598         598      0.0005        1.6457
ALPHA 1.0795 MaxIteration 2397  TIMEOUT 0.149336
 22        498        503        632      0.1494        598         598      0.0009        1.9446
ALPHA 1.0567 MaxIteration 2587  TIMEOUT 0.161274
 23        498        503        632      0.1613        598         598      0.0004        2.2702
ALPHA 1.0349 MaxIteration 2733  TIMEOUT 0.170441
 24        501        503        632      0.1705        598         598      0.0004        2.7923
ALPHA 1.0349 MaxIteration 2828  TIMEOUT 0.176441
 25        501        503        632      0.1765        598         598      0.0004        3.1485
ALPHA 1.0349 MaxIteration 2926  TIMEOUT 0.182649
 26        501        503        632      0.1827        598         598      0.0004        3.5196
ALPHA 1.0349 MaxIteration 3027  TIMEOUT 0.189040
 27        501        503        632      0.1891        598         598      0.0003        3.8999
ALPHA 1.0349 MaxIteration 3132  TIMEOUT 0.195689
 28        501        503        632      0.1957        598         598      0.0003        4.2944
ALPHA 1.0349 MaxIteration 3241  TIMEOUT 0.202531
 29        501        503        632      0.2026        598         598      0.0008        4.7006
ALPHA 1.0349 MaxIteration 3353  TIMEOUT 0.209630
 30        501        503        632      0.2097        598         598      0.0003        5.1222
ALPHA 1.0349 MaxIteration 3469  TIMEOUT 0.216963
 31        501        503        632      0.2170        598         598      0.0003        5.5564
ALPHA 1.0349 MaxIteration 3589  TIMEOUT 0.224556
 32        501        503        632      0.2246        598         598      0.0004        6.0088
ALPHA 1.0349 MaxIteration 3714  TIMEOUT 0.232427
 33        501        503        632      0.2325        598         598      0.0003        6.4738
ALPHA 1.0349 MaxIteration 3843  TIMEOUT 0.240567
 34        501        503        632      0.2406        598         598      0.0003        6.9560
ALPHA 1.0349 MaxIteration 3976  TIMEOUT 0.248990
 35        501        503        632      0.2490        598         598      0.0005        7.4552
ALPHA 1.0349 MaxIteration 4114  TIMEOUT 0.257718
 36        501        503        632      0.2577        598         598      0.0006        7.9738
ALPHA 1.0349 MaxIteration 4257  TIMEOUT 0.266713
 37        501        503        632      0.2667        598         598      0.0006        8.5125
ALPHA 1.0349 MaxIteration 4405  TIMEOUT 0.276045
 38        501        503        632      0.2761        598         598      0.0003        9.0668
ALPHA 1.0349 MaxIteration 4558  TIMEOUT 0.285695
 39        501        503        632      0.2857        598         598      0.0005        9.6433
ALPHA 1.0349 MaxIteration 4716  TIMEOUT 0.295688
 40        501        503        632      0.2957        598         598      0.0004       10.2362
ALPHA 1.0349 MaxIteration 4880  TIMEOUT 0.306028
 41        501        503        632      0.3060        598         598      0.0003       10.8494
ALPHA 1.0349 MaxIteration 5050  TIMEOUT 0.316714
 42        501        503        632      0.3167        598         598      0.0004       11.4860
ALPHA 1.0349 MaxIteration 5226  TIMEOUT 0.327758
 43        501        503        632      0.3278        598         598      0.0004       12.1447
ALPHA 1.0349 MaxIteration 5408  TIMEOUT 0.339227
 44        501        503        632      0.3393        598         598      0.2036       12.8263
ALPHA 1.0349 MaxIteration 5596  TIMEOUT 0.351081
 45        501        503        632      0.3511        598         598      0.0005       13.5299
ALPHA 1.0349 MaxIteration 5791  TIMEOUT 0.363347
 46        501        503        632      0.3634        598         598      0.0004       19.9998
>>> T2_150_2000_1.wclq |V| 150 |E| 2000  (#LB 0.0000 503 ---> 503  0.1589  598 <--- 598  0.0000 #UB)  #read_time 0.0581  #reduce_time 0.0001  #solve_time 19.9998  #total_time 20.0579
 