With  Parameters CUTOFF 20 SEED 1  ALPHA = 1.900  K=5 RHO=0.05 Q0=0.90 BETA=3.0 AQ_MODE=dbs
Reading  graph ...  time 0.068682  
Reducing graph ...  time 0.000296  
[v6] |V|=200 |E|=17910 density=89.55 USE_ADVANCED=0 SAFE_AQ_MIN_GAP=0.050 DEEP_AQ_RANGE=[800, 5.00, 10.00] structure_blocks_aq=1 AQ_SLOPE_MARGIN=1.15 AQ_MAX_UB_DRIFT=0.20
#Rd        #LB        #LB*       #UB       #Time        #UB+        #UB*      #Time      #TotalTime
First Gap  0.200000
  1          5          5          6      0.0789
 Switch to DBS-only search, timeout 0.078861....
 [Online-safe AQ structure guard] |V|=200 density=89.55 outside [800, 5.00, 10.00], disabling AQ
          6           6      0.0013        0.1598
ALPHA 1.9000 MaxIteration 3  TIMEOUT 0.078861
  2          5          5          6      0.0006          6           6      0.0012        0.1616
ALPHA 1.8304 MaxIteration 5  TIMEOUT 0.001170
  3          5          5          6      0.0013          6           6      0.0012        0.1642
ALPHA 1.7658 MaxIteration 9  TIMEOUT 0.002354
  4          5          5          7      0.0025          6           6      0.0012        0.1692
ALPHA 1.7056 MaxIteration 15  TIMEOUT 0.004337
  5          4          5          7      0.0018          6           6      0.0012        0.1729
ALPHA 1.6493 MaxIteration 25  TIMEOUT 0.003116
  6          4          5          7      0.0029          6           6      0.0012        0.1788
ALPHA 1.5966 MaxIteration 41  TIMEOUT 0.004762
  7          4          5          7      0.0045          6           6      0.0012        0.1879
ALPHA 1.5472 MaxIteration 65  TIMEOUT 0.007199
  8          4          5          7      0.0069          6           6      0.0011        0.2017
ALPHA 1.5008 MaxIteration 100  TIMEOUT 0.010619
  9          4          5          7      0.0105          6           6      0.0012        0.2228
ALPHA 1.4571 MaxIteration 150  TIMEOUT 0.015725
 10          4          5          7      0.0153          6           6      0.0012        0.2546
ALPHA 1.4158 MaxIteration 218  TIMEOUT 0.022261
 11          4          5          7      0.0223          6           6      0.0012        0.2994
ALPHA 1.3768 MaxIteration 308  TIMEOUT 0.031560
 12          4          5          7      0.0316          6           6      0.0012        0.3627
ALPHA 1.3399 MaxIteration 424  TIMEOUT 0.043573
 13          4          5          7      0.0436          6           6      0.0012        0.4500
ALPHA 1.3049 MaxIteration 568  TIMEOUT 0.058448
 14          4          5          7      0.0585          6           6      0.0012        0.5672
ALPHA 1.2718 MaxIteration 741  TIMEOUT 0.076355
 15          4          5          7      0.0765          6           6      0.0012        0.7213
ALPHA 1.2402 MaxIteration 942  TIMEOUT 0.097228
 16          4          5          7      0.0967          6           6      0.0012        0.9178
ALPHA 1.2102 MaxIteration 1168  TIMEOUT 0.119951
 17          4          5          7      0.1200          6           6      0.0012        1.1581
ALPHA 1.1816 MaxIteration 1413  TIMEOUT 0.145224
 18          4          5          7      0.1453          6           6      0.0013        1.4488
ALPHA 1.1543 MaxIteration 1669  TIMEOUT 0.171677
 19          4          5          7      0.1717          6           6      0.0013        1.7935
ALPHA 1.1283 MaxIteration 1926  TIMEOUT 0.198248
 20          4          5          7      0.1983          6           6      0.0013        2.1934
ALPHA 1.1034 MaxIteration 2173  TIMEOUT 0.223757
 21          4          5          7      0.2238          6           6      0.0013        2.6411
ALPHA 1.0795 MaxIteration 2397  TIMEOUT 0.246925
 22          4          5          7      0.2470          6           6      0.0013        3.1394
ALPHA 1.0567 MaxIteration 2587  TIMEOUT 0.266676
 23          4          5          7      0.2667          6           6      0.0013        3.6761
ALPHA 1.0349 MaxIteration 2733  TIMEOUT 0.281863
 24          4          5          7      0.2819          6           6      0.0012        4.2422
ALPHA 1.0349 MaxIteration 2828  TIMEOUT 0.291759
 25          4          5          7      0.2919          6           6      0.0012        4.8295
ALPHA 1.0349 MaxIteration 2926  TIMEOUT 0.302032
 26          4          5          7      0.3021          6           6      0.0013        5.4347
ALPHA 1.0349 MaxIteration 3027  TIMEOUT 0.312581
 27          4          5          7      0.3127          6           6      0.0012        6.0620
ALPHA 1.0349 MaxIteration 3132  TIMEOUT 0.323588
 28          4          5          7      0.3237          6           6      0.0012        6.7144
ALPHA 1.0349 MaxIteration 3241  TIMEOUT 0.334940
 29          4          5          7      0.3350          6           6      0.0013        7.3880
ALPHA 1.0349 MaxIteration 3353  TIMEOUT 0.346703
 30          4          5          7      0.3467          6           6      0.0013        8.0837
ALPHA 1.0349 MaxIteration 3469  TIMEOUT 0.358808
 31          4          5          7      0.3589          6           6      0.0013        8.8020
ALPHA 1.0349 MaxIteration 3589  TIMEOUT 0.371382
 32          4          5          7      0.3715          6           6      0.0013        9.5471
ALPHA 1.0349 MaxIteration 3714  TIMEOUT 0.384411
 33          4          5          7      0.3845          6           6      0.0012       10.3163
ALPHA 1.0349 MaxIteration 3843  TIMEOUT 0.397863
 34          4          5          7      0.3979          6           6      0.0013       11.1167
ALPHA 1.0349 MaxIteration 3976  TIMEOUT 0.411805
 35          4          5          7      0.4118          6           6      0.0012       11.9406
ALPHA 1.0349 MaxIteration 4114  TIMEOUT 0.426183
 36          4          5          7      0.4263          6           6      0.0013       12.7953
ALPHA 1.0349 MaxIteration 4257  TIMEOUT 0.441117
 37          4          5          7      0.4412          6           6      0.0014       13.6801
ALPHA 1.0349 MaxIteration 4405  TIMEOUT 0.456598
 38          4          5          7      0.4567          6           6      0.0012       19.9988
>>> gen200_p0.9_55.clq |V| 200 |E| 17910  (#LB 0.0000 5 ---> 5  0.1667  6 <--- 6  0.0000 #UB)  #read_time 0.0687  #reduce_time 0.0003  #solve_time 19.9988  #total_time 20.0678
 