>>IBM: |V|=150 |E|=2000
>>IBM: The maximum node weight is 1235
/public/home/acs4vb4pqv/benchmarks/MWDS2026/T2_wclq/T2_150_2000_1.wclq #seed 101 #alpha 1.900 #timeout 0.100 K=5 RHO=0.05 Q0=0.90 BETA=3.5 AQ_MODE=dbs SAFE_AQ_MIN_GAP=0.050 SAFE_AQ_MIN_NODES=800 AQ_SLOPE_MARGIN=1.05 AQ_MAX_UB_DRIFT=0.25
[v19] |V|=150 |E|=2000 density=13.33 USE_ADVANCED=0
#Rd        #LB        #LB*       #UB       #Time        #UB+        #UB*      #Time      #TotalTime
First Gap  0.188867
ALPHA 1.9000 MaxIteration 500  TIMEOUT 0.040471
  1        503        503        598      0.0405        598         598      0.0000      0.0869
ALPHA 1.9000 MaxIteration 3  TIMEOUT 0.000343
  2        488        503        704      0.0003        598         598      0.0000      0.0969
ALPHA 1.8304 MaxIteration 5  TIMEOUT 0.000849
  3        477        503        621      0.0008        598         598      0.0000      0.1069
ALPHA 1.7658 MaxIteration 9  TIMEOUT 0.001254
  4        467        503        601      0.0013        598         598      0.0000      0.1169
ALPHA 1.7056 MaxIteration 15  TIMEOUT 0.001306
  5        454        503        598      0.0013        598         598      0.0000      0.1269
ALPHA 1.6493 MaxIteration 25  TIMEOUT 0.003430
  6        473        503        598      0.0034        598         598      0.0000      0.1368
ALPHA 1.5966 MaxIteration 41  TIMEOUT 0.010315
  7        470        503        598      0.0103        598         598      0.0000      0.1669
ALPHA 1.5472 MaxIteration 65  TIMEOUT 0.006172
  8        469        503        598      0.0062        598         598      0.0000      0.1769
ALPHA 1.5008 MaxIteration 100  TIMEOUT 0.009257
  9        469        503        598      0.0093        598         598      0.0000      0.1869
ALPHA 1.4571 MaxIteration 150  TIMEOUT 0.022831
 10        482        503        598      0.0228        598         598      0.0000      0.2369
ALPHA 1.4158 MaxIteration 218  TIMEOUT 0.017857
 11        481        503        598      0.0179        598         598      0.0000      0.2669
ALPHA 1.3768 MaxIteration 308  TIMEOUT 0.043078
 12        476        503        598      0.0431        598         598      0.0000      0.3569
ALPHA 1.3399 MaxIteration 424  TIMEOUT 0.049733
 13        476        503        598      0.0497        598         598      0.0000      0.4469
ALPHA 1.3049 MaxIteration 568  TIMEOUT 0.071565
 14        476        503        598      0.0716        598         598      0.0000      0.5869
ALPHA 1.2718 MaxIteration 741  TIMEOUT 0.094119
 15        476        503        598      0.0941        598         598      0.0000      0.7769
ALPHA 1.2402 MaxIteration 942  TIMEOUT 0.132144
 16        476        503        598      0.1321        598         598      0.0000      1.0469
ALPHA 1.2102 MaxIteration 1168  TIMEOUT 0.168262
 17        482        503        598      0.1683        598         598      0.0000      1.3669
ALPHA 1.1816 MaxIteration 1413  TIMEOUT 0.187281
 18        482        503        598      0.1873        598         598      0.0000      1.7369
ALPHA 1.1543 MaxIteration 1669  TIMEOUT 0.214403
 19        482        503        598      0.2144        598         598      0.0000      2.1569
ALPHA 1.1283 MaxIteration 1926  TIMEOUT 0.243934
 20        482        503        598      0.2439        598         598      0.0000      2.6469
ALPHA 1.1034 MaxIteration 2173  TIMEOUT 0.281668
 21        482        503        598      0.2817        598         598      0.0000      3.2069
ALPHA 1.0795 MaxIteration 2397  TIMEOUT 0.417361
 22        496        503        598      0.4174        598         598      0.0000      4.0269
ALPHA 1.0567 MaxIteration 2587  TIMEOUT 0.380634
 23        487        503        598      0.3806        598         598      0.0000      4.7869
ALPHA 1.0349 MaxIteration 2733  TIMEOUT 0.373718
 24        486        503        598      0.3737        598         598      0.0000      5.5269
ALPHA 1.0349 MaxIteration 2828  TIMEOUT 0.425284
 25        482        503        598      0.4253        598         598      0.0000      6.3669
ALPHA 1.0349 MaxIteration 2926  TIMEOUT 0.385081
 26        476        503        598      0.3851        598         598      0.0000      7.1369
ALPHA 1.0349 MaxIteration 3027  TIMEOUT 0.210538
 27        464        503        598      0.2105        598         598      0.0000      7.5669
ALPHA 1.0349 MaxIteration 3132  TIMEOUT 0.379465
 28        482        503        598      0.3795        598         598      0.0000      8.3069
ALPHA 1.0349 MaxIteration 3241  TIMEOUT 0.414628
 29        479        503        598      0.4146        598         598      0.0000      9.1369
ALPHA 1.0349 MaxIteration 3353  TIMEOUT 0.432962
 30        482        503        598      0.4330        598         598      0.0000     10.0069
ALPHA 1.0349 MaxIteration 3469  TIMEOUT 0.453805
 31        476        503        598      0.4538        598         598      0.0000     10.9069
ALPHA 1.0349 MaxIteration 3589  TIMEOUT 0.570006
 32        482        503        598      0.5700        598         598      0.0000     12.0369
ALPHA 1.0349 MaxIteration 3714  TIMEOUT 0.462619
 33        484        503        598      0.4626        598         598      0.0000     12.9569
ALPHA 1.0349 MaxIteration 3843  TIMEOUT 0.483232
 34        476        503        598      0.4832        598         598      0.0000     13.9169
ALPHA 1.0349 MaxIteration 3976  TIMEOUT 0.516064
 35        476        503        598      0.5161        598         598      0.0000     14.9269
ALPHA 1.0349 MaxIteration 4114  TIMEOUT 0.717635
 36        482        503        598      0.7176        598         598      0.0000     16.3369
ALPHA 1.0349 MaxIteration 4257  TIMEOUT 0.545693
 37        482        503        598      0.5457        598         598      0.0000     17.4169
ALPHA 1.0349 MaxIteration 4405  TIMEOUT 0.613709
 38        482        503        598      0.6137        598         598      0.0000     18.6469
ALPHA 1.0349 MaxIteration 4558  TIMEOUT 0.622776
 39        482        503        598      0.6228        598         598      0.0000     19.8869
ALPHA 1.0349 MaxIteration 4716  TIMEOUT 0.113063
 40        456        503        598      0.1131>>> T2_150_2000_1.wclq |V| 150 |E| 2000  (#LB 0.0000 503 ---> 503  0.1889  598 <--- 598  0.0000 #UB)  #solve_ime 20.0000 read_time 0.0031 
