With  Parameters CUTOFF 20 SEED 103  ALPHA = 1.900  K=5 RHO=0.05 Q0=0.90 BETA=3.0 AQ_MODE=dbs
Reading  graph ...  time 0.026173  
Reducing graph ...  time 0.000705  
[v6] |V|=1000 |E|=52120 density=52.12 USE_ADVANCED=0 SAFE_AQ_MIN_GAP=0.050 DEEP_AQ_RANGE=[800, 5.00, 10.00] structure_blocks_aq=1 AQ_SLOPE_MARGIN=1.15 AQ_MAX_UB_DRIFT=0.20
#Rd        #LB        #LB*       #UB       #Time        #UB+        #UB*      #Time      #TotalTime
First Gap  0.078947
  1         38         38         41      0.3901
 Switch to DBS-only search, timeout 0.390111....
 [Online-safe AQ structure guard] |V|=1000 density=52.12 outside [800, 5.00, 10.00], disabling AQ
         41          41      0.0071        1.1640
ALPHA 1.9000 MaxIteration 3  TIMEOUT 0.390111
  2         37         38         42      0.0029         42          41      0.0066        1.1735
ALPHA 1.8304 MaxIteration 5  TIMEOUT 0.005575
  3         37         38         43      0.0040         42          41      0.0067        1.1843
ALPHA 1.7658 MaxIteration 9  TIMEOUT 0.007366
  4         37         38         41      0.0067         42          41      0.0069        1.1980
ALPHA 1.7056 MaxIteration 15  TIMEOUT 0.011901
  5         37         38         41      0.0106         41          41      0.0074        1.2193
ALPHA 1.6493 MaxIteration 25  TIMEOUT 0.018125
  6         37         38         41      0.0166         41          41      0.0071        1.2526
ALPHA 1.5966 MaxIteration 41  TIMEOUT 0.027341
  7         38         38         41      0.0275         41          41      0.0078        1.3076
ALPHA 1.5472 MaxIteration 65  TIMEOUT 0.043872
  8         38         38         41      0.0440         41          41      0.0070        1.3966
ALPHA 1.5008 MaxIteration 100  TIMEOUT 0.068118
  9         38         38         41      0.0598         41          41      0.0071        1.5163
ALPHA 1.4571 MaxIteration 150  TIMEOUT 0.089732
 10         38         38         41      0.0899         41          41      0.0076        1.6963
ALPHA 1.4158 MaxIteration 218  TIMEOUT 0.131058
 11         38         38         41      0.1314         41          41      0.0085        1.9592
ALPHA 1.3768 MaxIteration 308  TIMEOUT 0.186039
 12         38         38         41      0.1867         41          41      0.0072        2.3327
ALPHA 1.3399 MaxIteration 424  TIMEOUT 0.257025
 13         38         38         41      0.2576         41          41      0.0075        2.8491
ALPHA 1.3049 MaxIteration 568  TIMEOUT 0.345131
 14         38         38         41      0.3455         41          41      0.0074        3.5402
ALPHA 1.2718 MaxIteration 741  TIMEOUT 0.450813
 15         38         38         41      0.4470         41          41      0.0072        4.4351
ALPHA 1.2402 MaxIteration 942  TIMEOUT 0.568450
 16         38         38         41      0.5685         41          41      0.0081        5.5724
ALPHA 1.2102 MaxIteration 1168  TIMEOUT 0.705066
 17         38         38         41      0.7051         41          41      0.0073        6.9857
ALPHA 1.1816 MaxIteration 1413  TIMEOUT 0.853366
 18         38         38         41      0.8536         41          41      0.0069        8.6971
ALPHA 1.1543 MaxIteration 1669  TIMEOUT 1.008559
 19         38         38         41      1.0090         41          41      0.0075       10.7174
ALPHA 1.1283 MaxIteration 1926  TIMEOUT 1.164650
 20         38         38         41      1.1027         41          41      0.0071       12.9232
ALPHA 1.1034 MaxIteration 2173  TIMEOUT 1.244120
 21         38         38         41      1.2444         41          41      0.0079       19.9931
>>> UDG_1000_200_8.wclq |V| 1000 |E| 52120  (#LB 0.0000 38 ---> 38  0.0732  41 <--- 41  0.0000 #UB)  #read_time 0.0262  #reduce_time 0.0007  #solve_time 19.9931  #total_time 20.0200
 