With  Parameters CUTOFF 20 SEED 103  ALPHA = 1.900  K=5 RHO=0.05 Q0=0.90 BETA=3.0 AQ_MODE=guarded
Reading  graph ...  time 0.005515  
Reducing graph ...  time 0.000034  
[v6] |V|=50 |E|=1000 density=20.00 USE_ADVANCED=0 SAFE_AQ_MIN_GAP=0.050 DEEP_AQ_RANGE=[800, 5.00, 10.00] structure_blocks_aq=1 AQ_SLOPE_MARGIN=1.15 AQ_MAX_UB_DRIFT=0.20
#Rd        #LB        #LB*       #UB       #Time        #UB+        #UB*      #Time      #TotalTime
First Gap  0.428571
  1         28         28         40      0.0050
 Switch to DBS-only search, timeout 0.004971....
 [Online-safe AQ structure guard] |V|=50 density=20.00 outside [800, 5.00, 10.00], disabling AQ
         40          40      0.0001        0.0166
ALPHA 1.9000 MaxIteration 3  TIMEOUT 0.004971
  2         28         28         40      0.0001         40          40      0.0001        0.0168
ALPHA 1.8304 MaxIteration 5  TIMEOUT 0.000131
  3         28         28         62      0.0001         40          40      0.0001        0.0170
ALPHA 1.7658 MaxIteration 9  TIMEOUT 0.000113
  4         28         28         62      0.0001         40          40      0.0001        0.0173
ALPHA 1.7056 MaxIteration 15  TIMEOUT 0.000138
  5         28         28         62      0.0001         40          40      0.0001        0.0176
ALPHA 1.6493 MaxIteration 25  TIMEOUT 0.000196
  6         28         28         62      0.0002         40          40      0.0001        0.0181
ALPHA 1.5966 MaxIteration 41  TIMEOUT 0.000335
  7         28         28         62      0.0003         40          40      0.0001        0.0188
ALPHA 1.5472 MaxIteration 65  TIMEOUT 0.000552
  8         28         28         47      0.0006         40          40      0.0001        0.0199
ALPHA 1.5008 MaxIteration 100  TIMEOUT 0.000873
  9         28         28         47      0.0009         40          40      0.0001        0.0217
ALPHA 1.4571 MaxIteration 150  TIMEOUT 0.001322
 10         28         28         47      0.0013         40          40      0.0001        0.0243
ALPHA 1.4158 MaxIteration 218  TIMEOUT 0.001932
 11         28         28         47      0.0019         40          40      0.0001        0.0416
ALPHA 1.3768 MaxIteration 308  TIMEOUT 0.002741
 12         28         28         47      0.0027         40          40      0.0001        0.0497
ALPHA 1.3399 MaxIteration 424  TIMEOUT 0.003778
 13         28         28         47      0.0038         40          40      0.0002        0.0573
ALPHA 1.3049 MaxIteration 568  TIMEOUT 0.005074
 14         28         28         47      0.0051         40          40      0.0001        0.0674
ALPHA 1.2718 MaxIteration 741  TIMEOUT 0.006625
 15         28         28         47      0.0066         40          40      0.0001        0.0816
ALPHA 1.2402 MaxIteration 942  TIMEOUT 0.008446
 16         28         28         47      0.0085         40          40      0.0001        0.0986
ALPHA 1.2102 MaxIteration 1168  TIMEOUT 0.010483
 17         28         28         47      0.0105         40          40      0.0001        0.1197
ALPHA 1.1816 MaxIteration 1413  TIMEOUT 0.012706
 18         28         28         47      0.0127         40          40      0.0001        0.1453
ALPHA 1.1543 MaxIteration 1669  TIMEOUT 0.015014
 19         28         28         47      0.0150         40          40      0.0001        0.1763
ALPHA 1.1283 MaxIteration 1926  TIMEOUT 0.017344
 20         28         28         47      0.0174         40          40      0.0001        0.2111
ALPHA 1.1034 MaxIteration 2173  TIMEOUT 0.019586
 21         28         28         47      0.0196         40          40      0.0001        0.2513
ALPHA 1.0795 MaxIteration 2397  TIMEOUT 0.021624
 22         28         28         47      0.0216         40          40      0.0001        0.2946
ALPHA 1.0567 MaxIteration 2587  TIMEOUT 0.023357
 23         28         28         47      0.0234         40          40      0.0001        0.3444
ALPHA 1.0349 MaxIteration 2733  TIMEOUT 0.024685
 24         28         28         47      0.0247         40          40      0.0001        0.3948
ALPHA 1.0349 MaxIteration 2828  TIMEOUT 0.025548
 25         28         28         47      0.0256         40          40      0.0001        0.4480
ALPHA 1.0349 MaxIteration 2926  TIMEOUT 0.026463
 26         28         28         47      0.0265         40          40      0.0001        0.5029
ALPHA 1.0349 MaxIteration 3027  TIMEOUT 0.027390
 27         28         28         47      0.0274         40          40      0.0001        0.5608
ALPHA 1.0349 MaxIteration 3132  TIMEOUT 0.028353
 28         28         28         47      0.0284         40          40      0.0001        0.6185
ALPHA 1.0349 MaxIteration 3241  TIMEOUT 0.029351
 29         28         28         47      0.0294         40          40      0.0001        0.6784
ALPHA 1.0349 MaxIteration 3353  TIMEOUT 0.030375
 30         28         28         47      0.0304         40          40      0.0001        0.7402
ALPHA 1.0349 MaxIteration 3469  TIMEOUT 0.031443
 31         28         28         47      0.0315         40          40      0.0001        0.8032
ALPHA 1.0349 MaxIteration 3589  TIMEOUT 0.032550
 32         28         28         47      0.0326         40          40      0.0001        0.8693
ALPHA 1.0349 MaxIteration 3714  TIMEOUT 0.033698
 33         28         28         47      0.0337         40          40      0.0001        0.9387
ALPHA 1.0349 MaxIteration 3843  TIMEOUT 0.034886
 34         28         28         47      0.0349         40          40      0.0001        1.0107
ALPHA 1.0349 MaxIteration 3976  TIMEOUT 0.036111
 35         28         28         47      0.0361         40          40      0.0001        1.0840
ALPHA 1.0349 MaxIteration 4114  TIMEOUT 0.037379
 36         28         28         47      0.0374         40          40      0.0001        1.1598
ALPHA 1.0349 MaxIteration 4257  TIMEOUT 0.038686
 37         28         28         47      0.0387         40          40      0.0001        1.2373
ALPHA 1.0349 MaxIteration 4405  TIMEOUT 0.040044
 38         28         28         47      0.0401         40          40      0.0001        1.3185
ALPHA 1.0349 MaxIteration 4558  TIMEOUT 0.041450
 39         28         28         47      0.0415         40          40      0.0001        1.4024
ALPHA 1.0349 MaxIteration 4716  TIMEOUT 0.042909
 40         28         28         47      0.0429         40          40      0.0001        1.4913
ALPHA 1.0349 MaxIteration 4880  TIMEOUT 0.044419
 41         28         28         47      0.0444         40          40      0.0001        1.5802
ALPHA 1.0349 MaxIteration 5050  TIMEOUT 0.045969
 42         28         28         47      0.0460         40          40      0.0001        1.6741
ALPHA 1.0349 MaxIteration 5226  TIMEOUT 0.047577
 43         28         28         47      0.0476         40          40      0.0001        1.7713
ALPHA 1.0349 MaxIteration 5408  TIMEOUT 0.049248
 44         28         28         47      0.0493         40          40      0.0001        1.8730
ALPHA 1.0349 MaxIteration 5596  TIMEOUT 0.050975
 45         28         28         47      0.0510         40          40      0.0001        1.9770
ALPHA 1.0349 MaxIteration 5791  TIMEOUT 0.052763
 46         28         28         47      0.0528         40          40      0.0001        2.0836
ALPHA 1.0349 MaxIteration 5992  TIMEOUT 0.054607
 47         28         28         47      0.0546         40          40      0.0001        2.1941
ALPHA 1.0349 MaxIteration 6200  TIMEOUT 0.056522
 48         28         28         47      0.0565         40          40      0.0001        2.3072
ALPHA 1.0349 MaxIteration 6416  TIMEOUT 0.058502
 49         28         28         47      0.0585         40          40      0.0001        2.4262
ALPHA 1.0349 MaxIteration 6639  TIMEOUT 0.060549
 50         28         28         47      0.0606         40          40      0.0001        2.5483
ALPHA 1.0349 MaxIteration 6870  TIMEOUT 0.062662
 51         28         28         47      0.0627         40          40      0.0001        2.6767
ALPHA 1.0349 MaxIteration 7109  TIMEOUT 0.064850
 52         28         28         47      0.0649         40          40      0.0001        2.8084
ALPHA 1.0349 MaxIteration 7356  TIMEOUT 0.067125
 53         28         28         47      0.0672         40          40      0.0001        2.9478
ALPHA 1.0349 MaxIteration 7612  TIMEOUT 0.069496
 54         28         28         47      0.0695         40          40      0.0001        3.0879
ALPHA 1.0349 MaxIteration 7877  TIMEOUT 0.071921
 55         28         28         47      0.0719         40          40      0.0001        3.2377
ALPHA 1.0349 MaxIteration 8151  TIMEOUT 0.074429
 56         28         28         47      0.0744         40          40      0.0001        3.3897
ALPHA 1.0349 MaxIteration 8435  TIMEOUT 0.077037
 57         28         28         47      0.0770         40          40      0.0001        3.5468
ALPHA 1.0349 MaxIteration 8729  TIMEOUT 0.079732
 58         28         28         47      0.0797         40          40      0.0001        3.7093
ALPHA 1.0349 MaxIteration 9033  TIMEOUT 0.082520
 59         28         28         47      0.0825         40          40      0.0001        3.8784
ALPHA 1.0349 MaxIteration 9347  TIMEOUT 0.085405
 60         28         28         47      0.0854         40          40      0.0001        4.0563
ALPHA 1.0349 MaxIteration 9672  TIMEOUT 0.088392
 61         28         28         47      0.0884         40          40      0.0001        4.2394
ALPHA 1.0349 MaxIteration 10009  TIMEOUT 0.091477
 62         28         28         47      0.0915         40          40      0.0001        4.4266
ALPHA 1.0349 MaxIteration 10357  TIMEOUT 0.094675
 63         28         28         47      0.0947         40          40      0.0001        4.6210
ALPHA 1.0349 MaxIteration 10718  TIMEOUT 0.097985
 64         28         28         47      0.0980         40          40      0.0002        4.8221
ALPHA 1.0349 MaxIteration 11091  TIMEOUT 0.101409
 65         28         28         47      0.1014         40          40      0.0001        5.0279
ALPHA 1.0349 MaxIteration 11477  TIMEOUT 0.104951
 66         28         28         47      0.1050         40          40      0.0001        5.2411
ALPHA 1.0349 MaxIteration 11877  TIMEOUT 0.108620
 67         28         28         47      0.1086         40          40      0.0001        5.4614
ALPHA 1.0349 MaxIteration 12291  TIMEOUT 0.112416
 68         28         28         47      0.1124         40          40      0.0001        5.6893
ALPHA 1.0349 MaxIteration 12719  TIMEOUT 0.116345
 69         28         28         47      0.1164         40          40      0.0001        5.9271
ALPHA 1.0349 MaxIteration 13162  TIMEOUT 0.120410
 70         28         28         47      0.1204         40          40      0.0001        6.1700
ALPHA 1.0349 MaxIteration 13620  TIMEOUT 0.124617
 71         28         28         47      0.1246         40          40      0.0001        6.4232
ALPHA 1.0349 MaxIteration 14094  TIMEOUT 0.128964
 72         28         28         47      0.1290         40          40      0.0001        6.6862
ALPHA 1.0349 MaxIteration 14585  TIMEOUT 0.133463
 73         28         28         47      0.1335         40          40      0.0001        6.9602
ALPHA 1.0349 MaxIteration 15093  TIMEOUT 0.138123
 74         28         28         47      0.1381         40          40      0.0001        7.2495
ALPHA 1.0349 MaxIteration 15619  TIMEOUT 0.142941
 75         28         28         47      0.1429         40          40      0.0001        7.5426
ALPHA 1.0349 MaxIteration 16163  TIMEOUT 0.147929
 76         28         28         47      0.1479         40          40      0.0001        7.8425
ALPHA 1.0349 MaxIteration 16726  TIMEOUT 0.153096
 77         28         28         47      0.1531         40          40      0.0001        8.1540
ALPHA 1.0349 MaxIteration 17309  TIMEOUT 0.158446
 78         28         28         47      0.1585         40          40      0.0001        8.4751
ALPHA 1.0349 MaxIteration 17912  TIMEOUT 0.163983
 79         28         28         47      0.1640         40          40      0.0001        8.8131
ALPHA 1.0349 MaxIteration 18536  TIMEOUT 0.169700
 80         28         28         47      0.1697         40          40      0.0001        9.1687
ALPHA 1.0349 MaxIteration 19182  TIMEOUT 0.175624
 81         28         28         47      0.1757         40          40      0.0001        9.5292
ALPHA 1.0349 MaxIteration 19850  TIMEOUT 0.181776
 82         28         28         47      0.1818         40          40      0.0001        9.8980
ALPHA 1.0349 MaxIteration 20541  TIMEOUT 0.188119
 83         28         28         47      0.1881         40          40      0.0001       10.2824
ALPHA 1.0349 MaxIteration 21257  TIMEOUT 0.194694
 84         28         28         47      0.1947         40          40      0.0001       10.6778
ALPHA 1.0349 MaxIteration 21997  TIMEOUT 0.201486
 85         28         28         47      0.2015         40          40      0.0001       11.0889
ALPHA 1.0349 MaxIteration 22763  TIMEOUT 0.208517
 86         28         28         47      0.2085         40          40      0.0001       11.5232
ALPHA 1.0349 MaxIteration 23556  TIMEOUT 0.215797
 87         28         28         47      0.2158         40          40      0.0001       11.9641
ALPHA 1.0349 MaxIteration 24377  TIMEOUT 0.223332
 88         28         28         47      0.2233         40          40      0.0001       12.4171
ALPHA 1.0349 MaxIteration 25226  TIMEOUT 0.231127
 89         28         28         47      0.2311         40          40      0.0001       12.8865
ALPHA 1.0349 MaxIteration 26105  TIMEOUT 0.239188
 90         28         28         47      0.2392         40          40      0.0001       13.3769
ALPHA 1.0349 MaxIteration 27014  TIMEOUT 0.247536
 91         28         28         47      0.2476         40          40      0.0001       19.9999
>>> T1_50_1000_0.wclq |V| 50 |E| 1000  (#LB 0.0000 28 ---> 28  0.3000  40 <--- 40  0.0000 #UB)  #read_time 0.0055  #reduce_time 0.0000  #solve_time 19.9999  #total_time 20.0055
 