With  Parameters CUTOFF 20 SEED 102  ALPHA = 1.900  K=5 RHO=0.05 Q0=0.90 BETA=3.0 AQ_MODE=dbs
Reading  graph ...  time 0.013030  
Reducing graph ...  time 0.012990  
[v6] |V|=200 |E|=17910 density=89.55 USE_ADVANCED=0 SAFE_AQ_MIN_GAP=0.050 DEEP_AQ_RANGE=[800, 5.00, 10.00] structure_blocks_aq=1 AQ_SLOPE_MARGIN=1.15 AQ_MAX_UB_DRIFT=0.20
#Rd        #LB        #LB*       #UB       #Time        #UB+        #UB*      #Time      #TotalTime
First Gap  0.200000
  1          5          5          6      0.0856
 Switch to DBS-only search, timeout 0.085558....
 [Online-safe AQ structure guard] |V|=200 density=89.55 outside [800, 5.00, 10.00], disabling AQ
          6           6      0.0013        0.2629
ALPHA 1.9000 MaxIteration 3  TIMEOUT 0.085558
  2          5          5          6      0.0006          6           6      0.0013        0.2648
ALPHA 1.8304 MaxIteration 5  TIMEOUT 0.001054
  3          5          5          6      0.0011          6           6      0.0012        0.2671
ALPHA 1.7658 MaxIteration 9  TIMEOUT 0.002054
  4          5          5          7      0.0022          6           6      0.0012        0.2716
ALPHA 1.7056 MaxIteration 15  TIMEOUT 0.003848
  5          4          5          7      0.0019          6           6      0.0013        0.2754
ALPHA 1.6493 MaxIteration 25  TIMEOUT 0.003242
  6          4          5          7      0.0031          6           6      0.0013        0.2816
ALPHA 1.5966 MaxIteration 41  TIMEOUT 0.005068
  7          4          5          7      0.0049          6           6      0.0013        0.2915
ALPHA 1.5472 MaxIteration 65  TIMEOUT 0.007854
  8          4          5          7      0.0077          6           6      0.0013        0.3069
ALPHA 1.5008 MaxIteration 100  TIMEOUT 0.011847
  9          4          5          7      0.0116          6           6      0.0013        0.3302
ALPHA 1.4571 MaxIteration 150  TIMEOUT 0.017336
 10          4          5          7      0.0172          6           6      0.0012        0.3648
ALPHA 1.4158 MaxIteration 218  TIMEOUT 0.025105
 11          4          5          7      0.0251          6           6      0.0013        0.4338
ALPHA 1.3768 MaxIteration 308  TIMEOUT 0.035570
 12          4          5          7      0.0352          6           6      0.0012        0.5284
ALPHA 1.3399 MaxIteration 424  TIMEOUT 0.048517
 13          4          5          7      0.0485          6           6      0.0012        0.6790
ALPHA 1.3049 MaxIteration 568  TIMEOUT 0.064934
 14          4          5          7      0.0624          6           6      0.0012        0.8651
ALPHA 1.2718 MaxIteration 741  TIMEOUT 0.081427
 15          4          5          7      0.0793          6           6      0.0013        1.0250
ALPHA 1.2402 MaxIteration 942  TIMEOUT 0.100903
 16          4          5          7      0.0976          6           6      0.0012        1.2203
ALPHA 1.2102 MaxIteration 1168  TIMEOUT 0.121036
 17          4          5          7      0.1211          6           6      0.0012        1.4870
ALPHA 1.1816 MaxIteration 1413  TIMEOUT 0.146520
 18          4          5          7      0.1465          6           6      0.0012        1.7818
ALPHA 1.1543 MaxIteration 1669  TIMEOUT 0.173156
 19          4          5          7      0.1733          6           6      0.0012        2.1295
ALPHA 1.1283 MaxIteration 1926  TIMEOUT 0.200010
 20          4          5          7      0.2001          6           6      0.0014        2.5309
ALPHA 1.1034 MaxIteration 2173  TIMEOUT 0.225724
 21          4          5          7      0.2258          6           6      0.0013        2.9839
ALPHA 1.0795 MaxIteration 2397  TIMEOUT 0.249109
 22          4          5          7      0.2492          6           6      0.0012        3.4846
ALPHA 1.0567 MaxIteration 2587  TIMEOUT 0.269000
 23          4          5          7      0.2691          6           6      0.0012        4.0241
ALPHA 1.0349 MaxIteration 2733  TIMEOUT 0.284377
 24          4          5          7      0.2845          6           6      0.0012        4.5952
ALPHA 1.0349 MaxIteration 2828  TIMEOUT 0.294392
 25          4          5          7      0.2946          6           6      0.0012        5.1855
ALPHA 1.0349 MaxIteration 2926  TIMEOUT 0.304851
 26          4          5          7      0.3049          6           6      0.0012        5.7954
ALPHA 1.0349 MaxIteration 3027  TIMEOUT 0.315489
 27          4          5          7      0.3155          6           6      0.0012        6.4276
ALPHA 1.0349 MaxIteration 3132  TIMEOUT 0.326541
 28          4          5          7      0.3266          6           6      0.0012        7.0820
ALPHA 1.0349 MaxIteration 3241  TIMEOUT 0.337962
 29          4          5          7      0.3380          6           6      0.0013        7.7591
ALPHA 1.0349 MaxIteration 3353  TIMEOUT 0.349797
 30          4          5          7      0.3498          6           6      0.0012        8.4600
ALPHA 1.0349 MaxIteration 3469  TIMEOUT 0.361998
 31          4          5          7      0.3621          6           6      0.0012        9.1855
ALPHA 1.0349 MaxIteration 3589  TIMEOUT 0.374693
 32          4          5          7      0.3748          6           6      0.0013        9.9365
ALPHA 1.0349 MaxIteration 3714  TIMEOUT 0.387858
 33          4          5          7      0.3880          6           6      0.0014       10.7126
ALPHA 1.0349 MaxIteration 3843  TIMEOUT 0.401504
 34          4          5          7      0.4015          6           6      0.0014       11.5168
ALPHA 1.0349 MaxIteration 3976  TIMEOUT 0.415528
 35          4          5          7      0.4156          6           6      0.0012       12.3512
ALPHA 1.0349 MaxIteration 4114  TIMEOUT 0.430120
 36          4          5          7      0.4302          6           6      0.0012       13.2139
ALPHA 1.0349 MaxIteration 4257  TIMEOUT 0.445180
 37          4          5          7      0.4453          6           6      0.0014       19.9987
>>> gen200_p0.9_55.clq |V| 200 |E| 17910  (#LB 0.0000 5 ---> 5  0.1667  6 <--- 6  0.0000 #UB)  #read_time 0.0130  #reduce_time 0.0130  #solve_time 19.9987  #total_time 20.0248
 