With  Parameters CUTOFF 20 SEED 101  ALPHA = 1.900  K=5 RHO=0.05 Q0=0.90 BETA=3.0 AQ_MODE=dbs
Reading  graph ...  time 0.000316  
Reducing graph ...  time 0.000032  
[v6] |V|=100 |E|=100 density=1.00 USE_ADVANCED=0 SAFE_AQ_MIN_GAP=0.050 DEEP_AQ_RANGE=[800, 5.00, 10.00] structure_blocks_aq=1 AQ_SLOPE_MARGIN=1.15 AQ_MAX_UB_DRIFT=0.20
#Rd        #LB        #LB*       #UB       #Time        #UB+        #UB*      #Time      #TotalTime
First Gap  0.032132
  1       1027       1027       1060      0.0177
 Switch to DBS-only search, timeout 0.017701....
 [Online-safe AQ structure guard] |V|=100 density=1.00 outside [800, 5.00, 10.00], disabling AQ
 [Online-safe AQ first-gap guard] FIRST_GAP 0.0321 < 0.0500, disabling AQ
       1043        1043      0.0011        0.0535
ALPHA 1.9000 MaxIteration 3  TIMEOUT 0.017701
  2       1027       1027       1076      0.0001       1086        1043      0.0000        0.0536
ALPHA 1.8304 MaxIteration 5  TIMEOUT 0.000110
  3       1014       1027       1118      0.0001       1091        1043      0.0000        0.0539
ALPHA 1.7658 MaxIteration 9  TIMEOUT 0.000196
  4       1021       1027       1099      0.0001       1070        1043      0.0001        0.0541
ALPHA 1.7056 MaxIteration 15  TIMEOUT 0.000178
  5       1015       1027       1065      0.0002       1067        1043      0.0001        0.0545
ALPHA 1.6493 MaxIteration 25  TIMEOUT 0.000324
  6       1015       1027       1065      0.0003       1049        1043      0.0003        0.0551
ALPHA 1.5966 MaxIteration 41  TIMEOUT 0.000546
  7       1015       1027       1065      0.0005       1064        1043      0.0004        0.0561
ALPHA 1.5472 MaxIteration 65  TIMEOUT 0.000760
  8       1020       1027       1065      0.0008       1043        1043      0.0005        0.0576
ALPHA 1.5008 MaxIteration 100  TIMEOUT 0.001179
  9       1020       1027       1065      0.0012       1043        1043      0.0008        0.0602
ALPHA 1.4571 MaxIteration 150  TIMEOUT 0.001774
 10       1020       1027       1065      0.0018       1043        1043      0.0007        0.0638
ALPHA 1.4158 MaxIteration 218  TIMEOUT 0.002599
 11       1026       1027       1065      0.0026       1039        1039      0.0006        0.0820
ALPHA 1.3768 MaxIteration 308  TIMEOUT 0.003690
 12       1029       1029       1065      0.0037       1039        1039      0.0016        0.1032
ALPHA 1.3399 MaxIteration 424  TIMEOUT 0.005087
 13       1029       1029       1097      0.0040       1039        1039      0.0034        0.1114
ALPHA 1.3049 MaxIteration 568  TIMEOUT 0.005325
 14       1029       1029       1097      0.0053       1039        1039      0.0004        0.1362
ALPHA 1.2718 MaxIteration 741  TIMEOUT 0.006957
 15       1029       1029       1094      0.0070       1039        1039      0.0032        0.1632
ALPHA 1.2402 MaxIteration 942  TIMEOUT 0.008860
 16       1029       1029       1094      0.0089       1039        1039      0.0084        0.1901
ALPHA 1.2102 MaxIteration 1168  TIMEOUT 0.010998
 17       1029       1029       1073      0.0110       1043        1039      0.0005        0.2342
ALPHA 1.1816 MaxIteration 1413  TIMEOUT 0.013324
 18       1029       1029       1073      0.0130       1039        1039      0.0100        0.2833
ALPHA 1.1543 MaxIteration 1669  TIMEOUT 0.015352
 19       1029       1029       1073      0.0154       1039        1039      0.0006        0.3352
ALPHA 1.1283 MaxIteration 1926  TIMEOUT 0.017738
 20       1029       1029       1073      0.0177       1043        1039      0.0010        0.3872
ALPHA 1.1034 MaxIteration 2173  TIMEOUT 0.020022
 21       1029       1029       1073      0.0200       1039        1039      0.0097        0.4283
ALPHA 1.0795 MaxIteration 2397  TIMEOUT 0.022097
 22       1029       1029       1073      0.0221       1039        1039      0.0085        0.4746
ALPHA 1.0567 MaxIteration 2587  TIMEOUT 0.023859
 23       1029       1029       1073      0.0239       1039        1039      0.0014        0.5224
ALPHA 1.0349 MaxIteration 2733  TIMEOUT 0.025225
 24       1029       1029       1073      0.0252       1039        1039      0.0104        0.5740
ALPHA 1.0349 MaxIteration 2828  TIMEOUT 0.026115
 25       1029       1029       1073      0.0261       1043        1039      0.0008        0.6283
ALPHA 1.0349 MaxIteration 2926  TIMEOUT 0.027036
 26       1029       1029       1073      0.0270       1039        1039      0.0007        0.6825
ALPHA 1.0349 MaxIteration 3027  TIMEOUT 0.027985
 27       1029       1029       1073      0.0280       1039        1039      0.0005        0.7395
ALPHA 1.0349 MaxIteration 3132  TIMEOUT 0.028963
 28       1029       1029       1073      0.0290       1039        1039      0.0049        0.7995
ALPHA 1.0349 MaxIteration 3241  TIMEOUT 0.029983
 29       1029       1029       1073      0.0300       1039        1039      0.0137        0.8596
ALPHA 1.0349 MaxIteration 3353  TIMEOUT 0.031031
 30       1029       1029       1073      0.0310       1039        1039      0.0181        0.9227
ALPHA 1.0349 MaxIteration 3469  TIMEOUT 0.032119
 31       1029       1029       1073      0.0321       1043        1039      0.0010        0.9870
ALPHA 1.0349 MaxIteration 3589  TIMEOUT 0.033249
 32       1029       1029       1073      0.0333       1039        1039      0.0221        1.0555
ALPHA 1.0349 MaxIteration 3714  TIMEOUT 0.034411
 33       1029       1029       1073      0.0344       1043        1039      0.0013        1.1332
ALPHA 1.0349 MaxIteration 3843  TIMEOUT 0.035619
 34       1029       1029       1073      0.0356       1039        1039      0.0170        1.2326
ALPHA 1.0349 MaxIteration 3976  TIMEOUT 0.036875
 35       1029       1029       1071      0.0359       1039        1039      0.0150        1.3084
ALPHA 1.0349 MaxIteration 4114  TIMEOUT 0.037139
 36       1029       1029       1071      0.0371       1039        1039      0.0074        1.3858
ALPHA 1.0349 MaxIteration 4257  TIMEOUT 0.038441
 37       1029       1029       1073      0.0384       1039        1039      0.0162        1.4657
ALPHA 1.0349 MaxIteration 4405  TIMEOUT 0.039788
 38       1029       1029       1071      0.0398       1039        1039      0.0021        1.5484
ALPHA 1.0349 MaxIteration 4558  TIMEOUT 0.041182
 39       1029       1029       1071      0.0412       1039        1039      0.0004        1.6340
ALPHA 1.0349 MaxIteration 4716  TIMEOUT 0.042630
 40       1029       1029       1073      0.0426       1039        1039      0.0322        1.7214
ALPHA 1.0349 MaxIteration 4880  TIMEOUT 0.044122
 41       1029       1029       1071      0.0441       1039        1039      0.0178        1.8117
ALPHA 1.0349 MaxIteration 5050  TIMEOUT 0.045671
 42       1029       1029       1071      0.0457       1039        1039      0.0047        1.9041
ALPHA 1.0349 MaxIteration 5226  TIMEOUT 0.047270
 43       1029       1029       1071      0.0473       1039        1039      0.0105        2.0007
ALPHA 1.0349 MaxIteration 5408  TIMEOUT 0.048928
 44       1029       1029       1071      0.0489       1039        1039      0.0078        2.0996
ALPHA 1.0349 MaxIteration 5596  TIMEOUT 0.050641
 45       1031       1031       1070      0.0506       1039        1039      0.0168        2.2030
ALPHA 1.0349 MaxIteration 5791  TIMEOUT 0.052414
 46       1031       1031       1070      0.0524       1039        1039      0.0494        2.3109
ALPHA 1.0349 MaxIteration 5992  TIMEOUT 0.054247
 47       1031       1031       1070      0.0543       1039        1039      0.0006        2.4214
ALPHA 1.0349 MaxIteration 6200  TIMEOUT 0.056150
 48       1031       1031       1070      0.0562       1039        1039      0.0027        2.5359
ALPHA 1.0349 MaxIteration 6416  TIMEOUT 0.058112
 49       1031       1031       1070      0.0581       1039        1039      0.0169        2.6552
ALPHA 1.0349 MaxIteration 6639  TIMEOUT 0.060146
 50       1031       1031       1070      0.0602       1039        1039      0.0135        2.7786
ALPHA 1.0349 MaxIteration 6870  TIMEOUT 0.062249
 51       1031       1031       1070      0.0623       1039        1039      0.0133        2.9092
ALPHA 1.0349 MaxIteration 7109  TIMEOUT 0.064427
 52       1031       1031       1070      0.0644       1039        1039      0.0222        3.0412
ALPHA 1.0349 MaxIteration 7356  TIMEOUT 0.066679
 53       1031       1031       1070      0.0667       1039        1039      0.0072        3.1767
ALPHA 1.0349 MaxIteration 7612  TIMEOUT 0.069018
 54       1031       1031       1070      0.0690       1039        1039      0.0143        3.3208
ALPHA 1.0349 MaxIteration 7877  TIMEOUT 0.071432
 55       1031       1031       1070      0.0714       1039        1039      0.0161        3.4677
ALPHA 1.0349 MaxIteration 8151  TIMEOUT 0.073929
 56       1031       1031       1070      0.0739       1039        1039      0.0010        3.6167
ALPHA 1.0349 MaxIteration 8435  TIMEOUT 0.076516
 57       1031       1031       1070      0.0765       1039        1039      0.0007        3.7738
ALPHA 1.0349 MaxIteration 8729  TIMEOUT 0.079195
 58       1031       1031       1070      0.0792       1039        1039      0.0002        3.9362
ALPHA 1.0349 MaxIteration 9033  TIMEOUT 0.081960
 59       1031       1031       1070      0.0820       1039        1039      0.0067        4.1043
ALPHA 1.0349 MaxIteration 9347  TIMEOUT 0.084824
 60       1031       1031       1070      0.0848       1039        1039      0.0220        4.2750
ALPHA 1.0349 MaxIteration 9672  TIMEOUT 0.087789
 61       1031       1031       1070      0.0878       1039        1039      0.0059        4.4546
ALPHA 1.0349 MaxIteration 10009  TIMEOUT 0.090853
 62       1031       1031       1070      0.0909       1039        1039      0.0291        4.6394
ALPHA 1.0349 MaxIteration 10357  TIMEOUT 0.094027
 63       1031       1031       1070      0.0940       1039        1039      0.0105        4.8306
ALPHA 1.0349 MaxIteration 10718  TIMEOUT 0.097310
 64       1031       1031       1070      0.0973       1039        1039      0.0162        5.0313
ALPHA 1.0349 MaxIteration 11091  TIMEOUT 0.100712
 65       1031       1031       1070      0.1007       1039        1039      0.0094        5.2368
ALPHA 1.0349 MaxIteration 11477  TIMEOUT 0.104231
 66       1031       1031       1070      0.1042       1039        1039      0.0136        5.4493
ALPHA 1.0349 MaxIteration 11877  TIMEOUT 0.107865
 67       1031       1031       1070      0.1079       1039        1039      0.0012        5.6744
ALPHA 1.0349 MaxIteration 12291  TIMEOUT 0.111635
 68       1031       1031       1070      0.1116       1039        1039      0.0164        5.9028
ALPHA 1.0349 MaxIteration 12719  TIMEOUT 0.115537
 69       1031       1031       1070      0.1155       1039        1039      0.0230        6.1379
ALPHA 1.0349 MaxIteration 13162  TIMEOUT 0.119577
 70       1031       1031       1070      0.1196       1039        1039      0.0084        6.3842
ALPHA 1.0349 MaxIteration 13620  TIMEOUT 0.123755
 71       1031       1031       1070      0.1238       1039        1039      0.0330        6.6398
ALPHA 1.0349 MaxIteration 14094  TIMEOUT 0.128071
 72       1031       1031       1070      0.1281       1039        1039      0.0273        6.9020
ALPHA 1.0349 MaxIteration 14585  TIMEOUT 0.132545
 73       1031       1031       1070      0.1325       1039        1039      0.0087        7.1782
ALPHA 1.0349 MaxIteration 15093  TIMEOUT 0.137170
 74       1031       1031       1070      0.1372       1039        1039      0.0034        7.4586
ALPHA 1.0349 MaxIteration 15619  TIMEOUT 0.141961
 75       1031       1031       1070      0.1420       1039        1039      0.0372        7.7507
ALPHA 1.0349 MaxIteration 16163  TIMEOUT 0.146913
 76       1031       1031       1070      0.1469       1039        1039      0.0014        8.0486
ALPHA 1.0349 MaxIteration 16726  TIMEOUT 0.152038
 77       1031       1031       1070      0.1520       1039        1039      0.0022        8.3587
ALPHA 1.0349 MaxIteration 17309  TIMEOUT 0.157349
 78       1031       1031       1070      0.1574       1039        1039      0.0047        8.6816
ALPHA 1.0349 MaxIteration 17912  TIMEOUT 0.162843
 79       1031       1031       1070      0.1629       1039        1039      0.0204        9.0173
ALPHA 1.0349 MaxIteration 18536  TIMEOUT 0.168532
 80       1031       1031       1070      0.1685       1039        1039      0.0006        9.3716
ALPHA 1.0349 MaxIteration 19182  TIMEOUT 0.174418
 81       1031       1031       1070      0.1744       1039        1039      0.0020        9.7295
ALPHA 1.0349 MaxIteration 19850  TIMEOUT 0.180510
 82       1031       1031       1070      0.1805       1039        1039      0.0011       10.0996
ALPHA 1.0349 MaxIteration 20541  TIMEOUT 0.186805
 83       1031       1031       1070      0.1868       1039        1039      0.0001       10.4784
ALPHA 1.0349 MaxIteration 21257  TIMEOUT 0.193324
 84       1035       1035       1055      0.1933       1039        1039      0.0131       10.8691
ALPHA 1.0349 MaxIteration 21997  TIMEOUT 0.200067
 85       1036       1036       1054      0.2001       1039        1039      0.0184       11.2813
ALPHA 1.0349 MaxIteration 22763  TIMEOUT 0.207056
 86       1036       1036       1054      0.2071       1039        1039      0.0164       11.7116
ALPHA 1.0349 MaxIteration 23556  TIMEOUT 0.214276
 87       1036       1036       1054      0.2143       1039        1039      0.0184       12.1483
ALPHA 1.0349 MaxIteration 24377  TIMEOUT 0.221765
 88       1036       1036       1054      0.2218       1039        1039      0.0136       12.6080
ALPHA 1.0349 MaxIteration 25226  TIMEOUT 0.229502
 89       1036       1036       1054      0.2295       1039        1039      0.0032       13.0780
ALPHA 1.0349 MaxIteration 26105  TIMEOUT 0.237511
 90       1036       1036       1054      0.2375       1039        1039      0.0144       13.5621
ALPHA 1.0349 MaxIteration 27014  TIMEOUT 0.245800
 91       1036       1036       1054      0.2458       1039        1039      0.0161       20.0000
>>> T1_100_100_2.wclq |V| 100 |E| 100  (#LB 0.0088 1027 ---> 1036  0.0029  1039 <--- 1060  0.0198 #UB)  #read_time 0.0003  #reduce_time 0.0000  #solve_time 20.0000  #total_time 20.0003
 