>>IBM: |V|=1000 |E|=52120
>>IBM: The maximum node weight is 100
/public/home/acs4vb4pqv/benchmarks/MWDS2026/UDG_wclq/UDG_1000_200_8.wclq #seed 101 #alpha 1.900 #timeout 0.100 K=5 RHO=0.05 Q0=0.90 BETA=3.5 AQ_MODE=dbs SAFE_AQ_MIN_GAP=0.050 SAFE_AQ_MIN_NODES=800 AQ_SLOPE_MARGIN=1.05 AQ_MAX_UB_DRIFT=0.25
[v19] |V|=1000 |E|=52120 density=52.12 USE_ADVANCED=1
#Rd        #LB        #LB*       #UB       #Time        #UB+        #UB*      #Time      #TotalTime
First Gap  0.078947
ALPHA 1.9000 MaxIteration 500  TIMEOUT 0.374550
  1         38         38         41      0.3745         41          41      0.0000      0.7562
ALPHA 1.9000 MaxIteration 3  TIMEOUT 0.007636
  2         38         38         41      0.0076         41          41      0.0000      0.7663
ALPHA 1.8304 MaxIteration 5  TIMEOUT 0.008602
  3         37         38         41      0.0086         41          41      0.0000      0.7762
ALPHA 1.7658 MaxIteration 9  TIMEOUT 0.009374
  4         36         38         41      0.0094         41          41      0.0000      0.7962
ALPHA 1.7056 MaxIteration 15  TIMEOUT 0.030922
  5         37         38         41      0.0309         41          41      0.0000      0.8662
ALPHA 1.6493 MaxIteration 25  TIMEOUT 0.034889
  6         36         38         41      0.0349         41          41      0.0000      0.9363
ALPHA 1.5966 MaxIteration 41  TIMEOUT 0.095052
  7         36         38         41      0.0951         41          41      0.0000      1.1262
ALPHA 1.5472 MaxIteration 65  TIMEOUT 0.095031
  8         35         38         41      0.0950         41          41      0.0000      1.3163
ALPHA 1.5008 MaxIteration 100  TIMEOUT 0.151876
  9         33         38         41      0.1519         41          41      0.0000      1.6263
ALPHA 1.4571 MaxIteration 150  TIMEOUT 0.122741
 10         31         38         41      0.1227         41          41      0.0000      1.8663
ALPHA 1.4158 MaxIteration 218  TIMEOUT 0.174648
 11         31         38         41      0.1746         41          41      0.0000      2.2163
ALPHA 1.3768 MaxIteration 308  TIMEOUT 0.240849
 12         31         38         41      0.2408         41          41      0.0000      2.7062
ALPHA 1.3399 MaxIteration 424  TIMEOUT 0.319423
 13         31         38         41      0.3194         41          41      0.0000      3.3463
ALPHA 1.3049 MaxIteration 568  TIMEOUT 0.432508
 14         31         38         41      0.4325         41          41      0.0000      4.2163
ALPHA 1.2718 MaxIteration 741  TIMEOUT 0.580961
 15         31         38         41      0.5810         41          41      0.0000      5.3864
ALPHA 1.2402 MaxIteration 942  TIMEOUT 0.708602
 16         31         38         41      0.7086         41          41      0.0000      6.8063
ALPHA 1.2102 MaxIteration 1168  TIMEOUT 0.877732
 17         31         38         41      0.8777         41          41      0.0000      8.5462
ALPHA 1.1816 MaxIteration 1413  TIMEOUT 1.013346
 18         31         38         41      1.0133
 [LB Done] stag=17 elapsed=47.8% => 10.4s to UB
         41          41      0.0000     19.9862
>>> UDG_1000_200_8.wclq |V| 1000 |E| 52120  (#LB 0.0000 38 ---> 38  0.0789  41 <--- 41  0.0000 #UB)  #solve_ime 19.9863 read_time 0.0139 
