>>IBM: |V|=200 |E|=250
>>IBM: The maximum node weight is 49
/public/home/acs4vb4pqv/benchmarks/MWDS2026/T1_wclq/T1_200_250_7.wclq #seed 3 #alpha 1.900 #timeout 0.100 K=5 RHO=0.05 Q0=0.90 BETA=3.5 AQ_MODE=dbs SAFE_AQ_MIN_GAP=0.050 SAFE_AQ_MIN_NODES=800 AQ_SLOPE_MARGIN=1.05 AQ_MAX_UB_DRIFT=0.25
[v19] |V|=200 |E|=250 density=1.25 USE_ADVANCED=0
#Rd        #LB        #LB*       #UB       #Time        #UB+        #UB*      #Time      #TotalTime
First Gap  0.097109
ALPHA 1.9000 MaxIteration 500  TIMEOUT 0.035607
  1       1833       1833       2011      0.0356       1937        1937      0.0100      0.0687
ALPHA 1.9000 MaxIteration 3  TIMEOUT 0.000529
  2       1797       1833       2156      0.0005       1940        1937      0.0000      0.0787
ALPHA 1.8304 MaxIteration 5  TIMEOUT 0.000624
  3       1747       1833       2127      0.0006       1937        1937      0.0000      0.0887
ALPHA 1.7658 MaxIteration 9  TIMEOUT 0.001640
  4       1756       1833       2141      0.0016       1951        1937      0.0000      0.0987
ALPHA 1.7056 MaxIteration 15  TIMEOUT 0.001768
  5       1738       1833       2140      0.0018       1940        1937      0.0000      0.1087
ALPHA 1.6493 MaxIteration 25  TIMEOUT 0.001436
  6       1716       1833       2107      0.0014       1940        1937      0.0000      0.1187
ALPHA 1.5966 MaxIteration 41  TIMEOUT 0.002878
  7       1716       1833       2107      0.0029       1940        1937      0.0000      0.1287
ALPHA 1.5472 MaxIteration 65  TIMEOUT 0.003312
  8       1714       1833       2107      0.0033       1941        1937      0.0000      0.1387
ALPHA 1.5008 MaxIteration 100  TIMEOUT 0.005571
  9       1714       1833       2107      0.0056       1947        1937      0.0000      0.1487
ALPHA 1.4571 MaxIteration 150  TIMEOUT 0.009943
 10       1714       1833       2107      0.0099       2066        1937      0.0000      0.1587
ALPHA 1.4158 MaxIteration 218  TIMEOUT 0.005823
 11       1680       1833       2107      0.0058       1940        1937      0.0000      0.1687
ALPHA 1.3768 MaxIteration 308  TIMEOUT 0.008055
 12       1680       1833       2107      0.0081       1951        1937      0.0000      0.1787
ALPHA 1.3399 MaxIteration 424  TIMEOUT 0.010892
 13       1680       1833       2107      0.0109       1937        1937      0.0100      0.2032
ALPHA 1.3049 MaxIteration 568  TIMEOUT 0.012742
 14       1680       1833       2107      0.0127       1937        1937      0.0100      0.2287
ALPHA 1.2718 MaxIteration 741  TIMEOUT 0.017672
 15       1680       1833       2107      0.0177       1938        1937      0.0100      0.2587
ALPHA 1.2402 MaxIteration 942  TIMEOUT 0.023116
 16       1680       1833       2107      0.0231       1937        1937      0.0100      0.3087
ALPHA 1.2102 MaxIteration 1168  TIMEOUT 0.027935
 17       1680       1833       2107      0.0279       1937        1937      0.0100      0.3587
ALPHA 1.1816 MaxIteration 1413  TIMEOUT 0.033526
 18       1680       1833       2107      0.0335       1937        1937      0.0300      0.4187
ALPHA 1.1543 MaxIteration 1669  TIMEOUT 0.038157
 19       1680       1833       2107      0.0382       1937        1937      0.0100      0.4887
ALPHA 1.1283 MaxIteration 1926  TIMEOUT 0.045864
 20       1680       1833       2107      0.0459       1937        1937      0.0100      0.5711
ALPHA 1.1034 MaxIteration 2173  TIMEOUT 0.051630
 21       1680       1833       2107      0.0516       1937        1937      0.0100      0.6787
ALPHA 1.0795 MaxIteration 2397  TIMEOUT 0.057789
 22       1680       1833       2107      0.0578       1937        1937      0.0300      0.7787
ALPHA 1.0567 MaxIteration 2587  TIMEOUT 0.062159
 23       1680       1833       2107      0.0622       1937        1937      0.0300      0.8987
ALPHA 1.0349 MaxIteration 2733  TIMEOUT 0.065297
 24       1680       1833       2107      0.0653       1937        1937      0.0100      1.0241
ALPHA 1.0349 MaxIteration 2828  TIMEOUT 0.060244
 25       1680       1833       2107      0.0602       1937        1937      0.0100      1.1387
ALPHA 1.0349 MaxIteration 2926  TIMEOUT 0.064737
 26       1680       1833       2107      0.0647       1937        1937      0.0100      1.2687
ALPHA 1.0349 MaxIteration 3027  TIMEOUT 0.066687
 27       1680       1833       2107      0.0667       1937        1937      0.0100      1.3987
ALPHA 1.0349 MaxIteration 3132  TIMEOUT 0.075534
 28       1680       1833       2107      0.0755       1937        1937      0.0100      1.5387
ALPHA 1.0349 MaxIteration 3241  TIMEOUT 0.075724
 29       1680       1833       2107      0.0757       1937        1937      0.0100      1.6787
ALPHA 1.0349 MaxIteration 3353  TIMEOUT 0.080482
 30       1680       1833       2107      0.0805       1937        1937      0.0000      1.8387
ALPHA 1.0349 MaxIteration 3469  TIMEOUT 0.082930
 31       1680       1833       2107      0.0829       1937        1937      0.0000      2.0009
ALPHA 1.0349 MaxIteration 3589  TIMEOUT 0.087124
 32       1680       1833       2107      0.0871       1937        1937      0.0100      2.1687
ALPHA 1.0349 MaxIteration 3714  TIMEOUT 0.088274
 33       1680       1833       2107      0.0883       1937        1937      0.0300      2.3259
ALPHA 1.0349 MaxIteration 3843  TIMEOUT 0.091328
 34       1680       1833       2107      0.0913       1937        1937      0.0100      2.4998
ALPHA 1.0349 MaxIteration 3976  TIMEOUT 0.094879
 35       1680       1833       2107      0.0949       1937        1937      0.0100      2.6887
ALPHA 1.0349 MaxIteration 4114  TIMEOUT 0.097383
 36       1680       1833       2107      0.0974       1937        1937      0.0200      2.8687
ALPHA 1.0349 MaxIteration 4257  TIMEOUT 0.103499
 37       1680       1833       2107      0.1035       1937        1937      0.0100      3.0687
ALPHA 1.0349 MaxIteration 4405  TIMEOUT 0.113494
 38       1680       1833       2107      0.1135       1937        1937      0.0000      3.2887
ALPHA 1.0349 MaxIteration 4558  TIMEOUT 0.105201
 39       1680       1833       2107      0.1052       1937        1937      0.0100      3.4887
ALPHA 1.0349 MaxIteration 4716  TIMEOUT 0.121990
 40       1680       1833       2107      0.1220       1937        1937      0.0100      3.7287
ALPHA 1.0349 MaxIteration 4880  TIMEOUT 0.119055
 41       1680       1833       2107      0.1191       1937        1937      0.0200      3.9387
ALPHA 1.0349 MaxIteration 5050  TIMEOUT 0.128654
 42       1680       1833       2107      0.1287       1937        1937      0.0100      4.1787
ALPHA 1.0349 MaxIteration 5226  TIMEOUT 0.123117
 43       1680       1833       2107      0.1231       1937        1937      0.0000      4.4187
ALPHA 1.0349 MaxIteration 5408  TIMEOUT 0.127526
 44       1680       1833       2107      0.1275       1937        1937      0.0100      4.6587
ALPHA 1.0349 MaxIteration 5596  TIMEOUT 0.123970
 45       1680       1833       2107      0.1240       1937        1937      0.0100      4.8887
ALPHA 1.0349 MaxIteration 5791  TIMEOUT 0.129117
 46       1680       1833       2107      0.1291       1937        1937      0.0100      5.1287
ALPHA 1.0349 MaxIteration 5992  TIMEOUT 0.133389
 47       1680       1833       2107      0.1334       1937        1937      0.0000      5.3887
ALPHA 1.0349 MaxIteration 6200  TIMEOUT 0.138921
 48       1680       1833       2107      0.1389       1937        1937      0.0100      5.6487
ALPHA 1.0349 MaxIteration 6416  TIMEOUT 0.141810
 49       1680       1833       2107      0.1418       1937        1937      0.0000      5.9287
ALPHA 1.0349 MaxIteration 6639  TIMEOUT 0.159023
 50       1680       1833       2107      0.1590       1937        1937      0.0100      6.2287
ALPHA 1.0349 MaxIteration 6870  TIMEOUT 0.163925
 51       1680       1833       2107      0.1639       1937        1937      0.0100      6.5417
ALPHA 1.0349 MaxIteration 7109  TIMEOUT 0.171656
 52       1680       1833       2107      0.1717       1937        1937      0.0200      6.8787
ALPHA 1.0349 MaxIteration 7356  TIMEOUT 0.186757
 53       1680       1833       2107      0.1868       1937        1937      0.0100      7.2387
ALPHA 1.0349 MaxIteration 7612  TIMEOUT 0.174023
 54       1680       1833       2107      0.1740       1937        1937      0.0200      7.5687
ALPHA 1.0349 MaxIteration 7877  TIMEOUT 0.181310
 55       1680       1833       2107      0.1813       1937        1937      0.0000      7.9187
ALPHA 1.0349 MaxIteration 8151  TIMEOUT 0.187964
 56       1680       1833       2107      0.1880       1937        1937      0.0100      8.2787
ALPHA 1.0349 MaxIteration 8435  TIMEOUT 0.209225
 57       1680       1833       2107      0.2092       1937        1937      0.0400      8.6687
ALPHA 1.0349 MaxIteration 8729  TIMEOUT 0.208455
 58       1680       1833       2107      0.2085       1937        1937      0.0200      9.0787
ALPHA 1.0349 MaxIteration 9033  TIMEOUT 0.226935
 59       1680       1833       2107      0.2269       1937        1937      0.0100      9.5187
ALPHA 1.0349 MaxIteration 9347  TIMEOUT 0.214071
 60       1680       1833       2107      0.2141       1937        1937      0.0400      9.9287
ALPHA 1.0349 MaxIteration 9672  TIMEOUT 0.220517
 61       1680       1833       2107      0.2205       1937        1937      0.0000     10.3587
ALPHA 1.0349 MaxIteration 10009  TIMEOUT 0.222925
 62       1680       1833       2107      0.2229       1937        1937      0.0100     10.7887
ALPHA 1.0349 MaxIteration 10357  TIMEOUT 0.236903
 63       1680       1833       2107      0.2369       1937        1937      0.0200     11.2387
ALPHA 1.0349 MaxIteration 10718  TIMEOUT 0.242124
 64       1680       1833       2107      0.2421       1937        1937      0.0100     11.7087
ALPHA 1.0349 MaxIteration 11091  TIMEOUT 0.256635
 65       1680       1833       2107      0.2566       1937        1937      0.0100     12.1887
ALPHA 1.0349 MaxIteration 11477  TIMEOUT 0.245073
 66       1680       1833       2107      0.2451       1937        1937      0.0000     12.6587
ALPHA 1.0349 MaxIteration 11877  TIMEOUT 0.261511
 67       1680       1833       2107      0.2615       1937        1937      0.0100     13.1687
ALPHA 1.0349 MaxIteration 12291  TIMEOUT 0.282520
 68       1680       1833       2107      0.2825       1937        1937      0.0300     13.7087
ALPHA 1.0349 MaxIteration 12719  TIMEOUT 0.295100
 69       1680       1833       2107      0.2951       1937        1937      0.0300     14.2660
ALPHA 1.0349 MaxIteration 13162  TIMEOUT 0.292239
 70       1680       1833       2107      0.2922       1937        1937      0.0100     14.8287
ALPHA 1.0349 MaxIteration 13620  TIMEOUT 0.308018
 71       1680       1833       2107      0.3080       1937        1937      0.0200     15.4249
ALPHA 1.0349 MaxIteration 14094  TIMEOUT 0.319449
 72       1680       1833       2107      0.3194       1937        1937      0.0300     16.0328
ALPHA 1.0349 MaxIteration 14585  TIMEOUT 0.326650
 73       1680       1833       2107      0.3267       1937        1937      0.0000     16.6587
ALPHA 1.0349 MaxIteration 15093  TIMEOUT 0.351404
 74       1680       1833       2107      0.3514       1937        1937      0.0100     17.3387
ALPHA 1.0349 MaxIteration 15619  TIMEOUT 0.338387
 75       1680       1833       2107      0.3384       1937        1937      0.0100     17.9787
ALPHA 1.0349 MaxIteration 16163  TIMEOUT 0.364067
 76       1680       1833       2107      0.3641       1937        1937      0.0100     18.6787
ALPHA 1.0349 MaxIteration 16726  TIMEOUT 0.414271
 77       1680       1833       2107      0.4143       1937        1937      0.0300     19.4687
ALPHA 1.0349 MaxIteration 17309  TIMEOUT 0.403961
 78       1680       1833       2107      0.4040       1937        1937      0.0100     19.9887
ALPHA 1.0349 MaxIteration 17912  TIMEOUT 0.011312
 79       1680       1833       2107      0.0113>>> T1_200_250_7.wclq |V| 200 |E| 250  (#LB 0.0000 1833 ---> 1833  0.0567  1937 <--- 2011  0.0368 #UB)  #solve_ime 20.0000 read_time 0.0013 
