With  Parameters CUTOFF 20 SEED 3  ALPHA = 1.900  K=5 RHO=0.05 Q0=0.90 BETA=3.0 AQ_MODE=guarded
Reading  graph ...  time 0.064479  
Reducing graph ...  time 0.001402  
[v6] |V|=500 |E|=125248 density=250.50 USE_ADVANCED=0 SAFE_AQ_MIN_GAP=0.050 DEEP_AQ_RANGE=[800, 5.00, 10.00] structure_blocks_aq=1 AQ_SLOPE_MARGIN=1.15 AQ_MAX_UB_DRIFT=0.20
#Rd        #LB        #LB*       #UB       #Time        #UB+        #UB*      #Time      #TotalTime
First Gap  0.454545
  1         11         11         16      0.5436
 Switch to DBS-only search, timeout 0.543611....
 [Online-safe AQ structure guard] |V|=500 density=250.50 outside [800, 5.00, 10.00], disabling AQ
         16          16      0.0067        1.0890
ALPHA 1.9000 MaxIteration 3  TIMEOUT 0.543611
  2         11         11         16      0.0058         18          16      0.0045        1.1009
ALPHA 1.8304 MaxIteration 5  TIMEOUT 0.010961
  3         11         11         16      0.0063         16          16      0.0062        1.1138
ALPHA 1.7658 MaxIteration 9  TIMEOUT 0.011541
  4         11         11         18      0.0117         16          16      0.0070        1.1372
ALPHA 1.7056 MaxIteration 15  TIMEOUT 0.020660
  5         11         11         18      0.0160         16          16      0.0061        1.1693
ALPHA 1.6493 MaxIteration 25  TIMEOUT 0.027258
  6         11         11         16      0.0257         16          16      0.0075        1.2207
ALPHA 1.5966 MaxIteration 41  TIMEOUT 0.042371
  7         11         11         18      0.0417         16          16      0.0249        1.3130
ALPHA 1.5472 MaxIteration 65  TIMEOUT 0.066650
  8         11         11         18      0.0665         16          16      0.0073        1.4522
ALPHA 1.5008 MaxIteration 100  TIMEOUT 0.102883
  9         11         11         16      0.0979         16          16      0.0079        1.6481
ALPHA 1.4571 MaxIteration 150  TIMEOUT 0.146932
 10         11         11         16      0.1420         16          16      0.0072        1.9322
ALPHA 1.4158 MaxIteration 218  TIMEOUT 0.206874
 11         11         11         16      0.2078         16          16      0.0075        2.3485
ALPHA 1.3768 MaxIteration 308  TIMEOUT 0.294213
 12         11         11         16      0.2910         16          16      0.0070        2.9317
ALPHA 1.3399 MaxIteration 424  TIMEOUT 0.400621
 13         11         11         16      0.4012         16          16      0.0058        3.7343
ALPHA 1.3049 MaxIteration 568  TIMEOUT 0.537545
 14         11         11         16      0.5377         16          16      0.0088        4.8111
ALPHA 1.2718 MaxIteration 741  TIMEOUT 0.701642
 15         11         11         16      0.7017         16          16      0.0085        6.2177
ALPHA 1.2402 MaxIteration 942  TIMEOUT 0.892413
 16         11         11         16      0.8935         16          16      0.0070        8.0051
ALPHA 1.2102 MaxIteration 1168  TIMEOUT 1.108094
 17         11         11         16      1.1086         16          16      0.0065       10.2232
ALPHA 1.1816 MaxIteration 1413  TIMEOUT 1.341599
 18         11         11         16      1.3416         16          16      0.0076       12.9091
ALPHA 1.1543 MaxIteration 1669  TIMEOUT 1.585243
 19         11         11         16      1.5862         16          16      0.0065       19.9955
>>> DSJC500_5.clq |V| 500 |E| 125248  (#LB 0.0000 11 ---> 11  0.3125  16 <--- 16  0.0000 #UB)  #read_time 0.0645  #reduce_time 0.0014  #solve_time 19.9955  #total_time 20.0614
 