With  Parameters CUTOFF 20 SEED 2  ALPHA = 1.900  K=5 RHO=0.05 Q0=0.90 BETA=3.0 AQ_MODE=dbs
Reading  graph ...  time 0.000585  
Reducing graph ...  time 0.000036  
[v6] |V|=200 |E|=250 density=1.25 USE_ADVANCED=0 SAFE_AQ_MIN_GAP=0.050 DEEP_AQ_RANGE=[800, 5.00, 10.00] structure_blocks_aq=1 AQ_SLOPE_MARGIN=1.15 AQ_MAX_UB_DRIFT=0.20
#Rd        #LB        #LB*       #UB       #Time        #UB+        #UB*      #Time      #TotalTime
First Gap  0.090909
  1       1848       1848       2016      0.0256
 Switch to DBS-only search, timeout 0.025629....
 [Online-safe AQ structure guard] |V|=200 density=1.25 outside [800, 5.00, 10.00], disabling AQ
       1937        1937      0.0013        0.0514
ALPHA 1.9000 MaxIteration 3  TIMEOUT 0.025629
  2       1823       1848       2050      0.0002       2016        1937      0.0001        0.0517
ALPHA 1.8304 MaxIteration 5  TIMEOUT 0.000296
  3       1816       1848       2095      0.0003       1989        1937      0.0001        0.0524
ALPHA 1.7658 MaxIteration 9  TIMEOUT 0.000613
  4       1819       1848       2036      0.0006       1958        1937      0.0005        0.0537
ALPHA 1.7056 MaxIteration 15  TIMEOUT 0.001128
  5       1812       1848       2061      0.0008       1963        1937      0.0008        0.0554
ALPHA 1.6493 MaxIteration 25  TIMEOUT 0.001434
  6       1828       1848       2113      0.0014       1948        1937      0.0003        0.0585
ALPHA 1.5966 MaxIteration 41  TIMEOUT 0.002388
  7       1845       1848       2038      0.0021       1937        1937      0.0015        0.0627
ALPHA 1.5472 MaxIteration 65  TIMEOUT 0.003345
  8       1845       1848       2038      0.0030       1937        1937      0.0019        0.0687
ALPHA 1.5008 MaxIteration 100  TIMEOUT 0.004640
  9       1847       1848       2041      0.0047       1937        1937      0.0028        0.0781
ALPHA 1.4571 MaxIteration 150  TIMEOUT 0.007019
 10       1847       1848       2041      0.0071       1937        1937      0.0029        0.0923
ALPHA 1.4158 MaxIteration 218  TIMEOUT 0.010275
 11       1859       1859       2039      0.0103       1937        1937      0.0026        0.1130
ALPHA 1.3768 MaxIteration 308  TIMEOUT 0.014595
 12       1859       1859       2018      0.0104       1937        1937      0.0022        0.1339
ALPHA 1.3399 MaxIteration 424  TIMEOUT 0.014322
 13       1866       1866       2048      0.0143       1937        1937      0.0027        0.1625
ALPHA 1.3049 MaxIteration 568  TIMEOUT 0.019200
 14       1875       1875       2050      0.0192       1937        1937      0.0025        0.2022
ALPHA 1.2718 MaxIteration 741  TIMEOUT 0.025063
 15       1881       1881       2040      0.0251       1937        1937      0.0016        0.2544
ALPHA 1.2402 MaxIteration 942  TIMEOUT 0.031880
 16       1881       1881       2040      0.0319       1937        1937      0.0058        0.3182
ALPHA 1.2102 MaxIteration 1168  TIMEOUT 0.039560
 17       1881       1881       2040      0.0394       1937        1937      0.0020        0.4006
ALPHA 1.1816 MaxIteration 1413  TIMEOUT 0.047735
 18       1881       1881       2040      0.0477       1937        1937      0.0012        0.4961
ALPHA 1.1543 MaxIteration 1669  TIMEOUT 0.056408
 19       1881       1881       2040      0.0564       1937        1937      0.0026        0.6090
ALPHA 1.1283 MaxIteration 1926  TIMEOUT 0.065118
 20       1881       1881       2040      0.0621       1937        1937      0.0051        0.7342
ALPHA 1.1034 MaxIteration 2173  TIMEOUT 0.070024
 21       1881       1881       2040      0.0691       1937        1937      0.0038        0.8724
ALPHA 1.0795 MaxIteration 2397  TIMEOUT 0.076189
 22       1881       1881       2040      0.0762       1937        1937      0.0046        1.0248
ALPHA 1.0567 MaxIteration 2587  TIMEOUT 0.082264
 23       1881       1881       2027      0.0809       1937        1937      0.0047        1.1878
ALPHA 1.0349 MaxIteration 2733  TIMEOUT 0.085530
 24       1881       1881       2040      0.0855       1937        1937      0.0034        1.3610
ALPHA 1.0349 MaxIteration 2828  TIMEOUT 0.088521
 25       1881       1881       2040      0.0886       1937        1937      0.0062        1.5392
ALPHA 1.0349 MaxIteration 2926  TIMEOUT 0.091646
 26       1881       1881       2040      0.0917       1937        1937      0.0045        1.7236
ALPHA 1.0349 MaxIteration 3027  TIMEOUT 0.094849
 27       1881       1881       2040      0.0949       1937        1937      0.0054        1.9144
ALPHA 1.0349 MaxIteration 3132  TIMEOUT 0.098170
 28       1881       1881       2040      0.0982       1937        1937      0.0012        2.1128
ALPHA 1.0349 MaxIteration 3241  TIMEOUT 0.101627
 29       1881       1881       2040      0.1016       1937        1937      0.0074        2.3182
ALPHA 1.0349 MaxIteration 3353  TIMEOUT 0.105182
 30       1881       1881       2040      0.1052       1937        1937      0.0017        2.5296
ALPHA 1.0349 MaxIteration 3469  TIMEOUT 0.108852
 31       1881       1881       2040      0.1060       1937        1937      0.0007        2.7466
ALPHA 1.0349 MaxIteration 3589  TIMEOUT 0.109684
 32       1881       1881       2040      0.1097       1937        1937      0.0013        2.9681
ALPHA 1.0349 MaxIteration 3714  TIMEOUT 0.113529
 33       1881       1881       2040      0.1136       1937        1937      0.0013        3.1973
ALPHA 1.0349 MaxIteration 3843  TIMEOUT 0.117524
 34       1881       1881       2040      0.1175       1937        1937      0.0021        3.4384
ALPHA 1.0349 MaxIteration 3976  TIMEOUT 0.121634
 35       1881       1881       2040      0.1216       1937        1937      0.0050        3.6858
ALPHA 1.0349 MaxIteration 4114  TIMEOUT 0.125884
 36       1881       1881       2040      0.1259       1937        1937      0.0014        3.9386
ALPHA 1.0349 MaxIteration 4257  TIMEOUT 0.130279
 37       1881       1881       2033      0.1303       1937        1937      0.0044        4.2032
ALPHA 1.0349 MaxIteration 4405  TIMEOUT 0.134849
 38       1881       1881       2040      0.1349       1937        1937      0.0018        4.4761
ALPHA 1.0349 MaxIteration 4558  TIMEOUT 0.139581
 39       1881       1881       2040      0.1396       1937        1937      0.0037        4.7584
ALPHA 1.0349 MaxIteration 4716  TIMEOUT 0.144475
 40       1881       1881       2024      0.1445       1937        1937      0.0040        5.0494
ALPHA 1.0349 MaxIteration 4880  TIMEOUT 0.149516
 41       1881       1881       2040      0.1496       1937        1937      0.0042        5.3506
ALPHA 1.0349 MaxIteration 5050  TIMEOUT 0.154769
 42       1881       1881       2024      0.1548       1937        1937      0.0024        5.6612
ALPHA 1.0349 MaxIteration 5226  TIMEOUT 0.160174
 43       1881       1881       2040      0.1602       1937        1937      0.0039        5.9836
ALPHA 1.0349 MaxIteration 5408  TIMEOUT 0.165766
 44       1881       1881       2024      0.1658       1937        1937      0.0023        6.3172
ALPHA 1.0349 MaxIteration 5596  TIMEOUT 0.171564
 45       1881       1881       2012      0.1716       1937        1937      0.0070        6.6625
ALPHA 1.0349 MaxIteration 5791  TIMEOUT 0.177558
 46       1881       1881       2033      0.1776       1937        1937      0.0019        7.0227
ALPHA 1.0349 MaxIteration 5992  TIMEOUT 0.183776
 47       1881       1881       2040      0.1838       1937        1937      0.0021        7.3914
ALPHA 1.0349 MaxIteration 6200  TIMEOUT 0.190198
 48       1881       1881       2036      0.1902       1937        1937      0.0057        7.7729
ALPHA 1.0349 MaxIteration 6416  TIMEOUT 0.196856
 49       1881       1881       2027      0.1969       1937        1937      0.0021        8.1668
ALPHA 1.0349 MaxIteration 6639  TIMEOUT 0.203749
 50       1881       1881       2036      0.2038       1937        1937      0.0040        8.5763
ALPHA 1.0349 MaxIteration 6870  TIMEOUT 0.210858
 51       1881       1881       2031      0.2109       1937        1937      0.0049        9.0001
ALPHA 1.0349 MaxIteration 7109  TIMEOUT 0.218225
 52       1881       1881       2040      0.2183       1937        1937      0.0035        9.4407
ALPHA 1.0349 MaxIteration 7356  TIMEOUT 0.225865
 53       1881       1881       2033      0.2259       1937        1937      0.0018        9.8946
ALPHA 1.0349 MaxIteration 7612  TIMEOUT 0.233775
 54       1881       1881       2033      0.2338       1937        1937      0.0044       10.3662
ALPHA 1.0349 MaxIteration 7877  TIMEOUT 0.241952
 55       1881       1881       2036      0.2420       1937        1937      0.0013       10.8512
ALPHA 1.0349 MaxIteration 8151  TIMEOUT 0.250398
 56       1881       1881       2035      0.2504       1937        1937      0.0024       11.3552
ALPHA 1.0349 MaxIteration 8435  TIMEOUT 0.259161
 57       1881       1881       2034      0.2592       1937        1937      0.0084       11.8776
ALPHA 1.0349 MaxIteration 8729  TIMEOUT 0.268221
 58       1881       1881       2028      0.2682       1937        1937      0.0028       12.4232
ALPHA 1.0349 MaxIteration 9033  TIMEOUT 0.277595
 59       1881       1881       2027      0.2776       1937        1937      0.0009       12.9875
ALPHA 1.0349 MaxIteration 9347  TIMEOUT 0.287293
 60       1881       1881       2037      0.2873       1937        1937      0.0019       13.5652
ALPHA 1.0349 MaxIteration 9672  TIMEOUT 0.297332
 61       1881       1881       2040      0.2973       1937        1937      0.0027       20.0000
>>> T1_200_250_7.wclq |V| 200 |E| 250  (#LB 0.0179 1848 ---> 1881  0.0289  1937 <--- 2016  0.0392 #UB)  #read_time 0.0006  #reduce_time 0.0000  #solve_time 20.0000  #total_time 20.0006
 