>>IBM: |V|=1000 |E|=52120
>>IBM: The maximum node weight is 100
/public/home/acs4vb4pqv/benchmarks/MWDS2026/UDG_wclq/UDG_1000_200_8.wclq #seed 3 #alpha 1.900 #timeout 0.100 K=5 RHO=0.05 Q0=0.90 BETA=3.5
[v19] |V|=1000 |E|=52120 density=52.12 USE_ADVANCED=1
#Rd        #LB        #LB*       #UB       #Time        #UB+        #UB*      #Time      #TotalTime
First Gap  0.078947
ALPHA 1.9000 MaxIteration 500  TIMEOUT 0.292435
  1         38         38         41      0.2924
 [Tier-3 Hard] gap=0.0789 density=52.12 |V|=1000 => Heavy RL (K=8, 25%)
ALPHA 1.9000 MaxIteration 3  TIMEOUT 0.017051
  2         36         38         41      0.0171ALPHA 1.8304 MaxIteration 5  TIMEOUT 0.026933
  3         36         38         42      0.0269ALPHA 1.7658 MaxIteration 9  TIMEOUT 0.022912
  4         37         38         43      0.0229         41          41      0.0000      0.3901
ALPHA 1.7056 MaxIteration 15  TIMEOUT 0.013917
  5         33         38         41      0.0139         41          41      0.0000      0.4201
ALPHA 1.6493 MaxIteration 25  TIMEOUT 0.044047
  6         37         38         41      0.0440         41          41      0.0000      0.5100
ALPHA 1.5966 MaxIteration 41  TIMEOUT 0.040936
  7         36         38         41      0.0409         41          41      0.0000      0.6000
ALPHA 1.5472 MaxIteration 65  TIMEOUT 0.056194
  8         36         38         41      0.0562         41          41      0.0000      0.7100
ALPHA 1.5008 MaxIteration 100  TIMEOUT 0.080378
  9         35         38         41      0.0804         41          41      0.0000      0.8800
ALPHA 1.4571 MaxIteration 150  TIMEOUT 0.136280
 10         36         38         41      0.1363         41          41      0.0000      1.1501
ALPHA 1.4158 MaxIteration 218  TIMEOUT 0.223953
 11         35         38         41      0.2240         41          41      0.0000      1.6001
ALPHA 1.3768 MaxIteration 308  TIMEOUT 0.365710
 12         35         38         41      0.3657         41          41      0.0000      2.3301
ALPHA 1.3399 MaxIteration 424  TIMEOUT 0.467971
 13         36         38         41      0.4680         41          41      0.0000      3.2600
ALPHA 1.3049 MaxIteration 568  TIMEOUT 0.867529
 14         36         38         41      0.8675         41          41      0.0000      4.9800
ALPHA 1.2718 MaxIteration 741  TIMEOUT 0.922697
 15         36         38         41      0.9227         41          41      0.0000      6.8300
ALPHA 1.2402 MaxIteration 942  TIMEOUT 1.304758
 16         36         38         41      1.3048         41          41      0.0000      9.4401
ALPHA 1.2102 MaxIteration 1168  TIMEOUT 1.518836
 17         36         38         41      1.5188         41          41      0.0000     12.4700
ALPHA 1.1816 MaxIteration 1413  TIMEOUT 1.273882
 18         35         38         41      1.2739         41          41      0.0000     15.0101
ALPHA 1.1543 MaxIteration 1669  TIMEOUT 2.839381
 19         36         38         41      2.8394         41          41      0.0000     20.6800
ALPHA 1.1283 MaxIteration 1926  TIMEOUT 3.148677
 20         35         38         41      3.1487         41          41      0.0000     26.9601
ALPHA 1.1034 MaxIteration 2173  TIMEOUT 1.926956
 21         34         38         41      1.9270         41          41      0.0000     30.8101
ALPHA 1.0795 MaxIteration 2397  TIMEOUT 4.347649
 22         35         38         41      4.3476         41          41      0.0000     39.4900
ALPHA 1.0567 MaxIteration 2587  TIMEOUT 3.949517
 23         35         38         41      3.9495         41          41      0.0000     47.3801
ALPHA 1.0349 MaxIteration 2733  TIMEOUT 2.651237
 24         35         38         41      2.6512         41          41      0.0000     52.6800
ALPHA 1.0349 MaxIteration 2828  TIMEOUT 3.473345
 25         35         38         41      3.4733         41          41      0.0000     59.6301
ALPHA 1.0349 MaxIteration 2926  TIMEOUT 3.493856
 26         35         38         41      3.4939         41          41      0.0000     66.6201
ALPHA 1.0349 MaxIteration 3027  TIMEOUT 3.888903
 27         35         38         41      3.8889         41          41      0.0000     74.3802
ALPHA 1.0349 MaxIteration 3132  TIMEOUT 5.010724
 28         35         38         41      5.0107         41          41      0.0000     84.4001
ALPHA 1.0349 MaxIteration 3241  TIMEOUT 3.403626
 29         34         38         41      3.4036         41          41      0.0000     91.2102
ALPHA 1.0349 MaxIteration 3353  TIMEOUT 3.282021
 30         34         38         41      3.2820         41          41      0.0000     97.7700
ALPHA 1.0349 MaxIteration 3469  TIMEOUT 3.425693
 31         34         38         41      3.4257         41          41      0.0000    104.6201
ALPHA 1.0349 MaxIteration 3589  TIMEOUT 3.056897
 32         33         38         41      3.0569         41          41      0.0000    110.7201
ALPHA 1.0349 MaxIteration 3714  TIMEOUT 4.447720
 33         34         38         41      4.4477         41          41      0.0000    119.6001
ALPHA 1.0349 MaxIteration 3843  TIMEOUT 5.220585
 34         34         38         41      5.2206         41          41      0.0000    130.0401
ALPHA 1.0349 MaxIteration 3976  TIMEOUT 4.404677
 35         34         38         41      4.4047         41          41      0.0000    138.8401
ALPHA 1.0349 MaxIteration 4114  TIMEOUT 3.659139
 36         34         38         41      3.6591         41          41      0.0000    146.1400
ALPHA 1.0349 MaxIteration 4257  TIMEOUT 5.874456
 37         34         38         41      5.8745         41          41      0.0000    157.8801
ALPHA 1.0349 MaxIteration 4405  TIMEOUT 5.964492
 38         34         38         41      5.9645         41          41      0.0000    169.8000
ALPHA 1.0349 MaxIteration 4558  TIMEOUT 8.400965
 39         34         38         41      8.4010         41          41      0.0000    186.6000
ALPHA 1.0349 MaxIteration 4716  TIMEOUT 6.126067
 40         33         38         41      6.1261         41          41      0.0000    198.8401
ALPHA 1.0349 MaxIteration 4880  TIMEOUT 7.331161
 41         34         38         41      7.3312         41          41      0.0000    213.5001
ALPHA 1.0349 MaxIteration 5050  TIMEOUT 6.337328
 42         33         38         41      6.3373         41          41      0.0000    226.1500
ALPHA 1.0349 MaxIteration 5226  TIMEOUT 7.002879
 43         34         38         41      7.0029         41          41      0.0000    240.1401
ALPHA 1.0349 MaxIteration 5408  TIMEOUT 5.907785
 44         33         38         41      5.9078         41          41      0.0000    251.9401
ALPHA 1.0349 MaxIteration 5596  TIMEOUT 6.132028
 45         34         38         41      6.1320         41          41      0.0000    264.2001
ALPHA 1.0349 MaxIteration 5791  TIMEOUT 7.157450
 46         33         38         41      7.1574         41          41      0.0000    278.5001
ALPHA 1.0349 MaxIteration 5992  TIMEOUT 5.699061
 47         33         38         41      5.6991         41          41      0.0000    289.8802
ALPHA 1.0349 MaxIteration 6200  TIMEOUT 7.633536
 48         33         38         41      7.6335         41          41      0.0000    305.1301
ALPHA 1.0349 MaxIteration 6416  TIMEOUT 7.931271
 49         33         38         41      7.9313         41          41      0.0000    320.9800
ALPHA 1.0349 MaxIteration 6639  TIMEOUT 13.229082
 50         34         38         41     13.2291>>> UDG_1000_200_8.wclq |V| 1000 |E| 52120  (#LB 0.0000 38 ---> 38  0.0789  41 <--- 41  0.0000 #UB)  #solve_ime 334.2091 read_time 0.0100 
