>>> Warning: header edge_num=125248, parsed edge_num=62624
>>IBM: |V|=500 |E|=62624
>>IBM: The maximum node weight is 200
/public/home/acs4vb4pqv/benchmarks/MWDS2026/dimacs/DSJC500_5.clq #seed 103 #alpha 1.900 #timeout 0.100 
#Rd        #LB        #LB*       #UB       #Time        #UB+        #UB*      #Time      #TotalTime
ALPHA 1.9000 MaxIteration 500  TIMEOUT 0.601131
  1         11         11         16      0.6011         16          16      0.0000      1.2049
ALPHA 1.9000 MaxIteration 3  TIMEOUT 0.003657
  2         11         11         18      0.0037         16          16      0.0000      1.2153
ALPHA 1.8304 MaxIteration 5  TIMEOUT 0.005833
  3         11         11         18      0.0058         16          16      0.0000      1.2247
ALPHA 1.7658 MaxIteration 9  TIMEOUT 0.011574
  4         11         11         18      0.0116         16          16      0.0000      1.2551
ALPHA 1.7056 MaxIteration 15  TIMEOUT 0.018161
  5         11         11         18      0.0182         16          16      0.0100      1.2849
ALPHA 1.6493 MaxIteration 25  TIMEOUT 0.026755
  6         11         11         18      0.0268         16          16      0.0000      1.3349
ALPHA 1.5966 MaxIteration 41  TIMEOUT 0.043110
  7         11         11         18      0.0431         16          16      0.0000      1.4249
ALPHA 1.5472 MaxIteration 65  TIMEOUT 0.072271
  8         11         11         18      0.0723         16          16      0.0000      1.5748
ALPHA 1.5008 MaxIteration 100  TIMEOUT 0.106891
  9         11         11         16      0.1069         16          16      0.0000      1.7851
ALPHA 1.4571 MaxIteration 150  TIMEOUT 0.159243
 10         11         11         16      0.1592         16          16      0.0000      2.1046
ALPHA 1.4158 MaxIteration 218  TIMEOUT 0.230399
 11         11         11         16      0.2304         16          16      0.0000      2.5748
ALPHA 1.3768 MaxIteration 308  TIMEOUT 0.332179
 12         11         11         16      0.3322         16          16      0.0000      3.2449
ALPHA 1.3399 MaxIteration 424  TIMEOUT 0.456115
 13         11         11         16      0.4561         16          16      0.0000      4.1555
ALPHA 1.3049 MaxIteration 568  TIMEOUT 0.605056
 14         11         11         16      0.6051         16          16      0.0000      5.3649
ALPHA 1.2718 MaxIteration 741  TIMEOUT 0.781560
 15         11         11         16      0.7816         16          16      0.0000      6.9252
ALPHA 1.2402 MaxIteration 942  TIMEOUT 0.997142
 16         11         11         16      0.9971         16          16      0.0000      8.9149
ALPHA 1.2102 MaxIteration 1168  TIMEOUT 1.258440
 17         11         11         16      1.2584         16          16      0.0000     11.4246
ALPHA 1.1816 MaxIteration 1413  TIMEOUT 1.512027
 18         11         11         16      1.5120         16          16      0.0000     14.4550
ALPHA 1.1543 MaxIteration 1669  TIMEOUT 1.779712
 19         11         11         16      1.7797         16          16      0.0000     18.0146
ALPHA 1.1283 MaxIteration 1926  TIMEOUT 1.985676
 20         11         11         16      1.9857>>> DSJC500_5.clq |V| 500 |E| 62624  (#LB 0.0000 11 ---> 11  0.4545  16 <--- 16  0.0000 #UB)  #solve_ime 20.0003 read_time 0.0154 
