>>IBM: |V|=250 |E|=2000
>>IBM: The maximum node weight is 682
/public/home/acs4vb4pqv/benchmarks/MWDS2026/T2_wclq/T2_250_2000_3.wclq #seed 1 #alpha 1.900 #timeout 0.100 
#Rd        #LB        #LB*       #UB       #Time        #UB+        #UB*      #Time      #TotalTime
ALPHA 1.9000 MaxIteration 500  TIMEOUT 0.105140
  1       1003       1003       1224      0.1051       1183        1183      0.0100      0.2100
ALPHA 1.9000 MaxIteration 3  TIMEOUT 0.000343
  2        903       1003       1544      0.0003       1183        1183      0.0000      0.2200
ALPHA 1.8304 MaxIteration 5  TIMEOUT 0.000968
  3        914       1003       1283      0.0010       1183        1183      0.0000      0.2300
ALPHA 1.7658 MaxIteration 9  TIMEOUT 0.001957
  4        967       1003       1341      0.0020       1189        1183      0.0000      0.2400
ALPHA 1.7056 MaxIteration 15  TIMEOUT 0.002116
  5        991       1003       1254      0.0021       1191        1183      0.0000      0.2500
ALPHA 1.6493 MaxIteration 25  TIMEOUT 0.005040
  6       1006       1006       1303      0.0050       1189        1183      0.0000      0.2600
ALPHA 1.5966 MaxIteration 41  TIMEOUT 0.007032
  7       1022       1022       1230      0.0070       1189        1183      0.0000      0.2700
ALPHA 1.5472 MaxIteration 65  TIMEOUT 0.010791
  8       1023       1023       1225      0.0108       1191        1183      0.0000      0.3000
ALPHA 1.5008 MaxIteration 100  TIMEOUT 0.015832
  9       1023       1023       1225      0.0158       1189        1183      0.0000      0.3300
ALPHA 1.4571 MaxIteration 150  TIMEOUT 0.027552
 10       1023       1023       1225      0.0276       1183        1183      0.0000      0.3725
ALPHA 1.4158 MaxIteration 218  TIMEOUT 0.020347
 11       1028       1028       1225      0.0203       1183        1183      0.0000      0.4200
ALPHA 1.3768 MaxIteration 308  TIMEOUT 0.046595
 12       1049       1049       1225      0.0466       1183        1183      0.0000      0.5100
ALPHA 1.3399 MaxIteration 424  TIMEOUT 0.066733
 13       1041       1049       1225      0.0667       1183        1183      0.0100      0.6400
ALPHA 1.3049 MaxIteration 568  TIMEOUT 0.075412
 14       1038       1049       1225      0.0754       1183        1183      0.0200      0.7900
ALPHA 1.2718 MaxIteration 741  TIMEOUT 0.099684
 15       1047       1049       1225      0.0997       1183        1183      0.0100      0.9800
ALPHA 1.2402 MaxIteration 942  TIMEOUT 0.105225
 16       1041       1049       1225      0.1052       1183        1183      0.0000      1.1800
ALPHA 1.2102 MaxIteration 1168  TIMEOUT 0.132775
 17       1052       1052       1225      0.1328       1189        1183      0.0000      1.4400
ALPHA 1.1816 MaxIteration 1413  TIMEOUT 0.215768
 18       1047       1052       1225      0.2158       1183        1183      0.0100      1.8700
ALPHA 1.1543 MaxIteration 1669  TIMEOUT 0.153344
 19       1047       1052       1225      0.1533       1183        1183      0.0100      2.1700
ALPHA 1.1283 MaxIteration 1926  TIMEOUT 0.168340
 20       1055       1055       1225      0.1683       1183        1183      0.1600      2.5000
ALPHA 1.1034 MaxIteration 2173  TIMEOUT 0.249395
 21       1041       1055       1225      0.2494       1183        1183      0.0300      2.9800
ALPHA 1.0795 MaxIteration 2397  TIMEOUT 0.185786
 22       1037       1055       1226      0.1858       1183        1183      0.0000      3.3400
ALPHA 1.0567 MaxIteration 2587  TIMEOUT 0.262549
 23       1050       1055       1223      0.2625       1183        1183      0.0200      3.8600
ALPHA 1.0349 MaxIteration 2733  TIMEOUT 0.253985
 24       1038       1055       1225      0.2540       1183        1183      0.0400      4.3600
ALPHA 1.0349 MaxIteration 2828  TIMEOUT 0.266905
 25       1045       1055       1225      0.2669       1183        1183      0.0100      4.8800
ALPHA 1.0349 MaxIteration 2926  TIMEOUT 0.232594
 26       1041       1055       1256      0.2326       1183        1183      0.0200      5.3400
ALPHA 1.0349 MaxIteration 3027  TIMEOUT 0.348467
 27       1048       1055       1232      0.3485       1183        1183      0.0200      6.0200
ALPHA 1.0349 MaxIteration 3132  TIMEOUT 0.264860
 28       1041       1055       1238      0.2649       1183        1183      0.0000      6.5400
ALPHA 1.0349 MaxIteration 3241  TIMEOUT 0.271352
 29       1041       1055       1225      0.2714       1183        1183      0.0000      7.0800
ALPHA 1.0349 MaxIteration 3353  TIMEOUT 0.503839
 30       1045       1055       1225      0.5038       1183        1183      0.1000      8.0800
ALPHA 1.0349 MaxIteration 3469  TIMEOUT 0.482345
 31       1047       1055       1225      0.4823       1183        1183      0.0100      9.0400
ALPHA 1.0349 MaxIteration 3589  TIMEOUT 0.413897
 32       1045       1055       1226      0.4139       1183        1183      0.0100      9.8700
ALPHA 1.0349 MaxIteration 3714  TIMEOUT 0.323355
 33       1049       1055       1225      0.3234       1183        1183      0.0200     10.5100
ALPHA 1.0349 MaxIteration 3843  TIMEOUT 0.326389
 34       1049       1055       1229      0.3264       1183        1183      0.0100     11.1500
ALPHA 1.0349 MaxIteration 3976  TIMEOUT 0.348368
 35       1041       1055       1225      0.3484       1183        1183      0.0800     11.8300
ALPHA 1.0349 MaxIteration 4114  TIMEOUT 0.370848
 36       1041       1055       1242      0.3708       1183        1183      0.0100     12.5700
ALPHA 1.0349 MaxIteration 4257  TIMEOUT 0.380002
 37       1041       1055       1244      0.3800       1183        1183      0.0400     13.3300
ALPHA 1.0349 MaxIteration 4405  TIMEOUT 0.471488
 38       1045       1055       1242      0.4715       1183        1183      0.0100     14.2700
ALPHA 1.0349 MaxIteration 4558  TIMEOUT 0.440501
 39       1047       1055       1225      0.4405       1183        1183      0.0000     15.1500
ALPHA 1.0349 MaxIteration 4716  TIMEOUT 0.429181
 40       1038       1055       1225      0.4292       1183        1183      0.0100     15.9756
ALPHA 1.0349 MaxIteration 4880  TIMEOUT 0.511727
 41       1045       1055       1251      0.5117       1183        1183      0.1100     16.9900
ALPHA 1.0349 MaxIteration 5050  TIMEOUT 0.470078
 42       1053       1055       1225      0.4701       1183        1183      0.1000     17.9300
ALPHA 1.0349 MaxIteration 5226  TIMEOUT 0.576391
 43       1038       1055       1256      0.5764       1183        1183      0.0200     19.0600
ALPHA 1.0349 MaxIteration 5408  TIMEOUT 0.539852
 44       1038       1055       1238      0.5399       1183        1183      0.0800     19.9900
ALPHA 1.0349 MaxIteration 5596  TIMEOUT 0.010034
 45       1015       1055       1328      0.0100>>> T2_250_2000_3.wclq |V| 250 |E| 2000  (#LB 0.0518 1003 ---> 1055  0.1213  1183 <--- 1224  0.0335 #UB)  #solve_ime 20.0001 read_time 0.0000 
