>>IBM: |V|=200 |E|=2000
>>IBM: The maximum node weight is 49
/public/home/acs4vb4pqv/benchmarks/MWDS2026/T1_wclq/T1_200_2000_8.wclq #seed 103 #alpha 1.900 #timeout 0.100 
#Rd        #LB        #LB*       #UB       #Time        #UB+        #UB*      #Time      #TotalTime
ALPHA 1.9000 MaxIteration 500  TIMEOUT 0.046679
  1        198        198        461      0.0467        416         416      0.0100      0.0900
ALPHA 1.9000 MaxIteration 3  TIMEOUT 0.000341
  2        195        198        521      0.0003        416         416      0.0000      0.1000
ALPHA 1.8304 MaxIteration 5  TIMEOUT 0.000594
  3        200        200        538      0.0006        416         416      0.0000      0.1100
ALPHA 1.7658 MaxIteration 9  TIMEOUT 0.000977
  4        195        200        534      0.0010        424         416      0.0000      0.1200
ALPHA 1.7056 MaxIteration 15  TIMEOUT 0.002395
  5        195        200        533      0.0024        416         416      0.0000      0.1300
ALPHA 1.6493 MaxIteration 25  TIMEOUT 0.004291
  6        201        201        529      0.0043        424         416      0.0000      0.1400
ALPHA 1.5966 MaxIteration 41  TIMEOUT 0.007595
  7        198        201        510      0.0076        435         416      0.0000      0.1500
ALPHA 1.5472 MaxIteration 65  TIMEOUT 0.019087
  8        209        209        500      0.0191        417         416      0.0100      0.1800
ALPHA 1.5008 MaxIteration 100  TIMEOUT 0.015035
  9        216        216        507      0.0150        416         416      0.0000      0.2100
ALPHA 1.4571 MaxIteration 150  TIMEOUT 0.019120
 10        217        217        501      0.0191        416         416      0.0100      0.2400
ALPHA 1.4158 MaxIteration 218  TIMEOUT 0.035103
 11        213        217        481      0.0351        416         416      0.0300      0.3100
ALPHA 1.3768 MaxIteration 308  TIMEOUT 0.051203
 12        215        217        480      0.0512        416         416      0.0000      0.4200
ALPHA 1.3399 MaxIteration 424  TIMEOUT 0.051738
 13        216        217        505      0.0517        416         416      0.0000      0.5300
ALPHA 1.3049 MaxIteration 568  TIMEOUT 0.056197
 14        213        217        509      0.0562        416         416      0.0000      0.6400
ALPHA 1.2718 MaxIteration 741  TIMEOUT 0.084611
 15        213        217        503      0.0846        416         416      0.0500      0.8100
ALPHA 1.2402 MaxIteration 942  TIMEOUT 0.132626
 16        216        217        499      0.1326        416         416      0.0800      1.0800
ALPHA 1.2102 MaxIteration 1168  TIMEOUT 0.122820
 17        213        217        498      0.1228        416         416      0.0100      1.3300
ALPHA 1.1816 MaxIteration 1413  TIMEOUT 0.173672
 18        213        217        480      0.1737        416         416      0.0000      1.6700
ALPHA 1.1543 MaxIteration 1669  TIMEOUT 0.164596
 19        213        217        480      0.1646        416         416      0.0100      2.0000
ALPHA 1.1283 MaxIteration 1926  TIMEOUT 0.194354
 20        215        217        480      0.1944        416         416      0.0000      2.3800
ALPHA 1.1034 MaxIteration 2173  TIMEOUT 0.204948
 21        216        217        485      0.2049        416         416      0.0000      2.7900
ALPHA 1.0795 MaxIteration 2397  TIMEOUT 0.510325
 22        213        217        502      0.5103        416         416      0.0000      3.8000
ALPHA 1.0567 MaxIteration 2587  TIMEOUT 0.278803
 23        216        217        485      0.2788        416         416      0.0100      4.3500
ALPHA 1.0349 MaxIteration 2733  TIMEOUT 0.297667
 24        213        217        489      0.2977        416         416      0.0200      4.9300
ALPHA 1.0349 MaxIteration 2828  TIMEOUT 0.275007
 25        212        217        502      0.2750        416         416      0.0300      5.4800
ALPHA 1.0349 MaxIteration 2926  TIMEOUT 0.283827
 26        213        217        498      0.2838        416         416      0.0200      6.0400
ALPHA 1.0349 MaxIteration 3027  TIMEOUT 0.303778
 27        216        217        488      0.3038        416         416      0.0400      6.6400
ALPHA 1.0349 MaxIteration 3132  TIMEOUT 0.451161
 28        212        217        499      0.4512        416         416      0.0000      7.5300
ALPHA 1.0349 MaxIteration 3241  TIMEOUT 0.329040
 29        213        217        499      0.3290        416         416      0.0100      8.1700
ALPHA 1.0349 MaxIteration 3353  TIMEOUT 0.524070
 30        213        217        498      0.5241        416         416      0.0100      9.2000
ALPHA 1.0349 MaxIteration 3469  TIMEOUT 0.363397
 31        216        217        485      0.3634        416         416      0.0000      9.9200
ALPHA 1.0349 MaxIteration 3589  TIMEOUT 0.339426
 32        216        217        469      0.3394        416         416      0.1100     10.5800
ALPHA 1.0349 MaxIteration 3714  TIMEOUT 0.352430
 33        212        217        480      0.3524        416         416      0.0000     11.2800
ALPHA 1.0349 MaxIteration 3843  TIMEOUT 0.410076
 34        212        217        480      0.4101        416         416      0.0000     12.0900
ALPHA 1.0349 MaxIteration 3976  TIMEOUT 0.374996
 35        218        218        469      0.3750        416         416      0.0100     12.8300
ALPHA 1.0349 MaxIteration 4114  TIMEOUT 0.388026
 36        218        218        499      0.3880        416         416      0.0100     13.5900
ALPHA 1.0349 MaxIteration 4257  TIMEOUT 0.391589
 37        213        218        485      0.3916        416         416      0.0000     14.3700
ALPHA 1.0349 MaxIteration 4405  TIMEOUT 0.751436
 38        216        218        488      0.7514        416         416      0.0400     15.8600
ALPHA 1.0349 MaxIteration 4558  TIMEOUT 0.456326
 39        216        218        488      0.4563        416         416      0.0100     16.7700
ALPHA 1.0349 MaxIteration 4716  TIMEOUT 0.865091
 40        213        218        489      0.8651        416         416      0.0100     18.4900
ALPHA 1.0349 MaxIteration 4880  TIMEOUT 0.498287
 41        216        218        469      0.4983        416         416      0.1100     19.4700
ALPHA 1.0349 MaxIteration 5050  TIMEOUT 0.530003
 42        216        218        484      0.5300>>> T1_200_2000_8.wclq |V| 200 |E| 2000  (#LB 0.1010 198 ---> 218  0.9083  416 <--- 461  0.0976 #UB)  #solve_ime 20.0000 read_time 0.0000 
