>>IBM: |V|=200 |E|=17910
>>IBM: The maximum node weight is 200
/public/home/acs4vb4pqv/benchmarks/MWDS2026/dimacs/gen200_p0.9_55.clq #seed 3 #alpha 1.900 #timeout 0.100 
#Rd        #LB        #LB*       #UB       #Time        #UB+        #UB*      #Time      #TotalTime
ALPHA 1.9000 MaxIteration 500  TIMEOUT 0.101716
  1          5          5          6      0.1017          6           6      0.0000      0.2054
ALPHA 1.9000 MaxIteration 3  TIMEOUT 0.000708
  2          4          5          6      0.0007          6           6      0.0000      0.2157
ALPHA 1.8304 MaxIteration 5  TIMEOUT 0.000903
  3          4          5          6      0.0009          6           6      0.0000      0.2256
ALPHA 1.7658 MaxIteration 9  TIMEOUT 0.001263
  4          4          5          7      0.0013          6           6      0.0000      0.2354
ALPHA 1.7056 MaxIteration 15  TIMEOUT 0.002079
  5          4          5          6      0.0021          6           6      0.0000      0.2456
ALPHA 1.6493 MaxIteration 25  TIMEOUT 0.003456
  6          4          5          7      0.0035          6           6      0.0000      0.2554
ALPHA 1.5966 MaxIteration 41  TIMEOUT 0.013062
  7          5          5          6      0.0131          6           6      0.0000      0.2853
ALPHA 1.5472 MaxIteration 65  TIMEOUT 0.008341
  8          4          5          6      0.0083          6           6      0.0000      0.2954
ALPHA 1.5008 MaxIteration 100  TIMEOUT 0.012258
  9          4          5          7      0.0123          6           6      0.0000      0.3256
ALPHA 1.4571 MaxIteration 150  TIMEOUT 0.021282
 10          4          5          6      0.0213          6           6      0.0000      0.3756
ALPHA 1.4158 MaxIteration 218  TIMEOUT 0.027101
 11          4          5          7      0.0271          6           6      0.0000      0.4253
ALPHA 1.3768 MaxIteration 308  TIMEOUT 0.042368
 12          4          5          6      0.0424          6           6      0.0000      0.5155
ALPHA 1.3399 MaxIteration 424  TIMEOUT 0.052991
 13          4          5          7      0.0530          6           6      0.0000      0.6254
ALPHA 1.3049 MaxIteration 568  TIMEOUT 0.077500
 14          4          5          6      0.0775          6           6      0.0000      0.7756
ALPHA 1.2718 MaxIteration 741  TIMEOUT 0.098910
 15          4          5          7      0.0989          6           6      0.0000      0.9657
ALPHA 1.2402 MaxIteration 942  TIMEOUT 0.121697
 16          4          5          6      0.1217          6           6      0.0000      1.2153
ALPHA 1.2102 MaxIteration 1168  TIMEOUT 0.153665
 17          4          5          7      0.1537          6           6      0.0000      1.5255
ALPHA 1.1816 MaxIteration 1413  TIMEOUT 0.187686
 18          4          5          6      0.1877          6           6      0.0000      1.8957
ALPHA 1.1543 MaxIteration 1669  TIMEOUT 0.220587
 19          4          5          7      0.2206          6           6      0.0000      2.3455
ALPHA 1.1283 MaxIteration 1926  TIMEOUT 0.259136
 20          4          5          6      0.2591          6           6      0.0000      2.8556
ALPHA 1.1034 MaxIteration 2173  TIMEOUT 0.290613
 21          4          5          7      0.2906          6           6      0.0000      3.4455
ALPHA 1.0795 MaxIteration 2397  TIMEOUT 0.314855
 22          4          5          6      0.3149          6           6      0.0000      4.0754
ALPHA 1.0567 MaxIteration 2587  TIMEOUT 0.348631
 23          4          5          7      0.3486          6           6      0.0000      4.7656
ALPHA 1.0349 MaxIteration 2733  TIMEOUT 0.365344
 24          4          5          6      0.3653          6           6      0.0000      5.4857
ALPHA 1.0349 MaxIteration 2828  TIMEOUT 0.379739
 25          4          5          7      0.3797          6           6      0.0000      6.2454
ALPHA 1.0349 MaxIteration 2926  TIMEOUT 0.388851
 26          4          5          6      0.3889          6           6      0.0000      7.0154
ALPHA 1.0349 MaxIteration 3027  TIMEOUT 0.403420
 27          4          5          7      0.4034          6           6      0.0000      7.8254
ALPHA 1.0349 MaxIteration 3132  TIMEOUT 0.417205
 28          4          5          6      0.4172          6           6      0.0000      8.6558
ALPHA 1.0349 MaxIteration 3241  TIMEOUT 0.431407
 29          4          5          7      0.4314          6           6      0.0000      9.5254
ALPHA 1.0349 MaxIteration 3353  TIMEOUT 0.449089
 30          4          5          6      0.4491          6           6      0.0000     10.4153
ALPHA 1.0349 MaxIteration 3469  TIMEOUT 0.460235
 31          4          5          7      0.4602          6           6      0.0000     11.3456
ALPHA 1.0349 MaxIteration 3589  TIMEOUT 0.472857
 32          4          5          6      0.4729          6           6      0.0000     12.2956
ALPHA 1.0349 MaxIteration 3714  TIMEOUT 0.491329
 33          4          5          7      0.4913          6           6      0.0000     13.2853
ALPHA 1.0349 MaxIteration 3843  TIMEOUT 0.510430
 34          4          5          6      0.5104          6           6      0.0000     14.3155
ALPHA 1.0349 MaxIteration 3976  TIMEOUT 0.531365
 35          4          5          7      0.5314          6           6      0.0000     15.3853
ALPHA 1.0349 MaxIteration 4114  TIMEOUT 0.547984
 36          4          5          6      0.5480          6           6      0.0000     16.4754
ALPHA 1.0349 MaxIteration 4257  TIMEOUT 0.562567
 37          4          5          7      0.5626          6           6      0.0000     17.6057
ALPHA 1.0349 MaxIteration 4405  TIMEOUT 0.578876
 38          4          5          6      0.5789          6           6      0.0000     18.7553
ALPHA 1.0349 MaxIteration 4558  TIMEOUT 0.600996
 39          4          5          7      0.6010          6           6      0.0000     19.9655
ALPHA 1.0349 MaxIteration 4716  TIMEOUT 0.034520
 40          4          5          7      0.0345>>> gen200_p0.9_55.clq |V| 200 |E| 17910  (#LB 0.0000 5 ---> 5  0.2000  6 <--- 6  0.0000 #UB)  #solve_ime 20.0000 read_time 0.0047 
