>>IBM: |V|=200 |E|=2000
>>IBM: The maximum node weight is 49
/public/home/acs4vb4pqv/benchmarks/MWDS2026/T1_wclq/T1_200_2000_8.wclq #seed 103 #alpha 1.900 #timeout 0.100 
#Rd        #LB        #LB*       #UB       #Time        #UB+        #UB*      #Time      #TotalTime
ALPHA 1.9000 MaxIteration 500  TIMEOUT 0.045586
  1        198        198        461      0.0456        416         416      0.0100      0.0889
ALPHA 1.9000 MaxIteration 3  TIMEOUT 0.000391
  2        195        198        521      0.0004        416         416      0.0000      0.0989
ALPHA 1.8304 MaxIteration 5  TIMEOUT 0.000694
  3        200        200        538      0.0007        416         416      0.0000      0.1089
ALPHA 1.7658 MaxIteration 9  TIMEOUT 0.001048
  4        195        200        534      0.0010        424         416      0.0000      0.1189
ALPHA 1.7056 MaxIteration 15  TIMEOUT 0.002102
  5        195        200        533      0.0021        416         416      0.0000      0.1289
ALPHA 1.6493 MaxIteration 25  TIMEOUT 0.004021
  6        201        201        529      0.0040        424         416      0.0000      0.1389
ALPHA 1.5966 MaxIteration 41  TIMEOUT 0.006394
  7        198        201        510      0.0064        422         416      0.0000      0.1489
ALPHA 1.5472 MaxIteration 65  TIMEOUT 0.005724
  8        201        201        508      0.0057        419         416      0.0000      0.1589
ALPHA 1.5008 MaxIteration 100  TIMEOUT 0.008440
  9        200        201        513      0.0084        430         416      0.0000      0.1689
ALPHA 1.4571 MaxIteration 150  TIMEOUT 0.019998
 10        205        205        514      0.0200        416         416      0.0000      0.2089
ALPHA 1.4158 MaxIteration 218  TIMEOUT 0.037707
 11        212        212        473      0.0377        416         416      0.0000      0.2789
ALPHA 1.3768 MaxIteration 308  TIMEOUT 0.052590
 12        214        214        480      0.0526        416         416      0.0100      0.3789
ALPHA 1.3399 MaxIteration 424  TIMEOUT 0.105163
 13        209        214        472      0.1052        416         416      0.0700      0.5889
ALPHA 1.3049 MaxIteration 568  TIMEOUT 0.057808
 14        211        214        465      0.0578        416         416      0.0300      0.6989
ALPHA 1.2718 MaxIteration 741  TIMEOUT 0.097975
 15        212        214        491      0.0980        416         416      0.0400      0.8889
ALPHA 1.2402 MaxIteration 942  TIMEOUT 0.119538
 16        207        214        500      0.1195        416         416      0.0200      1.1089
ALPHA 1.2102 MaxIteration 1168  TIMEOUT 0.207356
 17        213        214        498      0.2074        416         416      0.0200      1.5189
ALPHA 1.1816 MaxIteration 1413  TIMEOUT 0.171241
 18        211        214        483      0.1712        416         416      0.0100      1.8689
ALPHA 1.1543 MaxIteration 1669  TIMEOUT 0.184975
 19        210        214        484      0.1850        416         416      0.0100      2.2289
ALPHA 1.1283 MaxIteration 1926  TIMEOUT 0.230026
 20        212        214        491      0.2300        416         416      0.0300      2.6889
ALPHA 1.1034 MaxIteration 2173  TIMEOUT 0.209331
 21        218        218        501      0.2093        416         416      0.0100      3.0989
ALPHA 1.0795 MaxIteration 2397  TIMEOUT 0.352780
 22        217        218        488      0.3528        416         416      0.0200      3.7989
ALPHA 1.0567 MaxIteration 2587  TIMEOUT 0.277062
 23        212        218        492      0.2771        416         416      0.0000      4.3489
ALPHA 1.0349 MaxIteration 2733  TIMEOUT 0.348100
 24        217        218        491      0.3481        416         416      0.0400      5.0289
ALPHA 1.0349 MaxIteration 2828  TIMEOUT 0.340320
 25        220        220        495      0.3403        416         416      0.0000      5.7189
ALPHA 1.0349 MaxIteration 2926  TIMEOUT 0.306552
 26        211        220        491      0.3066        416         416      0.0100      6.3189
ALPHA 1.0349 MaxIteration 3027  TIMEOUT 0.303343
 27        211        220        484      0.3033        416         416      0.0000      6.9189
ALPHA 1.0349 MaxIteration 3132  TIMEOUT 0.294075
 28        211        220        502      0.2941        416         416      0.0100      7.4989
ALPHA 1.0349 MaxIteration 3241  TIMEOUT 0.785124
 29        217        220        489      0.7851        416         416      0.0000      9.0589
ALPHA 1.0349 MaxIteration 3353  TIMEOUT 0.418948
 30        216        220        474      0.4189        416         416      0.0200      9.8789
ALPHA 1.0349 MaxIteration 3469  TIMEOUT 0.334671
 31        214        220        484      0.3347        416         416      0.0000     10.5489
ALPHA 1.0349 MaxIteration 3589  TIMEOUT 0.388911
 32        215        220        488      0.3889        416         416      0.0300     11.2989
ALPHA 1.0349 MaxIteration 3714  TIMEOUT 0.371800
 33        210        220        501      0.3718        416         416      0.0100     12.0389
ALPHA 1.0349 MaxIteration 3843  TIMEOUT 0.411181
 34        212        220        484      0.4112        416         416      0.0000     12.8589
ALPHA 1.0349 MaxIteration 3976  TIMEOUT 0.435389
 35        211        220        494      0.4354        416         416      0.0000     13.7289
ALPHA 1.0349 MaxIteration 4114  TIMEOUT 0.461275
 36        213        220        491      0.4613        416         416      0.0300     14.6589
ALPHA 1.0349 MaxIteration 4257  TIMEOUT 0.430190
 37        217        220        484      0.4302        416         416      0.0000     15.5189
ALPHA 1.0349 MaxIteration 4405  TIMEOUT 0.420940
 38        220        220        502      0.4209        416         416      0.0000     16.3589
ALPHA 1.0349 MaxIteration 4558  TIMEOUT 0.515311
 39        219        220        502      0.5153        416         416      0.0000     17.3789
ALPHA 1.0349 MaxIteration 4716  TIMEOUT 0.527764
 40        216        220        482      0.5278        416         416      0.0100     18.4119
ALPHA 1.0349 MaxIteration 4880  TIMEOUT 0.500874
 41        211        220        484      0.5009        416         416      0.0000     19.4089
ALPHA 1.0349 MaxIteration 5050  TIMEOUT 0.478141
 42        210        220        491      0.4781        416         416      0.1100     19.9989
ALPHA 1.0349 MaxIteration 5226  TIMEOUT 0.001152
 43        199        220        550      0.0012>>> T1_200_2000_8.wclq |V| 200 |E| 2000  (#LB 0.1111 198 ---> 220  0.8909  416 <--- 461  0.0976 #UB)  #solve_ime 20.0000 read_time 0.0011 
