>>IBM: |V|=1000 |E|=52120
>>IBM: The maximum node weight is 100
/public/home/acs4vb4pqv/benchmarks/MWDS2026/UDG_wclq/UDG_1000_200_8.wclq #seed 2 #alpha 1.900 #timeout 0.100 
#Rd        #LB        #LB*       #UB       #Time        #UB+        #UB*      #Time      #TotalTime
ALPHA 1.9000 MaxIteration 500  TIMEOUT 0.394030
  1         38         38         41      0.3940         41          41      0.0000      0.7948
ALPHA 1.9000 MaxIteration 3  TIMEOUT 0.002510
  2         36         38         42      0.0025         41          41      0.0000      0.8048
ALPHA 1.8304 MaxIteration 5  TIMEOUT 0.004944
  3         37         38         42      0.0049         41          41      0.0000      0.8150
ALPHA 1.7658 MaxIteration 9  TIMEOUT 0.007952
  4         37         38         41      0.0080         41          41      0.0000      0.8248
ALPHA 1.7056 MaxIteration 15  TIMEOUT 0.011943
  5         38         38         42      0.0119         41          41      0.0000      0.8551
ALPHA 1.6493 MaxIteration 25  TIMEOUT 0.018962
  6         38         38         41      0.0190         41          41      0.0000      0.8948
ALPHA 1.5966 MaxIteration 41  TIMEOUT 0.030495
  7         38         38         42      0.0305         41          41      0.0000      0.9648
ALPHA 1.5472 MaxIteration 65  TIMEOUT 0.044768
  8         38         38         42      0.0448         41          41      0.0000      1.0549
ALPHA 1.5008 MaxIteration 100  TIMEOUT 0.070645
  9         38         38         42      0.0706         41          41      0.0000      1.2048
ALPHA 1.4571 MaxIteration 150  TIMEOUT 0.094656
 10         38         38         42      0.0947         41          41      0.0000      1.3948
ALPHA 1.4158 MaxIteration 218  TIMEOUT 0.140906
 11         38         38         42      0.1409         41          41      0.0000      1.6849
ALPHA 1.3768 MaxIteration 308  TIMEOUT 0.197043
 12         38         38         42      0.1970         41          41      0.0000      2.0648
ALPHA 1.3399 MaxIteration 424  TIMEOUT 0.274604
 13         38         38         42      0.2746         41          41      0.0000      2.6148
ALPHA 1.3049 MaxIteration 568  TIMEOUT 0.371392
 14         38         38         42      0.3714         41          41      0.0000      3.3649
ALPHA 1.2718 MaxIteration 741  TIMEOUT 0.479756
 15         38         38         41      0.4798         41          41      0.0000      4.3250
ALPHA 1.2402 MaxIteration 942  TIMEOUT 0.603036
 16         38         38         42      0.6030         41          41      0.0000      5.5348
ALPHA 1.2102 MaxIteration 1168  TIMEOUT 0.748741
 17         38         38         42      0.7487         41          41      0.0000      7.0249
ALPHA 1.1816 MaxIteration 1413  TIMEOUT 0.891652
 18         38         38         41      0.8917         41          41      0.0000      8.8148
ALPHA 1.1543 MaxIteration 1669  TIMEOUT 1.063607
 19         38         38         42      1.0636         41          41      0.0000     10.9448
ALPHA 1.1283 MaxIteration 1926  TIMEOUT 1.214109
 20         38         38         41      1.2141         41          41      0.0000     13.3749
ALPHA 1.1034 MaxIteration 2173  TIMEOUT 1.376776
 21         38         38         42      1.3768         41          41      0.0000     16.1248
ALPHA 1.0795 MaxIteration 2397  TIMEOUT 1.518557
 22         38         38         41      1.5186         41          41      0.0000     19.1450
ALPHA 1.0567 MaxIteration 2587  TIMEOUT 0.855009
 23         38         38         41      0.8550>>> UDG_1000_200_8.wclq |V| 1000 |E| 52120  (#LB 0.0000 38 ---> 38  0.0789  41 <--- 41  0.0000 #UB)  #solve_ime 20.0001 read_time 0.0152 
