>>IBM: |V|=1000 |E|=20000
>>IBM: The maximum node weight is 3050
/public/home/acs4vb4pqv/benchmarks/MWDS2026/T2_wclq/T2_1000_20000_9.wclq #seed 3 #alpha 1.900 #timeout 0.100 
#Rd        #LB        #LB*       #UB       #Time        #UB+        #UB*      #Time      #TotalTime
ALPHA 1.9000 MaxIteration 500  TIMEOUT 0.996698
  1       5343       5343       7683      0.9967       7177        7177      0.2800      1.9852
ALPHA 1.9000 MaxIteration 3  TIMEOUT 0.002661
  2       5288       5343       9558      0.0027       7649        7177      0.0000      1.9951
ALPHA 1.8304 MaxIteration 5  TIMEOUT 0.004933
  3       5100       5343       9156      0.0049       7788        7177      0.0000      2.0052
ALPHA 1.7658 MaxIteration 9  TIMEOUT 0.008536
  4       5233       5343       9172      0.0085       7522        7177      0.0000      2.0152
ALPHA 1.7056 MaxIteration 15  TIMEOUT 0.011646
  5       5287       5343       9172      0.0116       7396        7177      0.0100      2.0451
ALPHA 1.6493 MaxIteration 25  TIMEOUT 0.030013
  6       5418       5418       9171      0.0300       7428        7177      0.0000      2.1151
ALPHA 1.5966 MaxIteration 41  TIMEOUT 0.039860
  7       5509       5509       9602      0.0399       7238        7177      0.0100      2.1952
ALPHA 1.5472 MaxIteration 65  TIMEOUT 0.105421
  8       5811       5811       8943      0.1054       7363        7177      0.0000      2.4052
ALPHA 1.5008 MaxIteration 100  TIMEOUT 0.080211
  9       5720       5811       8817      0.0802       7238        7177      0.0600      2.5751
ALPHA 1.4571 MaxIteration 150  TIMEOUT 0.252348
 10       5795       5811       8680      0.2523       7238        7177      0.0200      3.0851
ALPHA 1.4158 MaxIteration 218  TIMEOUT 0.182926
 11       5827       5827       8971      0.1829       7238        7177      0.1100      3.4551
ALPHA 1.3768 MaxIteration 308  TIMEOUT 0.295872
 12       5805       5827       8484      0.2959       7238        7177      0.0400      4.0352
ALPHA 1.3399 MaxIteration 424  TIMEOUT 0.371491
 13       5834       5834       8750      0.3715       7238        7177      0.0600      4.7852
ALPHA 1.3049 MaxIteration 568  TIMEOUT 0.436364
 14       5921       5921       8754      0.4364       7177        7177      0.0700      5.6551
ALPHA 1.2718 MaxIteration 741  TIMEOUT 1.161967
 15       5789       5921       8353      1.1620       7177        7177      0.1000      7.9752
ALPHA 1.2402 MaxIteration 942  TIMEOUT 1.451832
 16       5912       5921       8714      1.4518       7177        7177      0.0000     10.8751
ALPHA 1.2102 MaxIteration 1168  TIMEOUT 1.675754
 17       5888       5921       8357      1.6758       7238        7177      0.0200     14.2151
ALPHA 1.1816 MaxIteration 1413  TIMEOUT 1.527203
 18       5873       5921       8584      1.5272       7238        7177      0.0200     17.2551
ALPHA 1.1543 MaxIteration 1669  TIMEOUT 2.745401
 19       5795       5921       8341      2.7454>>> T2_1000_20000_9.wclq |V| 1000 |E| 20000  (#LB 0.1082 5343 ---> 5921  0.2121  7177 <--- 7683  0.0659 #UB)  #solve_ime 20.0006 read_time 0.0049 
