>>IBM: |V|=1000 |E|=1000
>>IBM: The maximum node weight is 49
/public/home/acs4vb4pqv/benchmarks/MWDS2026/T1_wclq/T1_1000_1000_2.wclq #seed 101 #alpha 1.900 #timeout 0.100 
#Rd        #LB        #LB*       #UB       #Time        #UB+        #UB*      #Time      #TotalTime
ALPHA 1.9000 MaxIteration 500  TIMEOUT 0.221332
  1      10251      10251      11425      0.2213      10806       10806      0.1300      0.4300
ALPHA 1.9000 MaxIteration 3  TIMEOUT 0.004375
  2      10065      10251      11912      0.0044      10999       10806      0.0000      0.4400
ALPHA 1.8304 MaxIteration 5  TIMEOUT 0.005074
  3      10086      10251      11729      0.0051      10940       10806      0.0000      0.4500
ALPHA 1.7658 MaxIteration 9  TIMEOUT 0.005570
  4      10108      10251      11853      0.0056      11055       10806      0.0000      0.4600
ALPHA 1.7056 MaxIteration 15  TIMEOUT 0.007430
  5      10155      10251      11801      0.0074      10981       10806      0.0000      0.4700
ALPHA 1.6493 MaxIteration 25  TIMEOUT 0.009684
  6      10196      10251      11757      0.0097      11362       10806      0.0100      0.4800
ALPHA 1.5966 MaxIteration 41  TIMEOUT 0.024008
  7      10178      10251      11824      0.0240      10826       10806      0.0200      0.5300
ALPHA 1.5472 MaxIteration 65  TIMEOUT 0.030379
  8      10158      10251      11622      0.0304      10832       10806      0.0300      0.5900
ALPHA 1.5008 MaxIteration 100  TIMEOUT 0.047368
  9      10220      10251      11649      0.0474      10815       10806      0.0400      0.6800
ALPHA 1.4571 MaxIteration 150  TIMEOUT 0.106068
 10      10243      10251      11515      0.1061      10811       10806      0.0800      0.8900
ALPHA 1.4158 MaxIteration 218  TIMEOUT 0.077476
 11      10252      10252      11605      0.0775      10812       10806      0.0600      1.0400
ALPHA 1.3768 MaxIteration 308  TIMEOUT 0.219513
 12      10262      10262      11549      0.2195      10805       10805      0.0200      1.4500
ALPHA 1.3399 MaxIteration 424  TIMEOUT 0.196100
 13      10247      10262      11511      0.1961      10793       10793      0.1900      1.8300
ALPHA 1.3049 MaxIteration 568  TIMEOUT 0.539914
 14      10330      10330      11454      0.5399      10786       10786      0.1900      2.8600
ALPHA 1.2718 MaxIteration 741  TIMEOUT 0.702853
 15      10331      10331      11404      0.7029      10787       10786      0.5600      4.2100
ALPHA 1.2402 MaxIteration 942  TIMEOUT 0.653242
 16      10307      10331      11460      0.6532      10786       10786      0.6000      5.4700
ALPHA 1.2102 MaxIteration 1168  TIMEOUT 1.115688
 17      10361      10361      11383      1.1157      10789       10786      0.8300      7.6200
ALPHA 1.1816 MaxIteration 1413  TIMEOUT 0.913944
 18      10328      10361      11389      0.9139      10809       10786      0.6500      9.3700
ALPHA 1.1543 MaxIteration 1669  TIMEOUT 0.906561
 19      10368      10368      11414      0.9066      10784       10784      0.3400     11.1083
ALPHA 1.1283 MaxIteration 1926  TIMEOUT 1.070849
 20      10374      10374      11301      1.0708      10804       10784      0.3000     13.1700
ALPHA 1.1034 MaxIteration 2173  TIMEOUT 0.858592
 21      10337      10374      11379      0.8586      10787       10784      0.7100     14.8000
ALPHA 1.0795 MaxIteration 2397  TIMEOUT 1.076576
 22      10359      10374      11336      1.0766      10781       10781      0.2400     16.8700
ALPHA 1.0567 MaxIteration 2587  TIMEOUT 1.838717
 23      10425      10425      11308      1.8387      10790       10781      1.2900     19.8900
ALPHA 1.0349 MaxIteration 2733  TIMEOUT 0.110124
 24      10248      10425      11588      0.1101>>> T1_1000_1000_2.wclq |V| 1000 |E| 1000  (#LB 0.0170 10251 ---> 10425  0.0341  10781 <--- 11425  0.0564 #UB)  #solve_ime 20.0002 read_time 0.0000 
