>>IBM: |V|=1000 |E|=20000
>>IBM: The maximum node weight is 3050
/public/home/acs4vb4pqv/benchmarks/MWDS2026/T2_wclq/T2_1000_20000_9.wclq #seed 102 #alpha 1.900 #timeout 0.100 
#Rd        #LB        #LB*       #UB       #Time        #UB+        #UB*      #Time      #TotalTime
ALPHA 1.9000 MaxIteration 500  TIMEOUT 0.991874
  1       5343       5343       7683      0.9919       7238        7238      0.0200      1.9845
ALPHA 1.9000 MaxIteration 3  TIMEOUT 0.004094
  2       5215       5343      10072      0.0041       7631        7238      0.0000      1.9945
ALPHA 1.8304 MaxIteration 5  TIMEOUT 0.004647
  3       5228       5343      10160      0.0046       7699        7238      0.0000      2.0045
ALPHA 1.7658 MaxIteration 9  TIMEOUT 0.009519
  4       5409       5409       9396      0.0095       7444        7238      0.0100      2.0245
ALPHA 1.7056 MaxIteration 15  TIMEOUT 0.013163
  5       5523       5523       9490      0.0132       7278        7238      0.0100      2.0545
ALPHA 1.6493 MaxIteration 25  TIMEOUT 0.018884
  6       5591       5591       9114      0.0189       7391        7238      0.0100      2.0845
ALPHA 1.5966 MaxIteration 41  TIMEOUT 0.080594
  7       5742       5742       8936      0.0806       7238        7238      0.0200      2.2545
ALPHA 1.5472 MaxIteration 65  TIMEOUT 0.074872
  8       5689       5742       8670      0.0749       7386        7238      0.0000      2.4045
ALPHA 1.5008 MaxIteration 100  TIMEOUT 0.107055
  9       5805       5805       9082      0.1071       7238        7238      0.0200      2.6145
ALPHA 1.4571 MaxIteration 150  TIMEOUT 0.225569
 10       5920       5920       8773      0.2256       7238        7238      0.0200      3.0645
ALPHA 1.4158 MaxIteration 218  TIMEOUT 0.600111
 11       5986       5986       8553      0.6001       7238        7238      0.1000      4.2744
ALPHA 1.3768 MaxIteration 308  TIMEOUT 0.320307
 12       5901       5986       8760      0.3203       7238        7238      0.0700      4.9145
ALPHA 1.3399 MaxIteration 424  TIMEOUT 0.609181
 13       5832       5986       8712      0.6092       7238        7238      0.0200      6.1345
ALPHA 1.3049 MaxIteration 568  TIMEOUT 0.529134
 14       5823       5986       8377      0.5291       7238        7238      0.0200      7.1945
ALPHA 1.2718 MaxIteration 741  TIMEOUT 0.797879
 15       5965       5986       8156      0.7979       7177        7177      0.4200      8.7845
ALPHA 1.2402 MaxIteration 942  TIMEOUT 1.536092
 16       5966       5986       8516      1.5361       7177        7177      0.3200     11.8445
ALPHA 1.2102 MaxIteration 1168  TIMEOUT 1.915912
 17       5932       5986       8374      1.9159       7177        7177      0.3000     15.6645
ALPHA 1.1816 MaxIteration 1413  TIMEOUT 2.244461
 18       5965       5986       8509      2.2445       7177        7177      1.2600     19.9845
ALPHA 1.1543 MaxIteration 1669  TIMEOUT 0.016001
 19       5559       5986       9018      0.0160>>> T2_1000_20000_9.wclq |V| 1000 |E| 20000  (#LB 0.1203 5343 ---> 5986  0.1990  7177 <--- 7683  0.0659 #UB)  #solve_ime 20.0005 read_time 0.0056 
