>>IBM: |V|=1000 |E|=52120
>>IBM: The maximum node weight is 100
/public/home/acs4vb4pqv/benchmarks/MWDS2026/UDG_wclq/UDG_1000_200_8.wclq #seed 101 #alpha 1.900 #timeout 0.100 
#Rd        #LB        #LB*       #UB       #Time        #UB+        #UB*      #Time      #TotalTime
ALPHA 1.9000 MaxIteration 500  TIMEOUT 0.392483
  1         38         38         41      0.3925         41          41      0.0000      0.7862
ALPHA 1.9000 MaxIteration 3  TIMEOUT 0.002431
  2         36         38         42      0.0024         41          41      0.0000      0.7959
ALPHA 1.8304 MaxIteration 5  TIMEOUT 0.005352
  3         37         38         42      0.0054         41          41      0.0000      0.8061
ALPHA 1.7658 MaxIteration 9  TIMEOUT 0.006571
  4         37         38         41      0.0066         41          41      0.0000      0.8159
ALPHA 1.7056 MaxIteration 15  TIMEOUT 0.011004
  5         38         38         42      0.0110         41          41      0.0000      0.8460
ALPHA 1.6493 MaxIteration 25  TIMEOUT 0.017384
  6         38         38         41      0.0174         41          41      0.0000      0.8761
ALPHA 1.5966 MaxIteration 41  TIMEOUT 0.030261
  7         38         38         42      0.0303         41          41      0.0000      0.9459
ALPHA 1.5472 MaxIteration 65  TIMEOUT 0.044464
  8         38         38         42      0.0445         41          41      0.0000      1.0360
ALPHA 1.5008 MaxIteration 100  TIMEOUT 0.069386
  9         38         38         42      0.0694         41          41      0.0000      1.1760
ALPHA 1.4571 MaxIteration 150  TIMEOUT 0.098343
 10         38         38         42      0.0983         41          41      0.0000      1.3659
ALPHA 1.4158 MaxIteration 218  TIMEOUT 0.139625
 11         38         38         42      0.1396         41          41      0.0000      1.6460
ALPHA 1.3768 MaxIteration 308  TIMEOUT 0.198437
 12         38         38         42      0.1984         41          41      0.0000      2.0360
ALPHA 1.3399 MaxIteration 424  TIMEOUT 0.273277
 13         38         38         42      0.2733         41          41      0.0000      2.5860
ALPHA 1.3049 MaxIteration 568  TIMEOUT 0.364578
 14         38         38         42      0.3646         41          41      0.0000      3.3060
ALPHA 1.2718 MaxIteration 741  TIMEOUT 0.469949
 15         38         38         41      0.4699         41          41      0.0000      4.2460
ALPHA 1.2402 MaxIteration 942  TIMEOUT 0.599811
 16         38         38         42      0.5998         41          41      0.0000      5.4459
ALPHA 1.2102 MaxIteration 1168  TIMEOUT 0.743333
 17         38         38         42      0.7433         41          41      0.0000      6.9359
ALPHA 1.1816 MaxIteration 1413  TIMEOUT 0.874946
 18         38         38         41      0.8749         41          41      0.0000      8.6860
ALPHA 1.1543 MaxIteration 1669  TIMEOUT 1.043321
 19         38         38         42      1.0433         41          41      0.0000     10.7661
ALPHA 1.1283 MaxIteration 1926  TIMEOUT 1.195511
 20         38         38         41      1.1955         41          41      0.0000     13.1560
ALPHA 1.1034 MaxIteration 2173  TIMEOUT 1.358027
 21         38         38         42      1.3580         41          41      0.0000     15.8659
ALPHA 1.0795 MaxIteration 2397  TIMEOUT 1.498514
 22         38         38         41      1.4985         41          41      0.0000     18.8560
ALPHA 1.0567 MaxIteration 2587  TIMEOUT 1.144084
 23         38         38         41      1.1441>>> UDG_1000_200_8.wclq |V| 1000 |E| 52120  (#LB 0.0000 38 ---> 38  0.0789  41 <--- 41  0.0000 #UB)  #solve_ime 20.0001 read_time 0.0141 
