>>IBM: |V|=150 |E|=2000
>>IBM: The maximum node weight is 1235
/public/home/acs4vb4pqv/benchmarks/MWDS2026/T2_wclq/T2_150_2000_1.wclq #seed 103 #alpha 1.900 #timeout 0.100 
#Rd        #LB        #LB*       #UB       #Time        #UB+        #UB*      #Time      #TotalTime
ALPHA 1.9000 MaxIteration 500  TIMEOUT 0.039808
  1        503        503        598      0.0398        598         598      0.0000      0.0788
ALPHA 1.9000 MaxIteration 3  TIMEOUT 0.000490
  2        492        503        637      0.0005        598         598      0.0000      0.0888
ALPHA 1.8304 MaxIteration 5  TIMEOUT 0.001003
  3        492        503        615      0.0010        598         598      0.0000      0.0988
ALPHA 1.7658 MaxIteration 9  TIMEOUT 0.001480
  4        498        503        635      0.0015        598         598      0.0000      0.1088
ALPHA 1.7056 MaxIteration 15  TIMEOUT 0.001956
  5        497        503        656      0.0020        598         598      0.0000      0.1188
ALPHA 1.6493 MaxIteration 25  TIMEOUT 0.003765
  6        501        503        615      0.0038        598         598      0.0000      0.1288
ALPHA 1.5966 MaxIteration 41  TIMEOUT 0.006607
  7        502        503        601      0.0066        598         598      0.0000      0.1388
ALPHA 1.5472 MaxIteration 65  TIMEOUT 0.005608
  8        501        503        601      0.0056        598         598      0.0000      0.1488
ALPHA 1.5008 MaxIteration 100  TIMEOUT 0.013941
  9        503        503        601      0.0139        598         598      0.0000      0.1788
ALPHA 1.4571 MaxIteration 150  TIMEOUT 0.015067
 10        502        503        601      0.0151        598         598      0.0000      0.2088
ALPHA 1.4158 MaxIteration 218  TIMEOUT 0.012837
 11        501        503        601      0.0128        598         598      0.0000      0.2388
ALPHA 1.3768 MaxIteration 308  TIMEOUT 0.020886
 12        502        503        601      0.0209        598         598      0.0000      0.2888
ALPHA 1.3399 MaxIteration 424  TIMEOUT 0.026719
 13        501        503        601      0.0267        598         598      0.0000      0.3388
ALPHA 1.3049 MaxIteration 568  TIMEOUT 0.035952
 14        501        503        601      0.0360        598         598      0.0000      0.4088
ALPHA 1.2718 MaxIteration 741  TIMEOUT 0.047098
 15        501        503        601      0.0471        598         598      0.0000      0.4988
ALPHA 1.2402 MaxIteration 942  TIMEOUT 0.058091
 16        501        503        601      0.0581        598         598      0.0100      0.6088
ALPHA 1.2102 MaxIteration 1168  TIMEOUT 0.072122
 17        501        503        601      0.0721        598         598      0.0000      0.7588
ALPHA 1.1816 MaxIteration 1413  TIMEOUT 0.138907
 18        503        503        601      0.1389        598         598      0.0100      1.0288
ALPHA 1.1543 MaxIteration 1669  TIMEOUT 0.101989
 19        501        503        601      0.1020        598         598      0.0000      1.2288
ALPHA 1.1283 MaxIteration 1926  TIMEOUT 0.116805
 20        501        503        601      0.1168        598         598      0.0000      1.4588
ALPHA 1.1034 MaxIteration 2173  TIMEOUT 0.189963
 21        507        507        601      0.1900        598         598      0.0000      1.8288
ALPHA 1.0795 MaxIteration 2397  TIMEOUT 0.196964
 22        507        507        601      0.1970        598         598      0.0000      2.2188
ALPHA 1.0567 MaxIteration 2587  TIMEOUT 0.215383
 23        503        507        601      0.2154        598         598      0.0000      2.6388
ALPHA 1.0349 MaxIteration 2733  TIMEOUT 0.151402
 24        501        507        601      0.1514        598         598      0.0000      2.9488
ALPHA 1.0349 MaxIteration 2828  TIMEOUT 0.154682
 25        501        507        601      0.1547        598         598      0.0000      3.2588
ALPHA 1.0349 MaxIteration 2926  TIMEOUT 0.159594
 26        501        507        601      0.1596        598         598      0.0100      3.5588
ALPHA 1.0349 MaxIteration 3027  TIMEOUT 0.167272
 27        501        507        601      0.1673        598         598      0.0000      3.8888
ALPHA 1.0349 MaxIteration 3132  TIMEOUT 0.170780
 28        501        507        601      0.1708        598         598      0.0000      4.2388
ALPHA 1.0349 MaxIteration 3241  TIMEOUT 0.177227
 29        501        507        601      0.1772        598         598      0.0000      4.5788
ALPHA 1.0349 MaxIteration 3353  TIMEOUT 0.181378
 30        501        507        601      0.1814        598         598      0.0000      4.9488
ALPHA 1.0349 MaxIteration 3469  TIMEOUT 0.187499
 31        501        507        601      0.1875        598         598      0.0000      5.3188
ALPHA 1.0349 MaxIteration 3589  TIMEOUT 0.197009
 32        501        507        601      0.1970        598         598      0.0000      5.7088
ALPHA 1.0349 MaxIteration 3714  TIMEOUT 0.197425
 33        501        507        601      0.1974        598         598      0.0000      6.0888
ALPHA 1.0349 MaxIteration 3843  TIMEOUT 0.313593
 34        507        507        601      0.3136        598         598      0.0000      6.7188
ALPHA 1.0349 MaxIteration 3976  TIMEOUT 0.341367
 35        507        507        601      0.3414        598         598      0.0000      7.3988
ALPHA 1.0349 MaxIteration 4114  TIMEOUT 0.335416
 36        507        507        601      0.3354        598         598      0.0000      8.0688
ALPHA 1.0349 MaxIteration 4257  TIMEOUT 0.376025
 37        507        507        601      0.3760        598         598      0.0000      8.8088
ALPHA 1.0349 MaxIteration 4405  TIMEOUT 0.345410
 38        507        507        601      0.3454        598         598      0.0000      9.4933
ALPHA 1.0349 MaxIteration 4558  TIMEOUT 0.348732
 39        507        507        601      0.3487        598         598      0.0000     10.1788
ALPHA 1.0349 MaxIteration 4716  TIMEOUT 0.414521
 40        507        507        601      0.4145        598         598      0.0000     11.0088
ALPHA 1.0349 MaxIteration 4880  TIMEOUT 0.430681
 41        507        507        601      0.4307        598         598      0.0000     11.8788
ALPHA 1.0349 MaxIteration 5050  TIMEOUT 0.442949
 42        507        507        601      0.4429        598         598      0.0000     12.7588
ALPHA 1.0349 MaxIteration 5226  TIMEOUT 0.452861
 43        507        507        601      0.4529        598         598      0.0000     13.6688
ALPHA 1.0349 MaxIteration 5408  TIMEOUT 0.466142
 44        507        507        601      0.4661        598         598      0.0000     14.5888
ALPHA 1.0349 MaxIteration 5596  TIMEOUT 0.476512
 45        507        507        601      0.4765        598         598      0.0000     15.5288
ALPHA 1.0349 MaxIteration 5791  TIMEOUT 0.490504
 46        507        507        601      0.4905        598         598      0.0000     16.5088
ALPHA 1.0349 MaxIteration 5992  TIMEOUT 0.503355
 47        507        507        601      0.5034        598         598      0.0000     17.5088
ALPHA 1.0349 MaxIteration 6200  TIMEOUT 0.731237
 48        507        507        601      0.7312        598         598      0.0000     18.9688
ALPHA 1.0349 MaxIteration 6416  TIMEOUT 0.405754
 49        503        507        601      0.4058        598         598      0.0000     19.7688
ALPHA 1.0349 MaxIteration 6639  TIMEOUT 0.231215
 50        513        513        601      0.2312>>> T2_150_2000_1.wclq |V| 150 |E| 2000  (#LB 0.0199 503 ---> 513  0.1657  598 <--- 598  0.0000 #UB)  #solve_ime 20.0000 read_time 0.0012 
