>>IBM: |V|=1000 |E|=20000
>>IBM: The maximum node weight is 3050
/public/home/acs4vb4pqv/benchmarks/MWDS2026/T2_wclq/T2_1000_20000_9.wclq #seed 2 #alpha 1.900 #timeout 0.100 
#Rd        #LB        #LB*       #UB       #Time        #UB+        #UB*      #Time      #TotalTime
ALPHA 1.9000 MaxIteration 500  TIMEOUT 0.992005
  1       5343       5343       7683      0.9920       7238        7238      0.0100      1.9769
ALPHA 1.9000 MaxIteration 3  TIMEOUT 0.004214
  2       5215       5343      10072      0.0042       7453        7238      0.0000      1.9869
ALPHA 1.8304 MaxIteration 5  TIMEOUT 0.005502
  3       5093       5343       9172      0.0055       7483        7238      0.0000      1.9969
ALPHA 1.7658 MaxIteration 9  TIMEOUT 0.007867
  4       5034       5343       9100      0.0079       7385        7238      0.0000      2.0069
ALPHA 1.7056 MaxIteration 15  TIMEOUT 0.025770
  5       5376       5376       9456      0.0258       7384        7238      0.0200      2.0569
ALPHA 1.6493 MaxIteration 25  TIMEOUT 0.051761
  6       5715       5715       8595      0.0518       7324        7238      0.0200      2.1669
ALPHA 1.5966 MaxIteration 41  TIMEOUT 0.064899
  7       5697       5715       9051      0.0649       7238        7238      0.0200      2.2969
ALPHA 1.5472 MaxIteration 65  TIMEOUT 0.158264
  8       5860       5860       8636      0.1583       7238        7238      0.0700      2.6069
ALPHA 1.5008 MaxIteration 100  TIMEOUT 0.128752
  9       5781       5860       8698      0.1288       7238        7238      0.0200      2.8469
ALPHA 1.4571 MaxIteration 150  TIMEOUT 0.337341
 10       5864       5864       8168      0.3373       7238        7238      0.0300      3.5169
ALPHA 1.4158 MaxIteration 218  TIMEOUT 0.515107
 11       5863       5864       8632      0.5151       7238        7238      0.0900      4.5469
ALPHA 1.3768 MaxIteration 308  TIMEOUT 0.323219
 12       5891       5891       8591      0.3232       7238        7238      0.0100      5.1969
ALPHA 1.3399 MaxIteration 424  TIMEOUT 0.862906
 13       5949       5949       8392      0.8629       7177        7177      0.1600      6.9269
ALPHA 1.3049 MaxIteration 568  TIMEOUT 0.680175
 14       5960       5960       8610      0.6802       7200        7177      0.4600      8.2969
ALPHA 1.2718 MaxIteration 741  TIMEOUT 0.922728
 15       5891       5960       8506      0.9227       7177        7177      0.2800     10.1436
ALPHA 1.2402 MaxIteration 942  TIMEOUT 1.453649
 16       5967       5967       8733      1.4536       7177        7177      0.3600     13.0469
ALPHA 1.2102 MaxIteration 1168  TIMEOUT 0.966533
 17       5933       5967       8409      0.9665       7177        7177      0.0400     14.9669
ALPHA 1.1816 MaxIteration 1413  TIMEOUT 1.914817
 18       5993       5993       8264      1.9148       7177        7177      0.6500     18.7869
ALPHA 1.1543 MaxIteration 1669  TIMEOUT 1.213587
 19       6009       6009       8522      1.2136>>> T2_1000_20000_9.wclq |V| 1000 |E| 20000  (#LB 0.1246 5343 ---> 6009  0.1944  7177 <--- 7683  0.0659 #UB)  #solve_ime 20.0005 read_time 0.0031 
