>>IBM: |V|=150 |E|=2000
>>IBM: The maximum node weight is 1235
/public/home/acs4vb4pqv/benchmarks/MWDS2026/T2_wclq/T2_150_2000_1.wclq #seed 2 #alpha 1.900 #timeout 0.100 
#Rd        #LB        #LB*       #UB       #Time        #UB+        #UB*      #Time      #TotalTime
ALPHA 1.9000 MaxIteration 500  TIMEOUT 0.041926
  1        503        503        598      0.0419        598         598      0.0000      0.0890
ALPHA 1.9000 MaxIteration 3  TIMEOUT 0.000596
  2        492        503        637      0.0006        598         598      0.0000      0.0990
ALPHA 1.8304 MaxIteration 5  TIMEOUT 0.001056
  3        492        503        615      0.0011        598         598      0.0000      0.1090
ALPHA 1.7658 MaxIteration 9  TIMEOUT 0.001474
  4        498        503        635      0.0015        598         598      0.0000      0.1190
ALPHA 1.7056 MaxIteration 15  TIMEOUT 0.001983
  5        497        503        656      0.0020        598         598      0.0000      0.1290
ALPHA 1.6493 MaxIteration 25  TIMEOUT 0.004520
  6        501        503        615      0.0045        598         598      0.0000      0.1390
ALPHA 1.5966 MaxIteration 41  TIMEOUT 0.007630
  7        502        503        601      0.0076        601         598      0.0000      0.1490
ALPHA 1.5472 MaxIteration 65  TIMEOUT 0.009077
  8        503        503        635      0.0091        601         598      0.0000      0.1590
ALPHA 1.5008 MaxIteration 100  TIMEOUT 0.013137
  9        503        503        635      0.0131        598         598      0.0000      0.1890
ALPHA 1.4571 MaxIteration 150  TIMEOUT 0.028309
 10        500        503        635      0.0283        598         598      0.0100      0.2390
ALPHA 1.4158 MaxIteration 218  TIMEOUT 0.036126
 11        501        503        635      0.0361        598         598      0.0000      0.3090
ALPHA 1.3768 MaxIteration 308  TIMEOUT 0.035758
 12        503        503        615      0.0358        598         598      0.0000      0.3790
ALPHA 1.3399 MaxIteration 424  TIMEOUT 0.048884
 13        515        515        601      0.0489        598         598      0.0100      0.4690
ALPHA 1.3049 MaxIteration 568  TIMEOUT 0.058972
 14        515        515        601      0.0590        598         598      0.0100      0.5790
ALPHA 1.2718 MaxIteration 741  TIMEOUT 0.072466
 15        515        515        601      0.0725        598         598      0.0000      0.7290
ALPHA 1.2402 MaxIteration 942  TIMEOUT 0.081498
 16        515        515        601      0.0815        598         598      0.0000      0.8890
ALPHA 1.2102 MaxIteration 1168  TIMEOUT 0.107520
 17        512        515        635      0.1075        598         598      0.0000      1.0990
ALPHA 1.1816 MaxIteration 1413  TIMEOUT 0.122929
 18        512        515        635      0.1229        598         598      0.0000      1.3490
ALPHA 1.1543 MaxIteration 1669  TIMEOUT 0.132343
 19        512        515        635      0.1323        598         598      0.0000      1.6190
ALPHA 1.1283 MaxIteration 1926  TIMEOUT 0.147341
 20        512        515        635      0.1473        598         598      0.0100      1.9090
ALPHA 1.1034 MaxIteration 2173  TIMEOUT 0.166648
 21        512        515        635      0.1666        598         598      0.0000      2.2390
ALPHA 1.0795 MaxIteration 2397  TIMEOUT 0.172819
 22        512        515        635      0.1728        598         598      0.0000      2.5790
ALPHA 1.0567 MaxIteration 2587  TIMEOUT 0.185589
 23        512        515        635      0.1856        598         598      0.0000      2.9490
ALPHA 1.0349 MaxIteration 2733  TIMEOUT 0.196741
 24        512        515        635      0.1967        598         598      0.0000      3.3290
ALPHA 1.0349 MaxIteration 2828  TIMEOUT 0.192661
 25        512        515        635      0.1927        598         598      0.0000      3.7190
ALPHA 1.0349 MaxIteration 2926  TIMEOUT 0.206266
 26        512        515        635      0.2063        598         598      0.0000      4.1190
ALPHA 1.0349 MaxIteration 3027  TIMEOUT 0.197531
 27        512        515        635      0.1975        598         598      0.0100      4.5090
ALPHA 1.0349 MaxIteration 3132  TIMEOUT 0.210452
 28        512        515        601      0.2105        598         598      0.0000      4.9390
ALPHA 1.0349 MaxIteration 3241  TIMEOUT 0.215718
 29        512        515        601      0.2157        598         598      0.0000      5.3690
ALPHA 1.0349 MaxIteration 3353  TIMEOUT 0.224147
 30        512        515        601      0.2241        598         598      0.0000      5.8190
ALPHA 1.0349 MaxIteration 3469  TIMEOUT 0.229358
 31        512        515        635      0.2294        598         598      0.0100      6.2690
ALPHA 1.0349 MaxIteration 3589  TIMEOUT 0.244853
 32        512        515        635      0.2449        598         598      0.0000      6.7590
ALPHA 1.0349 MaxIteration 3714  TIMEOUT 0.253476
 33        512        515        635      0.2535        598         598      0.0000      7.2690
ALPHA 1.0349 MaxIteration 3843  TIMEOUT 0.260242
 34        512        515        635      0.2602        598         598      0.0000      7.7890
ALPHA 1.0349 MaxIteration 3976  TIMEOUT 0.270225
 35        512        515        635      0.2702        598         598      0.0000      8.3390
ALPHA 1.0349 MaxIteration 4114  TIMEOUT 0.280061
 36        512        515        635      0.2801        598         598      0.0000      8.8990
ALPHA 1.0349 MaxIteration 4257  TIMEOUT 0.269349
 37        512        515        635      0.2693        598         598      0.0100      9.4290
ALPHA 1.0349 MaxIteration 4405  TIMEOUT 0.267467
 38        512        515        635      0.2675        598         598      0.0000      9.9490
ALPHA 1.0349 MaxIteration 4558  TIMEOUT 0.281608
 39        512        515        635      0.2816        598         598      0.0000     10.5190
ALPHA 1.0349 MaxIteration 4716  TIMEOUT 0.291553
 40        512        515        635      0.2916        598         598      0.0000     11.0990
ALPHA 1.0349 MaxIteration 4880  TIMEOUT 0.299243
 41        512        515        635      0.2992        598         598      0.0100     11.6790
ALPHA 1.0349 MaxIteration 5050  TIMEOUT 0.309817
 42        512        515        635      0.3098        598         598      0.0100     12.2790
ALPHA 1.0349 MaxIteration 5226  TIMEOUT 0.315496
 43        512        515        635      0.3155        598         598      0.0000     12.8990
ALPHA 1.0349 MaxIteration 5408  TIMEOUT 0.318114
 44        512        515        635      0.3181        598         598      0.0100     13.5190
ALPHA 1.0349 MaxIteration 5596  TIMEOUT 0.331465
 45        512        515        635      0.3315        598         598      0.0000     14.1890
ALPHA 1.0349 MaxIteration 5791  TIMEOUT 0.346419
 46        512        515        635      0.3464        598         598      0.0000     14.8690
ALPHA 1.0349 MaxIteration 5992  TIMEOUT 0.359881
 47        512        515        635      0.3599        598         598      0.0100     15.5690
ALPHA 1.0349 MaxIteration 6200  TIMEOUT 0.361341
 48        512        515        635      0.3613        598         598      0.0000     16.2890
ALPHA 1.0349 MaxIteration 6416  TIMEOUT 0.382521
 49        512        515        635      0.3825        598         598      0.0000     17.0490
ALPHA 1.0349 MaxIteration 6639  TIMEOUT 0.386728
 50        512        515        601      0.3867        598         598      0.0000     17.8190
ALPHA 1.0349 MaxIteration 6870  TIMEOUT 0.390891
 51        512        515        601      0.3909        598         598      0.0000     18.5990
ALPHA 1.0349 MaxIteration 7109  TIMEOUT 0.403620
 52        512        515        635      0.4036        598         598      0.0000     19.3990
ALPHA 1.0349 MaxIteration 7356  TIMEOUT 0.412501
 53        512        515        635      0.4125        598         598      0.0000     19.9890
ALPHA 1.0349 MaxIteration 7612  TIMEOUT 0.011069
 54        498        515        646      0.0111>>> T2_150_2000_1.wclq |V| 150 |E| 2000  (#LB 0.0239 503 ---> 515  0.1612  598 <--- 598  0.0000 #UB)  #solve_ime 20.0000 read_time 0.0010 
