>>IBM: |V|=200 |E|=250
>>IBM: The maximum node weight is 49
/public/home/acs4vb4pqv/benchmarks/MWDS2026/T1_wclq/T1_200_250_7.wclq #seed 102 #alpha 1.900 #timeout 0.100 
#Rd        #LB        #LB*       #UB       #Time        #UB+        #UB*      #Time      #TotalTime
ALPHA 1.9000 MaxIteration 500  TIMEOUT 0.032318
  1       1833       1833       2011      0.0323       1937        1937      0.0100      0.0676
ALPHA 1.9000 MaxIteration 3  TIMEOUT 0.000491
  2       1785       1833       2101      0.0005       1941        1937      0.0000      0.0776
ALPHA 1.8304 MaxIteration 5  TIMEOUT 0.000645
  3       1810       1833       2068      0.0006       1937        1937      0.0000      0.0876
ALPHA 1.7658 MaxIteration 9  TIMEOUT 0.000739
  4       1810       1833       2119      0.0007       1947        1937      0.0000      0.0976
ALPHA 1.7056 MaxIteration 15  TIMEOUT 0.002443
  5       1825       1833       2080      0.0024       1947        1937      0.0000      0.1075
ALPHA 1.6493 MaxIteration 25  TIMEOUT 0.001823
  6       1843       1843       2046      0.0018       1937        1937      0.0000      0.1176
ALPHA 1.5966 MaxIteration 41  TIMEOUT 0.003612
  7       1854       1854       2013      0.0036       1941        1937      0.0000      0.1276
ALPHA 1.5472 MaxIteration 65  TIMEOUT 0.004985
  8       1835       1854       2047      0.0050       1944        1937      0.0000      0.1376
ALPHA 1.5008 MaxIteration 100  TIMEOUT 0.005227
  9       1847       1854       2059      0.0052       1944        1937      0.0000      0.1476
ALPHA 1.4571 MaxIteration 150  TIMEOUT 0.008510
 10       1832       1854       2051      0.0085       1947        1937      0.0000      0.1576
ALPHA 1.4158 MaxIteration 218  TIMEOUT 0.008310
 11       1851       1854       2030      0.0083       1940        1937      0.0000      0.1676
ALPHA 1.3768 MaxIteration 308  TIMEOUT 0.027242
 12       1865       1865       2018      0.0272       1937        1937      0.0200      0.2176
ALPHA 1.3399 MaxIteration 424  TIMEOUT 0.033426
 13       1866       1866       2030      0.0334       1937        1937      0.0200      0.2814
ALPHA 1.3049 MaxIteration 568  TIMEOUT 0.047916
 14       1862       1866       2029      0.0479       1937        1937      0.0000      0.3776
ALPHA 1.2718 MaxIteration 741  TIMEOUT 0.043476
 15       1862       1866       2030      0.0435       1937        1937      0.0000      0.4676
ALPHA 1.2402 MaxIteration 942  TIMEOUT 0.038162
 16       1863       1866       2030      0.0382       1937        1937      0.0300      0.5376
ALPHA 1.2102 MaxIteration 1168  TIMEOUT 0.054449
 17       1866       1866       2012      0.0544       1937        1937      0.0100      0.6380
ALPHA 1.1816 MaxIteration 1413  TIMEOUT 0.081265
 18       1859       1866       2030      0.0813       1937        1937      0.0100      0.8076
ALPHA 1.1543 MaxIteration 1669  TIMEOUT 0.083170
 19       1859       1866       2014      0.0832       1937        1937      0.0000      0.9676
ALPHA 1.1283 MaxIteration 1926  TIMEOUT 0.106390
 20       1862       1866       2019      0.1064       1937        1937      0.0100      1.1676
ALPHA 1.1034 MaxIteration 2173  TIMEOUT 0.105364
 21       1874       1874       2028      0.1054       1937        1937      0.0200      1.3676
ALPHA 1.0795 MaxIteration 2397  TIMEOUT 0.113344
 22       1864       1874       2022      0.1133       1937        1937      0.0100      1.5911
ALPHA 1.0567 MaxIteration 2587  TIMEOUT 0.106922
 23       1863       1874       2004      0.1069       1937        1937      0.0100      1.8076
ALPHA 1.0349 MaxIteration 2733  TIMEOUT 0.317584
 24       1869       1874       2005      0.3176       1937        1937      0.0400      2.4076
ALPHA 1.0349 MaxIteration 2828  TIMEOUT 0.151727
 25       1871       1874       2008      0.1517       1937        1937      0.0200      2.7076
ALPHA 1.0349 MaxIteration 2926  TIMEOUT 0.167375
 26       1867       1874       2017      0.1674       1937        1937      0.0100      3.0225
ALPHA 1.0349 MaxIteration 3027  TIMEOUT 0.112849
 27       1861       1874       2029      0.1128       1937        1937      0.0100      3.2376
ALPHA 1.0349 MaxIteration 3132  TIMEOUT 0.124254
 28       1863       1874       2004      0.1243       1937        1937      0.0200      3.4776
ALPHA 1.0349 MaxIteration 3241  TIMEOUT 0.173630
 29       1865       1874       2004      0.1736       1937        1937      0.0000      3.8076
ALPHA 1.0349 MaxIteration 3353  TIMEOUT 0.138958
 30       1865       1874       2020      0.1390       1937        1937      0.0200      4.0676
ALPHA 1.0349 MaxIteration 3469  TIMEOUT 0.192568
 31       1869       1874       2012      0.1926       1937        1937      0.0200      4.4476
ALPHA 1.0349 MaxIteration 3589  TIMEOUT 0.151721
 32       1871       1874       2021      0.1517       1937        1937      0.0000      4.7476
ALPHA 1.0349 MaxIteration 3714  TIMEOUT 0.131205
 33       1861       1874       2035      0.1312       1937        1937      0.0100      5.0076
ALPHA 1.0349 MaxIteration 3843  TIMEOUT 0.151237
 34       1865       1874       2034      0.1512       1937        1937      0.0100      5.3076
ALPHA 1.0349 MaxIteration 3976  TIMEOUT 0.291725
 35       1879       1879       2022      0.2917       1937        1937      0.0000      5.8676
ALPHA 1.0349 MaxIteration 4114  TIMEOUT 0.160266
 36       1865       1879       2024      0.1603       1937        1937      0.0100      6.1812
ALPHA 1.0349 MaxIteration 4257  TIMEOUT 0.280522
 37       1867       1879       2024      0.2805       1937        1937      0.0100      6.7176
ALPHA 1.0349 MaxIteration 4405  TIMEOUT 0.257352
 38       1867       1879       2010      0.2574       1937        1937      0.0100      7.1976
ALPHA 1.0349 MaxIteration 4558  TIMEOUT 0.185556
 39       1871       1879       2021      0.1856       1937        1937      0.0100      7.5576
ALPHA 1.0349 MaxIteration 4716  TIMEOUT 0.177285
 40       1865       1879       2031      0.1773       1937        1937      0.0100      7.8976
ALPHA 1.0349 MaxIteration 4880  TIMEOUT 0.178111
 41       1867       1879       2018      0.1781       1937        1937      0.0200      8.2376
ALPHA 1.0349 MaxIteration 5050  TIMEOUT 0.183254
 42       1863       1879       2004      0.1833       1937        1937      0.0200      8.5876
ALPHA 1.0349 MaxIteration 5226  TIMEOUT 0.199619
 43       1865       1879       2025      0.1996       1937        1937      0.0200      8.9576
ALPHA 1.0349 MaxIteration 5408  TIMEOUT 0.199289
 44       1865       1879       2018      0.1993       1937        1937      0.0300      9.3276
ALPHA 1.0349 MaxIteration 5596  TIMEOUT 0.326869
 45       1870       1879       2024      0.3269       1937        1937      0.0200      9.9576
ALPHA 1.0349 MaxIteration 5791  TIMEOUT 0.329219
 46       1866       1879       2020      0.3292       1937        1937      0.0200     10.5776
ALPHA 1.0349 MaxIteration 5992  TIMEOUT 0.273140
 47       1868       1879       2016      0.2731       1937        1937      0.0000     11.1115
ALPHA 1.0349 MaxIteration 6200  TIMEOUT 0.518375
 48       1870       1879       2014      0.5184       1937        1937      0.0000     12.1076
ALPHA 1.0349 MaxIteration 6416  TIMEOUT 0.464242
 49       1870       1879       2017      0.4642       1937        1937      0.0300     13.0076
ALPHA 1.0349 MaxIteration 6639  TIMEOUT 0.364013
 50       1869       1879       2017      0.3640       1937        1937      0.0100     13.7076
ALPHA 1.0349 MaxIteration 6870  TIMEOUT 0.322555
 51       1868       1879       2028      0.3226       1937        1937      0.0100     14.3306
ALPHA 1.0349 MaxIteration 7109  TIMEOUT 0.288085
 52       1878       1879       2025      0.2881       1937        1937      0.0100     14.8876
ALPHA 1.0349 MaxIteration 7356  TIMEOUT 0.342196
 53       1868       1879       2021      0.3422       1937        1937      0.0100     15.5476
ALPHA 1.0349 MaxIteration 7612  TIMEOUT 0.568569
 54       1868       1879       2012      0.5686       1937        1937      0.0300     16.6376
ALPHA 1.0349 MaxIteration 7877  TIMEOUT 0.416924
 55       1870       1879       2024      0.4169       1937        1937      0.0200     17.4376
ALPHA 1.0349 MaxIteration 8151  TIMEOUT 0.351193
 56       1869       1879       2028      0.3512       1937        1937      0.0000     18.1276
ALPHA 1.0349 MaxIteration 8435  TIMEOUT 0.396146
 57       1863       1879       2011      0.3961       1937        1937      0.0100     18.8943
ALPHA 1.0349 MaxIteration 8729  TIMEOUT 0.390349
 58       1863       1879       2018      0.3903       1937        1937      0.0100     19.6376
ALPHA 1.0349 MaxIteration 9033  TIMEOUT 0.344299
 59       1867       1879       2019      0.3443       1937        1937      0.0100     19.9976
ALPHA 1.0349 MaxIteration 9347  TIMEOUT 0.002363
 60       1829       1879       2113      0.0024>>> T1_200_250_7.wclq |V| 200 |E| 250  (#LB 0.0251 1833 ---> 1879  0.0309  1937 <--- 2011  0.0368 #UB)  #solve_ime 20.0000 read_time 0.0024 
