>>IBM: |V|=1000 |E|=20000
>>IBM: The maximum node weight is 3050
/public/home/acs4vb4pqv/benchmarks/MWDS2026/T2_wclq/T2_1000_20000_9.wclq #seed 2 #alpha 1.900 #timeout 0.100 
#Rd        #LB        #LB*       #UB       #Time        #UB+        #UB*      #Time      #TotalTime
ALPHA 1.9000 MaxIteration 500  TIMEOUT 0.989562
  1       5343       5343       7683      0.9896       7238        7238      0.0100      1.9632
ALPHA 1.9000 MaxIteration 3  TIMEOUT 0.003273
  2       5215       5343      10072      0.0033       7446        7238      0.0000      1.9732
ALPHA 1.8304 MaxIteration 5  TIMEOUT 0.006716
  3       5280       5343       9072      0.0067       7535        7238      0.0000      1.9832
ALPHA 1.7658 MaxIteration 9  TIMEOUT 0.009379
  4       5209       5343       9465      0.0094       7324        7238      0.0000      2.0032
ALPHA 1.7056 MaxIteration 15  TIMEOUT 0.031777
  5       5554       5554       9105      0.0318       7238        7238      0.0300      2.0732
ALPHA 1.6493 MaxIteration 25  TIMEOUT 0.027792
  6       5406       5554       9120      0.0278       7308        7238      0.0200      2.1231
ALPHA 1.5966 MaxIteration 41  TIMEOUT 0.049720
  7       5479       5554       9363      0.0497       7238        7238      0.0100      2.2231
ALPHA 1.5472 MaxIteration 65  TIMEOUT 0.060797
  8       5676       5676       8977      0.0608       7238        7238      0.0400      2.3531
ALPHA 1.5008 MaxIteration 100  TIMEOUT 0.098747
  9       5684       5684       9237      0.0987       7324        7238      0.0300      2.5432
ALPHA 1.4571 MaxIteration 150  TIMEOUT 0.359575
 10       5776       5776       8589      0.3596       7238        7238      0.0200      3.2632
ALPHA 1.4158 MaxIteration 218  TIMEOUT 0.171991
 11       5577       5776       8510      0.1720       7238        7238      0.0400      3.6132
ALPHA 1.3768 MaxIteration 308  TIMEOUT 0.522127
 12       5785       5785       8461      0.5221       7238        7238      0.3100      4.6632
ALPHA 1.3399 MaxIteration 424  TIMEOUT 1.040272
 13       5919       5919       8294      1.0403       7238        7238      0.0500      6.7432
ALPHA 1.3049 MaxIteration 568  TIMEOUT 0.811923
 14       5846       5919       8645      0.8119       7177        7177      0.0400      8.3732
ALPHA 1.2718 MaxIteration 741  TIMEOUT 0.764531
 15       5869       5919       8625      0.7645       7238        7177      0.5700      9.8932
ALPHA 1.2402 MaxIteration 942  TIMEOUT 1.411782
 16       5806       5919       8584      1.4118       7238        7177      0.1300     12.7132
ALPHA 1.2102 MaxIteration 1168  TIMEOUT 0.972202
 17       5829       5919       8534      0.9722       7200        7177      0.0200     14.6532
ALPHA 1.1816 MaxIteration 1413  TIMEOUT 1.951710
 18       5840       5919       8658      1.9517       7177        7177      0.2500     18.5532
ALPHA 1.1543 MaxIteration 1669  TIMEOUT 1.446876
 19       5894       5919       8529      1.4469>>> T2_1000_20000_9.wclq |V| 1000 |E| 20000  (#LB 0.1078 5343 ---> 5919  0.2125  7177 <--- 7683  0.0659 #UB)  #solve_ime 20.0001 read_time 0.0069 
