>>IBM: |V|=1000 |E|=52120
>>IBM: The maximum node weight is 100
/public/home/acs4vb4pqv/benchmarks/MWDS2026/UDG_wclq/UDG_1000_200_8.wclq #seed 102 #alpha 1.900 #timeout 0.100 
#Rd        #LB        #LB*       #UB       #Time        #UB+        #UB*      #Time      #TotalTime
ALPHA 1.9000 MaxIteration 500  TIMEOUT 0.389498
  1         38         38         41      0.3895         41          41      0.0000      0.7754
ALPHA 1.9000 MaxIteration 3  TIMEOUT 0.002339
  2         36         38         42      0.0023         41          41      0.0000      0.7853
ALPHA 1.8304 MaxIteration 5  TIMEOUT 0.004904
  3         37         38         42      0.0049         41          41      0.0000      0.7955
ALPHA 1.7658 MaxIteration 9  TIMEOUT 0.008106
  4         37         38         41      0.0081         41          41      0.0000      0.8053
ALPHA 1.7056 MaxIteration 15  TIMEOUT 0.011948
  5         38         38         42      0.0119         41          41      0.0000      0.8355
ALPHA 1.6493 MaxIteration 25  TIMEOUT 0.019411
  6         38         38         41      0.0194         41          41      0.0000      0.8755
ALPHA 1.5966 MaxIteration 41  TIMEOUT 0.030665
  7         38         38         42      0.0307         41          41      0.0000      0.9454
ALPHA 1.5472 MaxIteration 65  TIMEOUT 0.044718
  8         38         38         42      0.0447         41          41      0.0000      1.0354
ALPHA 1.5008 MaxIteration 100  TIMEOUT 0.070102
  9         38         38         42      0.0701         41          41      0.0000      1.1855
ALPHA 1.4571 MaxIteration 150  TIMEOUT 0.093844
 10         38         38         42      0.0938         41          41      0.0000      1.3756
ALPHA 1.4158 MaxIteration 218  TIMEOUT 0.144357
 11         38         38         42      0.1444         41          41      0.0000      1.6653
ALPHA 1.3768 MaxIteration 308  TIMEOUT 0.200872
 12         38         38         42      0.2009         41          41      0.0000      2.0753
ALPHA 1.3399 MaxIteration 424  TIMEOUT 0.276027
 13         38         38         42      0.2760         41          41      0.0000      2.6253
ALPHA 1.3049 MaxIteration 568  TIMEOUT 0.366332
 14         38         38         42      0.3663         41          41      0.0000      3.3553
ALPHA 1.2718 MaxIteration 741  TIMEOUT 0.479893
 15         38         38         41      0.4799         41          41      0.0000      4.3054
ALPHA 1.2402 MaxIteration 942  TIMEOUT 0.611040
 16         38         38         42      0.6110         41          41      0.0000      5.5354
ALPHA 1.2102 MaxIteration 1168  TIMEOUT 0.747594
 17         38         38         42      0.7476         41          41      0.0000      7.0254
ALPHA 1.1816 MaxIteration 1413  TIMEOUT 0.886316
 18         38         38         41      0.8863         41          41      0.0000      8.7953
ALPHA 1.1543 MaxIteration 1669  TIMEOUT 1.055172
 19         38         38         42      1.0552         41          41      0.0000     10.8954
ALPHA 1.1283 MaxIteration 1926  TIMEOUT 1.205040
 20         38         38         41      1.2050         41          41      0.0000     13.3053
ALPHA 1.1034 MaxIteration 2173  TIMEOUT 1.369741
 21         38         38         42      1.3697         41          41      0.0000     16.0354
ALPHA 1.0795 MaxIteration 2397  TIMEOUT 1.505247
 22         38         38         41      1.5052         41          41      0.0000     19.0453
ALPHA 1.0567 MaxIteration 2587  TIMEOUT 0.954698
 23         38         38         41      0.9547>>> UDG_1000_200_8.wclq |V| 1000 |E| 52120  (#LB 0.0000 38 ---> 38  0.0789  41 <--- 41  0.0000 #UB)  #solve_ime 20.0001 read_time 0.0147 
