>>IBM: |V|=50 |E|=1000
>>IBM: The maximum node weight is 49
/public/home/acs4vb4pqv/benchmarks/MWDS2026/T1_wclq/T1_50_1000_0.wclq #seed 101 #alpha 1.900 #timeout 0.100 
#Rd        #LB        #LB*       #UB       #Time        #UB+        #UB*      #Time      #TotalTime
ALPHA 1.9000 MaxIteration 500  TIMEOUT 0.004058
  1         28         28         40      0.0041         40          40      0.0000      0.0085
ALPHA 1.9000 MaxIteration 3  TIMEOUT 0.000066
  2         24         28         62      0.0001         40          40      0.0000      0.0185
ALPHA 1.8304 MaxIteration 5  TIMEOUT 0.000246
  3         26         28         47      0.0002         40          40      0.0000      0.0285
ALPHA 1.7658 MaxIteration 9  TIMEOUT 0.000372
  4         28         28         47      0.0004         40          40      0.0000      0.0385
ALPHA 1.7056 MaxIteration 15  TIMEOUT 0.000390
  5         28         28         47      0.0004         40          40      0.0000      0.0485
ALPHA 1.6493 MaxIteration 25  TIMEOUT 0.000486
  6         28         28         47      0.0005         40          40      0.0000      0.0585
ALPHA 1.5966 MaxIteration 41  TIMEOUT 0.000791
  7         28         28         47      0.0008         40          40      0.0000      0.0685
ALPHA 1.5472 MaxIteration 65  TIMEOUT 0.001208
  8         28         28         47      0.0012         40          40      0.0000      0.0785
ALPHA 1.5008 MaxIteration 100  TIMEOUT 0.001451
  9         28         28         47      0.0015         40          40      0.0000      0.0885
ALPHA 1.4571 MaxIteration 150  TIMEOUT 0.002023
 10         28         28         47      0.0020         40          40      0.0000      0.0985
ALPHA 1.4158 MaxIteration 218  TIMEOUT 0.003663
 11         28         28         47      0.0037         40          40      0.0000      0.1085
ALPHA 1.3768 MaxIteration 308  TIMEOUT 0.004258
 12         28         28         47      0.0043         40          40      0.0000      0.1185
ALPHA 1.3399 MaxIteration 424  TIMEOUT 0.005077
 13         28         28         47      0.0051         40          40      0.0000      0.1285
ALPHA 1.3049 MaxIteration 568  TIMEOUT 0.006887
 14         28         28         47      0.0069         40          40      0.0000      0.1385
ALPHA 1.2718 MaxIteration 741  TIMEOUT 0.011078
 15         28         28         47      0.0111         40          40      0.0000      0.1686
ALPHA 1.2402 MaxIteration 942  TIMEOUT 0.011337
 16         28         28         47      0.0113         40          40      0.0000      0.1985
ALPHA 1.2102 MaxIteration 1168  TIMEOUT 0.016759
 17         28         28         47      0.0168         40          40      0.0000      0.2285
ALPHA 1.1816 MaxIteration 1413  TIMEOUT 0.021405
 18         28         28         47      0.0214         40          40      0.0000      0.2785
ALPHA 1.1543 MaxIteration 1669  TIMEOUT 0.023228
 19         28         28         47      0.0232         40          40      0.0000      0.3285
ALPHA 1.1283 MaxIteration 1926  TIMEOUT 0.023190
 20         28         28         47      0.0232         40          40      0.0000      0.3785
ALPHA 1.1034 MaxIteration 2173  TIMEOUT 0.026143
 21         28         28         47      0.0261         40          40      0.0000      0.4285
ALPHA 1.0795 MaxIteration 2397  TIMEOUT 0.033888
 22         28         28         47      0.0339         40          40      0.0000      0.4985
ALPHA 1.0567 MaxIteration 2587  TIMEOUT 0.036887
 23         28         28         47      0.0369         40          40      0.0000      0.5685
ALPHA 1.0349 MaxIteration 2733  TIMEOUT 0.034854
 24         28         28         47      0.0349         40          40      0.0000      0.6385
ALPHA 1.0349 MaxIteration 2828  TIMEOUT 0.035887
 25         28         28         47      0.0359         40          40      0.0000      0.7085
ALPHA 1.0349 MaxIteration 2926  TIMEOUT 0.035424
 26         28         28         47      0.0354         40          40      0.0000      0.7785
ALPHA 1.0349 MaxIteration 3027  TIMEOUT 0.040149
 27         28         28         47      0.0401         40          40      0.0000      0.8685
ALPHA 1.0349 MaxIteration 3132  TIMEOUT 0.036508
 28         28         28         47      0.0365         40          40      0.0000      0.9385
ALPHA 1.0349 MaxIteration 3241  TIMEOUT 0.042788
 29         28         28         47      0.0428         40          40      0.0000      1.0285
ALPHA 1.0349 MaxIteration 3353  TIMEOUT 0.044051
 30         28         28         47      0.0441         40          40      0.0000      1.1185
ALPHA 1.0349 MaxIteration 3469  TIMEOUT 0.042639
 31         28         28         47      0.0426         40          40      0.0000      1.2085
ALPHA 1.0349 MaxIteration 3589  TIMEOUT 0.045742
 32         28         28         47      0.0457         40          40      0.0000      1.2985
ALPHA 1.0349 MaxIteration 3714  TIMEOUT 0.048195
 33         28         28         47      0.0482         40          40      0.0000      1.3885
ALPHA 1.0349 MaxIteration 3843  TIMEOUT 0.047897
 34         28         28         47      0.0479         40          40      0.0000      1.4785
ALPHA 1.0349 MaxIteration 3976  TIMEOUT 0.050138
 35         28         28         47      0.0501         40          40      0.0000      1.5885
ALPHA 1.0349 MaxIteration 4114  TIMEOUT 0.052466
 36         28         28         47      0.0525         40          40      0.0000      1.6985
ALPHA 1.0349 MaxIteration 4257  TIMEOUT 0.049060
 37         28         28         47      0.0491         40          40      0.0000      1.7885
ALPHA 1.0349 MaxIteration 4405  TIMEOUT 0.055302
 38         28         28         47      0.0553         40          40      0.0000      1.8985
ALPHA 1.0349 MaxIteration 4558  TIMEOUT 0.055401
 39         28         28         47      0.0554         40          40      0.0000      2.0085
ALPHA 1.0349 MaxIteration 4716  TIMEOUT 0.056919
 40         28         28         47      0.0569         40          40      0.0000      2.1185
ALPHA 1.0349 MaxIteration 4880  TIMEOUT 0.060757
 41         28         28         47      0.0608         40          40      0.0000      2.2485
ALPHA 1.0349 MaxIteration 5050  TIMEOUT 0.060554
 42         28         28         47      0.0606         40          40      0.0000      2.3785
ALPHA 1.0349 MaxIteration 5226  TIMEOUT 0.064746
 43         28         28         47      0.0647         40          40      0.0000      2.5085
ALPHA 1.0349 MaxIteration 5408  TIMEOUT 0.070067
 44         28         28         47      0.0701         40          40      0.0000      2.6585
ALPHA 1.0349 MaxIteration 5596  TIMEOUT 0.069860
 45         28         28         47      0.0699         40          40      0.0000      2.7885
ALPHA 1.0349 MaxIteration 5791  TIMEOUT 0.071895
 46         28         28         47      0.0719         40          40      0.0000      2.9385
ALPHA 1.0349 MaxIteration 5992  TIMEOUT 0.074482
 47         28         28         47      0.0745         40          40      0.0000      3.0885
ALPHA 1.0349 MaxIteration 6200  TIMEOUT 0.077188
 48         28         28         47      0.0772         40          40      0.0000      3.2385
ALPHA 1.0349 MaxIteration 6416  TIMEOUT 0.081631
 49         28         28         47      0.0816         40          40      0.0000      3.4085
ALPHA 1.0349 MaxIteration 6639  TIMEOUT 0.078930
 50         28         28         47      0.0789         40          40      0.0000      3.5585
ALPHA 1.0349 MaxIteration 6870  TIMEOUT 0.084706
 51         28         28         47      0.0847         40          40      0.0000      3.7285
ALPHA 1.0349 MaxIteration 7109  TIMEOUT 0.089113
 52         28         28         47      0.0891         40          40      0.0000      3.8986
ALPHA 1.0349 MaxIteration 7356  TIMEOUT 0.094366
 53         28         28         47      0.0944         40          40      0.0000      4.0885
ALPHA 1.0349 MaxIteration 7612  TIMEOUT 0.094257
 54         28         28         47      0.0943         40          40      0.0000      4.2785
ALPHA 1.0349 MaxIteration 7877  TIMEOUT 0.097543
 55         28         28         47      0.0975         40          40      0.0000      4.4685
ALPHA 1.0349 MaxIteration 8151  TIMEOUT 0.106453
 56         28         28         47      0.1065         40          40      0.0000      4.6785
ALPHA 1.0349 MaxIteration 8435  TIMEOUT 0.107005
 57         28         28         47      0.1070         40          40      0.0000      4.8785
ALPHA 1.0349 MaxIteration 8729  TIMEOUT 0.113067
 58         28         28         47      0.1131         40          40      0.0000      5.1085
ALPHA 1.0349 MaxIteration 9033  TIMEOUT 0.117434
 59         28         28         47      0.1174         40          40      0.0000      5.3385
ALPHA 1.0349 MaxIteration 9347  TIMEOUT 0.117162
 60         28         28         47      0.1172         40          40      0.0000      5.5685
ALPHA 1.0349 MaxIteration 9672  TIMEOUT 0.120962
 61         28         28         47      0.1210         40          40      0.0000      5.8185
ALPHA 1.0349 MaxIteration 10009  TIMEOUT 0.123142
 62         28         28         47      0.1231         40          40      0.0000      6.0685
ALPHA 1.0349 MaxIteration 10357  TIMEOUT 0.133911
 63         28         28         47      0.1339         40          40      0.0000      6.3385
ALPHA 1.0349 MaxIteration 10718  TIMEOUT 0.136916
 64         28         28         47      0.1369         40          40      0.0000      6.6085
ALPHA 1.0349 MaxIteration 11091  TIMEOUT 0.142223
 65         28         28         47      0.1422         40          40      0.0000      6.8985
ALPHA 1.0349 MaxIteration 11477  TIMEOUT 0.144046
 66         28         28         47      0.1440         40          40      0.0000      7.1785
ALPHA 1.0349 MaxIteration 11877  TIMEOUT 0.147287
 67         28         28         47      0.1473         40          40      0.0000      7.4685
ALPHA 1.0349 MaxIteration 12291  TIMEOUT 0.149558
 68         28         28         47      0.1496         40          40      0.0000      7.7585
ALPHA 1.0349 MaxIteration 12719  TIMEOUT 0.162742
 69         28         28         47      0.1627         40          40      0.0000      8.0885
ALPHA 1.0349 MaxIteration 13162  TIMEOUT 0.168694
 70         28         28         47      0.1687         40          40      0.0000      8.4185
ALPHA 1.0349 MaxIteration 13620  TIMEOUT 0.175629
 71         28         28         47      0.1756         40          40      0.0000      8.7685
ALPHA 1.0349 MaxIteration 14094  TIMEOUT 0.179292
 72         28         28         47      0.1793         40          40      0.0000      9.1185
ALPHA 1.0349 MaxIteration 14585  TIMEOUT 0.178934
 73         28         28         47      0.1789         40          40      0.0000      9.4685
ALPHA 1.0349 MaxIteration 15093  TIMEOUT 0.193453
 74         28         28         47      0.1935         40          40      0.0000      9.8585
ALPHA 1.0349 MaxIteration 15619  TIMEOUT 0.198124
 75         28         28         47      0.1981         40          40      0.0000     10.2485
ALPHA 1.0349 MaxIteration 16163  TIMEOUT 0.202698
 76         28         28         47      0.2027         40          40      0.0000     10.6585
ALPHA 1.0349 MaxIteration 16726  TIMEOUT 0.216225
 77         28         28         47      0.2162         40          40      0.0000     11.0885
ALPHA 1.0349 MaxIteration 17309  TIMEOUT 0.218996
 78         28         28         47      0.2190         40          40      0.0000     11.5185
ALPHA 1.0349 MaxIteration 17912  TIMEOUT 0.226944
 79         28         28         47      0.2269         40          40      0.0000     11.9685
ALPHA 1.0349 MaxIteration 18536  TIMEOUT 0.237868
 80         28         28         47      0.2379         40          40      0.0000     12.4385
ALPHA 1.0349 MaxIteration 19182  TIMEOUT 0.241220
 81         28         28         47      0.2412         40          40      0.0000     12.9285
ALPHA 1.0349 MaxIteration 19850  TIMEOUT 0.248102
 82         28         28         47      0.2481         40          40      0.0000     13.4185
ALPHA 1.0349 MaxIteration 20541  TIMEOUT 0.256812
 83         28         28         47      0.2568         40          40      0.0000     13.9185
ALPHA 1.0349 MaxIteration 21257  TIMEOUT 0.266023
 84         28         28         47      0.2660         40          40      0.0000     14.4385
ALPHA 1.0349 MaxIteration 21997  TIMEOUT 0.274838
 85         28         28         47      0.2748         40          40      0.0000     14.9785
ALPHA 1.0349 MaxIteration 22763  TIMEOUT 0.291019
 86         28         28         47      0.2910         40          40      0.0000     15.5685
ALPHA 1.0349 MaxIteration 23556  TIMEOUT 0.298585
 87         28         28         47      0.2986         40          40      0.0000     16.1585
ALPHA 1.0349 MaxIteration 24377  TIMEOUT 0.307806
 88         28         28         47      0.3078         40          40      0.0000     16.7685
ALPHA 1.0349 MaxIteration 25226  TIMEOUT 0.320538
 89         28         28         47      0.3205         40          40      0.0000     17.4185
ALPHA 1.0349 MaxIteration 26105  TIMEOUT 0.323172
 90         28         28         47      0.3232         40          40      0.0000     18.0685
ALPHA 1.0349 MaxIteration 27014  TIMEOUT 0.343401
 91         28         28         47      0.3434         40          40      0.0000     18.7585
ALPHA 1.0349 MaxIteration 27955  TIMEOUT 0.349586
 92         28         28         47      0.3496         40          40      0.0000     19.4385
ALPHA 1.0349 MaxIteration 28929  TIMEOUT 0.362251
 93         28         28         47      0.3623         40          40      0.0000     19.9985
ALPHA 1.0349 MaxIteration 29937  TIMEOUT 0.001497
 94         28         28         47      0.0015>>> T1_50_1000_0.wclq |V| 50 |E| 1000  (#LB 0.0000 28 ---> 28  0.4286  40 <--- 40  0.0000 #UB)  #solve_ime 20.0000 read_time 0.0015 
