>>IBM: |V|=150 |E|=2000
>>IBM: The maximum node weight is 1235
/public/home/acs4vb4pqv/benchmarks/MWDS2026/T2_wclq/T2_150_2000_1.wclq #seed 101 #alpha 1.900 #timeout 0.100 
#Rd        #LB        #LB*       #UB       #Time        #UB+        #UB*      #Time      #TotalTime
ALPHA 1.9000 MaxIteration 500  TIMEOUT 0.043717
  1        503        503        598      0.0437        598         598      0.0000      0.0882
ALPHA 1.9000 MaxIteration 3  TIMEOUT 0.000491
  2        492        503        637      0.0005        598         598      0.0000      0.0982
ALPHA 1.8304 MaxIteration 5  TIMEOUT 0.001019
  3        492        503        615      0.0010        598         598      0.0000      0.1082
ALPHA 1.7658 MaxIteration 9  TIMEOUT 0.001727
  4        498        503        635      0.0017        598         598      0.0000      0.1182
ALPHA 1.7056 MaxIteration 15  TIMEOUT 0.002277
  5        497        503        656      0.0023        598         598      0.0000      0.1282
ALPHA 1.6493 MaxIteration 25  TIMEOUT 0.003779
  6        501        503        615      0.0038        598         598      0.0000      0.1382
ALPHA 1.5966 MaxIteration 41  TIMEOUT 0.008154
  7        502        503        601      0.0082        601         598      0.0000      0.1482
ALPHA 1.5472 MaxIteration 65  TIMEOUT 0.010656
  8        503        503        635      0.0107        598         598      0.0000      0.1782
ALPHA 1.5008 MaxIteration 100  TIMEOUT 0.008988
  9        500        503        615      0.0090        601         598      0.0000      0.1882
ALPHA 1.4571 MaxIteration 150  TIMEOUT 0.018189
 10        498        503        635      0.0182        598         598      0.0100      0.2182
ALPHA 1.4158 MaxIteration 218  TIMEOUT 0.016891
 11        500        503        615      0.0169        598         598      0.0000      0.2482
ALPHA 1.3768 MaxIteration 308  TIMEOUT 0.028750
 12        501        503        618      0.0287        598         598      0.0100      0.2982
ALPHA 1.3399 MaxIteration 424  TIMEOUT 0.036577
 13        501        503        601      0.0366        598         598      0.0000      0.3682
ALPHA 1.3049 MaxIteration 568  TIMEOUT 0.043964
 14        501        503        618      0.0440        598         598      0.0000      0.4582
ALPHA 1.2718 MaxIteration 741  TIMEOUT 0.048762
 15        498        503        601      0.0488        598         598      0.0100      0.5482
ALPHA 1.2402 MaxIteration 942  TIMEOUT 0.076932
 16        501        503        601      0.0769        598         598      0.0000      0.6882
ALPHA 1.2102 MaxIteration 1168  TIMEOUT 0.135338
 17        517        517        601      0.1353        598         598      0.0000      0.9582
ALPHA 1.1816 MaxIteration 1413  TIMEOUT 0.142258
 18        511        517        601      0.1423        598         598      0.0000      1.2482
ALPHA 1.1543 MaxIteration 1669  TIMEOUT 0.154048
 19        511        517        601      0.1540        598         598      0.0000      1.5482
ALPHA 1.1283 MaxIteration 1926  TIMEOUT 0.166870
 20        511        517        601      0.1669        598         598      0.0000      1.8782
ALPHA 1.1034 MaxIteration 2173  TIMEOUT 0.179966
 21        511        517        601      0.1800        598         598      0.0000      2.2382
ALPHA 1.0795 MaxIteration 2397  TIMEOUT 0.196886
 22        511        517        601      0.1969        598         598      0.0000      2.6282
ALPHA 1.0567 MaxIteration 2587  TIMEOUT 0.200710
 23        511        517        601      0.2007        598         598      0.0000      3.0282
ALPHA 1.0349 MaxIteration 2733  TIMEOUT 0.216692
 24        511        517        601      0.2167        598         598      0.0000      3.4482
ALPHA 1.0349 MaxIteration 2828  TIMEOUT 0.214066
 25        511        517        601      0.2141        598         598      0.0000      3.8682
ALPHA 1.0349 MaxIteration 2926  TIMEOUT 0.221771
 26        511        517        601      0.2218        598         598      0.0000      4.3182
ALPHA 1.0349 MaxIteration 3027  TIMEOUT 0.228408
 27        511        517        601      0.2284        598         598      0.0100      4.7682
ALPHA 1.0349 MaxIteration 3132  TIMEOUT 0.246416
 28        511        517        601      0.2464        598         598      0.0000      5.2582
ALPHA 1.0349 MaxIteration 3241  TIMEOUT 0.249906
 29        511        517        601      0.2499        598         598      0.0100      5.7382
ALPHA 1.0349 MaxIteration 3353  TIMEOUT 0.250992
 30        511        517        601      0.2510        598         598      0.0000      6.2382
ALPHA 1.0349 MaxIteration 3469  TIMEOUT 0.259758
 31        511        517        601      0.2598        598         598      0.0100      6.7482
ALPHA 1.0349 MaxIteration 3589  TIMEOUT 0.264267
 32        511        517        601      0.2643        598         598      0.0000      7.2682
ALPHA 1.0349 MaxIteration 3714  TIMEOUT 0.274199
 33        511        517        601      0.2742        598         598      0.0000      7.8082
ALPHA 1.0349 MaxIteration 3843  TIMEOUT 0.278176
 34        511        517        601      0.2782        598         598      0.0100      8.3482
ALPHA 1.0349 MaxIteration 3976  TIMEOUT 0.292008
 35        511        517        601      0.2920        598         598      0.0000      8.9282
ALPHA 1.0349 MaxIteration 4114  TIMEOUT 0.279048
 36        511        517        601      0.2790        598         598      0.0100      9.4682
ALPHA 1.0349 MaxIteration 4257  TIMEOUT 0.270710
 37        511        517        601      0.2707        598         598      0.0000     10.0082
ALPHA 1.0349 MaxIteration 4405  TIMEOUT 0.280575
 38        511        517        601      0.2806        598         598      0.0000     10.5682
ALPHA 1.0349 MaxIteration 4558  TIMEOUT 0.299603
 39        511        517        601      0.2996        598         598      0.0100     11.1482
ALPHA 1.0349 MaxIteration 4716  TIMEOUT 0.300574
 40        511        517        601      0.3006        598         598      0.0000     11.7582
ALPHA 1.0349 MaxIteration 4880  TIMEOUT 0.312478
 41        511        517        601      0.3125        598         598      0.0000     12.3782
ALPHA 1.0349 MaxIteration 5050  TIMEOUT 0.317468
 42        511        517        601      0.3175        598         598      0.0000     13.0043
ALPHA 1.0349 MaxIteration 5226  TIMEOUT 0.320113
 43        511        517        601      0.3201        598         598      0.0000     13.6382
ALPHA 1.0349 MaxIteration 5408  TIMEOUT 0.337017
 44        511        517        601      0.3370        598         598      0.0000     14.3082
ALPHA 1.0349 MaxIteration 5596  TIMEOUT 0.352708
 45        511        517        601      0.3527        598         598      0.0000     15.0082
ALPHA 1.0349 MaxIteration 5791  TIMEOUT 0.360902
 46        511        517        601      0.3609        598         598      0.0000     15.7282
ALPHA 1.0349 MaxIteration 5992  TIMEOUT 0.356579
 47        511        517        601      0.3566        598         598      0.0000     16.4282
ALPHA 1.0349 MaxIteration 6200  TIMEOUT 0.390229
 48        511        517        601      0.3902        598         598      0.0000     17.2182
ALPHA 1.0349 MaxIteration 6416  TIMEOUT 0.389569
 49        511        517        601      0.3896        598         598      0.0100     17.9782
ALPHA 1.0349 MaxIteration 6639  TIMEOUT 0.394492
 50        511        517        601      0.3945        598         598      0.0000     18.7582
ALPHA 1.0349 MaxIteration 6870  TIMEOUT 0.401146
 51        511        517        601      0.4011        598         598      0.0000     19.5582
ALPHA 1.0349 MaxIteration 7109  TIMEOUT 0.423332
 52        511        517        601      0.4233        598         598      0.0000     19.9982
ALPHA 1.0349 MaxIteration 7356  TIMEOUT 0.001861
 53        495        517        653      0.0019>>> T2_150_2000_1.wclq |V| 150 |E| 2000  (#LB 0.0278 503 ---> 517  0.1567  598 <--- 598  0.0000 #UB)  #solve_ime 20.0000 read_time 0.0018 
