>>IBM: |V|=150 |E|=2000
>>IBM: The maximum node weight is 1235
/public/home/acs4vb4pqv/benchmarks/MWDS2026/T2_wclq/T2_150_2000_1.wclq #seed 101 #alpha 1.900 #timeout 0.100 
#Rd        #LB        #LB*       #UB       #Time        #UB+        #UB*      #Time      #TotalTime
ALPHA 1.9000 MaxIteration 500  TIMEOUT 0.043903
  1        503        503        598      0.0439        598         598      0.0000      0.0891
ALPHA 1.9000 MaxIteration 3  TIMEOUT 0.000467
  2        492        503        637      0.0005        598         598      0.0000      0.0991
ALPHA 1.8304 MaxIteration 5  TIMEOUT 0.001200
  3        492        503        615      0.0012        598         598      0.0000      0.1091
ALPHA 1.7658 MaxIteration 9  TIMEOUT 0.001800
  4        498        503        635      0.0018        598         598      0.0000      0.1191
ALPHA 1.7056 MaxIteration 15  TIMEOUT 0.002148
  5        497        503        656      0.0021        598         598      0.0000      0.1291
ALPHA 1.6493 MaxIteration 25  TIMEOUT 0.003567
  6        501        503        615      0.0036        598         598      0.0000      0.1391
ALPHA 1.5966 MaxIteration 41  TIMEOUT 0.006504
  7        502        503        601      0.0065        598         598      0.0000      0.1491
ALPHA 1.5472 MaxIteration 65  TIMEOUT 0.006143
  8        501        503        601      0.0061        598         598      0.0000      0.1591
ALPHA 1.5008 MaxIteration 100  TIMEOUT 0.015808
  9        503        503        601      0.0158        598         598      0.0000      0.1891
ALPHA 1.4571 MaxIteration 150  TIMEOUT 0.014713
 10        502        503        601      0.0147        598         598      0.0000      0.2191
ALPHA 1.4158 MaxIteration 218  TIMEOUT 0.017476
 11        501        503        601      0.0175        598         598      0.0100      0.2491
ALPHA 1.3768 MaxIteration 308  TIMEOUT 0.024715
 12        502        503        601      0.0247        598         598      0.0000      0.2991
ALPHA 1.3399 MaxIteration 424  TIMEOUT 0.029095
 13        501        503        601      0.0291        598         598      0.0100      0.3491
ALPHA 1.3049 MaxIteration 568  TIMEOUT 0.039035
 14        501        503        601      0.0390        598         598      0.0100      0.4191
ALPHA 1.2718 MaxIteration 741  TIMEOUT 0.046222
 15        501        503        601      0.0462        598         598      0.0000      0.5091
ALPHA 1.2402 MaxIteration 942  TIMEOUT 0.060633
 16        501        503        601      0.0606        598         598      0.0000      0.6391
ALPHA 1.2102 MaxIteration 1168  TIMEOUT 0.073258
 17        501        503        601      0.0733        598         598      0.0000      0.7891
ALPHA 1.1816 MaxIteration 1413  TIMEOUT 0.148239
 18        503        503        601      0.1482        598         598      0.0100      1.0791
ALPHA 1.1543 MaxIteration 1669  TIMEOUT 0.106615
 19        501        503        601      0.1066        598         598      0.0000      1.2891
ALPHA 1.1283 MaxIteration 1926  TIMEOUT 0.126842
 20        501        503        601      0.1268        598         598      0.0000      1.5391
ALPHA 1.1034 MaxIteration 2173  TIMEOUT 0.209133
 21        507        507        601      0.2091        598         598      0.0100      1.9391
ALPHA 1.0795 MaxIteration 2397  TIMEOUT 0.217627
 22        507        507        601      0.2176        598         598      0.0100      2.3691
ALPHA 1.0567 MaxIteration 2587  TIMEOUT 0.236639
 23        503        507        601      0.2366        598         598      0.0000      2.8291
ALPHA 1.0349 MaxIteration 2733  TIMEOUT 0.166432
 24        501        507        601      0.1664        598         598      0.0000      3.1591
ALPHA 1.0349 MaxIteration 2828  TIMEOUT 0.173914
 25        501        507        601      0.1739        598         598      0.0000      3.4991
ALPHA 1.0349 MaxIteration 2926  TIMEOUT 0.173015
 26        501        507        601      0.1730        598         598      0.0000      3.8491
ALPHA 1.0349 MaxIteration 3027  TIMEOUT 0.183450
 27        501        507        601      0.1834        598         598      0.0000      4.2091
ALPHA 1.0349 MaxIteration 3132  TIMEOUT 0.185961
 28        501        507        601      0.1860        598         598      0.0000      4.5791
ALPHA 1.0349 MaxIteration 3241  TIMEOUT 0.197455
 29        501        507        601      0.1975        598         598      0.0000      4.9691
ALPHA 1.0349 MaxIteration 3353  TIMEOUT 0.200767
 30        501        507        601      0.2008        598         598      0.0000      5.3691
ALPHA 1.0349 MaxIteration 3469  TIMEOUT 0.204445
 31        501        507        601      0.2044        598         598      0.0000      5.7791
ALPHA 1.0349 MaxIteration 3589  TIMEOUT 0.216628
 32        501        507        601      0.2166        598         598      0.0000      6.1991
ALPHA 1.0349 MaxIteration 3714  TIMEOUT 0.225646
 33        501        507        601      0.2256        598         598      0.0000      6.6491
ALPHA 1.0349 MaxIteration 3843  TIMEOUT 0.371150
 34        507        507        601      0.3712        598         598      0.0000      7.3891
ALPHA 1.0349 MaxIteration 3976  TIMEOUT 0.374521
 35        507        507        601      0.3745        598         598      0.0000      8.1391
ALPHA 1.0349 MaxIteration 4114  TIMEOUT 0.388936
 36        507        507        601      0.3889        598         598      0.0100      8.8991
ALPHA 1.0349 MaxIteration 4257  TIMEOUT 0.367983
 37        507        507        601      0.3680        598         598      0.0100      9.6191
ALPHA 1.0349 MaxIteration 4405  TIMEOUT 0.379427
 38        507        507        601      0.3794        598         598      0.0100     10.3591
ALPHA 1.0349 MaxIteration 4558  TIMEOUT 0.388841
 39        507        507        601      0.3888        598         598      0.0100     11.1291
ALPHA 1.0349 MaxIteration 4716  TIMEOUT 0.395267
 40        507        507        601      0.3953        598         598      0.0000     11.9091
ALPHA 1.0349 MaxIteration 4880  TIMEOUT 0.398866
 41        507        507        601      0.3989        598         598      0.0100     12.6891
ALPHA 1.0349 MaxIteration 5050  TIMEOUT 0.414665
 42        507        507        601      0.4147        598         598      0.0000     13.5191
ALPHA 1.0349 MaxIteration 5226  TIMEOUT 0.416959
 43        507        507        601      0.4170        598         598      0.0000     14.3491
ALPHA 1.0349 MaxIteration 5408  TIMEOUT 0.435264
 44        507        507        601      0.4353        598         598      0.0000     15.2191
ALPHA 1.0349 MaxIteration 5596  TIMEOUT 0.438237
 45        507        507        601      0.4382        598         598      0.0100     16.0791
ALPHA 1.0349 MaxIteration 5791  TIMEOUT 0.456391
 46        507        507        601      0.4564        598         598      0.0000     16.9791
ALPHA 1.0349 MaxIteration 5992  TIMEOUT 0.467890
 47        507        507        601      0.4679        598         598      0.0100     17.8991
ALPHA 1.0349 MaxIteration 6200  TIMEOUT 0.656562
 48        507        507        601      0.6566        598         598      0.0000     19.1891
ALPHA 1.0349 MaxIteration 6416  TIMEOUT 0.359677
 49        503        507        601      0.3597        598         598      0.0100     19.8891
ALPHA 1.0349 MaxIteration 6639  TIMEOUT 0.110954
 50        503        507        601      0.1110>>> T2_150_2000_1.wclq |V| 150 |E| 2000  (#LB 0.0080 503 ---> 507  0.1795  598 <--- 598  0.0000 #UB)  #solve_ime 20.0000 read_time 0.0009 
