>>IBM: |V|=1000 |E|=1000
>>IBM: The maximum node weight is 49
/public/home/acs4vb4pqv/benchmarks/MWDS2026/T1_wclq/T1_1000_1000_2.wclq #seed 102 #alpha 1.900 #timeout 0.100 
#Rd        #LB        #LB*       #UB       #Time        #UB+        #UB*      #Time      #TotalTime
ALPHA 1.9000 MaxIteration 500  TIMEOUT 0.219065
  1      10251      10251      11425      0.2191      10812       10812      0.1600      0.4200
ALPHA 1.9000 MaxIteration 3  TIMEOUT 0.002088
  2       9891      10251      12056      0.0021      10909       10812      0.0000      0.4300
ALPHA 1.8304 MaxIteration 5  TIMEOUT 0.002379
  3       9908      10251      12047      0.0024      10893       10812      0.0000      0.4400
ALPHA 1.7658 MaxIteration 9  TIMEOUT 0.008786
  4      10107      10251      11818      0.0088      11170       10812      0.0000      0.4500
ALPHA 1.7056 MaxIteration 15  TIMEOUT 0.010821
  5      10135      10251      11835      0.0108      10848       10812      0.0200      0.4800
ALPHA 1.6493 MaxIteration 25  TIMEOUT 0.017680
  6      10140      10251      11822      0.0177      10845       10812      0.0100      0.5100
ALPHA 1.5966 MaxIteration 41  TIMEOUT 0.013877
  7      10128      10251      11781      0.0139      10857       10812      0.0100      0.5400
ALPHA 1.5472 MaxIteration 65  TIMEOUT 0.020309
  8      10167      10251      11754      0.0203      10826       10812      0.0200      0.5800
ALPHA 1.5008 MaxIteration 100  TIMEOUT 0.028102
  9      10149      10251      11733      0.0281      10828       10812      0.0300      0.6300
ALPHA 1.4571 MaxIteration 150  TIMEOUT 0.100200
 10      10247      10251      11651      0.1002      10810       10810      0.0300      0.8300
ALPHA 1.4158 MaxIteration 218  TIMEOUT 0.122904
 11      10279      10279      11533      0.1229      10813       10810      0.0800      1.0700
ALPHA 1.3768 MaxIteration 308  TIMEOUT 0.207773
 12      10276      10279      11507      0.2078      10805       10805      0.0900      1.4700
ALPHA 1.3399 MaxIteration 424  TIMEOUT 0.198912
 13      10279      10279      11555      0.1989      10795       10795      0.0700      1.8400
ALPHA 1.3049 MaxIteration 568  TIMEOUT 0.240245
 14      10257      10279      11563      0.2402      10808       10795      0.1100      2.3154
ALPHA 1.2718 MaxIteration 741  TIMEOUT 0.895579
 15      10341      10341      11465      0.8956      10809       10795      0.2900      4.0600
ALPHA 1.2402 MaxIteration 942  TIMEOUT 0.587830
 16      10307      10341      11432      0.5878      10797       10795      0.1900      5.1800
ALPHA 1.2102 MaxIteration 1168  TIMEOUT 0.630777
 17      10340      10341      11519      0.6308      10788       10788      0.5100      6.4000
ALPHA 1.1816 MaxIteration 1413  TIMEOUT 0.472468
 18      10293      10341      11482      0.4725      10805       10788      0.0500      7.3100
ALPHA 1.1543 MaxIteration 1669  TIMEOUT 0.666769
 19      10330      10341      11473      0.6668      10796       10788      0.0400      8.6100
ALPHA 1.1283 MaxIteration 1926  TIMEOUT 1.030691
 20      10340      10341      11456      1.0307      10807       10788      0.5400     10.6000
ALPHA 1.1034 MaxIteration 2173  TIMEOUT 0.746310
 21      10353      10353      11427      0.7463      10808       10788      0.3000     12.0491
ALPHA 1.0795 MaxIteration 2397  TIMEOUT 1.774617
 22      10376      10376      11365      1.7746      10788       10788      0.0900     15.4765
ALPHA 1.0567 MaxIteration 2587  TIMEOUT 2.497332
 23      10394      10394      11342      2.4973      10787       10787      0.3500     19.8600
ALPHA 1.0349 MaxIteration 2733  TIMEOUT 0.140034
 24      10248      10394      11610      0.1400>>> T1_1000_1000_2.wclq |V| 1000 |E| 1000  (#LB 0.0139 10251 ---> 10394  0.0378  10787 <--- 11425  0.0558 #UB)  #solve_ime 20.0001 read_time 0.0000 
