>>IBM: |V|=50 |E|=1000
>>IBM: The maximum node weight is 49
/public/home/acs4vb4pqv/benchmarks/MWDS2026/T1_wclq/T1_50_1000_0.wclq #seed 2 #alpha 1.900 #timeout 0.100 
#Rd        #LB        #LB*       #UB       #Time        #UB+        #UB*      #Time      #TotalTime
ALPHA 1.9000 MaxIteration 500  TIMEOUT 0.004437
  1         28         28         40      0.0044         40          40      0.0000      0.0079
ALPHA 1.9000 MaxIteration 3  TIMEOUT 0.000051
  2         24         28         62      0.0001         40          40      0.0000      0.0179
ALPHA 1.8304 MaxIteration 5  TIMEOUT 0.000186
  3         26         28         47      0.0002         40          40      0.0000      0.0279
ALPHA 1.7658 MaxIteration 9  TIMEOUT 0.000362
  4         28         28         47      0.0004         40          40      0.0000      0.0379
ALPHA 1.7056 MaxIteration 15  TIMEOUT 0.000514
  5         28         28         47      0.0005         40          40      0.0000      0.0479
ALPHA 1.6493 MaxIteration 25  TIMEOUT 0.000573
  6         28         28         47      0.0006         40          40      0.0000      0.0579
ALPHA 1.5966 MaxIteration 41  TIMEOUT 0.000693
  7         28         28         47      0.0007         40          40      0.0000      0.0679
ALPHA 1.5472 MaxIteration 65  TIMEOUT 0.001240
  8         28         28         47      0.0012         40          40      0.0000      0.0779
ALPHA 1.5008 MaxIteration 100  TIMEOUT 0.001537
  9         28         28         47      0.0015         40          40      0.0000      0.0879
ALPHA 1.4571 MaxIteration 150  TIMEOUT 0.001871
 10         28         28         47      0.0019         40          40      0.0000      0.0979
ALPHA 1.4158 MaxIteration 218  TIMEOUT 0.002689
 11         28         28         47      0.0027         40          40      0.0000      0.1080
ALPHA 1.3768 MaxIteration 308  TIMEOUT 0.004707
 12         28         28         47      0.0047         40          40      0.0000      0.1179
ALPHA 1.3399 MaxIteration 424  TIMEOUT 0.006280
 13         28         28         47      0.0063         40          40      0.0000      0.1279
ALPHA 1.3049 MaxIteration 568  TIMEOUT 0.007175
 14         28         28         47      0.0072         40          40      0.0000      0.1379
ALPHA 1.2718 MaxIteration 741  TIMEOUT 0.011563
 15         28         28         47      0.0116         40          40      0.0000      0.1679
ALPHA 1.2402 MaxIteration 942  TIMEOUT 0.010422
 16         28         28         47      0.0104         40          40      0.0000      0.1979
ALPHA 1.2102 MaxIteration 1168  TIMEOUT 0.015389
 17         28         28         47      0.0154         40          40      0.0000      0.2279
ALPHA 1.1816 MaxIteration 1413  TIMEOUT 0.017349
 18         28         28         47      0.0173         40          40      0.0000      0.2579
ALPHA 1.1543 MaxIteration 1669  TIMEOUT 0.022874
 19         28         28         47      0.0229         40          40      0.0000      0.3079
ALPHA 1.1283 MaxIteration 1926  TIMEOUT 0.024294
 20         28         28         47      0.0243         40          40      0.0000      0.3537
ALPHA 1.1034 MaxIteration 2173  TIMEOUT 0.028408
 21         28         28         47      0.0284         40          40      0.0000      0.4079
ALPHA 1.0795 MaxIteration 2397  TIMEOUT 0.032812
 22         28         28         47      0.0328         40          40      0.0000      0.4779
ALPHA 1.0567 MaxIteration 2587  TIMEOUT 0.034878
 23         28         28         47      0.0349         40          40      0.0000      0.5479
ALPHA 1.0349 MaxIteration 2733  TIMEOUT 0.036128
 24         28         28         47      0.0361         40          40      0.0000      0.6179
ALPHA 1.0349 MaxIteration 2828  TIMEOUT 0.034409
 25         28         28         47      0.0344         40          40      0.0000      0.6879
ALPHA 1.0349 MaxIteration 2926  TIMEOUT 0.037743
 26         28         28         47      0.0377         40          40      0.0000      0.7579
ALPHA 1.0349 MaxIteration 3027  TIMEOUT 0.037540
 27         28         28         47      0.0375         40          40      0.0000      0.8279
ALPHA 1.0349 MaxIteration 3132  TIMEOUT 0.040312
 28         28         28         47      0.0403         40          40      0.0000      0.9179
ALPHA 1.0349 MaxIteration 3241  TIMEOUT 0.036531
 29         28         28         47      0.0365         40          40      0.0000      0.9879
ALPHA 1.0349 MaxIteration 3353  TIMEOUT 0.042880
 30         28         28         47      0.0429         40          40      0.0000      1.0779
ALPHA 1.0349 MaxIteration 3469  TIMEOUT 0.046345
 31         28         28         47      0.0463         40          40      0.0000      1.1679
ALPHA 1.0349 MaxIteration 3589  TIMEOUT 0.044250
 32         28         28         47      0.0442         40          40      0.0000      1.2579
ALPHA 1.0349 MaxIteration 3714  TIMEOUT 0.049291
 33         28         28         47      0.0493         40          40      0.0000      1.3479
ALPHA 1.0349 MaxIteration 3843  TIMEOUT 0.049390
 34         28         28         47      0.0494         40          40      0.0000      1.4379
ALPHA 1.0349 MaxIteration 3976  TIMEOUT 0.047714
 35         28         28         47      0.0477         40          40      0.0000      1.5279
ALPHA 1.0349 MaxIteration 4114  TIMEOUT 0.052986
 36         28         28         47      0.0530         40          40      0.0000      1.6379
ALPHA 1.0349 MaxIteration 4257  TIMEOUT 0.053832
 37         28         28         47      0.0538         40          40      0.0000      1.7479
ALPHA 1.0349 MaxIteration 4405  TIMEOUT 0.053425
 38         28         28         47      0.0534         40          40      0.0000      1.8579
ALPHA 1.0349 MaxIteration 4558  TIMEOUT 0.056966
 39         28         28         47      0.0570         40          40      0.0000      1.9679
ALPHA 1.0349 MaxIteration 4716  TIMEOUT 0.057820
 40         28         28         47      0.0578         40          40      0.0000      2.0779
ALPHA 1.0349 MaxIteration 4880  TIMEOUT 0.060844
 41         28         28         47      0.0608         40          40      0.0000      2.2079
ALPHA 1.0349 MaxIteration 5050  TIMEOUT 0.061011
 42         28         28         47      0.0610         40          40      0.0000      2.3379
ALPHA 1.0349 MaxIteration 5226  TIMEOUT 0.067318
 43         28         28         47      0.0673         40          40      0.0000      2.4679
ALPHA 1.0349 MaxIteration 5408  TIMEOUT 0.065244
 44         28         28         47      0.0652         40          40      0.0000      2.5979
ALPHA 1.0349 MaxIteration 5596  TIMEOUT 0.067755
 45         28         28         47      0.0678         40          40      0.0000      2.7279
ALPHA 1.0349 MaxIteration 5791  TIMEOUT 0.071041
 46         28         28         47      0.0710         40          40      0.0000      2.8779
ALPHA 1.0349 MaxIteration 5992  TIMEOUT 0.077247
 47         28         28         47      0.0772         40          40      0.0000      3.0279
ALPHA 1.0349 MaxIteration 6200  TIMEOUT 0.074426
 48         28         28         47      0.0744         40          40      0.0000      3.1779
ALPHA 1.0349 MaxIteration 6416  TIMEOUT 0.084501
 49         28         28         47      0.0845         40          40      0.0000      3.3479
ALPHA 1.0349 MaxIteration 6639  TIMEOUT 0.082250
 50         28         28         47      0.0822         40          40      0.0000      3.5179
ALPHA 1.0349 MaxIteration 6870  TIMEOUT 0.088563
 51         28         28         47      0.0886         40          40      0.0000      3.6879
ALPHA 1.0349 MaxIteration 7109  TIMEOUT 0.087197
 52         28         28         47      0.0872         40          40      0.0000      3.8579
ALPHA 1.0349 MaxIteration 7356  TIMEOUT 0.090402
 53         28         28         47      0.0904         40          40      0.0000      4.0479
ALPHA 1.0349 MaxIteration 7612  TIMEOUT 0.094278
 54         28         28         47      0.0943         40          40      0.0000      4.2379
ALPHA 1.0349 MaxIteration 7877  TIMEOUT 0.101621
 55         28         28         47      0.1016         40          40      0.0000      4.4479
ALPHA 1.0349 MaxIteration 8151  TIMEOUT 0.107675
 56         28         28         47      0.1077         40          40      0.0000      4.6579
ALPHA 1.0349 MaxIteration 8435  TIMEOUT 0.108408
 57         28         28         47      0.1084         40          40      0.0000      4.8679
ALPHA 1.0349 MaxIteration 8729  TIMEOUT 0.113253
 58         28         28         47      0.1133         40          40      0.0000      5.0979
ALPHA 1.0349 MaxIteration 9033  TIMEOUT 0.115939
 59         28         28         47      0.1159         40          40      0.0000      5.3279
ALPHA 1.0349 MaxIteration 9347  TIMEOUT 0.113665
 60         28         28         47      0.1137         40          40      0.0000      5.5579
ALPHA 1.0349 MaxIteration 9672  TIMEOUT 0.116288
 61         28         28         47      0.1163         40          40      0.0000      5.7879
ALPHA 1.0349 MaxIteration 10009  TIMEOUT 0.126845
 62         28         28         47      0.1268         40          40      0.0000      6.0279
ALPHA 1.0349 MaxIteration 10357  TIMEOUT 0.128128
 63         28         28         47      0.1281         40          40      0.0000      6.2779
ALPHA 1.0349 MaxIteration 10718  TIMEOUT 0.129817
 64         28         28         47      0.1298         40          40      0.0000      6.5179
ALPHA 1.0349 MaxIteration 11091  TIMEOUT 0.135127
 65         28         28         47      0.1351         40          40      0.0000      6.7796
ALPHA 1.0349 MaxIteration 11477  TIMEOUT 0.145949
 66         28         28         47      0.1459         40          40      0.0000      7.0679
ALPHA 1.0349 MaxIteration 11877  TIMEOUT 0.151400
 67         28         28         47      0.1514         40          40      0.0000      7.3779
ALPHA 1.0349 MaxIteration 12291  TIMEOUT 0.159789
 68         28         28         47      0.1598         40          40      0.0000      7.6879
ALPHA 1.0349 MaxIteration 12719  TIMEOUT 0.164339
 69         28         28         47      0.1643         40          40      0.0000      8.0179
ALPHA 1.0349 MaxIteration 13162  TIMEOUT 0.167089
 70         28         28         47      0.1671         40          40      0.0000      8.3479
ALPHA 1.0349 MaxIteration 13620  TIMEOUT 0.174757
 71         28         28         47      0.1748         40          40      0.0000      8.6979
ALPHA 1.0349 MaxIteration 14094  TIMEOUT 0.180418
 72         28         28         47      0.1804         40          40      0.0000      9.0679
ALPHA 1.0349 MaxIteration 14585  TIMEOUT 0.186394
 73         28         28         47      0.1864         40          40      0.0000      9.4279
ALPHA 1.0349 MaxIteration 15093  TIMEOUT 0.194107
 74         28         28         47      0.1941         40          40      0.0000      9.8179
ALPHA 1.0349 MaxIteration 15619  TIMEOUT 0.201418
 75         28         28         47      0.2014         40          40      0.0000     10.2209
ALPHA 1.0349 MaxIteration 16163  TIMEOUT 0.205780
 76         28         28         47      0.2058         40          40      0.0000     10.6279
ALPHA 1.0349 MaxIteration 16726  TIMEOUT 0.215970
 77         28         28         47      0.2160         40          40      0.0000     11.0579
ALPHA 1.0349 MaxIteration 17309  TIMEOUT 0.219120
 78         28         28         47      0.2191         40          40      0.0000     11.4879
ALPHA 1.0349 MaxIteration 17912  TIMEOUT 0.226724
 79         28         28         47      0.2267         40          40      0.0000     11.9379
ALPHA 1.0349 MaxIteration 18536  TIMEOUT 0.237780
 80         28         28         47      0.2378         40          40      0.0000     12.4079
ALPHA 1.0349 MaxIteration 19182  TIMEOUT 0.243159
 81         28         28         47      0.2432         40          40      0.0000     12.8979
ALPHA 1.0349 MaxIteration 19850  TIMEOUT 0.248763
 82         28         28         47      0.2488         40          40      0.0000     13.3879
ALPHA 1.0349 MaxIteration 20541  TIMEOUT 0.262038
 83         28         28         47      0.2620         40          40      0.0000     13.9179
ALPHA 1.0349 MaxIteration 21257  TIMEOUT 0.268263
 84         28         28         47      0.2683         40          40      0.0000     14.4479
ALPHA 1.0349 MaxIteration 21997  TIMEOUT 0.276434
 85         28         28         47      0.2764         40          40      0.0000     14.9979
ALPHA 1.0349 MaxIteration 22763  TIMEOUT 0.286901
 86         28         28         47      0.2869         40          40      0.0000     15.5679
ALPHA 1.0349 MaxIteration 23556  TIMEOUT 0.304839
 87         28         28         47      0.3048         40          40      0.0000     16.1779
ALPHA 1.0349 MaxIteration 24377  TIMEOUT 0.301103
 88         28         28         47      0.3011         40          40      0.0000     16.7779
ALPHA 1.0349 MaxIteration 25226  TIMEOUT 0.323071
 89         28         28         47      0.3231         40          40      0.0000     17.4279
ALPHA 1.0349 MaxIteration 26105  TIMEOUT 0.334207
 90         28         28         47      0.3342         40          40      0.0000     18.0979
ALPHA 1.0349 MaxIteration 27014  TIMEOUT 0.344580
 91         28         28         47      0.3446         40          40      0.0000     18.7879
ALPHA 1.0349 MaxIteration 27955  TIMEOUT 0.357662
 92         28         28         47      0.3577         40          40      0.0000     19.4879
ALPHA 1.0349 MaxIteration 28929  TIMEOUT 0.368195
 93         28         28         47      0.3682         40          40      0.0000     19.9979
ALPHA 1.0349 MaxIteration 29937  TIMEOUT 0.002064
 94         28         28         47      0.0021>>> T1_50_1000_0.wclq |V| 50 |E| 1000  (#LB 0.0000 28 ---> 28  0.4286  40 <--- 40  0.0000 #UB)  #solve_ime 20.0000 read_time 0.0021 
