>>IBM: |V|=200 |E|=17910
>>IBM: The maximum node weight is 200
/public/home/acs4vb4pqv/benchmarks/MWDS2026/dimacs/gen200_p0.9_55.clq #seed 1 #alpha 1.900 #timeout 0.100 
#Rd        #LB        #LB*       #UB       #Time        #UB+        #UB*      #Time      #TotalTime
ALPHA 1.9000 MaxIteration 500  TIMEOUT 0.105203
  1          5          5          6      0.1052          6           6      0.0000      0.2061
ALPHA 1.9000 MaxIteration 3  TIMEOUT 0.000574
  2          4          5          6      0.0006          6           6      0.0000      0.2161
ALPHA 1.8304 MaxIteration 5  TIMEOUT 0.000788
  3          4          5          6      0.0008          6           6      0.0000      0.2265
ALPHA 1.7658 MaxIteration 9  TIMEOUT 0.001295
  4          4          5          7      0.0013          6           6      0.0000      0.2364
ALPHA 1.7056 MaxIteration 15  TIMEOUT 0.002132
  5          4          5          6      0.0021          6           6      0.0000      0.2464
ALPHA 1.6493 MaxIteration 25  TIMEOUT 0.004260
  6          4          5          7      0.0043          6           6      0.0000      0.2566
ALPHA 1.5966 MaxIteration 41  TIMEOUT 0.012257
  7          5          5          6      0.0123          6           6      0.0000      0.2861
ALPHA 1.5472 MaxIteration 65  TIMEOUT 0.010340
  8          4          5          6      0.0103          6           6      0.0000      0.3164
ALPHA 1.5008 MaxIteration 100  TIMEOUT 0.012348
  9          4          5          7      0.0123          6           6      0.0000      0.3462
ALPHA 1.4571 MaxIteration 150  TIMEOUT 0.019875
 10          4          5          6      0.0199          6           6      0.0000      0.3861
ALPHA 1.4158 MaxIteration 218  TIMEOUT 0.028345
 11          4          5          7      0.0283          6           6      0.0000      0.4363
ALPHA 1.3768 MaxIteration 308  TIMEOUT 0.039443
 12          4          5          6      0.0394          6           6      0.0000      0.5065
ALPHA 1.3399 MaxIteration 424  TIMEOUT 0.056254
 13          4          5          7      0.0563          6           6      0.0000      0.6162
ALPHA 1.3049 MaxIteration 568  TIMEOUT 0.077448
 14          4          5          6      0.0774          6           6      0.0000      0.7663
ALPHA 1.2718 MaxIteration 741  TIMEOUT 0.100885
 15          4          5          7      0.1009          6           6      0.0000      0.9761
ALPHA 1.2402 MaxIteration 942  TIMEOUT 0.129341
 16          4          5          6      0.1293          6           6      0.0000      1.2263
ALPHA 1.2102 MaxIteration 1168  TIMEOUT 0.158386
 17          4          5          7      0.1584          6           6      0.0000      1.5362
ALPHA 1.1816 MaxIteration 1413  TIMEOUT 0.184518
 18          4          5          6      0.1845          6           6      0.0000      1.9064
ALPHA 1.1543 MaxIteration 1669  TIMEOUT 0.220062
 19          4          5          7      0.2201          6           6      0.0000      2.3563
ALPHA 1.1283 MaxIteration 1926  TIMEOUT 0.255556
 20          4          5          6      0.2556          6           6      0.0000      2.8662
ALPHA 1.1034 MaxIteration 2173  TIMEOUT 0.291294
 21          4          5          7      0.2913          6           6      0.0000      3.4564
ALPHA 1.0795 MaxIteration 2397  TIMEOUT 0.323897
 22          4          5          6      0.3239          6           6      0.0000      4.1062
ALPHA 1.0567 MaxIteration 2587  TIMEOUT 0.345007
 23          4          5          7      0.3450          6           6      0.0000      4.7963
ALPHA 1.0349 MaxIteration 2733  TIMEOUT 0.357116
 24          4          5          6      0.3571          6           6      0.0000      5.5062
ALPHA 1.0349 MaxIteration 2828  TIMEOUT 0.375564
 25          4          5          7      0.3756          6           6      0.0000      6.2562
ALPHA 1.0349 MaxIteration 2926  TIMEOUT 0.383640
 26          4          5          6      0.3836          6           6      0.0000      7.0261
ALPHA 1.0349 MaxIteration 3027  TIMEOUT 0.404104
 27          4          5          7      0.4041          6           6      0.0000      7.8365
ALPHA 1.0349 MaxIteration 3132  TIMEOUT 0.412486
 28          4          5          6      0.4125          6           6      0.0000      8.6663
ALPHA 1.0349 MaxIteration 3241  TIMEOUT 0.434837
 29          4          5          7      0.4348          6           6      0.0000      9.5365
ALPHA 1.0349 MaxIteration 3353  TIMEOUT 0.444007
 30          4          5          6      0.4440          6           6      0.0000     10.4261
ALPHA 1.0349 MaxIteration 3469  TIMEOUT 0.460296
 31          4          5          7      0.4603          6           6      0.0000     11.3561
ALPHA 1.0349 MaxIteration 3589  TIMEOUT 0.482463
 32          4          5          6      0.4825          6           6      0.0000     12.3262
ALPHA 1.0349 MaxIteration 3714  TIMEOUT 0.492586
 33          4          5          7      0.4926          6           6      0.0000     13.3161
ALPHA 1.0349 MaxIteration 3843  TIMEOUT 0.509697
 34          4          5          6      0.5097          6           6      0.0000     14.3265
ALPHA 1.0349 MaxIteration 3976  TIMEOUT 0.526888
 35          4          5          7      0.5269          6           6      0.0000     15.3763
ALPHA 1.0349 MaxIteration 4114  TIMEOUT 0.547841
 36          4          5          6      0.5478          6           6      0.0000     16.4661
ALPHA 1.0349 MaxIteration 4257  TIMEOUT 0.572513
 37          4          5          7      0.5725          6           6      0.0000     17.6165
ALPHA 1.0349 MaxIteration 4405  TIMEOUT 0.578455
 38          4          5          6      0.5785          6           6      0.0000     18.7664
ALPHA 1.0349 MaxIteration 4558  TIMEOUT 0.599415
 39          4          5          7      0.5994          6           6      0.0100     19.9565
ALPHA 1.0349 MaxIteration 4716  TIMEOUT 0.043477
 40          4          5          7      0.0435>>> gen200_p0.9_55.clq |V| 200 |E| 17910  (#LB 0.0000 5 ---> 5  0.2000  6 <--- 6  0.0000 #UB)  #solve_ime 20.0000 read_time 0.0039 
