>>IBM: |V|=250 |E|=2000
>>IBM: The maximum node weight is 682
/public/home/acs4vb4pqv/benchmarks/MWDS2026/T2_wclq/T2_250_2000_3.wclq #seed 1 #alpha 1.900 #timeout 0.100 
#Rd        #LB        #LB*       #UB       #Time        #UB+        #UB*      #Time      #TotalTime
ALPHA 1.9000 MaxIteration 500  TIMEOUT 0.105318
  1       1003       1003       1224      0.1053       1183        1183      0.0100      0.2048
ALPHA 1.9000 MaxIteration 3  TIMEOUT 0.000343
  2        903       1003       1544      0.0003       1189        1183      0.0000      0.2086
ALPHA 1.8304 MaxIteration 5  TIMEOUT 0.001202
  3        954       1003       1378      0.0012       1183        1183      0.0000      0.2186
ALPHA 1.7658 MaxIteration 9  TIMEOUT 0.001844
  4        988       1003       1256      0.0018       1183        1183      0.0000      0.2286
ALPHA 1.7056 MaxIteration 15  TIMEOUT 0.003510
  5        991       1003       1253      0.0035       1189        1183      0.0000      0.2386
ALPHA 1.6493 MaxIteration 25  TIMEOUT 0.004414
  6       1008       1008       1326      0.0044       1191        1183      0.0000      0.2486
ALPHA 1.5966 MaxIteration 41  TIMEOUT 0.005792
  7       1002       1008       1285      0.0058       1191        1183      0.0000      0.2586
ALPHA 1.5472 MaxIteration 65  TIMEOUT 0.006638
  8       1009       1009       1260      0.0066       1199        1183      0.0000      0.2686
ALPHA 1.5008 MaxIteration 100  TIMEOUT 0.011104
  9       1030       1030       1225      0.0111       1189        1183      0.0000      0.2986
ALPHA 1.4571 MaxIteration 150  TIMEOUT 0.031287
 10       1029       1030       1225      0.0313       1183        1183      0.0000      0.3686
ALPHA 1.4158 MaxIteration 218  TIMEOUT 0.028644
 11       1031       1031       1225      0.0286       1189        1183      0.0100      0.4186
ALPHA 1.3768 MaxIteration 308  TIMEOUT 0.032711
 12       1031       1031       1225      0.0327       1183        1183      0.0200      0.4886
ALPHA 1.3399 MaxIteration 424  TIMEOUT 0.050924
 13       1043       1043       1225      0.0509       1189        1183      0.0000      0.5898
ALPHA 1.3049 MaxIteration 568  TIMEOUT 0.143696
 14       1049       1049       1225      0.1437       1183        1183      0.0200      0.8786
ALPHA 1.2718 MaxIteration 741  TIMEOUT 0.116682
 15       1044       1049       1225      0.1167       1183        1183      0.1000      1.1086
ALPHA 1.2402 MaxIteration 942  TIMEOUT 0.087197
 16       1042       1049       1225      0.0872       1189        1183      0.0100      1.2686
ALPHA 1.2102 MaxIteration 1168  TIMEOUT 0.093585
 17       1043       1049       1225      0.0936       1183        1183      0.0100      1.4586
ALPHA 1.1816 MaxIteration 1413  TIMEOUT 0.123960
 18       1043       1049       1225      0.1240       1189        1183      0.0200      1.6986
ALPHA 1.1543 MaxIteration 1669  TIMEOUT 0.142912
 19       1054       1054       1225      0.1429       1183        1183      0.0500      1.9887
ALPHA 1.1283 MaxIteration 1926  TIMEOUT 0.211957
 20       1038       1054       1222      0.2120       1183        1183      0.0700      2.4086
ALPHA 1.1034 MaxIteration 2173  TIMEOUT 0.166244
 21       1043       1054       1222      0.1662       1183        1183      0.0100      2.7386
ALPHA 1.0795 MaxIteration 2397  TIMEOUT 0.182202
 22       1052       1054       1225      0.1822       1183        1183      0.0600      3.0986
ALPHA 1.0567 MaxIteration 2587  TIMEOUT 0.179717
 23       1041       1054       1225      0.1797       1183        1183      0.0100      3.4386
ALPHA 1.0349 MaxIteration 2733  TIMEOUT 0.408005
 24       1054       1054       1225      0.4080       1183        1183      0.0100      4.2386
ALPHA 1.0349 MaxIteration 2828  TIMEOUT 0.210823
 25       1025       1054       1225      0.2108       1183        1183      0.0100      4.6586
ALPHA 1.0349 MaxIteration 2926  TIMEOUT 0.211533
 26       1041       1054       1225      0.2115       1183        1183      0.0100      5.0786
ALPHA 1.0349 MaxIteration 3027  TIMEOUT 0.250715
 27       1038       1054       1225      0.2507       1183        1183      0.0800      5.5786
ALPHA 1.0349 MaxIteration 3132  TIMEOUT 0.287865
 28       1054       1054       1225      0.2879       1183        1183      0.0000      6.1386
ALPHA 1.0349 MaxIteration 3241  TIMEOUT 0.289551
 29       1041       1054       1222      0.2896       1183        1183      0.0100      6.6986
ALPHA 1.0349 MaxIteration 3353  TIMEOUT 0.290493
 30       1041       1054       1225      0.2905       1183        1183      0.0100      7.2786
ALPHA 1.0349 MaxIteration 3469  TIMEOUT 0.550321
 31       1052       1054       1225      0.5503       1183        1183      0.0000      8.3686
ALPHA 1.0349 MaxIteration 3589  TIMEOUT 0.312415
 32       1041       1054       1222      0.3124       1183        1183      0.0100      8.9886
ALPHA 1.0349 MaxIteration 3714  TIMEOUT 0.663113
 33       1052       1054       1225      0.6631       1183        1183      0.0500     10.2986
ALPHA 1.0349 MaxIteration 3843  TIMEOUT 0.411394
 34       1038       1054       1226      0.4114       1183        1183      0.0200     11.1186
ALPHA 1.0349 MaxIteration 3976  TIMEOUT 0.658171
 35       1048       1054       1225      0.6582       1183        1183      0.0200     12.4086
ALPHA 1.0349 MaxIteration 4114  TIMEOUT 0.559343
 36       1038       1054       1222      0.5593       1183        1183      0.0100     13.4986
ALPHA 1.0349 MaxIteration 4257  TIMEOUT 0.378455
 37       1041       1054       1222      0.3785       1183        1183      0.0100     14.2386
ALPHA 1.0349 MaxIteration 4405  TIMEOUT 0.384392
 38       1052       1054       1225      0.3844       1183        1183      0.0300     14.9986
ALPHA 1.0349 MaxIteration 4558  TIMEOUT 0.417489
 39       1047       1054       1225      0.4175       1183        1183      0.0200     15.8086
ALPHA 1.0349 MaxIteration 4716  TIMEOUT 0.485567
 40       1052       1054       1225      0.4856       1183        1183      0.0100     16.7586
ALPHA 1.0349 MaxIteration 4880  TIMEOUT 0.498840
 41       1046       1054       1225      0.4988       1183        1183      0.1800     17.7286
ALPHA 1.0349 MaxIteration 5050  TIMEOUT 0.770881
 42       1052       1054       1222      0.7709       1183        1183      0.0400     19.2486
ALPHA 1.0349 MaxIteration 5226  TIMEOUT 0.698297
 43       1049       1054       1225      0.6983       1183        1183      0.0100     19.9986
ALPHA 1.0349 MaxIteration 5408  TIMEOUT 0.001362
 44       1014       1054       1274      0.0014>>> T2_250_2000_3.wclq |V| 250 |E| 2000  (#LB 0.0508 1003 ---> 1054  0.1224  1183 <--- 1224  0.0335 #UB)  #solve_ime 20.0001 read_time 0.0014 
