>>IBM: |V|=1000 |E|=20000
>>IBM: The maximum node weight is 3050
/public/home/acs4vb4pqv/benchmarks/MWDS2026/T2_wclq/T2_1000_20000_9.wclq #seed 101 #alpha 1.900 #timeout 0.100 
#Rd        #LB        #LB*       #UB       #Time        #UB+        #UB*      #Time      #TotalTime
ALPHA 1.9000 MaxIteration 500  TIMEOUT 1.007681
  1       5343       5343       7683      1.0077       7238        7238      0.0600      2.0055
ALPHA 1.9000 MaxIteration 3  TIMEOUT 0.003439
  2       5215       5343      10072      0.0034       7377        7238      0.0000      2.0155
ALPHA 1.8304 MaxIteration 5  TIMEOUT 0.007239
  3       5172       5343       9757      0.0072       7874        7238      0.0000      2.0255
ALPHA 1.7658 MaxIteration 9  TIMEOUT 0.008408
  4       5224       5343       9450      0.0084       7737        7238      0.0000      2.0355
ALPHA 1.7056 MaxIteration 15  TIMEOUT 0.032999
  5       5371       5371       8979      0.0330       7331        7238      0.0200      2.1055
ALPHA 1.6493 MaxIteration 25  TIMEOUT 0.019790
  6       5410       5410       9058      0.0198       7396        7238      0.0000      2.1455
ALPHA 1.5966 MaxIteration 41  TIMEOUT 0.059074
  7       5577       5577       8874      0.0591       7238        7238      0.0300      2.2555
ALPHA 1.5472 MaxIteration 65  TIMEOUT 0.100434
  8       5601       5601       8623      0.1004       7238        7238      0.0400      2.4655
ALPHA 1.5008 MaxIteration 100  TIMEOUT 0.189893
  9       5785       5785       8773      0.1899       7238        7238      0.0000      2.8455
ALPHA 1.4571 MaxIteration 150  TIMEOUT 0.194744
 10       5698       5785       8648      0.1947       7238        7238      0.0400      3.2355
ALPHA 1.4158 MaxIteration 218  TIMEOUT 0.299446
 11       5820       5820       8500      0.2994       7238        7238      0.0700      3.8155
ALPHA 1.3768 MaxIteration 308  TIMEOUT 0.376335
 12       5841       5841       8166      0.3763       7238        7238      0.0400      4.5655
ALPHA 1.3399 MaxIteration 424  TIMEOUT 0.432876
 13       5820       5841       8647      0.4329       7238        7238      0.0100      5.4355
ALPHA 1.3049 MaxIteration 568  TIMEOUT 1.509578
 14       5907       5907       8317      1.5096       7238        7238      0.0100      8.4455
ALPHA 1.2718 MaxIteration 741  TIMEOUT 1.029712
 15       5872       5907       8511      1.0297       7238        7238      0.1600     10.5055
ALPHA 1.2402 MaxIteration 942  TIMEOUT 1.405170
 16       5895       5907       7969      1.4052       7238        7238      0.0100     13.3055
ALPHA 1.2102 MaxIteration 1168  TIMEOUT 2.167764
 17       5837       5907       8442      2.1678       7177        7177      0.7300     17.6155
ALPHA 1.1816 MaxIteration 1413  TIMEOUT 1.183980
 18       5890       5907       8291      1.1840       7177        7177      0.0200     19.9855
ALPHA 1.1543 MaxIteration 1669  TIMEOUT 0.014993
 19       5570       5907       9105      0.0150>>> T2_1000_20000_9.wclq |V| 1000 |E| 20000  (#LB 0.1056 5343 ---> 5907  0.2150  7177 <--- 7683  0.0659 #UB)  #solve_ime 20.0005 read_time 0.0045 
