>>IBM: |V|=150 |E|=2000
>>IBM: The maximum node weight is 1235
/public/home/acs4vb4pqv/benchmarks/MWDS2026/T2_wclq/T2_150_2000_1.wclq #seed 102 #alpha 1.900 #timeout 0.100 
#Rd        #LB        #LB*       #UB       #Time        #UB+        #UB*      #Time      #TotalTime
ALPHA 1.9000 MaxIteration 500  TIMEOUT 0.042385
  1        503        503        598      0.0424        598         598      0.0000      0.0886
ALPHA 1.9000 MaxIteration 3  TIMEOUT 0.000534
  2        492        503        637      0.0005        598         598      0.0000      0.0986
ALPHA 1.8304 MaxIteration 5  TIMEOUT 0.000981
  3        492        503        615      0.0010        598         598      0.0000      0.1086
ALPHA 1.7658 MaxIteration 9  TIMEOUT 0.001490
  4        498        503        635      0.0015        598         598      0.0000      0.1186
ALPHA 1.7056 MaxIteration 15  TIMEOUT 0.002167
  5        497        503        656      0.0022        598         598      0.0000      0.1286
ALPHA 1.6493 MaxIteration 25  TIMEOUT 0.004556
  6        501        503        615      0.0046        598         598      0.0000      0.1386
ALPHA 1.5966 MaxIteration 41  TIMEOUT 0.007085
  7        502        503        601      0.0071        598         598      0.0000      0.1486
ALPHA 1.5472 MaxIteration 65  TIMEOUT 0.005849
  8        501        503        601      0.0058        598         598      0.0000      0.1586
ALPHA 1.5008 MaxIteration 100  TIMEOUT 0.012650
  9        503        503        601      0.0126        598         598      0.0000      0.1886
ALPHA 1.4571 MaxIteration 150  TIMEOUT 0.018277
 10        502        503        601      0.0183        598         598      0.0100      0.2186
ALPHA 1.4158 MaxIteration 218  TIMEOUT 0.018352
 11        501        503        601      0.0184        598         598      0.0100      0.2486
ALPHA 1.3768 MaxIteration 308  TIMEOUT 0.021691
 12        502        503        601      0.0217        598         598      0.0000      0.2986
ALPHA 1.3399 MaxIteration 424  TIMEOUT 0.030532
 13        501        503        601      0.0305        598         598      0.0000      0.3686
ALPHA 1.3049 MaxIteration 568  TIMEOUT 0.038403
 14        501        503        601      0.0384        598         598      0.0100      0.4386
ALPHA 1.2718 MaxIteration 741  TIMEOUT 0.052187
 15        501        503        601      0.0522        598         598      0.0000      0.5486
ALPHA 1.2402 MaxIteration 942  TIMEOUT 0.062854
 16        501        503        601      0.0629        598         598      0.0000      0.6786
ALPHA 1.2102 MaxIteration 1168  TIMEOUT 0.076117
 17        501        503        601      0.0761        598         598      0.0000      0.8286
ALPHA 1.1816 MaxIteration 1413  TIMEOUT 0.147177
 18        503        503        601      0.1472        598         598      0.0000      1.1186
ALPHA 1.1543 MaxIteration 1669  TIMEOUT 0.108242
 19        501        503        601      0.1082        598         598      0.0100      1.3286
ALPHA 1.1283 MaxIteration 1926  TIMEOUT 0.125534
 20        501        503        601      0.1255        598         598      0.0000      1.5786
ALPHA 1.1034 MaxIteration 2173  TIMEOUT 0.204317
 21        507        507        601      0.2043        598         598      0.0000      1.9886
ALPHA 1.0795 MaxIteration 2397  TIMEOUT 0.217401
 22        507        507        601      0.2174        598         598      0.0100      2.4186
ALPHA 1.0567 MaxIteration 2587  TIMEOUT 0.240125
 23        503        507        601      0.2401        598         598      0.0000      2.8986
ALPHA 1.0349 MaxIteration 2733  TIMEOUT 0.161788
 24        501        507        601      0.1618        598         598      0.0000      3.2286
ALPHA 1.0349 MaxIteration 2828  TIMEOUT 0.170664
 25        501        507        601      0.1707        598         598      0.0000      3.5686
ALPHA 1.0349 MaxIteration 2926  TIMEOUT 0.177667
 26        501        507        601      0.1777        598         598      0.0100      3.9186
ALPHA 1.0349 MaxIteration 3027  TIMEOUT 0.181973
 27        501        507        601      0.1820        598         598      0.0000      4.2886
ALPHA 1.0349 MaxIteration 3132  TIMEOUT 0.189795
 28        501        507        601      0.1898        598         598      0.0100      4.6586
ALPHA 1.0349 MaxIteration 3241  TIMEOUT 0.194776
 29        501        507        601      0.1948        598         598      0.0000      5.0486
ALPHA 1.0349 MaxIteration 3353  TIMEOUT 0.206234
 30        501        507        601      0.2062        598         598      0.0000      5.4486
ALPHA 1.0349 MaxIteration 3469  TIMEOUT 0.208085
 31        501        507        601      0.2081        598         598      0.0100      5.8486
ALPHA 1.0349 MaxIteration 3589  TIMEOUT 0.217509
 32        501        507        601      0.2175        598         598      0.0100      6.2786
ALPHA 1.0349 MaxIteration 3714  TIMEOUT 0.222516
 33        501        507        601      0.2225        598         598      0.0000      6.7186
ALPHA 1.0349 MaxIteration 3843  TIMEOUT 0.374029
 34        507        507        601      0.3740        598         598      0.0000      7.4686
ALPHA 1.0349 MaxIteration 3976  TIMEOUT 0.382239
 35        507        507        601      0.3822        598         598      0.0000      8.2286
ALPHA 1.0349 MaxIteration 4114  TIMEOUT 0.379806
 36        507        507        601      0.3798        598         598      0.0100      8.9786
ALPHA 1.0349 MaxIteration 4257  TIMEOUT 0.367468
 37        507        507        601      0.3675        598         598      0.0000      9.6986
ALPHA 1.0349 MaxIteration 4405  TIMEOUT 0.376759
 38        507        507        601      0.3768        598         598      0.0000     10.4386
ALPHA 1.0349 MaxIteration 4558  TIMEOUT 0.380883
 39        507        507        601      0.3809        598         598      0.0000     11.1986
ALPHA 1.0349 MaxIteration 4716  TIMEOUT 0.395164
 40        507        507        601      0.3952        598         598      0.0000     11.9786
ALPHA 1.0349 MaxIteration 4880  TIMEOUT 0.403064
 41        507        507        601      0.4031        598         598      0.0000     12.7786
ALPHA 1.0349 MaxIteration 5050  TIMEOUT 0.404382
 42        507        507        601      0.4044        598         598      0.0000     13.5786
ALPHA 1.0349 MaxIteration 5226  TIMEOUT 0.421922
 43        507        507        601      0.4219        598         598      0.0000     14.4286
ALPHA 1.0349 MaxIteration 5408  TIMEOUT 0.433230
 44        507        507        601      0.4332        598         598      0.0000     15.2986
ALPHA 1.0349 MaxIteration 5596  TIMEOUT 0.448760
 45        507        507        601      0.4488        598         598      0.0100     16.1786
ALPHA 1.0349 MaxIteration 5791  TIMEOUT 0.458739
 46        507        507        601      0.4587        598         598      0.0100     17.0786
ALPHA 1.0349 MaxIteration 5992  TIMEOUT 0.459388
 47        507        507        601      0.4594        598         598      0.0100     17.9886
ALPHA 1.0349 MaxIteration 6200  TIMEOUT 0.655863
 48        507        507        601      0.6559        598         598      0.0000     19.2886
ALPHA 1.0349 MaxIteration 6416  TIMEOUT 0.368144
 49        503        507        601      0.3681        598         598      0.0100     19.9986
ALPHA 1.0349 MaxIteration 6639  TIMEOUT 0.001386
 50        501        507        601      0.0014>>> T2_150_2000_1.wclq |V| 150 |E| 2000  (#LB 0.0080 503 ---> 507  0.1795  598 <--- 598  0.0000 #UB)  #solve_ime 20.0000 read_time 0.0014 
