>>IBM: |V|=250 |E|=2000
>>IBM: The maximum node weight is 682
/public/home/acs4vb4pqv/benchmarks/MWDS2026/T2_wclq/T2_250_2000_3.wclq #seed 2 #alpha 1.900 #timeout 0.100 
#Rd        #LB        #LB*       #UB       #Time        #UB+        #UB*      #Time      #TotalTime
ALPHA 1.9000 MaxIteration 500  TIMEOUT 0.117415
  1       1003       1003       1224      0.1174       1183        1183      0.0500      0.2300
ALPHA 1.9000 MaxIteration 3  TIMEOUT 0.000439
  2        903       1003       1544      0.0004       1189        1183      0.0000      0.2400
ALPHA 1.8304 MaxIteration 5  TIMEOUT 0.001229
  3        954       1003       1378      0.0012       1199        1183      0.0000      0.2500
ALPHA 1.7658 MaxIteration 9  TIMEOUT 0.001572
  4        963       1003       1374      0.0016       1191        1183      0.0000      0.2600
ALPHA 1.7056 MaxIteration 15  TIMEOUT 0.003438
  5        976       1003       1335      0.0034       1189        1183      0.0000      0.2700
ALPHA 1.6493 MaxIteration 25  TIMEOUT 0.005747
  6       1010       1010       1276      0.0057       1230        1183      0.0000      0.2800
ALPHA 1.5966 MaxIteration 41  TIMEOUT 0.010316
  7       1023       1023       1225      0.0103       1189        1183      0.0000      0.3100
ALPHA 1.5472 MaxIteration 65  TIMEOUT 0.008341
  8       1015       1023       1275      0.0083       1206        1183      0.0000      0.3190
ALPHA 1.5008 MaxIteration 100  TIMEOUT 0.021250
  9       1023       1023       1225      0.0212       1183        1183      0.0000      0.3700
ALPHA 1.4571 MaxIteration 150  TIMEOUT 0.033311
 10       1043       1043       1225      0.0333       1189        1183      0.0100      0.4400
ALPHA 1.4158 MaxIteration 218  TIMEOUT 0.032982
 11       1044       1044       1225      0.0330       1189        1183      0.0100      0.5100
ALPHA 1.3768 MaxIteration 308  TIMEOUT 0.033967
 12       1023       1044       1225      0.0340       1183        1183      0.0300      0.5800
ALPHA 1.3399 MaxIteration 424  TIMEOUT 0.063736
 13       1043       1044       1225      0.0637       1183        1183      0.0100      0.7100
ALPHA 1.3049 MaxIteration 568  TIMEOUT 0.069765
 14       1054       1054       1223      0.0698       1183        1183      0.0200      0.8400
ALPHA 1.2718 MaxIteration 741  TIMEOUT 0.100518
 15       1044       1054       1225      0.1005       1183        1183      0.0300      1.0400
ALPHA 1.2402 MaxIteration 942  TIMEOUT 0.091621
 16       1044       1054       1225      0.0916       1189        1183      0.0000      1.2300
ALPHA 1.2102 MaxIteration 1168  TIMEOUT 0.103142
 17       1040       1054       1225      0.1031       1183        1183      0.0200      1.4400
ALPHA 1.1816 MaxIteration 1413  TIMEOUT 0.138883
 18       1045       1054       1223      0.1389       1183        1183      0.0100      1.7000
ALPHA 1.1543 MaxIteration 1669  TIMEOUT 0.166887
 19       1043       1054       1225      0.1669       1183        1183      0.0900      2.0300
ALPHA 1.1283 MaxIteration 1926  TIMEOUT 0.233262
 20       1041       1054       1225      0.2333       1183        1183      0.0300      2.5000
ALPHA 1.1034 MaxIteration 2173  TIMEOUT 0.205968
 21       1042       1054       1219      0.2060       1183        1183      0.0300      2.9000
ALPHA 1.0795 MaxIteration 2397  TIMEOUT 0.271348
 22       1038       1054       1222      0.2713       1183        1183      0.0600      3.4400
ALPHA 1.0567 MaxIteration 2587  TIMEOUT 0.304322
 23       1038       1054       1225      0.3043       1183        1183      0.0100      4.0400
ALPHA 1.0349 MaxIteration 2733  TIMEOUT 0.238280
 24       1050       1054       1225      0.2383       1183        1183      0.1400      4.5000
ALPHA 1.0349 MaxIteration 2828  TIMEOUT 0.258136
 25       1043       1054       1219      0.2581       1183        1183      0.0200      5.0100
ALPHA 1.0349 MaxIteration 2926  TIMEOUT 0.430970
 26       1040       1054       1222      0.4310       1183        1183      0.0000      5.8700
ALPHA 1.0349 MaxIteration 3027  TIMEOUT 0.513846
 27       1040       1054       1223      0.5138       1183        1183      0.2200      6.8700
ALPHA 1.0349 MaxIteration 3132  TIMEOUT 0.343671
 28       1038       1054       1222      0.3437       1183        1183      0.0200      7.5400
ALPHA 1.0349 MaxIteration 3241  TIMEOUT 0.400293
 29       1038       1054       1225      0.4003       1183        1183      0.0500      8.3400
ALPHA 1.0349 MaxIteration 3353  TIMEOUT 0.407045
 30       1042       1054       1225      0.4070       1183        1183      0.0100      9.1300
ALPHA 1.0349 MaxIteration 3469  TIMEOUT 0.306162
 31       1042       1054       1225      0.3062       1183        1183      0.0700      9.7400
ALPHA 1.0349 MaxIteration 3589  TIMEOUT 0.312604
 32       1043       1054       1225      0.3126       1183        1183      0.0400     10.3600
ALPHA 1.0349 MaxIteration 3714  TIMEOUT 0.405667
 33       1039       1054       1225      0.4057       1183        1183      0.0100     11.1600
ALPHA 1.0349 MaxIteration 3843  TIMEOUT 0.344541
 34       1054       1054       1222      0.3445       1183        1183      0.0600     11.8400
ALPHA 1.0349 MaxIteration 3976  TIMEOUT 0.754248
 35       1038       1054       1225      0.7542       1183        1183      0.6200     13.3200
ALPHA 1.0349 MaxIteration 4114  TIMEOUT 0.589072
 36       1038       1054       1222      0.5891       1183        1183      0.0200     14.4700
ALPHA 1.0349 MaxIteration 4257  TIMEOUT 0.476384
 37       1044       1054       1225      0.4764       1183        1183      0.0100     15.4000
ALPHA 1.0349 MaxIteration 4405  TIMEOUT 0.499249
 38       1043       1054       1222      0.4992       1183        1183      0.0800     16.3800
ALPHA 1.0349 MaxIteration 4558  TIMEOUT 0.510678
 39       1044       1054       1225      0.5107       1183        1183      0.0100     17.3900
ALPHA 1.0349 MaxIteration 4716  TIMEOUT 1.063141
 40       1052       1054       1219      1.0631       1183        1183      0.0000     19.4800
ALPHA 1.0349 MaxIteration 4880  TIMEOUT 0.414675
 41       1041       1054       1225      0.4147       1183        1183      0.0000     20.0000
>>> T2_250_2000_3.wclq |V| 250 |E| 2000  (#LB 0.0508 1003 ---> 1054  0.1224  1183 <--- 1224  0.0335 #UB)  #solve_ime 20.0000 read_time 0.0000 
