>>IBM: |V|=100 |E|=100
>>IBM: The maximum node weight is 49
/public/home/acs4vb4pqv/benchmarks/MWDS2026/T1_wclq/T1_100_100_2.wclq #seed 2 #alpha 1.900 #timeout 0.100 
#Rd        #LB        #LB*       #UB       #Time        #UB+        #UB*      #Time      #TotalTime
ALPHA 1.9000 MaxIteration 500  TIMEOUT 0.010228
  1       1022       1022       1059      0.0102       1039        1039      0.0000      0.0290
ALPHA 1.9000 MaxIteration 3  TIMEOUT 0.000150
  2        977       1022       1107      0.0001       1039        1039      0.0000      0.0390
ALPHA 1.8304 MaxIteration 5  TIMEOUT 0.000249
  3        990       1022       1098      0.0002       1039        1039      0.0000      0.0434
ALPHA 1.7658 MaxIteration 9  TIMEOUT 0.000054
  4       1008       1022       1098      0.0001       1039        1039      0.0000      0.0490
ALPHA 1.7056 MaxIteration 15  TIMEOUT 0.000426
  5       1008       1022       1098      0.0004       1039        1039      0.0000      0.0590
ALPHA 1.6493 MaxIteration 25  TIMEOUT 0.000588
  6       1008       1022       1089      0.0006       1039        1039      0.0000      0.0690
ALPHA 1.5966 MaxIteration 41  TIMEOUT 0.000869
  7       1008       1022       1089      0.0009       1039        1039      0.0000      0.0790
ALPHA 1.5472 MaxIteration 65  TIMEOUT 0.000441
  8       1008       1022       1081      0.0004       1039        1039      0.0000      0.0875
ALPHA 1.5008 MaxIteration 100  TIMEOUT 0.000991
  9       1008       1022       1081      0.0010       1054        1039      0.0000      0.0890
ALPHA 1.4571 MaxIteration 150  TIMEOUT 0.003204
 10       1017       1022       1062      0.0032       1039        1039      0.0000      0.0990
ALPHA 1.4158 MaxIteration 218  TIMEOUT 0.003298
 11       1014       1022       1066      0.0033       1039        1039      0.0000      0.1090
ALPHA 1.3768 MaxIteration 308  TIMEOUT 0.004555
 12       1017       1022       1062      0.0046       1039        1039      0.0000      0.1190
ALPHA 1.3399 MaxIteration 424  TIMEOUT 0.005026
 13       1014       1022       1066      0.0050       1039        1039      0.0000      0.1290
ALPHA 1.3049 MaxIteration 568  TIMEOUT 0.006814
 14       1025       1025       1062      0.0068       1039        1039      0.0000      0.1390
ALPHA 1.2718 MaxIteration 741  TIMEOUT 0.027568
 15       1035       1035       1059      0.0276       1039        1039      0.0000      0.1806
ALPHA 1.2402 MaxIteration 942  TIMEOUT 0.019631
 16       1033       1035       1060      0.0196       1039        1039      0.0000      0.2190
ALPHA 1.2102 MaxIteration 1168  TIMEOUT 0.022358
 17       1033       1035       1045      0.0224       1039        1039      0.0000      0.2636
ALPHA 1.1816 MaxIteration 1413  TIMEOUT 0.027708
 18       1027       1035       1060      0.0277       1039        1039      0.0000      0.3190
ALPHA 1.1543 MaxIteration 1669  TIMEOUT 0.049981
 19       1035       1035       1060      0.0500       1039        1039      0.0100      0.3990
ALPHA 1.1283 MaxIteration 1926  TIMEOUT 0.045385
 20       1035       1035       1059      0.0454       1039        1039      0.0000      0.4790
ALPHA 1.1034 MaxIteration 2173  TIMEOUT 0.045477
 21       1035       1035       1059      0.0455       1039        1039      0.0000      0.5590
ALPHA 1.0795 MaxIteration 2397  TIMEOUT 0.050491
 22       1035       1035       1059      0.0505       1039        1039      0.0000      0.6590
ALPHA 1.0567 MaxIteration 2587  TIMEOUT 0.053572
 23       1035       1035       1059      0.0536       1039        1039      0.0000      0.7597
ALPHA 1.0349 MaxIteration 2733  TIMEOUT 0.044068
 24       1035       1035       1059      0.0441       1039        1039      0.0000      0.8490
ALPHA 1.0349 MaxIteration 2828  TIMEOUT 0.051301
 25       1035       1035       1059      0.0513       1039        1039      0.0000      0.9490
ALPHA 1.0349 MaxIteration 2926  TIMEOUT 0.050761
 26       1033       1035       1060      0.0508       1039        1039      0.0000      1.0490
ALPHA 1.0349 MaxIteration 3027  TIMEOUT 0.051329
 27       1035       1035       1059      0.0513       1039        1039      0.0000      1.1490
ALPHA 1.0349 MaxIteration 3132  TIMEOUT 0.044132
 28       1030       1035       1059      0.0441       1039        1039      0.0000      1.2390
ALPHA 1.0349 MaxIteration 3241  TIMEOUT 0.046257
 29       1027       1035       1059      0.0463       1039        1039      0.0000      1.3190
ALPHA 1.0349 MaxIteration 3353  TIMEOUT 0.059816
 30       1035       1035       1059      0.0598       1039        1039      0.0100      1.4190
ALPHA 1.0349 MaxIteration 3469  TIMEOUT 0.059951
 31       1035       1035       1059      0.0600       1039        1039      0.0100      1.5190
ALPHA 1.0349 MaxIteration 3589  TIMEOUT 0.061422
 32       1035       1035       1059      0.0614       1039        1039      0.0000      1.6390
ALPHA 1.0349 MaxIteration 3714  TIMEOUT 0.060263
 33       1035       1035       1059      0.0603       1039        1039      0.0000      1.7590
ALPHA 1.0349 MaxIteration 3843  TIMEOUT 0.062175
 34       1035       1035       1059      0.0622       1039        1039      0.0000      1.8764
ALPHA 1.0349 MaxIteration 3976  TIMEOUT 0.052136
 35       1035       1035       1045      0.0521       1039        1039      0.0100      1.9790
ALPHA 1.0349 MaxIteration 4114  TIMEOUT 0.071658
 36       1035       1035       1059      0.0717       1039        1039      0.0000      2.1190
ALPHA 1.0349 MaxIteration 4257  TIMEOUT 0.070716
 37       1035       1035       1059      0.0707       1039        1039      0.0000      2.2490
ALPHA 1.0349 MaxIteration 4405  TIMEOUT 0.069953
 38       1035       1035       1059      0.0700       1039        1039      0.0100      2.3690
ALPHA 1.0349 MaxIteration 4558  TIMEOUT 0.087405
 39       1035       1035       1059      0.0874       1039        1039      0.0000      2.5290
ALPHA 1.0349 MaxIteration 4716  TIMEOUT 0.061134
 40       1033       1035       1059      0.0611       1039        1039      0.0000      2.6490
ALPHA 1.0349 MaxIteration 4880  TIMEOUT 0.067697
 41       1035       1035       1045      0.0677       1039        1039      0.0000      2.7690
ALPHA 1.0349 MaxIteration 5050  TIMEOUT 0.068874
 42       1035       1035       1059      0.0689       1039        1039      0.0100      2.8890
ALPHA 1.0349 MaxIteration 5226  TIMEOUT 0.060573
 43       1035       1035       1045      0.0606       1039        1039      0.0000      3.0154
ALPHA 1.0349 MaxIteration 5408  TIMEOUT 0.071133
 44       1033       1035       1060      0.0711       1039        1039      0.0000      3.1490
ALPHA 1.0349 MaxIteration 5596  TIMEOUT 0.071061
 45       1035       1035       1059      0.0711       1039        1039      0.0000      3.2833
ALPHA 1.0349 MaxIteration 5791  TIMEOUT 0.080159
 46       1035       1035       1059      0.0802       1039        1039      0.0000      3.4390
ALPHA 1.0349 MaxIteration 5992  TIMEOUT 0.083120
 47       1035       1035       1059      0.0831       1039        1039      0.0000      3.5990
ALPHA 1.0349 MaxIteration 6200  TIMEOUT 0.141371
 48       1035       1035       1052      0.1414       1039        1039      0.0000      3.8790
ALPHA 1.0349 MaxIteration 6416  TIMEOUT 0.088966
 49       1035       1035       1058      0.0890       1039        1039      0.0100      4.0390
ALPHA 1.0349 MaxIteration 6639  TIMEOUT 0.090867
 50       1035       1035       1058      0.0909       1039        1039      0.0000      4.2090
ALPHA 1.0349 MaxIteration 6870  TIMEOUT 0.150144
 51       1035       1035       1058      0.1501       1039        1039      0.0000      4.4890
ALPHA 1.0349 MaxIteration 7109  TIMEOUT 0.100175
 52       1035       1035       1058      0.1002       1039        1039      0.0000      4.6890
ALPHA 1.0349 MaxIteration 7356  TIMEOUT 0.101934
 53       1035       1035       1058      0.1019       1039        1039      0.0000      4.8790
ALPHA 1.0349 MaxIteration 7612  TIMEOUT 0.159037
 54       1036       1036       1052      0.1590       1039        1039      0.0100      5.1590
ALPHA 1.0349 MaxIteration 7877  TIMEOUT 0.174165
 55       1036       1036       1045      0.1742       1039        1039      0.0000      5.4790
ALPHA 1.0349 MaxIteration 8151  TIMEOUT 0.162722
 56       1036       1036       1058      0.1627       1039        1039      0.0000      5.7790
ALPHA 1.0349 MaxIteration 8435  TIMEOUT 0.171993
 57       1036       1036       1058      0.1720       1039        1039      0.0000      6.0990
ALPHA 1.0349 MaxIteration 8729  TIMEOUT 0.174708
 58       1036       1036       1058      0.1747       1039        1039      0.0000      6.4190
ALPHA 1.0349 MaxIteration 9033  TIMEOUT 0.178651
 59       1036       1036       1058      0.1787       1039        1039      0.0100      6.7390
ALPHA 1.0349 MaxIteration 9347  TIMEOUT 0.182441
 60       1036       1036       1058      0.1824       1039        1039      0.0000      7.0889
ALPHA 1.0349 MaxIteration 9672  TIMEOUT 0.187590
 61       1036       1036       1045      0.1876       1039        1039      0.0000      7.4290
ALPHA 1.0349 MaxIteration 10009  TIMEOUT 0.190420
 62       1036       1036       1058      0.1904       1039        1039      0.0000      7.7890
ALPHA 1.0349 MaxIteration 10357  TIMEOUT 0.136577
 63       1035       1036       1058      0.1366       1039        1039      0.0000      8.0338
ALPHA 1.0349 MaxIteration 10718  TIMEOUT 0.181876
 64       1035       1036       1045      0.1819       1039        1039      0.0000      8.3768
ALPHA 1.0349 MaxIteration 11091  TIMEOUT 0.211835
 65       1036       1036       1058      0.2118       1039        1039      0.0100      8.7790
ALPHA 1.0349 MaxIteration 11477  TIMEOUT 0.193700
 66       1036       1036       1059      0.1937       1039        1039      0.0000      9.1290
ALPHA 1.0349 MaxIteration 11877  TIMEOUT 0.148682
 67       1035       1036       1059      0.1487       1039        1039      0.0100      9.3990
ALPHA 1.0349 MaxIteration 12291  TIMEOUT 0.220556
 68       1036       1036       1058      0.2206       1039        1039      0.0000      9.8090
ALPHA 1.0349 MaxIteration 12719  TIMEOUT 0.215474
 69       1036       1036       1058      0.2155       1039        1039      0.0000     10.2090
ALPHA 1.0349 MaxIteration 13162  TIMEOUT 0.214435
 70       1036       1036       1058      0.2144       1039        1039      0.0000     10.6090
ALPHA 1.0349 MaxIteration 13620  TIMEOUT 0.155257
 71       1035       1036       1058      0.1553       1039        1039      0.0000     10.8990
ALPHA 1.0349 MaxIteration 14094  TIMEOUT 0.164534
 72       1035       1036       1058      0.1645       1039        1039      0.0000     11.2105
ALPHA 1.0349 MaxIteration 14585  TIMEOUT 0.243500
 73       1036       1036       1058      0.2435       1039        1039      0.0000     11.6590
ALPHA 1.0349 MaxIteration 15093  TIMEOUT 0.256491
 74       1036       1036       1045      0.2565       1039        1039      0.0000     12.1290
ALPHA 1.0349 MaxIteration 15619  TIMEOUT 0.186604
 75       1035       1036       1058      0.1866       1039        1039      0.0000     12.4790
ALPHA 1.0349 MaxIteration 16163  TIMEOUT 0.185182
 76       1035       1036       1058      0.1852       1039        1039      0.0000     12.8290
ALPHA 1.0349 MaxIteration 16726  TIMEOUT 0.259280
 77       1036       1036       1052      0.2593       1039        1039      0.0100     13.2990
ALPHA 1.0349 MaxIteration 17309  TIMEOUT 0.252386
 78       1036       1036       1055      0.2524       1039        1039      0.0000     13.7790
ALPHA 1.0349 MaxIteration 17912  TIMEOUT 0.260782
 79       1036       1036       1058      0.2608       1039        1039      0.0000     14.2690
ALPHA 1.0349 MaxIteration 18536  TIMEOUT 0.272624
 80       1036       1036       1045      0.2726       1039        1039      0.0000     14.7821
ALPHA 1.0349 MaxIteration 19182  TIMEOUT 0.282503
 81       1036       1036       1058      0.2825       1039        1039      0.0000     15.2990
ALPHA 1.0349 MaxIteration 19850  TIMEOUT 0.238883
 82       1035       1036       1059      0.2389       1039        1039      0.0000     15.7390
ALPHA 1.0349 MaxIteration 20541  TIMEOUT 0.288048
 83       1036       1036       1058      0.2880       1039        1039      0.0000     16.2690
ALPHA 1.0349 MaxIteration 21257  TIMEOUT 0.354459
 84       1036       1036       1045      0.3545       1039        1039      0.0000     16.9248
ALPHA 1.0349 MaxIteration 21997  TIMEOUT 0.335688
 85       1036       1036       1045      0.3357       1039        1039      0.0000     17.5390
ALPHA 1.0349 MaxIteration 22763  TIMEOUT 0.249630
 86       1035       1036       1058      0.2496       1039        1039      0.0100     17.9890
ALPHA 1.0349 MaxIteration 23556  TIMEOUT 0.320431
 87       1036       1036       1058      0.3204       1039        1039      0.0000     18.5890
ALPHA 1.0349 MaxIteration 24377  TIMEOUT 0.336877
 88       1036       1036       1058      0.3369       1039        1039      0.0000     19.2032
ALPHA 1.0349 MaxIteration 25226  TIMEOUT 0.363264
 89       1036       1036       1058      0.3633       1039        1039      0.0000     19.8690
ALPHA 1.0349 MaxIteration 26105  TIMEOUT 0.130996
 90       1036       1036       1058      0.1310>>> T1_100_100_2.wclq |V| 100 |E| 100  (#LB 0.0137 1022 ---> 1036  0.0029  1039 <--- 1059  0.0189 #UB)  #solve_ime 20.0000 read_time 0.0010 
