>>IBM: |V|=1000 |E|=20000
>>IBM: The maximum node weight is 3050
/public/home/acs4vb4pqv/benchmarks/MWDS2026/T2_wclq/T2_1000_20000_9.wclq #seed 1 #alpha 1.900 #timeout 0.100 
#Rd        #LB        #LB*       #UB       #Time        #UB+        #UB*      #Time      #TotalTime
ALPHA 1.9000 MaxIteration 500  TIMEOUT 1.002327
  1       5343       5343       7683      1.0023       7177        7177      0.2700      2.0026
ALPHA 1.9000 MaxIteration 3  TIMEOUT 0.003809
  2       5288       5343       9558      0.0038       7442        7177      0.0000      2.0126
ALPHA 1.8304 MaxIteration 5  TIMEOUT 0.005615
  3       5262       5343       9623      0.0056       7563        7177      0.0000      2.0226
ALPHA 1.7658 MaxIteration 9  TIMEOUT 0.012843
  4       5341       5343       8921      0.0128       7428        7177      0.0100      2.0526
ALPHA 1.7056 MaxIteration 15  TIMEOUT 0.021186
  5       5404       5404       8679      0.0212       7238        7177      0.0200      2.1026
ALPHA 1.6493 MaxIteration 25  TIMEOUT 0.067094
  6       5748       5748       9099      0.0671       7238        7177      0.0100      2.2326
ALPHA 1.5966 MaxIteration 41  TIMEOUT 0.049848
  7       5631       5748       8714      0.0498       7238        7177      0.0300      2.3326
ALPHA 1.5472 MaxIteration 65  TIMEOUT 0.084640
  8       5715       5748       8959      0.0846       7278        7177      0.0100      2.5026
ALPHA 1.5008 MaxIteration 100  TIMEOUT 0.240850
  9       5803       5803       8843      0.2408       7238        7177      0.0300      2.9926
ALPHA 1.4571 MaxIteration 150  TIMEOUT 0.415102
 10       5907       5907       8712      0.4151       7238        7177      0.0300      3.8126
ALPHA 1.4158 MaxIteration 218  TIMEOUT 0.434979
 11       5807       5907       8811      0.4350       7177        7177      0.1800      4.6826
ALPHA 1.3768 MaxIteration 308  TIMEOUT 0.498547
 12       5915       5915       8775      0.4985       7177        7177      0.2600      5.6726
ALPHA 1.3399 MaxIteration 424  TIMEOUT 0.668475
 13       5923       5923       8576      0.6685       7177        7177      0.0100      7.0026
ALPHA 1.3049 MaxIteration 568  TIMEOUT 1.018331
 14       5894       5923       8870      1.0183       7238        7177      0.0200      9.0126
ALPHA 1.2718 MaxIteration 741  TIMEOUT 1.323759
 15       5911       5923       8637      1.3238       7238        7177      0.1700     11.6526
ALPHA 1.2402 MaxIteration 942  TIMEOUT 2.819394
 16       5932       5932       8335      2.8194       7238        7177      0.0500     17.2726
ALPHA 1.2102 MaxIteration 1168  TIMEOUT 0.997926
 17       5928       5932       8335      0.9979       7238        7177      0.0400     19.2626
ALPHA 1.1816 MaxIteration 1413  TIMEOUT 0.737831
 18       5927       5932       8335      0.7378>>> T2_1000_20000_9.wclq |V| 1000 |E| 20000  (#LB 0.1102 5343 ---> 5932  0.2099  7177 <--- 7683  0.0659 #UB)  #solve_ime 20.0005 read_time 0.0074 
