>>IBM: |V|=200 |E|=17910
>>IBM: The maximum node weight is 200
/public/home/acs4vb4pqv/benchmarks/MWDS2026/dimacs/gen200_p0.9_55.clq #seed 102 #alpha 1.900 #timeout 0.100 
#Rd        #LB        #LB*       #UB       #Time        #UB+        #UB*      #Time      #TotalTime
ALPHA 1.9000 MaxIteration 500  TIMEOUT 0.101454
  1          5          5          6      0.1015          6           6      0.0000      0.2052
ALPHA 1.9000 MaxIteration 3  TIMEOUT 0.000596
  2          4          5          6      0.0006          6           6      0.0000      0.2149
ALPHA 1.8304 MaxIteration 5  TIMEOUT 0.000920
  3          4          5          6      0.0009          6           6      0.0000      0.2249
ALPHA 1.7658 MaxIteration 9  TIMEOUT 0.001252
  4          4          5          7      0.0013          6           6      0.0000      0.2349
ALPHA 1.7056 MaxIteration 15  TIMEOUT 0.002178
  5          4          5          6      0.0022          6           6      0.0000      0.2449
ALPHA 1.6493 MaxIteration 25  TIMEOUT 0.004039
  6          4          5          7      0.0040          6           6      0.0000      0.2550
ALPHA 1.5966 MaxIteration 41  TIMEOUT 0.013116
  7          5          5          6      0.0131          6           6      0.0000      0.2850
ALPHA 1.5472 MaxIteration 65  TIMEOUT 0.010461
  8          4          5          6      0.0105          6           6      0.0000      0.3149
ALPHA 1.5008 MaxIteration 100  TIMEOUT 0.012548
  9          4          5          7      0.0125          6           6      0.0000      0.3450
ALPHA 1.4571 MaxIteration 150  TIMEOUT 0.020304
 10          4          5          6      0.0203          6           6      0.0000      0.3949
ALPHA 1.4158 MaxIteration 218  TIMEOUT 0.026734
 11          4          5          7      0.0267          6           6      0.0000      0.4449
ALPHA 1.3768 MaxIteration 308  TIMEOUT 0.038110
 12          4          5          6      0.0381          6           6      0.0000      0.5147
ALPHA 1.3399 MaxIteration 424  TIMEOUT 0.056402
 13          4          5          7      0.0564          6           6      0.0000      0.6247
ALPHA 1.3049 MaxIteration 568  TIMEOUT 0.074874
 14          4          5          6      0.0749          6           6      0.0000      0.7749
ALPHA 1.2718 MaxIteration 741  TIMEOUT 0.100782
 15          4          5          7      0.1008          6           6      0.0000      0.9848
ALPHA 1.2402 MaxIteration 942  TIMEOUT 0.132424
 16          4          5          6      0.1324          6           6      0.0000      1.2548
ALPHA 1.2102 MaxIteration 1168  TIMEOUT 0.158399
 17          4          5          7      0.1584          6           6      0.0000      1.5648
ALPHA 1.1816 MaxIteration 1413  TIMEOUT 0.192534
 18          4          5          6      0.1925          6           6      0.0000      1.9548
ALPHA 1.1543 MaxIteration 1669  TIMEOUT 0.222037
 19          4          5          7      0.2220          6           6      0.0000      2.4049
ALPHA 1.1283 MaxIteration 1926  TIMEOUT 0.257669
 20          4          5          6      0.2577          6           6      0.0000      2.9149
ALPHA 1.1034 MaxIteration 2173  TIMEOUT 0.295274
 21          4          5          7      0.2953          6           6      0.0000      3.4949
ALPHA 1.0795 MaxIteration 2397  TIMEOUT 0.321030
 22          4          5          6      0.3210          6           6      0.0000      4.1448
ALPHA 1.0567 MaxIteration 2587  TIMEOUT 0.349879
 23          4          5          7      0.3499          6           6      0.0000      4.8450
ALPHA 1.0349 MaxIteration 2733  TIMEOUT 0.363147
 24          4          5          6      0.3631          6           6      0.0000      5.5748
ALPHA 1.0349 MaxIteration 2828  TIMEOUT 0.376532
 25          4          5          7      0.3765          6           6      0.0000      6.3249
ALPHA 1.0349 MaxIteration 2926  TIMEOUT 0.390499
 26          4          5          6      0.3905          6           6      0.0000      7.1147
ALPHA 1.0349 MaxIteration 3027  TIMEOUT 0.407275
 27          4          5          7      0.4073          6           6      0.0000      7.9148
ALPHA 1.0349 MaxIteration 3132  TIMEOUT 0.416964
 28          4          5          6      0.4170          6           6      0.0000      8.7449
ALPHA 1.0349 MaxIteration 3241  TIMEOUT 0.434808
 29          4          5          7      0.4348          6           6      0.0000      9.6152
ALPHA 1.0349 MaxIteration 3353  TIMEOUT 0.447822
 30          4          5          6      0.4478          6           6      0.0000     10.5047
ALPHA 1.0349 MaxIteration 3469  TIMEOUT 0.464177
 31          4          5          7      0.4642          6           6      0.0000     11.4348
ALPHA 1.0349 MaxIteration 3589  TIMEOUT 0.474999
 32          4          5          6      0.4750          6           6      0.0000     12.3849
ALPHA 1.0349 MaxIteration 3714  TIMEOUT 0.495443
 33          4          5          7      0.4954          6           6      0.0000     13.3749
ALPHA 1.0349 MaxIteration 3843  TIMEOUT 0.507671
 34          4          5          6      0.5077          6           6      0.0000     14.3849
ALPHA 1.0349 MaxIteration 3976  TIMEOUT 0.528427
 35          4          5          7      0.5284          6           6      0.0000     15.4351
ALPHA 1.0349 MaxIteration 4114  TIMEOUT 0.549909
 36          4          5          6      0.5499          6           6      0.0000     16.5351
ALPHA 1.0349 MaxIteration 4257  TIMEOUT 0.566399
 37          4          5          7      0.5664          6           6      0.0000     17.6649
ALPHA 1.0349 MaxIteration 4405  TIMEOUT 0.576679
 38          4          5          6      0.5767          6           6      0.0000     18.8148
ALPHA 1.0349 MaxIteration 4558  TIMEOUT 0.605831
 39          4          5          7      0.6058          6           6      0.0000     19.9849
ALPHA 1.0349 MaxIteration 4716  TIMEOUT 0.015188
 40          4          5          7      0.0152>>> gen200_p0.9_55.clq |V| 200 |E| 17910  (#LB 0.0000 5 ---> 5  0.2000  6 <--- 6  0.0000 #UB)  #solve_ime 20.0001 read_time 0.0053 
