>>IBM: |V|=200 |E|=17910
>>IBM: The maximum node weight is 200
/public/home/acs4vb4pqv/benchmarks/MWDS2026/dimacs/gen200_p0.9_55.clq #seed 101 #alpha 1.900 #timeout 0.100 
#Rd        #LB        #LB*       #UB       #Time        #UB+        #UB*      #Time      #TotalTime
ALPHA 1.9000 MaxIteration 500  TIMEOUT 0.102144
  1          5          5          6      0.1021          6           6      0.0000      0.2051
ALPHA 1.9000 MaxIteration 3  TIMEOUT 0.000607
  2          4          5          6      0.0006          6           6      0.0000      0.2149
ALPHA 1.8304 MaxIteration 5  TIMEOUT 0.001026
  3          4          5          6      0.0010          6           6      0.0000      0.2251
ALPHA 1.7658 MaxIteration 9  TIMEOUT 0.001643
  4          4          5          7      0.0016          6           6      0.0000      0.2349
ALPHA 1.7056 MaxIteration 15  TIMEOUT 0.002449
  5          4          5          6      0.0024          6           6      0.0000      0.2449
ALPHA 1.6493 MaxIteration 25  TIMEOUT 0.003227
  6          4          5          7      0.0032          6           6      0.0000      0.2550
ALPHA 1.5966 MaxIteration 41  TIMEOUT 0.011588
  7          5          5          6      0.0116          6           6      0.0000      0.2852
ALPHA 1.5472 MaxIteration 65  TIMEOUT 0.008683
  8          4          5          6      0.0087          6           6      0.0000      0.2949
ALPHA 1.5008 MaxIteration 100  TIMEOUT 0.012630
  9          4          5          7      0.0126          6           6      0.0000      0.3250
ALPHA 1.4571 MaxIteration 150  TIMEOUT 0.021892
 10          4          5          6      0.0219          6           6      0.0000      0.3754
ALPHA 1.4158 MaxIteration 218  TIMEOUT 0.028496
 11          4          5          7      0.0285          6           6      0.0000      0.4252
ALPHA 1.3768 MaxIteration 308  TIMEOUT 0.042966
 12          4          5          6      0.0430          6           6      0.0000      0.5150
ALPHA 1.3399 MaxIteration 424  TIMEOUT 0.054855
 13          4          5          7      0.0549          6           6      0.0000      0.6250
ALPHA 1.3049 MaxIteration 568  TIMEOUT 0.075630
 14          4          5          6      0.0756          6           6      0.0000      0.7750
ALPHA 1.2718 MaxIteration 741  TIMEOUT 0.099118
 15          4          5          7      0.0991          6           6      0.0000      0.9649
ALPHA 1.2402 MaxIteration 942  TIMEOUT 0.120992
 16          4          5          6      0.1210          6           6      0.0000      1.2150
ALPHA 1.2102 MaxIteration 1168  TIMEOUT 0.152871
 17          4          5          7      0.1529          6           6      0.0000      1.5249
ALPHA 1.1816 MaxIteration 1413  TIMEOUT 0.187972
 18          4          5          6      0.1880          6           6      0.0000      1.8850
ALPHA 1.1543 MaxIteration 1669  TIMEOUT 0.223612
 19          4          5          7      0.2236          6           6      0.0000      2.3350
ALPHA 1.1283 MaxIteration 1926  TIMEOUT 0.252208
 20          4          5          6      0.2522          6           6      0.0000      2.8454
ALPHA 1.1034 MaxIteration 2173  TIMEOUT 0.290686
 21          4          5          7      0.2907          6           6      0.0000      3.4349
ALPHA 1.0795 MaxIteration 2397  TIMEOUT 0.316570
 22          4          5          6      0.3166          6           6      0.0000      4.0651
ALPHA 1.0567 MaxIteration 2587  TIMEOUT 0.347466
 23          4          5          7      0.3475          6           6      0.0000      4.7553
ALPHA 1.0349 MaxIteration 2733  TIMEOUT 0.365489
 24          4          5          6      0.3655          6           6      0.0000      5.4750
ALPHA 1.0349 MaxIteration 2828  TIMEOUT 0.379940
 25          4          5          7      0.3799          6           6      0.0000      6.2350
ALPHA 1.0349 MaxIteration 2926  TIMEOUT 0.392694
 26          4          5          6      0.3927          6           6      0.0000      7.0249
ALPHA 1.0349 MaxIteration 3027  TIMEOUT 0.402230
 27          4          5          7      0.4022          6           6      0.0000      7.8351
ALPHA 1.0349 MaxIteration 3132  TIMEOUT 0.416253
 28          4          5          6      0.4163          6           6      0.0000      8.6652
ALPHA 1.0349 MaxIteration 3241  TIMEOUT 0.432433
 29          4          5          7      0.4324          6           6      0.0000      9.5350
ALPHA 1.0349 MaxIteration 3353  TIMEOUT 0.448304
 30          4          5          6      0.4483          6           6      0.0000     10.4253
ALPHA 1.0349 MaxIteration 3469  TIMEOUT 0.462239
 31          4          5          7      0.4622          6           6      0.0000     11.3550
ALPHA 1.0349 MaxIteration 3589  TIMEOUT 0.480842
 32          4          5          6      0.4808          6           6      0.0000     12.3250
ALPHA 1.0349 MaxIteration 3714  TIMEOUT 0.495491
 33          4          5          7      0.4955          6           6      0.0000     13.3149
ALPHA 1.0349 MaxIteration 3843  TIMEOUT 0.512434
 34          4          5          6      0.5124          6           6      0.0000     14.3451
ALPHA 1.0349 MaxIteration 3976  TIMEOUT 0.529857
 35          4          5          7      0.5299          6           6      0.0000     15.4049
ALPHA 1.0349 MaxIteration 4114  TIMEOUT 0.545269
 36          4          5          6      0.5453          6           6      0.0000     16.4949
ALPHA 1.0349 MaxIteration 4257  TIMEOUT 0.569594
 37          4          5          7      0.5696          6           6      0.0000     17.6250
ALPHA 1.0349 MaxIteration 4405  TIMEOUT 0.582941
 38          4          5          6      0.5829          6           6      0.0000     18.7952
ALPHA 1.0349 MaxIteration 4558  TIMEOUT 0.601508
 39          4          5          7      0.6015          6           6      0.0000     20.0053
>>> gen200_p0.9_55.clq |V| 200 |E| 17910  (#LB 0.0000 5 ---> 5  0.2000  6 <--- 6  0.0000 #UB)  #solve_ime 20.0053 read_time 0.0051 
