>>IBM: |V|=100 |E|=100
>>IBM: The maximum node weight is 49
/public/home/acs4vb4pqv/benchmarks/MWDS2026/T1_wclq/T1_100_100_2.wclq #seed 2 #alpha 1.900 #timeout 0.100 
#Rd        #LB        #LB*       #UB       #Time        #UB+        #UB*      #Time      #TotalTime
ALPHA 1.9000 MaxIteration 500  TIMEOUT 0.008628
  1       1022       1022       1059      0.0086       1057        1057      0.0000      0.0088
ALPHA 1.9000 MaxIteration 3  TIMEOUT 0.000144
  2        992       1022       1107      0.0001       1039        1039      0.0000      0.0188
ALPHA 1.8304 MaxIteration 5  TIMEOUT 0.000290
  3        992       1022       1106      0.0003       1039        1039      0.0000      0.0288
ALPHA 1.7658 MaxIteration 9  TIMEOUT 0.000403
  4       1003       1022       1106      0.0004       1039        1039      0.0000      0.0388
ALPHA 1.7056 MaxIteration 15  TIMEOUT 0.000420
  5       1003       1022       1106      0.0004       1039        1039      0.0000      0.0488
ALPHA 1.6493 MaxIteration 25  TIMEOUT 0.000594
  6       1003       1022       1106      0.0006       1039        1039      0.0000      0.0533
ALPHA 1.5966 MaxIteration 41  TIMEOUT 0.001014
  7       1004       1022       1074      0.0010       1039        1039      0.0000      0.0588
ALPHA 1.5472 MaxIteration 65  TIMEOUT 0.001408
  8       1004       1022       1074      0.0014       1039        1039      0.0000      0.0688
ALPHA 1.5008 MaxIteration 100  TIMEOUT 0.003607
  9       1017       1022       1062      0.0036       1039        1039      0.0000      0.0788
ALPHA 1.4571 MaxIteration 150  TIMEOUT 0.003639
 10       1017       1022       1062      0.0036       1039        1039      0.0000      0.0888
ALPHA 1.4158 MaxIteration 218  TIMEOUT 0.005214
 11       1022       1022       1062      0.0052       1039        1039      0.0000      0.0988
ALPHA 1.3768 MaxIteration 308  TIMEOUT 0.009438
 12       1023       1023       1062      0.0094       1062        1039      0.0000      0.1088
ALPHA 1.3399 MaxIteration 424  TIMEOUT 0.009515
 13       1023       1023       1061      0.0095       1049        1039      0.0000      0.1188
ALPHA 1.3049 MaxIteration 568  TIMEOUT 0.007580
 14       1029       1029       1061      0.0076       1045        1039      0.0000      0.1288
ALPHA 1.2718 MaxIteration 741  TIMEOUT 0.017128
 15       1029       1029       1060      0.0171       1039        1039      0.0000      0.1588
ALPHA 1.2402 MaxIteration 942  TIMEOUT 0.025161
 16       1035       1035       1060      0.0252       1039        1039      0.0000      0.2033
ALPHA 1.2102 MaxIteration 1168  TIMEOUT 0.026546
 17       1035       1035       1060      0.0265       1039        1039      0.0000      0.2588
ALPHA 1.1816 MaxIteration 1413  TIMEOUT 0.029970
 18       1035       1035       1060      0.0300       1039        1039      0.0100      0.3088
ALPHA 1.1543 MaxIteration 1669  TIMEOUT 0.031095
 19       1035       1035       1059      0.0311       1039        1039      0.0000      0.3763
ALPHA 1.1283 MaxIteration 1926  TIMEOUT 0.033917
 20       1035       1035       1059      0.0339       1039        1039      0.0000      0.4488
ALPHA 1.1034 MaxIteration 2173  TIMEOUT 0.035789
 21       1035       1035       1059      0.0358       1039        1039      0.0000      0.5188
ALPHA 1.0795 MaxIteration 2397  TIMEOUT 0.035748
 22       1035       1035       1059      0.0357       1039        1039      0.0000      0.5788
ALPHA 1.0567 MaxIteration 2587  TIMEOUT 0.043259
 23       1035       1035       1060      0.0433       1039        1039      0.0000      0.6688
ALPHA 1.0349 MaxIteration 2733  TIMEOUT 0.046337
 24       1035       1035       1060      0.0463       1039        1039      0.0000      0.7488
ALPHA 1.0349 MaxIteration 2828  TIMEOUT 0.043865
 25       1035       1035       1059      0.0439       1039        1039      0.0000      0.8388
ALPHA 1.0349 MaxIteration 2926  TIMEOUT 0.046942
 26       1035       1035       1060      0.0469       1039        1039      0.0000      0.9288
ALPHA 1.0349 MaxIteration 3027  TIMEOUT 0.043978
 27       1035       1035       1059      0.0440       1039        1039      0.0000      1.0088
ALPHA 1.0349 MaxIteration 3132  TIMEOUT 0.064811
 28       1035       1035       1060      0.0648       1039        1039      0.0100      1.1188
ALPHA 1.0349 MaxIteration 3241  TIMEOUT 0.045182
 29       1033       1035       1059      0.0452       1039        1039      0.0000      1.2088
ALPHA 1.0349 MaxIteration 3353  TIMEOUT 0.048014
 30       1035       1035       1059      0.0480       1039        1039      0.0000      1.2888
ALPHA 1.0349 MaxIteration 3469  TIMEOUT 0.048368
 31       1035       1035       1059      0.0484       1039        1039      0.0000      1.3688
ALPHA 1.0349 MaxIteration 3589  TIMEOUT 0.053675
 32       1035       1035       1060      0.0537       1039        1039      0.0000      1.4788
ALPHA 1.0349 MaxIteration 3714  TIMEOUT 0.048692
 33       1035       1035       1059      0.0487       1039        1039      0.0000      1.5655
ALPHA 1.0349 MaxIteration 3843  TIMEOUT 0.050860
 34       1035       1035       1060      0.0509       1039        1039      0.0000      1.6688
ALPHA 1.0349 MaxIteration 3976  TIMEOUT 0.054162
 35       1035       1035       1059      0.0542       1039        1039      0.0000      1.7688
ALPHA 1.0349 MaxIteration 4114  TIMEOUT 0.060510
 36       1035       1035       1060      0.0605       1039        1039      0.0000      1.8888
ALPHA 1.0349 MaxIteration 4257  TIMEOUT 0.056889
 37       1035       1035       1059      0.0569       1039        1039      0.0000      1.9914
ALPHA 1.0349 MaxIteration 4405  TIMEOUT 0.103454
 38       1035       1035       1059      0.1035       1039        1039      0.0000      2.1788
ALPHA 1.0349 MaxIteration 4558  TIMEOUT 0.110990
 39       1036       1036       1059      0.1110       1039        1039      0.0000      2.3988
ALPHA 1.0349 MaxIteration 4716  TIMEOUT 0.058751
 40       1035       1036       1060      0.0588       1039        1039      0.0100      2.4988
ALPHA 1.0349 MaxIteration 4880  TIMEOUT 0.082232
 41       1035       1036       1059      0.0822       1039        1039      0.0000      2.6588
ALPHA 1.0349 MaxIteration 5050  TIMEOUT 0.084404
 42       1035       1036       1059      0.0844       1039        1039      0.0000      2.8188
ALPHA 1.0349 MaxIteration 5226  TIMEOUT 0.067610
 43       1035       1036       1059      0.0676       1039        1039      0.0000      2.9388
ALPHA 1.0349 MaxIteration 5408  TIMEOUT 0.122428
 44       1036       1036       1059      0.1224       1039        1039      0.0000      3.1688
ALPHA 1.0349 MaxIteration 5596  TIMEOUT 0.107676
 45       1035       1036       1059      0.1077       1039        1039      0.0000      3.3672
ALPHA 1.0349 MaxIteration 5791  TIMEOUT 0.068421
 46       1035       1036       1059      0.0684       1039        1039      0.0000      3.4888
ALPHA 1.0349 MaxIteration 5992  TIMEOUT 0.126945
 47       1036       1036       1059      0.1269       1039        1039      0.0000      3.7188
ALPHA 1.0349 MaxIteration 6200  TIMEOUT 0.074960
 48       1035       1036       1059      0.0750       1039        1039      0.0000      3.8588
ALPHA 1.0349 MaxIteration 6416  TIMEOUT 0.075530
 49       1035       1036       1059      0.0755       1039        1039      0.0000      3.9988
ALPHA 1.0349 MaxIteration 6639  TIMEOUT 0.080672
 50       1035       1036       1059      0.0807       1039        1039      0.0000      4.1488
ALPHA 1.0349 MaxIteration 6870  TIMEOUT 0.203752
 51       1035       1036       1059      0.2038       1039        1039      0.0000      4.5188
ALPHA 1.0349 MaxIteration 7109  TIMEOUT 0.134364
 52       1035       1036       1059      0.1344       1039        1039      0.0000      4.7688
ALPHA 1.0349 MaxIteration 7356  TIMEOUT 0.090662
 53       1035       1036       1059      0.0907       1039        1039      0.0000      4.9388
ALPHA 1.0349 MaxIteration 7612  TIMEOUT 0.088793
 54       1035       1036       1059      0.0888       1039        1039      0.0100      5.1088
ALPHA 1.0349 MaxIteration 7877  TIMEOUT 0.109312
 55       1035       1036       1059      0.1093       1039        1039      0.0100      5.3140
ALPHA 1.0349 MaxIteration 8151  TIMEOUT 0.094553
 56       1035       1036       1059      0.0946       1039        1039      0.0100      5.4788
ALPHA 1.0349 MaxIteration 8435  TIMEOUT 0.151079
 57       1036       1036       1059      0.1511       1039        1039      0.0000      5.7688
ALPHA 1.0349 MaxIteration 8729  TIMEOUT 0.156551
 58       1036       1036       1059      0.1566       1039        1039      0.0000      6.0588
ALPHA 1.0349 MaxIteration 9033  TIMEOUT 0.105499
 59       1035       1036       1059      0.1055       1039        1039      0.0000      6.2588
ALPHA 1.0349 MaxIteration 9347  TIMEOUT 0.105818
 60       1035       1036       1058      0.1058       1039        1039      0.0000      6.4408
ALPHA 1.0349 MaxIteration 9672  TIMEOUT 0.112261
 61       1035       1036       1059      0.1123       1039        1039      0.0000      6.6488
ALPHA 1.0349 MaxIteration 10009  TIMEOUT 0.174482
 62       1036       1036       1059      0.1745       1039        1039      0.0000      6.9748
ALPHA 1.0349 MaxIteration 10357  TIMEOUT 0.114617
 63       1035       1036       1059      0.1146       1039        1039      0.0000      7.1888
ALPHA 1.0349 MaxIteration 10718  TIMEOUT 0.176921
 64       1036       1036       1059      0.1769       1039        1039      0.0000      7.5088
ALPHA 1.0349 MaxIteration 11091  TIMEOUT 0.129149
 65       1035       1036       1059      0.1291       1039        1039      0.0000      7.7388
ALPHA 1.0349 MaxIteration 11477  TIMEOUT 0.186133
 66       1036       1036       1059      0.1861       1039        1039      0.0000      8.0788
ALPHA 1.0349 MaxIteration 11877  TIMEOUT 0.131042
 67       1035       1036       1059      0.1310       1039        1039      0.0000      8.3288
ALPHA 1.0349 MaxIteration 12291  TIMEOUT 0.136605
 68       1035       1036       1059      0.1366       1039        1039      0.0000      8.5888
ALPHA 1.0349 MaxIteration 12719  TIMEOUT 0.136711
 69       1035       1036       1059      0.1367       1039        1039      0.0000      8.8288
ALPHA 1.0349 MaxIteration 13162  TIMEOUT 0.142765
 70       1035       1036       1059      0.1428       1039        1039      0.0000      9.0965
ALPHA 1.0349 MaxIteration 13620  TIMEOUT 0.205948
 71       1036       1036       1059      0.2059       1039        1039      0.0000      9.4688
ALPHA 1.0349 MaxIteration 14094  TIMEOUT 0.154330
 72       1035       1036       1059      0.1543       1039        1039      0.0000      9.7488
ALPHA 1.0349 MaxIteration 14585  TIMEOUT 0.222244
 73       1036       1036       1059      0.2222       1039        1039      0.0000     10.1588
ALPHA 1.0349 MaxIteration 15093  TIMEOUT 0.218823
 74       1036       1036       1059      0.2188       1039        1039      0.0000     10.5588
ALPHA 1.0349 MaxIteration 15619  TIMEOUT 0.225396
 75       1036       1036       1059      0.2254       1039        1039      0.0000     10.9688
ALPHA 1.0349 MaxIteration 16163  TIMEOUT 0.342101
 76       1036       1036       1059      0.3421       1039        1039      0.0000     11.5988
ALPHA 1.0349 MaxIteration 16726  TIMEOUT 0.241769
 77       1036       1036       1059      0.2418       1039        1039      0.0000     12.0492
ALPHA 1.0349 MaxIteration 17309  TIMEOUT 0.243039
 78       1036       1036       1059      0.2430       1039        1039      0.0000     12.4988
ALPHA 1.0349 MaxIteration 17912  TIMEOUT 0.245794
 79       1036       1036       1059      0.2458       1039        1039      0.0000     12.9588
ALPHA 1.0349 MaxIteration 18536  TIMEOUT 0.250392
 80       1035       1036       1059      0.2504       1039        1039      0.0000     13.4388
ALPHA 1.0349 MaxIteration 19182  TIMEOUT 0.259436
 81       1036       1036       1059      0.2594       1039        1039      0.0200     13.9130
ALPHA 1.0349 MaxIteration 19850  TIMEOUT 0.270066
 82       1036       1036       1059      0.2701       1039        1039      0.0000     14.4088
ALPHA 1.0349 MaxIteration 20541  TIMEOUT 0.266974
 83       1035       1036       1059      0.2670       1039        1039      0.0000     14.8888
ALPHA 1.0349 MaxIteration 21257  TIMEOUT 0.395691
 84       1036       1036       1059      0.3957       1039        1039      0.0000     15.6188
ALPHA 1.0349 MaxIteration 21997  TIMEOUT 0.395584
 85       1036       1036       1059      0.3956       1039        1039      0.0000     16.3458
ALPHA 1.0349 MaxIteration 22763  TIMEOUT 0.410467
 86       1036       1036       1059      0.4105       1039        1039      0.0000     17.1188
ALPHA 1.0349 MaxIteration 23556  TIMEOUT 0.427919
 87       1036       1036       1059      0.4279       1039        1039      0.0000     17.8988
ALPHA 1.0349 MaxIteration 24377  TIMEOUT 0.426681
 88       1036       1036       1059      0.4267       1039        1039      0.0000     18.6788
ALPHA 1.0349 MaxIteration 25226  TIMEOUT 0.323322
 89       1036       1036       1059      0.3233       1039        1039      0.0000     19.2788
ALPHA 1.0349 MaxIteration 26105  TIMEOUT 0.296735
 90       1035       1036       1059      0.2967       1039        1039      0.0000     19.8188
ALPHA 1.0349 MaxIteration 27014  TIMEOUT 0.181213
 91       1036       1036       1059      0.1812>>> T1_100_100_2.wclq |V| 100 |E| 100  (#LB 0.0137 1022 ---> 1036  0.0029  1039 <--- 1059  0.0189 #UB)  #solve_ime 20.0000 read_time 0.0012 
