>>IBM: |V|=150 |E|=2000
>>IBM: The maximum node weight is 1235
/public/home/acs4vb4pqv/benchmarks/MWDS2026/T2_wclq/T2_150_2000_1.wclq #seed 3 #alpha 1.900 #timeout 0.100 
#Rd        #LB        #LB*       #UB       #Time        #UB+        #UB*      #Time      #TotalTime
ALPHA 1.9000 MaxIteration 500  TIMEOUT 0.039790
  1        503        503        598      0.0398        598         598      0.0000      0.0781
ALPHA 1.9000 MaxIteration 3  TIMEOUT 0.000484
  2        492        503        637      0.0005        598         598      0.0000      0.0881
ALPHA 1.8304 MaxIteration 5  TIMEOUT 0.000997
  3        492        503        615      0.0010        598         598      0.0000      0.0981
ALPHA 1.7658 MaxIteration 9  TIMEOUT 0.001456
  4        498        503        635      0.0015        598         598      0.0000      0.1081
ALPHA 1.7056 MaxIteration 15  TIMEOUT 0.001964
  5        497        503        656      0.0020        598         598      0.0000      0.1181
ALPHA 1.6493 MaxIteration 25  TIMEOUT 0.003756
  6        501        503        615      0.0038        598         598      0.0000      0.1281
ALPHA 1.5966 MaxIteration 41  TIMEOUT 0.006546
  7        502        503        601      0.0065        598         598      0.0000      0.1381
ALPHA 1.5472 MaxIteration 65  TIMEOUT 0.005601
  8        501        503        601      0.0056        598         598      0.0000      0.1481
ALPHA 1.5008 MaxIteration 100  TIMEOUT 0.013935
  9        503        503        601      0.0139        598         598      0.0000      0.1781
ALPHA 1.4571 MaxIteration 150  TIMEOUT 0.015234
 10        502        503        601      0.0152        598         598      0.0000      0.2081
ALPHA 1.4158 MaxIteration 218  TIMEOUT 0.014817
 11        501        503        601      0.0148        598         598      0.0000      0.2381
ALPHA 1.3768 MaxIteration 308  TIMEOUT 0.021624
 12        502        503        601      0.0216        598         598      0.0000      0.2881
ALPHA 1.3399 MaxIteration 424  TIMEOUT 0.027317
 13        501        503        601      0.0273        598         598      0.0000      0.3381
ALPHA 1.3049 MaxIteration 568  TIMEOUT 0.035879
 14        501        503        601      0.0359        598         598      0.0000      0.4081
ALPHA 1.2718 MaxIteration 741  TIMEOUT 0.046930
 15        501        503        601      0.0469        598         598      0.0000      0.4981
ALPHA 1.2402 MaxIteration 942  TIMEOUT 0.056277
 16        501        503        601      0.0563        598         598      0.0000      0.6081
ALPHA 1.2102 MaxIteration 1168  TIMEOUT 0.071509
 17        501        503        601      0.0715        598         598      0.0000      0.7581
ALPHA 1.1816 MaxIteration 1413  TIMEOUT 0.138747
 18        503        503        601      0.1387        598         598      0.0100      1.0181
ALPHA 1.1543 MaxIteration 1669  TIMEOUT 0.101021
 19        501        503        601      0.1010        598         598      0.0000      1.2281
ALPHA 1.1283 MaxIteration 1926  TIMEOUT 0.115265
 20        501        503        601      0.1153        598         598      0.0000      1.4581
ALPHA 1.1034 MaxIteration 2173  TIMEOUT 0.192362
 21        507        507        601      0.1924        598         598      0.0000      1.8381
ALPHA 1.0795 MaxIteration 2397  TIMEOUT 0.194073
 22        507        507        601      0.1941        598         598      0.0000      2.2281
ALPHA 1.0567 MaxIteration 2587  TIMEOUT 0.213982
 23        503        507        601      0.2140        598         598      0.0000      2.6581
ALPHA 1.0349 MaxIteration 2733  TIMEOUT 0.148838
 24        501        507        601      0.1488        598         598      0.0100      2.9481
ALPHA 1.0349 MaxIteration 2828  TIMEOUT 0.155050
 25        501        507        601      0.1551        598         598      0.0000      3.2481
ALPHA 1.0349 MaxIteration 2926  TIMEOUT 0.160815
 26        501        507        601      0.1608        598         598      0.0000      3.5781
ALPHA 1.0349 MaxIteration 3027  TIMEOUT 0.165430
 27        501        507        601      0.1654        598         598      0.0000      3.8981
ALPHA 1.0349 MaxIteration 3132  TIMEOUT 0.170486
 28        501        507        601      0.1705        598         598      0.0000      4.2481
ALPHA 1.0349 MaxIteration 3241  TIMEOUT 0.177274
 29        501        507        601      0.1773        598         598      0.0000      4.5981
ALPHA 1.0349 MaxIteration 3353  TIMEOUT 0.183505
 30        501        507        601      0.1835        598         598      0.0000      4.9581
ALPHA 1.0349 MaxIteration 3469  TIMEOUT 0.186578
 31        501        507        601      0.1866        598         598      0.0000      5.3281
ALPHA 1.0349 MaxIteration 3589  TIMEOUT 0.194178
 32        501        507        601      0.1942        598         598      0.0000      5.7081
ALPHA 1.0349 MaxIteration 3714  TIMEOUT 0.203631
 33        501        507        601      0.2036        598         598      0.0000      6.1181
ALPHA 1.0349 MaxIteration 3843  TIMEOUT 0.310174
 34        507        507        601      0.3102        598         598      0.0000      6.7481
ALPHA 1.0349 MaxIteration 3976  TIMEOUT 0.339565
 35        507        507        601      0.3396        598         598      0.0100      7.4081
ALPHA 1.0349 MaxIteration 4114  TIMEOUT 0.328192
 36        507        507        601      0.3282        598         598      0.0100      8.0581
ALPHA 1.0349 MaxIteration 4257  TIMEOUT 0.375295
 37        507        507        601      0.3753        598         598      0.0000      8.8081
ALPHA 1.0349 MaxIteration 4405  TIMEOUT 0.338965
 38        507        507        601      0.3390        598         598      0.0100      9.4781
ALPHA 1.0349 MaxIteration 4558  TIMEOUT 0.345219
 39        507        507        601      0.3452        598         598      0.0000     10.1481
ALPHA 1.0349 MaxIteration 4716  TIMEOUT 0.423572
 40        507        507        601      0.4236        598         598      0.0000     10.9881
ALPHA 1.0349 MaxIteration 4880  TIMEOUT 0.428137
 41        507        507        601      0.4281        598         598      0.0100     11.8281
ALPHA 1.0349 MaxIteration 5050  TIMEOUT 0.443044
 42        507        507        601      0.4430        598         598      0.0000     12.7081
ALPHA 1.0349 MaxIteration 5226  TIMEOUT 0.451980
 43        507        507        601      0.4520        598         598      0.0000     13.6081
ALPHA 1.0349 MaxIteration 5408  TIMEOUT 0.465954
 44        507        507        601      0.4660        598         598      0.0000     14.5281
ALPHA 1.0349 MaxIteration 5596  TIMEOUT 0.475594
 45        507        507        601      0.4756        598         598      0.0000     15.4581
ALPHA 1.0349 MaxIteration 5791  TIMEOUT 0.492243
 46        507        507        601      0.4922        598         598      0.0000     16.4476
ALPHA 1.0349 MaxIteration 5992  TIMEOUT 0.497281
 47        507        507        601      0.4973        598         598      0.0000     17.4281
ALPHA 1.0349 MaxIteration 6200  TIMEOUT 0.729682
 48        507        507        601      0.7297        598         598      0.0100     18.8681
ALPHA 1.0349 MaxIteration 6416  TIMEOUT 0.407000
 49        503        507        601      0.4070        598         598      0.0000     19.6681
ALPHA 1.0349 MaxIteration 6639  TIMEOUT 0.331925
 50        513        513        601      0.3319>>> T2_150_2000_1.wclq |V| 150 |E| 2000  (#LB 0.0199 503 ---> 513  0.1657  598 <--- 598  0.0000 #UB)  #solve_ime 20.0000 read_time 0.0019 
