>>IBM: |V|=200 |E|=2000
>>IBM: The maximum node weight is 49
/public/home/acs4vb4pqv/benchmarks/MWDS2026/T1_wclq/T1_200_2000_8.wclq #seed 1 #alpha 1.900 #timeout 0.100 
#Rd        #LB        #LB*       #UB       #Time        #UB+        #UB*      #Time      #TotalTime
ALPHA 1.9000 MaxIteration 500  TIMEOUT 0.045380
  1        198        198        461      0.0454        416         416      0.0100      0.0891
ALPHA 1.9000 MaxIteration 3  TIMEOUT 0.000346
  2        195        198        521      0.0003        416         416      0.0000      0.0990
ALPHA 1.8304 MaxIteration 5  TIMEOUT 0.000607
  3        200        200        538      0.0006        416         416      0.0000      0.1090
ALPHA 1.7658 MaxIteration 9  TIMEOUT 0.000937
  4        195        200        534      0.0009        424         416      0.0000      0.1190
ALPHA 1.7056 MaxIteration 15  TIMEOUT 0.002292
  5        195        200        533      0.0023        416         416      0.0000      0.1290
ALPHA 1.6493 MaxIteration 25  TIMEOUT 0.004926
  6        201        201        529      0.0049        424         416      0.0000      0.1391
ALPHA 1.5966 MaxIteration 41  TIMEOUT 0.007925
  7        198        201        510      0.0079        440         416      0.0000      0.1490
ALPHA 1.5472 MaxIteration 65  TIMEOUT 0.008300
  8        206        206        494      0.0083        442         416      0.0000      0.1591
ALPHA 1.5008 MaxIteration 100  TIMEOUT 0.019286
  9        206        206        504      0.0193        421         416      0.0100      0.1891
ALPHA 1.4571 MaxIteration 150  TIMEOUT 0.014746
 10        209        209        502      0.0147        421         416      0.0100      0.2190
ALPHA 1.4158 MaxIteration 218  TIMEOUT 0.040373
 11        207        209        499      0.0404        416         416      0.0000      0.3090
ALPHA 1.3768 MaxIteration 308  TIMEOUT 0.036915
 12        210        210        506      0.0369        416         416      0.0200      0.3790
ALPHA 1.3399 MaxIteration 424  TIMEOUT 0.040945
 13        224        224        486      0.0409        416         416      0.0000      0.4590
ALPHA 1.3049 MaxIteration 568  TIMEOUT 0.060676
 14        202        224        489      0.0607        416         416      0.0100      0.5890
ALPHA 1.2718 MaxIteration 741  TIMEOUT 0.138506
 15        223        224        489      0.1385        416         416      0.0100      0.8590
ALPHA 1.2402 MaxIteration 942  TIMEOUT 0.172943
 16        221        224        486      0.1729        416         416      0.0000      1.1990
ALPHA 1.2102 MaxIteration 1168  TIMEOUT 0.120137
 17        204        224        489      0.1201        416         416      0.0000      1.4490
ALPHA 1.1816 MaxIteration 1413  TIMEOUT 0.222193
 18        225        225        473      0.2222        416         416      0.0000      1.8990
ALPHA 1.1543 MaxIteration 1669  TIMEOUT 0.225219
 19        218        225        473      0.2252        416         416      0.0000      2.3390
ALPHA 1.1283 MaxIteration 1926  TIMEOUT 0.398890
 20        223        225        485      0.3989        416         416      0.0400      3.1190
ALPHA 1.1034 MaxIteration 2173  TIMEOUT 0.296094
 21        221        225        486      0.2961        416         416      0.0100      3.6991
ALPHA 1.0795 MaxIteration 2397  TIMEOUT 0.231186
 22        219        225        492      0.2312        416         416      0.0100      4.1690
ALPHA 1.0567 MaxIteration 2587  TIMEOUT 0.251411
 23        209        225        486      0.2514        416         416      0.0100      4.6787
ALPHA 1.0349 MaxIteration 2733  TIMEOUT 0.249516
 24        218        225        496      0.2495        416         416      0.0300      5.1590
ALPHA 1.0349 MaxIteration 2828  TIMEOUT 0.262787
 25        212        225        489      0.2628        416         416      0.0100      5.6890
ALPHA 1.0349 MaxIteration 2926  TIMEOUT 0.405141
 26        224        225        477      0.4051        416         416      0.0000      6.4890
ALPHA 1.0349 MaxIteration 3027  TIMEOUT 0.608219
 27        221        225        477      0.6082        416         416      0.0100      7.6790
ALPHA 1.0349 MaxIteration 3132  TIMEOUT 0.287958
 28        224        225        466      0.2880        416         416      0.0100      8.2390
ALPHA 1.0349 MaxIteration 3241  TIMEOUT 0.388473
 29        223        225        477      0.3885        416         416      0.0100      9.0047
ALPHA 1.0349 MaxIteration 3353  TIMEOUT 0.306810
 30        211        225        496      0.3068        416         416      0.0200      9.6191
ALPHA 1.0349 MaxIteration 3469  TIMEOUT 0.560301
 31        219        225        469      0.5603        416         416      0.0000     10.7290
ALPHA 1.0349 MaxIteration 3589  TIMEOUT 0.348779
 32        211        225        478      0.3488        416         416      0.0100     11.4190
ALPHA 1.0349 MaxIteration 3714  TIMEOUT 0.516694
 33        223        225        475      0.5167        416         416      0.0000     12.4490
ALPHA 1.0349 MaxIteration 3843  TIMEOUT 0.378644
 34        221        225        486      0.3786        416         416      0.0100     13.1990
ALPHA 1.0349 MaxIteration 3976  TIMEOUT 0.401082
 35        221        225        469      0.4011        416         416      0.0100     13.9990
ALPHA 1.0349 MaxIteration 4114  TIMEOUT 0.525167
 36        217        225        478      0.5252        416         416      0.0100     15.0290
ALPHA 1.0349 MaxIteration 4257  TIMEOUT 0.391642
 37        217        225        492      0.3916        416         416      0.0100     15.8090
ALPHA 1.0349 MaxIteration 4405  TIMEOUT 0.450427
 38        221        225        477      0.4504        416         416      0.0000     16.7091
ALPHA 1.0349 MaxIteration 4558  TIMEOUT 0.420849
 39        221        225        485      0.4208        416         416      0.0000     17.5591
ALPHA 1.0349 MaxIteration 4716  TIMEOUT 0.604508
 40        221        225        478      0.6045        416         416      0.0100     18.7590
ALPHA 1.0349 MaxIteration 4880  TIMEOUT 0.628118
 41        211        225        469      0.6281        416         416      0.0100     19.9890
ALPHA 1.0349 MaxIteration 5050  TIMEOUT 0.010951
 42        203        225        482      0.0110>>> T1_200_2000_8.wclq |V| 200 |E| 2000  (#LB 0.1364 198 ---> 225  0.8489  416 <--- 461  0.0976 #UB)  #solve_ime 20.0000 read_time 0.0010 
