>>IBM: |V|=200 |E|=2000
>>IBM: The maximum node weight is 49
/public/home/acs4vb4pqv/benchmarks/MWDS2026/T1_wclq/T1_200_2000_8.wclq #seed 102 #alpha 1.900 #timeout 0.100 
#Rd        #LB        #LB*       #UB       #Time        #UB+        #UB*      #Time      #TotalTime
ALPHA 1.9000 MaxIteration 500  TIMEOUT 0.045293
  1        198        198        461      0.0453        416         416      0.0100      0.0880
ALPHA 1.9000 MaxIteration 3  TIMEOUT 0.000479
  2        195        198        521      0.0005        419         416      0.0000      0.0980
ALPHA 1.8304 MaxIteration 5  TIMEOUT 0.000593
  3        195        198        536      0.0006        417         416      0.0000      0.1080
ALPHA 1.7658 MaxIteration 9  TIMEOUT 0.001073
  4        205        205        561      0.0011        426         416      0.0000      0.1180
ALPHA 1.7056 MaxIteration 15  TIMEOUT 0.002004
  5        203        205        526      0.0020        421         416      0.0000      0.1280
ALPHA 1.6493 MaxIteration 25  TIMEOUT 0.002795
  6        204        205        502      0.0028        416         416      0.0000      0.1380
ALPHA 1.5966 MaxIteration 41  TIMEOUT 0.004856
  7        206        206        527      0.0049        423         416      0.0000      0.1480
ALPHA 1.5472 MaxIteration 65  TIMEOUT 0.014022
  8        211        211        510      0.0140        416         416      0.0000      0.1780
ALPHA 1.5008 MaxIteration 100  TIMEOUT 0.011532
  9        209        211        503      0.0115        416         416      0.0000      0.2080
ALPHA 1.4571 MaxIteration 150  TIMEOUT 0.013456
 10        207        211        489      0.0135        423         416      0.0100      0.2380
ALPHA 1.4158 MaxIteration 218  TIMEOUT 0.033849
 11        212        212        510      0.0338        416         416      0.0000      0.3080
ALPHA 1.3768 MaxIteration 308  TIMEOUT 0.072573
 12        214        214        514      0.0726        424         416      0.0000      0.4580
ALPHA 1.3399 MaxIteration 424  TIMEOUT 0.049752
 13        210        214        520      0.0498        416         416      0.0200      0.5480
ALPHA 1.3049 MaxIteration 568  TIMEOUT 0.062584
 14        212        214        489      0.0626        416         416      0.0000      0.6780
ALPHA 1.2718 MaxIteration 741  TIMEOUT 0.115297
 15        213        214        495      0.1153        416         416      0.0100      0.8980
ALPHA 1.2402 MaxIteration 942  TIMEOUT 0.101213
 16        212        214        496      0.1012        417         416      0.0700      1.1080
ALPHA 1.2102 MaxIteration 1168  TIMEOUT 0.136290
 17        212        214        492      0.1363        416         416      0.0500      1.3780
ALPHA 1.1816 MaxIteration 1413  TIMEOUT 0.263620
 18        214        214        494      0.2636        416         416      0.0000      1.8980
ALPHA 1.1543 MaxIteration 1669  TIMEOUT 0.166312
 19        212        214        492      0.1663        416         416      0.0100      2.2280
ALPHA 1.1283 MaxIteration 1926  TIMEOUT 0.261853
 20        214        214        492      0.2619        416         416      0.0300      2.7480
ALPHA 1.1034 MaxIteration 2173  TIMEOUT 0.218440
 21        212        214        480      0.2184        416         416      0.0300      3.1680
ALPHA 1.0795 MaxIteration 2397  TIMEOUT 0.271564
 22        212        214        508      0.2716        416         416      0.0000      3.7080
ALPHA 1.0567 MaxIteration 2587  TIMEOUT 0.246544
 23        217        217        482      0.2465        416         416      0.0100      4.1980
ALPHA 1.0349 MaxIteration 2733  TIMEOUT 0.283554
 24        212        217        498      0.2836        416         416      0.0100      4.7580
ALPHA 1.0349 MaxIteration 2828  TIMEOUT 0.265243
 25        213        217        496      0.2652        416         416      0.0100      5.2880
ALPHA 1.0349 MaxIteration 2926  TIMEOUT 0.379514
 26        217        217        480      0.3795        416         416      0.1000      6.0280
ALPHA 1.0349 MaxIteration 3027  TIMEOUT 0.390755
 27        214        217        500      0.3908        416         416      0.0000      6.8080
ALPHA 1.0349 MaxIteration 3132  TIMEOUT 0.472126
 28        215        217        503      0.4721        416         416      0.0000      7.7580
ALPHA 1.0349 MaxIteration 3241  TIMEOUT 0.349112
 29        212        217        480      0.3491        417         416      0.0100      8.4309
ALPHA 1.0349 MaxIteration 3353  TIMEOUT 0.335929
 30        213        217        502      0.3359        416         416      0.0100      9.0880
ALPHA 1.0349 MaxIteration 3469  TIMEOUT 0.332112
 31        213        217        489      0.3321        416         416      0.0100      9.7480
ALPHA 1.0349 MaxIteration 3589  TIMEOUT 0.354517
 32        212        217        492      0.3545        416         416      0.0500     10.4480
ALPHA 1.0349 MaxIteration 3714  TIMEOUT 0.393575
 33        212        217        492      0.3936        416         416      0.0000     11.2280
ALPHA 1.0349 MaxIteration 3843  TIMEOUT 0.373864
 34        215        217        505      0.3739        416         416      0.0100     11.9780
ALPHA 1.0349 MaxIteration 3976  TIMEOUT 0.394180
 35        212        217        505      0.3942        416         416      0.1300     12.7580
ALPHA 1.0349 MaxIteration 4114  TIMEOUT 0.451116
 36        212        217        511      0.4511        416         416      0.0100     13.6580
ALPHA 1.0349 MaxIteration 4257  TIMEOUT 0.455260
 37        215        217        503      0.4553        416         416      0.0000     14.5680
ALPHA 1.0349 MaxIteration 4405  TIMEOUT 0.424199
 38        212        217        509      0.4242        416         416      0.0000     15.4107
ALPHA 1.0349 MaxIteration 4558  TIMEOUT 0.427020
 39        215        217        505      0.4270        416         416      0.0300     16.2480
ALPHA 1.0349 MaxIteration 4716  TIMEOUT 0.614836
 40        215        217        486      0.6148        416         416      0.0100     17.4680
ALPHA 1.0349 MaxIteration 4880  TIMEOUT 0.460241
 41        214        217        508      0.4602        416         416      0.0000     18.3823
ALPHA 1.0349 MaxIteration 5050  TIMEOUT 0.492355
 42        215        217        507      0.4924        416         416      0.0500     19.3580
ALPHA 1.0349 MaxIteration 5226  TIMEOUT 0.615643
 43        216        217        502      0.6156        419         416      0.0200     19.9980
ALPHA 1.0349 MaxIteration 5408  TIMEOUT 0.001975
 44        206        217        546      0.0020>>> T1_200_2000_8.wclq |V| 200 |E| 2000  (#LB 0.0960 198 ---> 217  0.9171  416 <--- 461  0.0976 #UB)  #solve_ime 20.0000 read_time 0.0020 
