>>IBM: |V|=1000 |E|=1000
>>IBM: The maximum node weight is 49
/public/home/acs4vb4pqv/benchmarks/MWDS2026/T1_wclq/T1_1000_1000_2.wclq #seed 1 #alpha 1.900 #timeout 0.100 
#Rd        #LB        #LB*       #UB       #Time        #UB+        #UB*      #Time      #TotalTime
ALPHA 1.9000 MaxIteration 500  TIMEOUT 0.219203
  1      10251      10251      11425      0.2192      10811       10811      0.0300      0.4180
ALPHA 1.9000 MaxIteration 3  TIMEOUT 0.004141
  2       9998      10251      11929      0.0041      10979       10811      0.0000      0.4280
ALPHA 1.8304 MaxIteration 5  TIMEOUT 0.006038
  3      10070      10251      11777      0.0060      11085       10811      0.0000      0.4380
ALPHA 1.7658 MaxIteration 9  TIMEOUT 0.007256
  4      10126      10251      11754      0.0073      11112       10811      0.0000      0.4480
ALPHA 1.7056 MaxIteration 15  TIMEOUT 0.009577
  5      10128      10251      11823      0.0096      11172       10811      0.0000      0.4580
ALPHA 1.6493 MaxIteration 25  TIMEOUT 0.010772
  6      10090      10251      11848      0.0108      10838       10811      0.0100      0.4827
ALPHA 1.5966 MaxIteration 41  TIMEOUT 0.021399
  7      10164      10251      11735      0.0214      10817       10811      0.0200      0.5280
ALPHA 1.5472 MaxIteration 65  TIMEOUT 0.048368
  8      10226      10251      11609      0.0484      10829       10811      0.0300      0.6180
ALPHA 1.5008 MaxIteration 100  TIMEOUT 0.046123
  9      10215      10251      11585      0.0461      10802       10802      0.0200      0.7080
ALPHA 1.4571 MaxIteration 150  TIMEOUT 0.086195
 10      10251      10251      11575      0.0862      10813       10802      0.0600      0.8680
ALPHA 1.4158 MaxIteration 218  TIMEOUT 0.148889
 11      10261      10261      11545      0.1489      10809       10802      0.1200      1.1480
ALPHA 1.3768 MaxIteration 308  TIMEOUT 0.116598
 12      10233      10261      11551      0.1166      10812       10802      0.1100      1.3680
ALPHA 1.3399 MaxIteration 424  TIMEOUT 0.295215
 13      10297      10297      11466      0.2952      10791       10791      0.0800      1.9280
ALPHA 1.3049 MaxIteration 568  TIMEOUT 0.323890
 14      10319      10319      11496      0.3239      10804       10791      0.3100      2.5480
ALPHA 1.2718 MaxIteration 741  TIMEOUT 0.329063
 15      10315      10319      11444      0.3291      10785       10785      0.2800      3.1780
ALPHA 1.2402 MaxIteration 942  TIMEOUT 0.548689
 16      10342      10342      11415      0.5487      10795       10785      0.5400      4.2380
ALPHA 1.2102 MaxIteration 1168  TIMEOUT 0.642639
 17      10343      10343      11419      0.6426      10792       10785      0.0700      5.4775
ALPHA 1.1816 MaxIteration 1413  TIMEOUT 0.961239
 18      10365      10365      11390      0.9612      10794       10785      0.5600      7.3353
ALPHA 1.1543 MaxIteration 1669  TIMEOUT 0.944703
 19      10362      10365      11349      0.9447      10793       10785      0.7900      9.1580
ALPHA 1.1283 MaxIteration 1926  TIMEOUT 1.084872
 20      10367      10367      11417      1.0849      10790       10785      1.0500     11.2580
ALPHA 1.1034 MaxIteration 2173  TIMEOUT 1.170802
 21      10376      10376      11390      1.1708      10795       10785      1.1300     13.5380
ALPHA 1.0795 MaxIteration 2397  TIMEOUT 1.765710
 22      10414      10414      11381      1.7657      10788       10785      0.3100     16.9378
ALPHA 1.0567 MaxIteration 2587  TIMEOUT 2.005363
 23      10390      10414      11360      2.0054      10786       10785      0.8000     19.9180
ALPHA 1.0349 MaxIteration 2733  TIMEOUT 0.082124
 24      10251      10414      11595      0.0821>>> T1_1000_1000_2.wclq |V| 1000 |E| 1000  (#LB 0.0159 10251 ---> 10414  0.0356  10785 <--- 11425  0.0560 #UB)  #solve_ime 20.0002 read_time 0.0020 
