>>IBM: |V|=50 |E|=1000
>>IBM: The maximum node weight is 49
/public/home/acs4vb4pqv/benchmarks/MWDS2026/T1_wclq/T1_50_1000_0.wclq #seed 1 #alpha 1.900 #timeout 0.100 
#Rd        #LB        #LB*       #UB       #Time        #UB+        #UB*      #Time      #TotalTime
ALPHA 1.9000 MaxIteration 500  TIMEOUT 0.004257
  1         28         28         40      0.0043         40          40      0.0000      0.0092
ALPHA 1.9000 MaxIteration 3  TIMEOUT 0.000059
  2         24         28         62      0.0001         40          40      0.0000      0.0192
ALPHA 1.8304 MaxIteration 5  TIMEOUT 0.000197
  3         26         28         47      0.0002         40          40      0.0000      0.0292
ALPHA 1.7658 MaxIteration 9  TIMEOUT 0.000429
  4         28         28         47      0.0004         40          40      0.0000      0.0392
ALPHA 1.7056 MaxIteration 15  TIMEOUT 0.000490
  5         28         28         47      0.0005         40          40      0.0000      0.0492
ALPHA 1.6493 MaxIteration 25  TIMEOUT 0.000519
  6         28         28         47      0.0005         40          40      0.0000      0.0591
ALPHA 1.5966 MaxIteration 41  TIMEOUT 0.000795
  7         28         28         47      0.0008         40          40      0.0000      0.0692
ALPHA 1.5472 MaxIteration 65  TIMEOUT 0.000230
  8         28         28         47      0.0002         40          40      0.0000      0.0792
ALPHA 1.5008 MaxIteration 100  TIMEOUT 0.001452
  9         28         28         47      0.0015         40          40      0.0000      0.0892
ALPHA 1.4571 MaxIteration 150  TIMEOUT 0.001913
 10         28         28         47      0.0019         40          40      0.0000      0.0992
ALPHA 1.4158 MaxIteration 218  TIMEOUT 0.002807
 11         28         28         47      0.0028         40          40      0.0000      0.1092
ALPHA 1.3768 MaxIteration 308  TIMEOUT 0.004824
 12         28         28         47      0.0048         40          40      0.0000      0.1192
ALPHA 1.3399 MaxIteration 424  TIMEOUT 0.005866
 13         28         28         47      0.0059         40          40      0.0000      0.1292
ALPHA 1.3049 MaxIteration 568  TIMEOUT 0.006893
 14         28         28         47      0.0069         40          40      0.0000      0.1392
ALPHA 1.2718 MaxIteration 741  TIMEOUT 0.010631
 15         28         28         47      0.0106         40          40      0.0000      0.1692
ALPHA 1.2402 MaxIteration 942  TIMEOUT 0.011332
 16         28         28         47      0.0113         40          40      0.0000      0.1992
ALPHA 1.2102 MaxIteration 1168  TIMEOUT 0.014836
 17         28         28         47      0.0148         40          40      0.0000      0.2292
ALPHA 1.1816 MaxIteration 1413  TIMEOUT 0.018016
 18         28         28         47      0.0180         40          40      0.0000      0.2592
ALPHA 1.1543 MaxIteration 1669  TIMEOUT 0.023803
 19         28         28         47      0.0238         40          40      0.0000      0.3092
ALPHA 1.1283 MaxIteration 1926  TIMEOUT 0.025820
 20         28         28         47      0.0258         40          40      0.0000      0.3592
ALPHA 1.1034 MaxIteration 2173  TIMEOUT 0.027520
 21         28         28         47      0.0275         40          40      0.0000      0.4091
ALPHA 1.0795 MaxIteration 2397  TIMEOUT 0.030089
 22         28         28         47      0.0301         40          40      0.0000      0.4792
ALPHA 1.0567 MaxIteration 2587  TIMEOUT 0.035030
 23         28         28         47      0.0350         40          40      0.0000      0.5492
ALPHA 1.0349 MaxIteration 2733  TIMEOUT 0.038615
 24         28         28         47      0.0386         40          40      0.0000      0.6192
ALPHA 1.0349 MaxIteration 2828  TIMEOUT 0.035779
 25         28         28         47      0.0358         40          40      0.0000      0.6892
ALPHA 1.0349 MaxIteration 2926  TIMEOUT 0.037389
 26         28         28         47      0.0374         40          40      0.0000      0.7592
ALPHA 1.0349 MaxIteration 3027  TIMEOUT 0.036787
 27         28         28         47      0.0368         40          40      0.0000      0.8292
ALPHA 1.0349 MaxIteration 3132  TIMEOUT 0.039910
 28         28         28         47      0.0399         40          40      0.0000      0.8992
ALPHA 1.0349 MaxIteration 3241  TIMEOUT 0.038319
 29         28         28         47      0.0383         40          40      0.0000      0.9692
ALPHA 1.0349 MaxIteration 3353  TIMEOUT 0.042344
 30         28         28         47      0.0423         40          40      0.0000      1.0592
ALPHA 1.0349 MaxIteration 3469  TIMEOUT 0.043915
 31         28         28         47      0.0439         40          40      0.0000      1.1492
ALPHA 1.0349 MaxIteration 3589  TIMEOUT 0.044119
 32         28         28         47      0.0441         40          40      0.0000      1.2392
ALPHA 1.0349 MaxIteration 3714  TIMEOUT 0.047557
 33         28         28         47      0.0476         40          40      0.0000      1.3292
ALPHA 1.0349 MaxIteration 3843  TIMEOUT 0.048940
 34         28         28         47      0.0489         40          40      0.0000      1.4192
ALPHA 1.0349 MaxIteration 3976  TIMEOUT 0.050545
 35         28         28         47      0.0505         40          40      0.0000      1.5292
ALPHA 1.0349 MaxIteration 4114  TIMEOUT 0.050459
 36         28         28         47      0.0505         40          40      0.0000      1.6392
ALPHA 1.0349 MaxIteration 4257  TIMEOUT 0.052479
 37         28         28         47      0.0525         40          40      0.0000      1.7492
ALPHA 1.0349 MaxIteration 4405  TIMEOUT 0.051398
 38         28         28         47      0.0514         40          40      0.0000      1.8592
ALPHA 1.0349 MaxIteration 4558  TIMEOUT 0.056595
 39         28         28         47      0.0566         40          40      0.0000      1.9691
ALPHA 1.0349 MaxIteration 4716  TIMEOUT 0.055915
 40         28         28         47      0.0559         40          40      0.0000      2.0792
ALPHA 1.0349 MaxIteration 4880  TIMEOUT 0.061799
 41         28         28         47      0.0618         40          40      0.0000      2.2092
ALPHA 1.0349 MaxIteration 5050  TIMEOUT 0.059004
 42         28         28         47      0.0590         40          40      0.0000      2.3192
ALPHA 1.0349 MaxIteration 5226  TIMEOUT 0.065495
 43         28         28         47      0.0655         40          40      0.0000      2.4492
ALPHA 1.0349 MaxIteration 5408  TIMEOUT 0.069058
 44         28         28         47      0.0691         40          40      0.0000      2.5792
ALPHA 1.0349 MaxIteration 5596  TIMEOUT 0.068907
 45         28         28         47      0.0689         40          40      0.0000      2.7092
ALPHA 1.0349 MaxIteration 5791  TIMEOUT 0.075214
 46         28         28         47      0.0752         40          40      0.0000      2.8592
ALPHA 1.0349 MaxIteration 5992  TIMEOUT 0.075393
 47         28         28         47      0.0754         40          40      0.0000      2.9991
ALPHA 1.0349 MaxIteration 6200  TIMEOUT 0.074136
 48         28         28         47      0.0741         40          40      0.0000      3.1492
ALPHA 1.0349 MaxIteration 6416  TIMEOUT 0.083457
 49         28         28         47      0.0835         40          40      0.0000      3.3192
ALPHA 1.0349 MaxIteration 6639  TIMEOUT 0.082858
 50         28         28         47      0.0829         40          40      0.0000      3.4891
ALPHA 1.0349 MaxIteration 6870  TIMEOUT 0.081953
 51         28         28         47      0.0820         40          40      0.0000      3.6592
ALPHA 1.0349 MaxIteration 7109  TIMEOUT 0.091709
 52         28         28         47      0.0917         40          40      0.0000      3.8492
ALPHA 1.0349 MaxIteration 7356  TIMEOUT 0.090350
 53         28         28         47      0.0903         40          40      0.0000      4.0392
ALPHA 1.0349 MaxIteration 7612  TIMEOUT 0.096734
 54         28         28         47      0.0967         40          40      0.0000      4.2292
ALPHA 1.0349 MaxIteration 7877  TIMEOUT 0.101264
 55         28         28         47      0.1013         40          40      0.0000      4.4391
ALPHA 1.0349 MaxIteration 8151  TIMEOUT 0.104548
 56         28         28         47      0.1045         40          40      0.0000      4.6492
ALPHA 1.0349 MaxIteration 8435  TIMEOUT 0.108557
 57         28         28         47      0.1086         40          40      0.0000      4.8592
ALPHA 1.0349 MaxIteration 8729  TIMEOUT 0.108915
 58         28         28         47      0.1089         40          40      0.0000      5.0692
ALPHA 1.0349 MaxIteration 9033  TIMEOUT 0.110819
 59         28         28         47      0.1108         40          40      0.0000      5.2992
ALPHA 1.0349 MaxIteration 9347  TIMEOUT 0.113524
 60         28         28         47      0.1135         40          40      0.0000      5.5291
ALPHA 1.0349 MaxIteration 9672  TIMEOUT 0.121058
 61         28         28         47      0.1211         40          40      0.0000      5.7692
ALPHA 1.0349 MaxIteration 10009  TIMEOUT 0.126517
 62         28         28         47      0.1265         40          40      0.0000      6.0192
ALPHA 1.0349 MaxIteration 10357  TIMEOUT 0.126973
 63         28         28         47      0.1270         40          40      0.0000      6.2692
ALPHA 1.0349 MaxIteration 10718  TIMEOUT 0.133731
 64         28         28         47      0.1337         40          40      0.0000      6.5392
ALPHA 1.0349 MaxIteration 11091  TIMEOUT 0.140202
 65         28         28         47      0.1402         40          40      0.0000      6.8292
ALPHA 1.0349 MaxIteration 11477  TIMEOUT 0.145703
 66         28         28         47      0.1457         40          40      0.0000      7.1192
ALPHA 1.0349 MaxIteration 11877  TIMEOUT 0.152004
 67         28         28         47      0.1520         40          40      0.0000      7.4292
ALPHA 1.0349 MaxIteration 12291  TIMEOUT 0.155772
 68         28         28         47      0.1558         40          40      0.0000      7.7292
ALPHA 1.0349 MaxIteration 12719  TIMEOUT 0.163883
 69         28         28         47      0.1639         40          40      0.0000      8.0592
ALPHA 1.0349 MaxIteration 13162  TIMEOUT 0.167139
 70         28         28         47      0.1671         40          40      0.0000      8.3892
ALPHA 1.0349 MaxIteration 13620  TIMEOUT 0.175805
 71         28         28         47      0.1758         40          40      0.0000      8.7392
ALPHA 1.0349 MaxIteration 14094  TIMEOUT 0.183546
 72         28         28         47      0.1835         40          40      0.0000      9.1092
ALPHA 1.0349 MaxIteration 14585  TIMEOUT 0.190729
 73         28         28         47      0.1907         40          40      0.0000      9.4992
ALPHA 1.0349 MaxIteration 15093  TIMEOUT 0.196359
 74         28         28         47      0.1964         40          40      0.0000      9.8892
ALPHA 1.0349 MaxIteration 15619  TIMEOUT 0.195535
 75         28         28         47      0.1955         40          40      0.0000     10.2792
ALPHA 1.0349 MaxIteration 16163  TIMEOUT 0.201730
 76         28         28         47      0.2017         40          40      0.0000     10.6792
ALPHA 1.0349 MaxIteration 16726  TIMEOUT 0.210308
 77         28         28         47      0.2103         40          40      0.0000     11.1092
ALPHA 1.0349 MaxIteration 17309  TIMEOUT 0.217766
 78         28         28         47      0.2178         40          40      0.0000     11.5392
ALPHA 1.0349 MaxIteration 17912  TIMEOUT 0.226693
 79         28         28         47      0.2267         40          40      0.0000     11.9892
ALPHA 1.0349 MaxIteration 18536  TIMEOUT 0.238370
 80         28         28         47      0.2384         40          40      0.0000     12.4592
ALPHA 1.0349 MaxIteration 19182  TIMEOUT 0.239652
 81         28         28         47      0.2397         40          40      0.0000     12.9292
ALPHA 1.0349 MaxIteration 19850  TIMEOUT 0.248308
 82         28         28         47      0.2483         40          40      0.0000     13.4192
ALPHA 1.0349 MaxIteration 20541  TIMEOUT 0.259574
 83         28         28         47      0.2596         40          40      0.0000     13.9292
ALPHA 1.0349 MaxIteration 21257  TIMEOUT 0.261539
 84         28         28         47      0.2615         40          40      0.0000     14.4491
ALPHA 1.0349 MaxIteration 21997  TIMEOUT 0.282868
 85         28         28         47      0.2829         40          40      0.0000     15.0192
ALPHA 1.0349 MaxIteration 22763  TIMEOUT 0.288764
 86         28         28         47      0.2888         40          40      0.0000     15.5892
ALPHA 1.0349 MaxIteration 23556  TIMEOUT 0.300731
 87         28         28         47      0.3007         40          40      0.0000     16.1992
ALPHA 1.0349 MaxIteration 24377  TIMEOUT 0.306644
 88         28         28         47      0.3066         40          40      0.0000     16.8091
ALPHA 1.0349 MaxIteration 25226  TIMEOUT 0.319069
 89         28         28         47      0.3191         40          40      0.0000     17.4392
ALPHA 1.0349 MaxIteration 26105  TIMEOUT 0.323718
 90         28         28         47      0.3237         40          40      0.0000     18.0891
ALPHA 1.0349 MaxIteration 27014  TIMEOUT 0.340250
 91         28         28         47      0.3403         40          40      0.0000     18.7792
ALPHA 1.0349 MaxIteration 27955  TIMEOUT 0.348672
 92         28         28         47      0.3487         40          40      0.0000     19.4592
ALPHA 1.0349 MaxIteration 28929  TIMEOUT 0.360120
 93         28         28         47      0.3601         40          40      0.0000     20.0092
>>> T1_50_1000_0.wclq |V| 50 |E| 1000  (#LB 0.0000 28 ---> 28  0.4286  40 <--- 40  0.0000 #UB)  #solve_ime 20.0092 read_time 0.0009 
