>>IBM: |V|=200 |E|=250
>>IBM: The maximum node weight is 49
/public/home/acs4vb4pqv/benchmarks/MWDS2026/T1_wclq/T1_200_250_7.wclq #seed 103 #alpha 1.900 #timeout 0.100 
#Rd        #LB        #LB*       #UB       #Time        #UB+        #UB*      #Time      #TotalTime
ALPHA 1.9000 MaxIteration 500  TIMEOUT 0.033250
  1       1833       1833       2011      0.0333       1937        1937      0.0300      0.0689
ALPHA 1.9000 MaxIteration 3  TIMEOUT 0.000443
  2       1785       1833       2101      0.0004       1940        1937      0.0000      0.0789
ALPHA 1.8304 MaxIteration 5  TIMEOUT 0.000550
  3       1798       1833       2176      0.0006       1940        1937      0.0000      0.0889
ALPHA 1.7658 MaxIteration 9  TIMEOUT 0.000879
  4       1797       1833       2093      0.0009       1941        1937      0.0000      0.0989
ALPHA 1.7056 MaxIteration 15  TIMEOUT 0.001175
  5       1797       1833       2080      0.0012       1940        1937      0.0000      0.1089
ALPHA 1.6493 MaxIteration 25  TIMEOUT 0.003365
  6       1854       1854       2059      0.0034       1940        1937      0.0000      0.1189
ALPHA 1.5966 MaxIteration 41  TIMEOUT 0.003338
  7       1823       1854       2069      0.0033       1940        1937      0.0000      0.1277
ALPHA 1.5472 MaxIteration 65  TIMEOUT 0.006846
  8       1846       1854       2036      0.0068       1944        1937      0.0000      0.1389
ALPHA 1.5008 MaxIteration 100  TIMEOUT 0.008802
  9       1836       1854       2042      0.0088       1953        1937      0.0000      0.1489
ALPHA 1.4571 MaxIteration 150  TIMEOUT 0.015115
 10       1861       1861       2035      0.0151       1937        1937      0.0100      0.1789
ALPHA 1.4158 MaxIteration 218  TIMEOUT 0.016695
 11       1862       1862       2038      0.0167       1944        1937      0.0100      0.2089
ALPHA 1.3768 MaxIteration 308  TIMEOUT 0.025588
 12       1852       1862       2043      0.0256       1937        1937      0.0000      0.2589
ALPHA 1.3399 MaxIteration 424  TIMEOUT 0.027171
 13       1863       1863       2028      0.0272       1937        1937      0.0000      0.3025
ALPHA 1.3049 MaxIteration 568  TIMEOUT 0.075169
 14       1866       1866       2046      0.0752       1937        1937      0.0100      0.4489
ALPHA 1.2718 MaxIteration 741  TIMEOUT 0.043245
 15       1865       1866       2039      0.0432       1937        1937      0.0100      0.5389
ALPHA 1.2402 MaxIteration 942  TIMEOUT 0.067545
 16       1863       1866       2044      0.0675       1937        1937      0.0200      0.6589
ALPHA 1.2102 MaxIteration 1168  TIMEOUT 0.057129
 17       1869       1869       2044      0.0571       1937        1937      0.0200      0.7614
ALPHA 1.1816 MaxIteration 1413  TIMEOUT 0.074120
 18       1863       1869       2047      0.0741       1937        1937      0.0100      0.8989
ALPHA 1.1543 MaxIteration 1669  TIMEOUT 0.059678
 19       1867       1869       2040      0.0597       1937        1937      0.0200      1.0089
ALPHA 1.1283 MaxIteration 1926  TIMEOUT 0.114870
 20       1871       1871       2040      0.1149       1937        1937      0.0100      1.2289
ALPHA 1.1034 MaxIteration 2173  TIMEOUT 0.126177
 21       1870       1871       2041      0.1262       1937        1937      0.0100      1.4689
ALPHA 1.0795 MaxIteration 2397  TIMEOUT 0.094373
 22       1871       1871       2015      0.0944       1937        1937      0.0100      1.6489
ALPHA 1.0567 MaxIteration 2587  TIMEOUT 0.113273
 23       1869       1871       2015      0.1133       1937        1937      0.0100      1.8753
ALPHA 1.0349 MaxIteration 2733  TIMEOUT 0.094649
 24       1867       1871       2028      0.0946       1937        1937      0.0000      2.0689
ALPHA 1.0349 MaxIteration 2828  TIMEOUT 0.118842
 25       1868       1871       2019      0.1188       1937        1937      0.0200      2.2862
ALPHA 1.0349 MaxIteration 2926  TIMEOUT 0.173649
 26       1875       1875       2030      0.1736       1937        1937      0.0100      2.6289
ALPHA 1.0349 MaxIteration 3027  TIMEOUT 0.136895
 27       1869       1875       2015      0.1369       1937        1937      0.0600      2.8989
ALPHA 1.0349 MaxIteration 3132  TIMEOUT 0.119612
 28       1869       1875       2020      0.1196       1937        1937      0.0200      3.1289
ALPHA 1.0349 MaxIteration 3241  TIMEOUT 0.137212
 29       1866       1875       2053      0.1372       1937        1937      0.0200      3.3889
ALPHA 1.0349 MaxIteration 3353  TIMEOUT 0.123874
 30       1867       1875       2038      0.1239       1937        1937      0.0100      3.6389
ALPHA 1.0349 MaxIteration 3469  TIMEOUT 0.198740
 31       1869       1875       2031      0.1987       1937        1937      0.0100      4.0189
ALPHA 1.0349 MaxIteration 3589  TIMEOUT 0.125076
 32       1869       1875       2036      0.1251       1937        1937      0.0200      4.2689
ALPHA 1.0349 MaxIteration 3714  TIMEOUT 0.127871
 33       1869       1875       2034      0.1279       1937        1937      0.0300      4.5089
ALPHA 1.0349 MaxIteration 3843  TIMEOUT 0.169767
 34       1870       1875       2033      0.1698       1937        1937      0.0100      4.8289
ALPHA 1.0349 MaxIteration 3976  TIMEOUT 0.142963
 35       1869       1875       2031      0.1430       1937        1937      0.0100      5.1089
ALPHA 1.0349 MaxIteration 4114  TIMEOUT 0.375215
 36       1870       1875       2018      0.3752       1937        1937      0.0200      5.8189
ALPHA 1.0349 MaxIteration 4257  TIMEOUT 0.323067
 37       1871       1875       2028      0.3231       1937        1937      0.0100      6.4489
ALPHA 1.0349 MaxIteration 4405  TIMEOUT 0.164382
 38       1874       1875       2030      0.1644       1937        1937      0.0100      6.7689
ALPHA 1.0349 MaxIteration 4558  TIMEOUT 0.189286
 39       1871       1875       2015      0.1893       1937        1937      0.0200      7.1289
ALPHA 1.0349 MaxIteration 4716  TIMEOUT 0.243725
 40       1870       1875       2030      0.2437       1937        1937      0.0100      7.5989
ALPHA 1.0349 MaxIteration 4880  TIMEOUT 0.414485
 41       1876       1876       2028      0.4145       1937        1937      0.0200      8.3989
ALPHA 1.0349 MaxIteration 5050  TIMEOUT 0.302772
 42       1876       1876       2027      0.3028       1937        1937      0.0000      8.9789
ALPHA 1.0349 MaxIteration 5226  TIMEOUT 0.259594
 43       1870       1876       2027      0.2596       1937        1937      0.0100      9.4589
ALPHA 1.0349 MaxIteration 5408  TIMEOUT 0.329173
 44       1871       1876       2015      0.3292       1937        1937      0.0100     10.0789
ALPHA 1.0349 MaxIteration 5596  TIMEOUT 0.199749
 45       1873       1876       2028      0.1997       1937        1937      0.0100     10.4489
ALPHA 1.0349 MaxIteration 5791  TIMEOUT 0.292861
 46       1876       1876       2025      0.2929       1937        1937      0.0100     11.0095
ALPHA 1.0349 MaxIteration 5992  TIMEOUT 0.195470
 47       1871       1876       2028      0.1955       1937        1937      0.0100     11.3889
ALPHA 1.0349 MaxIteration 6200  TIMEOUT 0.382206
 48       1872       1876       2012      0.3822       1937        1937      0.0300     12.1289
ALPHA 1.0349 MaxIteration 6416  TIMEOUT 0.206179
 49       1871       1876       2027      0.2062       1937        1937      0.0000     12.5289
ALPHA 1.0349 MaxIteration 6639  TIMEOUT 0.375045
 50       1873       1876       2027      0.3750       1937        1937      0.0100     13.2689
ALPHA 1.0349 MaxIteration 6870  TIMEOUT 0.223386
 51       1871       1876       2027      0.2234       1937        1937      0.0100     13.7089
ALPHA 1.0349 MaxIteration 7109  TIMEOUT 0.230717
 52       1871       1876       2027      0.2307       1937        1937      0.0200     14.1589
ALPHA 1.0349 MaxIteration 7356  TIMEOUT 0.320923
 53       1872       1876       2027      0.3209       1937        1937      0.0000     14.7789
ALPHA 1.0349 MaxIteration 7612  TIMEOUT 0.244647
 54       1871       1876       2022      0.2446       1937        1937      0.0200     15.2511
ALPHA 1.0349 MaxIteration 7877  TIMEOUT 0.300633
 55       1871       1876       2028      0.3006       1937        1937      0.0100     15.8289
ALPHA 1.0349 MaxIteration 8151  TIMEOUT 0.529602
 56       1873       1876       2034      0.5296       1937        1937      0.0400     16.8289
ALPHA 1.0349 MaxIteration 8435  TIMEOUT 0.304552
 57       1867       1876       2008      0.3046       1937        1937      0.0200     17.4189
ALPHA 1.0349 MaxIteration 8729  TIMEOUT 0.555881
 58       1871       1876       2006      0.5559       1937        1937      0.0100     18.4889
ALPHA 1.0349 MaxIteration 9033  TIMEOUT 0.384954
 59       1871       1876       2028      0.3850       1937        1937      0.0100     19.2289
ALPHA 1.0349 MaxIteration 9347  TIMEOUT 0.376910
 60       1871       1876       2018      0.3769       1937        1937      0.0100     19.9489
ALPHA 1.0349 MaxIteration 9672  TIMEOUT 0.051128
 61       1868       1876       2049      0.0511>>> T1_200_250_7.wclq |V| 200 |E| 250  (#LB 0.0235 1833 ---> 1876  0.0325  1937 <--- 2011  0.0368 #UB)  #solve_ime 20.0000 read_time 0.0011 
