>>IBM: |V|=1000 |E|=52120
>>IBM: The maximum node weight is 100
/public/home/acs4vb4pqv/benchmarks/MWDS2026/UDG_wclq/UDG_1000_200_8.wclq #seed 2 #alpha 1.900 #timeout 0.100 
#Rd        #LB        #LB*       #UB       #Time        #UB+        #UB*      #Time      #TotalTime
ALPHA 1.9000 MaxIteration 500  TIMEOUT 0.394594
  1         38         38         41      0.3946         41          41      0.0000      0.7949
ALPHA 1.9000 MaxIteration 3  TIMEOUT 0.002524
  2         36         38         42      0.0025         41          41      0.0000      0.8050
ALPHA 1.8304 MaxIteration 5  TIMEOUT 0.004284
  3         37         38         42      0.0043         41          41      0.0000      0.8150
ALPHA 1.7658 MaxIteration 9  TIMEOUT 0.005806
  4         37         38         41      0.0058         41          41      0.0000      0.8251
ALPHA 1.7056 MaxIteration 15  TIMEOUT 0.011949
  5         38         38         42      0.0119         41          41      0.0000      0.8551
ALPHA 1.6493 MaxIteration 25  TIMEOUT 0.017197
  6         38         38         41      0.0172         41          41      0.0000      0.8850
ALPHA 1.5966 MaxIteration 41  TIMEOUT 0.028729
  7         38         38         42      0.0287         41          41      0.0100      0.9351
ALPHA 1.5472 MaxIteration 65  TIMEOUT 0.045298
  8         38         38         42      0.0453         41          41      0.0000      1.0251
ALPHA 1.5008 MaxIteration 100  TIMEOUT 0.066289
  9         38         38         42      0.0663         41          41      0.0000      1.1550
ALPHA 1.4571 MaxIteration 150  TIMEOUT 0.100291
 10         38         38         42      0.1003         41          41      0.0000      1.3649
ALPHA 1.4158 MaxIteration 218  TIMEOUT 0.140022
 11         38         38         42      0.1400         41          41      0.0000      1.6550
ALPHA 1.3768 MaxIteration 308  TIMEOUT 0.199775
 12         38         38         42      0.1998         41          41      0.0000      2.0551
ALPHA 1.3399 MaxIteration 424  TIMEOUT 0.270850
 13         38         38         42      0.2708         41          41      0.0000      2.6049
ALPHA 1.3049 MaxIteration 568  TIMEOUT 0.362003
 14         38         38         42      0.3620         41          41      0.0000      3.3350
ALPHA 1.2718 MaxIteration 741  TIMEOUT 0.466814
 15         38         38         41      0.4668         41          41      0.0000      4.2649
ALPHA 1.2402 MaxIteration 942  TIMEOUT 0.597850
 16         38         38         42      0.5979         41          41      0.0000      5.4549
ALPHA 1.2102 MaxIteration 1168  TIMEOUT 0.735619
 17         38         38         42      0.7356         41          41      0.0000      6.9250
ALPHA 1.1816 MaxIteration 1413  TIMEOUT 0.875086
 18         38         38         41      0.8751         41          41      0.0000      8.6649
ALPHA 1.1543 MaxIteration 1669  TIMEOUT 1.043292
 19         38         38         42      1.0433         41          41      0.0000     10.7549
ALPHA 1.1283 MaxIteration 1926  TIMEOUT 1.192058
 20         38         38         41      1.1921         41          41      0.0000     13.1450
ALPHA 1.1034 MaxIteration 2173  TIMEOUT 1.354012
 21         38         38         42      1.3540         41          41      0.0000     15.8550
ALPHA 1.0795 MaxIteration 2397  TIMEOUT 1.495083
 22         38         38         41      1.4951         41          41      0.0000     18.8450
ALPHA 1.0567 MaxIteration 2587  TIMEOUT 1.155096
 23         38         38         41      1.1551>>> UDG_1000_200_8.wclq |V| 1000 |E| 52120  (#LB 0.0000 38 ---> 38  0.0789  41 <--- 41  0.0000 #UB)  #solve_ime 20.0001 read_time 0.0151 
