>>IBM: |V|=1000 |E|=52120
>>IBM: The maximum node weight is 100
/public/home/acs4vb4pqv/benchmarks/MWDS2026/UDG_wclq/UDG_1000_200_8.wclq #seed 103 #alpha 1.900 #timeout 0.100 
#Rd        #LB        #LB*       #UB       #Time        #UB+        #UB*      #Time      #TotalTime
ALPHA 1.9000 MaxIteration 500  TIMEOUT 0.387375
  1         38         38         41      0.3874         41          41      0.0000      0.7743
ALPHA 1.9000 MaxIteration 3  TIMEOUT 0.002738
  2         36         38         42      0.0027         41          41      0.0000      0.7843
ALPHA 1.8304 MaxIteration 5  TIMEOUT 0.004420
  3         37         38         42      0.0044         41          41      0.0000      0.7943
ALPHA 1.7658 MaxIteration 9  TIMEOUT 0.005966
  4         37         38         41      0.0060         41          41      0.0000      0.8043
ALPHA 1.7056 MaxIteration 15  TIMEOUT 0.013533
  5         38         38         42      0.0135         41          41      0.0000      0.8344
ALPHA 1.6493 MaxIteration 25  TIMEOUT 0.017031
  6         38         38         41      0.0170         41          41      0.0000      0.8644
ALPHA 1.5966 MaxIteration 41  TIMEOUT 0.028628
  7         38         38         42      0.0286         41          41      0.0000      0.9143
ALPHA 1.5472 MaxIteration 65  TIMEOUT 0.043073
  8         38         38         42      0.0431         41          41      0.0000      1.0044
ALPHA 1.5008 MaxIteration 100  TIMEOUT 0.067238
  9         38         38         42      0.0672         41          41      0.0000      1.1344
ALPHA 1.4571 MaxIteration 150  TIMEOUT 0.098305
 10         38         38         42      0.0983         41          41      0.0000      1.3243
ALPHA 1.4158 MaxIteration 218  TIMEOUT 0.137818
 11         38         38         42      0.1378         41          41      0.0000      1.5943
ALPHA 1.3768 MaxIteration 308  TIMEOUT 0.197706
 12         38         38         42      0.1977         41          41      0.0000      1.9844
ALPHA 1.3399 MaxIteration 424  TIMEOUT 0.274144
 13         38         38         42      0.2741         41          41      0.0000      2.5343
ALPHA 1.3049 MaxIteration 568  TIMEOUT 0.365331
 14         38         38         42      0.3653         41          41      0.0000      3.2644
ALPHA 1.2718 MaxIteration 741  TIMEOUT 0.468139
 15         38         38         41      0.4681         41          41      0.0000      4.1944
ALPHA 1.2402 MaxIteration 942  TIMEOUT 0.599749
 16         38         38         42      0.5997         41          41      0.0000      5.3845
ALPHA 1.2102 MaxIteration 1168  TIMEOUT 0.743389
 17         38         38         42      0.7434         41          41      0.0000      6.8744
ALPHA 1.1816 MaxIteration 1413  TIMEOUT 0.877634
 18         38         38         41      0.8776         41          41      0.0000      8.6243
ALPHA 1.1543 MaxIteration 1669  TIMEOUT 1.044592
 19         38         38         42      1.0446         41          41      0.0000     10.7145
ALPHA 1.1283 MaxIteration 1926  TIMEOUT 1.195777
 20         38         38         41      1.1958         41          41      0.0000     13.0944
ALPHA 1.1034 MaxIteration 2173  TIMEOUT 1.360574
 21         38         38         42      1.3606         41          41      0.0000     15.8244
ALPHA 1.0795 MaxIteration 2397  TIMEOUT 1.492151
 22         38         38         41      1.4922         41          41      0.0000     18.8143
ALPHA 1.0567 MaxIteration 2587  TIMEOUT 1.186204
 23         38         38         41      1.1862>>> UDG_1000_200_8.wclq |V| 1000 |E| 52120  (#LB 0.0000 38 ---> 38  0.0789  41 <--- 41  0.0000 #UB)  #solve_ime 20.0006 read_time 0.0157 
