>>IBM: |V|=200 |E|=250
>>IBM: The maximum node weight is 49
/public/home/acs4vb4pqv/benchmarks/MWDS2026/T1_wclq/T1_200_250_7.wclq #seed 1 #alpha 1.900 #timeout 0.100 
#Rd        #LB        #LB*       #UB       #Time        #UB+        #UB*      #Time      #TotalTime
ALPHA 1.9000 MaxIteration 500  TIMEOUT 0.030559
  1       1833       1833       2011      0.0306       1937        1937      0.0000      0.0691
ALPHA 1.9000 MaxIteration 3  TIMEOUT 0.000268
  2       1736       1833       2213      0.0003       1940        1937      0.0000      0.0771
ALPHA 1.8304 MaxIteration 5  TIMEOUT 0.000776
  3       1804       1833       2154      0.0008       1953        1937      0.0000      0.0791
ALPHA 1.7658 MaxIteration 9  TIMEOUT 0.000948
  4       1782       1833       2116      0.0009       1940        1937      0.0000      0.0891
ALPHA 1.7056 MaxIteration 15  TIMEOUT 0.001517
  5       1797       1833       2095      0.0015       1938        1937      0.0000      0.0991
ALPHA 1.6493 MaxIteration 25  TIMEOUT 0.002612
  6       1817       1833       2072      0.0026       1940        1937      0.0000      0.1091
ALPHA 1.5966 MaxIteration 41  TIMEOUT 0.001879
  7       1814       1833       2092      0.0019       1944        1937      0.0000      0.1191
ALPHA 1.5472 MaxIteration 65  TIMEOUT 0.002986
  8       1819       1833       2070      0.0030       1940        1937      0.0000      0.1291
ALPHA 1.5008 MaxIteration 100  TIMEOUT 0.009787
  9       1845       1845       2029      0.0098       1979        1937      0.0000      0.1391
ALPHA 1.4571 MaxIteration 150  TIMEOUT 0.006276
 10       1848       1848       2037      0.0063       1952        1937      0.0000      0.1491
ALPHA 1.4158 MaxIteration 218  TIMEOUT 0.012805
 11       1858       1858       2054      0.0128       1937        1937      0.0000      0.1791
ALPHA 1.3768 MaxIteration 308  TIMEOUT 0.018530
 12       1856       1858       2040      0.0185       1937        1937      0.0100      0.2091
ALPHA 1.3399 MaxIteration 424  TIMEOUT 0.021836
 13       1858       1858       2003      0.0218       1937        1937      0.0000      0.2591
ALPHA 1.3049 MaxIteration 568  TIMEOUT 0.023893
 14       1858       1858       2003      0.0239       1937        1937      0.0100      0.3091
ALPHA 1.2718 MaxIteration 741  TIMEOUT 0.042995
 15       1866       1866       2048      0.0430       1937        1937      0.0100      0.3891
ALPHA 1.2402 MaxIteration 942  TIMEOUT 0.036276
 16       1858       1866       2003      0.0363       1937        1937      0.0100      0.4591
ALPHA 1.2102 MaxIteration 1168  TIMEOUT 0.043650
 17       1864       1866       2025      0.0437       1937        1937      0.0100      0.5491
ALPHA 1.1816 MaxIteration 1413  TIMEOUT 0.112322
 18       1871       1871       2037      0.1123       1937        1937      0.0000      0.7691
ALPHA 1.1543 MaxIteration 1669  TIMEOUT 0.097484
 19       1869       1871       2003      0.0975       1937        1937      0.0100      0.9491
ALPHA 1.1283 MaxIteration 1926  TIMEOUT 0.067710
 20       1864       1871       2037      0.0677       1937        1937      0.0200      1.0791
ALPHA 1.1034 MaxIteration 2173  TIMEOUT 0.112152
 21       1871       1871       2003      0.1122       1937        1937      0.0500      1.2991
ALPHA 1.0795 MaxIteration 2397  TIMEOUT 0.103138
 22       1866       1871       2003      0.1031       1937        1937      0.0200      1.4991
ALPHA 1.0567 MaxIteration 2587  TIMEOUT 0.154981
 23       1876       1876       2003      0.1550       1937        1937      0.0100      1.7991
ALPHA 1.0349 MaxIteration 2733  TIMEOUT 0.248434
 24       1871       1876       2030      0.2484       1937        1937      0.0100      2.2691
ALPHA 1.0349 MaxIteration 2828  TIMEOUT 0.167756
 25       1871       1876       2020      0.1678       1937        1937      0.0100      2.5891
ALPHA 1.0349 MaxIteration 2926  TIMEOUT 0.220418
 26       1874       1876       2005      0.2204       1937        1937      0.0000      3.0191
ALPHA 1.0349 MaxIteration 3027  TIMEOUT 0.099105
 27       1864       1876       2005      0.0991       1937        1937      0.0100      3.2091
ALPHA 1.0349 MaxIteration 3132  TIMEOUT 0.165668
 28       1871       1876       2042      0.1657       1937        1937      0.0100      3.5191
ALPHA 1.0349 MaxIteration 3241  TIMEOUT 0.170232
 29       1870       1876       2041      0.1702       1937        1937      0.0100      3.8591
ALPHA 1.0349 MaxIteration 3353  TIMEOUT 0.206981
 30       1876       1876       2023      0.2070       1937        1937      0.0100      4.2591
ALPHA 1.0349 MaxIteration 3469  TIMEOUT 0.191255
 31       1871       1876       2024      0.1913       1937        1937      0.0000      4.6391
ALPHA 1.0349 MaxIteration 3589  TIMEOUT 0.152465
 32       1872       1876       2003      0.1525       1937        1937      0.0200      4.9391
ALPHA 1.0349 MaxIteration 3714  TIMEOUT 0.193400
 33       1869       1876       2025      0.1934       1937        1937      0.0200      5.3191
ALPHA 1.0349 MaxIteration 3843  TIMEOUT 0.175764
 34       1871       1876       2011      0.1758       1937        1937      0.0100      5.6491
ALPHA 1.0349 MaxIteration 3976  TIMEOUT 0.229622
 35       1871       1876       2028      0.2296       1937        1937      0.0100      6.0791
ALPHA 1.0349 MaxIteration 4114  TIMEOUT 0.231310
 36       1871       1876       2003      0.2313       1937        1937      0.0100      6.5299
ALPHA 1.0349 MaxIteration 4257  TIMEOUT 0.270246
 37       1871       1876       2034      0.2702       1937        1937      0.0500      7.0591
ALPHA 1.0349 MaxIteration 4405  TIMEOUT 0.200966
 38       1871       1876       2028      0.2010       1937        1937      0.0100      7.4491
ALPHA 1.0349 MaxIteration 4558  TIMEOUT 0.269796
 39       1871       1876       2034      0.2698       1937        1937      0.0100      7.9591
ALPHA 1.0349 MaxIteration 4716  TIMEOUT 0.174401
 40       1874       1876       2003      0.1744       1937        1937      0.0200      8.2891
ALPHA 1.0349 MaxIteration 4880  TIMEOUT 0.319767
 41       1876       1876       2031      0.3198       1937        1937      0.0100      8.9056
ALPHA 1.0349 MaxIteration 5050  TIMEOUT 0.300290
 42       1871       1876       2026      0.3003       1937        1937      0.0200      9.4791
ALPHA 1.0349 MaxIteration 5226  TIMEOUT 0.217977
 43       1871       1876       2018      0.2180       1937        1937      0.0100      9.8891
ALPHA 1.0349 MaxIteration 5408  TIMEOUT 0.213310
 44       1877       1877       2036      0.2133       1937        1937      0.0100     10.2991
ALPHA 1.0349 MaxIteration 5596  TIMEOUT 0.325534
 45       1874       1877       2018      0.3255       1937        1937      0.0100     10.9191
ALPHA 1.0349 MaxIteration 5791  TIMEOUT 0.253921
 46       1872       1877       2020      0.2539       1937        1937      0.0000     11.4091
ALPHA 1.0349 MaxIteration 5992  TIMEOUT 0.236552
 47       1868       1877       2038      0.2366       1937        1937      0.0200     11.8591
ALPHA 1.0349 MaxIteration 6200  TIMEOUT 0.236058
 48       1871       1877       2031      0.2361       1937        1937      0.0100     12.3191
ALPHA 1.0349 MaxIteration 6416  TIMEOUT 0.312880
 49       1876       1877       2018      0.3129       1937        1937      0.0100     12.9291
ALPHA 1.0349 MaxIteration 6639  TIMEOUT 0.316501
 50       1871       1877       2043      0.3165       1937        1937      0.0300     13.5291
ALPHA 1.0349 MaxIteration 6870  TIMEOUT 0.371769
 51       1874       1877       2021      0.3718       1937        1937      0.0000     14.2491
ALPHA 1.0349 MaxIteration 7109  TIMEOUT 0.363580
 52       1873       1877       2023      0.3636       1937        1937      0.0100     14.9400
ALPHA 1.0349 MaxIteration 7356  TIMEOUT 0.280303
 53       1876       1877       2003      0.2803       1937        1937      0.0100     15.4940
ALPHA 1.0349 MaxIteration 7612  TIMEOUT 0.426247
 54       1874       1877       2028      0.4262       1937        1937      0.0100     16.3191
ALPHA 1.0349 MaxIteration 7877  TIMEOUT 0.310806
 55       1876       1877       2023      0.3108       1937        1937      0.0000     16.9291
ALPHA 1.0349 MaxIteration 8151  TIMEOUT 0.547843
 56       1872       1877       2018      0.5478       1937        1937      0.0200     17.9591
ALPHA 1.0349 MaxIteration 8435  TIMEOUT 0.460073
 57       1876       1877       2003      0.4601       1937        1937      0.0000     18.8491
ALPHA 1.0349 MaxIteration 8729  TIMEOUT 0.534400
 58       1876       1877       2003      0.5344       1937        1937      0.0100     19.8891
ALPHA 1.0349 MaxIteration 9033  TIMEOUT 0.110942
 59       1871       1877       2030      0.1109>>> T1_200_250_7.wclq |V| 200 |E| 250  (#LB 0.0240 1833 ---> 1877  0.0320  1937 <--- 2011  0.0368 #UB)  #solve_ime 20.0000 read_time 0.0009 
