>>IBM: |V|=1000 |E|=52120
>>IBM: The maximum node weight is 100
/public/home/acs4vb4pqv/benchmarks/MWDS2026/UDG_wclq/UDG_1000_200_8.wclq #seed 102 #alpha 1.900 #timeout 0.100 
#Rd        #LB        #LB*       #UB       #Time        #UB+        #UB*      #Time      #TotalTime
ALPHA 1.9000 MaxIteration 500  TIMEOUT 0.394877
  1         38         38         41      0.3949         41          41      0.0000      0.7893
ALPHA 1.9000 MaxIteration 3  TIMEOUT 0.002777
  2         36         38         42      0.0028         41          41      0.0000      0.7993
ALPHA 1.8304 MaxIteration 5  TIMEOUT 0.005383
  3         37         38         42      0.0054         41          41      0.0000      0.8094
ALPHA 1.7658 MaxIteration 9  TIMEOUT 0.006373
  4         37         38         41      0.0064         41          41      0.0000      0.8193
ALPHA 1.7056 MaxIteration 15  TIMEOUT 0.010350
  5         38         38         42      0.0103         41          41      0.0000      0.8493
ALPHA 1.6493 MaxIteration 25  TIMEOUT 0.018820
  6         38         38         41      0.0188         41          41      0.0000      0.8794
ALPHA 1.5966 MaxIteration 41  TIMEOUT 0.029581
  7         38         38         42      0.0296         41          41      0.0000      0.9393
ALPHA 1.5472 MaxIteration 65  TIMEOUT 0.041272
  8         38         38         42      0.0413         41          41      0.0000      1.0294
ALPHA 1.5008 MaxIteration 100  TIMEOUT 0.068300
  9         38         38         42      0.0683         41          41      0.0000      1.1593
ALPHA 1.4571 MaxIteration 150  TIMEOUT 0.097142
 10         38         38         42      0.0971         41          41      0.0000      1.3494
ALPHA 1.4158 MaxIteration 218  TIMEOUT 0.141564
 11         38         38         42      0.1416         41          41      0.0000      1.6393
ALPHA 1.3768 MaxIteration 308  TIMEOUT 0.201315
 12         38         38         42      0.2013         41          41      0.0000      2.0493
ALPHA 1.3399 MaxIteration 424  TIMEOUT 0.275701
 13         38         38         42      0.2757         41          41      0.0000      2.5994
ALPHA 1.3049 MaxIteration 568  TIMEOUT 0.364222
 14         38         38         42      0.3642         41          41      0.0000      3.3294
ALPHA 1.2718 MaxIteration 741  TIMEOUT 0.481028
 15         38         38         41      0.4810         41          41      0.0000      4.2994
ALPHA 1.2402 MaxIteration 942  TIMEOUT 0.608479
 16         38         38         42      0.6085         41          41      0.0100      5.5093
ALPHA 1.2102 MaxIteration 1168  TIMEOUT 0.752034
 17         38         38         42      0.7520         41          41      0.0000      7.0195
ALPHA 1.1816 MaxIteration 1413  TIMEOUT 0.890302
 18         38         38         41      0.8903         41          41      0.0000      8.8094
ALPHA 1.1543 MaxIteration 1669  TIMEOUT 1.053202
 19         38         38         42      1.0532         41          41      0.0000     10.9194
ALPHA 1.1283 MaxIteration 1926  TIMEOUT 1.209857
 20         38         38         41      1.2099         41          41      0.0000     13.3393
ALPHA 1.1034 MaxIteration 2173  TIMEOUT 1.372777
 21         38         38         42      1.3728         41          41      0.0000     16.0894
ALPHA 1.0795 MaxIteration 2397  TIMEOUT 1.514170
 22         38         38         41      1.5142         41          41      0.0000     19.1094
ALPHA 1.0567 MaxIteration 2587  TIMEOUT 0.890657
 23         38         38         41      0.8907>>> UDG_1000_200_8.wclq |V| 1000 |E| 52120  (#LB 0.0000 38 ---> 38  0.0789  41 <--- 41  0.0000 #UB)  #solve_ime 20.0001 read_time 0.0107 
