>>IBM: |V|=1000 |E|=1000
>>IBM: The maximum node weight is 49
/public/home/acs4vb4pqv/benchmarks/MWDS2026/T1_wclq/T1_1000_1000_2.wclq #seed 2 #alpha 1.900 #timeout 0.100 
#Rd        #LB        #LB*       #UB       #Time        #UB+        #UB*      #Time      #TotalTime
ALPHA 1.9000 MaxIteration 500  TIMEOUT 0.223870
  1      10251      10251      11425      0.2239      10792       10792      0.2200      0.4400
ALPHA 1.9000 MaxIteration 3  TIMEOUT 0.003265
  2       9990      10251      11903      0.0033      11006       10792      0.0000      0.4500
ALPHA 1.8304 MaxIteration 5  TIMEOUT 0.005906
  3      10034      10251      11840      0.0059      11021       10792      0.0000      0.4600
ALPHA 1.7658 MaxIteration 9  TIMEOUT 0.008852
  4      10143      10251      11813      0.0089      11089       10792      0.0000      0.4700
ALPHA 1.7056 MaxIteration 15  TIMEOUT 0.013810
  5      10115      10251      11665      0.0138      10849       10792      0.0100      0.5000
ALPHA 1.6493 MaxIteration 25  TIMEOUT 0.017674
  6      10183      10251      11800      0.0177      10854       10792      0.0100      0.5300
ALPHA 1.5966 MaxIteration 41  TIMEOUT 0.029899
  7      10177      10251      11756      0.0299      10856       10792      0.0200      0.5700
ALPHA 1.5472 MaxIteration 65  TIMEOUT 0.050878
  8      10213      10251      11668      0.0509      10804       10792      0.0500      0.6800
ALPHA 1.5008 MaxIteration 100  TIMEOUT 0.068866
  9      10208      10251      11675      0.0689      10816       10792      0.0300      0.8100
ALPHA 1.4571 MaxIteration 150  TIMEOUT 0.073370
 10      10237      10251      11650      0.0734      10794       10792      0.0700      0.9600
ALPHA 1.4158 MaxIteration 218  TIMEOUT 0.131433
 11      10253      10253      11599      0.1314      10797       10792      0.1200      1.2100
ALPHA 1.3768 MaxIteration 308  TIMEOUT 0.204655
 12      10264      10264      11533      0.2047      10813       10792      0.0200      1.6100
ALPHA 1.3399 MaxIteration 424  TIMEOUT 0.383472
 13      10332      10332      11450      0.3835      10805       10792      0.2200      2.3500
ALPHA 1.3049 MaxIteration 568  TIMEOUT 0.262199
 14      10304      10332      11498      0.2622      10788       10788      0.0700      2.8500
ALPHA 1.2718 MaxIteration 741  TIMEOUT 0.258663
 15      10296      10332      11524      0.2587      10803       10788      0.2200      3.3400
ALPHA 1.2402 MaxIteration 942  TIMEOUT 0.654436
 16      10338      10338      11467      0.6544      10786       10786      0.2200      4.6100
ALPHA 1.2102 MaxIteration 1168  TIMEOUT 0.403321
 17      10346      10346      11429      0.4033      10797       10786      0.2600      5.3900
ALPHA 1.1816 MaxIteration 1413  TIMEOUT 0.414400
 18      10299      10346      11460      0.4144      10783       10783      0.3500      6.1900
ALPHA 1.1543 MaxIteration 1669  TIMEOUT 1.147765
 19      10360      10360      11388      1.1478      10785       10783      1.0700      8.3800
ALPHA 1.1283 MaxIteration 1926  TIMEOUT 1.147455
 20      10364      10364      11349      1.1475      10800       10783      0.1400     10.5800
ALPHA 1.1034 MaxIteration 2173  TIMEOUT 1.381952
 21      10379      10379      11348      1.3820      10788       10783      0.8000     13.2400
ALPHA 1.0795 MaxIteration 2397  TIMEOUT 0.974628
 22      10386      10386      11347      0.9746      10789       10783      0.5500     15.1200
ALPHA 1.0567 MaxIteration 2587  TIMEOUT 1.393694
 23      10419      10419      11348      1.3937      10806       10783      0.1600     17.8000
ALPHA 1.0349 MaxIteration 2733  TIMEOUT 2.099926
 24      10400      10419      11345      2.0999      10813       10783      0.0900     19.9900
ALPHA 1.0349 MaxIteration 2828  TIMEOUT 0.010041
 25      10081      10419      11895      0.0100>>> T1_1000_1000_2.wclq |V| 1000 |E| 1000  (#LB 0.0164 10251 ---> 10419  0.0349  10783 <--- 11425  0.0562 #UB)  #solve_ime 20.0001 read_time 0.0000 
