>>IBM: |V|=200 |E|=2000
>>IBM: The maximum node weight is 49
/public/home/acs4vb4pqv/benchmarks/MWDS2026/T1_wclq/T1_200_2000_8.wclq #seed 101 #alpha 1.900 #timeout 0.100 
#Rd        #LB        #LB*       #UB       #Time        #UB+        #UB*      #Time      #TotalTime
ALPHA 1.9000 MaxIteration 500  TIMEOUT 0.050465
  1        198        198        461      0.0505        416         416      0.0000      0.1088
ALPHA 1.9000 MaxIteration 3  TIMEOUT 0.000390
  2        195        198        521      0.0004        416         416      0.0000      0.1188
ALPHA 1.8304 MaxIteration 5  TIMEOUT 0.000612
  3        200        200        538      0.0006        416         416      0.0000      0.1288
ALPHA 1.7658 MaxIteration 9  TIMEOUT 0.001135
  4        195        200        534      0.0011        424         416      0.0000      0.1388
ALPHA 1.7056 MaxIteration 15  TIMEOUT 0.002369
  5        195        200        533      0.0024        416         416      0.0000      0.1489
ALPHA 1.6493 MaxIteration 25  TIMEOUT 0.004035
  6        201        201        529      0.0040        424         416      0.0000      0.1588
ALPHA 1.5966 MaxIteration 41  TIMEOUT 0.006676
  7        198        201        510      0.0067        422         416      0.0000      0.1688
ALPHA 1.5472 MaxIteration 65  TIMEOUT 0.006628
  8        201        201        508      0.0066        419         416      0.0000      0.1788
ALPHA 1.5008 MaxIteration 100  TIMEOUT 0.010431
  9        200        201        513      0.0104        416         416      0.0100      0.2088
ALPHA 1.4571 MaxIteration 150  TIMEOUT 0.033658
 10        207        207        466      0.0337        416         416      0.0000      0.2788
ALPHA 1.4158 MaxIteration 218  TIMEOUT 0.035056
 11        215        215        485      0.0351        416         416      0.0000      0.3488
ALPHA 1.3768 MaxIteration 308  TIMEOUT 0.034023
 12        209        215        502      0.0340        416         416      0.0100      0.4188
ALPHA 1.3399 MaxIteration 424  TIMEOUT 0.056538
 13        215        215        495      0.0565        416         416      0.0100      0.5288
ALPHA 1.3049 MaxIteration 568  TIMEOUT 0.062611
 14        207        215        500      0.0626        416         416      0.0000      0.6488
ALPHA 1.2718 MaxIteration 741  TIMEOUT 0.125388
 15        209        215        505      0.1254        416         416      0.0000      0.8988
ALPHA 1.2402 MaxIteration 942  TIMEOUT 0.101259
 16        220        220        509      0.1013        422         416      0.0000      1.1088
ALPHA 1.2102 MaxIteration 1168  TIMEOUT 0.268127
 17        209        220        489      0.2681        416         416      0.0300      1.6288
ALPHA 1.1816 MaxIteration 1413  TIMEOUT 0.176103
 18        211        220        489      0.1761        416         416      0.0100      1.9788
ALPHA 1.1543 MaxIteration 1669  TIMEOUT 0.160349
 19        208        220        496      0.1603        416         416      0.0000      2.2988
ALPHA 1.1283 MaxIteration 1926  TIMEOUT 0.198737
 20        210        220        485      0.1987        416         416      0.0200      2.6888
ALPHA 1.1034 MaxIteration 2173  TIMEOUT 0.220728
 21        211        220        498      0.2207        416         416      0.0000      3.1288
ALPHA 1.0795 MaxIteration 2397  TIMEOUT 0.281556
 22        208        220        499      0.2816        416         416      0.0000      3.6888
ALPHA 1.0567 MaxIteration 2587  TIMEOUT 0.366883
 23        211        220        481      0.3669        416         416      0.0200      4.4088
ALPHA 1.0349 MaxIteration 2733  TIMEOUT 0.493778
 24        211        220        491      0.4938        416         416      0.0000      5.3888
ALPHA 1.0349 MaxIteration 2828  TIMEOUT 0.273181
 25        207        220        497      0.2732        416         416      0.0300      5.9388
ALPHA 1.0349 MaxIteration 2926  TIMEOUT 0.311285
 26        208        220        481      0.3113        416         416      0.0100      6.5588
ALPHA 1.0349 MaxIteration 3027  TIMEOUT 0.311140
 27        210        220        497      0.3111        416         416      0.0200      7.1788
ALPHA 1.0349 MaxIteration 3132  TIMEOUT 0.294667
 28        217        220        485      0.2947        416         416      0.0000      7.7688
ALPHA 1.0349 MaxIteration 3241  TIMEOUT 0.331507
 29        208        220        494      0.3315        416         416      0.0000      8.4288
ALPHA 1.0349 MaxIteration 3353  TIMEOUT 0.320757
 30        211        220        488      0.3208        416         416      0.0000      9.0688
ALPHA 1.0349 MaxIteration 3469  TIMEOUT 0.331570
 31        211        220        499      0.3316        416         416      0.0000      9.7388
ALPHA 1.0349 MaxIteration 3589  TIMEOUT 0.452145
 32        211        220        485      0.4521        416         416      0.0000     10.6388
ALPHA 1.0349 MaxIteration 3714  TIMEOUT 0.359939
 33        210        220        489      0.3599        416         416      0.0200     11.3388
ALPHA 1.0349 MaxIteration 3843  TIMEOUT 0.398756
 34        211        220        485      0.3988        416         416      0.0400     12.1288
ALPHA 1.0349 MaxIteration 3976  TIMEOUT 0.490515
 35        208        220        488      0.4905        416         416      0.0000     13.0988
ALPHA 1.0349 MaxIteration 4114  TIMEOUT 0.609661
 36        211        220        488      0.6097        416         416      0.0100     14.2988
ALPHA 1.0349 MaxIteration 4257  TIMEOUT 0.425428
 37        208        220        499      0.4254        416         416      0.0000     15.1388
ALPHA 1.0349 MaxIteration 4405  TIMEOUT 0.458852
 38        211        220        492      0.4589        416         416      0.0100     16.0388
ALPHA 1.0349 MaxIteration 4558  TIMEOUT 0.466536
 39        209        220        502      0.4665        416         416      0.0100     16.9688
ALPHA 1.0349 MaxIteration 4716  TIMEOUT 0.745345
 40        211        220        485      0.7453        416         416      0.0300     18.4488
ALPHA 1.0349 MaxIteration 4880  TIMEOUT 0.456455
 41        216        220        494      0.4565        416         416      0.0000     19.3460
ALPHA 1.0349 MaxIteration 5050  TIMEOUT 0.654079
 42        212        220        488      0.6541>>> T1_200_2000_8.wclq |V| 200 |E| 2000  (#LB 0.1111 198 ---> 220  0.8909  416 <--- 461  0.0976 #UB)  #solve_ime 20.0000 read_time 0.0012 
