>>IBM: |V|=1000 |E|=52120
>>IBM: The maximum node weight is 100
/public/home/acs4vb4pqv/benchmarks/MWDS2026/UDG_wclq/UDG_1000_200_8.wclq #seed 3 #alpha 1.900 #timeout 0.100 
#Rd        #LB        #LB*       #UB       #Time        #UB+        #UB*      #Time      #TotalTime
ALPHA 1.9000 MaxIteration 500  TIMEOUT 0.391547
  1         38         38         41      0.3915         41          41      0.0000      0.7861
ALPHA 1.9000 MaxIteration 3  TIMEOUT 0.002958
  2         36         38         42      0.0030         41          41      0.0000      0.7961
ALPHA 1.8304 MaxIteration 5  TIMEOUT 0.004721
  3         37         38         42      0.0047         41          41      0.0000      0.8062
ALPHA 1.7658 MaxIteration 9  TIMEOUT 0.006304
  4         37         38         41      0.0063         41          41      0.0000      0.8163
ALPHA 1.7056 MaxIteration 15  TIMEOUT 0.012726
  5         38         38         42      0.0127         41          41      0.0000      0.8462
ALPHA 1.6493 MaxIteration 25  TIMEOUT 0.017626
  6         38         38         41      0.0176         41          41      0.0000      0.8761
ALPHA 1.5966 MaxIteration 41  TIMEOUT 0.028924
  7         38         38         42      0.0289         41          41      0.0000      0.9362
ALPHA 1.5472 MaxIteration 65  TIMEOUT 0.047382
  8         38         38         42      0.0474         41          41      0.0000      1.0263
ALPHA 1.5008 MaxIteration 100  TIMEOUT 0.065454
  9         38         38         42      0.0655         41          41      0.0000      1.1562
ALPHA 1.4571 MaxIteration 150  TIMEOUT 0.099435
 10         38         38         42      0.0994         41          41      0.0000      1.3561
ALPHA 1.4158 MaxIteration 218  TIMEOUT 0.139188
 11         38         38         42      0.1392         41          41      0.0000      1.6362
ALPHA 1.3768 MaxIteration 308  TIMEOUT 0.203103
 12         38         38         42      0.2031         41          41      0.0000      2.0463
ALPHA 1.3399 MaxIteration 424  TIMEOUT 0.277198
 13         38         38         42      0.2772         41          41      0.0000      2.5961
ALPHA 1.3049 MaxIteration 568  TIMEOUT 0.369297
 14         38         38         42      0.3693         41          41      0.0000      3.3362
ALPHA 1.2718 MaxIteration 741  TIMEOUT 0.475537
 15         38         38         41      0.4755         41          41      0.0000      4.2862
ALPHA 1.2402 MaxIteration 942  TIMEOUT 0.601659
 16         38         38         42      0.6017         41          41      0.0000      5.4862
ALPHA 1.2102 MaxIteration 1168  TIMEOUT 0.751851
 17         38         38         42      0.7519         41          41      0.0000      6.9962
ALPHA 1.1816 MaxIteration 1413  TIMEOUT 0.894010
 18         38         38         41      0.8940         41          41      0.0000      8.7862
ALPHA 1.1543 MaxIteration 1669  TIMEOUT 1.052075
 19         38         38         42      1.0521         41          41      0.0000     10.8961
ALPHA 1.1283 MaxIteration 1926  TIMEOUT 1.206846
 20         38         38         41      1.2068         41          41      0.0000     13.3062
ALPHA 1.1034 MaxIteration 2173  TIMEOUT 1.384432
 21         38         38         42      1.3844         41          41      0.0000     16.0662
ALPHA 1.0795 MaxIteration 2397  TIMEOUT 1.491390
 22         38         38         41      1.4914         41          41      0.0000     19.0561
ALPHA 1.0567 MaxIteration 2587  TIMEOUT 0.944279
 23         38         38         41      0.9443>>> UDG_1000_200_8.wclq |V| 1000 |E| 52120  (#LB 0.0000 38 ---> 38  0.0789  41 <--- 41  0.0000 #UB)  #solve_ime 20.0005 read_time 0.0139 
