>>> Warning: header edge_num=125248, parsed edge_num=62624
>>IBM: |V|=500 |E|=62624
>>IBM: The maximum node weight is 200
/public/home/acs4vb4pqv/benchmarks/MWDS2026/dimacs/DSJC500_5.clq #seed 1 #alpha 1.900 #timeout 0.100 
#Rd        #LB        #LB*       #UB       #Time        #UB+        #UB*      #Time      #TotalTime
ALPHA 1.9000 MaxIteration 500  TIMEOUT 0.601913
  1         11         11         16      0.6019         16          16      0.0000      1.2049
ALPHA 1.9000 MaxIteration 3  TIMEOUT 0.003893
  2         11         11         18      0.0039         16          16      0.0000      1.2151
ALPHA 1.8304 MaxIteration 5  TIMEOUT 0.006927
  3         11         11         18      0.0069         16          16      0.0100      1.2252
ALPHA 1.7658 MaxIteration 9  TIMEOUT 0.011857
  4         11         11         18      0.0119         16          16      0.0000      1.2552
ALPHA 1.7056 MaxIteration 15  TIMEOUT 0.018831
  5         11         11         18      0.0188         16          16      0.0000      1.2948
ALPHA 1.6493 MaxIteration 25  TIMEOUT 0.030511
  6         11         11         18      0.0305         16          16      0.0000      1.3649
ALPHA 1.5966 MaxIteration 41  TIMEOUT 0.044602
  7         11         11         18      0.0446         16          16      0.0000      1.4546
ALPHA 1.5472 MaxIteration 65  TIMEOUT 0.070509
  8         11         11         18      0.0705         16          16      0.0000      1.6051
ALPHA 1.5008 MaxIteration 100  TIMEOUT 0.107463
  9         11         11         16      0.1075         16          16      0.0000      1.8149
ALPHA 1.4571 MaxIteration 150  TIMEOUT 0.161782
 10         11         11         16      0.1618         16          16      0.0000      2.1448
ALPHA 1.4158 MaxIteration 218  TIMEOUT 0.237044
 11         11         11         16      0.2370         16          16      0.0000      2.6147
ALPHA 1.3768 MaxIteration 308  TIMEOUT 0.334258
 12         11         11         16      0.3343         16          16      0.0000      3.2749
ALPHA 1.3399 MaxIteration 424  TIMEOUT 0.458652
 13         11         11         16      0.4587         16          16      0.0000      4.1953
ALPHA 1.3049 MaxIteration 568  TIMEOUT 0.614683
 14         11         11         16      0.6147         16          16      0.0000      5.4249
ALPHA 1.2718 MaxIteration 741  TIMEOUT 0.801341
 15         11         11         16      0.8013         16          16      0.0000      7.0350
ALPHA 1.2402 MaxIteration 942  TIMEOUT 1.016982
 16         11         11         16      1.0170         16          16      0.0000      9.0650
ALPHA 1.2102 MaxIteration 1168  TIMEOUT 1.276044
 17         11         11         16      1.2760         16          16      0.0000     11.6147
ALPHA 1.1816 MaxIteration 1413  TIMEOUT 1.550351
 18         11         11         16      1.5504         16          16      0.0000     14.7252
ALPHA 1.1543 MaxIteration 1669  TIMEOUT 1.847454
 19         11         11         16      1.8475         16          16      0.0000     18.4050
ALPHA 1.1283 MaxIteration 1926  TIMEOUT 1.596010
 20         11         11         16      1.5960>>> DSJC500_5.clq |V| 500 |E| 62624  (#LB 0.0000 11 ---> 11  0.4545  16 <--- 16  0.0000 #UB)  #solve_ime 20.0011 read_time 0.0154 
