>>IBM: |V|=82168 |E|=504230
>>IBM: The maximum node weight is 200
/public/home/acs4vb4pqv/benchmarks/MWDS2026/SNAP/Slashdot0902.clq #seed 3 #alpha 1.900 #timeout 0.300 K=5 RHO=0.05 Q0=0.90 BETA=3.5
[v19] |V|=82168 |E|=504230 density=6.14 USE_ADVANCED=1
#Rd        #LB        #LB*       #UB       #Time        #UB+        #UB*      #Time      #TotalTime
First Gap  0.000586
ALPHA 1.9000 MaxIteration 50  TIMEOUT 0.836121
  1    1142449    1142449    1143119      0.8361    1143119     1143119      0.0000      1.7168
ALPHA 1.9000 MaxIteration 3  TIMEOUT 0.104040
  2    1142402    1142449    1143244      0.1040    1143244     1143119      0.0000      1.9470
ALPHA 1.8304 MaxIteration 5  TIMEOUT 0.265396
  3    1142430    1142449    1143224      0.2654    1143224     1143119      0.0000      2.5168
ALPHA 1.7658 MaxIteration 9  TIMEOUT 0.694640
  4    1142432    1142449    1143220      0.6946    1143220     1143119      0.0000      3.9368
ALPHA 1.7056 MaxIteration 15  TIMEOUT 1.046151
  5    1142381    1142449    1143230      1.0462    1143230     1143119      0.0000      6.0468
ALPHA 1.6493 MaxIteration 25  TIMEOUT 1.017777
  6    1141188    1142449    1144639      1.0178    1144591     1143119      0.0000      8.1167
ALPHA 1.5966 MaxIteration 41  TIMEOUT 1.856891
  7    1141376    1142449    1143492      1.8569    1143463     1143119      0.0000     11.8568
ALPHA 1.5472 MaxIteration 65  TIMEOUT 7.319978
  8    1141456    1142449    1143363      7.3200    1143268     1143119      0.0000     26.4968
ALPHA 1.5008 MaxIteration 100  TIMEOUT 3.891076
  9    1140787    1142449    1144889      3.8911    1144755     1143119      0.0000     34.2969
ALPHA 1.4571 MaxIteration 150  TIMEOUT 5.906038
 10    1141128    1142449    1143573      5.9060    1143439     1143119      0.0000     46.1068
ALPHA 1.4158 MaxIteration 218  TIMEOUT 10.896336
 11    1140936    1142449    1144402     10.8963    1144252     1143119      9.9800     67.8767
ALPHA 1.3768 MaxIteration 308  TIMEOUT 8.310507
 12    1140491    1142449    1144931      8.3105    1144543     1143119      8.3100     84.4868
ALPHA 1.3399 MaxIteration 424  TIMEOUT 21.833591
 13    1140822    1142449    1144687     21.8336    1143567     1143119     21.2300    128.0769
ALPHA 1.3049 MaxIteration 568  TIMEOUT 23.367421
 14    1140772    1142449    1144878     23.3674    1143733     1143119     21.7000    174.7268
ALPHA 1.2718 MaxIteration 741  TIMEOUT 34.181039
 15    1140831    1142449    1144819     34.1810    1143481     1143119     33.8900    242.9367
ALPHA 1.2402 MaxIteration 942  TIMEOUT 18.146540
 16    1140186    1142449    1145044     18.1465    1143679     1143119     17.2800    279.1869
ALPHA 1.2102 MaxIteration 1168  TIMEOUT 14.930332
 17    1140178    1142449    1145070     14.9303    1143652     1143119     14.8500    309.0068
ALPHA 1.1816 MaxIteration 1413  TIMEOUT 17.348332
 18    1140164    1142449    1145070     17.3483    1143577     1143119     17.0600    343.6468
ALPHA 1.1543 MaxIteration 1669  TIMEOUT 17.120867
 19    1140143    1142449    1145065     17.1209    1143617     1143119     16.9900    377.8267
ALPHA 1.1283 MaxIteration 1926  TIMEOUT 17.811725
 20    1140143    1142449    1145065     17.8117    1143704     1143119     17.5900    413.3968
ALPHA 1.1034 MaxIteration 2173  TIMEOUT 33.567350
 21    1140202    1142449    1145041     33.5673    1143444     1143119     28.9700    480.3869
ALPHA 1.0795 MaxIteration 2397  TIMEOUT 29.445017
 22    1140202    1142449    1145041     29.4450    1143501     1143119     27.5800    539.1768
ALPHA 1.0567 MaxIteration 2587  TIMEOUT 31.554849
 23    1140202    1142449    1145041     31.5548    1143444     1143119     29.2200    602.1568
ALPHA 1.0349 MaxIteration 2733  TIMEOUT 35.097811
 24    1140202    1142449    1145041     35.0978    1143453     1143119     27.7300    672.2169
ALPHA 1.0349 MaxIteration 2828  TIMEOUT 37.928182
 25    1140202    1142449    1145041     37.9282    1143455     1143119     28.0100    747.8968
ALPHA 1.0349 MaxIteration 2926  TIMEOUT 32.522383
 26    1140188    1142449    1145026     32.5224    1143455     1143119     32.4200    812.8468
ALPHA 1.0349 MaxIteration 3027  TIMEOUT 31.609982
 27    1140185    1142449    1145026     31.6100    1143463     1143119     28.5000    875.9370
ALPHA 1.0349 MaxIteration 3132  TIMEOUT 31.691847
 28    1140185    1142449    1145025     31.6918    1143454     1143119     28.0900    939.2068
ALPHA 1.0349 MaxIteration 3241  TIMEOUT 32.121711
 29    1140185    1142449    1145026     32.1217    1143471     1143119     30.4600   1003.3167
ALPHA 1.0349 MaxIteration 3353  TIMEOUT 32.575442
 30    1140185    1142449    1145026     32.5754    1143451     1143119     28.8400   1068.3367
ALPHA 1.0349 MaxIteration 3469  TIMEOUT 33.426815
 31    1140185    1142449    1145026     33.4268    1143457     1143119     28.7700   1135.0367
ALPHA 1.0349 MaxIteration 3589  TIMEOUT 33.822841
 32    1140185    1142449    1145025     33.8228    1143473     1143119     28.0600   1202.5269
ALPHA 1.0349 MaxIteration 3714  TIMEOUT 34.682609
 33    1140185    1142449    1145025     34.6826    1143447     1143119     28.1600   1271.7467
ALPHA 1.0349 MaxIteration 3843  TIMEOUT 35.157393
 34    1140185    1142449    1145026     35.1574    1143449     1143119     29.8200   1341.9267
ALPHA 1.0349 MaxIteration 3976  TIMEOUT 35.248316
 35    1140185    1142449    1145025     35.2483    1143464     1143119     33.7200   1412.2868
ALPHA 1.0349 MaxIteration 4114  TIMEOUT 41.897128
 36    1140185    1142449    1145022     41.8971
 [LB Done] stag=35 elapsed=40.4% => 2145.8s to UB
    1143298     1143119   1970.7600   3588.9267
>>> Slashdot0902.clq |V| 82168 |E| 504230  (#LB 0.0000 1142449 ---> 1142449  0.0006  1143119 <--- 1143119  0.0000 #UB)  #solve_ime 3588.9284 read_time 0.1133 
