With  Parameters CUTOFF 20 SEED 102  ALPHA = 1.900  K=5 RHO=0.05 Q0=0.90 BETA=3.0 AQ_MODE=guarded
Reading  graph ...  time 0.004378  
Reducing graph ...  time 0.000177  
[v9] |V|=200 |E|=17910 density=89.55 USE_ADVANCED=0 SAFE_AQ_MIN_GAP=0.050 DEEP_AQ_RANGE=[800, 5.00, 10.00] structure_blocks_aq=1 AQ_SLOPE_MARGIN=1.15 AQ_MAX_UB_DRIFT=0.20 AQ_PROBE_FRAC=0.15 AQ_T1LIKE_FRAC=0.15
#Rd        #LB        #LB*       #UB       #Time        #UB+        #UB*      #Time      #TotalTime
First Gap  0.200000
  1          5          5          6      0.0675 [AQ bandit arm] arm=0 gap=0.2000 density=89.55 |V|=200

 Switch to DBS-only search, timeout 0.067460....
 [Online-safe AQ structure guard] |V|=200 density=89.55 outside [800, 5.00, 10.00], disabling AQ
          6           6      0.0013        0.1862
ALPHA 1.9000 MaxIteration 3  TIMEOUT 0.067460
  2          5          5          6      0.0005          6           6      0.0010        0.1876
ALPHA 1.8304 MaxIteration 5  TIMEOUT 0.000857
  3          5          5          6      0.0009          6           6      0.0010        0.1895
ALPHA 1.7658 MaxIteration 9  TIMEOUT 0.001592
  4          5          5          7      0.0016          6           6      0.0010        0.1927
ALPHA 1.7056 MaxIteration 15  TIMEOUT 0.002829
  5          4          5          7      0.0015          6           6      0.0010        0.1958
ALPHA 1.6493 MaxIteration 25  TIMEOUT 0.002562
  6          4          5          7      0.0024          6           6      0.0010        0.2007
ALPHA 1.5966 MaxIteration 41  TIMEOUT 0.003930
  7          4          5          7      0.0038          6           6      0.0010        0.2084
ALPHA 1.5472 MaxIteration 65  TIMEOUT 0.006128
  8          4          5          7      0.0060          6           6      0.0010        0.2205
ALPHA 1.5008 MaxIteration 100  TIMEOUT 0.009282
  9          4          5          7      0.0091          6           6      0.0010        0.2388
ALPHA 1.4571 MaxIteration 150  TIMEOUT 0.013687
 10          4          5          7      0.0126          6           6      0.0010        0.2650
ALPHA 1.4158 MaxIteration 218  TIMEOUT 0.018349
 11          4          5          7      0.0184          6           6      0.0010        0.3019
ALPHA 1.3768 MaxIteration 308  TIMEOUT 0.025986
 12          4          5          7      0.0261          6           6      0.0010        0.3542
ALPHA 1.3399 MaxIteration 424  TIMEOUT 0.035892
 13          4          5          7      0.0360          6           6      0.0010        0.4263
ALPHA 1.3049 MaxIteration 568  TIMEOUT 0.048173
 14          4          5          7      0.0483          6           6      0.0010        0.5230
ALPHA 1.2718 MaxIteration 741  TIMEOUT 0.062970
 15          4          5          7      0.0630          6           6      0.0010        0.6500
ALPHA 1.2402 MaxIteration 942  TIMEOUT 0.080109
 16          4          5          7      0.0802          6           6      0.0010        0.8104
ALPHA 1.2102 MaxIteration 1168  TIMEOUT 0.099421
 17          4          5          7      0.0995          6           6      0.0010        1.0105
ALPHA 1.1816 MaxIteration 1413  TIMEOUT 0.120375
 18          4          5          7      0.1204          6           6      0.0010        1.2515
ALPHA 1.1543 MaxIteration 1669  TIMEOUT 0.142299
 19          4          5          7      0.1424          6           6      0.0010        1.5374
ALPHA 1.1283 MaxIteration 1926  TIMEOUT 0.164360
 20          4          5          7      0.1645          6           6      0.0010        1.8675
ALPHA 1.1034 MaxIteration 2173  TIMEOUT 0.185546
 21          4          5          7      0.1856          6           6      0.0011        2.2398
ALPHA 1.0795 MaxIteration 2397  TIMEOUT 0.204736
 22          4          5          7      0.2048          6           6      0.0010        2.6495
ALPHA 1.0567 MaxIteration 2587  TIMEOUT 0.221042
 23          4          5          7      0.2211          6           6      0.0010        3.0917
ALPHA 1.0349 MaxIteration 2733  TIMEOUT 0.233606
 24          4          5          7      0.2336          6           6      0.0010        3.5612
ALPHA 1.0349 MaxIteration 2828  TIMEOUT 0.241754
 25          4          5          7      0.2418          6           6      0.0010        4.0459
ALPHA 1.0349 MaxIteration 2926  TIMEOUT 0.250196
 26          4          5          7      0.2502          6           6      0.0010        4.5466
ALPHA 1.0349 MaxIteration 3027  TIMEOUT 0.258964
 27          4          5          7      0.2590          6           6      0.0010        5.0657
ALPHA 1.0349 MaxIteration 3132  TIMEOUT 0.268070
 28          4          5          7      0.2681          6           6      0.0010        5.6032
ALPHA 1.0349 MaxIteration 3241  TIMEOUT 0.277471
 29          4          5          7      0.2775          6           6      0.0012        6.1625
ALPHA 1.0349 MaxIteration 3353  TIMEOUT 0.287204
 30          4          5          7      0.2873          6           6      0.0010        6.7383
ALPHA 1.0349 MaxIteration 3469  TIMEOUT 0.297297
 31          4          5          7      0.2973          6           6      0.0010        7.3332
ALPHA 1.0349 MaxIteration 3589  TIMEOUT 0.307670
 32          4          5          7      0.3077          6           6      0.0010        7.9506
ALPHA 1.0349 MaxIteration 3714  TIMEOUT 0.318426
 33          4          5          7      0.3185          6           6      0.0011        8.5887
ALPHA 1.0349 MaxIteration 3843  TIMEOUT 0.329618
 34          4          5          7      0.3297          6           6      0.0010        9.2502
ALPHA 1.0349 MaxIteration 3976  TIMEOUT 0.341166
 35          4          5          7      0.3412          6           6      0.0010        9.9347
ALPHA 1.0349 MaxIteration 4114  TIMEOUT 0.353109
 36          4          5          7      0.3532          6           6      0.0010       10.6452
ALPHA 1.0349 MaxIteration 4257  TIMEOUT 0.365493
 37          4          5          7      0.3655          6           6      0.0010       11.5594
ALPHA 1.0349 MaxIteration 4405  TIMEOUT 0.378284
 38          4          5          7      0.3783          6           6      0.0010       12.3162
ALPHA 1.0349 MaxIteration 4558  TIMEOUT 0.391529
 39          4          5          7      0.3916          6           6      0.0011       13.1035
ALPHA 1.0349 MaxIteration 4716  TIMEOUT 0.405214
 40          4          5          7      0.4052          6           6      0.0010       19.9991
>>> gen200_p0.9_55.clq |V| 200 |E| 17910  (#LB 0.0000 5 ---> 5  0.1667  6 <--- 6  0.0000 #UB)  #read_time 0.0044  #reduce_time 0.0002  #solve_time 19.9991  #total_time 20.0036
 