>>IBM: |V|=1000 |E|=1000
>>IBM: The maximum node weight is 49
/public/home/acs4vb4pqv/benchmarks/MWDS2026/T1_wclq/T1_1000_1000_2.wclq #seed 2 #alpha 1.900 #timeout 0.100 K=5 RHO=0.05 Q0=0.90 BETA=3.5 AQ_MODE=dbs SAFE_AQ_MIN_GAP=0.050 SAFE_AQ_MIN_NODES=800 AQ_SLOPE_MARGIN=1.05 AQ_MAX_UB_DRIFT=0.25 AQ_HEAVY_FRAC=0.20 AQ_HEAVY_ANTS=6
[v19] |V|=1000 |E|=1000 density=1.00 USE_ADVANCED=1
#Rd        #LB        #LB*       #UB       #Time        #UB+        #UB*      #Time      #TotalTime
First Gap  0.114525
ALPHA 1.9000 MaxIteration 500  TIMEOUT 0.208221
  1      10251      10251      11425      0.2082      10810       10810      0.1300      0.3592
ALPHA 1.9000 MaxIteration 3  TIMEOUT 0.003012
  2      10069      10251      11769      0.0030      10883       10810      0.0000      0.3687
ALPHA 1.8304 MaxIteration 5  TIMEOUT 0.002703
  3      10027      10251      11967      0.0027      10851       10810      0.0000      0.3791
ALPHA 1.7658 MaxIteration 9  TIMEOUT 0.003671
  4       9929      10251      12100      0.0037      10896       10810      0.0000      0.3891
ALPHA 1.7056 MaxIteration 15  TIMEOUT 0.010345
  5       9977      10251      12058      0.0103      10832       10810      0.0100      0.4137
ALPHA 1.6493 MaxIteration 25  TIMEOUT 0.015071
  6       9991      10251      12039      0.0151      10854       10810      0.0100      0.4391
ALPHA 1.5966 MaxIteration 41  TIMEOUT 0.044554
  7      10039      10251      11982      0.0446      10810       10810      0.0400      0.5292
ALPHA 1.5472 MaxIteration 65  TIMEOUT 0.026546
  8       9959      10251      12113      0.0265      10819       10810      0.0200      0.5756
ALPHA 1.5008 MaxIteration 100  TIMEOUT 0.062370
  9       9972      10251      12029      0.0624      10809       10809      0.0400      0.6846
ALPHA 1.4571 MaxIteration 150  TIMEOUT 0.062378
 10       9958      10251      12031      0.0624      10809       10809      0.0400      0.7996
ALPHA 1.4158 MaxIteration 218  TIMEOUT 0.115837
 11       9964      10251      12014      0.1158      10806       10806      0.0700      1.0091
ALPHA 1.3768 MaxIteration 308  TIMEOUT 0.157660
 12       9962      10251      11998      0.1577      10800       10800      0.0900      1.2792
ALPHA 1.3399 MaxIteration 424  TIMEOUT 0.148191
 13       9962      10251      11992      0.1482      10813       10800      0.0700      1.5376
ALPHA 1.3049 MaxIteration 568  TIMEOUT 0.169686
 14       9965      10251      11975      0.1697      10810       10800      0.1200      1.8315
ALPHA 1.2718 MaxIteration 741  TIMEOUT 0.241797
 15       9972      10251      12026      0.2418      10810       10800      0.2400      2.2592
ALPHA 1.2402 MaxIteration 942  TIMEOUT 0.254558
 16       9964      10251      12026      0.2546      10806       10800      0.0500      2.7492
ALPHA 1.2102 MaxIteration 1168  TIMEOUT 0.475167
 17       9963      10251      11994      0.4752      10800       10800      0.0400      3.6692
ALPHA 1.1816 MaxIteration 1413  TIMEOUT 0.334326
 18       9968      10251      11995      0.3343      10788       10788      0.2200      4.3191
ALPHA 1.1543 MaxIteration 1669  TIMEOUT 0.753826
 19       9978      10251      11987      0.7538      10808       10788      0.2200      5.7523
ALPHA 1.1283 MaxIteration 1926  TIMEOUT 0.786888
 20       9971      10251      12039      0.7869      10788       10788      0.6700      7.2591
ALPHA 1.1034 MaxIteration 2173  TIMEOUT 0.823051
 21       9970      10251      12041      0.8231
 [LB Done] stag=20 elapsed=40.4% => 11.9s to UB
      10784       10784      0.5600     18.9661
>>> T1_1000_1000_2.wclq |V| 1000 |E| 1000  (#LB 0.0000 10251 ---> 10251  0.0520  10784 <--- 11425  0.0561 #UB)  #solve_ime 18.9661 read_time 0.0009 
