>>IBM: |V|=1000 |E|=20000
>>IBM: The maximum node weight is 3050
/public/home/acs4vb4pqv/benchmarks/MWDS2026/T2_wclq/T2_1000_20000_9.wclq #seed 3 #alpha 1.900 #timeout 0.100 K=5 RHO=0.05 Q0=0.90 BETA=3.5 AQ_MODE=dbs SAFE_AQ_MIN_GAP=0.050 SAFE_AQ_MIN_NODES=800 AQ_SLOPE_MARGIN=1.05 AQ_MAX_UB_DRIFT=0.25 AQ_HEAVY_FRAC=0.20 AQ_HEAVY_ANTS=6
[v19] |V|=1000 |E|=20000 density=20.00 USE_ADVANCED=1
#Rd        #LB        #LB*       #UB       #Time        #UB+        #UB*      #Time      #TotalTime
First Gap  0.437956
ALPHA 1.9000 MaxIteration 500  TIMEOUT 0.804509
  1       5343       5343       7683      0.8045       7238        7238      0.1200      1.6143
ALPHA 1.9000 MaxIteration 3  TIMEOUT 0.004643
  2       5076       5343       8836      0.0046       7177        7177      0.0000      1.6244
ALPHA 1.8304 MaxIteration 5  TIMEOUT 0.004036
  3       5060       5343       9079      0.0040       7421        7177      0.0000      1.6343
ALPHA 1.7658 MaxIteration 9  TIMEOUT 0.006411
  4       4916       5343       8498      0.0064       7523        7177      0.0000      1.6443
ALPHA 1.7056 MaxIteration 15  TIMEOUT 0.009853
  5       4977       5343       8218      0.0099       7281        7177      0.0000      1.6643
ALPHA 1.6493 MaxIteration 25  TIMEOUT 0.021515
  6       4790       5343       8419      0.0215       7391        7177      0.0000      1.7144
ALPHA 1.5966 MaxIteration 41  TIMEOUT 0.069824
  7       4995       5343       7869      0.0698       7238        7177      0.0200      1.8443
ALPHA 1.5472 MaxIteration 65  TIMEOUT 0.089941
  8       5010       5343       7869      0.0899       7238        7177      0.0000      2.0244
ALPHA 1.5008 MaxIteration 100  TIMEOUT 0.155138
  9       5003       5343       7837      0.1551       7238        7177      0.0200      2.3344
ALPHA 1.4571 MaxIteration 150  TIMEOUT 0.171227
 10       5103       5343       7577      0.1712       7177        7177      0.0900      2.6843
ALPHA 1.4158 MaxIteration 218  TIMEOUT 0.438824
 11       5052       5343       7734      0.4388       7238        7177      0.0400      3.5443
ALPHA 1.3768 MaxIteration 308  TIMEOUT 0.404363
 12       5051       5343       7618      0.4044       7177        7177      0.3900      4.3544
ALPHA 1.3399 MaxIteration 424  TIMEOUT 0.493579
 13       5056       5343       7408      0.4936       7177        7177      0.0000      5.3444
ALPHA 1.3049 MaxIteration 568  TIMEOUT 0.778232
 14       5070       5343       7598      0.7782       7211        7177      0.0000      6.8843
ALPHA 1.2718 MaxIteration 741  TIMEOUT 0.930045
 15       5067       5343       7632      0.9300       7177        7177      0.0000      8.7444
ALPHA 1.2402 MaxIteration 942  TIMEOUT 1.719271
 16       5075       5343       7576      1.7193
 [LB Done] stag=15 elapsed=52.3% => 9.5s to UB
       7177        7177      0.4800     19.9143
>>> T2_1000_20000_9.wclq |V| 1000 |E| 20000  (#LB 0.0000 5343 ---> 5343  0.3433  7177 <--- 7683  0.0659 #UB)  #solve_ime 19.9144 read_time 0.0057 
