>>IBM: |V|=27769 |E|=352285
>>IBM: The maximum node weight is 200
/public/home/acs4vb4pqv/benchmarks/MWDS2026/SNAP/Cit-HepTh.clq #seed 1 #alpha 1.900 #timeout 0.300 K=5 RHO=0.05 Q0=0.90 BETA=3.5 AQ_MODE=dbs SAFE_AQ_MIN_GAP=0.050 SAFE_AQ_MIN_NODES=800 AQ_SLOPE_MARGIN=1.05 AQ_MAX_UB_DRIFT=0.25 AQ_HEAVY_FRAC=0.20 AQ_HEAVY_ANTS=6
[v19] |V|=27769 |E|=352285 density=12.69 USE_ADVANCED=1
#Rd        #LB        #LB*       #UB       #Time        #UB+        #UB*      #Time      #TotalTime
First Gap  0.014591
ALPHA 1.9000 MaxIteration 50  TIMEOUT 1.671641
  1     213014     213014     216122      1.6716     215310      215310      0.0100      3.3409
ALPHA 1.9000 MaxIteration 3  TIMEOUT 0.072220
  2     211052     213014     218926      0.0722     217041      215310      0.0000      3.5010
ALPHA 1.8304 MaxIteration 5  TIMEOUT 0.161002
  3     211738     213014     218246      0.1610     217230      215310      0.0100      3.8409
ALPHA 1.7658 MaxIteration 9  TIMEOUT 0.602468
  4     212588     213014     216934      0.6025     216281      215310      0.0000      5.0811
ALPHA 1.7056 MaxIteration 15  TIMEOUT 1.689088
  5     212825     213014     216159      1.6891     215726      215310      1.3600      8.4510
ALPHA 1.6493 MaxIteration 25  TIMEOUT 2.507225
  6     211560     213014     216594      2.5072
 [LB Done] stag=5 elapsed=54.8% => 9.0s to UB
     215498      215310      7.9700     19.9409
>>> Cit-HepTh.clq |V| 27769 |E| 352285  (#LB 0.0000 213014 ---> 213014  0.0108  215310 <--- 216122  0.0038 #UB)  #solve_ime 19.9418 read_time 0.0791 
