>>IBM: |V|=1000 |E|=52120
>>IBM: The maximum node weight is 100
/public/home/acs4vb4pqv/benchmarks/MWDS2026/UDG_wclq/UDG_1000_200_8.wclq #seed 102 #alpha 1.900 #timeout 0.100 K=5 RHO=0.05 Q0=0.90 BETA=3.5 AQ_MODE=guarded SAFE_AQ_MIN_GAP=0.050 SAFE_AQ_MIN_NODES=800 AQ_SLOPE_MARGIN=1.05 AQ_MAX_UB_DRIFT=0.25 AQ_HEAVY_FRAC=0.20 AQ_HEAVY_ANTS=6
[v19] |V|=1000 |E|=52120 density=52.12 USE_ADVANCED=1
#Rd        #LB        #LB*       #UB       #Time        #UB+        #UB*      #Time      #TotalTime
First Gap  0.078947
ALPHA 1.9000 MaxIteration 500  TIMEOUT 0.301537
  1         38         38         41      0.3015
 [AQ bandit arm] arm=3 gap=0.0789 density=52.12 |V|=1000

 [Tier-3 Hard tuned] gap=0.0789 density=52.12 |V|=1000 => Heavy RL (K=6, 20.0%)
ALPHA 1.9000 MaxIteration 3  TIMEOUT 0.013808
  2         36         38         43      0.0138ALPHA 1.8304 MaxIteration 5  TIMEOUT 0.021928
  3         36         38         44      0.0219 [AQ guard] no early LB gain, disabling AQ
         41          41      0.0000      0.3666
ALPHA 1.7658 MaxIteration 9  TIMEOUT 0.008707
  4         37         38         41      0.0087         41          41      0.0000      0.3767
ALPHA 1.7056 MaxIteration 15  TIMEOUT 0.012167
  5         38         38         41      0.0122         41          41      0.0000      0.4067
ALPHA 1.6493 MaxIteration 25  TIMEOUT 0.020909
  6         37         38         41      0.0209         41          41      0.0000      0.4567
ALPHA 1.5966 MaxIteration 41  TIMEOUT 0.029353
  7         37         38         41      0.0294         41          41      0.0000      0.5166
ALPHA 1.5472 MaxIteration 65  TIMEOUT 0.049659
  8         36         38         41      0.0497         41          41      0.0000      0.6167
ALPHA 1.5008 MaxIteration 100  TIMEOUT 0.086517
  9         36         38         41      0.0865         41          41      0.0000      0.7869
ALPHA 1.4571 MaxIteration 150  TIMEOUT 0.156019
 10         36         38         41      0.1560         41          41      0.0000      1.0966
ALPHA 1.4158 MaxIteration 218  TIMEOUT 0.337417
 11         36         38         41      0.3374         41          41      0.0000      1.7667
ALPHA 1.3768 MaxIteration 308  TIMEOUT 0.346268
 12         35         38         41      0.3463         41          41      0.0000      2.4467
ALPHA 1.3399 MaxIteration 424  TIMEOUT 0.597175
 13         35         38         41      0.5972         41          41      0.0000      3.6368
ALPHA 1.3049 MaxIteration 568  TIMEOUT 0.628212
 14         35         38         41      0.6282         41          41      0.0000      4.8867
ALPHA 1.2718 MaxIteration 741  TIMEOUT 1.275179
 15         35         38         41      1.2752         41          41      0.0000      7.4367
ALPHA 1.2402 MaxIteration 942  TIMEOUT 1.502163
 16         34         38         41      1.5022
 [LB Done] stag=13 elapsed=44.7% => 11.1s to UB
         41          41      0.0000     19.9767
>>> UDG_1000_200_8.wclq |V| 1000 |E| 52120  (#LB 0.0000 38 ---> 38  0.0789  41 <--- 41  0.0000 #UB)  #solve_ime 19.9768 read_time 0.0134 
