>>IBM: |V|=200 |E|=17910
>>IBM: The maximum node weight is 200
/public/home/acs4vb4pqv/benchmarks/MWDS2026/dimacs/gen200_p0.9_55.clq #seed 103 #alpha 1.900 #timeout 0.100 K=5 RHO=0.05 Q0=0.90 BETA=3.5 AQ_MODE=guarded SAFE_AQ_MIN_GAP=0.050 SAFE_AQ_MIN_NODES=800 AQ_SLOPE_MARGIN=1.05 AQ_MAX_UB_DRIFT=0.25 AQ_HEAVY_FRAC=0.20 AQ_HEAVY_ANTS=6
[v19] |V|=200 |E|=17910 density=89.55 USE_ADVANCED=0
#Rd        #LB        #LB*       #UB       #Time        #UB+        #UB*      #Time      #TotalTime
First Gap  0.200000
ALPHA 1.9000 MaxIteration 500  TIMEOUT 0.067116
  1          5          5          6      0.0671
 [AQ bandit arm] arm=1 gap=0.2000 density=89.55 |V|=200

 [AQ small-headroom probe] gap=0.2000 density=89.55 |V|=200 => Light RL (K=3, 5.0%)
ALPHA 1.9000 MaxIteration 3  TIMEOUT 0.001277
  2          4          5          6      0.0013ALPHA 1.8304 MaxIteration 5  TIMEOUT 0.001840
  3          4          5          6      0.0018 [AQ guard] no early LB gain, disabling AQ
          6           6      0.0000      0.0744
ALPHA 1.7658 MaxIteration 9  TIMEOUT 0.001083
  4          4          5          6      0.0011          6           6      0.0000      0.0844
ALPHA 1.7056 MaxIteration 15  TIMEOUT 0.001681
  5          4          5          6      0.0017          6           6      0.0000      0.0943
ALPHA 1.6493 MaxIteration 25  TIMEOUT 0.002734
  6          4          5          6      0.0027          6           6      0.0000      0.1044
ALPHA 1.5966 MaxIteration 41  TIMEOUT 0.004324
  7          4          5          6      0.0043          6           6      0.0000      0.1147
ALPHA 1.5472 MaxIteration 65  TIMEOUT 0.007066
  8          4          5          6      0.0071          6           6      0.0000      0.1246
ALPHA 1.5008 MaxIteration 100  TIMEOUT 0.010988
  9          4          5          6      0.0110          6           6      0.0000      0.1545
ALPHA 1.4571 MaxIteration 150  TIMEOUT 0.016539
 10          4          5          6      0.0165          6           6      0.0000      0.1846
ALPHA 1.4158 MaxIteration 218  TIMEOUT 0.023890
 11          4          5          6      0.0239          6           6      0.0000      0.2344
ALPHA 1.3768 MaxIteration 308  TIMEOUT 0.033432
 12          4          5          6      0.0334          6           6      0.0000      0.3043
ALPHA 1.3399 MaxIteration 424  TIMEOUT 0.048522
 13          4          5          6      0.0485          6           6      0.0000      0.3945
ALPHA 1.3049 MaxIteration 568  TIMEOUT 0.068641
 14          4          5          6      0.0686          6           6      0.0000      0.5243
ALPHA 1.2718 MaxIteration 741  TIMEOUT 0.096866
 15          4          5          6      0.0969          6           6      0.0000      0.7143
ALPHA 1.2402 MaxIteration 942  TIMEOUT 0.131197
 16          4          5          6      0.1312          6           6      0.0000      0.9845
ALPHA 1.2102 MaxIteration 1168  TIMEOUT 0.176962
 17          4          5          6      0.1770          6           6      0.0000      1.3345
ALPHA 1.1816 MaxIteration 1413  TIMEOUT 0.236518
 18          4          5          6      0.2365          6           6      0.0000      1.8044
ALPHA 1.1543 MaxIteration 1669  TIMEOUT 0.297534
 19          4          5          6      0.2975          6           6      0.0000      2.3946
ALPHA 1.1283 MaxIteration 1926  TIMEOUT 0.189686
 20          3          5          6      0.1897          6           6      0.0000      2.7746
ALPHA 1.1034 MaxIteration 2173  TIMEOUT 0.211728
 21          3          5          6      0.2117          6           6      0.0000      3.2045
ALPHA 1.0795 MaxIteration 2397  TIMEOUT 0.230447
 22          3          5          6      0.2304          6           6      0.0000      3.6746
ALPHA 1.0567 MaxIteration 2587  TIMEOUT 0.247855
 23          3          5          6      0.2479          6           6      0.0000      4.1647
ALPHA 1.0349 MaxIteration 2733  TIMEOUT 0.261532
 24          3          5          6      0.2615          6           6      0.0000      4.6945
ALPHA 1.0349 MaxIteration 2828  TIMEOUT 0.270026
 25          3          5          6      0.2700          6           6      0.0000      5.2445
ALPHA 1.0349 MaxIteration 2926  TIMEOUT 0.283065
 26          3          5          6      0.2831          6           6      0.0000      5.8144
ALPHA 1.0349 MaxIteration 3027  TIMEOUT 0.291770
 27          3          5          6      0.2918          6           6      0.0000      6.4044
ALPHA 1.0349 MaxIteration 3132  TIMEOUT 0.299417
 28          3          5          6      0.2994          6           6      0.0000      6.9946
ALPHA 1.0349 MaxIteration 3241  TIMEOUT 0.313195
 29          3          5          6      0.3132          6           6      0.0000      7.6245
ALPHA 1.0349 MaxIteration 3353  TIMEOUT 0.323197
 30          3          5          6      0.3232          6           6      0.0000      8.2744
ALPHA 1.0349 MaxIteration 3469  TIMEOUT 0.333042
 31          3          5          6      0.3330          6           6      0.0000      8.9446
ALPHA 1.0349 MaxIteration 3589  TIMEOUT 0.342031
 32          3          5          6      0.3420          6           6      0.0000      9.6345
ALPHA 1.0349 MaxIteration 3714  TIMEOUT 0.355495
 33          3          5          6      0.3555          6           6      0.0000     10.3446
ALPHA 1.0349 MaxIteration 3843  TIMEOUT 0.369344
 34          3          5          6      0.3693          6           6      0.0000     11.0744
ALPHA 1.0349 MaxIteration 3976  TIMEOUT 0.381210
 35          3          5          6      0.3812          6           6      0.0000     11.8445
ALPHA 1.0349 MaxIteration 4114  TIMEOUT 0.397690
 36          3          5          6      0.3977          6           6      0.0000     12.6346
ALPHA 1.0349 MaxIteration 4257  TIMEOUT 0.399174
 37          3          5          6      0.3992          6           6      0.0000     13.4245
ALPHA 1.0349 MaxIteration 4405  TIMEOUT 0.421434
 38          3          5          6      0.4214          6           6      0.0000     14.2744
ALPHA 1.0349 MaxIteration 4558  TIMEOUT 0.440973
 39          3          5          6      0.4410          6           6      0.0000     15.1644
ALPHA 1.0349 MaxIteration 4716  TIMEOUT 0.456406
 40          3          5          6      0.4564          6           6      0.0000     16.0744
ALPHA 1.0349 MaxIteration 4880  TIMEOUT 0.471825
 41          3          5          6      0.4718          6           6      0.0000     17.0143
ALPHA 1.0349 MaxIteration 5050  TIMEOUT 0.486944
 42          3          5          6      0.4869          6           6      0.0000     17.9844
ALPHA 1.0349 MaxIteration 5226  TIMEOUT 0.508165
 43          3          5          6      0.5082          6           6      0.0000     18.9946
ALPHA 1.0349 MaxIteration 5408  TIMEOUT 0.524219
 44          3          5          6      0.5242          6           6      0.0000     20.0046
>>> gen200_p0.9_55.clq |V| 200 |E| 17910  (#LB 0.0000 5 ---> 5  0.2000  6 <--- 6  0.0000 #UB)  #solve_ime 20.0046 read_time 0.0057 
