With  Parameters CUTOFF 20 SEED 3  ALPHA = 1.900  K=5 RHO=0.05 Q0=0.90 BETA=3.0 AQ_MODE=dbs
Reading  graph ...  time 0.000599  
Reducing graph ...  time 0.000079  
[v9] |V|=1000 |E|=1000 density=1.00 USE_ADVANCED=1 SAFE_AQ_MIN_GAP=0.050 DEEP_AQ_RANGE=[800, 5.00, 10.00] structure_blocks_aq=1 AQ_SLOPE_MARGIN=1.15 AQ_MAX_UB_DRIFT=0.20 AQ_PROBE_FRAC=0.15 AQ_T1LIKE_FRAC=0.15
#Rd        #LB        #LB*       #UB       #Time        #UB+        #UB*      #Time      #TotalTime
First Gap  0.099244
  1      10318      10318      11342      0.2523 [AQ bandit arm] arm=4 gap=0.0992 density=1.00 |V|=1000

 Switch to DBS-only search, timeout 0.252263....
 [Online-safe AQ structure guard] |V|=1000 density=1.00 outside [800, 5.00, 10.00], disabling AQ
      10788       10788      0.0879        0.6336
ALPHA 1.9000 MaxIteration 3  TIMEOUT 0.252263
  2      10287      10318      11577      0.0013      11175       10788      0.0006        0.6362
ALPHA 1.8304 MaxIteration 5  TIMEOUT 0.002413
  3      10248      10318      11729      0.0012      11167       10788      0.0005        0.6387
ALPHA 1.7658 MaxIteration 9  TIMEOUT 0.002233
  4      10254      10318      11877      0.0020      11199       10788      0.0005        0.6427
ALPHA 1.7056 MaxIteration 15  TIMEOUT 0.003521
  5      10241      10318      11783      0.0037      11209       10788      0.0006        0.6501
ALPHA 1.6493 MaxIteration 25  TIMEOUT 0.006319
  6      10226      10318      11692      0.0063      10976       10788      0.0061        0.6628
ALPHA 1.5966 MaxIteration 41  TIMEOUT 0.010434
  7      10237      10318      11705      0.0100      10918       10788      0.0073        0.6828
ALPHA 1.5472 MaxIteration 65  TIMEOUT 0.015918
  8      10228      10318      11691      0.0146      10843       10788      0.0140        0.7120
ALPHA 1.5008 MaxIteration 100  TIMEOUT 0.022610
  9      10234      10318      11662      0.0204      10900       10788      0.0179        0.7529
ALPHA 1.4571 MaxIteration 150  TIMEOUT 0.030657
 10      10241      10318      11742      0.0307      10842       10788      0.0239        0.8144
ALPHA 1.4158 MaxIteration 218  TIMEOUT 0.044697
 11      10265      10318      11720      0.0449      10819       10788      0.0418        0.9052
ALPHA 1.3768 MaxIteration 308  TIMEOUT 0.063548
 12      10256      10318      11710      0.0637      10825       10788      0.0589        1.0337
ALPHA 1.3399 MaxIteration 424  TIMEOUT 0.087719
 13      10262      10318      11757      0.0877      10818       10788      0.0740        1.2092
ALPHA 1.3049 MaxIteration 568  TIMEOUT 0.117576
 14      10260      10318      11715      0.1177      10803       10788      0.0646        1.4446
ALPHA 1.2718 MaxIteration 741  TIMEOUT 0.153571
 15      10265      10318      11710      0.1536      10799       10788      0.0891        1.7521
ALPHA 1.2402 MaxIteration 942  TIMEOUT 0.195367
 16      10269      10318      11622      0.1955      10800       10788      0.0502        2.1433
ALPHA 1.2102 MaxIteration 1168  TIMEOUT 0.242479
 17      10308      10318      11651      0.2427      10779       10779      0.2254        2.6297
ALPHA 1.1816 MaxIteration 1413  TIMEOUT 0.293673
 18      10314      10318      11659      0.2937      10794       10779      0.0998        3.2172
ALPHA 1.1543 MaxIteration 1669  TIMEOUT 0.347021
 19      10282      10318      11582      0.3471      10784       10779      0.1512        3.9127
ALPHA 1.1283 MaxIteration 1926  TIMEOUT 0.400699
 20      10296      10318      11628      0.4008      10778       10778      0.3056        4.7162
ALPHA 1.1034 MaxIteration 2173  TIMEOUT 0.452159
 21      10301      10318      11617      0.4523      10793       10778      0.1000        5.6209
ALPHA 1.0795 MaxIteration 2397  TIMEOUT 0.499070
 22      10318      10318      11645      0.4992      10794       10778      0.1430        6.6216
ALPHA 1.0567 MaxIteration 2587  TIMEOUT 0.538915
 23      10318      10318      11562      0.4922      10782       10778      0.3304        7.6070
ALPHA 1.0349 MaxIteration 2733  TIMEOUT 0.520077
 24      10318      10318      11560      0.5132      10787       10778      0.4724        8.6344
ALPHA 1.0349 MaxIteration 2828  TIMEOUT 0.531073
 25      10318      10318      11539      0.5270      10791       10778      0.2030        9.6895
ALPHA 1.0349 MaxIteration 2926  TIMEOUT 0.545368
 26      10318      10318      11550      0.5455      10790       10778      0.1475       10.7826
ALPHA 1.0349 MaxIteration 3027  TIMEOUT 0.564468
 27      10318      10318      11530      0.5646      10782       10778      0.3394       11.9119
ALPHA 1.0349 MaxIteration 3132  TIMEOUT 0.584319
 28      10318      10318      11570      0.5813      10795       10778      0.4880       13.0745
ALPHA 1.0349 MaxIteration 3241  TIMEOUT 0.601517
 29      10318      10318      11506      0.6017      10775       10775      4.7854       19.9998
>>> T1_1000_1000_2.wclq |V| 1000 |E| 1000  (#LB 0.0000 10318 ---> 10318  0.0424  10775 <--- 11342  0.0500 #UB)  #read_time 0.0006  #reduce_time 0.0001  #solve_time 19.9998  #total_time 20.0004
 