>>> Warning: header edge_num=125248, parsed edge_num=62624
>>IBM: |V|=500 |E|=62624
>>IBM: The maximum node weight is 200
/public/home/acs4vb4pqv/benchmarks/MWDS2026/dimacs/DSJC500_5.clq #seed 102 #alpha 1.900 #timeout 0.100 K=5 RHO=0.05 Q0=0.90 BETA=3.5 AQ_MODE=dbs SAFE_AQ_MIN_GAP=0.050 SAFE_AQ_MIN_NODES=800 AQ_SLOPE_MARGIN=1.05 AQ_MAX_UB_DRIFT=0.25 AQ_HEAVY_FRAC=0.20 AQ_HEAVY_ANTS=6
[v19] |V|=500 |E|=62624 density=125.25 USE_ADVANCED=0
#Rd        #LB        #LB*       #UB       #Time        #UB+        #UB*      #Time      #TotalTime
First Gap  0.454545
ALPHA 1.9000 MaxIteration 500  TIMEOUT 0.462783
  1         11         11         16      0.4628         16          16      0.0000      0.9246
ALPHA 1.9000 MaxIteration 3  TIMEOUT 0.003260
  2          9         11         18      0.0033         16          16      0.0000      0.9347
ALPHA 1.8304 MaxIteration 5  TIMEOUT 0.005882
  3          9         11         16      0.0059         16          16      0.0000      0.9448
ALPHA 1.7658 MaxIteration 9  TIMEOUT 0.010933
  4         10         11         16      0.0109         16          16      0.0000      0.9749
ALPHA 1.7056 MaxIteration 15  TIMEOUT 0.023529
  5         11         11         16      0.0235         16          16      0.0000      1.0244
ALPHA 1.6493 MaxIteration 25  TIMEOUT 0.032188
  6         11         11         16      0.0322         16          16      0.0000      1.0947
ALPHA 1.5966 MaxIteration 41  TIMEOUT 0.049889
  7         10         11         16      0.0499         16          16      0.0000      1.1946
ALPHA 1.5472 MaxIteration 65  TIMEOUT 0.070624
  8         11         11         16      0.0706         16          16      0.0000      1.3446
ALPHA 1.5008 MaxIteration 100  TIMEOUT 0.091627
  9         10         11         16      0.0916         16          16      0.0000      1.5348
ALPHA 1.4571 MaxIteration 150  TIMEOUT 0.134106
 10         10         11         16      0.1341         16          16      0.0000      1.8046
ALPHA 1.4158 MaxIteration 218  TIMEOUT 0.188251
 11         10         11         16      0.1883         16          16      0.0000      2.1744
ALPHA 1.3768 MaxIteration 308  TIMEOUT 0.267598
 12         10         11         16      0.2676         16          16      0.0000      2.7047
ALPHA 1.3399 MaxIteration 424  TIMEOUT 0.414997
 13         11         11         16      0.4150         16          16      0.0000      3.5350
ALPHA 1.3049 MaxIteration 568  TIMEOUT 0.493734
 14         10         11         16      0.4937         16          16      0.0000      4.5249
ALPHA 1.2718 MaxIteration 741  TIMEOUT 0.643610
 15         10         11         16      0.6436         16          16      0.0000      5.8049
ALPHA 1.2402 MaxIteration 942  TIMEOUT 0.812373
 16         10         11         16      0.8124         16          16      0.0000      7.4348
ALPHA 1.2102 MaxIteration 1168  TIMEOUT 1.004032
 17         10         11         16      1.0040         16          16      0.0000      9.4445
ALPHA 1.1816 MaxIteration 1413  TIMEOUT 1.208814
 18         10         11         16      1.2088         16          16      0.0000     11.8546
ALPHA 1.1543 MaxIteration 1669  TIMEOUT 1.429185
 19         10         11         16      1.4292         16          16      0.0000     14.7146
ALPHA 1.1283 MaxIteration 1926  TIMEOUT 1.672641
 20         10         11         16      1.6726         16          16      0.0000     18.0646
ALPHA 1.1034 MaxIteration 2173  TIMEOUT 1.884653
 21         10         11         16      1.8847         16          16      0.0000     20.0049
>>> DSJC500_5.clq |V| 500 |E| 62624  (#LB 0.0000 11 ---> 11  0.4545  16 <--- 16  0.0000 #UB)  #solve_ime 20.0049 read_time 0.0157 
