>>> Warning: header edge_num=125248, parsed edge_num=62624
>>IBM: |V|=500 |E|=62624
>>IBM: The maximum node weight is 200
/public/home/acs4vb4pqv/benchmarks/MWDS2026/dimacs/DSJC500_5.clq #seed 3 #alpha 1.900 #timeout 0.100 K=5 RHO=0.05 Q0=0.90 BETA=3.5 AQ_MODE=dbs SAFE_AQ_MIN_GAP=0.050 SAFE_AQ_MIN_NODES=800 AQ_SLOPE_MARGIN=1.05 AQ_MAX_UB_DRIFT=0.25 AQ_HEAVY_FRAC=0.20 AQ_HEAVY_ANTS=6
[v19] |V|=500 |E|=62624 density=125.25 USE_ADVANCED=0
#Rd        #LB        #LB*       #UB       #Time        #UB+        #UB*      #Time      #TotalTime
First Gap  0.454545
ALPHA 1.9000 MaxIteration 500  TIMEOUT 0.470094
  1         11         11         16      0.4701         16          16      0.0000      0.9431
ALPHA 1.9000 MaxIteration 3  TIMEOUT 0.003253
  2          9         11         18      0.0033         16          16      0.0000      0.9532
ALPHA 1.8304 MaxIteration 5  TIMEOUT 0.005838
  3          9         11         16      0.0058         16          16      0.0000      0.9632
ALPHA 1.7658 MaxIteration 9  TIMEOUT 0.011328
  4         10         11         16      0.0113         16          16      0.0000      0.9934
ALPHA 1.7056 MaxIteration 15  TIMEOUT 0.023193
  5         11         11         16      0.0232         16          16      0.0000      1.0437
ALPHA 1.6493 MaxIteration 25  TIMEOUT 0.032418
  6         11         11         16      0.0324         16          16      0.0000      1.1131
ALPHA 1.5966 MaxIteration 41  TIMEOUT 0.049960
  7         10         11         16      0.0500         16          16      0.0000      1.2132
ALPHA 1.5472 MaxIteration 65  TIMEOUT 0.075219
  8         11         11         16      0.0752         16          16      0.0000      1.3636
ALPHA 1.5008 MaxIteration 100  TIMEOUT 0.091712
  9         10         11         16      0.0917         16          16      0.0000      1.5533
ALPHA 1.4571 MaxIteration 150  TIMEOUT 0.134085
 10         10         11         16      0.1341         16          16      0.0000      1.8234
ALPHA 1.4158 MaxIteration 218  TIMEOUT 0.191002
 11         10         11         16      0.1910         16          16      0.0000      2.2133
ALPHA 1.3768 MaxIteration 308  TIMEOUT 0.276035
 12         10         11         16      0.2760         16          16      0.0000      2.7633
ALPHA 1.3399 MaxIteration 424  TIMEOUT 0.422845
 13         11         11         16      0.4228         16          16      0.0000      3.6034
ALPHA 1.3049 MaxIteration 568  TIMEOUT 0.502209
 14         10         11         16      0.5022         16          16      0.0000      4.6134
ALPHA 1.2718 MaxIteration 741  TIMEOUT 0.648086
 15         10         11         16      0.6481         16          16      0.0000      5.9034
ALPHA 1.2402 MaxIteration 942  TIMEOUT 0.818390
 16         10         11         16      0.8184         16          16      0.0000      7.5331
ALPHA 1.2102 MaxIteration 1168  TIMEOUT 1.015341
 17         10         11         16      1.0153         16          16      0.0000      9.5630
ALPHA 1.1816 MaxIteration 1413  TIMEOUT 1.243228
 18         10         11         16      1.2432         16          16      0.0000     12.0531
ALPHA 1.1543 MaxIteration 1669  TIMEOUT 1.468414
 19         10         11         16      1.4684         16          16      0.0000     14.9833
ALPHA 1.1283 MaxIteration 1926  TIMEOUT 1.679441
 20         10         11         16      1.6794         16          16      0.0000     18.3437
ALPHA 1.1034 MaxIteration 2173  TIMEOUT 1.656361
 21         10         11         16      1.6564>>> DSJC500_5.clq |V| 500 |E| 62624  (#LB 0.0000 11 ---> 11  0.4545  16 <--- 16  0.0000 #UB)  #solve_ime 20.0001 read_time 0.0171 
