>>IBM: |V|=1000 |E|=52120
>>IBM: The maximum node weight is 100
/public/home/acs4vb4pqv/benchmarks/MWDS2026/UDG_wclq/UDG_1000_200_8.wclq #seed 2 #alpha 1.900 #timeout 0.100 K=5 RHO=0.05 Q0=0.90 BETA=3.5 AQ_MODE=dbs SAFE_AQ_MIN_GAP=0.050 SAFE_AQ_MIN_NODES=800 AQ_SLOPE_MARGIN=1.05 AQ_MAX_UB_DRIFT=0.25 AQ_HEAVY_FRAC=0.20 AQ_HEAVY_ANTS=6
[v19] |V|=1000 |E|=52120 density=52.12 USE_ADVANCED=1
#Rd        #LB        #LB*       #UB       #Time        #UB+        #UB*      #Time      #TotalTime
First Gap  0.078947
ALPHA 1.9000 MaxIteration 500  TIMEOUT 0.303581
  1         38         38         41      0.3036         41          41      0.0000      0.6067
ALPHA 1.9000 MaxIteration 3  TIMEOUT 0.005802
  2         38         38         41      0.0058         41          41      0.0000      0.6167
ALPHA 1.8304 MaxIteration 5  TIMEOUT 0.006804
  3         37         38         41      0.0068         41          41      0.0000      0.6270
ALPHA 1.7658 MaxIteration 9  TIMEOUT 0.007221
  4         36         38         41      0.0072         41          41      0.0000      0.6367
ALPHA 1.7056 MaxIteration 15  TIMEOUT 0.023082
  5         37         38         41      0.0231         41          41      0.0000      0.6867
ALPHA 1.6493 MaxIteration 25  TIMEOUT 0.026268
  6         36         38         41      0.0263         41          41      0.0000      0.7368
ALPHA 1.5966 MaxIteration 41  TIMEOUT 0.073291
  7         36         38         41      0.0733         41          41      0.0000      0.8868
ALPHA 1.5472 MaxIteration 65  TIMEOUT 0.073763
  8         35         38         41      0.0738         41          41      0.0000      1.0367
ALPHA 1.5008 MaxIteration 100  TIMEOUT 0.116585
  9         33         38         41      0.1166         41          41      0.0000      1.2667
ALPHA 1.4571 MaxIteration 150  TIMEOUT 0.096051
 10         31         38         41      0.0961         41          41      0.0000      1.4567
ALPHA 1.4158 MaxIteration 218  TIMEOUT 0.137039
 11         31         38         41      0.1370         41          41      0.0000      1.7268
ALPHA 1.3768 MaxIteration 308  TIMEOUT 0.194047
 12         31         38         41      0.1940         41          41      0.0000      2.1167
ALPHA 1.3399 MaxIteration 424  TIMEOUT 0.266032
 13         31         38         41      0.2660         41          41      0.0000      2.6467
ALPHA 1.3049 MaxIteration 568  TIMEOUT 0.344781
 14         31         38         41      0.3448         41          41      0.0000      3.3367
ALPHA 1.2718 MaxIteration 741  TIMEOUT 0.445840
 15         31         38         41      0.4458         41          41      0.0000      4.2266
ALPHA 1.2402 MaxIteration 942  TIMEOUT 0.570946
 16         31         38         41      0.5709         41          41      0.0000      5.3767
ALPHA 1.2102 MaxIteration 1168  TIMEOUT 0.709529
 17         31         38         41      0.7095         41          41      0.0000      6.7966
ALPHA 1.1816 MaxIteration 1413  TIMEOUT 0.853635
 18         31         38         41      0.8536         41          41      0.0000      8.4968
ALPHA 1.1543 MaxIteration 1669  TIMEOUT 1.022862
 19         31         38         41      1.0229
 [LB Done] stag=18 elapsed=47.6% => 10.5s to UB
         41          41      0.0000     19.9667
>>> UDG_1000_200_8.wclq |V| 1000 |E| 52120  (#LB 0.0000 38 ---> 38  0.0789  41 <--- 41  0.0000 #UB)  #solve_ime 19.9668 read_time 0.0134 
