With  Parameters CUTOFF 20 SEED 101  ALPHA = 1.900  K=5 RHO=0.05 Q0=0.90 BETA=3.0 AQ_MODE=guarded
Reading  graph ...  time 0.004332  
Reducing graph ...  time 0.000184  
[v9] |V|=200 |E|=17910 density=89.55 USE_ADVANCED=0 SAFE_AQ_MIN_GAP=0.050 DEEP_AQ_RANGE=[800, 5.00, 10.00] structure_blocks_aq=1 AQ_SLOPE_MARGIN=1.15 AQ_MAX_UB_DRIFT=0.20 AQ_PROBE_FRAC=0.15 AQ_T1LIKE_FRAC=0.15
#Rd        #LB        #LB*       #UB       #Time        #UB+        #UB*      #Time      #TotalTime
First Gap  0.200000
  1          5          5          6      0.0687 [AQ bandit arm] arm=0 gap=0.2000 density=89.55 |V|=200

 Switch to DBS-only search, timeout 0.068663....
 [Online-safe AQ structure guard] |V|=200 density=89.55 outside [800, 5.00, 10.00], disabling AQ
          6           6      0.0011        0.1806
ALPHA 1.9000 MaxIteration 3  TIMEOUT 0.068663
  2          5          5          6      0.0005          6           6      0.0010        0.1821
ALPHA 1.8304 MaxIteration 5  TIMEOUT 0.000868
  3          5          5          6      0.0009          6           6      0.0010        0.1840
ALPHA 1.7658 MaxIteration 9  TIMEOUT 0.001633
  4          5          5          7      0.0017          6           6      0.0010        0.1873
ALPHA 1.7056 MaxIteration 15  TIMEOUT 0.002914
  5          4          5          7      0.0015          6           6      0.0010        0.1905
ALPHA 1.6493 MaxIteration 25  TIMEOUT 0.002598
  6          4          5          7      0.0025          6           6      0.0010        0.1954
ALPHA 1.5966 MaxIteration 41  TIMEOUT 0.004056
  7          4          5          7      0.0039          6           6      0.0010        0.2034
ALPHA 1.5472 MaxIteration 65  TIMEOUT 0.006256
  8          4          5          7      0.0061          6           6      0.0010        0.2157
ALPHA 1.5008 MaxIteration 100  TIMEOUT 0.009443
  9          4          5          7      0.0094          6           6      0.0010        0.2345
ALPHA 1.4571 MaxIteration 150  TIMEOUT 0.014068
 10          4          5          7      0.0139          6           6      0.0010        0.2623
ALPHA 1.4158 MaxIteration 218  TIMEOUT 0.020230
 11          4          5          7      0.0202          6           6      0.0010        0.3030
ALPHA 1.3768 MaxIteration 308  TIMEOUT 0.028659
 12          4          5          7      0.0284          6           6      0.0010        0.3599
ALPHA 1.3399 MaxIteration 424  TIMEOUT 0.039048
 13          4          5          7      0.0391          6           6      0.0010        0.4381
ALPHA 1.3049 MaxIteration 568  TIMEOUT 0.052337
 14          4          5          7      0.0523          6           6      0.0010        0.5428
ALPHA 1.2718 MaxIteration 741  TIMEOUT 0.068196
 15          4          5          7      0.0677          6           6      0.0010        0.6792
ALPHA 1.2402 MaxIteration 942  TIMEOUT 0.086128
 16          4          5          7      0.0862          6           6      0.0010        0.8517
ALPHA 1.2102 MaxIteration 1168  TIMEOUT 0.106906
 17          4          5          7      0.1064          6           6      0.0010        1.0656
ALPHA 1.1816 MaxIteration 1413  TIMEOUT 0.128801
 18          4          5          7      0.1278          6           6      0.0010        1.3223
ALPHA 1.1543 MaxIteration 1669  TIMEOUT 0.151010
 19          4          5          7      0.1483          6           6      0.0010        1.6222
ALPHA 1.1283 MaxIteration 1926  TIMEOUT 0.171219
 20          4          5          7      0.1702          6           6      0.0010        1.9637
ALPHA 1.1034 MaxIteration 2173  TIMEOUT 0.191986
 21          4          5          7      0.1920          6           6      0.0012        2.3479
ALPHA 1.0795 MaxIteration 2397  TIMEOUT 0.211901
 22          4          5          7      0.2120          6           6      0.0010        2.7782
ALPHA 1.0567 MaxIteration 2587  TIMEOUT 0.228826
 23          4          5          7      0.2289          6           6      0.0010        3.2371
ALPHA 1.0349 MaxIteration 2733  TIMEOUT 0.241860
 24          4          5          7      0.2419          6           6      0.0010        3.7236
ALPHA 1.0349 MaxIteration 2828  TIMEOUT 0.250346
 25          4          5          7      0.2504          6           6      0.0011        4.2257
ALPHA 1.0349 MaxIteration 2926  TIMEOUT 0.259158
 26          4          5          7      0.2592          6           6      0.0010        4.7452
ALPHA 1.0349 MaxIteration 3027  TIMEOUT 0.268256
 27          4          5          7      0.2683          6           6      0.0010        5.2839
ALPHA 1.0349 MaxIteration 3132  TIMEOUT 0.277624
 28          4          5          7      0.2777          6           6      0.0010        5.8445
ALPHA 1.0349 MaxIteration 3241  TIMEOUT 0.287380
 29          4          5          7      0.2875          6           6      0.0010        6.4196
ALPHA 1.0349 MaxIteration 3353  TIMEOUT 0.297474
 30          4          5          7      0.2975          6           6      0.0010        7.0178
ALPHA 1.0349 MaxIteration 3469  TIMEOUT 0.307906
 31          4          5          7      0.3079          6           6      0.0011        7.6369
ALPHA 1.0349 MaxIteration 3589  TIMEOUT 0.318653
 32          4          5          7      0.3187          6           6      0.0010        8.2745
ALPHA 1.0349 MaxIteration 3714  TIMEOUT 0.329827
 33          4          5          7      0.3299          6           6      0.0010        8.9363
ALPHA 1.0349 MaxIteration 3843  TIMEOUT 0.341392
 34          4          5          7      0.3414          6           6      0.0010        9.6202
ALPHA 1.0349 MaxIteration 3976  TIMEOUT 0.353298
 35          4          5          7      0.3534          6           6      0.0010       10.3280
ALPHA 1.0349 MaxIteration 4114  TIMEOUT 0.365691
 36          4          5          7      0.3657          6           6      0.0010       11.0616
ALPHA 1.0349 MaxIteration 4257  TIMEOUT 0.378497
 37          4          5          7      0.3785          6           6      0.0012       11.8217
ALPHA 1.0349 MaxIteration 4405  TIMEOUT 0.391734
 38          4          5          7      0.3918          6           6      0.0010       12.6075
ALPHA 1.0349 MaxIteration 4558  TIMEOUT 0.405485
 39          4          5          7      0.4055          6           6      0.0011       13.4188
ALPHA 1.0349 MaxIteration 4716  TIMEOUT 0.419680
 40          4          5          7      0.4197          6           6      0.0010       19.9990
>>> gen200_p0.9_55.clq |V| 200 |E| 17910  (#LB 0.0000 5 ---> 5  0.1667  6 <--- 6  0.0000 #UB)  #read_time 0.0043  #reduce_time 0.0002  #solve_time 19.9990  #total_time 20.0035
 