>>IBM: |V|=200 |E|=17910
>>IBM: The maximum node weight is 200
/public/home/acs4vb4pqv/benchmarks/MWDS2026/dimacs/gen200_p0.9_55.clq #seed 3 #alpha 1.900 #timeout 0.100 K=5 RHO=0.05 Q0=0.90 BETA=3.5 AQ_MODE=dbs SAFE_AQ_MIN_GAP=0.050 SAFE_AQ_MIN_NODES=800 AQ_SLOPE_MARGIN=1.05 AQ_MAX_UB_DRIFT=0.25 AQ_HEAVY_FRAC=0.20 AQ_HEAVY_ANTS=6
[v19] |V|=200 |E|=17910 density=89.55 USE_ADVANCED=0
#Rd        #LB        #LB*       #UB       #Time        #UB+        #UB*      #Time      #TotalTime
First Gap  0.200000
ALPHA 1.9000 MaxIteration 500  TIMEOUT 0.068314
  1          5          5          6      0.0683          6           6      0.0000      0.1361
ALPHA 1.9000 MaxIteration 3  TIMEOUT 0.000499
  2          4          5          6      0.0005          6           6      0.0000      0.1462
ALPHA 1.8304 MaxIteration 5  TIMEOUT 0.000692
  3          4          5          6      0.0007          6           6      0.0000      0.1565
ALPHA 1.7658 MaxIteration 9  TIMEOUT 0.001091
  4          4          5          6      0.0011          6           6      0.0000      0.1661
ALPHA 1.7056 MaxIteration 15  TIMEOUT 0.001863
  5          4          5          6      0.0019          6           6      0.0000      0.1763
ALPHA 1.6493 MaxIteration 25  TIMEOUT 0.002953
  6          4          5          6      0.0030          6           6      0.0000      0.1864
ALPHA 1.5966 MaxIteration 41  TIMEOUT 0.005050
  7          4          5          6      0.0050          6           6      0.0000      0.1961
ALPHA 1.5472 MaxIteration 65  TIMEOUT 0.009081
  8          4          5          6      0.0091          6           6      0.0000      0.2062
ALPHA 1.5008 MaxIteration 100  TIMEOUT 0.016007
  9          4          5          6      0.0160          6           6      0.0000      0.2361
ALPHA 1.4571 MaxIteration 150  TIMEOUT 0.014649
 10          3          5          6      0.0146          6           6      0.0000      0.2662
ALPHA 1.4158 MaxIteration 218  TIMEOUT 0.020980
 11          3          5          6      0.0210          6           6      0.0000      0.3161
ALPHA 1.3768 MaxIteration 308  TIMEOUT 0.029709
 12          3          5          6      0.0297          6           6      0.0000      0.3665
ALPHA 1.3399 MaxIteration 424  TIMEOUT 0.040573
 13          3          5          6      0.0406          6           6      0.0000      0.4561
ALPHA 1.3049 MaxIteration 568  TIMEOUT 0.054258
 14          3          5          6      0.0543          6           6      0.0000      0.5662
ALPHA 1.2718 MaxIteration 741  TIMEOUT 0.071593
 15          3          5          6      0.0716          6           6      0.0000      0.7161
ALPHA 1.2402 MaxIteration 942  TIMEOUT 0.090664
 16          3          5          6      0.0907          6           6      0.0000      0.9061
ALPHA 1.2102 MaxIteration 1168  TIMEOUT 0.112200
 17          3          5          6      0.1122          6           6      0.0000      1.1361
ALPHA 1.1816 MaxIteration 1413  TIMEOUT 0.134754
 18          3          5          6      0.1348          6           6      0.0000      1.4065
ALPHA 1.1543 MaxIteration 1669  TIMEOUT 0.161253
 19          3          5          6      0.1613          6           6      0.0000      1.7362
ALPHA 1.1283 MaxIteration 1926  TIMEOUT 0.181651
 20          3          5          6      0.1817          6           6      0.0000      2.1064
ALPHA 1.1034 MaxIteration 2173  TIMEOUT 0.205247
 21          3          5          6      0.2052          6           6      0.0000      2.5164
ALPHA 1.0795 MaxIteration 2397  TIMEOUT 0.232016
 22          3          5          6      0.2320          6           6      0.0000      2.9862
ALPHA 1.0567 MaxIteration 2587  TIMEOUT 0.246936
 23          3          5          6      0.2469          6           6      0.0000      3.4762
ALPHA 1.0349 MaxIteration 2733  TIMEOUT 0.262190
 24          3          5          6      0.2622          6           6      0.0000      4.0062
ALPHA 1.0349 MaxIteration 2828  TIMEOUT 0.274753
 25          3          5          6      0.2748          6           6      0.0000      4.5561
ALPHA 1.0349 MaxIteration 2926  TIMEOUT 0.275742
 26          3          5          6      0.2757          6           6      0.0000      5.1062
ALPHA 1.0349 MaxIteration 3027  TIMEOUT 0.291113
 27          3          5          6      0.2911          6           6      0.0000      5.6962
ALPHA 1.0349 MaxIteration 3132  TIMEOUT 0.299531
 28          3          5          6      0.2995          6           6      0.0000      6.2862
ALPHA 1.0349 MaxIteration 3241  TIMEOUT 0.305489
 29          3          5          6      0.3055          6           6      0.0000      6.8965
ALPHA 1.0349 MaxIteration 3353  TIMEOUT 0.319253
 30          3          5          6      0.3193          6           6      0.0000      7.5262
ALPHA 1.0349 MaxIteration 3469  TIMEOUT 0.327862
 31          3          5          6      0.3279          6           6      0.0000      8.1762
ALPHA 1.0349 MaxIteration 3589  TIMEOUT 0.342937
 32          3          5          6      0.3429          6           6      0.0000      8.8661
ALPHA 1.0349 MaxIteration 3714  TIMEOUT 0.352666
 33          3          5          6      0.3527          6           6      0.0000      9.5765
ALPHA 1.0349 MaxIteration 3843  TIMEOUT 0.366030
 34          3          5          6      0.3660          6           6      0.0000     10.3061
ALPHA 1.0349 MaxIteration 3976  TIMEOUT 0.377668
 35          3          5          6      0.3777          6           6      0.0000     11.0562
ALPHA 1.0349 MaxIteration 4114  TIMEOUT 0.392407
 36          3          5          6      0.3924          6           6      0.0000     11.8462
ALPHA 1.0349 MaxIteration 4257  TIMEOUT 0.408494
 37          3          5          6      0.4085          6           6      0.0000     12.6564
ALPHA 1.0349 MaxIteration 4405  TIMEOUT 0.416979
 38          3          5          6      0.4170          6           6      0.0000     13.4862
ALPHA 1.0349 MaxIteration 4558  TIMEOUT 0.434559
 39          3          5          6      0.4346          6           6      0.0000     14.3562
ALPHA 1.0349 MaxIteration 4716  TIMEOUT 0.450347
 40          3          5          6      0.4503          6           6      0.0000     15.2662
ALPHA 1.0349 MaxIteration 4880  TIMEOUT 0.467621
 41          3          5          6      0.4676          6           6      0.0000     16.1862
ALPHA 1.0349 MaxIteration 5050  TIMEOUT 0.491069
 42          3          5          6      0.4911          6           6      0.0000     17.1762
ALPHA 1.0349 MaxIteration 5226  TIMEOUT 0.503824
 43          3          5          6      0.5038          6           6      0.0000     18.1864
ALPHA 1.0349 MaxIteration 5408  TIMEOUT 0.516238
 44          3          5          6      0.5162          6           6      0.0000     19.2162
ALPHA 1.0349 MaxIteration 5596  TIMEOUT 0.533728
 45          3          5          6      0.5337          6           6      0.0000     20.0061
>>> gen200_p0.9_55.clq |V| 200 |E| 17910  (#LB 0.0000 5 ---> 5  0.2000  6 <--- 6  0.0000 #UB)  #solve_ime 20.0062 read_time 0.0039 
