With  Parameters CUTOFF 20 SEED 3  ALPHA = 1.900  K=5 RHO=0.05 Q0=0.90 BETA=3.0 AQ_MODE=dbs
Reading  graph ...  time 0.031540  
Reducing graph ...  time 0.000703  
[v9] |V|=1000 |E|=52120 density=52.12 USE_ADVANCED=0 SAFE_AQ_MIN_GAP=0.050 DEEP_AQ_RANGE=[800, 5.00, 10.00] structure_blocks_aq=1 AQ_SLOPE_MARGIN=1.15 AQ_MAX_UB_DRIFT=0.20 AQ_PROBE_FRAC=0.15 AQ_T1LIKE_FRAC=0.15
#Rd        #LB        #LB*       #UB       #Time        #UB+        #UB*      #Time      #TotalTime
First Gap  0.078947
  1         38         38         41      0.3022 [AQ bandit arm] arm=4 gap=0.0789 density=52.12 |V|=1000

 Switch to DBS-only search, timeout 0.302164....
 [Online-safe AQ structure guard] |V|=1000 density=52.12 outside [800, 5.00, 10.00], disabling AQ
         41          41      0.0055        0.6972
ALPHA 1.9000 MaxIteration 3  TIMEOUT 0.302164
  2         37         38         41      0.0021         42          41      0.0059        0.7053
ALPHA 1.8304 MaxIteration 5  TIMEOUT 0.004056
  3         37         38         42      0.0033         42          41      0.0050        0.7136
ALPHA 1.7658 MaxIteration 9  TIMEOUT 0.006026
  4         37         38         41      0.0053         41          41      0.0053        0.7242
ALPHA 1.7056 MaxIteration 15  TIMEOUT 0.009325
  5         37         38         42      0.0083         41          41      0.0058        0.7409
ALPHA 1.6493 MaxIteration 25  TIMEOUT 0.014141
  6         38         38         41      0.0146         41          41      0.0050        0.7701
ALPHA 1.5966 MaxIteration 41  TIMEOUT 0.024017
  7         38         38         41      0.0204         41          41      0.0052        0.8110
ALPHA 1.5472 MaxIteration 65  TIMEOUT 0.032587
  8         38         38         41      0.0330         41          41      0.0055        0.8771
ALPHA 1.5008 MaxIteration 100  TIMEOUT 0.051068
  9         38         38         41      0.0515         41          41      0.0059        0.9801
ALPHA 1.4571 MaxIteration 150  TIMEOUT 0.077229
 10         38         38         41      0.0767         41          41      0.0056        1.1336
ALPHA 1.4158 MaxIteration 218  TIMEOUT 0.111781
 11         38         38         41      0.1103         41          41      0.0052        1.3735
ALPHA 1.3768 MaxIteration 308  TIMEOUT 0.156111
 12         38         38         41      0.1565         41          41      0.0052        1.7905
ALPHA 1.3399 MaxIteration 424  TIMEOUT 0.215421
 13         38         38         41      0.2159         41          41      0.0056        2.2223
ALPHA 1.3049 MaxIteration 568  TIMEOUT 0.289262
 14         38         38         41      0.2895         41          41      0.0061        2.8015
ALPHA 1.2718 MaxIteration 741  TIMEOUT 0.377809
 15         38         38         41      0.3733         41          41      0.0057        3.5483
ALPHA 1.2402 MaxIteration 942  TIMEOUT 0.474784
 16         38         38         41      0.4749         41          41      0.0052        4.4982
ALPHA 1.2102 MaxIteration 1168  TIMEOUT 0.588994
 17         38         38         41      0.5891         41          41      0.0051        5.6785
ALPHA 1.1816 MaxIteration 1413  TIMEOUT 0.712899
 18         38         38         41      0.7115         41          41      0.0053        7.1027
ALPHA 1.1543 MaxIteration 1669  TIMEOUT 0.840735
 19         38         38         41      0.8407         41          41      0.0052        8.7874
ALPHA 1.1283 MaxIteration 1926  TIMEOUT 0.970485
 20         38         38         41      0.9708         41          41      0.0060       10.7313
ALPHA 1.1034 MaxIteration 2173  TIMEOUT 1.095348
 21         38         38         41      1.0956         41          41      0.0059       12.9237
ALPHA 1.0795 MaxIteration 2397  TIMEOUT 1.208900
 22         38         38         41      1.2094         41          41      0.0056       19.9951
>>> UDG_1000_200_8.wclq |V| 1000 |E| 52120  (#LB 0.0000 38 ---> 38  0.0732  41 <--- 41  0.0000 #UB)  #read_time 0.0315  #reduce_time 0.0007  #solve_time 19.9951  #total_time 20.0274
 