>>IBM: |V|=150 |E|=2000
>>IBM: The maximum node weight is 1235
/public/home/acs4vb4pqv/benchmarks/MWDS2026/T2_wclq/T2_150_2000_1.wclq #seed 102 #alpha 1.900 #timeout 0.100 K=5 RHO=0.05 Q0=0.90 BETA=3.5 AQ_MODE=guarded SAFE_AQ_MIN_GAP=0.050 SAFE_AQ_MIN_NODES=800 AQ_SLOPE_MARGIN=1.05 AQ_MAX_UB_DRIFT=0.25 AQ_HEAVY_FRAC=0.20 AQ_HEAVY_ANTS=6
[v19] |V|=150 |E|=2000 density=13.33 USE_ADVANCED=0
#Rd        #LB        #LB*       #UB       #Time        #UB+        #UB*      #Time      #TotalTime
First Gap  0.188867
ALPHA 1.9000 MaxIteration 500  TIMEOUT 0.035953
  1        503        503        598      0.0360
 [AQ bandit arm] arm=1 gap=0.1889 density=13.33 |V|=150

 [AQ small-headroom probe] gap=0.1889 density=13.33 |V|=150 => Light RL (K=3, 5.0%)
ALPHA 1.9000 MaxIteration 3  TIMEOUT 0.001012
  2        486        503        675      0.0010ALPHA 1.8304 MaxIteration 5  TIMEOUT 0.001313
  3        490        503        635      0.0013 [AQ guard] no early LB gain, disabling AQ
        598         598      0.0000      0.0477
ALPHA 1.7658 MaxIteration 9  TIMEOUT 0.000639
  4        488        503        615      0.0006        598         598      0.0000      0.0577
ALPHA 1.7056 MaxIteration 15  TIMEOUT 0.001426
  5        441        503        632      0.0014        598         598      0.0000      0.0677
ALPHA 1.6493 MaxIteration 25  TIMEOUT 0.001763
  6        462        503        601      0.0018        598         598      0.0000      0.0777
ALPHA 1.5966 MaxIteration 41  TIMEOUT 0.002717
  7        456        503        598      0.0027        598         598      0.0000      0.0877
ALPHA 1.5472 MaxIteration 65  TIMEOUT 0.007900
  8        500        503        598      0.0079        598         598      0.0000      0.0977
ALPHA 1.5008 MaxIteration 100  TIMEOUT 0.007066
  9        473        503        601      0.0071        598         598      0.0000      0.1077
ALPHA 1.4571 MaxIteration 150  TIMEOUT 0.015452
 10        498        503        598      0.0155        598         598      0.0000      0.1377
ALPHA 1.4158 MaxIteration 218  TIMEOUT 0.030062
 11        503        503        598      0.0301        598         598      0.0000      0.2060
ALPHA 1.3768 MaxIteration 308  TIMEOUT 0.049719
 12        497        503        598      0.0497        598         598      0.0000      0.2977
ALPHA 1.3399 MaxIteration 424  TIMEOUT 0.050335
 13        508        508        598      0.0503        598         598      0.0000      0.4077
ALPHA 1.3049 MaxIteration 568  TIMEOUT 0.107703
 14        508        508        598      0.1077        598         598      0.0000      0.6177
ALPHA 1.2718 MaxIteration 741  TIMEOUT 0.062684
 15        498        508        598      0.0627        598         598      0.0000      0.7477
ALPHA 1.2402 MaxIteration 942  TIMEOUT 0.120688
 16        508        508        598      0.1207        598         598      0.0000      0.9877
ALPHA 1.2102 MaxIteration 1168  TIMEOUT 0.145575
 17        500        508        598      0.1456        598         598      0.0000      1.2677
ALPHA 1.1816 MaxIteration 1413  TIMEOUT 0.203591
 18        508        508        598      0.2036        598         598      0.0000      1.6777
ALPHA 1.1543 MaxIteration 1669  TIMEOUT 0.201577
 19        493        508        598      0.2016        598         598      0.0000      2.0777
ALPHA 1.1283 MaxIteration 1926  TIMEOUT 0.235286
 20        503        508        598      0.2353        598         598      0.0000      2.5377
ALPHA 1.1034 MaxIteration 2173  TIMEOUT 0.236541
 21        503        508        598      0.2365        598         598      0.0000      3.0077
ALPHA 1.0795 MaxIteration 2397  TIMEOUT 0.212214
 22        484        508        598      0.2122        598         598      0.0000      3.4277
ALPHA 1.0567 MaxIteration 2587  TIMEOUT 0.172192
 23        493        508        598      0.1722        598         598      0.0000      3.7777
ALPHA 1.0349 MaxIteration 2733  TIMEOUT 0.302585
 24        503        508        598      0.3026        598         598      0.0000      4.3877
ALPHA 1.0349 MaxIteration 2828  TIMEOUT 0.410292
 25        498        508        598      0.4103        598         598      0.0000      5.2077
ALPHA 1.0349 MaxIteration 2926  TIMEOUT 0.386263
 26        508        508        598      0.3863        598         598      0.0000      5.9677
ALPHA 1.0349 MaxIteration 3027  TIMEOUT 0.316039
 27        494        508        598      0.3160        598         598      0.0000      6.5877
ALPHA 1.0349 MaxIteration 3132  TIMEOUT 0.281516
 28        492        508        598      0.2815        598         598      0.0000      7.1577
ALPHA 1.0349 MaxIteration 3241  TIMEOUT 0.272022
 29        493        508        598      0.2720        598         598      0.0000      7.7002
ALPHA 1.0349 MaxIteration 3353  TIMEOUT 0.574689
 30        503        508        598      0.5747        598         598      0.0000      8.8377
ALPHA 1.0349 MaxIteration 3469  TIMEOUT 0.203795
 31        484        508        598      0.2038        598         598      0.0000      9.2477
ALPHA 1.0349 MaxIteration 3589  TIMEOUT 0.342644
 32        484        508        598      0.3426        598         598      0.0000      9.9277
ALPHA 1.0349 MaxIteration 3714  TIMEOUT 0.487327
 33        494        508        598      0.4873        598         598      0.0000     10.8777
ALPHA 1.0349 MaxIteration 3843  TIMEOUT 0.275725
 34        493        508        598      0.2757        598         598      0.0000     11.3977
ALPHA 1.0349 MaxIteration 3976  TIMEOUT 0.544470
 35        508        508        598      0.5445        598         598      0.0000     12.4677
ALPHA 1.0349 MaxIteration 4114  TIMEOUT 0.333495
 36        482        508        598      0.3335        598         598      0.0000     13.1177
ALPHA 1.0349 MaxIteration 4257  TIMEOUT 0.523191
 37        503        508        598      0.5232        598         598      0.0000     14.1377
ALPHA 1.0349 MaxIteration 4405  TIMEOUT 0.258778
 38        484        508        598      0.2588        598         598      0.0000     14.6277
ALPHA 1.0349 MaxIteration 4558  TIMEOUT 0.429076
 39        493        508        598      0.4291        598         598      0.0000     15.4677
ALPHA 1.0349 MaxIteration 4716  TIMEOUT 0.629428
 40        498        508        598      0.6294        598         598      0.0000     16.6877
ALPHA 1.0349 MaxIteration 4880  TIMEOUT 0.608635
 41        508        508        598      0.6086        598         598      0.0000     17.8626
ALPHA 1.0349 MaxIteration 5050  TIMEOUT 0.598382
 42        502        508        598      0.5984        598         598      0.0000     19.0177
ALPHA 1.0349 MaxIteration 5226  TIMEOUT 0.751965
 43        493        508        598      0.7520        598         598      0.0000     19.9977
ALPHA 1.0349 MaxIteration 5408  TIMEOUT 0.002369
 44        449        508        598      0.0024>>> T2_150_2000_1.wclq |V| 150 |E| 2000  (#LB 0.0099 503 ---> 508  0.1772  598 <--- 598  0.0000 #UB)  #solve_ime 20.0000 read_time 0.0023 
