>>IBM: |V|=150 |E|=2000
>>IBM: The maximum node weight is 1235
/public/home/acs4vb4pqv/benchmarks/MWDS2026/T2_wclq/T2_150_2000_1.wclq #seed 101 #alpha 1.900 #timeout 0.100 K=5 RHO=0.05 Q0=0.90 BETA=3.5 AQ_MODE=dbs SAFE_AQ_MIN_GAP=0.050 SAFE_AQ_MIN_NODES=800 AQ_SLOPE_MARGIN=1.05 AQ_MAX_UB_DRIFT=0.25 AQ_HEAVY_FRAC=0.20 AQ_HEAVY_ANTS=6
[v19] |V|=150 |E|=2000 density=13.33 USE_ADVANCED=0
#Rd        #LB        #LB*       #UB       #Time        #UB+        #UB*      #Time      #TotalTime
First Gap  0.188867
ALPHA 1.9000 MaxIteration 500  TIMEOUT 0.034329
  1        503        503        598      0.0343        598         598      0.0000      0.0688
ALPHA 1.9000 MaxIteration 3  TIMEOUT 0.000286
  2        488        503        704      0.0003        598         598      0.0000      0.0788
ALPHA 1.8304 MaxIteration 5  TIMEOUT 0.000697
  3        477        503        621      0.0007        598         598      0.0000      0.0888
ALPHA 1.7658 MaxIteration 9  TIMEOUT 0.001147
  4        467        503        601      0.0011        598         598      0.0000      0.0988
ALPHA 1.7056 MaxIteration 15  TIMEOUT 0.001101
  5        454        503        598      0.0011        598         598      0.0000      0.1088
ALPHA 1.6493 MaxIteration 25  TIMEOUT 0.002911
  6        473        503        598      0.0029        598         598      0.0000      0.1188
ALPHA 1.5966 MaxIteration 41  TIMEOUT 0.008985
  7        470        503        598      0.0090        598         598      0.0000      0.1288
ALPHA 1.5472 MaxIteration 65  TIMEOUT 0.005374
  8        469        503        598      0.0054        598         598      0.0000      0.1388
ALPHA 1.5008 MaxIteration 100  TIMEOUT 0.008221
  9        469        503        598      0.0082        598         598      0.0000      0.1488
ALPHA 1.4571 MaxIteration 150  TIMEOUT 0.019388
 10        482        503        598      0.0194        598         598      0.0000      0.1788
ALPHA 1.4158 MaxIteration 218  TIMEOUT 0.015706
 11        481        503        598      0.0157        598         598      0.0000      0.2088
ALPHA 1.3768 MaxIteration 308  TIMEOUT 0.036389
 12        476        503        598      0.0364        598         598      0.0000      0.2788
ALPHA 1.3399 MaxIteration 424  TIMEOUT 0.040249
 13        476        503        598      0.0402        598         598      0.0000      0.3688
ALPHA 1.3049 MaxIteration 568  TIMEOUT 0.063480
 14        476        503        598      0.0635        598         598      0.0000      0.4888
ALPHA 1.2718 MaxIteration 741  TIMEOUT 0.083078
 15        476        503        598      0.0831        598         598      0.0000      0.6588
ALPHA 1.2402 MaxIteration 942  TIMEOUT 0.102198
 16        476        503        598      0.1022        598         598      0.0000      0.8688
ALPHA 1.2102 MaxIteration 1168  TIMEOUT 0.126287
 17        482        503        598      0.1263        598         598      0.0000      1.1188
ALPHA 1.1816 MaxIteration 1413  TIMEOUT 0.152704
 18        482        503        598      0.1527        598         598      0.0000      1.4288
ALPHA 1.1543 MaxIteration 1669  TIMEOUT 0.181546
 19        482        503        598      0.1815        598         598      0.0000      1.7988
ALPHA 1.1283 MaxIteration 1926  TIMEOUT 0.210444
 20        482        503        598      0.2104        598         598      0.0000      2.2188
ALPHA 1.1034 MaxIteration 2173  TIMEOUT 0.232401
 21        482        503        598      0.2324        598         598      0.0000      2.6829
ALPHA 1.0795 MaxIteration 2397  TIMEOUT 0.357313
 22        496        503        598      0.3573        598         598      0.0000      3.3988
ALPHA 1.0567 MaxIteration 2587  TIMEOUT 0.314040
 23        487        503        598      0.3140        598         598      0.0000      4.0188
ALPHA 1.0349 MaxIteration 2733  TIMEOUT 0.302070
 24        486        503        598      0.3021        598         598      0.0000      4.6288
ALPHA 1.0349 MaxIteration 2828  TIMEOUT 0.353665
 25        482        503        598      0.3537        598         598      0.0000      5.3288
ALPHA 1.0349 MaxIteration 2926  TIMEOUT 0.320591
 26        476        503        598      0.3206        598         598      0.0000      5.9788
ALPHA 1.0349 MaxIteration 3027  TIMEOUT 0.192719
 27        464        503        598      0.1927        598         598      0.0000      6.3688
ALPHA 1.0349 MaxIteration 3132  TIMEOUT 0.332008
 28        482        503        598      0.3320        598         598      0.0000      7.0288
ALPHA 1.0349 MaxIteration 3241  TIMEOUT 0.349584
 29        479        503        598      0.3496        598         598      0.0000      7.7088
ALPHA 1.0349 MaxIteration 3353  TIMEOUT 0.359475
 30        482        503        598      0.3595        598         598      0.0000      8.4088
ALPHA 1.0349 MaxIteration 3469  TIMEOUT 0.381973
 31        476        503        598      0.3820        598         598      0.0000      9.1688
ALPHA 1.0349 MaxIteration 3589  TIMEOUT 0.450866
 32        482        503        598      0.4509        598         598      0.0000     10.0688
ALPHA 1.0349 MaxIteration 3714  TIMEOUT 0.369805
 33        484        503        598      0.3698        598         598      0.0000     10.7888
ALPHA 1.0349 MaxIteration 3843  TIMEOUT 0.417051
 34        476        503        598      0.4171        598         598      0.0000     11.6088
ALPHA 1.0349 MaxIteration 3976  TIMEOUT 0.421043
 35        476        503        598      0.4210        598         598      0.0000     12.4488
ALPHA 1.0349 MaxIteration 4114  TIMEOUT 0.585616
 36        482        503        598      0.5856        598         598      0.0000     13.5988
ALPHA 1.0349 MaxIteration 4257  TIMEOUT 0.450998
 37        482        503        598      0.4510        598         598      0.0000     14.4988
ALPHA 1.0349 MaxIteration 4405  TIMEOUT 0.468324
 38        482        503        598      0.4683        598         598      0.0000     15.4088
ALPHA 1.0349 MaxIteration 4558  TIMEOUT 0.520680
 39        482        503        598      0.5207        598         598      0.0000     16.4488
ALPHA 1.0349 MaxIteration 4716  TIMEOUT 0.573345
 40        478        503        598      0.5733        598         598      0.0000     17.5888
ALPHA 1.0349 MaxIteration 4880  TIMEOUT 0.556033
 41        491        503        598      0.5560        598         598      0.0000     18.6788
ALPHA 1.0349 MaxIteration 5050  TIMEOUT 0.532095
 42        482        503        598      0.5321        598         598      0.0000     19.7388
ALPHA 1.0349 MaxIteration 5226  TIMEOUT 0.261175
 43        469        503        598      0.2612>>> T2_150_2000_1.wclq |V| 150 |E| 2000  (#LB 0.0000 503 ---> 503  0.1889  598 <--- 598  0.0000 #UB)  #solve_ime 20.0000 read_time 0.0012 
