With  Parameters CUTOFF 20 SEED 103  ALPHA = 1.900  K=5 RHO=0.05 Q0=0.90 BETA=3.0 AQ_MODE=guarded
Reading  graph ...  time 0.000298  
Reducing graph ...  time 0.000028  
[v9] |V|=200 |E|=250 density=1.25 USE_ADVANCED=0 SAFE_AQ_MIN_GAP=0.050 DEEP_AQ_RANGE=[800, 5.00, 10.00] structure_blocks_aq=1 AQ_SLOPE_MARGIN=1.15 AQ_MAX_UB_DRIFT=0.20 AQ_PROBE_FRAC=0.15 AQ_T1LIKE_FRAC=0.15
#Rd        #LB        #LB*       #UB       #Time        #UB+        #UB*      #Time      #TotalTime
First Gap  0.090909
  1       1848       1848       2016      0.0201 [AQ bandit arm] arm=0 gap=0.0909 density=1.25 |V|=200

 Switch to DBS-only search, timeout 0.020135....
 [Online-safe AQ structure guard] |V|=200 density=1.25 outside [800, 5.00, 10.00], disabling AQ
       1941        1941      0.0014        0.0535
ALPHA 1.9000 MaxIteration 3  TIMEOUT 0.020135
  2       1823       1848       2135      0.0002       2011        1941      0.0001        0.0538
ALPHA 1.8304 MaxIteration 5  TIMEOUT 0.000293
  3       1812       1848       2079      0.0002       2016        1941      0.0000        0.0542
ALPHA 1.7658 MaxIteration 9  TIMEOUT 0.000392
  4       1820       1848       2082      0.0004       1960        1941      0.0003        0.0550
ALPHA 1.7056 MaxIteration 15  TIMEOUT 0.000703
  5       1804       1848       2093      0.0005       1964        1941      0.0003        0.0561
ALPHA 1.6493 MaxIteration 25  TIMEOUT 0.000861
  6       1824       1848       2066      0.0009       1963        1941      0.0007        0.0578
ALPHA 1.5966 MaxIteration 41  TIMEOUT 0.001428
  7       1845       1848       2050      0.0014       1944        1941      0.0010        0.0607
ALPHA 1.5472 MaxIteration 65  TIMEOUT 0.002310
  8       1862       1862       2056      0.0023       1947        1941      0.0007        0.0791
ALPHA 1.5008 MaxIteration 100  TIMEOUT 0.003588
  9       1862       1862       2065      0.0031       1940        1940      0.0022        0.0852
ALPHA 1.4571 MaxIteration 150  TIMEOUT 0.004603
 10       1869       1869       2024      0.0046       1937        1937      0.0038        0.1076
ALPHA 1.4158 MaxIteration 218  TIMEOUT 0.006751
 11       1869       1869       2030      0.0064       1947        1937      0.0009        0.1279
ALPHA 1.3768 MaxIteration 308  TIMEOUT 0.009016
 12       1869       1869       2030      0.0090       1937        1937      0.0022        0.1539
ALPHA 1.3399 MaxIteration 424  TIMEOUT 0.012448
 13       1869       1869       2030      0.0121       1958        1937      0.0006        0.1799
ALPHA 1.3049 MaxIteration 568  TIMEOUT 0.016178
 14       1873       1873       2045      0.0162       1937        1937      0.0026        0.2319
ALPHA 1.2718 MaxIteration 741  TIMEOUT 0.021124
 15       1873       1873       2052      0.0202       1937        1937      0.0046        0.2864
ALPHA 1.2402 MaxIteration 942  TIMEOUT 0.025677
 16       1877       1877       2058      0.0257       1937        1937      0.0012        0.3388
ALPHA 1.2102 MaxIteration 1168  TIMEOUT 0.031856
 17       1877       1877       2041      0.0319       1937        1937      0.0034        0.4036
ALPHA 1.1816 MaxIteration 1413  TIMEOUT 0.038563
 18       1877       1877       2041      0.0386       1937        1937      0.0021        0.4807
ALPHA 1.1543 MaxIteration 1669  TIMEOUT 0.045567
 19       1877       1877       2040      0.0451       1937        1937      0.0015        0.5725
ALPHA 1.1283 MaxIteration 1926  TIMEOUT 0.052100
 20       1877       1877       2035      0.0510       1937        1937      0.0030        0.7285
ALPHA 1.1034 MaxIteration 2173  TIMEOUT 0.057517
 21       1877       1877       2041      0.0575       1937        1937      0.0070        0.8436
ALPHA 1.0795 MaxIteration 2397  TIMEOUT 0.063466
 22       1877       1877       2045      0.0596       1937        1937      0.0047        0.9659
ALPHA 1.0567 MaxIteration 2587  TIMEOUT 0.064394
 23       1877       1877       2045      0.0644       1937        1937      0.0024        1.1229
ALPHA 1.0349 MaxIteration 2733  TIMEOUT 0.068062
 24       1877       1877       2045      0.0681       1937        1937      0.0043        1.3520
ALPHA 1.0349 MaxIteration 2828  TIMEOUT 0.070446
 25       1877       1877       2045      0.0705       1937        1937      0.0224        1.5200
ALPHA 1.0349 MaxIteration 2926  TIMEOUT 0.072921
 26       1880       1880       2030      0.0729       1937        1937      0.0183        1.7539
ALPHA 1.0349 MaxIteration 3027  TIMEOUT 0.075487
 27       1880       1880       2029      0.0755       1937        1937      0.0113        1.9519
ALPHA 1.0349 MaxIteration 3132  TIMEOUT 0.078126
 28       1880       1880       2029      0.0781       1937        1937      0.0028        2.1863
ALPHA 1.0349 MaxIteration 3241  TIMEOUT 0.080874
 29       1880       1880       2029      0.0809       1937        1937      0.0218        2.4281
ALPHA 1.0349 MaxIteration 3353  TIMEOUT 0.083698
 30       1881       1881       2030      0.0837       1937        1937      0.0024        2.6857
ALPHA 1.0349 MaxIteration 3469  TIMEOUT 0.086630
 31       1881       1881       2035      0.0867       1937        1937      0.0030        2.9489
ALPHA 1.0349 MaxIteration 3589  TIMEOUT 0.089682
 32       1881       1881       2034      0.0897       1937        1937      0.0044        3.2198
ALPHA 1.0349 MaxIteration 3714  TIMEOUT 0.092821
 33       1882       1882       2034      0.0928       1937        1937      0.0023        3.4055
ALPHA 1.0349 MaxIteration 3843  TIMEOUT 0.096062
 34       1882       1882       2021      0.0961       1937        1937      0.0018        3.5987
ALPHA 1.0349 MaxIteration 3976  TIMEOUT 0.099431
 35       1882       1882       2030      0.0994       1937        1937      0.0064        3.8007
ALPHA 1.0349 MaxIteration 4114  TIMEOUT 0.102910
 36       1882       1882       2034      0.1029       1937        1937      0.0017        4.0077
ALPHA 1.0349 MaxIteration 4257  TIMEOUT 0.106500
 37       1882       1882       2021      0.1065       1937        1937      0.0021        4.2248
ALPHA 1.0349 MaxIteration 4405  TIMEOUT 0.110242
 38       1882       1882       2035      0.1103       1937        1937      0.0121        4.4503
ALPHA 1.0349 MaxIteration 4558  TIMEOUT 0.114098
 39       1882       1882       2024      0.1141       1937        1937      0.0043        4.6796
ALPHA 1.0349 MaxIteration 4716  TIMEOUT 0.118091
 40       1882       1882       2033      0.1181       1937        1937      0.0049        4.9169
ALPHA 1.0349 MaxIteration 4880  TIMEOUT 0.122225
 41       1882       1882       2028      0.1223       1937        1937      0.0006        5.1645
ALPHA 1.0349 MaxIteration 5050  TIMEOUT 0.126511
 42       1882       1882       2034      0.1265       1937        1937      0.0041        5.4826
ALPHA 1.0349 MaxIteration 5226  TIMEOUT 0.130952
 43       1882       1882       2034      0.1301       1937        1937      0.0087        5.7470
ALPHA 1.0349 MaxIteration 5408  TIMEOUT 0.134674
 44       1882       1882       2024      0.1347       1937        1937      0.0022        6.0559
ALPHA 1.0349 MaxIteration 5596  TIMEOUT 0.139383
 45       1882       1882       2034      0.1394       1937        1937      0.0171        6.4829
ALPHA 1.0349 MaxIteration 5791  TIMEOUT 0.144248
 46       1882       1882       2034      0.1443       1937        1937      0.0059        6.8106
ALPHA 1.0349 MaxIteration 5992  TIMEOUT 0.149291
 47       1882       1882       2024      0.1492       1937        1937      0.0055        7.1119
ALPHA 1.0349 MaxIteration 6200  TIMEOUT 0.154354
 48       1882       1882       2027      0.1537       1937        1937      0.0019        7.4234
ALPHA 1.0349 MaxIteration 6416  TIMEOUT 0.159056
 49       1882       1882       2034      0.1591       1937        1937      0.0067        7.7447
ALPHA 1.0349 MaxIteration 6639  TIMEOUT 0.164603
 50       1882       1882       2034      0.1646       1937        1937      0.0062        8.0760
ALPHA 1.0349 MaxIteration 6870  TIMEOUT 0.170367
 51       1882       1882       2023      0.1704       1937        1937      0.0011        8.4200
ALPHA 1.0349 MaxIteration 7109  TIMEOUT 0.176352
 52       1882       1882       2021      0.1764       1937        1937      0.0091        8.7739
ALPHA 1.0349 MaxIteration 7356  TIMEOUT 0.182516
 53       1882       1882       2021      0.1811       1937        1937      0.0151        9.1651
ALPHA 1.0349 MaxIteration 7612  TIMEOUT 0.187364
 54       1882       1882       2039      0.1874       1937        1937      0.0066        9.5440
ALPHA 1.0349 MaxIteration 7877  TIMEOUT 0.193908
 55       1882       1882       2024      0.1939       1937        1937      0.0030        9.9339
ALPHA 1.0349 MaxIteration 8151  TIMEOUT 0.200676
 56       1882       1882       2034      0.2007       1937        1937      0.0026       10.3414
ALPHA 1.0349 MaxIteration 8435  TIMEOUT 0.207677
 57       1882       1882       2034      0.2067       1937        1937      0.0025       10.7619
ALPHA 1.0349 MaxIteration 8729  TIMEOUT 0.213926
 58       1882       1882       2017      0.2077       1937        1937      0.0044       11.1822
ALPHA 1.0349 MaxIteration 9033  TIMEOUT 0.214891
 59       1882       1882       2034      0.2149       1937        1937      0.0037       11.6131
ALPHA 1.0349 MaxIteration 9347  TIMEOUT 0.222395
 60       1882       1882       2034      0.2224       1937        1937      0.0021       12.0610
ALPHA 1.0349 MaxIteration 9672  TIMEOUT 0.230154
 61       1882       1882       2024      0.2302       1937        1937      0.0013       12.5244
ALPHA 1.0349 MaxIteration 10009  TIMEOUT 0.238179
 62       1884       1884       2024      0.2382       1937        1937      0.0028       13.0039
ALPHA 1.0349 MaxIteration 10357  TIMEOUT 0.246498
 63       1884       1884       2058      0.2414       1937        1937      0.0026       13.4886
ALPHA 1.0349 MaxIteration 10718  TIMEOUT 0.249786
 64       1884       1884       2034      0.2446       1937        1937      0.0032       20.0089
>>> T1_200_250_7.wclq |V| 200 |E| 250  (#LB 0.0195 1848 ---> 1884  0.0274  1937 <--- 2016  0.0392 #UB)  #read_time 0.0003  #reduce_time 0.0000  #solve_time 20.0089  #total_time 20.0093
 