>>IBM: |V|=100 |E|=100
>>IBM: The maximum node weight is 49
/public/home/acs4vb4pqv/benchmarks/MWDS2026/T1_wclq/T1_100_100_2.wclq #seed 1 #alpha 1.900 #timeout 0.100 K=5 RHO=0.05 Q0=0.90 BETA=3.5 AQ_MODE=dbs SAFE_AQ_MIN_GAP=0.050 SAFE_AQ_MIN_NODES=800 AQ_SLOPE_MARGIN=1.05 AQ_MAX_UB_DRIFT=0.25 AQ_HEAVY_FRAC=0.20 AQ_HEAVY_ANTS=6
[v19] |V|=100 |E|=100 density=1.00 USE_ADVANCED=0
#Rd        #LB        #LB*       #UB       #Time        #UB+        #UB*      #Time      #TotalTime
First Gap  0.036204
ALPHA 1.9000 MaxIteration 500  TIMEOUT 0.009538
  1       1022       1022       1059      0.0095       1039        1039      0.0000      0.0191
ALPHA 1.9000 MaxIteration 3  TIMEOUT 0.000082
  2        984       1022       1139      0.0001       1039        1039      0.0000      0.0291
ALPHA 1.8304 MaxIteration 5  TIMEOUT 0.000069
  3        966       1022       1143      0.0001       1039        1039      0.0000      0.0391
ALPHA 1.7658 MaxIteration 9  TIMEOUT 0.000101
  4        966       1022       1143      0.0001       1039        1039      0.0000      0.0491
ALPHA 1.7056 MaxIteration 15  TIMEOUT 0.000153
  5        966       1022       1143      0.0002       1039        1039      0.0000      0.0591
ALPHA 1.6493 MaxIteration 25  TIMEOUT 0.000234
  6        966       1022       1143      0.0002       1039        1039      0.0000      0.0622
ALPHA 1.5966 MaxIteration 41  TIMEOUT 0.000344
  7        966       1022       1143      0.0003       1039        1039      0.0000      0.0691
ALPHA 1.5472 MaxIteration 65  TIMEOUT 0.000544
  8        966       1022       1143      0.0005       1039        1039      0.0000      0.0791
ALPHA 1.5008 MaxIteration 100  TIMEOUT 0.000811
  9        966       1022       1143      0.0008       1039        1039      0.0000      0.0891
ALPHA 1.4571 MaxIteration 150  TIMEOUT 0.001133
 10        966       1022       1143      0.0011       1039        1039      0.0000      0.0991
ALPHA 1.4158 MaxIteration 218  TIMEOUT 0.001716
 11        966       1022       1143      0.0017       1039        1039      0.0000      0.1091
ALPHA 1.3768 MaxIteration 308  TIMEOUT 0.002416
 12        966       1022       1143      0.0024       1039        1039      0.0000      0.1191
ALPHA 1.3399 MaxIteration 424  TIMEOUT 0.003295
 13        966       1022       1143      0.0033       1039        1039      0.0000      0.1291
ALPHA 1.3049 MaxIteration 568  TIMEOUT 0.004125
 14        966       1022       1143      0.0041       1039        1039      0.0000      0.1391
ALPHA 1.2718 MaxIteration 741  TIMEOUT 0.005697
 15        966       1022       1143      0.0057       1039        1039      0.0000      0.1491
ALPHA 1.2402 MaxIteration 942  TIMEOUT 0.007181
 16        966       1022       1143      0.0072       1039        1039      0.0000      0.1591
ALPHA 1.2102 MaxIteration 1168  TIMEOUT 0.007825
 17        966       1022       1143      0.0078       1039        1039      0.0000      0.1691
ALPHA 1.1816 MaxIteration 1413  TIMEOUT 0.010605
 18        966       1022       1143      0.0106       1039        1039      0.0000      0.1891
ALPHA 1.1543 MaxIteration 1669  TIMEOUT 0.011549
 19        966       1022       1143      0.0115       1039        1039      0.0000      0.2191
ALPHA 1.1283 MaxIteration 1926  TIMEOUT 0.014608
 20        966       1022       1143      0.0146       1039        1039      0.0000      0.2491
ALPHA 1.1034 MaxIteration 2173  TIMEOUT 0.016274
 21        966       1022       1143      0.0163       1039        1039      0.0000      0.2752
ALPHA 1.0795 MaxIteration 2397  TIMEOUT 0.018099
 22        966       1022       1143      0.0181       1039        1039      0.0000      0.3091
ALPHA 1.0567 MaxIteration 2587  TIMEOUT 0.019572
 23        966       1022       1143      0.0196       1039        1039      0.0100      0.3391
ALPHA 1.0349 MaxIteration 2733  TIMEOUT 0.019483
 24        966       1022       1143      0.0195       1039        1039      0.0100      0.3691
ALPHA 1.0349 MaxIteration 2828  TIMEOUT 0.021370
 25        966       1022       1143      0.0214       1039        1039      0.0000      0.4091
ALPHA 1.0349 MaxIteration 2926  TIMEOUT 0.020042
 26        966       1022       1143      0.0200       1039        1039      0.0000      0.4591
ALPHA 1.0349 MaxIteration 3027  TIMEOUT 0.022865
 27        966       1022       1143      0.0229       1039        1039      0.0000      0.5091
ALPHA 1.0349 MaxIteration 3132  TIMEOUT 0.022295
 28        966       1022       1143      0.0223       1039        1039      0.0000      0.5591
ALPHA 1.0349 MaxIteration 3241  TIMEOUT 0.024012
 29        966       1022       1143      0.0240       1039        1039      0.0000      0.6091
ALPHA 1.0349 MaxIteration 3353  TIMEOUT 0.023706
 30        966       1022       1143      0.0237       1039        1039      0.0000      0.6502
ALPHA 1.0349 MaxIteration 3469  TIMEOUT 0.024710
 31        966       1022       1143      0.0247       1039        1039      0.0000      0.6991
ALPHA 1.0349 MaxIteration 3589  TIMEOUT 0.025908
 32        966       1022       1143      0.0259       1039        1039      0.0000      0.7491
ALPHA 1.0349 MaxIteration 3714  TIMEOUT 0.027774
 33        966       1022       1143      0.0278       1039        1039      0.0000      0.7942
ALPHA 1.0349 MaxIteration 3843  TIMEOUT 0.027675
 34        966       1022       1143      0.0277       1039        1039      0.0000      0.8491
ALPHA 1.0349 MaxIteration 3976  TIMEOUT 0.028732
 35        966       1022       1143      0.0287       1039        1039      0.0100      0.8991
ALPHA 1.0349 MaxIteration 4114  TIMEOUT 0.029929
 36        966       1022       1143      0.0299       1039        1039      0.0100      0.9391
ALPHA 1.0349 MaxIteration 4257  TIMEOUT 0.030023
 37        966       1022       1143      0.0300       1039        1039      0.0000      1.0091
ALPHA 1.0349 MaxIteration 4405  TIMEOUT 0.031302
 38        966       1022       1143      0.0313       1039        1039      0.0000      1.0691
ALPHA 1.0349 MaxIteration 4558  TIMEOUT 0.031402
 39        966       1022       1143      0.0314       1039        1039      0.0000      1.1391
ALPHA 1.0349 MaxIteration 4716  TIMEOUT 0.033360
 40        966       1022       1143      0.0334       1039        1039      0.0000      1.2091
ALPHA 1.0349 MaxIteration 4880  TIMEOUT 0.032759
 41        966       1022       1143      0.0328       1039        1039      0.0000      1.2691
ALPHA 1.0349 MaxIteration 5050  TIMEOUT 0.037119
 42        966       1022       1143      0.0371       1039        1039      0.0000      1.3391
ALPHA 1.0349 MaxIteration 5226  TIMEOUT 0.037356
 43        966       1022       1143      0.0374       1039        1039      0.0000      1.4091
ALPHA 1.0349 MaxIteration 5408  TIMEOUT 0.038031
 44        966       1022       1143      0.0380       1039        1039      0.0000      1.4791
ALPHA 1.0349 MaxIteration 5596  TIMEOUT 0.039824
 45        966       1022       1143      0.0398       1039        1039      0.0100      1.5391
ALPHA 1.0349 MaxIteration 5791  TIMEOUT 0.040796
 46        966       1022       1143      0.0408       1039        1039      0.0000      1.6291
ALPHA 1.0349 MaxIteration 5992  TIMEOUT 0.044432
 47        966       1022       1143      0.0444       1039        1039      0.0000      1.7191
ALPHA 1.0349 MaxIteration 6200  TIMEOUT 0.042677
 48        966       1022       1143      0.0427       1039        1039      0.0000      1.8091
ALPHA 1.0349 MaxIteration 6416  TIMEOUT 0.049026
 49        966       1022       1143      0.0490       1039        1039      0.0100      1.8891
ALPHA 1.0349 MaxIteration 6639  TIMEOUT 0.049311
 50        966       1022       1143      0.0493       1039        1039      0.0100      1.9741
ALPHA 1.0349 MaxIteration 6870  TIMEOUT 0.046562
 51        966       1022       1143      0.0466       1039        1039      0.0000      2.0651
ALPHA 1.0349 MaxIteration 7109  TIMEOUT 0.050344
 52        966       1022       1143      0.0503       1039        1039      0.0000      2.1591
ALPHA 1.0349 MaxIteration 7356  TIMEOUT 0.054291
 53        966       1022       1143      0.0543       1039        1039      0.0000      2.2591
ALPHA 1.0349 MaxIteration 7612  TIMEOUT 0.056041
 54        966       1022       1143      0.0560       1039        1039      0.0000      2.3691
ALPHA 1.0349 MaxIteration 7877  TIMEOUT 0.057190
 55        966       1022       1143      0.0572       1039        1039      0.0100      2.4691
ALPHA 1.0349 MaxIteration 8151  TIMEOUT 0.058023
 56        966       1022       1143      0.0580       1039        1039      0.0000      2.5791
ALPHA 1.0349 MaxIteration 8435  TIMEOUT 0.059878
 57        966       1022       1143      0.0599       1039        1039      0.0100      2.6850
ALPHA 1.0349 MaxIteration 8729  TIMEOUT 0.060611
 58        966       1022       1143      0.0606       1039        1039      0.0000      2.8010
ALPHA 1.0349 MaxIteration 9033  TIMEOUT 0.065907
 59        966       1022       1143      0.0659       1039        1039      0.0000      2.9191
ALPHA 1.0349 MaxIteration 9347  TIMEOUT 0.069230
 60        966       1022       1143      0.0692       1039        1039      0.0100      3.0491
ALPHA 1.0349 MaxIteration 9672  TIMEOUT 0.070604
 61        966       1022       1143      0.0706       1039        1039      0.0000      3.1891
ALPHA 1.0349 MaxIteration 10009  TIMEOUT 0.072474
 62        966       1022       1143      0.0725       1039        1039      0.0000      3.3291
ALPHA 1.0349 MaxIteration 10357  TIMEOUT 0.075432
 63        966       1022       1143      0.0754       1039        1039      0.0000      3.4689
ALPHA 1.0349 MaxIteration 10718  TIMEOUT 0.078648
 64        966       1022       1143      0.0786       1039        1039      0.0100      3.6091
ALPHA 1.0349 MaxIteration 11091  TIMEOUT 0.082800
 65        966       1022       1143      0.0828       1039        1039      0.0000      3.7691
ALPHA 1.0349 MaxIteration 11477  TIMEOUT 0.085145
 66        966       1022       1143      0.0851       1039        1039      0.0000      3.9291
ALPHA 1.0349 MaxIteration 11877  TIMEOUT 0.083746
 67        966       1022       1143      0.0837       1039        1039      0.0000      4.0891
ALPHA 1.0349 MaxIteration 12291  TIMEOUT 0.089206
 68        966       1022       1143      0.0892       1039        1039      0.0000      4.2489
ALPHA 1.0349 MaxIteration 12719  TIMEOUT 0.088686
 69        966       1022       1143      0.0887       1039        1039      0.0100      4.4091
ALPHA 1.0349 MaxIteration 13162  TIMEOUT 0.092675
 70        966       1022       1143      0.0927       1039        1039      0.0000      4.5791
ALPHA 1.0349 MaxIteration 13620  TIMEOUT 0.096397
 71        966       1022       1143      0.0964       1039        1039      0.0000      4.7591
ALPHA 1.0349 MaxIteration 14094  TIMEOUT 0.104156
 72        966       1022       1143      0.1042       1039        1039      0.0000      4.9491
ALPHA 1.0349 MaxIteration 14585  TIMEOUT 0.105394
 73        966       1022       1143      0.1054       1039        1039      0.0000      5.1491
ALPHA 1.0349 MaxIteration 15093  TIMEOUT 0.107420
 74        966       1022       1143      0.1074       1039        1039      0.0000      5.3391
ALPHA 1.0349 MaxIteration 15619  TIMEOUT 0.110415
 75        966       1022       1143      0.1104       1039        1039      0.0000      5.5548
ALPHA 1.0349 MaxIteration 16163  TIMEOUT 0.117977
 76        966       1022       1143      0.1180       1039        1039      0.0000      5.7791
ALPHA 1.0349 MaxIteration 16726  TIMEOUT 0.122905
 77        966       1022       1143      0.1229       1039        1039      0.0000      6.0091
ALPHA 1.0349 MaxIteration 17309  TIMEOUT 0.124683
 78        966       1022       1143      0.1247       1039        1039      0.0000      6.2391
ALPHA 1.0349 MaxIteration 17912  TIMEOUT 0.121057
 79        966       1022       1143      0.1211       1039        1039      0.0000      6.4737
ALPHA 1.0349 MaxIteration 18536  TIMEOUT 0.136556
 80        966       1022       1143      0.1366       1039        1039      0.0000      6.7357
ALPHA 1.0349 MaxIteration 19182  TIMEOUT 0.135115
 81        966       1022       1143      0.1351       1039        1039      0.0000      6.9891
ALPHA 1.0349 MaxIteration 19850  TIMEOUT 0.141187
 82        966       1022       1143      0.1412       1039        1039      0.0000      7.2691
ALPHA 1.0349 MaxIteration 20541  TIMEOUT 0.149868
 83        966       1022       1143      0.1499       1039        1039      0.0100      7.5391
ALPHA 1.0349 MaxIteration 21257  TIMEOUT 0.155454
 84        966       1022       1143      0.1555       1039        1039      0.0000      7.8196
ALPHA 1.0349 MaxIteration 21997  TIMEOUT 0.157671
 85        966       1022       1143      0.1577       1039        1039      0.0000      8.1091
ALPHA 1.0349 MaxIteration 22763  TIMEOUT 0.167022
 86        966       1022       1143      0.1670       1039        1039      0.0100      8.4091
ALPHA 1.0349 MaxIteration 23556  TIMEOUT 0.169385
 87        966       1022       1143      0.1694       1039        1039      0.0200      8.7191
ALPHA 1.0349 MaxIteration 24377  TIMEOUT 0.173194
 88        966       1022       1143      0.1732       1039        1039      0.0000      9.0391
ALPHA 1.0349 MaxIteration 25226  TIMEOUT 0.182867
 89        966       1022       1143      0.1829       1039        1039      0.0000      9.3815
ALPHA 1.0349 MaxIteration 26105  TIMEOUT 0.188358
 90        966       1022       1143      0.1884       1039        1039      0.0000      9.7291
ALPHA 1.0349 MaxIteration 27014  TIMEOUT 0.187020
 91        966       1022       1143      0.1870       1039        1039      0.0000     10.0791
ALPHA 1.0349 MaxIteration 27955  TIMEOUT 0.207733
 92        966       1022       1143      0.2077       1039        1039      0.0000     10.4591
ALPHA 1.0349 MaxIteration 28929  TIMEOUT 0.205352
 93        966       1022       1143      0.2054       1039        1039      0.0000     10.8314
ALPHA 1.0349 MaxIteration 29937  TIMEOUT 0.212716
 94        966       1022       1143      0.2127       1039        1039      0.0000     11.2191
ALPHA 1.0349 MaxIteration 30980  TIMEOUT 0.220769
 95        966       1022       1143      0.2208       1039        1039      0.0000     11.6291
ALPHA 1.0349 MaxIteration 32059  TIMEOUT 0.222612
 96        966       1022       1143      0.2226       1039        1039      0.0000     12.0464
ALPHA 1.0349 MaxIteration 33176  TIMEOUT 0.236744
 97        966       1022       1143      0.2367       1039        1039      0.0000     12.4791
ALPHA 1.0349 MaxIteration 34332  TIMEOUT 0.249851
 98        966       1022       1143      0.2499       1039        1039      0.0100     12.9291
ALPHA 1.0349 MaxIteration 35528  TIMEOUT 0.258467
 99        966       1022       1143      0.2585       1039        1039      0.0100     13.4091
ALPHA 1.0349 MaxIteration 36766  TIMEOUT 0.265944
100        966       1022       1143      0.2659       1039        1039      0.0000     13.8891
ALPHA 1.0349 MaxIteration 38047  TIMEOUT 0.273646
101        966       1022       1143      0.2736       1039        1039      0.0000     14.3791
ALPHA 1.0349 MaxIteration 39373  TIMEOUT 0.275331
102        966       1022       1143      0.2753       1039        1039      0.0000     14.8891
ALPHA 1.0349 MaxIteration 40745  TIMEOUT 0.297163
103        966       1022       1143      0.2972       1039        1039      0.0000     15.4191
ALPHA 1.0349 MaxIteration 42165  TIMEOUT 0.305946
104        966       1022       1143      0.3059       1039        1039      0.0000     15.9791
ALPHA 1.0349 MaxIteration 43634  TIMEOUT 0.316275
105        966       1022       1143      0.3163       1039        1039      0.0000     16.5691
ALPHA 1.0349 MaxIteration 45155  TIMEOUT 0.325205
106        966       1022       1143      0.3252       1039        1039      0.0000     17.1591
ALPHA 1.0349 MaxIteration 46729  TIMEOUT 0.334875
107        966       1022       1143      0.3349       1039        1039      0.0000     17.7891
ALPHA 1.0349 MaxIteration 48357  TIMEOUT 0.347447
108        966       1022       1143      0.3474       1039        1039      0.0000     18.4191
ALPHA 1.0349 MaxIteration 50042  TIMEOUT 0.364483
109        966       1022       1143      0.3645       1039        1039      0.0000     19.1091
ALPHA 1.0349 MaxIteration 51786  TIMEOUT 0.371114
110        966       1022       1143      0.3711       1039        1039      0.0000     19.8091
ALPHA 1.0349 MaxIteration 53591  TIMEOUT 0.190928
111        966       1022       1143      0.1909>>> T1_100_100_2.wclq |V| 100 |E| 100  (#LB 0.0000 1022 ---> 1022  0.0166  1039 <--- 1059  0.0189 #UB)  #solve_ime 20.0000 read_time 0.0009 
