>>IBM: |V|=50 |E|=1000
>>IBM: The maximum node weight is 49
/public/home/acs4vb4pqv/benchmarks/MWDS2026/T1_wclq/T1_50_1000_0.wclq #seed 3 #alpha 1.900 #timeout 0.100 K=5 RHO=0.05 Q0=0.90 BETA=3.5 AQ_MODE=guarded SAFE_AQ_MIN_GAP=0.050 SAFE_AQ_MIN_NODES=800 AQ_SLOPE_MARGIN=1.05 AQ_MAX_UB_DRIFT=0.25 AQ_HEAVY_FRAC=0.20 AQ_HEAVY_ANTS=6
[v19] |V|=50 |E|=1000 density=20.00 USE_ADVANCED=0
#Rd        #LB        #LB*       #UB       #Time        #UB+        #UB*      #Time      #TotalTime
First Gap  0.428571
ALPHA 1.9000 MaxIteration 500  TIMEOUT 0.004231
  1         28         28         40      0.0042
 [AQ bandit arm] arm=1 gap=0.4286 density=20.00 |V|=50

 [AQ small-headroom probe] gap=0.4286 density=20.00 |V|=50 => Light RL (K=3, 5.0%)
ALPHA 1.9000 MaxIteration 3  TIMEOUT 0.000370
  2         28         28         47      0.0004ALPHA 1.8304 MaxIteration 5  TIMEOUT 0.000279
  3         28         28         47      0.0003 [AQ guard] no early LB gain, disabling AQ
         40          40      0.0000      0.0083
ALPHA 1.7658 MaxIteration 9  TIMEOUT 0.000092
  4         25         28         40      0.0001         40          40      0.0000      0.0183
ALPHA 1.7056 MaxIteration 15  TIMEOUT 0.000152
  5         25         28         40      0.0002         40          40      0.0000      0.0283
ALPHA 1.6493 MaxIteration 25  TIMEOUT 0.000225
  6         25         28         40      0.0002         40          40      0.0000      0.0383
ALPHA 1.5966 MaxIteration 41  TIMEOUT 0.000826
  7         28         28         40      0.0008         40          40      0.0000      0.0483
ALPHA 1.5472 MaxIteration 65  TIMEOUT 0.001040
  8         28         28         40      0.0010         40          40      0.0000      0.0583
ALPHA 1.5008 MaxIteration 100  TIMEOUT 0.001393
  9         28         28         40      0.0014         40          40      0.0000      0.0683
ALPHA 1.4571 MaxIteration 150  TIMEOUT 0.001880
 10         28         28         40      0.0019         40          40      0.0000      0.0783
ALPHA 1.4158 MaxIteration 218  TIMEOUT 0.002553
 11         28         28         40      0.0026         40          40      0.0000      0.0883
ALPHA 1.3768 MaxIteration 308  TIMEOUT 0.003461
 12         28         28         40      0.0035         40          40      0.0000      0.0983
ALPHA 1.3399 MaxIteration 424  TIMEOUT 0.004591
 13         28         28         40      0.0046         40          40      0.0000      0.1083
ALPHA 1.3049 MaxIteration 568  TIMEOUT 0.005921
 14         28         28         40      0.0059         40          40      0.0000      0.1183
ALPHA 1.2718 MaxIteration 741  TIMEOUT 0.007606
 15         28         28         40      0.0076         40          40      0.0000      0.1283
ALPHA 1.2402 MaxIteration 942  TIMEOUT 0.009581
 16         28         28         40      0.0096         40          40      0.0000      0.1383
ALPHA 1.2102 MaxIteration 1168  TIMEOUT 0.010717
 17         28         28         40      0.0107         40          40      0.0000      0.1683
ALPHA 1.1816 MaxIteration 1413  TIMEOUT 0.014490
 18         28         28         40      0.0145         40          40      0.0000      0.1983
ALPHA 1.1543 MaxIteration 1669  TIMEOUT 0.017086
 19         28         28         40      0.0171         40          40      0.0000      0.2283
ALPHA 1.1283 MaxIteration 1926  TIMEOUT 0.018688
 20         28         28         40      0.0187         40          40      0.0000      0.2583
ALPHA 1.1034 MaxIteration 2173  TIMEOUT 0.017685
 21         28         28         40      0.0177         40          40      0.0000      0.2883
ALPHA 1.0795 MaxIteration 2397  TIMEOUT 0.022878
 22         28         28         40      0.0229         40          40      0.0000      0.3383
ALPHA 1.0567 MaxIteration 2587  TIMEOUT 0.025941
 23         28         28         40      0.0259         40          40      0.0000      0.3883
ALPHA 1.0349 MaxIteration 2733  TIMEOUT 0.026907
 24         28         28         40      0.0269         40          40      0.0000      0.4383
ALPHA 1.0349 MaxIteration 2828  TIMEOUT 0.027908
 25         28         28         40      0.0279         40          40      0.0000      0.4883
ALPHA 1.0349 MaxIteration 2926  TIMEOUT 0.028654
 26         28         28         40      0.0287         40          40      0.0000      0.5383
ALPHA 1.0349 MaxIteration 3027  TIMEOUT 0.029466
 27         28         28         40      0.0295         40          40      0.0000      0.5883
ALPHA 1.0349 MaxIteration 3132  TIMEOUT 0.030059
 28         28         28         40      0.0301         40          40      0.0000      0.6583
ALPHA 1.0349 MaxIteration 3241  TIMEOUT 0.030343
 29         28         28         40      0.0303         40          40      0.0000      0.7283
ALPHA 1.0349 MaxIteration 3353  TIMEOUT 0.033046
 30         28         28         40      0.0330         40          40      0.0000      0.7983
ALPHA 1.0349 MaxIteration 3469  TIMEOUT 0.033283
 31         28         28         40      0.0333         40          40      0.0000      0.8683
ALPHA 1.0349 MaxIteration 3589  TIMEOUT 0.035413
 32         28         28         40      0.0354         40          40      0.0000      0.9383
ALPHA 1.0349 MaxIteration 3714  TIMEOUT 0.036556
 33         28         28         40      0.0366         40          40      0.0000      1.0083
ALPHA 1.0349 MaxIteration 3843  TIMEOUT 0.035268
 34         28         28         40      0.0353         40          40      0.0000      1.0783
ALPHA 1.0349 MaxIteration 3976  TIMEOUT 0.039821
 35         28         28         40      0.0398         40          40      0.0000      1.1483
ALPHA 1.0349 MaxIteration 4114  TIMEOUT 0.039089
 36         28         28         40      0.0391         40          40      0.0000      1.2183
ALPHA 1.0349 MaxIteration 4257  TIMEOUT 0.039436
 37         28         28         40      0.0394         40          40      0.0000      1.2883
ALPHA 1.0349 MaxIteration 4405  TIMEOUT 0.039654
 38         28         28         40      0.0397         40          40      0.0000      1.3583
ALPHA 1.0349 MaxIteration 4558  TIMEOUT 0.042272
 39         28         28         40      0.0423         40          40      0.0000      1.4483
ALPHA 1.0349 MaxIteration 4716  TIMEOUT 0.047222
 40         28         28         40      0.0472         40          40      0.0000      1.5383
ALPHA 1.0349 MaxIteration 4880  TIMEOUT 0.046400
 41         28         28         40      0.0464         40          40      0.0000      1.6283
ALPHA 1.0349 MaxIteration 5050  TIMEOUT 0.050774
 42         28         28         40      0.0508         40          40      0.0000      1.7383
ALPHA 1.0349 MaxIteration 5226  TIMEOUT 0.050069
 43         28         28         40      0.0501         40          40      0.0000      1.8483
ALPHA 1.0349 MaxIteration 5408  TIMEOUT 0.051418
 44         28         28         40      0.0514         40          40      0.0000      1.9583
ALPHA 1.0349 MaxIteration 5596  TIMEOUT 0.055342
 45         28         28         40      0.0553         40          40      0.0000      2.0683
ALPHA 1.0349 MaxIteration 5791  TIMEOUT 0.053522
 46         28         28         40      0.0535         40          40      0.0000      2.1783
ALPHA 1.0349 MaxIteration 5992  TIMEOUT 0.057972
 47         28         28         40      0.0580         40          40      0.0000      2.2883
ALPHA 1.0349 MaxIteration 6200  TIMEOUT 0.062219
 48         28         28         40      0.0622         40          40      0.0000      2.4083
ALPHA 1.0349 MaxIteration 6416  TIMEOUT 0.060561
 49         28         28         40      0.0606         40          40      0.0000      2.5383
ALPHA 1.0349 MaxIteration 6639  TIMEOUT 0.063475
 50         28         28         40      0.0635         40          40      0.0000      2.6683
ALPHA 1.0349 MaxIteration 6870  TIMEOUT 0.065405
 51         28         28         40      0.0654         40          40      0.0000      2.7983
ALPHA 1.0349 MaxIteration 7109  TIMEOUT 0.065439
 52         28         28         40      0.0654         40          40      0.0000      2.9283
ALPHA 1.0349 MaxIteration 7356  TIMEOUT 0.068162
 53         28         28         40      0.0682         40          40      0.0000      3.0583
ALPHA 1.0349 MaxIteration 7612  TIMEOUT 0.073411
 54         28         28         40      0.0734         40          40      0.0000      3.2083
ALPHA 1.0349 MaxIteration 7877  TIMEOUT 0.076418
 55         28         28         40      0.0764         40          40      0.0000      3.3583
ALPHA 1.0349 MaxIteration 8151  TIMEOUT 0.072482
 56         28         28         40      0.0725         40          40      0.0000      3.5083
ALPHA 1.0349 MaxIteration 8435  TIMEOUT 0.081780
 57         28         28         40      0.0818         40          40      0.0000      3.6783
ALPHA 1.0349 MaxIteration 8729  TIMEOUT 0.085859
 58         28         28         40      0.0859         40          40      0.0000      3.8483
ALPHA 1.0349 MaxIteration 9033  TIMEOUT 0.087940
 59         28         28         40      0.0879         40          40      0.0000      4.0183
ALPHA 1.0349 MaxIteration 9347  TIMEOUT 0.087249
 60         28         28         40      0.0872         40          40      0.0000      4.1883
ALPHA 1.0349 MaxIteration 9672  TIMEOUT 0.095456
 61         28         28         40      0.0955         40          40      0.0000      4.3783
ALPHA 1.0349 MaxIteration 10009  TIMEOUT 0.094766
 62         28         28         40      0.0948         40          40      0.0000      4.5683
ALPHA 1.0349 MaxIteration 10357  TIMEOUT 0.100937
 63         28         28         40      0.1009         40          40      0.0000      4.7783
ALPHA 1.0349 MaxIteration 10718  TIMEOUT 0.100932
 64         28         28         40      0.1009         40          40      0.0000      4.9883
ALPHA 1.0349 MaxIteration 11091  TIMEOUT 0.107871
 65         28         28         40      0.1079         40          40      0.0000      5.1983
ALPHA 1.0349 MaxIteration 11477  TIMEOUT 0.105766
 66         28         28         40      0.1058         40          40      0.0000      5.4083
ALPHA 1.0349 MaxIteration 11877  TIMEOUT 0.112443
 67         28         28         40      0.1124         40          40      0.0000      5.6383
ALPHA 1.0349 MaxIteration 12291  TIMEOUT 0.120706
 68         28         28         40      0.1207         40          40      0.0000      5.8883
ALPHA 1.0349 MaxIteration 12719  TIMEOUT 0.123471
 69         28         28         40      0.1235         40          40      0.0000      6.1283
ALPHA 1.0349 MaxIteration 13162  TIMEOUT 0.126904
 70         28         28         40      0.1269         40          40      0.0000      6.3783
ALPHA 1.0349 MaxIteration 13620  TIMEOUT 0.131776
 71         28         28         40      0.1318         40          40      0.0000      6.6483
ALPHA 1.0349 MaxIteration 14094  TIMEOUT 0.137420
 72         28         28         40      0.1374         40          40      0.0000      6.9183
ALPHA 1.0349 MaxIteration 14585  TIMEOUT 0.138299
 73         28         28         40      0.1383         40          40      0.0000      7.1883
ALPHA 1.0349 MaxIteration 15093  TIMEOUT 0.146895
 74         28         28         40      0.1469         40          40      0.0000      7.4783
ALPHA 1.0349 MaxIteration 15619  TIMEOUT 0.153523
 75         28         28         40      0.1535         40          40      0.0000      7.7883
ALPHA 1.0349 MaxIteration 16163  TIMEOUT 0.152493
 76         28         28         40      0.1525         40          40      0.0000      8.0983
ALPHA 1.0349 MaxIteration 16726  TIMEOUT 0.161607
 77         28         28         40      0.1616         40          40      0.0000      8.4283
ALPHA 1.0349 MaxIteration 17309  TIMEOUT 0.164227
 78         28         28         40      0.1642         40          40      0.0000      8.7583
ALPHA 1.0349 MaxIteration 17912  TIMEOUT 0.172595
 79         28         28         40      0.1726         40          40      0.0000      9.1083
ALPHA 1.0349 MaxIteration 18536  TIMEOUT 0.175580
 80         28         28         40      0.1756         40          40      0.0000      9.4583
ALPHA 1.0349 MaxIteration 19182  TIMEOUT 0.183491
 81         28         28         40      0.1835         40          40      0.0000      9.8283
ALPHA 1.0349 MaxIteration 19850  TIMEOUT 0.190125
 82         28         28         40      0.1901         40          40      0.0000     10.2183
ALPHA 1.0349 MaxIteration 20541  TIMEOUT 0.201779
 83         28         28         40      0.2018         40          40      0.0000     10.6283
ALPHA 1.0349 MaxIteration 21257  TIMEOUT 0.197244
 84         28         28         40      0.1972         40          40      0.0000     11.0183
ALPHA 1.0349 MaxIteration 21997  TIMEOUT 0.209781
 85         28         28         40      0.2098         40          40      0.0000     11.4283
ALPHA 1.0349 MaxIteration 22763  TIMEOUT 0.221093
 86         28         28         40      0.2211         40          40      0.0000     11.8683
ALPHA 1.0349 MaxIteration 23556  TIMEOUT 0.219959
 87         28         28         40      0.2200         40          40      0.0000     12.2883
ALPHA 1.0349 MaxIteration 24377  TIMEOUT 0.233539
 88         28         28         40      0.2335         40          40      0.0000     12.7583
ALPHA 1.0349 MaxIteration 25226  TIMEOUT 0.239555
 89         28         28         40      0.2396         40          40      0.0000     13.2183
ALPHA 1.0349 MaxIteration 26105  TIMEOUT 0.252538
 90         28         28         40      0.2525         40          40      0.0000     13.7283
ALPHA 1.0349 MaxIteration 27014  TIMEOUT 0.263882
 91         28         28         40      0.2639         40          40      0.0000     14.2583
ALPHA 1.0349 MaxIteration 27955  TIMEOUT 0.268980
 92         28         28         40      0.2690         40          40      0.0000     14.7883
ALPHA 1.0349 MaxIteration 28929  TIMEOUT 0.272712
 93         28         28         40      0.2727         40          40      0.0000     15.3383
ALPHA 1.0349 MaxIteration 29937  TIMEOUT 0.284843
 94         28         28         40      0.2848         40          40      0.0000     15.9083
ALPHA 1.0349 MaxIteration 30980  TIMEOUT 0.298842
 95         28         28         40      0.2988         40          40      0.0000     16.4883
ALPHA 1.0349 MaxIteration 32059  TIMEOUT 0.307557
 96         28         28         40      0.3076         40          40      0.0000     17.0983
ALPHA 1.0349 MaxIteration 33176  TIMEOUT 0.308711
 97         28         28         40      0.3087         40          40      0.0000     17.6983
ALPHA 1.0349 MaxIteration 34332  TIMEOUT 0.322779
 98         28         28         40      0.3228         40          40      0.0000     18.3383
ALPHA 1.0349 MaxIteration 35528  TIMEOUT 0.333757
 99         28         28         40      0.3338         40          40      0.0000     19.0083
ALPHA 1.0349 MaxIteration 36766  TIMEOUT 0.354743
100         28         28         40      0.3547         40          40      0.0000     19.7083
ALPHA 1.0349 MaxIteration 38047  TIMEOUT 0.291688
101         28         28         40      0.2917>>> T1_50_1000_0.wclq |V| 50 |E| 1000  (#LB 0.0000 28 ---> 28  0.4286  40 <--- 40  0.0000 #UB)  #solve_ime 20.0000 read_time 0.0017 
