With  Parameters CUTOFF 20 SEED 102  ALPHA = 1.900  K=5 RHO=0.05 Q0=0.90 BETA=3.0 AQ_MODE=dbs
Reading  graph ...  time 0.132743  
Reducing graph ...  time 0.016372  
[v9] |V|=82168 |E|=504230 density=6.14 USE_ADVANCED=1 SAFE_AQ_MIN_GAP=0.050 DEEP_AQ_RANGE=[800, 5.00, 10.00] structure_blocks_aq=0 AQ_SLOPE_MARGIN=1.15 AQ_MAX_UB_DRIFT=0.20 AQ_PROBE_FRAC=0.15 AQ_T1LIKE_FRAC=0.15
#Rd        #LB        #LB*       #UB       #Time        #UB+        #UB*      #Time      #TotalTime
First Gap  0.000488
  1    1142491    1142491    1143048      3.0221 [AQ bandit arm] arm=4 gap=0.0005 density=6.14 |V|=82168

 Switch to DBS-only search, timeout 3.022074....
 [Online-safe AQ first-gap guard] FIRST_GAP 0.0005 < 0.0500, disabling AQ
    1143074     1143074      1.7542        6.0656
ALPHA 1.9000 MaxIteration 3  TIMEOUT 3.022074
  2    1142491    1142491    1143149      0.0108    1144326     1143074      0.0051        6.0922
ALPHA 1.8304 MaxIteration 5  TIMEOUT 0.020509
  3    1142491    1142491    1143149      0.0161    1144291     1143074      0.0045        6.1272
ALPHA 1.7658 MaxIteration 9  TIMEOUT 0.029419
  4    1142491    1142491    1143149      0.0258    1144326     1143074      0.0045        6.1815
ALPHA 1.7056 MaxIteration 15  TIMEOUT 0.045604
  5    1142491    1142491    1143149      0.0403    1144289     1143074      0.0045        6.2650
ALPHA 1.6493 MaxIteration 25  TIMEOUT 0.068785
  6    1142491    1142491    1143152      0.0653    1144304     1143074      0.0046        6.4005
ALPHA 1.5966 MaxIteration 41  TIMEOUT 0.107736
  7    1142491    1142491    1143172      0.1123    1144279     1143074      0.1072        6.6303
ALPHA 1.5472 MaxIteration 65  TIMEOUT 0.179295
  8    1142491    1142491    1143172      0.1807    1143737     1143074      0.1633        6.9953
ALPHA 1.5008 MaxIteration 100  TIMEOUT 0.279659
  9    1142491    1142491    1143172      0.2838    1143538     1143074      0.2725        7.5665
ALPHA 1.4571 MaxIteration 150  TIMEOUT 0.425969
 10    1142491    1142491    1143172      0.3721    1143377     1143074      0.3280        8.3148
ALPHA 1.4158 MaxIteration 218  TIMEOUT 0.542212
 11    1142491    1142491    1143172      0.5444    1143201     1143074      0.4767        9.4067
ALPHA 1.3768 MaxIteration 308  TIMEOUT 0.770747
 12    1142491    1142491    1143172      0.7718    1143191     1143074      0.7037       10.9543
ALPHA 1.3399 MaxIteration 424  TIMEOUT 1.062565
 13    1142491    1142491    1143172      1.0635    1143100     1143074      0.8298       13.0909
ALPHA 1.3049 MaxIteration 568  TIMEOUT 1.425008
 14    1142491    1142491    1143172      1.4276    1143016     1143016      3.5172       20.0011
>>> Slashdot0902.clq |V| 82168 |E| 504230  (#LB 0.0000 1142491 ---> 1142491  0.0005  1143016 <--- 1143048  0.0000 #UB)  #read_time 0.1327  #reduce_time 0.0164  #solve_time 20.0011  #total_time 20.1502
 