>>IBM: |V|=50 |E|=1000
>>IBM: The maximum node weight is 49
/public/home/acs4vb4pqv/benchmarks/MWDS2026/T1_wclq/T1_50_1000_0.wclq #seed 102 #alpha 1.900 #timeout 0.100 K=5 RHO=0.05 Q0=0.90 BETA=3.5 AQ_MODE=guarded SAFE_AQ_MIN_GAP=0.050 SAFE_AQ_MIN_NODES=800 AQ_SLOPE_MARGIN=1.05 AQ_MAX_UB_DRIFT=0.25 AQ_HEAVY_FRAC=0.20 AQ_HEAVY_ANTS=6
[v19] |V|=50 |E|=1000 density=20.00 USE_ADVANCED=0
#Rd        #LB        #LB*       #UB       #Time        #UB+        #UB*      #Time      #TotalTime
First Gap  0.428571
ALPHA 1.9000 MaxIteration 500  TIMEOUT 0.003961
  1         28         28         40      0.0040
 [AQ bandit arm] arm=1 gap=0.4286 density=20.00 |V|=50

 [AQ small-headroom probe] gap=0.4286 density=20.00 |V|=50 => Light RL (K=3, 5.0%)
ALPHA 1.9000 MaxIteration 3  TIMEOUT 0.000256
  2         28         28         40      0.0003ALPHA 1.8304 MaxIteration 5  TIMEOUT 0.000335
  3         28         28         62      0.0003 [AQ guard] no early LB gain, disabling AQ
         40          40      0.0000      0.0091
ALPHA 1.7658 MaxIteration 9  TIMEOUT 0.000001
  4         25         28         40      0.0000         40          40      0.0000      0.0191
ALPHA 1.7056 MaxIteration 15  TIMEOUT 0.000166
  5         25         28         40      0.0002         40          40      0.0000      0.0291
ALPHA 1.6493 MaxIteration 25  TIMEOUT 0.000236
  6         25         28         40      0.0002         40          40      0.0000      0.0390
ALPHA 1.5966 MaxIteration 41  TIMEOUT 0.000785
  7         28         28         40      0.0008         40          40      0.0000      0.0491
ALPHA 1.5472 MaxIteration 65  TIMEOUT 0.001031
  8         28         28         40      0.0010         40          40      0.0000      0.0591
ALPHA 1.5008 MaxIteration 100  TIMEOUT 0.001083
  9         28         28         40      0.0011         40          40      0.0000      0.0691
ALPHA 1.4571 MaxIteration 150  TIMEOUT 0.001053
 10         28         28         40      0.0011         40          40      0.0000      0.0791
ALPHA 1.4158 MaxIteration 218  TIMEOUT 0.002678
 11         28         28         40      0.0027         40          40      0.0000      0.0891
ALPHA 1.3768 MaxIteration 308  TIMEOUT 0.003550
 12         28         28         40      0.0036         40          40      0.0000      0.0991
ALPHA 1.3399 MaxIteration 424  TIMEOUT 0.004746
 13         28         28         40      0.0047         40          40      0.0000      0.1091
ALPHA 1.3049 MaxIteration 568  TIMEOUT 0.005963
 14         28         28         40      0.0060         40          40      0.0000      0.1191
ALPHA 1.2718 MaxIteration 741  TIMEOUT 0.007611
 15         28         28         40      0.0076         40          40      0.0000      0.1291
ALPHA 1.2402 MaxIteration 942  TIMEOUT 0.009602
 16         28         28         40      0.0096         40          40      0.0000      0.1391
ALPHA 1.2102 MaxIteration 1168  TIMEOUT 0.010726
 17         28         28         40      0.0107         40          40      0.0000      0.1691
ALPHA 1.1816 MaxIteration 1413  TIMEOUT 0.014260
 18         28         28         40      0.0143         40          40      0.0000      0.1990
ALPHA 1.1543 MaxIteration 1669  TIMEOUT 0.016544
 19         28         28         40      0.0165         40          40      0.0000      0.2290
ALPHA 1.1283 MaxIteration 1926  TIMEOUT 0.018464
 20         28         28         40      0.0185         40          40      0.0000      0.2591
ALPHA 1.1034 MaxIteration 2173  TIMEOUT 0.020553
 21         28         28         40      0.0206         40          40      0.0000      0.3091
ALPHA 1.0795 MaxIteration 2397  TIMEOUT 0.024057
 22         28         28         40      0.0241         40          40      0.0000      0.3591
ALPHA 1.0567 MaxIteration 2587  TIMEOUT 0.025924
 23         28         28         40      0.0259         40          40      0.0000      0.4091
ALPHA 1.0349 MaxIteration 2733  TIMEOUT 0.025960
 24         28         28         40      0.0260         40          40      0.0000      0.4591
ALPHA 1.0349 MaxIteration 2828  TIMEOUT 0.028242
 25         28         28         40      0.0282         40          40      0.0000      0.5090
ALPHA 1.0349 MaxIteration 2926  TIMEOUT 0.028148
 26         28         28         40      0.0281         40          40      0.0000      0.5591
ALPHA 1.0349 MaxIteration 3027  TIMEOUT 0.028829
 27         28         28         40      0.0288         40          40      0.0000      0.6090
ALPHA 1.0349 MaxIteration 3132  TIMEOUT 0.030256
 28         28         28         40      0.0303         40          40      0.0000      0.6791
ALPHA 1.0349 MaxIteration 3241  TIMEOUT 0.031237
 29         28         28         40      0.0312         40          40      0.0000      0.7491
ALPHA 1.0349 MaxIteration 3353  TIMEOUT 0.033545
 30         28         28         40      0.0335         40          40      0.0000      0.8191
ALPHA 1.0349 MaxIteration 3469  TIMEOUT 0.033327
 31         28         28         40      0.0333         40          40      0.0000      0.8891
ALPHA 1.0349 MaxIteration 3589  TIMEOUT 0.031958
 32         28         28         40      0.0320         40          40      0.0000      0.9591
ALPHA 1.0349 MaxIteration 3714  TIMEOUT 0.037255
 33         28         28         40      0.0373         40          40      0.0000      1.0291
ALPHA 1.0349 MaxIteration 3843  TIMEOUT 0.035870
 34         28         28         40      0.0359         40          40      0.0000      1.0991
ALPHA 1.0349 MaxIteration 3976  TIMEOUT 0.037176
 35         28         28         40      0.0372         40          40      0.0000      1.1591
ALPHA 1.0349 MaxIteration 4114  TIMEOUT 0.040530
 36         28         28         40      0.0405         40          40      0.0000      1.2490
ALPHA 1.0349 MaxIteration 4257  TIMEOUT 0.039249
 37         28         28         40      0.0392         40          40      0.0000      1.3191
ALPHA 1.0349 MaxIteration 4405  TIMEOUT 0.042569
 38         28         28         40      0.0426         40          40      0.0000      1.4091
ALPHA 1.0349 MaxIteration 4558  TIMEOUT 0.043781
 39         28         28         40      0.0438         40          40      0.0000      1.4991
ALPHA 1.0349 MaxIteration 4716  TIMEOUT 0.046989
 40         28         28         40      0.0470         40          40      0.0000      1.5891
ALPHA 1.0349 MaxIteration 4880  TIMEOUT 0.048878
 41         28         28         40      0.0489         40          40      0.0000      1.6791
ALPHA 1.0349 MaxIteration 5050  TIMEOUT 0.049028
 42         28         28         40      0.0490         40          40      0.0000      1.7690
ALPHA 1.0349 MaxIteration 5226  TIMEOUT 0.052581
 43         28         28         40      0.0526         40          40      0.0000      1.8790
ALPHA 1.0349 MaxIteration 5408  TIMEOUT 0.053663
 44         28         28         40      0.0537         40          40      0.0000      1.9890
ALPHA 1.0349 MaxIteration 5596  TIMEOUT 0.050674
 45         28         28         40      0.0507         40          40      0.0000      2.0990
ALPHA 1.0349 MaxIteration 5791  TIMEOUT 0.054983
 46         28         28         40      0.0550         40          40      0.0000      2.2090
ALPHA 1.0349 MaxIteration 5992  TIMEOUT 0.057826
 47         28         28         40      0.0578         40          40      0.0000      2.3191
ALPHA 1.0349 MaxIteration 6200  TIMEOUT 0.060517
 48         28         28         40      0.0605         40          40      0.0000      2.4491
ALPHA 1.0349 MaxIteration 6416  TIMEOUT 0.059895
 49         28         28         40      0.0599         40          40      0.0000      2.5590
ALPHA 1.0349 MaxIteration 6639  TIMEOUT 0.063428
 50         28         28         40      0.0634         40          40      0.0000      2.6891
ALPHA 1.0349 MaxIteration 6870  TIMEOUT 0.063074
 51         28         28         40      0.0631         40          40      0.0000      2.8191
ALPHA 1.0349 MaxIteration 7109  TIMEOUT 0.069361
 52         28         28         40      0.0694         40          40      0.0000      2.9399
ALPHA 1.0349 MaxIteration 7356  TIMEOUT 0.066739
 53         28         28         40      0.0667         40          40      0.0000      3.0691
ALPHA 1.0349 MaxIteration 7612  TIMEOUT 0.071748
 54         28         28         40      0.0717         40          40      0.0000      3.2191
ALPHA 1.0349 MaxIteration 7877  TIMEOUT 0.077842
 55         28         28         40      0.0778         40          40      0.0000      3.3691
ALPHA 1.0349 MaxIteration 8151  TIMEOUT 0.079059
 56         28         28         40      0.0791         40          40      0.0000      3.5191
ALPHA 1.0349 MaxIteration 8435  TIMEOUT 0.078549
 57         28         28         40      0.0785         40          40      0.0000      3.6691
ALPHA 1.0349 MaxIteration 8729  TIMEOUT 0.084279
 58         28         28         40      0.0843         40          40      0.0000      3.8391
ALPHA 1.0349 MaxIteration 9033  TIMEOUT 0.087691
 59         28         28         40      0.0877         40          40      0.0000      4.0091
ALPHA 1.0349 MaxIteration 9347  TIMEOUT 0.093092
 60         28         28         40      0.0931         40          40      0.0000      4.1990
ALPHA 1.0349 MaxIteration 9672  TIMEOUT 0.093376
 61         28         28         40      0.0934         40          40      0.0000      4.3891
ALPHA 1.0349 MaxIteration 10009  TIMEOUT 0.096468
 62         28         28         40      0.0965         40          40      0.0000      4.5791
ALPHA 1.0349 MaxIteration 10357  TIMEOUT 0.102284
 63         28         28         40      0.1023         40          40      0.0000      4.7891
ALPHA 1.0349 MaxIteration 10718  TIMEOUT 0.099135
 64         28         28         40      0.0991         40          40      0.0000      4.9791
ALPHA 1.0349 MaxIteration 11091  TIMEOUT 0.108066
 65         28         28         40      0.1081         40          40      0.0000      5.1891
ALPHA 1.0349 MaxIteration 11477  TIMEOUT 0.109994
 66         28         28         40      0.1100         40          40      0.0000      5.4091
ALPHA 1.0349 MaxIteration 11877  TIMEOUT 0.116009
 67         28         28         40      0.1160         40          40      0.0000      5.6390
ALPHA 1.0349 MaxIteration 12291  TIMEOUT 0.121678
 68         28         28         40      0.1217         40          40      0.0000      5.8891
ALPHA 1.0349 MaxIteration 12719  TIMEOUT 0.124779
 69         28         28         40      0.1248         40          40      0.0000      6.1391
ALPHA 1.0349 MaxIteration 13162  TIMEOUT 0.125720
 70         28         28         40      0.1257         40          40      0.0000      6.3890
ALPHA 1.0349 MaxIteration 13620  TIMEOUT 0.131234
 71         28         28         40      0.1312         40          40      0.0000      6.6591
ALPHA 1.0349 MaxIteration 14094  TIMEOUT 0.130843
 72         28         28         40      0.1308         40          40      0.0000      6.9291
ALPHA 1.0349 MaxIteration 14585  TIMEOUT 0.142295
 73         28         28         40      0.1423         40          40      0.0000      7.2191
ALPHA 1.0349 MaxIteration 15093  TIMEOUT 0.139974
 74         28         28         40      0.1400         40          40      0.0000      7.4991
ALPHA 1.0349 MaxIteration 15619  TIMEOUT 0.147358
 75         28         28         40      0.1474         40          40      0.0000      7.7891
ALPHA 1.0349 MaxIteration 16163  TIMEOUT 0.158743
 76         28         28         40      0.1587         40          40      0.0000      8.0990
ALPHA 1.0349 MaxIteration 16726  TIMEOUT 0.159822
 77         28         28         40      0.1598         40          40      0.0000      8.4091
ALPHA 1.0349 MaxIteration 17309  TIMEOUT 0.164913
 78         28         28         40      0.1649         40          40      0.0000      8.7391
ALPHA 1.0349 MaxIteration 17912  TIMEOUT 0.171026
 79         28         28         40      0.1710         40          40      0.0000      9.0891
ALPHA 1.0349 MaxIteration 18536  TIMEOUT 0.177612
 80         28         28         40      0.1776         40          40      0.0000      9.4291
ALPHA 1.0349 MaxIteration 19182  TIMEOUT 0.190194
 81         28         28         40      0.1902         40          40      0.0000      9.8190
ALPHA 1.0349 MaxIteration 19850  TIMEOUT 0.194017
 82         28         28         40      0.1940         40          40      0.0000     10.2091
ALPHA 1.0349 MaxIteration 20541  TIMEOUT 0.199234
 83         28         28         40      0.1992         40          40      0.0000     10.5991
ALPHA 1.0349 MaxIteration 21257  TIMEOUT 0.203642
 84         28         28         40      0.2036         40          40      0.0000     11.0091
ALPHA 1.0349 MaxIteration 21997  TIMEOUT 0.211736
 85         28         28         40      0.2117         40          40      0.0000     11.4390
ALPHA 1.0349 MaxIteration 22763  TIMEOUT 0.214128
 86         28         28         40      0.2141         40          40      0.0000     11.8690
ALPHA 1.0349 MaxIteration 23556  TIMEOUT 0.231900
 87         28         28         40      0.2319         40          40      0.0000     12.3391
ALPHA 1.0349 MaxIteration 24377  TIMEOUT 0.232902
 88         28         28         40      0.2329         40          40      0.0000     12.7990
ALPHA 1.0349 MaxIteration 25226  TIMEOUT 0.244312
 89         28         28         40      0.2443         40          40      0.0000     13.2891
ALPHA 1.0349 MaxIteration 26105  TIMEOUT 0.256854
 90         28         28         40      0.2569         40          40      0.0000     13.7991
ALPHA 1.0349 MaxIteration 27014  TIMEOUT 0.266717
 91         28         28         40      0.2667         40          40      0.0000     14.3290
ALPHA 1.0349 MaxIteration 27955  TIMEOUT 0.262078
 92         28         28         40      0.2621         40          40      0.0000     14.8591
ALPHA 1.0349 MaxIteration 28929  TIMEOUT 0.270052
 93         28         28         40      0.2701         40          40      0.0000     15.4091
ALPHA 1.0349 MaxIteration 29937  TIMEOUT 0.289532
 94         28         28         40      0.2895         40          40      0.0000     15.9791
ALPHA 1.0349 MaxIteration 30980  TIMEOUT 0.301909
 95         28         28         40      0.3019         40          40      0.0000     16.5891
ALPHA 1.0349 MaxIteration 32059  TIMEOUT 0.300315
 96         28         28         40      0.3003         40          40      0.0000     17.1891
ALPHA 1.0349 MaxIteration 33176  TIMEOUT 0.317483
 97         28         28         40      0.3175         40          40      0.0000     17.8191
ALPHA 1.0349 MaxIteration 34332  TIMEOUT 0.332920
 98         28         28         40      0.3329         40          40      0.0000     18.4791
ALPHA 1.0349 MaxIteration 35528  TIMEOUT 0.341107
 99         28         28         40      0.3411         40          40      0.0000     19.1690
ALPHA 1.0349 MaxIteration 36766  TIMEOUT 0.343050
100         28         28         40      0.3430         40          40      0.0000     19.8591
ALPHA 1.0349 MaxIteration 38047  TIMEOUT 0.140931
101         28         28         40      0.1409>>> T1_50_1000_0.wclq |V| 50 |E| 1000  (#LB 0.0000 28 ---> 28  0.4286  40 <--- 40  0.0000 #UB)  #solve_ime 20.0000 read_time 0.0010 
