With  Parameters CUTOFF 20 SEED 103  ALPHA = 1.900  K=5 RHO=0.05 Q0=0.90 BETA=3.0 AQ_MODE=dbs
Reading  graph ...  time 0.000175  
Reducing graph ...  time 0.000020  
[v9] |V|=100 |E|=100 density=1.00 USE_ADVANCED=0 SAFE_AQ_MIN_GAP=0.050 DEEP_AQ_RANGE=[800, 5.00, 10.00] structure_blocks_aq=1 AQ_SLOPE_MARGIN=1.15 AQ_MAX_UB_DRIFT=0.20 AQ_PROBE_FRAC=0.15 AQ_T1LIKE_FRAC=0.15
#Rd        #LB        #LB*       #UB       #Time        #UB+        #UB*      #Time      #TotalTime
First Gap  0.032132
  1       1027       1027       1060      0.0152 [AQ bandit arm] arm=4 gap=0.0321 density=1.00 |V|=100

 Switch to DBS-only search, timeout 0.015233....
 [Online-safe AQ structure guard] |V|=100 density=1.00 outside [800, 5.00, 10.00], disabling AQ
 [Online-safe AQ first-gap guard] FIRST_GAP 0.0321 < 0.0500, disabling AQ
       1039        1039      0.0049        0.0565
ALPHA 1.9000 MaxIteration 3  TIMEOUT 0.015233
  2       1025       1027       1077      0.0001       1082        1039      0.0000        0.0567
ALPHA 1.8304 MaxIteration 5  TIMEOUT 0.000106
  3       1025       1027       1077      0.0001       1090        1039      0.0000        0.0568
ALPHA 1.7658 MaxIteration 9  TIMEOUT 0.000115
  4       1021       1027       1116      0.0001       1092        1039      0.0000        0.0570
ALPHA 1.7056 MaxIteration 15  TIMEOUT 0.000177
  5       1021       1027       1099      0.0001       1079        1039      0.0001        0.0573
ALPHA 1.6493 MaxIteration 25  TIMEOUT 0.000240
  6       1026       1027       1099      0.0002       1053        1039      0.0002        0.0578
ALPHA 1.5966 MaxIteration 41  TIMEOUT 0.000399
  7       1026       1027       1099      0.0004       1043        1039      0.0002        0.0587
ALPHA 1.5472 MaxIteration 65  TIMEOUT 0.000645
  8       1029       1029       1097      0.0007       1047        1039      0.0006        0.0600
ALPHA 1.5008 MaxIteration 100  TIMEOUT 0.001012
  9       1029       1029       1097      0.0009       1043        1039      0.0008        0.0618
ALPHA 1.4571 MaxIteration 150  TIMEOUT 0.001343
 10       1029       1029       1065      0.0013       1043        1039      0.0010        0.0645
ALPHA 1.4158 MaxIteration 218  TIMEOUT 0.001958
 11       1029       1029       1065      0.0019       1043        1039      0.0010        0.0683
ALPHA 1.3768 MaxIteration 308  TIMEOUT 0.002704
 12       1031       1031       1065      0.0027       1043        1039      0.0006        0.0867
ALPHA 1.3399 MaxIteration 424  TIMEOUT 0.003727
 13       1031       1031       1065      0.0037       1039        1039      0.0031        0.0942
ALPHA 1.3049 MaxIteration 568  TIMEOUT 0.005006
 14       1031       1031       1063      0.0050       1043        1039      0.0009        0.1172
ALPHA 1.2718 MaxIteration 741  TIMEOUT 0.006516
 15       1031       1031       1063      0.0065       1039        1039      0.0002        0.1433
ALPHA 1.2402 MaxIteration 942  TIMEOUT 0.008291
 16       1031       1031       1063      0.0083       1043        1039      0.0017        0.1729
ALPHA 1.2102 MaxIteration 1168  TIMEOUT 0.010276
 17       1031       1031       1063      0.0101       1043        1039      0.0006        0.1931
ALPHA 1.1816 MaxIteration 1413  TIMEOUT 0.012201
 18       1031       1031       1063      0.0088       1043        1039      0.0009        0.2138
ALPHA 1.1543 MaxIteration 1669  TIMEOUT 0.010389
 19       1031       1031       1063      0.0104       1043        1039      0.0007        0.2347
ALPHA 1.1283 MaxIteration 1926  TIMEOUT 0.012001
 20       1031       1031       1063      0.0120       1039        1039      0.0010        0.2587
ALPHA 1.1034 MaxIteration 2173  TIMEOUT 0.013543
 21       1031       1031       1063      0.0135       1043        1039      0.0004        0.2869
ALPHA 1.0795 MaxIteration 2397  TIMEOUT 0.014951
 22       1031       1031       1063      0.0150       1043        1039      0.0015        0.3179
ALPHA 1.0567 MaxIteration 2587  TIMEOUT 0.016144
 23       1032       1032       1063      0.0161       1043        1039      0.0005        0.3513
ALPHA 1.0349 MaxIteration 2733  TIMEOUT 0.017064
 24       1032       1032       1071      0.0171       1039        1039      0.0004        0.3855
ALPHA 1.0349 MaxIteration 2828  TIMEOUT 0.017685
 25       1032       1032       1071      0.0177       1043        1039      0.0015        0.4325
ALPHA 1.0349 MaxIteration 2926  TIMEOUT 0.018305
 26       1032       1032       1071      0.0183       1043        1039      0.0004        0.4845
ALPHA 1.0349 MaxIteration 3027  TIMEOUT 0.018948
 27       1032       1032       1071      0.0190       1039        1039      0.0039        0.5365
ALPHA 1.0349 MaxIteration 3132  TIMEOUT 0.019614
 28       1032       1032       1071      0.0196       1039        1039      0.0046        0.5798
ALPHA 1.0349 MaxIteration 3241  TIMEOUT 0.020305
 29       1032       1032       1071      0.0203       1043        1039      0.0005        0.6335
ALPHA 1.0349 MaxIteration 3353  TIMEOUT 0.021017
 30       1032       1032       1071      0.0210       1043        1039      0.0016        0.6885
ALPHA 1.0349 MaxIteration 3469  TIMEOUT 0.021755
 31       1032       1032       1071      0.0218       1039        1039      0.0035        0.7615
ALPHA 1.0349 MaxIteration 3589  TIMEOUT 0.022522
 32       1032       1032       1071      0.0225       1039        1039      0.0026        0.8197
ALPHA 1.0349 MaxIteration 3714  TIMEOUT 0.023312
 33       1032       1032       1071      0.0233       1039        1039      0.0010        0.8945
ALPHA 1.0349 MaxIteration 3843  TIMEOUT 0.024132
 34       1032       1032       1071      0.0241       1039        1039      0.0008        0.9654
ALPHA 1.0349 MaxIteration 3976  TIMEOUT 0.024978
 35       1032       1032       1071      0.0250       1039        1039      0.0050        1.0434
ALPHA 1.0349 MaxIteration 4114  TIMEOUT 0.025860
 36       1032       1032       1071      0.0259       1039        1039      0.0053        1.1232
ALPHA 1.0349 MaxIteration 4257  TIMEOUT 0.026768
 37       1032       1032       1071      0.0268       1039        1039      0.0243        1.2038
ALPHA 1.0349 MaxIteration 4405  TIMEOUT 0.027709
 38       1032       1032       1071      0.0277       1039        1039      0.0011        1.2853
ALPHA 1.0349 MaxIteration 4558  TIMEOUT 0.028682
 39       1036       1036       1054      0.0287       1039        1039      0.0210        1.3815
ALPHA 1.0349 MaxIteration 4716  TIMEOUT 0.029691
 40       1036       1036       1054      0.0297       1039        1039      0.0012        1.4681
ALPHA 1.0349 MaxIteration 4880  TIMEOUT 0.030736
 41       1036       1036       1054      0.0307       1039        1039      0.0250        1.5726
ALPHA 1.0349 MaxIteration 5050  TIMEOUT 0.031817
 42       1036       1036       1054      0.0318       1039        1039      0.0051        1.6373
ALPHA 1.0349 MaxIteration 5226  TIMEOUT 0.032930
 43       1036       1036       1054      0.0329       1039        1039      0.0033        1.7032
ALPHA 1.0349 MaxIteration 5408  TIMEOUT 0.034087
 44       1036       1036       1054      0.0341       1043        1039      0.0004        1.8225
ALPHA 1.0349 MaxIteration 5596  TIMEOUT 0.035277
 45       1036       1036       1054      0.0353       1039        1039      0.0101        1.9372
ALPHA 1.0349 MaxIteration 5791  TIMEOUT 0.036518
 46       1036       1036       1054      0.0365       1039        1039      0.0007        2.0263
ALPHA 1.0349 MaxIteration 5992  TIMEOUT 0.037799
 47       1036       1036       1054      0.0378       1039        1039      0.0087        2.1155
ALPHA 1.0349 MaxIteration 6200  TIMEOUT 0.039122
 48       1036       1036       1054      0.0391       1039        1039      0.0020        2.2455
ALPHA 1.0349 MaxIteration 6416  TIMEOUT 0.040489
 49       1036       1036       1054      0.0405       1039        1039      0.0013        2.3785
ALPHA 1.0349 MaxIteration 6639  TIMEOUT 0.041905
 50       1036       1036       1054      0.0419       1039        1039      0.0018        2.5025
ALPHA 1.0349 MaxIteration 6870  TIMEOUT 0.043372
 51       1036       1036       1054      0.0434       1039        1039      0.0203        2.6295
ALPHA 1.0349 MaxIteration 7109  TIMEOUT 0.044890
 52       1036       1036       1054      0.0449       1043        1039      0.0003        2.8085
ALPHA 1.0349 MaxIteration 7356  TIMEOUT 0.046479
 53       1036       1036       1054      0.0465       1039        1039      0.0006        2.9426
ALPHA 1.0349 MaxIteration 7612  TIMEOUT 0.048104
 54       1036       1036       1054      0.0481       1039        1039      0.0248        3.0945
ALPHA 1.0349 MaxIteration 7877  TIMEOUT 0.049788
 55       1036       1036       1054      0.0498       1039        1039      0.0005        3.2092
ALPHA 1.0349 MaxIteration 8151  TIMEOUT 0.051535
 56       1036       1036       1054      0.0515       1039        1039      0.0336        3.3183
ALPHA 1.0349 MaxIteration 8435  TIMEOUT 0.053339
 57       1036       1036       1054      0.0533       1039        1039      0.0177        3.4281
ALPHA 1.0349 MaxIteration 8729  TIMEOUT 0.055202
 58       1036       1036       1054      0.0552       1039        1039      0.0108        3.5425
ALPHA 1.0349 MaxIteration 9033  TIMEOUT 0.057130
 59       1036       1036       1054      0.0571       1039        1039      0.0007        3.6609
ALPHA 1.0349 MaxIteration 9347  TIMEOUT 0.059130
 60       1036       1036       1054      0.0591       1039        1039      0.0026        3.7813
ALPHA 1.0349 MaxIteration 9672  TIMEOUT 0.061200
 61       1036       1036       1054      0.0612       1039        1039      0.0080        3.9047
ALPHA 1.0349 MaxIteration 10009  TIMEOUT 0.063343
 62       1036       1036       1054      0.0634       1039        1039      0.0039        4.0325
ALPHA 1.0349 MaxIteration 10357  TIMEOUT 0.065560
 63       1036       1036       1054      0.0656       1039        1039      0.0070        4.2076
ALPHA 1.0349 MaxIteration 10718  TIMEOUT 0.067853
 64       1036       1036       1054      0.0679       1039        1039      0.0007        4.3465
ALPHA 1.0349 MaxIteration 11091  TIMEOUT 0.070229
 65       1036       1036       1054      0.0702       1039        1039      0.0062        4.4995
ALPHA 1.0349 MaxIteration 11477  TIMEOUT 0.072678
 66       1036       1036       1054      0.0727       1039        1039      0.0011        4.6735
ALPHA 1.0349 MaxIteration 11877  TIMEOUT 0.075217
 67       1036       1036       1054      0.0752       1039        1039      0.0084        4.9081
ALPHA 1.0349 MaxIteration 12291  TIMEOUT 0.077843
 68       1036       1036       1054      0.0778       1039        1039      0.0007        5.0659
ALPHA 1.0349 MaxIteration 12719  TIMEOUT 0.080562
 69       1036       1036       1054      0.0806       1039        1039      0.0243        5.3821
ALPHA 1.0349 MaxIteration 13162  TIMEOUT 0.083379
 70       1036       1036       1054      0.0834       1039        1039      0.0089        5.6459
ALPHA 1.0349 MaxIteration 13620  TIMEOUT 0.086294
 71       1036       1036       1054      0.0863       1039        1039      0.0488        5.9215
ALPHA 1.0349 MaxIteration 14094  TIMEOUT 0.089307
 72       1036       1036       1054      0.0893       1039        1039      0.0181        6.1463
ALPHA 1.0349 MaxIteration 14585  TIMEOUT 0.092427
 73       1036       1036       1054      0.0924       1039        1039      0.0031        6.3362
ALPHA 1.0349 MaxIteration 15093  TIMEOUT 0.095660
 74       1036       1036       1054      0.0957       1039        1039      0.0172        6.5316
ALPHA 1.0349 MaxIteration 15619  TIMEOUT 0.099005
 75       1036       1036       1054      0.0990       1039        1039      0.0228        6.7327
ALPHA 1.0349 MaxIteration 16163  TIMEOUT 0.102465
 76       1036       1036       1054      0.1025       1039        1039      0.0165        6.9428
ALPHA 1.0349 MaxIteration 16726  TIMEOUT 0.106045
 77       1036       1036       1054      0.1061       1039        1039      0.0084        7.1599
ALPHA 1.0349 MaxIteration 17309  TIMEOUT 0.109752
 78       1036       1036       1054      0.1098       1039        1039      0.0071        7.3845
ALPHA 1.0349 MaxIteration 17912  TIMEOUT 0.113582
 79       1036       1036       1054      0.1136       1039        1039      0.0052        7.6167
ALPHA 1.0349 MaxIteration 18536  TIMEOUT 0.117548
 80       1036       1036       1054      0.1176       1039        1039      0.0194        7.8590
ALPHA 1.0349 MaxIteration 19182  TIMEOUT 0.121653
 81       1036       1036       1054      0.1217       1039        1039      0.0038        8.1103
ALPHA 1.0349 MaxIteration 19850  TIMEOUT 0.125902
 82       1036       1036       1054      0.1259       1039        1039      0.0290        8.4332
ALPHA 1.0349 MaxIteration 20541  TIMEOUT 0.130292
 83       1036       1036       1054      0.1303       1039        1039      0.0013        8.8315
ALPHA 1.0349 MaxIteration 21257  TIMEOUT 0.134856
 84       1036       1036       1054      0.1349       1039        1039      0.0124        9.1964
ALPHA 1.0349 MaxIteration 21997  TIMEOUT 0.139561
 85       1036       1036       1054      0.1396       1039        1039      0.0067        9.4816
ALPHA 1.0349 MaxIteration 22763  TIMEOUT 0.144432
 86       1036       1036       1054      0.1444       1039        1039      0.0194        9.7795
ALPHA 1.0349 MaxIteration 23556  TIMEOUT 0.149478
 87       1036       1036       1054      0.1495       1039        1039      0.0028       10.0826
ALPHA 1.0349 MaxIteration 24377  TIMEOUT 0.154696
 88       1036       1036       1054      0.1547       1039        1039      0.0006       10.3951
ALPHA 1.0349 MaxIteration 25226  TIMEOUT 0.160093
 89       1036       1036       1054      0.1601       1039        1039      0.0176       10.7194
ALPHA 1.0349 MaxIteration 26105  TIMEOUT 0.165678
 90       1036       1036       1054      0.1657       1039        1039      0.0014       11.0558
ALPHA 1.0349 MaxIteration 27014  TIMEOUT 0.171465
 91       1036       1036       1054      0.1715       1039        1039      0.0114       11.4028
ALPHA 1.0349 MaxIteration 27955  TIMEOUT 0.177445
 92       1036       1036       1054      0.1775       1039        1039      0.0219       11.7718
ALPHA 1.0349 MaxIteration 28929  TIMEOUT 0.183642
 93       1036       1036       1054      0.1837       1039        1039      0.0199       12.1462
ALPHA 1.0349 MaxIteration 29937  TIMEOUT 0.190062
 94       1036       1036       1054      0.1901       1039        1039      0.0031       12.5334
ALPHA 1.0349 MaxIteration 30980  TIMEOUT 0.196705
 95       1036       1036       1054      0.1967       1039        1039      0.0142       12.9389
ALPHA 1.0349 MaxIteration 32059  TIMEOUT 0.203571
 96       1036       1036       1054      0.2036       1039        1039      0.0172       13.3521
ALPHA 1.0349 MaxIteration 33176  TIMEOUT 0.210670
 97       1036       1036       1054      0.2107       1039        1039      0.0007       20.0000
>>> T1_100_100_2.wclq |V| 100 |E| 100  (#LB 0.0088 1027 ---> 1036  0.0029  1039 <--- 1060  0.0198 #UB)  #read_time 0.0002  #reduce_time 0.0000  #solve_time 20.0000  #total_time 20.0002
 