>>IBM: |V|=250 |E|=2000
>>IBM: The maximum node weight is 682
/public/home/acs4vb4pqv/benchmarks/MWDS2026/T2_wclq/T2_250_2000_3.wclq #seed 2 #alpha 1.900 #timeout 0.100 K=5 RHO=0.05 Q0=0.90 BETA=3.5 AQ_MODE=dbs SAFE_AQ_MIN_GAP=0.050 SAFE_AQ_MIN_NODES=800 AQ_SLOPE_MARGIN=1.05 AQ_MAX_UB_DRIFT=0.25 AQ_HEAVY_FRAC=0.20 AQ_HEAVY_ANTS=6
[v19] |V|=250 |E|=2000 density=8.00 USE_ADVANCED=0
#Rd        #LB        #LB*       #UB       #Time        #UB+        #UB*      #Time      #TotalTime
First Gap  0.220339
ALPHA 1.9000 MaxIteration 500  TIMEOUT 0.097476
  1       1003       1003       1224      0.0975       1189        1189      0.0200      0.1977
ALPHA 1.9000 MaxIteration 3  TIMEOUT 0.000460
  2        919       1003       1449      0.0005       1183        1183      0.0000      0.2077
ALPHA 1.8304 MaxIteration 5  TIMEOUT 0.000858
  3        936       1003       1353      0.0009       1189        1183      0.0000      0.2177
ALPHA 1.7658 MaxIteration 9  TIMEOUT 0.001280
  4        941       1003       1254      0.0013       1183        1183      0.0000      0.2277
ALPHA 1.7056 MaxIteration 15  TIMEOUT 0.002150
  5        907       1003       1315      0.0022       1189        1183      0.0000      0.2377
ALPHA 1.6493 MaxIteration 25  TIMEOUT 0.005366
  6        922       1003       1290      0.0054       1183        1183      0.0000      0.2477
ALPHA 1.5966 MaxIteration 41  TIMEOUT 0.004788
  7        923       1003       1302      0.0048       1189        1183      0.0000      0.2577
ALPHA 1.5472 MaxIteration 65  TIMEOUT 0.008818
  8        918       1003       1267      0.0088       1183        1183      0.0000      0.2677
ALPHA 1.5008 MaxIteration 100  TIMEOUT 0.031107
  9        925       1003       1290      0.0311       1183        1183      0.0100      0.3377
ALPHA 1.4571 MaxIteration 150  TIMEOUT 0.025396
 10        924       1003       1264      0.0254       1183        1183      0.0000      0.3877
ALPHA 1.4158 MaxIteration 218  TIMEOUT 0.039323
 11        932       1003       1285      0.0393       1183        1183      0.0200      0.4577
ALPHA 1.3768 MaxIteration 308  TIMEOUT 0.067547
 12        929       1003       1273      0.0675       1183        1183      0.0100      0.5877
ALPHA 1.3399 MaxIteration 424  TIMEOUT 0.051327
 13        931       1003       1296      0.0513       1183        1183      0.0000      0.6977
ALPHA 1.3049 MaxIteration 568  TIMEOUT 0.112572
 14        926       1003       1281      0.1126       1183        1183      0.0000      0.9177
ALPHA 1.2718 MaxIteration 741  TIMEOUT 0.186857
 15        931       1003       1280      0.1869       1183        1183      0.0200      1.2877
ALPHA 1.2402 MaxIteration 942  TIMEOUT 0.088493
 16        928       1003       1296      0.0885       1183        1183      0.0500      1.4477
ALPHA 1.2102 MaxIteration 1168  TIMEOUT 0.197105
 17        929       1003       1279      0.1971       1183        1183      0.0100      1.8377
ALPHA 1.1816 MaxIteration 1413  TIMEOUT 0.127886
 18        928       1003       1294      0.1279       1183        1183      0.0000      2.0877
ALPHA 1.1543 MaxIteration 1669  TIMEOUT 0.154601
 19        931       1003       1286      0.1546       1183        1183      0.1500      2.3977
ALPHA 1.1283 MaxIteration 1926  TIMEOUT 0.236442
 20        932       1003       1295      0.2364       1183        1183      0.0100      2.8577
ALPHA 1.1034 MaxIteration 2173  TIMEOUT 0.335518
 21        930       1003       1294      0.3355       1183        1183      0.0000      3.5177
ALPHA 1.0795 MaxIteration 2397  TIMEOUT 0.281994
 22        935       1003       1289      0.2820       1189        1183      0.0100      4.0777
ALPHA 1.0567 MaxIteration 2587  TIMEOUT 0.291809
 23        925       1003       1287      0.2918       1183        1183      0.0200      4.6577
ALPHA 1.0349 MaxIteration 2733  TIMEOUT 0.249914
 24        932       1003       1282      0.2499       1183        1183      0.0100      5.1377
ALPHA 1.0349 MaxIteration 2828  TIMEOUT 0.300792
 25        933       1003       1289      0.3008       1183        1183      0.0500      5.7377
ALPHA 1.0349 MaxIteration 2926  TIMEOUT 0.392847
 26        932       1003       1289      0.3928       1183        1183      0.0700      6.5177
ALPHA 1.0349 MaxIteration 3027  TIMEOUT 0.366147
 27        931       1003       1262      0.3661       1183        1183      0.0000      7.2277
ALPHA 1.0349 MaxIteration 3132  TIMEOUT 0.287150
 28        933       1003       1280      0.2871       1183        1183      0.0300      7.7977
ALPHA 1.0349 MaxIteration 3241  TIMEOUT 0.353739
 29        928       1003       1295      0.3537       1183        1183      0.0100      8.4977
ALPHA 1.0349 MaxIteration 3353  TIMEOUT 0.304526
 30        926       1003       1259      0.3045       1183        1183      0.0000      9.0977
ALPHA 1.0349 MaxIteration 3469  TIMEOUT 0.377325
 31        933       1003       1289      0.3773       1183        1183      0.0200      9.8377
ALPHA 1.0349 MaxIteration 3589  TIMEOUT 0.329015
 32        931       1003       1289      0.3290       1183        1183      0.0100     10.4777
ALPHA 1.0349 MaxIteration 3714  TIMEOUT 0.391425
 33        931       1003       1262      0.3914       1183        1183      0.0000     11.2577
ALPHA 1.0349 MaxIteration 3843  TIMEOUT 0.636042
 34        932       1003       1280      0.6360       1183        1183      0.0100     12.5077
ALPHA 1.0349 MaxIteration 3976  TIMEOUT 0.631300
 35        932       1003       1259      0.6313       1183        1183      0.0500     13.7577
ALPHA 1.0349 MaxIteration 4114  TIMEOUT 0.489541
 36        933       1003       1280      0.4895       1183        1183      0.0600     14.7158
ALPHA 1.0349 MaxIteration 4257  TIMEOUT 0.595497
 37        932       1003       1289      0.5955       1183        1183      0.0100     15.8977
ALPHA 1.0349 MaxIteration 4405  TIMEOUT 0.658057
 38        932       1003       1277      0.6581       1183        1183      0.0100     17.1877
ALPHA 1.0349 MaxIteration 4558  TIMEOUT 0.443064
 39        932       1003       1267      0.4431       1183        1183      0.0000     18.0666
ALPHA 1.0349 MaxIteration 4716  TIMEOUT 0.696435
 40        932       1003       1267      0.6964       1183        1183      0.0000     19.4277
ALPHA 1.0349 MaxIteration 4880  TIMEOUT 0.516253
 41        932       1003       1289      0.5163       1183        1183      0.0100     19.9977
ALPHA 1.0349 MaxIteration 5050  TIMEOUT 0.002365
 42        865       1003       1322      0.0024>>> T2_250_2000_3.wclq |V| 250 |E| 2000  (#LB 0.0000 1003 ---> 1003  0.1795  1183 <--- 1224  0.0335 #UB)  #solve_ime 20.0000 read_time 0.0023 
