With  Parameters CUTOFF 20 SEED 3  ALPHA = 1.900  K=5 RHO=0.05 Q0=0.90 BETA=3.0 AQ_MODE=guarded
Reading  graph ...  time 0.000170  
Reducing graph ...  time 0.000021  
[v9] |V|=100 |E|=100 density=1.00 USE_ADVANCED=0 SAFE_AQ_MIN_GAP=0.050 DEEP_AQ_RANGE=[800, 5.00, 10.00] structure_blocks_aq=1 AQ_SLOPE_MARGIN=1.15 AQ_MAX_UB_DRIFT=0.20 AQ_PROBE_FRAC=0.15 AQ_T1LIKE_FRAC=0.15
#Rd        #LB        #LB*       #UB       #Time        #UB+        #UB*      #Time      #TotalTime
First Gap  0.032132
  1       1027       1027       1060      0.0144 [AQ bandit arm] arm=4 gap=0.0321 density=1.00 |V|=100

 Switch to DBS-only search, timeout 0.014360....
 [Online-safe AQ structure guard] |V|=100 density=1.00 outside [800, 5.00, 10.00], disabling AQ
 [Online-safe AQ first-gap guard] FIRST_GAP 0.0321 < 0.0500, disabling AQ
       1043        1043      0.0007        0.0546
ALPHA 1.9000 MaxIteration 3  TIMEOUT 0.014360
  2       1027       1027       1076      0.0000       1091        1043      0.0000        0.0547
ALPHA 1.8304 MaxIteration 5  TIMEOUT 0.000072
  3       1014       1027       1078      0.0001       1091        1043      0.0000        0.0549
ALPHA 1.7658 MaxIteration 9  TIMEOUT 0.000137
  4       1015       1027       1065      0.0001       1086        1043      0.0000        0.0551
ALPHA 1.7056 MaxIteration 15  TIMEOUT 0.000134
  5       1015       1027       1065      0.0001       1087        1043      0.0001        0.0554
ALPHA 1.6493 MaxIteration 25  TIMEOUT 0.000176
  6       1015       1027       1065      0.0002       1087        1043      0.0001        0.0558
ALPHA 1.5966 MaxIteration 41  TIMEOUT 0.000294
  7       1021       1027       1065      0.0003       1064        1043      0.0002        0.0564
ALPHA 1.5472 MaxIteration 65  TIMEOUT 0.000484
  8       1021       1027       1065      0.0005       1047        1043      0.0004        0.0574
ALPHA 1.5008 MaxIteration 100  TIMEOUT 0.000754
  9       1021       1027       1065      0.0008       1043        1043      0.0005        0.0589
ALPHA 1.4571 MaxIteration 150  TIMEOUT 0.001142
 10       1021       1027       1065      0.0011       1039        1039      0.0010        0.0614
ALPHA 1.4158 MaxIteration 218  TIMEOUT 0.001670
 11       1024       1027       1063      0.0017       1039        1039      0.0013        0.0659
ALPHA 1.3768 MaxIteration 308  TIMEOUT 0.002376
 12       1024       1027       1063      0.0024       1039        1039      0.0010        0.0836
ALPHA 1.3399 MaxIteration 424  TIMEOUT 0.003277
 13       1029       1029       1063      0.0033       1043        1039      0.0017        0.0905
ALPHA 1.3049 MaxIteration 568  TIMEOUT 0.004392
 14       1030       1030       1096      0.0044       1043        1039      0.0008        0.1123
ALPHA 1.2718 MaxIteration 741  TIMEOUT 0.005735
 15       1030       1030       1096      0.0057       1043        1039      0.0004        0.1326
ALPHA 1.2402 MaxIteration 942  TIMEOUT 0.007300
 16       1032       1032       1072      0.0073       1043        1039      0.0003        0.1586
ALPHA 1.2102 MaxIteration 1168  TIMEOUT 0.009063
 17       1032       1032       1072      0.0087       1043        1039      0.0017        0.1836
ALPHA 1.1816 MaxIteration 1413  TIMEOUT 0.010567
 18       1032       1032       1072      0.0102       1043        1039      0.0007        0.2096
ALPHA 1.1543 MaxIteration 1669  TIMEOUT 0.012048
 19       1032       1032       1071      0.0121       1039        1039      0.0003        0.2340
ALPHA 1.1283 MaxIteration 1926  TIMEOUT 0.013912
 20       1032       1032       1072      0.0139       1039        1039      0.0008        0.2620
ALPHA 1.1034 MaxIteration 2173  TIMEOUT 0.015707
 21       1032       1032       1071      0.0157       1039        1039      0.0009        0.2946
ALPHA 1.0795 MaxIteration 2397  TIMEOUT 0.017333
 22       1032       1032       1071      0.0173       1039        1039      0.0086        0.3303
ALPHA 1.0567 MaxIteration 2587  TIMEOUT 0.018717
 23       1032       1032       1071      0.0187       1039        1039      0.0079        0.3698
ALPHA 1.0349 MaxIteration 2733  TIMEOUT 0.019787
 24       1032       1032       1072      0.0188       1039        1039      0.0053        0.4125
ALPHA 1.0349 MaxIteration 2828  TIMEOUT 0.019420
 25       1032       1032       1071      0.0194       1039        1039      0.0004        0.4524
ALPHA 1.0349 MaxIteration 2926  TIMEOUT 0.020107
 26       1032       1032       1071      0.0201       1039        1039      0.0078        0.4957
ALPHA 1.0349 MaxIteration 3027  TIMEOUT 0.020817
 27       1032       1032       1071      0.0208       1039        1039      0.0128        0.5386
ALPHA 1.0349 MaxIteration 3132  TIMEOUT 0.021552
 28       1032       1032       1071      0.0216       1039        1039      0.0022        0.5870
ALPHA 1.0349 MaxIteration 3241  TIMEOUT 0.022304
 29       1032       1032       1071      0.0223       1039        1039      0.0008        0.6358
ALPHA 1.0349 MaxIteration 3353  TIMEOUT 0.023089
 30       1032       1032       1071      0.0231       1039        1039      0.0012        0.6833
ALPHA 1.0349 MaxIteration 3469  TIMEOUT 0.023904
 31       1032       1032       1072      0.0239       1039        1039      0.0106        0.7322
ALPHA 1.0349 MaxIteration 3589  TIMEOUT 0.024747
 32       1032       1032       1071      0.0248       1039        1039      0.0023        0.7848
ALPHA 1.0349 MaxIteration 3714  TIMEOUT 0.025615
 33       1032       1032       1071      0.0256       1039        1039      0.0016        0.8383
ALPHA 1.0349 MaxIteration 3843  TIMEOUT 0.026511
 34       1032       1032       1072      0.0265       1039        1039      0.0118        0.8934
ALPHA 1.0349 MaxIteration 3976  TIMEOUT 0.027447
 35       1032       1032       1071      0.0275       1039        1039      0.0033        0.9484
ALPHA 1.0349 MaxIteration 4114  TIMEOUT 0.028410
 36       1032       1032       1072      0.0284       1039        1039      0.0040        1.0073
ALPHA 1.0349 MaxIteration 4257  TIMEOUT 0.029407
 37       1032       1032       1071      0.0294       1039        1039      0.0031        1.0702
ALPHA 1.0349 MaxIteration 4405  TIMEOUT 0.030434
 38       1032       1032       1070      0.0300       1039        1039      0.0105        1.1384
ALPHA 1.0349 MaxIteration 4558  TIMEOUT 0.031080
 39       1032       1032       1071      0.0311       1039        1039      0.0047        1.2026
ALPHA 1.0349 MaxIteration 4716  TIMEOUT 0.032169
 40       1032       1032       1070      0.0322       1039        1039      0.0182        1.2723
ALPHA 1.0349 MaxIteration 4880  TIMEOUT 0.033295
 41       1032       1032       1070      0.0333       1039        1039      0.0017        1.3429
ALPHA 1.0349 MaxIteration 5050  TIMEOUT 0.034459
 42       1032       1032       1070      0.0345       1039        1039      0.0116        1.4161
ALPHA 1.0349 MaxIteration 5226  TIMEOUT 0.035663
 43       1032       1032       1070      0.0357       1039        1039      0.0073        1.4915
ALPHA 1.0349 MaxIteration 5408  TIMEOUT 0.036909
 44       1032       1032       1070      0.0369       1039        1039      0.0024        1.5704
ALPHA 1.0349 MaxIteration 5596  TIMEOUT 0.038202
 45       1032       1032       1070      0.0382       1039        1039      0.0140        1.6489
ALPHA 1.0349 MaxIteration 5791  TIMEOUT 0.039541
 46       1032       1032       1070      0.0395       1039        1039      0.0013        1.7292
ALPHA 1.0349 MaxIteration 5992  TIMEOUT 0.040928
 47       1032       1032       1070      0.0409       1039        1039      0.0008        1.8181
ALPHA 1.0349 MaxIteration 6200  TIMEOUT 0.042358
 48       1032       1032       1070      0.0424       1039        1039      0.0057        1.9060
ALPHA 1.0349 MaxIteration 6416  TIMEOUT 0.043844
 49       1032       1032       1070      0.0438       1039        1039      0.0009        1.9999
ALPHA 1.0349 MaxIteration 6639  TIMEOUT 0.045375
 50       1032       1032       1070      0.0454       1039        1039      0.0040        2.0958
ALPHA 1.0349 MaxIteration 6870  TIMEOUT 0.046958
 51       1032       1032       1070      0.0470       1039        1039      0.0040        2.1970
ALPHA 1.0349 MaxIteration 7109  TIMEOUT 0.048601
 52       1032       1032       1070      0.0484       1039        1039      0.0170        2.3056
ALPHA 1.0349 MaxIteration 7356  TIMEOUT 0.050122
 53       1032       1032       1070      0.0501       1039        1039      0.0078        2.4132
ALPHA 1.0349 MaxIteration 7612  TIMEOUT 0.051877
 54       1032       1032       1070      0.0519       1039        1039      0.0059        2.5211
ALPHA 1.0349 MaxIteration 7877  TIMEOUT 0.053691
 55       1032       1032       1070      0.0537       1039        1039      0.0075        2.6317
ALPHA 1.0349 MaxIteration 8151  TIMEOUT 0.055567
 56       1032       1032       1070      0.0556       1039        1039      0.0031        2.7451
ALPHA 1.0349 MaxIteration 8435  TIMEOUT 0.057512
 57       1032       1032       1070      0.0575       1039        1039      0.0008        2.8663
ALPHA 1.0349 MaxIteration 8729  TIMEOUT 0.059525
 58       1032       1032       1070      0.0595       1039        1039      0.0276        2.9904
ALPHA 1.0349 MaxIteration 9033  TIMEOUT 0.061603
 59       1032       1032       1070      0.0616       1039        1039      0.0035        3.1177
ALPHA 1.0349 MaxIteration 9347  TIMEOUT 0.063757
 60       1032       1032       1070      0.0638       1039        1039      0.0032        3.2575
ALPHA 1.0349 MaxIteration 9672  TIMEOUT 0.065990
 61       1032       1032       1070      0.0660       1039        1039      0.0586        3.4015
ALPHA 1.0349 MaxIteration 10009  TIMEOUT 0.068294
 62       1032       1032       1070      0.0683       1039        1039      0.0014        3.5451
ALPHA 1.0349 MaxIteration 10357  TIMEOUT 0.070678
 63       1032       1032       1070      0.0707       1039        1039      0.0017        3.6936
ALPHA 1.0349 MaxIteration 10718  TIMEOUT 0.073150
 64       1032       1032       1070      0.0732       1039        1039      0.0115        3.8502
ALPHA 1.0349 MaxIteration 11091  TIMEOUT 0.075709
 65       1032       1032       1070      0.0757       1039        1039      0.0021        4.0078
ALPHA 1.0349 MaxIteration 11477  TIMEOUT 0.078354
 66       1032       1032       1070      0.0784       1039        1039      0.0086        4.1717
ALPHA 1.0349 MaxIteration 11877  TIMEOUT 0.081094
 67       1032       1032       1070      0.0811       1039        1039      0.0200        4.3432
ALPHA 1.0349 MaxIteration 12291  TIMEOUT 0.083931
 68       1032       1032       1070      0.0839       1039        1039      0.0526        4.5272
ALPHA 1.0349 MaxIteration 12719  TIMEOUT 0.086863
 69       1032       1032       1070      0.0869       1039        1039      0.0015        4.7100
ALPHA 1.0349 MaxIteration 13162  TIMEOUT 0.089899
 70       1032       1032       1070      0.0899       1039        1039      0.0011        4.8950
ALPHA 1.0349 MaxIteration 13620  TIMEOUT 0.093037
 71       1032       1032       1070      0.0930       1039        1039      0.0009        5.0903
ALPHA 1.0349 MaxIteration 14094  TIMEOUT 0.096283
 72       1032       1032       1070      0.0963       1039        1039      0.0196        5.2979
ALPHA 1.0349 MaxIteration 14585  TIMEOUT 0.099643
 73       1032       1032       1070      0.0997       1039        1039      0.0012        5.5024
ALPHA 1.0349 MaxIteration 15093  TIMEOUT 0.103125
 74       1032       1032       1070      0.1031       1039        1039      0.0002        5.7207
ALPHA 1.0349 MaxIteration 15619  TIMEOUT 0.106721
 75       1032       1032       1070      0.1067       1039        1039      0.0221        5.9424
ALPHA 1.0349 MaxIteration 16163  TIMEOUT 0.110444
 76       1032       1032       1070      0.1105       1039        1039      0.0095        6.1764
ALPHA 1.0349 MaxIteration 16726  TIMEOUT 0.114302
 77       1032       1032       1070      0.1143       1039        1039      0.0095        6.4211
ALPHA 1.0349 MaxIteration 17309  TIMEOUT 0.118289
 78       1032       1032       1070      0.1183       1039        1039      0.0014        6.6688
ALPHA 1.0349 MaxIteration 17912  TIMEOUT 0.122422
 79       1032       1032       1070      0.1224       1039        1039      0.0120        6.9289
ALPHA 1.0349 MaxIteration 18536  TIMEOUT 0.126693
 80       1032       1032       1070      0.1267       1039        1039      0.0337        7.2005
ALPHA 1.0349 MaxIteration 19182  TIMEOUT 0.131117
 81       1032       1032       1070      0.1311       1039        1039      0.0173        7.4768
ALPHA 1.0349 MaxIteration 19850  TIMEOUT 0.135696
 82       1032       1032       1070      0.1357       1039        1039      0.0176        7.7575
ALPHA 1.0349 MaxIteration 20541  TIMEOUT 0.140434
 83       1032       1032       1070      0.1404       1039        1039      0.0060        8.0454
ALPHA 1.0349 MaxIteration 21257  TIMEOUT 0.145333
 84       1032       1032       1070      0.1453       1039        1039      0.0185        8.3491
ALPHA 1.0349 MaxIteration 21997  TIMEOUT 0.150405
 85       1032       1032       1070      0.1504       1039        1039      0.0106        8.6691
ALPHA 1.0349 MaxIteration 22763  TIMEOUT 0.155656
 86       1032       1032       1070      0.1557       1039        1039      0.0011        8.9936
ALPHA 1.0349 MaxIteration 23556  TIMEOUT 0.161090
 87       1032       1032       1070      0.1611       1039        1039      0.0026        9.3361
ALPHA 1.0349 MaxIteration 24377  TIMEOUT 0.166714
 88       1036       1036       1055      0.1667       1039        1039      0.0028        9.6917
ALPHA 1.0349 MaxIteration 25226  TIMEOUT 0.172531
 89       1036       1036       1055      0.1725       1039        1039      0.0187       10.0530
ALPHA 1.0349 MaxIteration 26105  TIMEOUT 0.178551
 90       1036       1036       1055      0.1786       1039        1039      0.0151       10.4213
ALPHA 1.0349 MaxIteration 27014  TIMEOUT 0.184787
 91       1036       1036       1055      0.1848       1039        1039      0.0146       10.8030
ALPHA 1.0349 MaxIteration 27955  TIMEOUT 0.191233
 92       1036       1036       1055      0.1912       1039        1039      0.0034       11.1967
ALPHA 1.0349 MaxIteration 28929  TIMEOUT 0.197906
 93       1036       1036       1055      0.1979       1039        1039      0.0411       11.6378
ALPHA 1.0349 MaxIteration 29937  TIMEOUT 0.204812
 94       1036       1036       1055      0.2048       1039        1039      0.0205       12.0767
ALPHA 1.0349 MaxIteration 30980  TIMEOUT 0.211959
 95       1036       1036       1055      0.2120       1039        1039      0.0002       12.5229
ALPHA 1.0349 MaxIteration 32059  TIMEOUT 0.219354
 96       1036       1036       1055      0.2194       1039        1039      0.0045       12.9848
ALPHA 1.0349 MaxIteration 33176  TIMEOUT 0.227007
 97       1036       1036       1055      0.2270       1039        1039      0.0553       13.4791
ALPHA 1.0349 MaxIteration 34332  TIMEOUT 0.234925
 98       1036       1036       1055      0.2349       1039        1039      0.0023       20.0000
>>> T1_100_100_2.wclq |V| 100 |E| 100  (#LB 0.0088 1027 ---> 1036  0.0029  1039 <--- 1060  0.0198 #UB)  #read_time 0.0002  #reduce_time 0.0000  #solve_time 20.0000  #total_time 20.0002
 