>>IBM: |V|=150 |E|=2000
>>IBM: The maximum node weight is 1235
/public/home/acs4vb4pqv/benchmarks/MWDS2026/T2_wclq/T2_150_2000_1.wclq #seed 2 #alpha 1.900 #timeout 0.100 K=5 RHO=0.05 Q0=0.90 BETA=3.5 AQ_MODE=dbs SAFE_AQ_MIN_GAP=0.050 SAFE_AQ_MIN_NODES=800 AQ_SLOPE_MARGIN=1.05 AQ_MAX_UB_DRIFT=0.25 AQ_HEAVY_FRAC=0.20 AQ_HEAVY_ANTS=6
[v19] |V|=150 |E|=2000 density=13.33 USE_ADVANCED=0
#Rd        #LB        #LB*       #UB       #Time        #UB+        #UB*      #Time      #TotalTime
First Gap  0.188867
ALPHA 1.9000 MaxIteration 500  TIMEOUT 0.034038
  1        503        503        598      0.0340        598         598      0.0000      0.0672
ALPHA 1.9000 MaxIteration 3  TIMEOUT 0.000297
  2        488        503        704      0.0003        598         598      0.0000      0.0772
ALPHA 1.8304 MaxIteration 5  TIMEOUT 0.000686
  3        477        503        621      0.0007        598         598      0.0000      0.0872
ALPHA 1.7658 MaxIteration 9  TIMEOUT 0.001161
  4        467        503        601      0.0012        598         598      0.0000      0.0972
ALPHA 1.7056 MaxIteration 15  TIMEOUT 0.001081
  5        454        503        598      0.0011        598         598      0.0000      0.1072
ALPHA 1.6493 MaxIteration 25  TIMEOUT 0.002822
  6        473        503        598      0.0028        598         598      0.0000      0.1172
ALPHA 1.5966 MaxIteration 41  TIMEOUT 0.008797
  7        470        503        598      0.0088        598         598      0.0000      0.1272
ALPHA 1.5472 MaxIteration 65  TIMEOUT 0.005355
  8        469        503        598      0.0054        598         598      0.0000      0.1372
ALPHA 1.5008 MaxIteration 100  TIMEOUT 0.007855
  9        469        503        598      0.0079        598         598      0.0000      0.1472
ALPHA 1.4571 MaxIteration 150  TIMEOUT 0.019030
 10        482        503        598      0.0190        598         598      0.0000      0.1772
ALPHA 1.4158 MaxIteration 218  TIMEOUT 0.015069
 11        481        503        598      0.0151        598         598      0.0000      0.2072
ALPHA 1.3768 MaxIteration 308  TIMEOUT 0.035479
 12        476        503        598      0.0355        598         598      0.0000      0.2772
ALPHA 1.3399 MaxIteration 424  TIMEOUT 0.041301
 13        476        503        598      0.0413        598         598      0.0000      0.3572
ALPHA 1.3049 MaxIteration 568  TIMEOUT 0.066521
 14        476        503        598      0.0665        598         598      0.0000      0.4872
ALPHA 1.2718 MaxIteration 741  TIMEOUT 0.086507
 15        476        503        598      0.0865        598         598      0.0000      0.6572
ALPHA 1.2402 MaxIteration 942  TIMEOUT 0.103926
 16        476        503        598      0.1039        598         598      0.0000      0.8672
ALPHA 1.2102 MaxIteration 1168  TIMEOUT 0.128993
 17        482        503        598      0.1290        598         598      0.0000      1.1172
ALPHA 1.1816 MaxIteration 1413  TIMEOUT 0.157962
 18        482        503        598      0.1580        598         598      0.0000      1.4272
ALPHA 1.1543 MaxIteration 1669  TIMEOUT 0.181940
 19        482        503        598      0.1819        598         598      0.0000      1.7972
ALPHA 1.1283 MaxIteration 1926  TIMEOUT 0.208751
 20        482        503        598      0.2088        598         598      0.0000      2.2072
ALPHA 1.1034 MaxIteration 2173  TIMEOUT 0.235351
 21        482        503        598      0.2354        598         598      0.0000      2.6772
ALPHA 1.0795 MaxIteration 2397  TIMEOUT 0.350284
 22        496        503        598      0.3503        598         598      0.0000      3.3872
ALPHA 1.0567 MaxIteration 2587  TIMEOUT 0.312618
 23        487        503        598      0.3126        598         598      0.0000      4.0072
ALPHA 1.0349 MaxIteration 2733  TIMEOUT 0.307798
 24        486        503        598      0.3078        598         598      0.0000      4.6072
ALPHA 1.0349 MaxIteration 2828  TIMEOUT 0.352705
 25        482        503        598      0.3527        598         598      0.0000      5.3072
ALPHA 1.0349 MaxIteration 2926  TIMEOUT 0.314340
 26        476        503        598      0.3143        598         598      0.0000      5.9272
ALPHA 1.0349 MaxIteration 3027  TIMEOUT 0.190910
 27        464        503        598      0.1909        598         598      0.0000      6.3072
ALPHA 1.0349 MaxIteration 3132  TIMEOUT 0.329777
 28        482        503        598      0.3298        598         598      0.0000      6.9472
ALPHA 1.0349 MaxIteration 3241  TIMEOUT 0.351717
 29        479        503        598      0.3517        598         598      0.0000      7.6572
ALPHA 1.0349 MaxIteration 3353  TIMEOUT 0.359087
 30        482        503        598      0.3591        598         598      0.0000      8.3572
ALPHA 1.0349 MaxIteration 3469  TIMEOUT 0.383751
 31        476        503        598      0.3838        598         598      0.0000      9.1272
ALPHA 1.0349 MaxIteration 3589  TIMEOUT 0.449978
 32        482        503        598      0.4500        598         598      0.0000     10.0172
ALPHA 1.0349 MaxIteration 3714  TIMEOUT 0.372073
 33        484        503        598      0.3721        598         598      0.0000     10.7572
ALPHA 1.0349 MaxIteration 3843  TIMEOUT 0.413784
 34        476        503        598      0.4138        598         598      0.0000     11.5772
ALPHA 1.0349 MaxIteration 3976  TIMEOUT 0.422501
 35        476        503        598      0.4225        598         598      0.0000     12.4172
ALPHA 1.0349 MaxIteration 4114  TIMEOUT 0.587615
 36        482        503        598      0.5876        598         598      0.0000     13.5772
ALPHA 1.0349 MaxIteration 4257  TIMEOUT 0.456989
 37        482        503        598      0.4570        598         598      0.0000     14.4772
ALPHA 1.0349 MaxIteration 4405  TIMEOUT 0.476469
 38        482        503        598      0.4765        598         598      0.0000     15.4172
ALPHA 1.0349 MaxIteration 4558  TIMEOUT 0.514954
 39        482        503        598      0.5150        598         598      0.0000     16.4372
ALPHA 1.0349 MaxIteration 4716  TIMEOUT 0.570589
 40        478        503        598      0.5706        598         598      0.0000     17.5772
ALPHA 1.0349 MaxIteration 4880  TIMEOUT 0.546709
 41        491        503        598      0.5467        598         598      0.0000     18.6572
ALPHA 1.0349 MaxIteration 5050  TIMEOUT 0.533154
 42        482        503        598      0.5332        598         598      0.0000     19.7172
ALPHA 1.0349 MaxIteration 5226  TIMEOUT 0.282862
 43        469        503        598      0.2829>>> T2_150_2000_1.wclq |V| 150 |E| 2000  (#LB 0.0000 503 ---> 503  0.1889  598 <--- 598  0.0000 #UB)  #solve_ime 20.0000 read_time 0.0028 
