With  Parameters CUTOFF 20 SEED 102  ALPHA = 1.900  K=5 RHO=0.05 Q0=0.90 BETA=3.0 AQ_MODE=dbs
Reading  graph ...  time 0.000638  
Reducing graph ...  time 0.000050  
[v9] |V|=250 |E|=2000 density=8.00 USE_ADVANCED=0 SAFE_AQ_MIN_GAP=0.050 DEEP_AQ_RANGE=[800, 5.00, 10.00] structure_blocks_aq=1 AQ_SLOPE_MARGIN=1.15 AQ_MAX_UB_DRIFT=0.20 AQ_PROBE_FRAC=0.15 AQ_T1LIKE_FRAC=0.15
#Rd        #LB        #LB*       #UB       #Time        #UB+        #UB*      #Time      #TotalTime
First Gap  0.220339
  1       1003       1003       1224      0.0974 [AQ bandit arm] arm=4 gap=0.2203 density=8.00 |V|=250

 Switch to DBS-only search, timeout 0.097364....
 [Online-safe AQ structure guard] |V|=250 density=8.00 outside [800, 5.00, 10.00], disabling AQ
       1183        1183      0.0028        0.1948
ALPHA 1.9000 MaxIteration 3  TIMEOUT 0.097364
  2        984       1003       1366      0.0006       1233        1183      0.0004        0.1960
ALPHA 1.8304 MaxIteration 5  TIMEOUT 0.001056
  3        995       1003       1326      0.0006       1230        1183      0.0005        0.1972
ALPHA 1.7658 MaxIteration 9  TIMEOUT 0.001153
  4        978       1003       1362      0.0012       1189        1183      0.0005        0.1996
ALPHA 1.7056 MaxIteration 15  TIMEOUT 0.002039
  5       1011       1011       1395      0.0019       1189        1183      0.0018        0.2034
ALPHA 1.6493 MaxIteration 25  TIMEOUT 0.003268
  6       1011       1011       1323      0.0019       1194        1183      0.0007        0.2073
ALPHA 1.5966 MaxIteration 41  TIMEOUT 0.003178
  7       1009       1011       1342      0.0032       1183        1183      0.0003        0.2137
ALPHA 1.5472 MaxIteration 65  TIMEOUT 0.005108
  8       1010       1011       1226      0.0051       1183        1183      0.0006        0.2240
ALPHA 1.5008 MaxIteration 100  TIMEOUT 0.007967
  9       1023       1023       1226      0.0080       1183        1183      0.0078        0.2399
ALPHA 1.4571 MaxIteration 150  TIMEOUT 0.011967
 10       1023       1023       1226      0.0107       1191        1183      0.0015        0.2612
ALPHA 1.4158 MaxIteration 218  TIMEOUT 0.015519
 11       1026       1026       1265      0.0156       1183        1183      0.0055        0.2924
ALPHA 1.3768 MaxIteration 308  TIMEOUT 0.022045
 12       1051       1051       1273      0.0221       1183        1183      0.0070        0.3366
ALPHA 1.3399 MaxIteration 424  TIMEOUT 0.030430
 13       1051       1051       1273      0.0305       1189        1183      0.0038        0.3975
ALPHA 1.3049 MaxIteration 568  TIMEOUT 0.040802
 14       1051       1051       1291      0.0403       1183        1183      0.0246        0.4782
ALPHA 1.2718 MaxIteration 741  TIMEOUT 0.052595
 15       1051       1051       1291      0.0512       1183        1183      0.0023        0.5815
ALPHA 1.2402 MaxIteration 942  TIMEOUT 0.065053
 16       1051       1051       1267      0.0630       1183        1183      0.0011        0.7095
ALPHA 1.2102 MaxIteration 1168  TIMEOUT 0.078138
 17       1051       1051       1262      0.0782       1183        1183      0.0007        0.8669
ALPHA 1.1816 MaxIteration 1413  TIMEOUT 0.094615
 18       1051       1051       1262      0.0946       1183        1183      0.0054        1.0562
ALPHA 1.1543 MaxIteration 1669  TIMEOUT 0.111821
 19       1051       1051       1262      0.1097       1189        1183      0.0286        1.3316
ALPHA 1.1283 MaxIteration 1926  TIMEOUT 0.126584
 20       1051       1051       1226      0.1267       1183        1183      0.0177        1.5869
ALPHA 1.1034 MaxIteration 2173  TIMEOUT 0.142902
 21       1051       1051       1226      0.1430       1183        1183      0.0015        1.8749
ALPHA 1.0795 MaxIteration 2397  TIMEOUT 0.157751
 22       1051       1051       1226      0.1578       1183        1183      0.0092        2.1925
ALPHA 1.0567 MaxIteration 2587  TIMEOUT 0.170350
 23       1051       1051       1226      0.1704       1183        1183      0.0034        2.5344
ALPHA 1.0349 MaxIteration 2733  TIMEOUT 0.180060
 24       1051       1051       1226      0.1801       1183        1183      0.0393        2.8967
ALPHA 1.0349 MaxIteration 2828  TIMEOUT 0.186403
 25       1051       1051       1226      0.1864       1183        1183      0.0936        3.2697
ALPHA 1.0349 MaxIteration 2926  TIMEOUT 0.192933
 26       1051       1051       1226      0.1930       1183        1183      0.0256        3.6566
ALPHA 1.0349 MaxIteration 3027  TIMEOUT 0.199678
 27       1051       1051       1226      0.1997       1183        1183      0.0004        4.0560
ALPHA 1.0349 MaxIteration 3132  TIMEOUT 0.206652
 28       1051       1051       1226      0.2067       1183        1183      0.0080        4.4715
ALPHA 1.0349 MaxIteration 3241  TIMEOUT 0.213926
 29       1051       1051       1226      0.2140       1183        1183      0.0126        4.9041
ALPHA 1.0349 MaxIteration 3353  TIMEOUT 0.221445
 30       1051       1051       1226      0.2215       1183        1183      0.0034        5.3481
ALPHA 1.0349 MaxIteration 3469  TIMEOUT 0.229192
 31       1051       1051       1226      0.2292       1183        1183      0.0079        5.8086
ALPHA 1.0349 MaxIteration 3589  TIMEOUT 0.237226
 32       1051       1051       1226      0.2373       1183        1183      0.0040        6.2852
ALPHA 1.0349 MaxIteration 3714  TIMEOUT 0.245546
 33       1051       1051       1226      0.2456       1183        1183      0.0052        6.7784
ALPHA 1.0349 MaxIteration 3843  TIMEOUT 0.254145
 34       1051       1051       1226      0.2542       1183        1183      0.0034        7.2879
ALPHA 1.0349 MaxIteration 3976  TIMEOUT 0.263059
 35       1051       1051       1226      0.2631       1183        1183      0.0036        7.8194
ALPHA 1.0349 MaxIteration 4114  TIMEOUT 0.272232
 36       1051       1051       1226      0.2723       1183        1183      0.0124        8.5431
ALPHA 1.0349 MaxIteration 4257  TIMEOUT 0.281763
 37       1051       1051       1226      0.2818       1183        1183      0.0210        9.2286
ALPHA 1.0349 MaxIteration 4405  TIMEOUT 0.291645
 38       1051       1051       1226      0.2917       1183        1183      0.0045        9.9461
ALPHA 1.0349 MaxIteration 4558  TIMEOUT 0.301823
 39       1051       1051       1226      0.2956       1183        1183      0.0017       10.6553
ALPHA 1.0349 MaxIteration 4716  TIMEOUT 0.305866
 40       1051       1051       1226      0.3059       1183        1183      0.0018       11.4141
ALPHA 1.0349 MaxIteration 4880  TIMEOUT 0.316537
 41       1051       1051       1226      0.3166       1183        1183      0.0021       12.1532
ALPHA 1.0349 MaxIteration 5050  TIMEOUT 0.327590
 42       1051       1051       1226      0.3277       1183        1183      0.0270       12.9646
ALPHA 1.0349 MaxIteration 5226  TIMEOUT 0.339072
 43       1051       1051       1226      0.3391       1183        1183      0.0029       19.9998
>>> T2_250_2000_3.wclq |V| 250 |E| 2000  (#LB 0.0479 1003 ---> 1051  0.1116  1183 <--- 1224  0.0335 #UB)  #read_time 0.0006  #reduce_time 0.0001  #solve_time 19.9999  #total_time 20.0005
 