>>IBM: |V|=200 |E|=2000
>>IBM: The maximum node weight is 49
/public/home/acs4vb4pqv/benchmarks/MWDS2026/T1_wclq/T1_200_2000_8.wclq #seed 101 #alpha 1.900 #timeout 0.100 K=5 RHO=0.05 Q0=0.90 BETA=3.5 AQ_MODE=dbs SAFE_AQ_MIN_GAP=0.050 SAFE_AQ_MIN_NODES=800 AQ_SLOPE_MARGIN=1.05 AQ_MAX_UB_DRIFT=0.25 AQ_HEAVY_FRAC=0.20 AQ_HEAVY_ANTS=6
[v19] |V|=200 |E|=2000 density=10.00 USE_ADVANCED=0
#Rd        #LB        #LB*       #UB       #Time        #UB+        #UB*      #Time      #TotalTime
First Gap  1.328283
ALPHA 1.9000 MaxIteration 500  TIMEOUT 0.039954
  1        198        198        461      0.0400        416         416      0.0000      0.0800
ALPHA 1.9000 MaxIteration 3  TIMEOUT 0.000330
  2        191        198        562      0.0003        416         416      0.0000      0.0900
ALPHA 1.8304 MaxIteration 5  TIMEOUT 0.000714
  3        179        198        506      0.0007        416         416      0.0000      0.1000
ALPHA 1.7658 MaxIteration 9  TIMEOUT 0.001028
  4        184        198        488      0.0010        416         416      0.0000      0.1100
ALPHA 1.7056 MaxIteration 15  TIMEOUT 0.002352
  5        180        198        507      0.0024        420         416      0.0000      0.1200
ALPHA 1.6493 MaxIteration 25  TIMEOUT 0.002489
  6        175        198        485      0.0025        428         416      0.0000      0.1300
ALPHA 1.5966 MaxIteration 41  TIMEOUT 0.003691
  7        178        198        457      0.0037        416         416      0.0000      0.1400
ALPHA 1.5472 MaxIteration 65  TIMEOUT 0.009282
  8        181        198        480      0.0093        440         416      0.0000      0.1500
ALPHA 1.5008 MaxIteration 100  TIMEOUT 0.016276
  9        196        198        477      0.0163        419         416      0.0100      0.1800
ALPHA 1.4571 MaxIteration 150  TIMEOUT 0.018413
 10        177        198        473      0.0184        416         416      0.0100      0.2100
ALPHA 1.4158 MaxIteration 218  TIMEOUT 0.031343
 11        181        198        472      0.0313        416         416      0.0200      0.2800
ALPHA 1.3768 MaxIteration 308  TIMEOUT 0.051102
 12        187        198        469      0.0511        416         416      0.0300      0.3900
ALPHA 1.3399 MaxIteration 424  TIMEOUT 0.054516
 13        185        198        450      0.0545        416         416      0.0100      0.4900
ALPHA 1.3049 MaxIteration 568  TIMEOUT 0.056585
 14        177        198        450      0.0566        416         416      0.0100      0.6000
ALPHA 1.2718 MaxIteration 741  TIMEOUT 0.063543
 15        178        198        450      0.0635        416         416      0.0000      0.7300
ALPHA 1.2402 MaxIteration 942  TIMEOUT 0.083412
 16        186        198        450      0.0834        416         416      0.0000      0.9000
ALPHA 1.2102 MaxIteration 1168  TIMEOUT 0.109266
 17        178        198        450      0.1093        416         416      0.0100      1.1100
ALPHA 1.1816 MaxIteration 1413  TIMEOUT 0.125671
 18        183        198        450      0.1257        416         416      0.0100      1.3500
ALPHA 1.1543 MaxIteration 1669  TIMEOUT 0.135414
 19        184        198        450      0.1354        416         416      0.0100      1.6200
ALPHA 1.1283 MaxIteration 1926  TIMEOUT 0.158261
 20        190        198        464      0.1583        416         416      0.0300      1.9200
ALPHA 1.1034 MaxIteration 2173  TIMEOUT 0.172316
 21        177        198        453      0.1723        416         416      0.0000      2.2700
ALPHA 1.0795 MaxIteration 2397  TIMEOUT 0.199867
 22        189        198        450      0.1999        416         416      0.0100      2.6600
ALPHA 1.0567 MaxIteration 2587  TIMEOUT 0.213991
 23        192        198        450      0.2140        416         416      0.0000      3.0800
ALPHA 1.0349 MaxIteration 2733  TIMEOUT 0.217730
 24        182        198        461      0.2177        416         416      0.0100      3.5100
ALPHA 1.0349 MaxIteration 2828  TIMEOUT 0.473190
 25        193        198        450      0.4732        416         416      0.1400      4.4400
ALPHA 1.0349 MaxIteration 2926  TIMEOUT 0.441453
 26        179        198        450      0.4415        416         416      0.0500      5.3100
ALPHA 1.0349 MaxIteration 3027  TIMEOUT 0.243153
 27        187        198        450      0.2432        416         416      0.0000      5.7900
ALPHA 1.0349 MaxIteration 3132  TIMEOUT 0.250386
 28        186        198        450      0.2504        416         416      0.0000      6.3000
ALPHA 1.0349 MaxIteration 3241  TIMEOUT 0.493271
 29        179        198        450      0.4933        416         416      0.0000      7.2700
ALPHA 1.0349 MaxIteration 3353  TIMEOUT 0.591050
 30        183        198        450      0.5911        416         416      0.0000      8.4500
ALPHA 1.0349 MaxIteration 3469  TIMEOUT 0.280125
 31        178        198        450      0.2801        416         416      0.0000      9.0200
ALPHA 1.0349 MaxIteration 3589  TIMEOUT 0.285289
 32        187        198        450      0.2853        416         416      0.0600      9.5900
ALPHA 1.0349 MaxIteration 3714  TIMEOUT 0.323538
 33        178        198        450      0.3235        416         416      0.0000     10.2200
ALPHA 1.0349 MaxIteration 3843  TIMEOUT 0.303957
 34        183        198        453      0.3040        416         416      0.0000     10.8200
ALPHA 1.0349 MaxIteration 3976  TIMEOUT 0.580006
 35        178        198        450      0.5800        416         416      0.0000     11.9800
ALPHA 1.0349 MaxIteration 4114  TIMEOUT 0.412136
 36        178        198        450      0.4121        416         416      0.0000     12.8000
ALPHA 1.0349 MaxIteration 4257  TIMEOUT 0.335796
 37        179        198        450      0.3358        416         416      0.1300     13.4700
ALPHA 1.0349 MaxIteration 4405  TIMEOUT 0.835107
 38        183        198        450      0.8351        416         416      0.0100     15.1100
ALPHA 1.0349 MaxIteration 4558  TIMEOUT 0.357659
 39        178        198        453      0.3577        416         416      0.0000     15.8100
ALPHA 1.0349 MaxIteration 4716  TIMEOUT 0.475316
 40        178        198        450      0.4753        416         416      0.0500     16.7500
ALPHA 1.0349 MaxIteration 4880  TIMEOUT 0.392269
 41        194        198        450      0.3923        416         416      0.0000     17.5200
ALPHA 1.0349 MaxIteration 5050  TIMEOUT 0.990001
 42        183        198        450      0.9900        416         416      0.0000     19.4900
ALPHA 1.0349 MaxIteration 5226  TIMEOUT 0.509996
 43        179        198        450      0.5100>>> T1_200_2000_8.wclq |V| 200 |E| 2000  (#LB 0.0000 198 ---> 198  1.1010  416 <--- 461  0.0976 #UB)  #solve_ime 20.0000 read_time 0.0000 
