>>IBM: |V|=250 |E|=2000
>>IBM: The maximum node weight is 682
/public/home/acs4vb4pqv/benchmarks/MWDS2026/T2_wclq/T2_250_2000_3.wclq #seed 3 #alpha 1.900 #timeout 0.100 K=5 RHO=0.05 Q0=0.90 BETA=3.5 AQ_MODE=guarded SAFE_AQ_MIN_GAP=0.050 SAFE_AQ_MIN_NODES=800 AQ_SLOPE_MARGIN=1.05 AQ_MAX_UB_DRIFT=0.25 AQ_HEAVY_FRAC=0.20 AQ_HEAVY_ANTS=6
[v19] |V|=250 |E|=2000 density=8.00 USE_ADVANCED=0
#Rd        #LB        #LB*       #UB       #Time        #UB+        #UB*      #Time      #TotalTime
First Gap  0.220339
ALPHA 1.9000 MaxIteration 500  TIMEOUT 0.098690
  1       1003       1003       1224      0.0987
 [AQ bandit arm] arm=1 gap=0.2203 density=8.00 |V|=250

 [AQ small-headroom probe] gap=0.2203 density=8.00 |V|=250 => Light RL (K=3, 5.0%)
ALPHA 1.9000 MaxIteration 3  TIMEOUT 0.001384
  2        933       1003       1435      0.0014ALPHA 1.8304 MaxIteration 5  TIMEOUT 0.003931
  3        951       1003       1302      0.0039 [AQ guard] no early LB gain, disabling AQ
       1191        1191      0.0000      0.1078
ALPHA 1.7658 MaxIteration 9  TIMEOUT 0.000874
  4        883       1003       1304      0.0009       1183        1183      0.0000      0.1178
ALPHA 1.7056 MaxIteration 15  TIMEOUT 0.003523
  5        946       1003       1260      0.0035       1189        1183      0.0000      0.1278
ALPHA 1.6493 MaxIteration 25  TIMEOUT 0.004823
  6        914       1003       1344      0.0048       1189        1183      0.0000      0.1379
ALPHA 1.5966 MaxIteration 41  TIMEOUT 0.005878
  7        925       1003       1299      0.0059       1189        1183      0.0000      0.1478
ALPHA 1.5472 MaxIteration 65  TIMEOUT 0.008350
  8        938       1003       1234      0.0083       1191        1183      0.0000      0.1578
ALPHA 1.5008 MaxIteration 100  TIMEOUT 0.011501
  9        926       1003       1285      0.0115       1183        1183      0.0000      0.1878
ALPHA 1.4571 MaxIteration 150  TIMEOUT 0.023243
 10        935       1003       1251      0.0232       1183        1183      0.0100      0.2378
ALPHA 1.4158 MaxIteration 218  TIMEOUT 0.024343
 11        928       1003       1281      0.0243       1183        1183      0.0100      0.2878
ALPHA 1.3768 MaxIteration 308  TIMEOUT 0.041312
 12        942       1003       1255      0.0413       1183        1183      0.0400      0.3778
ALPHA 1.3399 MaxIteration 424  TIMEOUT 0.041357
 13        930       1003       1250      0.0414       1183        1183      0.0200      0.4678
ALPHA 1.3049 MaxIteration 568  TIMEOUT 0.056125
 14        930       1003       1259      0.0561       1183        1183      0.0100      0.5778
ALPHA 1.2718 MaxIteration 741  TIMEOUT 0.095038
 15        942       1003       1290      0.0950       1183        1183      0.0400      0.7678
ALPHA 1.2402 MaxIteration 942  TIMEOUT 0.105295
 16        935       1003       1267      0.1053       1183        1183      0.0400      0.9678
ALPHA 1.2102 MaxIteration 1168  TIMEOUT 0.122825
 17        929       1003       1291      0.1228       1183        1183      0.0000      1.2178
ALPHA 1.1816 MaxIteration 1413  TIMEOUT 0.148239
 18        938       1003       1266      0.1482       1183        1183      0.0200      1.4978
ALPHA 1.1543 MaxIteration 1669  TIMEOUT 0.146408
 19        933       1003       1291      0.1464       1183        1183      0.0000      1.7878
ALPHA 1.1283 MaxIteration 1926  TIMEOUT 0.187508
 20        935       1003       1254      0.1875       1183        1183      0.0100      2.1478
ALPHA 1.1034 MaxIteration 2173  TIMEOUT 0.170148
 21        927       1003       1290      0.1701       1183        1183      0.0000      2.4878
ALPHA 1.0795 MaxIteration 2397  TIMEOUT 0.309005
 22        936       1003       1286      0.3090       1183        1183      0.0100      3.0953
ALPHA 1.0567 MaxIteration 2587  TIMEOUT 0.224242
 23        936       1003       1250      0.2242       1183        1183      0.1400      3.5478
ALPHA 1.0349 MaxIteration 2733  TIMEOUT 0.302346
 24        939       1003       1235      0.3023       1183        1183      0.0000      4.1478
ALPHA 1.0349 MaxIteration 2828  TIMEOUT 0.257518
 25        935       1003       1285      0.2575       1183        1183      0.1200      4.6478
ALPHA 1.0349 MaxIteration 2926  TIMEOUT 0.374711
 26        938       1003       1249      0.3747       1183        1183      0.0100      5.3778
ALPHA 1.0349 MaxIteration 3027  TIMEOUT 0.669573
 27        941       1003       1262      0.6696       1183        1183      0.0100      6.6778
ALPHA 1.0349 MaxIteration 3132  TIMEOUT 0.309964
 28        936       1003       1273      0.3100       1183        1183      0.0200      7.2978
ALPHA 1.0349 MaxIteration 3241  TIMEOUT 0.270940
 29        932       1003       1262      0.2709       1183        1183      0.0200      7.8378
ALPHA 1.0349 MaxIteration 3353  TIMEOUT 0.474813
 30        946       1003       1242      0.4748       1183        1183      0.2000      8.7578
ALPHA 1.0349 MaxIteration 3469  TIMEOUT 0.360603
 31        937       1003       1248      0.3606       1183        1183      0.0000      9.4778
ALPHA 1.0349 MaxIteration 3589  TIMEOUT 0.738579
 32        946       1003       1242      0.7386       1183        1183      0.0100     10.9178
ALPHA 1.0349 MaxIteration 3714  TIMEOUT 0.788400
 33        941       1003       1235      0.7884       1183        1183      0.0300     12.4678
ALPHA 1.0349 MaxIteration 3843  TIMEOUT 0.426600
 34        936       1003       1285      0.4266       1183        1183      0.0400     13.3078
ALPHA 1.0349 MaxIteration 3976  TIMEOUT 0.334233
 35        926       1003       1266      0.3342       1183        1183      0.0000     13.9678
ALPHA 1.0349 MaxIteration 4114  TIMEOUT 0.404246
 36        935       1003       1250      0.4042       1183        1183      0.0000     14.7578
ALPHA 1.0349 MaxIteration 4257  TIMEOUT 0.339663
 37        936       1003       1264      0.3397       1183        1183      0.0100     15.4178
ALPHA 1.0349 MaxIteration 4405  TIMEOUT 0.711371
 38        943       1003       1256      0.7114       1183        1183      0.0100     16.8278
ALPHA 1.0349 MaxIteration 4558  TIMEOUT 0.353822
 39        935       1003       1262      0.3538       1183        1183      0.0700     17.5278
ALPHA 1.0349 MaxIteration 4716  TIMEOUT 0.523632
 40        935       1003       1236      0.5236       1183        1183      0.0200     18.5678
ALPHA 1.0349 MaxIteration 4880  TIMEOUT 0.536006
 41        941       1003       1250      0.5360       1183        1183      0.0000     19.6178
ALPHA 1.0349 MaxIteration 5050  TIMEOUT 0.382184
 42        935       1003       1267      0.3822>>> T2_250_2000_3.wclq |V| 250 |E| 2000  (#LB 0.0000 1003 ---> 1003  0.1795  1183 <--- 1224  0.0335 #UB)  #solve_ime 20.0000 read_time 0.0022 
