>>IBM: |V|=50 |E|=1000
>>IBM: The maximum node weight is 49
/public/home/acs4vb4pqv/benchmarks/MWDS2026/T1_wclq/T1_50_1000_0.wclq #seed 1 #alpha 1.900 #timeout 0.100 K=5 RHO=0.05 Q0=0.90 BETA=3.5 AQ_MODE=dbs SAFE_AQ_MIN_GAP=0.050 SAFE_AQ_MIN_NODES=800 AQ_SLOPE_MARGIN=1.05 AQ_MAX_UB_DRIFT=0.25 AQ_HEAVY_FRAC=0.20 AQ_HEAVY_ANTS=6
[v19] |V|=50 |E|=1000 density=20.00 USE_ADVANCED=0
#Rd        #LB        #LB*       #UB       #Time        #UB+        #UB*      #Time      #TotalTime
First Gap  0.428571
ALPHA 1.9000 MaxIteration 500  TIMEOUT 0.003546
  1         28         28         40      0.0035         40          40      0.0000      0.0090
ALPHA 1.9000 MaxIteration 3  TIMEOUT 0.000047
  2         25         28         40      0.0000         40          40      0.0000      0.0190
ALPHA 1.8304 MaxIteration 5  TIMEOUT 0.000064
  3         25         28         62      0.0001         40          40      0.0000      0.0290
ALPHA 1.7658 MaxIteration 9  TIMEOUT 0.000086
  4         25         28         62      0.0001         40          40      0.0000      0.0390
ALPHA 1.7056 MaxIteration 15  TIMEOUT 0.000143
  5         25         28         62      0.0001         40          40      0.0000      0.0490
ALPHA 1.6493 MaxIteration 25  TIMEOUT 0.000203
  6         25         28         62      0.0002         40          40      0.0000      0.0590
ALPHA 1.5966 MaxIteration 41  TIMEOUT 0.000312
  7         25         28         62      0.0003         40          40      0.0000      0.0690
ALPHA 1.5472 MaxIteration 65  TIMEOUT 0.000470
  8         25         28         62      0.0005         40          40      0.0000      0.0790
ALPHA 1.5008 MaxIteration 100  TIMEOUT 0.000713
  9         25         28         62      0.0007         40          40      0.0000      0.0890
ALPHA 1.4571 MaxIteration 150  TIMEOUT 0.001057
 10         25         28         62      0.0011         40          40      0.0000      0.0991
ALPHA 1.4158 MaxIteration 218  TIMEOUT 0.001560
 11         25         28         62      0.0016         40          40      0.0000      0.1090
ALPHA 1.3768 MaxIteration 308  TIMEOUT 0.002233
 12         25         28         62      0.0022         40          40      0.0000      0.1190
ALPHA 1.3399 MaxIteration 424  TIMEOUT 0.003111
 13         25         28         62      0.0031         40          40      0.0000      0.1290
ALPHA 1.3049 MaxIteration 568  TIMEOUT 0.003942
 14         25         28         62      0.0039         40          40      0.0000      0.1390
ALPHA 1.2718 MaxIteration 741  TIMEOUT 0.005124
 15         25         28         62      0.0051         40          40      0.0000      0.1490
ALPHA 1.2402 MaxIteration 942  TIMEOUT 0.006558
 16         25         28         62      0.0066         40          40      0.0000      0.1591
ALPHA 1.2102 MaxIteration 1168  TIMEOUT 0.008060
 17         25         28         62      0.0081         40          40      0.0000      0.1690
ALPHA 1.1816 MaxIteration 1413  TIMEOUT 0.009796
 18         25         28         62      0.0098         40          40      0.0000      0.1790
ALPHA 1.1543 MaxIteration 1669  TIMEOUT 0.011285
 19         25         28         62      0.0113         40          40      0.0000      0.2090
ALPHA 1.1283 MaxIteration 1926  TIMEOUT 0.013309
 20         25         28         62      0.0133         40          40      0.0000      0.2390
ALPHA 1.1034 MaxIteration 2173  TIMEOUT 0.015030
 21         25         28         62      0.0150         40          40      0.0000      0.2591
ALPHA 1.0795 MaxIteration 2397  TIMEOUT 0.016795
 22         25         28         62      0.0168         40          40      0.0000      0.2891
ALPHA 1.0567 MaxIteration 2587  TIMEOUT 0.016825
 23         25         28         62      0.0168         40          40      0.0000      0.3190
ALPHA 1.0349 MaxIteration 2733  TIMEOUT 0.018705
 24         25         28         62      0.0187         40          40      0.0000      0.3490
ALPHA 1.0349 MaxIteration 2828  TIMEOUT 0.018582
 25         25         28         62      0.0186         40          40      0.0000      0.3790
ALPHA 1.0349 MaxIteration 2926  TIMEOUT 0.019965
 26         25         28         62      0.0200         40          40      0.0000      0.4191
ALPHA 1.0349 MaxIteration 3027  TIMEOUT 0.020947
 27         25         28         62      0.0209         40          40      0.0000      0.4690
ALPHA 1.0349 MaxIteration 3132  TIMEOUT 0.021541
 28         25         28         62      0.0215         40          40      0.0000      0.5190
ALPHA 1.0349 MaxIteration 3241  TIMEOUT 0.021292
 29         25         28         62      0.0213         40          40      0.0000      0.5690
ALPHA 1.0349 MaxIteration 3353  TIMEOUT 0.023050
 30         25         28         62      0.0231         40          40      0.0000      0.6190
ALPHA 1.0349 MaxIteration 3469  TIMEOUT 0.023535
 31         25         28         62      0.0235         40          40      0.0000      0.6690
ALPHA 1.0349 MaxIteration 3589  TIMEOUT 0.024007
 32         25         28         62      0.0240         40          40      0.0000      0.7191
ALPHA 1.0349 MaxIteration 3714  TIMEOUT 0.024398
 33         25         28         62      0.0244         40          40      0.0000      0.7690
ALPHA 1.0349 MaxIteration 3843  TIMEOUT 0.024076
 34         25         28         62      0.0241         40          40      0.0000      0.8190
ALPHA 1.0349 MaxIteration 3976  TIMEOUT 0.026038
 35         25         28         62      0.0260         40          40      0.0000      0.8690
ALPHA 1.0349 MaxIteration 4114  TIMEOUT 0.027514
 36         25         28         62      0.0275         40          40      0.0000      0.9190
ALPHA 1.0349 MaxIteration 4257  TIMEOUT 0.028212
 37         25         28         62      0.0282         40          40      0.0000      0.9690
ALPHA 1.0349 MaxIteration 4405  TIMEOUT 0.030127
 38         25         28         62      0.0301         40          40      0.0000      1.0391
ALPHA 1.0349 MaxIteration 4558  TIMEOUT 0.028678
 39         25         28         62      0.0287         40          40      0.0000      1.0890
ALPHA 1.0349 MaxIteration 4716  TIMEOUT 0.032701
 40         25         28         62      0.0327         40          40      0.0000      1.1591
ALPHA 1.0349 MaxIteration 4880  TIMEOUT 0.035522
 41         25         28         62      0.0355         40          40      0.0000      1.2290
ALPHA 1.0349 MaxIteration 5050  TIMEOUT 0.034762
 42         25         28         62      0.0348         40          40      0.0000      1.2990
ALPHA 1.0349 MaxIteration 5226  TIMEOUT 0.035311
 43         25         28         62      0.0353         40          40      0.0000      1.3690
ALPHA 1.0349 MaxIteration 5408  TIMEOUT 0.036693
 44         25         28         62      0.0367         40          40      0.0000      1.4390
ALPHA 1.0349 MaxIteration 5596  TIMEOUT 0.039847
 45         25         28         62      0.0398         40          40      0.0000      1.5090
ALPHA 1.0349 MaxIteration 5791  TIMEOUT 0.040383
 46         25         28         62      0.0404         40          40      0.0000      1.5990
ALPHA 1.0349 MaxIteration 5992  TIMEOUT 0.042503
 47         25         28         62      0.0425         40          40      0.0000      1.6890
ALPHA 1.0349 MaxIteration 6200  TIMEOUT 0.044550
 48         25         28         62      0.0446         40          40      0.0000      1.7790
ALPHA 1.0349 MaxIteration 6416  TIMEOUT 0.043831
 49         25         28         62      0.0438         40          40      0.0000      1.8690
ALPHA 1.0349 MaxIteration 6639  TIMEOUT 0.044462
 50         25         28         62      0.0445         40          40      0.0000      1.9590
ALPHA 1.0349 MaxIteration 6870  TIMEOUT 0.047556
 51         25         28         62      0.0476         40          40      0.0000      2.0490
ALPHA 1.0349 MaxIteration 7109  TIMEOUT 0.047461
 52         25         28         62      0.0475         40          40      0.0000      2.1391
ALPHA 1.0349 MaxIteration 7356  TIMEOUT 0.049374
 53         25         28         62      0.0494         40          40      0.0000      2.2290
ALPHA 1.0349 MaxIteration 7612  TIMEOUT 0.050072
 54         25         28         62      0.0501         40          40      0.0000      2.3390
ALPHA 1.0349 MaxIteration 7877  TIMEOUT 0.050361
 55         25         28         62      0.0504         40          40      0.0000      2.4490
ALPHA 1.0349 MaxIteration 8151  TIMEOUT 0.053333
 56         25         28         62      0.0533         40          40      0.0000      2.5590
ALPHA 1.0349 MaxIteration 8435  TIMEOUT 0.058349
 57         25         28         62      0.0583         40          40      0.0000      2.6590
ALPHA 1.0349 MaxIteration 8729  TIMEOUT 0.060957
 58         25         28         62      0.0610         40          40      0.0000      2.7890
ALPHA 1.0349 MaxIteration 9033  TIMEOUT 0.063193
 59         25         28         62      0.0632         40          40      0.0000      2.9190
ALPHA 1.0349 MaxIteration 9347  TIMEOUT 0.063371
 60         25         28         62      0.0634         40          40      0.0000      3.0490
ALPHA 1.0349 MaxIteration 9672  TIMEOUT 0.067291
 61         25         28         62      0.0673         40          40      0.0000      3.1790
ALPHA 1.0349 MaxIteration 10009  TIMEOUT 0.068284
 62         25         28         62      0.0683         40          40      0.0000      3.3090
ALPHA 1.0349 MaxIteration 10357  TIMEOUT 0.071721
 63         25         28         62      0.0717         40          40      0.0000      3.4590
ALPHA 1.0349 MaxIteration 10718  TIMEOUT 0.076491
 64         25         28         62      0.0765         40          40      0.0000      3.6090
ALPHA 1.0349 MaxIteration 11091  TIMEOUT 0.078526
 65         25         28         62      0.0785         40          40      0.0000      3.7590
ALPHA 1.0349 MaxIteration 11477  TIMEOUT 0.074191
 66         25         28         62      0.0742         40          40      0.0000      3.9090
ALPHA 1.0349 MaxIteration 11877  TIMEOUT 0.079222
 67         25         28         62      0.0792         40          40      0.0000      4.0590
ALPHA 1.0349 MaxIteration 12291  TIMEOUT 0.084406
 68         25         28         62      0.0844         40          40      0.0000      4.2290
ALPHA 1.0349 MaxIteration 12719  TIMEOUT 0.088298
 69         25         28         62      0.0883         40          40      0.0000      4.3990
ALPHA 1.0349 MaxIteration 13162  TIMEOUT 0.086975
 70         25         28         62      0.0870         40          40      0.0000      4.5690
ALPHA 1.0349 MaxIteration 13620  TIMEOUT 0.093377
 71         25         28         62      0.0934         40          40      0.0000      4.7591
ALPHA 1.0349 MaxIteration 14094  TIMEOUT 0.099440
 72         25         28         62      0.0994         40          40      0.0000      4.9402
ALPHA 1.0349 MaxIteration 14585  TIMEOUT 0.102681
 73         25         28         62      0.1027         40          40      0.0000      5.1490
ALPHA 1.0349 MaxIteration 15093  TIMEOUT 0.102876
 74         25         28         62      0.1029         40          40      0.0000      5.3590
ALPHA 1.0349 MaxIteration 15619  TIMEOUT 0.107306
 75         25         28         62      0.1073         40          40      0.0000      5.5691
ALPHA 1.0349 MaxIteration 16163  TIMEOUT 0.111721
 76         25         28         62      0.1117         40          40      0.0000      5.7990
ALPHA 1.0349 MaxIteration 16726  TIMEOUT 0.117473
 77         25         28         62      0.1175         40          40      0.0000      6.0290
ALPHA 1.0349 MaxIteration 17309  TIMEOUT 0.118049
 78         25         28         62      0.1180         40          40      0.0000      6.2590
ALPHA 1.0349 MaxIteration 17912  TIMEOUT 0.123734
 79         25         28         62      0.1237         40          40      0.0000      6.5090
ALPHA 1.0349 MaxIteration 18536  TIMEOUT 0.131005
 80         25         28         62      0.1310         40          40      0.0000      6.7790
ALPHA 1.0349 MaxIteration 19182  TIMEOUT 0.132581
 81         25         28         62      0.1326         40          40      0.0000      7.0391
ALPHA 1.0349 MaxIteration 19850  TIMEOUT 0.131066
 82         25         28         62      0.1311         40          40      0.0000      7.2990
ALPHA 1.0349 MaxIteration 20541  TIMEOUT 0.137597
 83         25         28         62      0.1376         40          40      0.0000      7.5690
ALPHA 1.0349 MaxIteration 21257  TIMEOUT 0.137668
 84         25         28         62      0.1377         40          40      0.0000      7.8390
ALPHA 1.0349 MaxIteration 21997  TIMEOUT 0.148861
 85         25         28         62      0.1489         40          40      0.0000      8.1290
ALPHA 1.0349 MaxIteration 22763  TIMEOUT 0.159894
 86         25         28         62      0.1599         40          40      0.0000      8.4390
ALPHA 1.0349 MaxIteration 23556  TIMEOUT 0.161892
 87         25         28         62      0.1619         40          40      0.0000      8.7690
ALPHA 1.0349 MaxIteration 24377  TIMEOUT 0.165760
 88         25         28         62      0.1658         40          40      0.0000      9.0990
ALPHA 1.0349 MaxIteration 25226  TIMEOUT 0.173569
 89         25         28         62      0.1736         40          40      0.0000      9.4490
ALPHA 1.0349 MaxIteration 26105  TIMEOUT 0.179935
 90         25         28         62      0.1799         40          40      0.0000      9.8091
ALPHA 1.0349 MaxIteration 27014  TIMEOUT 0.185757
 91         25         28         62      0.1858         40          40      0.0000     10.1790
ALPHA 1.0349 MaxIteration 27955  TIMEOUT 0.195767
 92         25         28         62      0.1958         40          40      0.0000     10.5690
ALPHA 1.0349 MaxIteration 28929  TIMEOUT 0.204533
 93         25         28         62      0.2045         40          40      0.0000     10.9691
ALPHA 1.0349 MaxIteration 29937  TIMEOUT 0.208619
 94         25         28         62      0.2086         40          40      0.0000     11.3790
ALPHA 1.0349 MaxIteration 30980  TIMEOUT 0.212721
 95         25         28         62      0.2127         40          40      0.0000     11.7990
ALPHA 1.0349 MaxIteration 32059  TIMEOUT 0.223693
 96         25         28         62      0.2237         40          40      0.0000     12.2390
ALPHA 1.0349 MaxIteration 33176  TIMEOUT 0.232780
 97         25         28         62      0.2328         40          40      0.0000     12.7020
ALPHA 1.0349 MaxIteration 34332  TIMEOUT 0.232233
 98         25         28         62      0.2322         40          40      0.0000     13.1690
ALPHA 1.0349 MaxIteration 35528  TIMEOUT 0.243205
 99         25         28         62      0.2432         40          40      0.0000     13.6591
ALPHA 1.0349 MaxIteration 36766  TIMEOUT 0.257578
100         25         28         62      0.2576         40          40      0.0000     14.1690
ALPHA 1.0349 MaxIteration 38047  TIMEOUT 0.253375
101         25         28         62      0.2534         40          40      0.0000     14.6791
ALPHA 1.0349 MaxIteration 39373  TIMEOUT 0.275325
102         25         28         62      0.2753         40          40      0.0000     15.2290
ALPHA 1.0349 MaxIteration 40745  TIMEOUT 0.282134
103         25         28         62      0.2821         40          40      0.0000     15.7990
ALPHA 1.0349 MaxIteration 42165  TIMEOUT 0.293287
104         25         28         62      0.2933         40          40      0.0000     16.3791
ALPHA 1.0349 MaxIteration 43634  TIMEOUT 0.308896
105         25         28         62      0.3089         40          40      0.0000     16.9890
ALPHA 1.0349 MaxIteration 45155  TIMEOUT 0.313736
106         25         28         62      0.3137         40          40      0.0000     17.6190
ALPHA 1.0349 MaxIteration 46729  TIMEOUT 0.323440
107         25         28         62      0.3234         40          40      0.0000     18.2690
ALPHA 1.0349 MaxIteration 48357  TIMEOUT 0.332428
108         25         28         62      0.3324         40          40      0.0000     18.9390
ALPHA 1.0349 MaxIteration 50042  TIMEOUT 0.340215
109         25         28         62      0.3402         40          40      0.0000     19.6190
ALPHA 1.0349 MaxIteration 51786  TIMEOUT 0.341370
110         25         28         62      0.3414         40          40      0.0000     19.9990
ALPHA 1.0349 MaxIteration 53591  TIMEOUT 0.000961
111         25         28         62      0.0010>>> T1_50_1000_0.wclq |V| 50 |E| 1000  (#LB 0.0000 28 ---> 28  0.4286  40 <--- 40  0.0000 #UB)  #solve_ime 20.0000 read_time 0.0010 
