>>IBM: |V|=27769 |E|=352285
>>IBM: The maximum node weight is 200
/public/home/acs4vb4pqv/benchmarks/MWDS2026/SNAP/Cit-HepTh.clq #seed 2 #alpha 1.900 #timeout 0.300 K=5 RHO=0.05 Q0=0.90 BETA=3.5 AQ_MODE=guarded SAFE_AQ_MIN_GAP=0.050 SAFE_AQ_MIN_NODES=800 AQ_SLOPE_MARGIN=1.05 AQ_MAX_UB_DRIFT=0.25 AQ_HEAVY_FRAC=0.20 AQ_HEAVY_ANTS=6
[v19] |V|=27769 |E|=352285 density=12.69 USE_ADVANCED=1
#Rd        #LB        #LB*       #UB       #Time        #UB+        #UB*      #Time      #TotalTime
First Gap  0.014591
ALPHA 1.9000 MaxIteration 50  TIMEOUT 1.373824
  1     213014     213014     216122      1.3738
 [AQ bandit arm] arm=4 gap=0.0146 density=12.69 |V|=27769
 [AQ bandit] UB_FOCUS/DBS-safe => No RL
     215277      215277      0.0000      2.7745
ALPHA 1.9000 MaxIteration 3  TIMEOUT 0.083402
  2     211457     213014     218573      0.0834     217253      215277      0.0000      2.9646
ALPHA 1.8304 MaxIteration 5  TIMEOUT 0.151057
  3     211734     213014     217744      0.1511     216759      215277      0.0000      3.2945
ALPHA 1.7658 MaxIteration 9  TIMEOUT 0.376918
  4     211986     213014     217033      0.3769     216423      215277      0.0000      4.0545
ALPHA 1.7056 MaxIteration 15  TIMEOUT 1.124072
  5     212471     213014     216514      1.1241     215474      215277      0.0000      6.3168
ALPHA 1.6493 MaxIteration 25  TIMEOUT 1.093347
  6     210206     213014     217847      1.0933     216152      215277      0.7800      8.5346
ALPHA 1.5966 MaxIteration 41  TIMEOUT 2.615128
  7     210093     213014     217546      2.6151
 [LB Done] stag=6 elapsed=55.8% => 8.8s to UB
     215414      215277      6.9900     19.9445
>>> Cit-HepTh.clq |V| 27769 |E| 352285  (#LB 0.0000 213014 ---> 213014  0.0106  215277 <--- 216122  0.0039 #UB)  #solve_ime 19.9449 read_time 0.0755 
