>>IBM: |V|=100 |E|=100
>>IBM: The maximum node weight is 49
/public/home/acs4vb4pqv/benchmarks/MWDS2026/T1_wclq/T1_100_100_2.wclq #seed 103 #alpha 1.900 #timeout 0.100 K=5 RHO=0.05 Q0=0.90 BETA=3.5 AQ_MODE=dbs SAFE_AQ_MIN_GAP=0.050 SAFE_AQ_MIN_NODES=800 AQ_SLOPE_MARGIN=1.05 AQ_MAX_UB_DRIFT=0.25 AQ_HEAVY_FRAC=0.20 AQ_HEAVY_ANTS=6
[v19] |V|=100 |E|=100 density=1.00 USE_ADVANCED=0
#Rd        #LB        #LB*       #UB       #Time        #UB+        #UB*      #Time      #TotalTime
First Gap  0.036204
ALPHA 1.9000 MaxIteration 500  TIMEOUT 0.009077
  1       1022       1022       1059      0.0091       1057        1057      0.0000      0.0100
ALPHA 1.9000 MaxIteration 3  TIMEOUT 0.000171
  2        990       1022       1128      0.0002       1039        1039      0.0000      0.0200
ALPHA 1.8304 MaxIteration 5  TIMEOUT 0.000114
  3        966       1022       1143      0.0001       1039        1039      0.0000      0.0299
ALPHA 1.7658 MaxIteration 9  TIMEOUT 0.000000
  4        966       1022       1143      0.0000       1039        1039      0.0000      0.0300
ALPHA 1.7056 MaxIteration 15  TIMEOUT 0.000168
  5        966       1022       1143      0.0002       1039        1039      0.0000      0.0400
ALPHA 1.6493 MaxIteration 25  TIMEOUT 0.000243
  6        966       1022       1143      0.0002       1039        1039      0.0000      0.0500
ALPHA 1.5966 MaxIteration 41  TIMEOUT 0.000362
  7        966       1022       1143      0.0004       1039        1039      0.0000      0.0600
ALPHA 1.5472 MaxIteration 65  TIMEOUT 0.000527
  8        966       1022       1143      0.0005       1039        1039      0.0000      0.0700
ALPHA 1.5008 MaxIteration 100  TIMEOUT 0.000813
  9        966       1022       1143      0.0008       1039        1039      0.0000      0.0800
ALPHA 1.4571 MaxIteration 150  TIMEOUT 0.001158
 10        966       1022       1143      0.0012       1039        1039      0.0000      0.0900
ALPHA 1.4158 MaxIteration 218  TIMEOUT 0.000691
 11        966       1022       1143      0.0007       1039        1039      0.0000      0.1000
ALPHA 1.3768 MaxIteration 308  TIMEOUT 0.002344
 12        966       1022       1143      0.0023       1039        1039      0.0000      0.1100
ALPHA 1.3399 MaxIteration 424  TIMEOUT 0.003240
 13        966       1022       1143      0.0032       1039        1039      0.0000      0.1200
ALPHA 1.3049 MaxIteration 568  TIMEOUT 0.004230
 14        966       1022       1143      0.0042       1039        1039      0.0000      0.1300
ALPHA 1.2718 MaxIteration 741  TIMEOUT 0.004796
 15        966       1022       1143      0.0048       1039        1039      0.0000      0.1392
ALPHA 1.2402 MaxIteration 942  TIMEOUT 0.006617
 16        966       1022       1143      0.0066       1039        1039      0.0000      0.1500
ALPHA 1.2102 MaxIteration 1168  TIMEOUT 0.008559
 17        966       1022       1143      0.0086       1039        1039      0.0000      0.1600
ALPHA 1.1816 MaxIteration 1413  TIMEOUT 0.010319
 18        966       1022       1143      0.0103       1039        1039      0.0000      0.1900
ALPHA 1.1543 MaxIteration 1669  TIMEOUT 0.011985
 19        966       1022       1143      0.0120       1039        1039      0.0000      0.2100
ALPHA 1.1283 MaxIteration 1926  TIMEOUT 0.013093
 20        966       1022       1143      0.0131       1039        1039      0.0000      0.2400
ALPHA 1.1034 MaxIteration 2173  TIMEOUT 0.015043
 21        966       1022       1143      0.0150       1039        1039      0.0000      0.2615
ALPHA 1.0795 MaxIteration 2397  TIMEOUT 0.016466
 22        966       1022       1143      0.0165       1039        1039      0.0000      0.2900
ALPHA 1.0567 MaxIteration 2587  TIMEOUT 0.017932
 23        966       1022       1143      0.0179       1039        1039      0.0000      0.3200
ALPHA 1.0349 MaxIteration 2733  TIMEOUT 0.019105
 24        966       1022       1143      0.0191       1039        1039      0.0000      0.3500
ALPHA 1.0349 MaxIteration 2828  TIMEOUT 0.018663
 25        966       1022       1143      0.0187       1039        1039      0.0000      0.3800
ALPHA 1.0349 MaxIteration 2926  TIMEOUT 0.019033
 26        966       1022       1143      0.0190       1039        1039      0.0000      0.4100
ALPHA 1.0349 MaxIteration 3027  TIMEOUT 0.021614
 27        966       1022       1143      0.0216       1039        1039      0.0000      0.4500
ALPHA 1.0349 MaxIteration 3132  TIMEOUT 0.022439
 28        966       1022       1143      0.0224       1039        1039      0.0000      0.5000
ALPHA 1.0349 MaxIteration 3241  TIMEOUT 0.023324
 29        966       1022       1143      0.0233       1039        1039      0.0000      0.5496
ALPHA 1.0349 MaxIteration 3353  TIMEOUT 0.022780
 30        966       1022       1143      0.0228       1039        1039      0.0000      0.6000
ALPHA 1.0349 MaxIteration 3469  TIMEOUT 0.023197
 31        966       1022       1143      0.0232       1039        1039      0.0000      0.6406
ALPHA 1.0349 MaxIteration 3589  TIMEOUT 0.023855
 32        966       1022       1143      0.0239       1039        1039      0.0000      0.6900
ALPHA 1.0349 MaxIteration 3714  TIMEOUT 0.027027
 33        966       1022       1143      0.0270       1039        1039      0.0000      0.7400
ALPHA 1.0349 MaxIteration 3843  TIMEOUT 0.027116
 34        966       1022       1143      0.0271       1039        1039      0.0000      0.7800
ALPHA 1.0349 MaxIteration 3976  TIMEOUT 0.028895
 35        966       1022       1143      0.0289       1039        1039      0.0000      0.8300
ALPHA 1.0349 MaxIteration 4114  TIMEOUT 0.031785
 36        966       1022       1143      0.0318       1039        1039      0.0000      0.9000
ALPHA 1.0349 MaxIteration 4257  TIMEOUT 0.029151
 37        966       1022       1143      0.0292       1039        1039      0.0000      0.9500
ALPHA 1.0349 MaxIteration 4405  TIMEOUT 0.031241
 38        966       1022       1143      0.0312       1039        1039      0.0000      1.0100
ALPHA 1.0349 MaxIteration 4558  TIMEOUT 0.033048
 39        966       1022       1143      0.0330       1039        1039      0.0000      1.0800
ALPHA 1.0349 MaxIteration 4716  TIMEOUT 0.034803
 40        966       1022       1143      0.0348       1039        1039      0.0000      1.1400
ALPHA 1.0349 MaxIteration 4880  TIMEOUT 0.033973
 41        966       1022       1143      0.0340       1039        1039      0.0000      1.2000
ALPHA 1.0349 MaxIteration 5050  TIMEOUT 0.035878
 42        966       1022       1143      0.0359       1039        1039      0.0000      1.2700
ALPHA 1.0349 MaxIteration 5226  TIMEOUT 0.038376
 43        966       1022       1143      0.0384       1039        1039      0.0000      1.3300
ALPHA 1.0349 MaxIteration 5408  TIMEOUT 0.039254
 44        966       1022       1143      0.0393       1039        1039      0.0000      1.3906
ALPHA 1.0349 MaxIteration 5596  TIMEOUT 0.039655
 45        966       1022       1143      0.0397       1039        1039      0.0000      1.4700
ALPHA 1.0349 MaxIteration 5791  TIMEOUT 0.041754
 46        966       1022       1143      0.0418       1039        1039      0.0000      1.5500
ALPHA 1.0349 MaxIteration 5992  TIMEOUT 0.044000
 47        966       1022       1143      0.0440       1039        1039      0.0000      1.6300
ALPHA 1.0349 MaxIteration 6200  TIMEOUT 0.043535
 48        966       1022       1143      0.0435       1039        1039      0.0000      1.7100
ALPHA 1.0349 MaxIteration 6416  TIMEOUT 0.044789
 49        966       1022       1143      0.0448       1039        1039      0.0000      1.8000
ALPHA 1.0349 MaxIteration 6639  TIMEOUT 0.045996
 50        966       1022       1143      0.0460       1039        1039      0.0000      1.8900
ALPHA 1.0349 MaxIteration 6870  TIMEOUT 0.047984
 51        966       1022       1143      0.0480       1039        1039      0.0000      1.9800
ALPHA 1.0349 MaxIteration 7109  TIMEOUT 0.048895
 52        966       1022       1143      0.0489       1039        1039      0.0000      2.0700
ALPHA 1.0349 MaxIteration 7356  TIMEOUT 0.052020
 53        966       1022       1143      0.0520       1039        1039      0.0000      2.1700
ALPHA 1.0349 MaxIteration 7612  TIMEOUT 0.054221
 54        966       1022       1143      0.0542       1039        1039      0.0000      2.2600
ALPHA 1.0349 MaxIteration 7877  TIMEOUT 0.056001
 55        966       1022       1143      0.0560       1039        1039      0.0000      2.3600
ALPHA 1.0349 MaxIteration 8151  TIMEOUT 0.055494
 56        966       1022       1143      0.0555       1039        1039      0.0000      2.4600
ALPHA 1.0349 MaxIteration 8435  TIMEOUT 0.060147
 57        966       1022       1143      0.0601       1039        1039      0.0000      2.5834
ALPHA 1.0349 MaxIteration 8729  TIMEOUT 0.063245
 58        966       1022       1143      0.0632       1039        1039      0.0000      2.7000
ALPHA 1.0349 MaxIteration 9033  TIMEOUT 0.065115
 59        966       1022       1143      0.0651       1039        1039      0.0000      2.8200
ALPHA 1.0349 MaxIteration 9347  TIMEOUT 0.066411
 60        966       1022       1143      0.0664       1039        1039      0.0000      2.9400
ALPHA 1.0349 MaxIteration 9672  TIMEOUT 0.070359
 61        966       1022       1143      0.0704       1039        1039      0.0000      3.0800
ALPHA 1.0349 MaxIteration 10009  TIMEOUT 0.071215
 62        966       1022       1143      0.0712       1039        1039      0.0000      3.2200
ALPHA 1.0349 MaxIteration 10357  TIMEOUT 0.074311
 63        966       1022       1143      0.0743       1039        1039      0.0000      3.3600
ALPHA 1.0349 MaxIteration 10718  TIMEOUT 0.074252
 64        966       1022       1143      0.0743       1039        1039      0.0000      3.5000
ALPHA 1.0349 MaxIteration 11091  TIMEOUT 0.079532
 65        966       1022       1143      0.0795       1039        1039      0.0100      3.6400
ALPHA 1.0349 MaxIteration 11477  TIMEOUT 0.080725
 66        966       1022       1143      0.0807       1039        1039      0.0000      3.7900
ALPHA 1.0349 MaxIteration 11877  TIMEOUT 0.084708
 67        966       1022       1143      0.0847       1039        1039      0.0000      3.9500
ALPHA 1.0349 MaxIteration 12291  TIMEOUT 0.090936
 68        966       1022       1143      0.0909       1039        1039      0.0000      4.1200
ALPHA 1.0349 MaxIteration 12719  TIMEOUT 0.092905
 69        966       1022       1143      0.0929       1039        1039      0.0000      4.3000
ALPHA 1.0349 MaxIteration 13162  TIMEOUT 0.095026
 70        966       1022       1143      0.0950       1039        1039      0.0000      4.4700
ALPHA 1.0349 MaxIteration 13620  TIMEOUT 0.097038
 71        966       1022       1143      0.0970       1039        1039      0.0000      4.6500
ALPHA 1.0349 MaxIteration 14094  TIMEOUT 0.096940
 72        966       1022       1143      0.0969       1039        1039      0.0000      4.8273
ALPHA 1.0349 MaxIteration 14585  TIMEOUT 0.101042
 73        966       1022       1143      0.1010       1039        1039      0.0000      5.0200
ALPHA 1.0349 MaxIteration 15093  TIMEOUT 0.108237
 74        966       1022       1143      0.1082       1039        1039      0.0000      5.2200
ALPHA 1.0349 MaxIteration 15619  TIMEOUT 0.114393
 75        966       1022       1143      0.1144       1039        1039      0.0000      5.4300
ALPHA 1.0349 MaxIteration 16163  TIMEOUT 0.111566
 76        966       1022       1143      0.1116       1039        1039      0.0000      5.6500
ALPHA 1.0349 MaxIteration 16726  TIMEOUT 0.117151
 77        966       1022       1143      0.1172       1039        1039      0.0000      5.8600
ALPHA 1.0349 MaxIteration 17309  TIMEOUT 0.119473
 78        966       1022       1143      0.1195       1039        1039      0.0100      6.0787
ALPHA 1.0349 MaxIteration 17912  TIMEOUT 0.128536
 79        966       1022       1143      0.1285       1039        1039      0.0000      6.3036
ALPHA 1.0349 MaxIteration 18536  TIMEOUT 0.132564
 80        966       1022       1143      0.1326       1039        1039      0.0000      6.5500
ALPHA 1.0349 MaxIteration 19182  TIMEOUT 0.135124
 81        966       1022       1143      0.1351       1039        1039      0.0000      6.8000
ALPHA 1.0349 MaxIteration 19850  TIMEOUT 0.140987
 82        966       1022       1143      0.1410       1039        1039      0.0000      7.0700
ALPHA 1.0349 MaxIteration 20541  TIMEOUT 0.140880
 83        966       1022       1143      0.1409       1039        1039      0.0000      7.3475
ALPHA 1.0349 MaxIteration 21257  TIMEOUT 0.149462
 84        966       1022       1143      0.1495       1039        1039      0.0000      7.6100
ALPHA 1.0349 MaxIteration 21997  TIMEOUT 0.156973
 85        966       1022       1143      0.1570       1039        1039      0.0000      7.9000
ALPHA 1.0349 MaxIteration 22763  TIMEOUT 0.162272
 86        966       1022       1143      0.1623       1039        1039      0.0000      8.2000
ALPHA 1.0349 MaxIteration 23556  TIMEOUT 0.166636
 87        966       1022       1143      0.1666       1039        1039      0.0000      8.5100
ALPHA 1.0349 MaxIteration 24377  TIMEOUT 0.174379
 88        966       1022       1143      0.1744       1039        1039      0.0000      8.8400
ALPHA 1.0349 MaxIteration 25226  TIMEOUT 0.173007
 89        966       1022       1143      0.1730       1039        1039      0.0000      9.1600
ALPHA 1.0349 MaxIteration 26105  TIMEOUT 0.183791
 90        966       1022       1143      0.1838       1039        1039      0.0000      9.5100
ALPHA 1.0349 MaxIteration 27014  TIMEOUT 0.191585
 91        966       1022       1143      0.1916       1039        1039      0.0000      9.8600
ALPHA 1.0349 MaxIteration 27955  TIMEOUT 0.197113
 92        966       1022       1143      0.1971       1039        1039      0.0000     10.2200
ALPHA 1.0349 MaxIteration 28929  TIMEOUT 0.208651
 93        966       1022       1143      0.2087       1039        1039      0.0000     10.5900
ALPHA 1.0349 MaxIteration 29937  TIMEOUT 0.212378
 94        966       1022       1143      0.2124       1039        1039      0.0000     10.9900
ALPHA 1.0349 MaxIteration 30980  TIMEOUT 0.217758
 95        966       1022       1143      0.2178       1039        1039      0.0000     11.3900
ALPHA 1.0349 MaxIteration 32059  TIMEOUT 0.221808
 96        966       1022       1143      0.2218       1039        1039      0.0000     11.8100
ALPHA 1.0349 MaxIteration 33176  TIMEOUT 0.237644
 97        966       1022       1143      0.2376       1039        1039      0.0000     12.2500
ALPHA 1.0349 MaxIteration 34332  TIMEOUT 0.244384
 98        966       1022       1143      0.2444       1039        1039      0.0000     12.7068
ALPHA 1.0349 MaxIteration 35528  TIMEOUT 0.246587
 99        966       1022       1143      0.2466       1039        1039      0.0000     13.1600
ALPHA 1.0349 MaxIteration 36766  TIMEOUT 0.255223
100        966       1022       1143      0.2552       1039        1039      0.0000     13.6300
ALPHA 1.0349 MaxIteration 38047  TIMEOUT 0.266594
101        966       1022       1143      0.2666       1039        1039      0.0000     14.1200
ALPHA 1.0349 MaxIteration 39373  TIMEOUT 0.279562
102        966       1022       1143      0.2796       1039        1039      0.0000     14.6200
ALPHA 1.0349 MaxIteration 40745  TIMEOUT 0.290885
103        966       1022       1143      0.2909       1039        1039      0.0000     15.1600
ALPHA 1.0349 MaxIteration 42165  TIMEOUT 0.296908
104        966       1022       1143      0.2969       1039        1039      0.0000     15.7000
ALPHA 1.0349 MaxIteration 43634  TIMEOUT 0.308563
105        966       1022       1143      0.3086       1039        1039      0.0000     16.2600
ALPHA 1.0349 MaxIteration 45155  TIMEOUT 0.319507
106        966       1022       1143      0.3195       1039        1039      0.0100     16.8400
ALPHA 1.0349 MaxIteration 46729  TIMEOUT 0.324283
107        966       1022       1143      0.3243       1039        1039      0.0000     17.4400
ALPHA 1.0349 MaxIteration 48357  TIMEOUT 0.343870
108        966       1022       1143      0.3439       1039        1039      0.0000     18.0800
ALPHA 1.0349 MaxIteration 50042  TIMEOUT 0.349238
109        966       1022       1143      0.3492       1039        1039      0.0000     18.7067
ALPHA 1.0349 MaxIteration 51786  TIMEOUT 0.365328
110        966       1022       1143      0.3653       1039        1039      0.0000     19.3723
ALPHA 1.0349 MaxIteration 53591  TIMEOUT 0.375407
111        966       1022       1143      0.3754       1039        1039      0.0000     19.9600
ALPHA 1.0349 MaxIteration 55459  TIMEOUT 0.040000
112        966       1022       1143      0.0400>>> T1_100_100_2.wclq |V| 100 |E| 100  (#LB 0.0000 1022 ---> 1022  0.0166  1039 <--- 1059  0.0189 #UB)  #solve_ime 20.0000 read_time 0.0000 
