With  Parameters CUTOFF 20 SEED 2  ALPHA = 1.900  K=5 RHO=0.05 Q0=0.90 BETA=3.0 AQ_MODE=guarded
Reading  graph ...  time 0.004258  
Reducing graph ...  time 0.000177  
[v9] |V|=200 |E|=17910 density=89.55 USE_ADVANCED=0 SAFE_AQ_MIN_GAP=0.050 DEEP_AQ_RANGE=[800, 5.00, 10.00] structure_blocks_aq=1 AQ_SLOPE_MARGIN=1.15 AQ_MAX_UB_DRIFT=0.20 AQ_PROBE_FRAC=0.15 AQ_T1LIKE_FRAC=0.15
#Rd        #LB        #LB*       #UB       #Time        #UB+        #UB*      #Time      #TotalTime
First Gap  0.200000
  1          5          5          6      0.0660 [AQ bandit arm] arm=0 gap=0.2000 density=89.55 |V|=200

 Switch to DBS-only search, timeout 0.066004....
 [Online-safe AQ structure guard] |V|=200 density=89.55 outside [800, 5.00, 10.00], disabling AQ
          6           6      0.0010        0.1930
ALPHA 1.9000 MaxIteration 3  TIMEOUT 0.066004
  2          5          5          6      0.0005          6           6      0.0010        0.1944
ALPHA 1.8304 MaxIteration 5  TIMEOUT 0.000870
  3          5          5          6      0.0010          6           6      0.0010        0.1964
ALPHA 1.7658 MaxIteration 9  TIMEOUT 0.001766
  4          5          5          7      0.0018          6           6      0.0010        0.2001
ALPHA 1.7056 MaxIteration 15  TIMEOUT 0.003235
  5          4          5          7      0.0015          6           6      0.0010        0.2031
ALPHA 1.6493 MaxIteration 25  TIMEOUT 0.002540
  6          4          5          7      0.0024          6           6      0.0010        0.2209
ALPHA 1.5966 MaxIteration 41  TIMEOUT 0.003943
  7          4          5          7      0.0038          6           6      0.0010        0.2286
ALPHA 1.5472 MaxIteration 65  TIMEOUT 0.006114
  8          4          5          7      0.0059          6           6      0.0010        0.2405
ALPHA 1.5008 MaxIteration 100  TIMEOUT 0.009189
  9          4          5          7      0.0091          6           6      0.0010        0.2589
ALPHA 1.4571 MaxIteration 150  TIMEOUT 0.013704
 10          4          5          7      0.0136          6           6      0.0013        0.2863
ALPHA 1.4158 MaxIteration 218  TIMEOUT 0.019812
 11          4          5          7      0.0199          6           6      0.0010        0.3405
ALPHA 1.3768 MaxIteration 308  TIMEOUT 0.028135
 12          4          5          7      0.0282          6           6      0.0010        0.3971
ALPHA 1.3399 MaxIteration 424  TIMEOUT 0.038799
 13          4          5          7      0.0387          6           6      0.0010        0.4876
ALPHA 1.3049 MaxIteration 568  TIMEOUT 0.051804
 14          4          5          7      0.0514          6           6      0.0011        0.5906
ALPHA 1.2718 MaxIteration 741  TIMEOUT 0.067023
 15          4          5          7      0.0671          6           6      0.0010        0.7266
ALPHA 1.2402 MaxIteration 942  TIMEOUT 0.085319
 16          4          5          7      0.0854          6           6      0.0010        0.8995
ALPHA 1.2102 MaxIteration 1168  TIMEOUT 0.105944
 17          4          5          7      0.1060          6           6      0.0010        1.1117
ALPHA 1.1816 MaxIteration 1413  TIMEOUT 0.128267
 18          4          5          7      0.1275          6           6      0.0010        1.3678
ALPHA 1.1543 MaxIteration 1669  TIMEOUT 0.150670
 19          4          5          7      0.1494          6           6      0.0010        1.6693
ALPHA 1.1283 MaxIteration 1926  TIMEOUT 0.172408
 20          4          5          7      0.1723          6           6      0.0010        2.0160
ALPHA 1.1034 MaxIteration 2173  TIMEOUT 0.194368
 21          4          5          7      0.1944          6           6      0.0012        2.4058
ALPHA 1.0795 MaxIteration 2397  TIMEOUT 0.214497
 22          4          5          7      0.2145          6           6      0.0010        2.8360
ALPHA 1.0567 MaxIteration 2587  TIMEOUT 0.231593
 23          4          5          7      0.2316          6           6      0.0010        3.3034
ALPHA 1.0349 MaxIteration 2733  TIMEOUT 0.244784
 24          4          5          7      0.2436          6           6      0.0010        3.7937
ALPHA 1.0349 MaxIteration 2828  TIMEOUT 0.252051
 25          4          5          7      0.2521          6           6      0.0010        4.5437
ALPHA 1.0349 MaxIteration 2926  TIMEOUT 0.260916
 26          4          5          7      0.2610          6           6      0.0012        5.0691
ALPHA 1.0349 MaxIteration 3027  TIMEOUT 0.270065
 27          4          5          7      0.2701          6           6      0.0010        5.6124
ALPHA 1.0349 MaxIteration 3132  TIMEOUT 0.279526
 28          4          5          7      0.2795          6           6      0.0010        6.1746
ALPHA 1.0349 MaxIteration 3241  TIMEOUT 0.289284
 29          4          5          7      0.2894          6           6      0.0010        6.7566
ALPHA 1.0349 MaxIteration 3353  TIMEOUT 0.299454
 30          4          5          7      0.2995          6           6      0.0010        7.3606
ALPHA 1.0349 MaxIteration 3469  TIMEOUT 0.309934
 31          4          5          7      0.3100          6           6      0.0011        7.9840
ALPHA 1.0349 MaxIteration 3589  TIMEOUT 0.320767
 32          4          5          7      0.3208          6           6      0.0011        8.6257
ALPHA 1.0349 MaxIteration 3714  TIMEOUT 0.332028
 33          4          5          7      0.3321          6           6      0.0010        9.2940
ALPHA 1.0349 MaxIteration 3843  TIMEOUT 0.343654
 34          4          5          7      0.3437          6           6      0.0011        9.9855
ALPHA 1.0349 MaxIteration 3976  TIMEOUT 0.355661
 35          4          5          7      0.3557          6           6      0.0010       10.7001
ALPHA 1.0349 MaxIteration 4114  TIMEOUT 0.368121
 36          4          5          7      0.3682          6           6      0.0018       11.4398
ALPHA 1.0349 MaxIteration 4257  TIMEOUT 0.381072
 37          4          5          7      0.3811          6           6      0.0011       12.2022
ALPHA 1.0349 MaxIteration 4405  TIMEOUT 0.394374
 38          4          5          7      0.3944          6           6      0.0011       13.1451
ALPHA 1.0349 MaxIteration 4558  TIMEOUT 0.408194
 39          4          5          7      0.4082          6           6      0.0010       19.9991
>>> gen200_p0.9_55.clq |V| 200 |E| 17910  (#LB 0.0000 5 ---> 5  0.1667  6 <--- 6  0.0000 #UB)  #read_time 0.0043  #reduce_time 0.0002  #solve_time 19.9991  #total_time 20.0035
 