With  Parameters CUTOFF 20 SEED 1  ALPHA = 1.900  K=5 RHO=0.05 Q0=0.90 BETA=3.0 AQ_MODE=guarded
Reading  graph ...  time 0.004494  
Reducing graph ...  time 0.000240  
[v9] |V|=200 |E|=17910 density=89.55 USE_ADVANCED=0 SAFE_AQ_MIN_GAP=0.050 DEEP_AQ_RANGE=[800, 5.00, 10.00] structure_blocks_aq=1 AQ_SLOPE_MARGIN=1.15 AQ_MAX_UB_DRIFT=0.20 AQ_PROBE_FRAC=0.15 AQ_T1LIKE_FRAC=0.15
#Rd        #LB        #LB*       #UB       #Time        #UB+        #UB*      #Time      #TotalTime
First Gap  0.200000
  1          5          5          6      0.0665 [AQ bandit arm] arm=0 gap=0.2000 density=89.55 |V|=200

 Switch to DBS-only search, timeout 0.066490....
 [Online-safe AQ structure guard] |V|=200 density=89.55 outside [800, 5.00, 10.00], disabling AQ
          6           6      0.0011        0.2009
ALPHA 1.9000 MaxIteration 3  TIMEOUT 0.066490
  2          5          5          6      0.0007          6           6      0.0010        0.2028
ALPHA 1.8304 MaxIteration 5  TIMEOUT 0.001402
  3          5          5          6      0.0011          6           6      0.0010        0.2050
ALPHA 1.7658 MaxIteration 9  TIMEOUT 0.001953
  4          5          5          7      0.0020          6           6      0.0010        0.2091
ALPHA 1.7056 MaxIteration 15  TIMEOUT 0.003600
  5          4          5          7      0.0015          6           6      0.0010        0.2121
ALPHA 1.6493 MaxIteration 25  TIMEOUT 0.002541
  6          4          5          7      0.0025          6           6      0.0011        0.2303
ALPHA 1.5966 MaxIteration 41  TIMEOUT 0.004201
  7          4          5          7      0.0038          6           6      0.0010        0.2379
ALPHA 1.5472 MaxIteration 65  TIMEOUT 0.006027
  8          4          5          7      0.0060          6           6      0.0010        0.2630
ALPHA 1.5008 MaxIteration 100  TIMEOUT 0.009317
  9          4          5          7      0.0090          6           6      0.0010        0.3068
ALPHA 1.4571 MaxIteration 150  TIMEOUT 0.013576
 10          4          5          7      0.0136          6           6      0.0011        0.3587
ALPHA 1.4158 MaxIteration 218  TIMEOUT 0.019828
 11          4          5          7      0.0198          6           6      0.0010        0.4116
ALPHA 1.3768 MaxIteration 308  TIMEOUT 0.028084
 12          4          5          7      0.0281          6           6      0.0010        0.4999
ALPHA 1.3399 MaxIteration 424  TIMEOUT 0.038717
 13          4          5          7      0.0380          6           6      0.0010        0.5769
ALPHA 1.3049 MaxIteration 568  TIMEOUT 0.050856
 14          4          5          7      0.0509          6           6      0.0010        0.7047
ALPHA 1.2718 MaxIteration 741  TIMEOUT 0.066475
 15          4          5          7      0.0665          6           6      0.0010        0.8988
ALPHA 1.2402 MaxIteration 942  TIMEOUT 0.084550
 16          4          5          7      0.0846          6           6      0.0010        1.1241
ALPHA 1.2102 MaxIteration 1168  TIMEOUT 0.104889
 17          4          5          7      0.1049          6           6      0.0010        1.3341
ALPHA 1.1816 MaxIteration 1413  TIMEOUT 0.126987
 18          4          5          7      0.1271          6           6      0.0010        1.5893
ALPHA 1.1543 MaxIteration 1669  TIMEOUT 0.150151
 19          4          5          7      0.1502          6           6      0.0010        1.8897
ALPHA 1.1283 MaxIteration 1926  TIMEOUT 0.173347
 20          4          5          7      0.1734          6           6      0.0010        2.2366
ALPHA 1.1034 MaxIteration 2173  TIMEOUT 0.195664
 21          4          5          7      0.1957          6           6      0.0022        2.6303
ALPHA 1.0795 MaxIteration 2397  TIMEOUT 0.215969
 22          4          5          7      0.2160          6           6      0.0010        3.0625
ALPHA 1.0567 MaxIteration 2587  TIMEOUT 0.233223
 23          4          5          7      0.2322          6           6      0.0010        3.5269
ALPHA 1.0349 MaxIteration 2733  TIMEOUT 0.245363
 24          4          5          7      0.2435          6           6      0.0010        4.0180
ALPHA 1.0349 MaxIteration 2828  TIMEOUT 0.251970
 25          4          5          7      0.2521          6           6      0.0011        4.5949
ALPHA 1.0349 MaxIteration 2926  TIMEOUT 0.260839
 26          4          5          7      0.2609          6           6      0.0010        5.1169
ALPHA 1.0349 MaxIteration 3027  TIMEOUT 0.270003
 27          4          5          7      0.2700          6           6      0.0010        5.6571
ALPHA 1.0349 MaxIteration 3132  TIMEOUT 0.279457
 28          4          5          7      0.2796          6           6      0.0010        6.2183
ALPHA 1.0349 MaxIteration 3241  TIMEOUT 0.289298
 29          4          5          7      0.2894          6           6      0.0010        6.8113
ALPHA 1.0349 MaxIteration 3353  TIMEOUT 0.299485
 30          4          5          7      0.2995          6           6      0.0010        7.4105
ALPHA 1.0349 MaxIteration 3469  TIMEOUT 0.309934
 31          4          5          7      0.3100          6           6      0.0011        8.0317
ALPHA 1.0349 MaxIteration 3589  TIMEOUT 0.320812
 32          4          5          7      0.3209          6           6      0.0010        8.6737
ALPHA 1.0349 MaxIteration 3714  TIMEOUT 0.332098
 33          4          5          7      0.3321          6           6      0.0010        9.3420
ALPHA 1.0349 MaxIteration 3843  TIMEOUT 0.343698
 34          4          5          7      0.3418          6           6      0.0011       10.0266
ALPHA 1.0349 MaxIteration 3976  TIMEOUT 0.353687
 35          4          5          7      0.3537          6           6      0.0010       10.7363
ALPHA 1.0349 MaxIteration 4114  TIMEOUT 0.366054
 36          4          5          7      0.3661          6           6      0.0010       11.4707
ALPHA 1.0349 MaxIteration 4257  TIMEOUT 0.378871
 37          4          5          7      0.3789          6           6      0.0010       12.2287
ALPHA 1.0349 MaxIteration 4405  TIMEOUT 0.392125
 38          4          5          7      0.3922          6           6      0.0010       13.0132
ALPHA 1.0349 MaxIteration 4558  TIMEOUT 0.405864
 39          4          5          7      0.4059          6           6      0.0011       19.9991
>>> gen200_p0.9_55.clq |V| 200 |E| 17910  (#LB 0.0000 5 ---> 5  0.1667  6 <--- 6  0.0000 #UB)  #read_time 0.0045  #reduce_time 0.0002  #solve_time 19.9991  #total_time 20.0038
 