With  Parameters CUTOFF 20 SEED 1  ALPHA = 1.900  K=5 RHO=0.05 Q0=0.90 BETA=3.0 AQ_MODE=guarded
Reading  graph ...  time 0.019548  
Reducing graph ...  time 0.000632  
[v9] |V|=1000 |E|=52120 density=52.12 USE_ADVANCED=0 SAFE_AQ_MIN_GAP=0.050 DEEP_AQ_RANGE=[800, 5.00, 10.00] structure_blocks_aq=1 AQ_SLOPE_MARGIN=1.15 AQ_MAX_UB_DRIFT=0.20 AQ_PROBE_FRAC=0.15 AQ_T1LIKE_FRAC=0.15
#Rd        #LB        #LB*       #UB       #Time        #UB+        #UB*      #Time      #TotalTime
First Gap  0.078947
  1         38         38         41      0.3068 [AQ bandit arm] arm=0 gap=0.0789 density=52.12 |V|=1000

 Switch to DBS-only search, timeout 0.306763....
 [Online-safe AQ structure guard] |V|=1000 density=52.12 outside [800, 5.00, 10.00], disabling AQ
         41          41      0.0055        0.8164
ALPHA 1.9000 MaxIteration 3  TIMEOUT 0.306763
  2         37         38         43      0.0021         42          41      0.0049        0.8235
ALPHA 1.8304 MaxIteration 5  TIMEOUT 0.004064
  3         37         38         41      0.0031         42          41      0.0179        0.8445
ALPHA 1.7658 MaxIteration 9  TIMEOUT 0.005726
  4         37         38         42      0.0051         42          41      0.0048        0.8547
ALPHA 1.7056 MaxIteration 15  TIMEOUT 0.009046
  5         37         38         41      0.0082         41          41      0.0051        0.8711
ALPHA 1.6493 MaxIteration 25  TIMEOUT 0.013917
  6         37         38         41      0.0130         41          41      0.0053        0.8971
ALPHA 1.5966 MaxIteration 41  TIMEOUT 0.021434
  7         38         38         41      0.0219         41          41      0.0061        0.9410
ALPHA 1.5472 MaxIteration 65  TIMEOUT 0.034944
  8         38         38         41      0.0343         41          41      0.0060        1.0097
ALPHA 1.5008 MaxIteration 100  TIMEOUT 0.053070
  9         38         38         41      0.0524         41          41      0.0053        1.1145
ALPHA 1.4571 MaxIteration 150  TIMEOUT 0.078593
 10         38         38         41      0.0775         41          41      0.0058        1.2697
ALPHA 1.4158 MaxIteration 218  TIMEOUT 0.112965
 11         38         38         41      0.1071         41          41      0.0060        1.4849
ALPHA 1.3768 MaxIteration 308  TIMEOUT 0.151606
 12         38         38         41      0.1516         41          41      0.0053        1.7882
ALPHA 1.3399 MaxIteration 424  TIMEOUT 0.208762
 13         38         38         41      0.2092         41          41      0.0052        2.2077
ALPHA 1.3049 MaxIteration 568  TIMEOUT 0.280288
 14         38         38         41      0.2804         41          41      0.0053        2.7696
ALPHA 1.2718 MaxIteration 741  TIMEOUT 0.365878
 15         38         38         41      0.3661         41          41      0.0055        3.6320
ALPHA 1.2402 MaxIteration 942  TIMEOUT 0.465592
 16         38         38         41      0.4657         41          41      0.0057        4.5646
ALPHA 1.2102 MaxIteration 1168  TIMEOUT 0.577614
 17         38         38         41      0.5781         41          41      0.0167        5.9159
ALPHA 1.1816 MaxIteration 1413  TIMEOUT 0.699568
 18         38         38         41      0.6996         41          41      0.0073        7.4095
ALPHA 1.1543 MaxIteration 1669  TIMEOUT 0.826657
 19         38         38         41      0.8270         41          41      0.0192        9.5377
ALPHA 1.1283 MaxIteration 1926  TIMEOUT 0.954644
 20         38         38         41      0.9551         41          41      0.0076       11.8721
ALPHA 1.1034 MaxIteration 2173  TIMEOUT 1.077611
 21         38         38         41      1.0777         41          41      0.0059       14.2201
ALPHA 1.0795 MaxIteration 2397  TIMEOUT 1.189126
 22         38         38         41      1.1896         41          41      0.0060       20.0064
>>> UDG_1000_200_8.wclq |V| 1000 |E| 52120  (#LB 0.0000 38 ---> 38  0.0732  41 <--- 41  0.0000 #UB)  #read_time 0.0195  #reduce_time 0.0006  #solve_time 20.0064  #total_time 20.0266
 