With  Parameters CUTOFF 20 SEED 3  ALPHA = 1.900  K=5 RHO=0.05 Q0=0.90 BETA=3.0 AQ_MODE=guarded
Reading  graph ...  time 0.145700  
Reducing graph ...  time 0.018773  
[v9] |V|=82168 |E|=504230 density=6.14 USE_ADVANCED=1 SAFE_AQ_MIN_GAP=0.050 DEEP_AQ_RANGE=[800, 5.00, 10.00] structure_blocks_aq=0 AQ_SLOPE_MARGIN=1.15 AQ_MAX_UB_DRIFT=0.20 AQ_PROBE_FRAC=0.15 AQ_T1LIKE_FRAC=0.15
#Rd        #LB        #LB*       #UB       #Time        #UB+        #UB*      #Time      #TotalTime
First Gap  0.000488
  1    1142491    1142491    1143048      4.1928 [AQ bandit arm] arm=4 gap=0.0005 density=6.14 |V|=82168

 Switch to DBS-only search, timeout 4.192825....
 [Online-safe AQ first-gap guard] FIRST_GAP 0.0005 < 0.0500, disabling AQ
    1143063     1143063      2.3858        8.4157
ALPHA 1.9000 MaxIteration 3  TIMEOUT 4.192825
  2    1142491    1142491    1143149      0.0191    1144326     1143063      0.0064        8.4593
ALPHA 1.8304 MaxIteration 5  TIMEOUT 0.036216
  3    1142491    1142491    1143149      0.0294    1144326     1143063      0.0068        8.5240
ALPHA 1.7658 MaxIteration 9  TIMEOUT 0.053762
  4    1142491    1142491    1143149      0.0542    1144326     1143063      0.0060        8.6377
ALPHA 1.7056 MaxIteration 15  TIMEOUT 0.095793
  5    1142491    1142491    1143152      0.0850    1144326     1143063      0.0057        8.8131
ALPHA 1.6493 MaxIteration 25  TIMEOUT 0.145043
  6    1142491    1142491    1143168      0.1189    1144301     1143063      0.0063        9.0555
ALPHA 1.5966 MaxIteration 41  TIMEOUT 0.196078
  7    1142491    1142491    1143172      0.1241    1144123     1143063      0.1172        9.3075
ALPHA 1.5472 MaxIteration 65  TIMEOUT 0.198113
  8    1142491    1142491    1143172      0.2019    1143820     1143063      0.2004        9.7169
ALPHA 1.5008 MaxIteration 100  TIMEOUT 0.312340
  9    1142491    1142491    1143172      0.3176    1143661     1143063      0.2981       10.3570
ALPHA 1.4571 MaxIteration 150  TIMEOUT 0.476585
 10    1142491    1142491    1143172      0.4782    1143466     1143063      0.4634       11.3172
ALPHA 1.4158 MaxIteration 218  TIMEOUT 0.696791
 11    1142491    1142491    1143172      0.6989    1143216     1143063      0.6446       12.7218
ALPHA 1.3768 MaxIteration 308  TIMEOUT 0.989521
 12    1142491    1142491    1143172      0.9922    1143040     1143040      6.0481       19.9960
>>> Slashdot0902.clq |V| 82168 |E| 504230  (#LB 0.0000 1142491 ---> 1142491  0.0005  1143040 <--- 1143048  0.0000 #UB)  #read_time 0.1457  #reduce_time 0.0188  #solve_time 19.9961  #total_time 20.1605
 