>>IBM: |V|=50 |E|=1000
>>IBM: The maximum node weight is 49
/public/home/acs4vb4pqv/benchmarks/MWDS2026/T1_wclq/T1_50_1000_0.wclq #seed 2 #alpha 1.900 #timeout 0.100 K=5 RHO=0.05 Q0=0.90 BETA=3.5 AQ_MODE=guarded SAFE_AQ_MIN_GAP=0.050 SAFE_AQ_MIN_NODES=800 AQ_SLOPE_MARGIN=1.05 AQ_MAX_UB_DRIFT=0.25 AQ_HEAVY_FRAC=0.20 AQ_HEAVY_ANTS=6
[v19] |V|=50 |E|=1000 density=20.00 USE_ADVANCED=0
#Rd        #LB        #LB*       #UB       #Time        #UB+        #UB*      #Time      #TotalTime
First Gap  0.428571
ALPHA 1.9000 MaxIteration 500  TIMEOUT 0.003875
  1         28         28         40      0.0039
 [AQ bandit arm] arm=1 gap=0.4286 density=20.00 |V|=50

 [AQ small-headroom probe] gap=0.4286 density=20.00 |V|=50 => Light RL (K=3, 5.0%)
ALPHA 1.9000 MaxIteration 3  TIMEOUT 0.000322
  2         28         28         40      0.0003ALPHA 1.8304 MaxIteration 5  TIMEOUT 0.000241
  3         28         28         62      0.0002 [AQ guard] no early LB gain, disabling AQ
         40          40      0.0000      0.0100
ALPHA 1.7658 MaxIteration 9  TIMEOUT 0.000096
  4         25         28         40      0.0001         40          40      0.0000      0.0200
ALPHA 1.7056 MaxIteration 15  TIMEOUT 0.000148
  5         25         28         40      0.0001         40          40      0.0000      0.0300
ALPHA 1.6493 MaxIteration 25  TIMEOUT 0.000223
  6         25         28         40      0.0002         40          40      0.0000      0.0400
ALPHA 1.5966 MaxIteration 41  TIMEOUT 0.000811
  7         28         28         40      0.0008         40          40      0.0000      0.0500
ALPHA 1.5472 MaxIteration 65  TIMEOUT 0.001051
  8         28         28         40      0.0011         40          40      0.0000      0.0600
ALPHA 1.5008 MaxIteration 100  TIMEOUT 0.001378
  9         28         28         40      0.0014         40          40      0.0000      0.0700
ALPHA 1.4571 MaxIteration 150  TIMEOUT 0.001891
 10         28         28         40      0.0019         40          40      0.0000      0.0800
ALPHA 1.4158 MaxIteration 218  TIMEOUT 0.002587
 11         28         28         40      0.0026         40          40      0.0000      0.0900
ALPHA 1.3768 MaxIteration 308  TIMEOUT 0.003462
 12         28         28         40      0.0035         40          40      0.0000      0.1000
ALPHA 1.3399 MaxIteration 424  TIMEOUT 0.004690
 13         28         28         40      0.0047         40          40      0.0000      0.1100
ALPHA 1.3049 MaxIteration 568  TIMEOUT 0.006249
 14         28         28         40      0.0062         40          40      0.0000      0.1200
ALPHA 1.2718 MaxIteration 741  TIMEOUT 0.008048
 15         28         28         40      0.0080         40          40      0.0000      0.1300
ALPHA 1.2402 MaxIteration 942  TIMEOUT 0.008703
 16         28         28         40      0.0087         40          40      0.0000      0.1400
ALPHA 1.2102 MaxIteration 1168  TIMEOUT 0.011875
 17         28         28         40      0.0119         40          40      0.0000      0.1700
ALPHA 1.1816 MaxIteration 1413  TIMEOUT 0.014295
 18         28         28         40      0.0143         40          40      0.0000      0.2000
ALPHA 1.1543 MaxIteration 1669  TIMEOUT 0.015884
 19         28         28         40      0.0159         40          40      0.0000      0.2300
ALPHA 1.1283 MaxIteration 1926  TIMEOUT 0.018294
 20         28         28         40      0.0183         40          40      0.0000      0.2600
ALPHA 1.1034 MaxIteration 2173  TIMEOUT 0.020526
 21         28         28         40      0.0205         40          40      0.0000      0.3100
ALPHA 1.0795 MaxIteration 2397  TIMEOUT 0.022904
 22         28         28         40      0.0229         40          40      0.0000      0.3600
ALPHA 1.0567 MaxIteration 2587  TIMEOUT 0.024543
 23         28         28         40      0.0245         40          40      0.0000      0.4100
ALPHA 1.0349 MaxIteration 2733  TIMEOUT 0.026119
 24         28         28         40      0.0261         40          40      0.0000      0.4600
ALPHA 1.0349 MaxIteration 2828  TIMEOUT 0.027974
 25         28         28         40      0.0280         40          40      0.0000      0.5100
ALPHA 1.0349 MaxIteration 2926  TIMEOUT 0.029096
 26         28         28         40      0.0291         40          40      0.0000      0.5600
ALPHA 1.0349 MaxIteration 3027  TIMEOUT 0.027681
 27         28         28         40      0.0277         40          40      0.0000      0.6100
ALPHA 1.0349 MaxIteration 3132  TIMEOUT 0.030802
 28         28         28         40      0.0308         40          40      0.0000      0.6800
ALPHA 1.0349 MaxIteration 3241  TIMEOUT 0.031624
 29         28         28         40      0.0316         40          40      0.0000      0.7500
ALPHA 1.0349 MaxIteration 3353  TIMEOUT 0.031064
 30         28         28         40      0.0311         40          40      0.0000      0.8200
ALPHA 1.0349 MaxIteration 3469  TIMEOUT 0.032689
 31         28         28         40      0.0327         40          40      0.0000      0.8900
ALPHA 1.0349 MaxIteration 3589  TIMEOUT 0.033738
 32         28         28         40      0.0337         40          40      0.0000      0.9600
ALPHA 1.0349 MaxIteration 3714  TIMEOUT 0.033648
 33         28         28         40      0.0336         40          40      0.0000      1.0300
ALPHA 1.0349 MaxIteration 3843  TIMEOUT 0.035628
 34         28         28         40      0.0356         40          40      0.0000      1.1000
ALPHA 1.0349 MaxIteration 3976  TIMEOUT 0.038627
 35         28         28         40      0.0386         40          40      0.0000      1.1700
ALPHA 1.0349 MaxIteration 4114  TIMEOUT 0.039050
 36         28         28         40      0.0390         40          40      0.0000      1.2401
ALPHA 1.0349 MaxIteration 4257  TIMEOUT 0.038319
 37         28         28         40      0.0383         40          40      0.0000      1.3100
ALPHA 1.0349 MaxIteration 4405  TIMEOUT 0.043643
 38         28         28         40      0.0436         40          40      0.0000      1.4000
ALPHA 1.0349 MaxIteration 4558  TIMEOUT 0.045173
 39         28         28         40      0.0452         40          40      0.0000      1.4900
ALPHA 1.0349 MaxIteration 4716  TIMEOUT 0.045310
 40         28         28         40      0.0453         40          40      0.0000      1.5800
ALPHA 1.0349 MaxIteration 4880  TIMEOUT 0.047688
 41         28         28         40      0.0477         40          40      0.0000      1.6700
ALPHA 1.0349 MaxIteration 5050  TIMEOUT 0.051239
 42         28         28         40      0.0512         40          40      0.0000      1.7800
ALPHA 1.0349 MaxIteration 5226  TIMEOUT 0.052810
 43         28         28         40      0.0528         40          40      0.0000      1.8900
ALPHA 1.0349 MaxIteration 5408  TIMEOUT 0.053930
 44         28         28         40      0.0539         40          40      0.0000      2.0000
ALPHA 1.0349 MaxIteration 5596  TIMEOUT 0.054582
 45         28         28         40      0.0546         40          40      0.0000      2.1100
ALPHA 1.0349 MaxIteration 5791  TIMEOUT 0.055495
 46         28         28         40      0.0555         40          40      0.0000      2.2200
ALPHA 1.0349 MaxIteration 5992  TIMEOUT 0.055117
 47         28         28         40      0.0551         40          40      0.0000      2.3300
ALPHA 1.0349 MaxIteration 6200  TIMEOUT 0.058802
 48         28         28         40      0.0588         40          40      0.0000      2.4400
ALPHA 1.0349 MaxIteration 6416  TIMEOUT 0.065344
 49         28         28         40      0.0653         40          40      0.0000      2.5700
ALPHA 1.0349 MaxIteration 6639  TIMEOUT 0.062704
 50         28         28         40      0.0627         40          40      0.0000      2.7000
ALPHA 1.0349 MaxIteration 6870  TIMEOUT 0.066943
 51         28         28         40      0.0669         40          40      0.0000      2.8300
ALPHA 1.0349 MaxIteration 7109  TIMEOUT 0.068504
 52         28         28         40      0.0685         40          40      0.0000      2.9600
ALPHA 1.0349 MaxIteration 7356  TIMEOUT 0.070498
 53         28         28         40      0.0705         40          40      0.0000      3.1100
ALPHA 1.0349 MaxIteration 7612  TIMEOUT 0.075696
 54         28         28         40      0.0757         40          40      0.0000      3.2600
ALPHA 1.0349 MaxIteration 7877  TIMEOUT 0.072577
 55         28         28         40      0.0726         40          40      0.0000      3.4000
ALPHA 1.0349 MaxIteration 8151  TIMEOUT 0.078263
 56         28         28         40      0.0783         40          40      0.0000      3.5500
ALPHA 1.0349 MaxIteration 8435  TIMEOUT 0.082265
 57         28         28         40      0.0823         40          40      0.0000      3.7200
ALPHA 1.0349 MaxIteration 8729  TIMEOUT 0.080724
 58         28         28         40      0.0807         40          40      0.0000      3.8900
ALPHA 1.0349 MaxIteration 9033  TIMEOUT 0.091433
 59         28         28         40      0.0914         40          40      0.0000      4.0800
ALPHA 1.0349 MaxIteration 9347  TIMEOUT 0.090822
 60         28         28         40      0.0908         40          40      0.0000      4.2700
ALPHA 1.0349 MaxIteration 9672  TIMEOUT 0.091523
 61         28         28         40      0.0915         40          40      0.0000      4.4600
ALPHA 1.0349 MaxIteration 10009  TIMEOUT 0.093365
 62         28         28         40      0.0934         40          40      0.0000      4.6500
ALPHA 1.0349 MaxIteration 10357  TIMEOUT 0.099984
 63         28         28         40      0.1000         40          40      0.0000      4.8500
ALPHA 1.0349 MaxIteration 10718  TIMEOUT 0.103037
 64         28         28         40      0.1030         40          40      0.0000      5.0548
ALPHA 1.0349 MaxIteration 11091  TIMEOUT 0.102466
 65         28         28         40      0.1025         40          40      0.0000      5.2600
ALPHA 1.0349 MaxIteration 11477  TIMEOUT 0.110728
 66         28         28         40      0.1107         40          40      0.0000      5.4800
ALPHA 1.0349 MaxIteration 11877  TIMEOUT 0.112159
 67         28         28         40      0.1122         40          40      0.0000      5.7100
ALPHA 1.0349 MaxIteration 12291  TIMEOUT 0.117186
 68         28         28         40      0.1172         40          40      0.0000      5.9400
ALPHA 1.0349 MaxIteration 12719  TIMEOUT 0.118940
 69         28         28         40      0.1189         40          40      0.0000      6.1700
ALPHA 1.0349 MaxIteration 13162  TIMEOUT 0.126878
 70         28         28         40      0.1269         40          40      0.0000      6.4200
ALPHA 1.0349 MaxIteration 13620  TIMEOUT 0.132947
 71         28         28         40      0.1329         40          40      0.0000      6.6900
ALPHA 1.0349 MaxIteration 14094  TIMEOUT 0.134336
 72         28         28         40      0.1343         40          40      0.0000      6.9600
ALPHA 1.0349 MaxIteration 14585  TIMEOUT 0.136254
 73         28         28         40      0.1363         40          40      0.0000      7.2300
ALPHA 1.0349 MaxIteration 15093  TIMEOUT 0.147923
 74         28         28         40      0.1479         40          40      0.0000      7.5100
ALPHA 1.0349 MaxIteration 15619  TIMEOUT 0.148511
 75         28         28         40      0.1485         40          40      0.0000      7.8000
ALPHA 1.0349 MaxIteration 16163  TIMEOUT 0.157434
 76         28         28         40      0.1574         40          40      0.0000      8.1100
ALPHA 1.0349 MaxIteration 16726  TIMEOUT 0.162177
 77         28         28         40      0.1622         40          40      0.0000      8.4400
ALPHA 1.0349 MaxIteration 17309  TIMEOUT 0.167029
 78         28         28         40      0.1670         40          40      0.0000      8.7700
ALPHA 1.0349 MaxIteration 17912  TIMEOUT 0.174167
 79         28         28         40      0.1742         40          40      0.0000      9.1100
ALPHA 1.0349 MaxIteration 18536  TIMEOUT 0.182029
 80         28         28         40      0.1820         40          40      0.0000      9.4800
ALPHA 1.0349 MaxIteration 19182  TIMEOUT 0.189380
 81         28         28         40      0.1894         40          40      0.0000      9.8500
ALPHA 1.0349 MaxIteration 19850  TIMEOUT 0.192882
 82         28         28         40      0.1929         40          40      0.0000     10.2400
ALPHA 1.0349 MaxIteration 20541  TIMEOUT 0.195616
 83         28         28         40      0.1956         40          40      0.0000     10.6200
ALPHA 1.0349 MaxIteration 21257  TIMEOUT 0.205584
 84         28         28         40      0.2056         40          40      0.0000     11.0300
ALPHA 1.0349 MaxIteration 21997  TIMEOUT 0.206774
 85         28         28         40      0.2068         40          40      0.0000     11.4400
ALPHA 1.0349 MaxIteration 22763  TIMEOUT 0.224362
 86         28         28         40      0.2244         40          40      0.0000     11.8900
ALPHA 1.0349 MaxIteration 23556  TIMEOUT 0.225845
 87         28         28         40      0.2258         40          40      0.0000     12.3300
ALPHA 1.0349 MaxIteration 24377  TIMEOUT 0.240776
 88         28         28         40      0.2408         40          40      0.0000     12.8200
ALPHA 1.0349 MaxIteration 25226  TIMEOUT 0.244634
 89         28         28         40      0.2446         40          40      0.0000     13.3100
ALPHA 1.0349 MaxIteration 26105  TIMEOUT 0.259755
 90         28         28         40      0.2598         40          40      0.0000     13.8200
ALPHA 1.0349 MaxIteration 27014  TIMEOUT 0.265240
 91         28         28         40      0.2652         40          40      0.0000     14.3500
ALPHA 1.0349 MaxIteration 27955  TIMEOUT 0.272566
 92         28         28         40      0.2726         40          40      0.0000     14.9000
ALPHA 1.0349 MaxIteration 28929  TIMEOUT 0.277291
 93         28         28         40      0.2773         40          40      0.0000     15.4500
ALPHA 1.0349 MaxIteration 29937  TIMEOUT 0.288336
 94         28         28         40      0.2883         40          40      0.0000     16.0200
ALPHA 1.0349 MaxIteration 30980  TIMEOUT 0.297810
 95         28         28         40      0.2978         40          40      0.0000     16.6100
ALPHA 1.0349 MaxIteration 32059  TIMEOUT 0.305555
 96         28         28         40      0.3056         40          40      0.0000     17.2100
ALPHA 1.0349 MaxIteration 33176  TIMEOUT 0.322382
 97         28         28         40      0.3224         40          40      0.0000     17.8600
ALPHA 1.0349 MaxIteration 34332  TIMEOUT 0.333341
 98         28         28         40      0.3333         40          40      0.0000     18.5300
ALPHA 1.0349 MaxIteration 35528  TIMEOUT 0.345695
 99         28         28         40      0.3457         40          40      0.0000     19.2200
ALPHA 1.0349 MaxIteration 36766  TIMEOUT 0.343242
100         28         28         40      0.3432         40          40      0.0000     19.9100
ALPHA 1.0349 MaxIteration 38047  TIMEOUT 0.089983
101         25         28         62      0.0900>>> T1_50_1000_0.wclq |V| 50 |E| 1000  (#LB 0.0000 28 ---> 28  0.4286  40 <--- 40  0.0000 #UB)  #solve_ime 20.0000 read_time 0.0000 
