>>IBM: |V|=250 |E|=2000
>>IBM: The maximum node weight is 682
/public/home/acs4vb4pqv/benchmarks/MWDS2026/T2_wclq/T2_250_2000_3.wclq #seed 2 #alpha 1.900 #timeout 0.100 K=5 RHO=0.05 Q0=0.90 BETA=3.5 AQ_MODE=guarded SAFE_AQ_MIN_GAP=0.050 SAFE_AQ_MIN_NODES=800 AQ_SLOPE_MARGIN=1.05 AQ_MAX_UB_DRIFT=0.25 AQ_HEAVY_FRAC=0.20 AQ_HEAVY_ANTS=6
[v19] |V|=250 |E|=2000 density=8.00 USE_ADVANCED=0
#Rd        #LB        #LB*       #UB       #Time        #UB+        #UB*      #Time      #TotalTime
First Gap  0.220339
ALPHA 1.9000 MaxIteration 500  TIMEOUT 0.099759
  1       1003       1003       1224      0.0998
 [AQ bandit arm] arm=1 gap=0.2203 density=8.00 |V|=250

 [AQ small-headroom probe] gap=0.2203 density=8.00 |V|=250 => Light RL (K=3, 5.0%)
ALPHA 1.9000 MaxIteration 3  TIMEOUT 0.001529
  2        904       1003       1450      0.0015ALPHA 1.8304 MaxIteration 5  TIMEOUT 0.002690
  3        956       1003       1421      0.0027 [AQ guard] no early LB gain, disabling AQ
       1189        1189      0.0000      0.1086
ALPHA 1.7658 MaxIteration 9  TIMEOUT 0.000939
  4        885       1003       1389      0.0009       1191        1189      0.0000      0.1186
ALPHA 1.7056 MaxIteration 15  TIMEOUT 0.003046
  5        969       1003       1278      0.0030       1189        1189      0.0000      0.1286
ALPHA 1.6493 MaxIteration 25  TIMEOUT 0.002752
  6        909       1003       1332      0.0028       1189        1189      0.0000      0.1386
ALPHA 1.5966 MaxIteration 41  TIMEOUT 0.009524
  7        949       1003       1273      0.0095       1189        1189      0.0000      0.1486
ALPHA 1.5472 MaxIteration 65  TIMEOUT 0.013322
  8        953       1003       1248      0.0133       1183        1183      0.0000      0.1786
ALPHA 1.5008 MaxIteration 100  TIMEOUT 0.023173
  9        956       1003       1303      0.0232       1183        1183      0.0100      0.2286
ALPHA 1.4571 MaxIteration 150  TIMEOUT 0.014473
 10        921       1003       1302      0.0145       1183        1183      0.0000      0.2586
ALPHA 1.4158 MaxIteration 218  TIMEOUT 0.055427
 11        936       1003       1249      0.0554       1183        1183      0.0100      0.3686
ALPHA 1.3768 MaxIteration 308  TIMEOUT 0.028960
 12        944       1003       1267      0.0290       1183        1183      0.0100      0.4186
ALPHA 1.3399 MaxIteration 424  TIMEOUT 0.065767
 13        932       1003       1273      0.0658       1183        1183      0.0000      0.5386
ALPHA 1.3049 MaxIteration 568  TIMEOUT 0.047377
 14        932       1003       1276      0.0474       1183        1183      0.0200      0.6286
ALPHA 1.2718 MaxIteration 741  TIMEOUT 0.071654
 15        927       1003       1286      0.0717       1183        1183      0.0000      0.7786
ALPHA 1.2402 MaxIteration 942  TIMEOUT 0.208056
 16        934       1003       1267      0.2081       1183        1183      0.0100      1.1786
ALPHA 1.2102 MaxIteration 1168  TIMEOUT 0.098196
 17        931       1003       1273      0.0982       1183        1183      0.0100      1.3686
ALPHA 1.1816 MaxIteration 1413  TIMEOUT 0.117630
 18        930       1003       1267      0.1176       1183        1183      0.0100      1.5886
ALPHA 1.1543 MaxIteration 1669  TIMEOUT 0.137469
 19        933       1003       1266      0.1375       1183        1183      0.0000      1.8586
ALPHA 1.1283 MaxIteration 1926  TIMEOUT 0.170982
 20        928       1003       1280      0.1710       1183        1183      0.0000      2.1986
ALPHA 1.1034 MaxIteration 2173  TIMEOUT 0.423414
 21        936       1003       1277      0.4234       1183        1183      0.0100      3.0286
ALPHA 1.0795 MaxIteration 2397  TIMEOUT 0.738940
 22        945       1003       1273      0.7389       1183        1183      0.0200      4.4886
ALPHA 1.0567 MaxIteration 2587  TIMEOUT 0.402681
 23        928       1003       1267      0.4027       1183        1183      0.0000      5.2786
ALPHA 1.0349 MaxIteration 2733  TIMEOUT 0.235406
 24        931       1003       1250      0.2354       1183        1183      0.2000      5.7386
ALPHA 1.0349 MaxIteration 2828  TIMEOUT 0.507274
 25        934       1003       1250      0.5073       1183        1183      0.0100      6.7286
ALPHA 1.0349 MaxIteration 2926  TIMEOUT 0.289087
 26        935       1003       1267      0.2891       1183        1183      0.0000      7.2886
ALPHA 1.0349 MaxIteration 3027  TIMEOUT 0.241388
 27        933       1003       1271      0.2414       1183        1183      0.0200      7.7686
ALPHA 1.0349 MaxIteration 3132  TIMEOUT 0.266121
 28        932       1003       1278      0.2661       1183        1183      0.0100      8.2886
ALPHA 1.0349 MaxIteration 3241  TIMEOUT 0.266508
 29        932       1003       1268      0.2665       1183        1183      0.0200      8.8086
ALPHA 1.0349 MaxIteration 3353  TIMEOUT 0.332030
 30        934       1003       1290      0.3320       1183        1183      0.3200      9.4686
ALPHA 1.0349 MaxIteration 3469  TIMEOUT 0.312536
 31        935       1003       1269      0.3125       1183        1183      0.0000     10.0886
ALPHA 1.0349 MaxIteration 3589  TIMEOUT 0.274917
 32        933       1003       1269      0.2749       1183        1183      0.0300     10.6286
ALPHA 1.0349 MaxIteration 3714  TIMEOUT 0.289244
 33        933       1003       1284      0.2892       1183        1183      0.0100     11.1986
ALPHA 1.0349 MaxIteration 3843  TIMEOUT 0.428113
 34        935       1003       1267      0.4281       1183        1183      0.0000     12.0386
ALPHA 1.0349 MaxIteration 3976  TIMEOUT 0.867523
 35        941       1003       1260      0.8675       1183        1183      0.1100     13.7186
ALPHA 1.0349 MaxIteration 4114  TIMEOUT 0.387603
 36        935       1003       1280      0.3876       1183        1183      0.0100     14.4686
ALPHA 1.0349 MaxIteration 4257  TIMEOUT 0.421251
 37        933       1003       1280      0.4213       1183        1183      0.0100     15.2986
ALPHA 1.0349 MaxIteration 4405  TIMEOUT 0.393916
 38        935       1003       1250      0.3939       1183        1183      0.0000     16.0786
ALPHA 1.0349 MaxIteration 4558  TIMEOUT 0.501126
 39        935       1003       1276      0.5011       1183        1183      0.0000     17.0686
ALPHA 1.0349 MaxIteration 4716  TIMEOUT 0.368115
 40        939       1003       1265      0.3681       1183        1183      0.0000     17.7686
ALPHA 1.0349 MaxIteration 4880  TIMEOUT 0.417077
 41        932       1003       1286      0.4171       1183        1183      0.0400     18.5495
ALPHA 1.0349 MaxIteration 5050  TIMEOUT 0.487044
 42        935       1003       1280      0.4870       1183        1183      0.0100     19.4786
ALPHA 1.0349 MaxIteration 5226  TIMEOUT 0.412876
 43        935       1003       1250      0.4129       1183        1183      0.0000     19.9886
ALPHA 1.0349 MaxIteration 5408  TIMEOUT 0.011490
 44        880       1003       1289      0.0115>>> T2_250_2000_3.wclq |V| 250 |E| 2000  (#LB 0.0000 1003 ---> 1003  0.1795  1183 <--- 1224  0.0335 #UB)  #solve_ime 20.0001 read_time 0.0014 
