>>IBM: |V|=50 |E|=1000
>>IBM: The maximum node weight is 49
/public/home/acs4vb4pqv/benchmarks/MWDS2026/T1_wclq/T1_50_1000_0.wclq #seed 102 #alpha 1.900 #timeout 0.100 K=5 RHO=0.05 Q0=0.90 BETA=3.5 AQ_MODE=dbs SAFE_AQ_MIN_GAP=0.050 SAFE_AQ_MIN_NODES=800 AQ_SLOPE_MARGIN=1.05 AQ_MAX_UB_DRIFT=0.25 AQ_HEAVY_FRAC=0.20 AQ_HEAVY_ANTS=6
[v19] |V|=50 |E|=1000 density=20.00 USE_ADVANCED=0
#Rd        #LB        #LB*       #UB       #Time        #UB+        #UB*      #Time      #TotalTime
First Gap  0.428571
ALPHA 1.9000 MaxIteration 500  TIMEOUT 0.002723
  1         28         28         40      0.0027         40          40      0.0000      0.0075
ALPHA 1.9000 MaxIteration 3  TIMEOUT 0.000047
  2         25         28         40      0.0000         40          40      0.0000      0.0175
ALPHA 1.8304 MaxIteration 5  TIMEOUT 0.000065
  3         25         28         62      0.0001         40          40      0.0000      0.0275
ALPHA 1.7658 MaxIteration 9  TIMEOUT 0.000086
  4         25         28         62      0.0001         40          40      0.0000      0.0375
ALPHA 1.7056 MaxIteration 15  TIMEOUT 0.000126
  5         25         28         62      0.0001         40          40      0.0000      0.0475
ALPHA 1.6493 MaxIteration 25  TIMEOUT 0.000193
  6         25         28         62      0.0002         40          40      0.0000      0.0575
ALPHA 1.5966 MaxIteration 41  TIMEOUT 0.000305
  7         25         28         62      0.0003         40          40      0.0000      0.0675
ALPHA 1.5472 MaxIteration 65  TIMEOUT 0.000469
  8         25         28         62      0.0005         40          40      0.0000      0.0775
ALPHA 1.5008 MaxIteration 100  TIMEOUT 0.000693
  9         25         28         62      0.0007         40          40      0.0000      0.0875
ALPHA 1.4571 MaxIteration 150  TIMEOUT 0.001037
 10         25         28         62      0.0010         40          40      0.0000      0.0975
ALPHA 1.4158 MaxIteration 218  TIMEOUT 0.001490
 11         25         28         62      0.0015         40          40      0.0000      0.1075
ALPHA 1.3768 MaxIteration 308  TIMEOUT 0.002147
 12         25         28         62      0.0021         40          40      0.0000      0.1175
ALPHA 1.3399 MaxIteration 424  TIMEOUT 0.002846
 13         25         28         62      0.0028         40          40      0.0000      0.1275
ALPHA 1.3049 MaxIteration 568  TIMEOUT 0.003803
 14         25         28         62      0.0038         40          40      0.0000      0.1375
ALPHA 1.2718 MaxIteration 741  TIMEOUT 0.005072
 15         25         28         62      0.0051         40          40      0.0000      0.1475
ALPHA 1.2402 MaxIteration 942  TIMEOUT 0.006341
 16         25         28         62      0.0063         40          40      0.0000      0.1575
ALPHA 1.2102 MaxIteration 1168  TIMEOUT 0.007788
 17         25         28         62      0.0078         40          40      0.0000      0.1674
ALPHA 1.1816 MaxIteration 1413  TIMEOUT 0.009538
 18         25         28         62      0.0095         40          40      0.0000      0.1775
ALPHA 1.1543 MaxIteration 1669  TIMEOUT 0.011198
 19         25         28         62      0.0112         40          40      0.0000      0.2075
ALPHA 1.1283 MaxIteration 1926  TIMEOUT 0.013501
 20         25         28         62      0.0135         40          40      0.0000      0.2375
ALPHA 1.1034 MaxIteration 2173  TIMEOUT 0.015186
 21         25         28         62      0.0152         40          40      0.0000      0.2675
ALPHA 1.0795 MaxIteration 2397  TIMEOUT 0.016263
 22         25         28         62      0.0163         40          40      0.0000      0.2974
ALPHA 1.0567 MaxIteration 2587  TIMEOUT 0.015897
 23         25         28         62      0.0159         40          40      0.0000      0.3275
ALPHA 1.0349 MaxIteration 2733  TIMEOUT 0.016721
 24         25         28         62      0.0167         40          40      0.0000      0.3575
ALPHA 1.0349 MaxIteration 2828  TIMEOUT 0.019806
 25         25         28         62      0.0198         40          40      0.0000      0.3875
ALPHA 1.0349 MaxIteration 2926  TIMEOUT 0.019219
 26         25         28         62      0.0192         40          40      0.0000      0.4175
ALPHA 1.0349 MaxIteration 3027  TIMEOUT 0.020671
 27         25         28         62      0.0207         40          40      0.0000      0.4675
ALPHA 1.0349 MaxIteration 3132  TIMEOUT 0.021749
 28         25         28         62      0.0217         40          40      0.0000      0.5175
ALPHA 1.0349 MaxIteration 3241  TIMEOUT 0.022354
 29         25         28         62      0.0224         40          40      0.0000      0.5675
ALPHA 1.0349 MaxIteration 3353  TIMEOUT 0.021224
 30         25         28         62      0.0212         40          40      0.0000      0.6175
ALPHA 1.0349 MaxIteration 3469  TIMEOUT 0.023552
 31         25         28         62      0.0236         40          40      0.0000      0.6675
ALPHA 1.0349 MaxIteration 3589  TIMEOUT 0.023200
 32         25         28         62      0.0232         40          40      0.0000      0.7175
ALPHA 1.0349 MaxIteration 3714  TIMEOUT 0.025875
 33         25         28         62      0.0259         40          40      0.0000      0.7675
ALPHA 1.0349 MaxIteration 3843  TIMEOUT 0.025829
 34         25         28         62      0.0258         40          40      0.0000      0.8175
ALPHA 1.0349 MaxIteration 3976  TIMEOUT 0.027022
 35         25         28         62      0.0270         40          40      0.0000      0.8675
ALPHA 1.0349 MaxIteration 4114  TIMEOUT 0.024843
 36         25         28         62      0.0248         40          40      0.0000      0.9175
ALPHA 1.0349 MaxIteration 4257  TIMEOUT 0.030042
 37         25         28         62      0.0300         40          40      0.0000      0.9875
ALPHA 1.0349 MaxIteration 4405  TIMEOUT 0.030380
 38         25         28         62      0.0304         40          40      0.0000      1.0575
ALPHA 1.0349 MaxIteration 4558  TIMEOUT 0.028891
 39         25         28         62      0.0289         40          40      0.0000      1.1075
ALPHA 1.0349 MaxIteration 4716  TIMEOUT 0.031592
 40         25         28         62      0.0316         40          40      0.0000      1.1775
ALPHA 1.0349 MaxIteration 4880  TIMEOUT 0.033718
 41         25         28         62      0.0337         40          40      0.0000      1.2475
ALPHA 1.0349 MaxIteration 5050  TIMEOUT 0.034588
 42         25         28         62      0.0346         40          40      0.0000      1.3175
ALPHA 1.0349 MaxIteration 5226  TIMEOUT 0.036489
 43         25         28         62      0.0365         40          40      0.0000      1.3875
ALPHA 1.0349 MaxIteration 5408  TIMEOUT 0.037027
 44         25         28         62      0.0370         40          40      0.0000      1.4575
ALPHA 1.0349 MaxIteration 5596  TIMEOUT 0.037586
 45         25         28         62      0.0376         40          40      0.0000      1.5275
ALPHA 1.0349 MaxIteration 5791  TIMEOUT 0.037997
 46         25         28         62      0.0380         40          40      0.0000      1.5975
ALPHA 1.0349 MaxIteration 5992  TIMEOUT 0.039353
 47         25         28         62      0.0394         40          40      0.0000      1.6674
ALPHA 1.0349 MaxIteration 6200  TIMEOUT 0.039695
 48         25         28         62      0.0397         40          40      0.0000      1.7375
ALPHA 1.0349 MaxIteration 6416  TIMEOUT 0.045330
 49         25         28         62      0.0453         40          40      0.0000      1.8275
ALPHA 1.0349 MaxIteration 6639  TIMEOUT 0.045785
 50         25         28         62      0.0458         40          40      0.0000      1.9075
ALPHA 1.0349 MaxIteration 6870  TIMEOUT 0.044379
 51         25         28         62      0.0444         40          40      0.0000      1.9975
ALPHA 1.0349 MaxIteration 7109  TIMEOUT 0.047671
 52         25         28         62      0.0477         40          40      0.0000      2.0875
ALPHA 1.0349 MaxIteration 7356  TIMEOUT 0.051261
 53         25         28         62      0.0513         40          40      0.0000      2.1975
ALPHA 1.0349 MaxIteration 7612  TIMEOUT 0.050603
 54         25         28         62      0.0506         40          40      0.0000      2.3075
ALPHA 1.0349 MaxIteration 7877  TIMEOUT 0.054660
 55         25         28         62      0.0547         40          40      0.0000      2.4175
ALPHA 1.0349 MaxIteration 8151  TIMEOUT 0.055479
 56         25         28         62      0.0555         40          40      0.0000      2.5275
ALPHA 1.0349 MaxIteration 8435  TIMEOUT 0.058582
 57         25         28         62      0.0586         40          40      0.0000      2.6375
ALPHA 1.0349 MaxIteration 8729  TIMEOUT 0.059692
 58         25         28         62      0.0597         40          40      0.0000      2.7475
ALPHA 1.0349 MaxIteration 9033  TIMEOUT 0.063515
 59         25         28         62      0.0635         40          40      0.0000      2.8775
ALPHA 1.0349 MaxIteration 9347  TIMEOUT 0.065686
 60         25         28         62      0.0657         40          40      0.0000      3.0075
ALPHA 1.0349 MaxIteration 9672  TIMEOUT 0.066382
 61         25         28         62      0.0664         40          40      0.0000      3.1375
ALPHA 1.0349 MaxIteration 10009  TIMEOUT 0.067050
 62         25         28         62      0.0670         40          40      0.0000      3.2675
ALPHA 1.0349 MaxIteration 10357  TIMEOUT 0.072158
 63         25         28         62      0.0722         40          40      0.0000      3.4175
ALPHA 1.0349 MaxIteration 10718  TIMEOUT 0.070296
 64         25         28         62      0.0703         40          40      0.0000      3.5675
ALPHA 1.0349 MaxIteration 11091  TIMEOUT 0.076807
 65         25         28         62      0.0768         40          40      0.0000      3.7175
ALPHA 1.0349 MaxIteration 11477  TIMEOUT 0.079376
 66         25         28         62      0.0794         40          40      0.0000      3.8674
ALPHA 1.0349 MaxIteration 11877  TIMEOUT 0.080667
 67         25         28         62      0.0807         40          40      0.0000      4.0375
ALPHA 1.0349 MaxIteration 12291  TIMEOUT 0.081778
 68         25         28         62      0.0818         40          40      0.0000      4.2075
ALPHA 1.0349 MaxIteration 12719  TIMEOUT 0.090025
 69         25         28         62      0.0900         40          40      0.0000      4.3875
ALPHA 1.0349 MaxIteration 13162  TIMEOUT 0.089017
 70         25         28         62      0.0890         40          40      0.0000      4.5575
ALPHA 1.0349 MaxIteration 13620  TIMEOUT 0.094721
 71         25         28         62      0.0947         40          40      0.0000      4.7475
ALPHA 1.0349 MaxIteration 14094  TIMEOUT 0.093152
 72         25         28         62      0.0932         40          40      0.0000      4.9375
ALPHA 1.0349 MaxIteration 14585  TIMEOUT 0.099898
 73         25         28         62      0.0999         40          40      0.0000      5.1274
ALPHA 1.0349 MaxIteration 15093  TIMEOUT 0.103404
 74         25         28         62      0.1034         40          40      0.0000      5.3375
ALPHA 1.0349 MaxIteration 15619  TIMEOUT 0.108292
 75         25         28         62      0.1083         40          40      0.0000      5.5375
ALPHA 1.0349 MaxIteration 16163  TIMEOUT 0.109918
 76         25         28         62      0.1099         40          40      0.0100      5.7475
ALPHA 1.0349 MaxIteration 16726  TIMEOUT 0.114808
 77         25         28         62      0.1148         40          40      0.0000      5.9775
ALPHA 1.0349 MaxIteration 17309  TIMEOUT 0.117234
 78         25         28         62      0.1172         40          40      0.0000      6.2075
ALPHA 1.0349 MaxIteration 17912  TIMEOUT 0.127875
 79         25         28         62      0.1279         40          40      0.0000      6.4575
ALPHA 1.0349 MaxIteration 18536  TIMEOUT 0.129559
 80         25         28         62      0.1296         40          40      0.0000      6.6975
ALPHA 1.0349 MaxIteration 19182  TIMEOUT 0.133366
 81         25         28         62      0.1334         40          40      0.0000      6.9675
ALPHA 1.0349 MaxIteration 19850  TIMEOUT 0.133653
 82         25         28         62      0.1337         40          40      0.0000      7.2375
ALPHA 1.0349 MaxIteration 20541  TIMEOUT 0.138453
 83         25         28         62      0.1385         40          40      0.0000      7.5075
ALPHA 1.0349 MaxIteration 21257  TIMEOUT 0.136686
 84         25         28         62      0.1367         40          40      0.0000      7.7775
ALPHA 1.0349 MaxIteration 21997  TIMEOUT 0.149033
 85         25         28         62      0.1490         40          40      0.0000      8.0575
ALPHA 1.0349 MaxIteration 22763  TIMEOUT 0.156879
 86         25         28         62      0.1569         40          40      0.0000      8.3675
ALPHA 1.0349 MaxIteration 23556  TIMEOUT 0.163819
 87         25         28         62      0.1638         40          40      0.0000      8.6975
ALPHA 1.0349 MaxIteration 24377  TIMEOUT 0.164921
 88         25         28         62      0.1649         40          40      0.0000      9.0275
ALPHA 1.0349 MaxIteration 25226  TIMEOUT 0.176560
 89         25         28         62      0.1766         40          40      0.0000      9.3775
ALPHA 1.0349 MaxIteration 26105  TIMEOUT 0.183124
 90         25         28         62      0.1831         40          40      0.0000      9.7475
ALPHA 1.0349 MaxIteration 27014  TIMEOUT 0.187072
 91         25         28         62      0.1871         40          40      0.0000     10.1175
ALPHA 1.0349 MaxIteration 27955  TIMEOUT 0.200772
 92         25         28         62      0.2008         40          40      0.0000     10.5255
ALPHA 1.0349 MaxIteration 28929  TIMEOUT 0.199526
 93         25         28         62      0.1995         40          40      0.0000     10.9175
ALPHA 1.0349 MaxIteration 29937  TIMEOUT 0.205964
 94         25         28         62      0.2060         40          40      0.0000     11.3275
ALPHA 1.0349 MaxIteration 30980  TIMEOUT 0.214976
 95         25         28         62      0.2150         40          40      0.0000     11.7575
ALPHA 1.0349 MaxIteration 32059  TIMEOUT 0.210880
 96         25         28         62      0.2109         40          40      0.0000     12.1874
ALPHA 1.0349 MaxIteration 33176  TIMEOUT 0.231567
 97         25         28         62      0.2316         40          40      0.0000     12.6575
ALPHA 1.0349 MaxIteration 34332  TIMEOUT 0.239126
 98         25         28         62      0.2391         40          40      0.0000     13.1250
ALPHA 1.0349 MaxIteration 35528  TIMEOUT 0.245123
 99         25         28         62      0.2451         40          40      0.0000     13.6175
ALPHA 1.0349 MaxIteration 36766  TIMEOUT 0.255454
100         25         28         62      0.2555         40          40      0.0000     14.1274
ALPHA 1.0349 MaxIteration 38047  TIMEOUT 0.269236
101         25         28         62      0.2692         40          40      0.0000     14.6575
ALPHA 1.0349 MaxIteration 39373  TIMEOUT 0.279097
102         25         28         62      0.2791         40          40      0.0000     15.2075
ALPHA 1.0349 MaxIteration 40745  TIMEOUT 0.277760
103         25         28         62      0.2778         40          40      0.0000     15.7475
ALPHA 1.0349 MaxIteration 42165  TIMEOUT 0.293286
104         25         28         62      0.2933         40          40      0.0000     16.3275
ALPHA 1.0349 MaxIteration 43634  TIMEOUT 0.305207
105         25         28         62      0.3052         40          40      0.0000     16.9375
ALPHA 1.0349 MaxIteration 45155  TIMEOUT 0.302943
106         25         28         62      0.3029         40          40      0.0000     17.5375
ALPHA 1.0349 MaxIteration 46729  TIMEOUT 0.321013
107         25         28         62      0.3210         40          40      0.0000     18.1775
ALPHA 1.0349 MaxIteration 48357  TIMEOUT 0.336292
108         25         28         62      0.3363         40          40      0.0000     18.8475
ALPHA 1.0349 MaxIteration 50042  TIMEOUT 0.346230
109         25         28         62      0.3462         40          40      0.0000     19.5375
ALPHA 1.0349 MaxIteration 51786  TIMEOUT 0.344562
110         25         28         62      0.3446         40          40      0.0000     19.9975
ALPHA 1.0349 MaxIteration 53591  TIMEOUT 0.002538
111         25         28         62      0.0025>>> T1_50_1000_0.wclq |V| 50 |E| 1000  (#LB 0.0000 28 ---> 28  0.4286  40 <--- 40  0.0000 #UB)  #solve_ime 20.0000 read_time 0.0026 
