With  Parameters CUTOFF 20 SEED 3  ALPHA = 1.900  K=5 RHO=0.05 Q0=0.90 BETA=3.0 AQ_MODE=dbs
Reading  graph ...  time 0.004734  
Reducing graph ...  time 0.000358  
[v9] |V|=1000 |E|=20000 density=20.00 USE_ADVANCED=0 SAFE_AQ_MIN_GAP=0.050 DEEP_AQ_RANGE=[800, 5.00, 10.00] structure_blocks_aq=1 AQ_SLOPE_MARGIN=1.15 AQ_MAX_UB_DRIFT=0.20 AQ_PROBE_FRAC=0.15 AQ_T1LIKE_FRAC=0.15
#Rd        #LB        #LB*       #UB       #Time        #UB+        #UB*      #Time      #TotalTime
First Gap  0.437956
  1       5343       5343       7683      0.8087 [AQ bandit arm] arm=4 gap=0.4380 density=20.00 |V|=1000

 Switch to DBS-only search, timeout 0.808738....
 [Online-safe AQ structure guard] |V|=1000 density=20.00 outside [800, 5.00, 10.00], disabling AQ
       7177        7177      0.1311        1.6247
ALPHA 1.9000 MaxIteration 3  TIMEOUT 0.808738
  2       5078       5343       9590      0.0045       7200        7177      0.0044        1.6337
ALPHA 1.8304 MaxIteration 5  TIMEOUT 0.008578
  3       5216       5343       9422      0.0054       7394        7177      0.0044        1.6445
ALPHA 1.7658 MaxIteration 9  TIMEOUT 0.009875
  4       5372       5372       9286      0.0090       7286        7177      0.0051        1.6626
ALPHA 1.7056 MaxIteration 15  TIMEOUT 0.015959
  5       5579       5579       9512      0.0164       7211        7177      0.0068        1.6955
ALPHA 1.6493 MaxIteration 25  TIMEOUT 0.028026
  6       5579       5579       9086      0.0159       7211        7177      0.0045        1.7273
ALPHA 1.5966 MaxIteration 41  TIMEOUT 0.026151
  7       5626       5626       8750      0.0264       7238        7177      0.0264        1.7800
ALPHA 1.5472 MaxIteration 65  TIMEOUT 0.042089
  8       5765       5765       8738      0.0426       7177        7177      0.0097        1.8662
ALPHA 1.5008 MaxIteration 100  TIMEOUT 0.065873
  9       5773       5773       9245      0.0660       7177        7177      0.0357        1.9983
ALPHA 1.4571 MaxIteration 150  TIMEOUT 0.099118
 10       5827       5827       8797      0.0994       7177        7177      0.0037        2.1982
ALPHA 1.4158 MaxIteration 218  TIMEOUT 0.144849
 11       5824       5827       8366      0.1315       7177        7177      0.0137        2.4612
ALPHA 1.3768 MaxIteration 308  TIMEOUT 0.186169
 12       5824       5827       8550      0.1833       7177        7177      0.0056        2.8278
ALPHA 1.3399 MaxIteration 424  TIMEOUT 0.252317
 13       5823       5827       8473      0.2509       7177        7177      0.0047        3.3317
ALPHA 1.3049 MaxIteration 568  TIMEOUT 0.336246
 14       5870       5870       8561      0.3363       7177        7177      0.0080        4.0044
ALPHA 1.2718 MaxIteration 741  TIMEOUT 0.438824
 15       5870       5870       8385      0.4391       7177        7177      0.0397        4.8827
ALPHA 1.2402 MaxIteration 942  TIMEOUT 0.558444
 16       5870       5870       8369      0.5591       7177        7177      0.0074        6.0019
ALPHA 1.2102 MaxIteration 1168  TIMEOUT 0.693362
 17       5870       5870       8581      0.6935       7177        7177      0.0224        7.3900
ALPHA 1.1816 MaxIteration 1413  TIMEOUT 0.839261
 18       5870       5870       8391      0.8397       7177        7177      0.0110        9.0706
ALPHA 1.1543 MaxIteration 1669  TIMEOUT 0.992236
 19       5870       5870       8367      0.9928       7177        7177      0.0617       11.0563
ALPHA 1.1283 MaxIteration 1926  TIMEOUT 1.146018
 20       5870       5870       8316      1.1463       7177        7177      0.0646       13.3510
ALPHA 1.1034 MaxIteration 2173  TIMEOUT 1.293328
 21       5870       5870       8498      1.2934       7177        7177      0.0390       19.9977
>>> T2_1000_20000_9.wclq |V| 1000 |E| 20000  (#LB 0.0986 5343 ---> 5870  0.1821  7177 <--- 7683  0.0659 #UB)  #read_time 0.0047  #reduce_time 0.0004  #solve_time 19.9977  #total_time 20.0028
 