With  Parameters CUTOFF 20 SEED 3  ALPHA = 1.900  K=5 RHO=0.05 Q0=0.90 BETA=3.0 AQ_MODE=guarded
Reading  graph ...  time 0.000631  
Reducing graph ...  time 0.000043  
[v9] |V|=200 |E|=2000 density=10.00 USE_ADVANCED=0 SAFE_AQ_MIN_GAP=0.050 DEEP_AQ_RANGE=[800, 5.00, 10.00] structure_blocks_aq=1 AQ_SLOPE_MARGIN=1.15 AQ_MAX_UB_DRIFT=0.20 AQ_PROBE_FRAC=0.15 AQ_T1LIKE_FRAC=0.15
#Rd        #LB        #LB*       #UB       #Time        #UB+        #UB*      #Time      #TotalTime
First Gap  1.328283
  1        198        198        461      0.0375 [AQ bandit arm] arm=0 gap=1.3283 density=10.00 |V|=200

 Switch to DBS-only search, timeout 0.037458....
 [Online-safe AQ structure guard] |V|=200 density=10.00 outside [800, 5.00, 10.00], disabling AQ
        416         416      0.0022        0.0778
ALPHA 1.9000 MaxIteration 3  TIMEOUT 0.037458
  2        195        198        521      0.0003        426         416      0.0003        0.0784
ALPHA 1.8304 MaxIteration 5  TIMEOUT 0.000593
  3        196        198        532      0.0006        423         416      0.0004        0.0797
ALPHA 1.7658 MaxIteration 9  TIMEOUT 0.001161
  4        199        199        487      0.0012        420         416      0.0009        0.0821
ALPHA 1.7056 MaxIteration 15  TIMEOUT 0.002078
  5        199        199        510      0.0013        416         416      0.0013        0.0847
ALPHA 1.6493 MaxIteration 25  TIMEOUT 0.002231
  6        199        199        522      0.0023        416         416      0.0018        0.0903
ALPHA 1.5966 MaxIteration 41  TIMEOUT 0.003767
  7        209        209        520      0.0038        422         416      0.0025        0.0980
ALPHA 1.5472 MaxIteration 65  TIMEOUT 0.006141
  8        216        216        506      0.0056        422         416      0.0053        0.1093
ALPHA 1.5008 MaxIteration 100  TIMEOUT 0.008720
  9        219        219        527      0.0087        417         416      0.0056        0.1268
ALPHA 1.4571 MaxIteration 150  TIMEOUT 0.013106
 10        221        221        535      0.0132        416         416      0.0008        0.1531
ALPHA 1.4158 MaxIteration 218  TIMEOUT 0.019182
 11        219        221        478      0.0172        416         416      0.0022        0.1875
ALPHA 1.3768 MaxIteration 308  TIMEOUT 0.024323
 12        210        221        512      0.0243        416         416      0.0050        0.2362
ALPHA 1.3399 MaxIteration 424  TIMEOUT 0.033517
 13        215        221        522      0.0336        416         416      0.0008        0.3400
ALPHA 1.3049 MaxIteration 568  TIMEOUT 0.044973
 14        216        221        501      0.0450        416         416      0.0010        0.4711
ALPHA 1.2718 MaxIteration 741  TIMEOUT 0.058754
 15        212        221        502      0.0588        416         416      0.0023        0.6457
ALPHA 1.2402 MaxIteration 942  TIMEOUT 0.074763
 16        216        221        506      0.0748        416         416      0.0019        0.8753
ALPHA 1.2102 MaxIteration 1168  TIMEOUT 0.092773
 17        216        221        514      0.0920        416         416      0.0187        1.1580
ALPHA 1.1816 MaxIteration 1413  TIMEOUT 0.111344
 18        210        221        496      0.1114        416         416      0.0039        1.3990
ALPHA 1.1543 MaxIteration 1669  TIMEOUT 0.131657
 19        211        221        501      0.1317        416         416      0.0018        1.7324
ALPHA 1.1283 MaxIteration 1926  TIMEOUT 0.151998
 20        215        221        501      0.1520        416         416      0.0017        2.2052
ALPHA 1.1034 MaxIteration 2173  TIMEOUT 0.171519
 21        212        221        491      0.1716        416         416      0.0011        2.6164
ALPHA 1.0795 MaxIteration 2397  TIMEOUT 0.189319
 22        213        221        495      0.1894        416         416      0.0023        2.9962
ALPHA 1.0567 MaxIteration 2587  TIMEOUT 0.204418
 23        211        221        504      0.1994        416         416      0.0161        3.4601
ALPHA 1.0349 MaxIteration 2733  TIMEOUT 0.210725
 24        211        221        491      0.2108        416         416      0.0050        3.9480
ALPHA 1.0349 MaxIteration 2828  TIMEOUT 0.218104
 25        211        221        491      0.2181        416         416      0.0029        4.4130
ALPHA 1.0349 MaxIteration 2926  TIMEOUT 0.225724
 26        211        221        494      0.2258        416         416      0.0021        5.0480
ALPHA 1.0349 MaxIteration 3027  TIMEOUT 0.233632
 27        211        221        501      0.2301        416         416      0.0035        5.5633
ALPHA 1.0349 MaxIteration 3132  TIMEOUT 0.238147
 28        211        221        469      0.2382        416         416      0.0026        6.1600
ALPHA 1.0349 MaxIteration 3241  TIMEOUT 0.246481
 29        211        221        469      0.2466        416         416      0.0015        6.7930
ALPHA 1.0349 MaxIteration 3353  TIMEOUT 0.255150
 30        211        221        469      0.2552        416         416      0.0010        7.5064
ALPHA 1.0349 MaxIteration 3469  TIMEOUT 0.264052
 31        211        221        469      0.2641        416         416      0.0101        8.2680
ALPHA 1.0349 MaxIteration 3589  TIMEOUT 0.273324
 32        211        221        469      0.2734        416         416      0.0205        8.9580
ALPHA 1.0349 MaxIteration 3714  TIMEOUT 0.282912
 33        211        221        469      0.2830        416         416      0.0021        9.8040
ALPHA 1.0349 MaxIteration 3843  TIMEOUT 0.292846
 34        211        221        469      0.2926        416         416      0.0114       10.5590
ALPHA 1.0349 MaxIteration 3976  TIMEOUT 0.302772
 35        211        221        469      0.3028        416         416      0.0020       11.4046
ALPHA 1.0349 MaxIteration 4114  TIMEOUT 0.313346
 36        211        221        469      0.3134        416         416      0.0035       12.2271
ALPHA 1.0349 MaxIteration 4257  TIMEOUT 0.324279
 37        211        221        469      0.3243        416         416      0.0015       13.1240
ALPHA 1.0349 MaxIteration 4405  TIMEOUT 0.335606
 38        211        221        469      0.3356        416         416      0.0018       19.9998
>>> T1_200_2000_8.wclq |V| 200 |E| 2000  (#LB 0.1162 198 ---> 221  0.4688  416 <--- 461  0.0976 #UB)  #read_time 0.0006  #reduce_time 0.0000  #solve_time 19.9998  #total_time 20.0005
 