With  Parameters CUTOFF 20 SEED 101  ALPHA = 1.900  K=5 RHO=0.05 Q0=0.90 BETA=3.0 AQ_MODE=dbs
Reading  graph ...  time 0.001013  
Reducing graph ...  time 0.000109  
[v9] |V|=1000 |E|=1000 density=1.00 USE_ADVANCED=1 SAFE_AQ_MIN_GAP=0.050 DEEP_AQ_RANGE=[800, 5.00, 10.00] structure_blocks_aq=1 AQ_SLOPE_MARGIN=1.15 AQ_MAX_UB_DRIFT=0.20 AQ_PROBE_FRAC=0.15 AQ_T1LIKE_FRAC=0.15
#Rd        #LB        #LB*       #UB       #Time        #UB+        #UB*      #Time      #TotalTime
First Gap  0.099244
  1      10318      10318      11342      0.2543 [AQ bandit arm] arm=4 gap=0.0992 density=1.00 |V|=1000

 Switch to DBS-only search, timeout 0.254276....
 [Online-safe AQ structure guard] |V|=1000 density=1.00 outside [800, 5.00, 10.00], disabling AQ
      10815       10815      0.1145        0.7798
ALPHA 1.9000 MaxIteration 3  TIMEOUT 0.254276
  2      10294      10318      11639      0.0008      11221       10815      0.0003        0.7815
ALPHA 1.8304 MaxIteration 5  TIMEOUT 0.001588
  3      10270      10318      11841      0.0012      11129       10815      0.0007        0.7839
ALPHA 1.7658 MaxIteration 9  TIMEOUT 0.002197
  4      10262      10318      11877      0.0024      11118       10815      0.0007        0.7887
ALPHA 1.7056 MaxIteration 15  TIMEOUT 0.004215
  5      10248      10318      11923      0.0036      11229       10815      0.0003        0.8058
ALPHA 1.6493 MaxIteration 25  TIMEOUT 0.006133
  6      10248      10318      11913      0.0063      11000       10815      0.0063        0.8183
ALPHA 1.5966 MaxIteration 41  TIMEOUT 0.010339
  7      10289      10318      11933      0.0105      11198       10815      0.0005        0.8579
ALPHA 1.5472 MaxIteration 65  TIMEOUT 0.016691
  8      10250      10318      11935      0.0169      10898       10815      0.0157        0.8916
ALPHA 1.5008 MaxIteration 100  TIMEOUT 0.026075
  9      10271      10318      11840      0.0262      10819       10815      0.0257        0.9441
ALPHA 1.4571 MaxIteration 150  TIMEOUT 0.039334
 10      10271      10318      11866      0.0338      10849       10815      0.0291        1.0117
ALPHA 1.4158 MaxIteration 218  TIMEOUT 0.049231
 11      10281      10318      11866      0.0492      10808       10808      0.0419        1.1102
ALPHA 1.3768 MaxIteration 308  TIMEOUT 0.069710
 12      10295      10318      11861      0.0698      10812       10808      0.0478        1.2498
ALPHA 1.3399 MaxIteration 424  TIMEOUT 0.096041
 13      10318      10318      11830      0.0961      10798       10798      0.0844        1.4421
ALPHA 1.3049 MaxIteration 568  TIMEOUT 0.128791
 14      10334      10334      11748      0.1290      10804       10798      0.1254        1.7010
ALPHA 1.2718 MaxIteration 741  TIMEOUT 0.168277
 15      10336      10336      11712      0.1684      10798       10798      0.1502        2.0378
ALPHA 1.2402 MaxIteration 942  TIMEOUT 0.214101
 16      10336      10336      11701      0.1772      10793       10793      0.1566        2.3933
ALPHA 1.2102 MaxIteration 1168  TIMEOUT 0.219764
 17      10340      10340      11687      0.2198      10787       10787      0.1591        2.8330
ALPHA 1.1816 MaxIteration 1413  TIMEOUT 0.266027
 18      10344      10344      11659      0.2661      10803       10787      0.2249        3.3663
ALPHA 1.1543 MaxIteration 1669  TIMEOUT 0.314455
 19      10341      10344      11552      0.3145      10794       10787      0.1681        3.9955
ALPHA 1.1283 MaxIteration 1926  TIMEOUT 0.363081
 20      10357      10357      11616      0.3632      10792       10787      0.2657        4.7270
ALPHA 1.1034 MaxIteration 2173  TIMEOUT 0.409795
 21      10351      10357      11547      0.4098      10793       10787      0.1335        5.5467
ALPHA 1.0795 MaxIteration 2397  TIMEOUT 0.452188
 22      10357      10357      11541      0.4523      10794       10787      0.2488        6.4513
ALPHA 1.0567 MaxIteration 2587  TIMEOUT 0.488228
 23      10365      10365      11589      0.4883      10797       10787      0.2580        7.4310
ALPHA 1.0349 MaxIteration 2733  TIMEOUT 0.516011
 24      10366      10366      11570      0.5162      10791       10787      0.3783        8.4654
ALPHA 1.0349 MaxIteration 2828  TIMEOUT 0.534159
 25      10364      10366      11588      0.5342      10792       10787      0.3872        9.5338
ALPHA 1.0349 MaxIteration 2926  TIMEOUT 0.552820
 26      10364      10366      11552      0.5530      10780       10780      0.1858       10.6408
ALPHA 1.0349 MaxIteration 3027  TIMEOUT 0.572231
 27      10364      10366      11581      0.5723      10778       10778      0.4871       11.7856
ALPHA 1.0349 MaxIteration 3132  TIMEOUT 0.592261
 28      10343      10366      11530      0.5923      10786       10778      0.3797       12.9733
ALPHA 1.0349 MaxIteration 3241  TIMEOUT 0.612960
 29      10364      10366      11572      0.6130      10776       10776      1.8435       19.9997
>>> T1_1000_1000_2.wclq |V| 1000 |E| 1000  (#LB 0.0047 10318 ---> 10366  0.0380  10776 <--- 11342  0.0499 #UB)  #read_time 0.0010  #reduce_time 0.0001  #solve_time 19.9998  #total_time 20.0009
 