With  Parameters CUTOFF 20 SEED 2  ALPHA = 1.900  K=5 RHO=0.05 Q0=0.90 BETA=3.0 AQ_MODE=dbs
Reading  graph ...  time 0.000912  
Reducing graph ...  time 0.000046  
[v9] |V|=150 |E|=2000 density=13.33 USE_ADVANCED=0 SAFE_AQ_MIN_GAP=0.050 DEEP_AQ_RANGE=[800, 5.00, 10.00] structure_blocks_aq=1 AQ_SLOPE_MARGIN=1.15 AQ_MAX_UB_DRIFT=0.20 AQ_PROBE_FRAC=0.15 AQ_T1LIKE_FRAC=0.15
#Rd        #LB        #LB*       #UB       #Time        #UB+        #UB*      #Time      #TotalTime
First Gap  0.188867
  1        503        503        598      0.0353 [AQ bandit arm] arm=4 gap=0.1889 density=13.33 |V|=150

 Switch to DBS-only search, timeout 0.035332....
 [Online-safe AQ structure guard] |V|=150 density=13.33 outside [800, 5.00, 10.00], disabling AQ
        598         598      0.0005        0.1308
ALPHA 1.9000 MaxIteration 3  TIMEOUT 0.035332
  2        492        503        672      0.0002        601         598      0.0002        0.1313
ALPHA 1.8304 MaxIteration 5  TIMEOUT 0.000433
  3        495        503        649      0.0004        601         598      0.0002        0.1322
ALPHA 1.7658 MaxIteration 9  TIMEOUT 0.000824
  4        512        512        649      0.0009        598         598      0.0002        0.1339
ALPHA 1.7056 MaxIteration 15  TIMEOUT 0.001527
  5        503        512        705      0.0015        598         598      0.0003        0.1370
ALPHA 1.6493 MaxIteration 25  TIMEOUT 0.002620
  6        501        512        655      0.0014        598         598      0.0002        0.1398
ALPHA 1.5966 MaxIteration 41  TIMEOUT 0.002278
  7        502        512        656      0.0023        598         598      0.0006        0.1568
ALPHA 1.5472 MaxIteration 65  TIMEOUT 0.003683
  8        502        512        638      0.0037        598         598      0.0002        0.1643
ALPHA 1.5008 MaxIteration 100  TIMEOUT 0.005743
  9        503        512        635      0.0058        598         598      0.0002        0.1888
ALPHA 1.4571 MaxIteration 150  TIMEOUT 0.008646
 10        503        512        638      0.0087        598         598      0.0003        0.2191
ALPHA 1.4158 MaxIteration 218  TIMEOUT 0.012620
 11        503        512        638      0.0127        598         598      0.0004        0.2603
ALPHA 1.3768 MaxIteration 308  TIMEOUT 0.017921
 12        503        512        638      0.0179        598         598      0.0005        0.2982
ALPHA 1.3399 MaxIteration 424  TIMEOUT 0.024693
 13        503        512        638      0.0244        598         598      0.0003        0.3480
ALPHA 1.3049 MaxIteration 568  TIMEOUT 0.032723
 14        503        512        638      0.0316        598         598      0.0003        0.4122
ALPHA 1.2718 MaxIteration 741  TIMEOUT 0.041187
 15        503        512        638      0.0402        598         598      0.0003        0.4927
ALPHA 1.2402 MaxIteration 942  TIMEOUT 0.051118
 16        503        512        635      0.0452        598         598      0.0003        0.5885
ALPHA 1.2102 MaxIteration 1168  TIMEOUT 0.056069
 17        503        512        635      0.0561        598         598      0.0003        0.7028
ALPHA 1.1816 MaxIteration 1413  TIMEOUT 0.067888
 18        505        512        635      0.0679        598         598      0.0005        0.8406
ALPHA 1.1543 MaxIteration 1669  TIMEOUT 0.080255
 19        505        512        601      0.0803        598         598      0.0003        1.0032
ALPHA 1.1283 MaxIteration 1926  TIMEOUT 0.092673
 20        505        512        601      0.0927        598         598      0.0005        1.1907
ALPHA 1.1034 MaxIteration 2173  TIMEOUT 0.104600
 21        505        512        601      0.1046        598         598      0.0003        1.4019
ALPHA 1.0795 MaxIteration 2397  TIMEOUT 0.115421
 22        505        512        601      0.1154        598         598      0.0003        1.6349
ALPHA 1.0567 MaxIteration 2587  TIMEOUT 0.124629
 23        505        512        601      0.1247        598         598      0.0009        1.8843
ALPHA 1.0349 MaxIteration 2733  TIMEOUT 0.131732
 24        505        512        601      0.1317        598         598      0.0003        2.1508
ALPHA 1.0349 MaxIteration 2828  TIMEOUT 0.136336
 25        505        512        601      0.1364        598         598      0.0003        2.4266
ALPHA 1.0349 MaxIteration 2926  TIMEOUT 0.141133
 26        505        512        601      0.1411        598         598      0.0003        2.7129
ALPHA 1.0349 MaxIteration 3027  TIMEOUT 0.146064
 27        505        512        601      0.1461        598         598      0.0003        3.0082
ALPHA 1.0349 MaxIteration 3132  TIMEOUT 0.151193
 28        505        512        601      0.1512        598         598      0.0003        3.3167
ALPHA 1.0349 MaxIteration 3241  TIMEOUT 0.156482
 29        505        512        601      0.1565        598         598      0.0006        3.6327
ALPHA 1.0349 MaxIteration 3353  TIMEOUT 0.161978
 30        505        512        601      0.1620        598         598      0.0003        3.9617
ALPHA 1.0349 MaxIteration 3469  TIMEOUT 0.167640
 31        505        512        601      0.1676        598         598      0.0003        4.2980
ALPHA 1.0349 MaxIteration 3589  TIMEOUT 0.173486
 32        505        512        601      0.1735        598         598      0.0003        4.6502
ALPHA 1.0349 MaxIteration 3714  TIMEOUT 0.179572
 33        505        512        601      0.1796        598         598      0.0005        5.0143
ALPHA 1.0349 MaxIteration 3843  TIMEOUT 0.185839
 34        505        512        601      0.1858        598         598      0.0005        5.3901
ALPHA 1.0349 MaxIteration 3976  TIMEOUT 0.192326
 35        505        512        601      0.1924        598         598      0.0003        5.7823
ALPHA 1.0349 MaxIteration 4114  TIMEOUT 0.199056
 36        505        512        601      0.1991        598         598      0.0003        6.1851
ALPHA 1.0349 MaxIteration 4257  TIMEOUT 0.206056
 37        505        512        601      0.2061        598         598      0.0003        6.6073
ALPHA 1.0349 MaxIteration 4405  TIMEOUT 0.213281
 38        505        512        601      0.2133        598         598      0.0003        7.0370
ALPHA 1.0349 MaxIteration 4558  TIMEOUT 0.220726
 39        505        512        601      0.2208        598         598      0.0007        7.4836
ALPHA 1.0349 MaxIteration 4716  TIMEOUT 0.228478
 40        505        512        601      0.2285        598         598      0.0003        7.9437
ALPHA 1.0349 MaxIteration 4880  TIMEOUT 0.236459
 41        505        512        601      0.2365        601         598      0.0002        8.5306
ALPHA 1.0349 MaxIteration 5050  TIMEOUT 0.244708
 42        509        512        635      0.2364        598         598      0.0002        9.0184
ALPHA 1.0349 MaxIteration 5226  TIMEOUT 0.244616
 43        509        512        635      0.2446        598         598      0.0003        9.5648
ALPHA 1.0349 MaxIteration 5408  TIMEOUT 0.253173
 44        509        512        635      0.2519        598         598      0.0003       10.1638
ALPHA 1.0349 MaxIteration 5596  TIMEOUT 0.260711
 45        509        512        635      0.2585        598         598      0.0002       10.6828
ALPHA 1.0349 MaxIteration 5791  TIMEOUT 0.267500
 46        509        512        635      0.2669        598         598      0.0007       11.2177
ALPHA 1.0349 MaxIteration 5992  TIMEOUT 0.276205
 47        509        512        635      0.2740        598         598      0.0005       11.7708
ALPHA 1.0349 MaxIteration 6200  TIMEOUT 0.283555
 48        509        512        635      0.2832        598         598      0.0004       12.3422
ALPHA 1.0349 MaxIteration 6416  TIMEOUT 0.293052
 49        509        512        635      0.2931        598         598      0.0002       12.9314
ALPHA 1.0349 MaxIteration 6639  TIMEOUT 0.303313
 50        509        512        635      0.3015        598         598      0.1581       13.5357
ALPHA 1.0349 MaxIteration 6870  TIMEOUT 0.312048
 51        509        512        635      0.3121        598         598      0.0003       19.9998
>>> T2_150_2000_1.wclq |V| 150 |E| 2000  (#LB 0.0179 503 ---> 512  0.1438  598 <--- 598  0.0000 #UB)  #read_time 0.0009  #reduce_time 0.0000  #solve_time 19.9998  #total_time 20.0008
 