>>IBM: |V|=200 |E|=17910
>>IBM: The maximum node weight is 200
/public/home/acs4vb4pqv/benchmarks/MWDS2026/dimacs/gen200_p0.9_55.clq #seed 102 #alpha 1.900 #timeout 0.100 K=5 RHO=0.05 Q0=0.90 BETA=3.5 AQ_MODE=dbs SAFE_AQ_MIN_GAP=0.050 SAFE_AQ_MIN_NODES=800 AQ_SLOPE_MARGIN=1.05 AQ_MAX_UB_DRIFT=0.25 AQ_HEAVY_FRAC=0.20 AQ_HEAVY_ANTS=6
[v19] |V|=200 |E|=17910 density=89.55 USE_ADVANCED=0
#Rd        #LB        #LB*       #UB       #Time        #UB+        #UB*      #Time      #TotalTime
First Gap  0.200000
ALPHA 1.9000 MaxIteration 500  TIMEOUT 0.067209
  1          5          5          6      0.0672          6           6      0.0000      0.1342
ALPHA 1.9000 MaxIteration 3  TIMEOUT 0.000520
  2          4          5          6      0.0005          6           6      0.0000      0.1443
ALPHA 1.8304 MaxIteration 5  TIMEOUT 0.000697
  3          4          5          6      0.0007          6           6      0.0000      0.1542
ALPHA 1.7658 MaxIteration 9  TIMEOUT 0.001102
  4          4          5          6      0.0011          6           6      0.0000      0.1643
ALPHA 1.7056 MaxIteration 15  TIMEOUT 0.001918
  5          4          5          6      0.0019          6           6      0.0000      0.1741
ALPHA 1.6493 MaxIteration 25  TIMEOUT 0.002947
  6          4          5          6      0.0029          6           6      0.0000      0.1841
ALPHA 1.5966 MaxIteration 41  TIMEOUT 0.004987
  7          4          5          6      0.0050          6           6      0.0000      0.1942
ALPHA 1.5472 MaxIteration 65  TIMEOUT 0.009010
  8          4          5          6      0.0090          6           6      0.0000      0.2042
ALPHA 1.5008 MaxIteration 100  TIMEOUT 0.015878
  9          4          5          6      0.0159          6           6      0.0000      0.2344
ALPHA 1.4571 MaxIteration 150  TIMEOUT 0.014583
 10          3          5          6      0.0146          6           6      0.0000      0.2645
ALPHA 1.4158 MaxIteration 218  TIMEOUT 0.020808
 11          3          5          6      0.0208          6           6      0.0000      0.3141
ALPHA 1.3768 MaxIteration 308  TIMEOUT 0.029569
 12          3          5          6      0.0296          6           6      0.0000      0.3642
ALPHA 1.3399 MaxIteration 424  TIMEOUT 0.040611
 13          3          5          6      0.0406          6           6      0.0000      0.4543
ALPHA 1.3049 MaxIteration 568  TIMEOUT 0.052746
 14          3          5          6      0.0527          6           6      0.0000      0.5644
ALPHA 1.2718 MaxIteration 741  TIMEOUT 0.071406
 15          3          5          6      0.0714          6           6      0.0000      0.7143
ALPHA 1.2402 MaxIteration 942  TIMEOUT 0.089699
 16          3          5          6      0.0897          6           6      0.0000      0.8941
ALPHA 1.2102 MaxIteration 1168  TIMEOUT 0.108301
 17          3          5          6      0.1083          6           6      0.0000      1.1041
ALPHA 1.1816 MaxIteration 1413  TIMEOUT 0.133813
 18          3          5          6      0.1338          6           6      0.0000      1.3743
ALPHA 1.1543 MaxIteration 1669  TIMEOUT 0.158177
 19          3          5          6      0.1582          6           6      0.0000      1.6842
ALPHA 1.1283 MaxIteration 1926  TIMEOUT 0.183945
 20          3          5          6      0.1839          6           6      0.0000      2.0543
ALPHA 1.1034 MaxIteration 2173  TIMEOUT 0.207665
 21          3          5          6      0.2077          6           6      0.0000      2.4642
ALPHA 1.0795 MaxIteration 2397  TIMEOUT 0.227061
 22          3          5          6      0.2271          6           6      0.0000      2.9141
ALPHA 1.0567 MaxIteration 2587  TIMEOUT 0.244103
 23          3          5          6      0.2441          6           6      0.0000      3.4041
ALPHA 1.0349 MaxIteration 2733  TIMEOUT 0.261001
 24          3          5          6      0.2610          6           6      0.0000      3.9342
ALPHA 1.0349 MaxIteration 2828  TIMEOUT 0.271760
 25          3          5          6      0.2718          6           6      0.0000      4.4841
ALPHA 1.0349 MaxIteration 2926  TIMEOUT 0.283185
 26          3          5          6      0.2832          6           6      0.0000      5.0542
ALPHA 1.0349 MaxIteration 3027  TIMEOUT 0.297290
 27          3          5          6      0.2973          6           6      0.0000      5.6441
ALPHA 1.0349 MaxIteration 3132  TIMEOUT 0.301772
 28          3          5          6      0.3018          6           6      0.0000      6.2541
ALPHA 1.0349 MaxIteration 3241  TIMEOUT 0.311869
 29          3          5          6      0.3119          6           6      0.0000      6.8741
ALPHA 1.0349 MaxIteration 3353  TIMEOUT 0.324258
 30          3          5          6      0.3243          6           6      0.0000      7.5241
ALPHA 1.0349 MaxIteration 3469  TIMEOUT 0.329848
 31          3          5          6      0.3298          6           6      0.0000      8.1841
ALPHA 1.0349 MaxIteration 3589  TIMEOUT 0.347136
 32          3          5          6      0.3471          6           6      0.0000      8.8742
ALPHA 1.0349 MaxIteration 3714  TIMEOUT 0.361657
 33          3          5          6      0.3617          6           6      0.0000      9.6044
ALPHA 1.0349 MaxIteration 3843  TIMEOUT 0.371444
 34          3          5          6      0.3714          6           6      0.0000     10.3543
ALPHA 1.0349 MaxIteration 3976  TIMEOUT 0.383428
 35          3          5          6      0.3834          6           6      0.0000     11.1142
ALPHA 1.0349 MaxIteration 4114  TIMEOUT 0.397460
 36          3          5          6      0.3975          6           6      0.0000     11.9043
ALPHA 1.0349 MaxIteration 4257  TIMEOUT 0.404571
 37          3          5          6      0.4046          6           6      0.0000     12.7144
ALPHA 1.0349 MaxIteration 4405  TIMEOUT 0.420096
 38          3          5          6      0.4201          6           6      0.0000     13.5641
ALPHA 1.0349 MaxIteration 4558  TIMEOUT 0.438591
 39          3          5          6      0.4386          6           6      0.0000     14.4241
ALPHA 1.0349 MaxIteration 4716  TIMEOUT 0.450918
 40          3          5          6      0.4509          6           6      0.0000     15.3344
ALPHA 1.0349 MaxIteration 4880  TIMEOUT 0.468084
 41          3          5          6      0.4681          6           6      0.0000     16.2642
ALPHA 1.0349 MaxIteration 5050  TIMEOUT 0.478438
 42          3          5          6      0.4784          6           6      0.0000     17.2143
ALPHA 1.0349 MaxIteration 5226  TIMEOUT 0.501490
 43          3          5          6      0.5015          6           6      0.0000     18.2245
ALPHA 1.0349 MaxIteration 5408  TIMEOUT 0.517174
 44          3          5          6      0.5172          6           6      0.0000     19.2443
ALPHA 1.0349 MaxIteration 5596  TIMEOUT 0.533608
 45          3          5          6      0.5336          6           6      0.0000     20.0043
>>> gen200_p0.9_55.clq |V| 200 |E| 17910  (#LB 0.0000 5 ---> 5  0.2000  6 <--- 6  0.0000 #UB)  #solve_ime 20.0043 read_time 0.0059 
