With  Parameters CUTOFF 20 SEED 3  ALPHA = 1.900  K=5 RHO=0.05 Q0=0.90 BETA=3.0 AQ_MODE=guarded
Reading  graph ...  time 0.000451  
Reducing graph ...  time 0.012026  
[v9] |V|=50 |E|=1000 density=20.00 USE_ADVANCED=0 SAFE_AQ_MIN_GAP=0.050 DEEP_AQ_RANGE=[800, 5.00, 10.00] structure_blocks_aq=1 AQ_SLOPE_MARGIN=1.15 AQ_MAX_UB_DRIFT=0.20 AQ_PROBE_FRAC=0.15 AQ_T1LIKE_FRAC=0.15
#Rd        #LB        #LB*       #UB       #Time        #UB+        #UB*      #Time      #TotalTime
First Gap  0.428571
  1         28         28         40      0.0040 [AQ bandit arm] arm=0 gap=0.4286 density=20.00 |V|=50

 Switch to DBS-only search, timeout 0.004022....
 [Online-safe AQ structure guard] |V|=50 density=20.00 outside [800, 5.00, 10.00], disabling AQ
         40          40      0.0118        0.0316
ALPHA 1.9000 MaxIteration 3  TIMEOUT 0.004022
  2         28         28         40      0.0000         40          40      0.0001        0.0317
ALPHA 1.8304 MaxIteration 5  TIMEOUT 0.000040
  3         28         28         62      0.0000         40          40      0.0001        0.0319
ALPHA 1.7658 MaxIteration 9  TIMEOUT 0.000046
  4         28         28         62      0.0000         40          40      0.0001        0.0321
ALPHA 1.7056 MaxIteration 15  TIMEOUT 0.000071
  5         28         28         62      0.0001         40          40      0.0001        0.0323
ALPHA 1.6493 MaxIteration 25  TIMEOUT 0.000099
  6         28         28         62      0.0001         40          40      0.0001        0.0326
ALPHA 1.5966 MaxIteration 41  TIMEOUT 0.000170
  7         28         28         62      0.0002         40          40      0.0001        0.0329
ALPHA 1.5472 MaxIteration 65  TIMEOUT 0.000286
  8         28         28         47      0.0003         40          40      0.0001        0.0335
ALPHA 1.5008 MaxIteration 100  TIMEOUT 0.000444
  9         28         28         47      0.0005         40          40      0.0001        0.0344
ALPHA 1.4571 MaxIteration 150  TIMEOUT 0.000681
 10         28         28         47      0.0007         40          40      0.0001        0.0358
ALPHA 1.4158 MaxIteration 218  TIMEOUT 0.001005
 11         28         28         47      0.0010         40          40      0.0001        0.0526
ALPHA 1.3768 MaxIteration 308  TIMEOUT 0.001427
 12         28         28         47      0.0014         40          40      0.0001        0.0555
ALPHA 1.3399 MaxIteration 424  TIMEOUT 0.001976
 13         28         28         47      0.0020         40          40      0.0001        0.0595
ALPHA 1.3049 MaxIteration 568  TIMEOUT 0.002653
 14         28         28         47      0.0027         40          40      0.0001        0.0648
ALPHA 1.2718 MaxIteration 741  TIMEOUT 0.003469
 15         28         28         47      0.0035         40          40      0.0001        0.0848
ALPHA 1.2402 MaxIteration 942  TIMEOUT 0.004416
 16         28         28         47      0.0044         40          40      0.0001        0.1044
ALPHA 1.2102 MaxIteration 1168  TIMEOUT 0.005488
 17         28         28         47      0.0055         40          40      0.0001        0.1154
ALPHA 1.1816 MaxIteration 1413  TIMEOUT 0.006655
 18         28         28         47      0.0067         40          40      0.0001        0.1419
ALPHA 1.1543 MaxIteration 1669  TIMEOUT 0.007873
 19         28         28         47      0.0079         40          40      0.0001        0.1904
ALPHA 1.1283 MaxIteration 1926  TIMEOUT 0.009102
 20         28         28         47      0.0091         40          40      0.0001        0.2164
ALPHA 1.1034 MaxIteration 2173  TIMEOUT 0.010276
 21         28         28         47      0.0103         40          40      0.0001        0.2424
ALPHA 1.0795 MaxIteration 2397  TIMEOUT 0.011350
 22         28         28         47      0.0114         40          40      0.0001        0.2684
ALPHA 1.0567 MaxIteration 2587  TIMEOUT 0.012265
 23         28         28         47      0.0123         40          40      0.0001        0.3000
ALPHA 1.0349 MaxIteration 2733  TIMEOUT 0.012964
 24         28         28         47      0.0130         40          40      0.0002        0.3411
ALPHA 1.0349 MaxIteration 2828  TIMEOUT 0.013438
 25         28         28         47      0.0134         40          40      0.0001        0.3680
ALPHA 1.0349 MaxIteration 2926  TIMEOUT 0.013913
 26         28         28         47      0.0139         40          40      0.0001        0.3958
ALPHA 1.0349 MaxIteration 3027  TIMEOUT 0.014405
 27         28         28         47      0.0144         40          40      0.0001        0.4256
ALPHA 1.0349 MaxIteration 3132  TIMEOUT 0.014917
 28         28         28         47      0.0149         40          40      0.0001        0.4554
ALPHA 1.0349 MaxIteration 3241  TIMEOUT 0.015443
 29         28         28         47      0.0154         40          40      0.0001        0.4873
ALPHA 1.0349 MaxIteration 3353  TIMEOUT 0.015986
 30         28         28         47      0.0160         40          40      0.0001        0.5193
ALPHA 1.0349 MaxIteration 3469  TIMEOUT 0.016556
 31         28         28         47      0.0166         40          40      0.0001        0.5524
ALPHA 1.0349 MaxIteration 3589  TIMEOUT 0.017140
 32         28         28         47      0.0171         40          40      0.0001        0.5867
ALPHA 1.0349 MaxIteration 3714  TIMEOUT 0.017741
 33         28         28         47      0.0177         40          40      0.0001        0.6222
ALPHA 1.0349 MaxIteration 3843  TIMEOUT 0.018366
 34         28         28         47      0.0184         40          40      0.0001        0.6610
ALPHA 1.0349 MaxIteration 3976  TIMEOUT 0.019008
 35         28         28         47      0.0190         40          40      0.0001        0.7011
ALPHA 1.0349 MaxIteration 4114  TIMEOUT 0.019675
 36         28         28         47      0.0197         40          40      0.0001        0.7414
ALPHA 1.0349 MaxIteration 4257  TIMEOUT 0.020369
 37         28         28         47      0.0204         40          40      0.0001        0.7822
ALPHA 1.0349 MaxIteration 4405  TIMEOUT 0.021091
 38         28         28         47      0.0211         40          40      0.0001        0.8244
ALPHA 1.0349 MaxIteration 4558  TIMEOUT 0.021832
 39         28         28         47      0.0218         40          40      0.0001        0.8721
ALPHA 1.0349 MaxIteration 4716  TIMEOUT 0.022601
 40         28         28         47      0.0226         40          40      0.0001        0.9173
ALPHA 1.0349 MaxIteration 4880  TIMEOUT 0.023391
 41         28         28         47      0.0234         40          40      0.0001        0.9661
ALPHA 1.0349 MaxIteration 5050  TIMEOUT 0.024209
 42         28         28         47      0.0242         40          40      0.0001        1.0156
ALPHA 1.0349 MaxIteration 5226  TIMEOUT 0.025060
 43         28         28         47      0.0251         40          40      0.0001        1.0657
ALPHA 1.0349 MaxIteration 5408  TIMEOUT 0.025941
 44         28         28         47      0.0259         40          40      0.0001        1.1176
ALPHA 1.0349 MaxIteration 5596  TIMEOUT 0.026850
 45         28         28         47      0.0269         40          40      0.0001        1.1714
ALPHA 1.0349 MaxIteration 5791  TIMEOUT 0.027794
 46         28         28         47      0.0278         40          40      0.0001        1.2270
ALPHA 1.0349 MaxIteration 5992  TIMEOUT 0.028773
 47         28         28         47      0.0288         40          40      0.0001        1.2906
ALPHA 1.0349 MaxIteration 6200  TIMEOUT 0.029781
 48         28         28         47      0.0298         40          40      0.0001        1.3502
ALPHA 1.0349 MaxIteration 6416  TIMEOUT 0.030828
 49         28         28         47      0.0308         40          40      0.0001        1.4128
ALPHA 1.0349 MaxIteration 6639  TIMEOUT 0.031910
 50         28         28         47      0.0319         40          40      0.0001        1.4767
ALPHA 1.0349 MaxIteration 6870  TIMEOUT 0.033028
 51         28         28         47      0.0330         40          40      0.0001        1.5437
ALPHA 1.0349 MaxIteration 7109  TIMEOUT 0.034187
 52         28         28         47      0.0342         40          40      0.0001        1.6142
ALPHA 1.0349 MaxIteration 7356  TIMEOUT 0.035389
 53         28         28         47      0.0354         40          40      0.0001        1.6870
ALPHA 1.0349 MaxIteration 7612  TIMEOUT 0.036627
 54         28         28         47      0.0366         40          40      0.0001        1.7603
ALPHA 1.0349 MaxIteration 7877  TIMEOUT 0.037915
 55         28         28         47      0.0379         40          40      0.0001        1.8361
ALPHA 1.0349 MaxIteration 8151  TIMEOUT 0.039243
 56         28         28         47      0.0393         40          40      0.0001        1.9186
ALPHA 1.0349 MaxIteration 8435  TIMEOUT 0.040621
 57         28         28         47      0.0406         40          40      0.0001        2.0009
ALPHA 1.0349 MaxIteration 8729  TIMEOUT 0.042042
 58         28         28         47      0.0420         40          40      0.0001        2.0870
ALPHA 1.0349 MaxIteration 9033  TIMEOUT 0.043513
 59         28         28         47      0.0435         40          40      0.0001        2.1751
ALPHA 1.0349 MaxIteration 9347  TIMEOUT 0.045033
 60         28         28         47      0.0450         40          40      0.0001        2.2672
ALPHA 1.0349 MaxIteration 9672  TIMEOUT 0.046612
 61         28         28         47      0.0466         40          40      0.0001        2.3614
ALPHA 1.0349 MaxIteration 10009  TIMEOUT 0.048239
 62         28         28         47      0.0482         40          40      0.0001        2.4580
ALPHA 1.0349 MaxIteration 10357  TIMEOUT 0.049922
 63         28         28         47      0.0499         40          40      0.0001        2.5628
ALPHA 1.0349 MaxIteration 10718  TIMEOUT 0.051669
 64         28         28         47      0.0517         40          40      0.0001        2.6692
ALPHA 1.0349 MaxIteration 11091  TIMEOUT 0.053476
 65         28         28         47      0.0535         40          40      0.0001        2.7792
ALPHA 1.0349 MaxIteration 11477  TIMEOUT 0.055349
 66         28         28         47      0.0554         40          40      0.0001        2.8899
ALPHA 1.0349 MaxIteration 11877  TIMEOUT 0.057288
 67         28         28         47      0.0573         40          40      0.0001        3.0095
ALPHA 1.0349 MaxIteration 12291  TIMEOUT 0.059288
 68         28         28         47      0.0593         40          40      0.0001        3.1281
ALPHA 1.0349 MaxIteration 12719  TIMEOUT 0.061366
 69         28         28         47      0.0614         40          40      0.0001        3.2549
ALPHA 1.0349 MaxIteration 13162  TIMEOUT 0.063511
 70         28         28         47      0.0635         40          40      0.0001        3.3850
ALPHA 1.0349 MaxIteration 13620  TIMEOUT 0.065732
 71         28         28         47      0.0657         40          40      0.0001        3.5185
ALPHA 1.0349 MaxIteration 14094  TIMEOUT 0.068025
 72         28         28         47      0.0680         40          40      0.0001        3.6586
ALPHA 1.0349 MaxIteration 14585  TIMEOUT 0.070403
 73         28         28         47      0.0704         40          40      0.0001        3.8054
ALPHA 1.0349 MaxIteration 15093  TIMEOUT 0.072871
 74         28         28         47      0.0729         40          40      0.0001        3.9532
ALPHA 1.0349 MaxIteration 15619  TIMEOUT 0.075412
 75         28         28         47      0.0754         40          40      0.0001        4.1060
ALPHA 1.0349 MaxIteration 16163  TIMEOUT 0.078048
 76         28         28         47      0.0781         40          40      0.0001        4.2642
ALPHA 1.0349 MaxIteration 16726  TIMEOUT 0.080780
 77         28         28         47      0.0808         40          40      0.0001        4.4328
ALPHA 1.0349 MaxIteration 17309  TIMEOUT 0.083604
 78         28         28         47      0.0836         40          40      0.0001        4.6030
ALPHA 1.0349 MaxIteration 17912  TIMEOUT 0.086522
 79         28         28         47      0.0865         40          40      0.0001        4.7781
ALPHA 1.0349 MaxIteration 18536  TIMEOUT 0.089546
 80         28         28         47      0.0896         40          40      0.0001        4.9622
ALPHA 1.0349 MaxIteration 19182  TIMEOUT 0.092693
 81         28         28         47      0.0927         40          40      0.0001        5.1496
ALPHA 1.0349 MaxIteration 19850  TIMEOUT 0.095927
 82         28         28         47      0.0959         40          40      0.0001        5.3435
ALPHA 1.0349 MaxIteration 20541  TIMEOUT 0.099279
 83         28         28         47      0.0993         40          40      0.0001        5.5431
ALPHA 1.0349 MaxIteration 21257  TIMEOUT 0.102748
 84         28         28         47      0.1028         40          40      0.0001        5.7517
ALPHA 1.0349 MaxIteration 21997  TIMEOUT 0.106341
 85         28         28         47      0.1063         40          40      0.0001        5.9654
ALPHA 1.0349 MaxIteration 22763  TIMEOUT 0.110056
 86         28         28         47      0.1101         40          40      0.0001        6.1896
ALPHA 1.0349 MaxIteration 23556  TIMEOUT 0.113904
 87         28         28         47      0.1139         40          40      0.0001        6.4195
ALPHA 1.0349 MaxIteration 24377  TIMEOUT 0.117886
 88         28         28         47      0.1179         40          40      0.0001        6.6593
ALPHA 1.0349 MaxIteration 25226  TIMEOUT 0.122003
 89         28         28         47      0.1220         40          40      0.0001        6.9063
ALPHA 1.0349 MaxIteration 26105  TIMEOUT 0.126262
 90         28         28         47      0.1263         40          40      0.0001        7.1669
ALPHA 1.0349 MaxIteration 27014  TIMEOUT 0.130675
 91         28         28         47      0.1307         40          40      0.0001        7.4323
ALPHA 1.0349 MaxIteration 27955  TIMEOUT 0.135237
 92         28         28         47      0.1352         40          40      0.0001        7.7088
ALPHA 1.0349 MaxIteration 28929  TIMEOUT 0.139957
 93         28         28         47      0.1400         40          40      0.0001        7.9937
ALPHA 1.0349 MaxIteration 29937  TIMEOUT 0.144846
 94         28         28         47      0.1448         40          40      0.0001        8.2875
ALPHA 1.0349 MaxIteration 30980  TIMEOUT 0.149897
 95         28         28         47      0.1499         40          40      0.0001        8.5903
ALPHA 1.0349 MaxIteration 32059  TIMEOUT 0.155128
 96         28         28         47      0.1551         40          40      0.0001        8.9056
ALPHA 1.0349 MaxIteration 33176  TIMEOUT 0.160550
 97         28         28         47      0.1606         40          40      0.0001        9.2298
ALPHA 1.0349 MaxIteration 34332  TIMEOUT 0.166153
 98         28         28         47      0.1662         40          40      0.0001        9.5681
ALPHA 1.0349 MaxIteration 35528  TIMEOUT 0.171950
 99         28         28         47      0.1720         40          40      0.0001        9.9171
ALPHA 1.0349 MaxIteration 36766  TIMEOUT 0.177952
100         28         28         47      0.1780         40          40      0.0001       10.2780
ALPHA 1.0349 MaxIteration 38047  TIMEOUT 0.184158
101         28         28         47      0.1842         40          40      0.0001       10.6503
ALPHA 1.0349 MaxIteration 39373  TIMEOUT 0.190584
102         28         28         47      0.1906         40          40      0.0001       11.0375
ALPHA 1.0349 MaxIteration 40745  TIMEOUT 0.197231
103         28         28         47      0.1972         40          40      0.0001       11.4381
ALPHA 1.0349 MaxIteration 42165  TIMEOUT 0.204113
104         28         28         47      0.2041         40          40      0.0001       11.8593
ALPHA 1.0349 MaxIteration 43634  TIMEOUT 0.211240
105         28         28         47      0.2112         40          40      0.0001       12.2918
ALPHA 1.0349 MaxIteration 45155  TIMEOUT 0.218608
106         28         28         47      0.2186         40          40      0.0001       12.7411
ALPHA 1.0349 MaxIteration 46729  TIMEOUT 0.226236
107         28         28         47      0.2262         40          40      0.0001       13.2036
ALPHA 1.0349 MaxIteration 48357  TIMEOUT 0.234125
108         28         28         47      0.2341         40          40      0.0001       19.9999
>>> T1_50_1000_0.wclq |V| 50 |E| 1000  (#LB 0.0000 28 ---> 28  0.3000  40 <--- 40  0.0000 #UB)  #read_time 0.0005  #reduce_time 0.0120  #solve_time 19.9999  #total_time 20.0124
 