With  Parameters CUTOFF 20 SEED 1  ALPHA = 1.900  K=5 RHO=0.05 Q0=0.90 BETA=3.0 AQ_MODE=guarded
Reading  graph ...  time 0.000601  
Reducing graph ...  time 0.000076  
[v9] |V|=1000 |E|=1000 density=1.00 USE_ADVANCED=1 SAFE_AQ_MIN_GAP=0.050 DEEP_AQ_RANGE=[800, 5.00, 10.00] structure_blocks_aq=1 AQ_SLOPE_MARGIN=1.15 AQ_MAX_UB_DRIFT=0.20 AQ_PROBE_FRAC=0.15 AQ_T1LIKE_FRAC=0.15
#Rd        #LB        #LB*       #UB       #Time        #UB+        #UB*      #Time      #TotalTime
First Gap  0.099244
  1      10318      10318      11342      0.2506 [AQ bandit arm] arm=0 gap=0.0992 density=1.00 |V|=1000

 Switch to DBS-only search, timeout 0.250576....
 [Online-safe AQ structure guard] |V|=1000 density=1.00 outside [800, 5.00, 10.00], disabling AQ
      10792       10792      0.1463        0.6443
ALPHA 1.9000 MaxIteration 3  TIMEOUT 0.250576
  2      10287      10318      11590      0.0008      11146       10792      0.0003        0.6459
ALPHA 1.8304 MaxIteration 5  TIMEOUT 0.001499
  3      10258      10318      11851      0.0012      11157       10792      0.0004        0.6483
ALPHA 1.7658 MaxIteration 9  TIMEOUT 0.002134
  4      10293      10318      11853      0.0020      11096       10792      0.0005        0.6522
ALPHA 1.7056 MaxIteration 15  TIMEOUT 0.003450
  5      10286      10318      11862      0.0036      11137       10792      0.0006        0.6594
ALPHA 1.6493 MaxIteration 25  TIMEOUT 0.006118
  6      10278      10318      11867      0.0062      11044       10792      0.0060        0.6719
ALPHA 1.5966 MaxIteration 41  TIMEOUT 0.010275
  7      10285      10318      11887      0.0095      10892       10792      0.0073        0.6909
ALPHA 1.5472 MaxIteration 65  TIMEOUT 0.015165
  8      10282      10318      11891      0.0153      10896       10792      0.0082        0.7214
ALPHA 1.5008 MaxIteration 100  TIMEOUT 0.023605
  9      10282      10318      11862      0.0215      10881       10792      0.0115        0.7682
ALPHA 1.4571 MaxIteration 150  TIMEOUT 0.032219
 10      10281      10318      11792      0.0290      10833       10792      0.0215        0.8379
ALPHA 1.4158 MaxIteration 218  TIMEOUT 0.042272
 11      10285      10318      11762      0.0424      10845       10792      0.0322        0.9228
ALPHA 1.3768 MaxIteration 308  TIMEOUT 0.060055
 12      10283      10318      11719      0.0601      10824       10792      0.0504        1.0430
ALPHA 1.3399 MaxIteration 424  TIMEOUT 0.082751
 13      10289      10318      11695      0.0828      10811       10792      0.0691        1.2087
ALPHA 1.3049 MaxIteration 568  TIMEOUT 0.110997
 14      10307      10318      11660      0.1110      10807       10792      0.0814        1.4309
ALPHA 1.2718 MaxIteration 741  TIMEOUT 0.144909
 15      10301      10318      11634      0.1451      10792       10792      0.1096        1.7210
ALPHA 1.2402 MaxIteration 942  TIMEOUT 0.184503
 16      10306      10318      11618      0.1847      10786       10786      0.1767        2.0915
ALPHA 1.2102 MaxIteration 1168  TIMEOUT 0.229048
 17      10309      10318      11651      0.2292      10795       10786      0.1545        2.5509
ALPHA 1.1816 MaxIteration 1413  TIMEOUT 0.277337
 18      10323      10323      11624      0.2775      10793       10786      0.2412        3.1069
ALPHA 1.1543 MaxIteration 1669  TIMEOUT 0.327905
 19      10329      10329      11550      0.3281      10799       10786      0.2514        3.7631
ALPHA 1.1283 MaxIteration 1926  TIMEOUT 0.378693
 20      10331      10331      11623      0.3788      10790       10786      0.1853        4.5207
ALPHA 1.1034 MaxIteration 2173  TIMEOUT 0.427370
 21      10339      10339      11616      0.4274      10794       10786      0.3626        5.3757
ALPHA 1.0795 MaxIteration 2397  TIMEOUT 0.471631
 22      10357      10357      11578      0.4717      10781       10781      0.2777        6.3211
ALPHA 1.0567 MaxIteration 2587  TIMEOUT 0.509197
 23      10357      10357      11524      0.4986      10792       10781      0.4865        7.3184
ALPHA 1.0349 MaxIteration 2733  TIMEOUT 0.526920
 24      10363      10363      11561      0.5240      10792       10781      0.3536        8.3705
ALPHA 1.0349 MaxIteration 2828  TIMEOUT 0.542288
 25      10363      10363      11507      0.5379      10780       10780      0.5046        9.4474
ALPHA 1.0349 MaxIteration 2926  TIMEOUT 0.556665
 26      10374      10374      11545      0.5567      10789       10780      0.5210       10.5610
ALPHA 1.0349 MaxIteration 3027  TIMEOUT 0.576130
 27      10389      10389      11502      0.5762      10793       10780      0.1342       11.7135
ALPHA 1.0349 MaxIteration 3132  TIMEOUT 0.596313
 28      10389      10389      11433      0.5963      10792       10780      0.2469       12.9062
ALPHA 1.0349 MaxIteration 3241  TIMEOUT 0.617112
 29      10395      10395      11476      0.6171      10774       10774      3.9188       19.9997
>>> T1_1000_1000_2.wclq |V| 1000 |E| 1000  (#LB 0.0075 10318 ---> 10395  0.0352  10774 <--- 11342  0.0501 #UB)  #read_time 0.0006  #reduce_time 0.0001  #solve_time 19.9997  #total_time 20.0004
 