With  Parameters CUTOFF 20 SEED 102  ALPHA = 1.900  K=5 RHO=0.05 Q0=0.90 BETA=3.0 AQ_MODE=guarded
Reading  graph ...  time 0.000161  
Reducing graph ...  time 0.000020  
[v9] |V|=100 |E|=100 density=1.00 USE_ADVANCED=0 SAFE_AQ_MIN_GAP=0.050 DEEP_AQ_RANGE=[800, 5.00, 10.00] structure_blocks_aq=1 AQ_SLOPE_MARGIN=1.15 AQ_MAX_UB_DRIFT=0.20 AQ_PROBE_FRAC=0.15 AQ_T1LIKE_FRAC=0.15
#Rd        #LB        #LB*       #UB       #Time        #UB+        #UB*      #Time      #TotalTime
First Gap  0.032132
  1       1027       1027       1060      0.0156 [AQ bandit arm] arm=4 gap=0.0321 density=1.00 |V|=100

 Switch to DBS-only search, timeout 0.015595....
 [Online-safe AQ structure guard] |V|=100 density=1.00 outside [800, 5.00, 10.00], disabling AQ
 [Online-safe AQ first-gap guard] FIRST_GAP 0.0321 < 0.0500, disabling AQ
       1039        1039      0.0062        0.0551
ALPHA 1.9000 MaxIteration 3  TIMEOUT 0.015595
  2       1025       1027       1077      0.0001       1091        1039      0.0000        0.0553
ALPHA 1.8304 MaxIteration 5  TIMEOUT 0.000108
  3       1023       1027       1078      0.0001       1077        1039      0.0001        0.0554
ALPHA 1.7658 MaxIteration 9  TIMEOUT 0.000145
  4       1029       1029       1078      0.0002       1073        1039      0.0001        0.0557
ALPHA 1.7056 MaxIteration 15  TIMEOUT 0.000274
  5       1021       1029       1078      0.0002       1067        1039      0.0002        0.0562
ALPHA 1.6493 MaxIteration 25  TIMEOUT 0.000389
  6       1022       1029       1077      0.0004       1060        1039      0.0003        0.0570
ALPHA 1.5966 MaxIteration 41  TIMEOUT 0.000647
  7       1017       1029       1060      0.0004       1047        1039      0.0003        0.0579
ALPHA 1.5472 MaxIteration 65  TIMEOUT 0.000672
  8       1028       1029       1060      0.0007       1054        1039      0.0005        0.0592
ALPHA 1.5008 MaxIteration 100  TIMEOUT 0.001034
  9       1026       1029       1051      0.0010       1043        1039      0.0002        0.0613
ALPHA 1.4571 MaxIteration 150  TIMEOUT 0.001564
 10       1026       1029       1047      0.0016       1043        1039      0.0007        0.0645
ALPHA 1.4158 MaxIteration 218  TIMEOUT 0.002286
 11       1028       1029       1047      0.0023       1043        1039      0.0009        0.0811
ALPHA 1.3768 MaxIteration 308  TIMEOUT 0.003249
 12       1028       1029       1047      0.0030       1039        1039      0.0007        0.0881
ALPHA 1.3399 MaxIteration 424  TIMEOUT 0.004093
 13       1029       1029       1047      0.0041       1047        1039      0.0006        0.1071
ALPHA 1.3049 MaxIteration 568  TIMEOUT 0.005491
 14       1029       1029       1064      0.0055       1043        1039      0.0008        0.1183
ALPHA 1.2718 MaxIteration 741  TIMEOUT 0.007173
 15       1031       1031       1064      0.0072       1039        1039      0.0006        0.1571
ALPHA 1.2402 MaxIteration 942  TIMEOUT 0.009125
 16       1031       1031       1064      0.0081       1043        1039      0.0007        0.1831
ALPHA 1.2102 MaxIteration 1168  TIMEOUT 0.010035
 17       1035       1035       1060      0.0100       1043        1039      0.0008        0.2091
ALPHA 1.1816 MaxIteration 1413  TIMEOUT 0.012150
 18       1035       1035       1059      0.0085       1047        1039      0.0002        0.2351
ALPHA 1.1543 MaxIteration 1669  TIMEOUT 0.010055
 19       1035       1035       1059      0.0101       1039        1039      0.0016        0.2611
ALPHA 1.1283 MaxIteration 1926  TIMEOUT 0.011619
 20       1035       1035       1059      0.0116       1043        1039      0.0003        0.2871
ALPHA 1.1034 MaxIteration 2173  TIMEOUT 0.013117
 21       1035       1035       1059      0.0131       1039        1039      0.0021        0.3353
ALPHA 1.0795 MaxIteration 2397  TIMEOUT 0.014482
 22       1035       1035       1059      0.0145       1039        1039      0.0047        0.3644
ALPHA 1.0567 MaxIteration 2587  TIMEOUT 0.015647
 23       1035       1035       1059      0.0157       1039        1039      0.0037        0.3957
ALPHA 1.0349 MaxIteration 2733  TIMEOUT 0.016542
 24       1035       1035       1059      0.0166       1039        1039      0.0007        0.4299
ALPHA 1.0349 MaxIteration 2828  TIMEOUT 0.017140
 25       1035       1035       1059      0.0171       1039        1039      0.0127        0.4652
ALPHA 1.0349 MaxIteration 2926  TIMEOUT 0.017740
 26       1035       1035       1059      0.0177       1043        1039      0.0003        0.5018
ALPHA 1.0349 MaxIteration 3027  TIMEOUT 0.018366
 27       1035       1035       1059      0.0184       1039        1039      0.0183        0.5387
ALPHA 1.0349 MaxIteration 3132  TIMEOUT 0.019013
 28       1035       1035       1059      0.0190       1039        1039      0.0042        0.5778
ALPHA 1.0349 MaxIteration 3241  TIMEOUT 0.019686
 29       1035       1035       1059      0.0197       1039        1039      0.0045        0.6182
ALPHA 1.0349 MaxIteration 3353  TIMEOUT 0.020378
 30       1035       1035       1059      0.0204       1039        1039      0.0009        0.6591
ALPHA 1.0349 MaxIteration 3469  TIMEOUT 0.021096
 31       1035       1035       1059      0.0211       1039        1039      0.0023        0.7043
ALPHA 1.0349 MaxIteration 3589  TIMEOUT 0.021841
 32       1035       1035       1059      0.0218       1039        1039      0.0070        0.7491
ALPHA 1.0349 MaxIteration 3714  TIMEOUT 0.022608
 33       1035       1035       1059      0.0226       1039        1039      0.0008        0.7953
ALPHA 1.0349 MaxIteration 3843  TIMEOUT 0.023400
 34       1035       1035       1059      0.0234       1039        1039      0.0035        0.8422
ALPHA 1.0349 MaxIteration 3976  TIMEOUT 0.024223
 35       1035       1035       1059      0.0242       1039        1039      0.0058        0.8907
ALPHA 1.0349 MaxIteration 4114  TIMEOUT 0.025075
 36       1035       1035       1059      0.0251       1039        1039      0.0109        0.9419
ALPHA 1.0349 MaxIteration 4257  TIMEOUT 0.025950
 37       1035       1035       1059      0.0260       1039        1039      0.0090        0.9959
ALPHA 1.0349 MaxIteration 4405  TIMEOUT 0.026859
 38       1035       1035       1059      0.0269       1039        1039      0.0142        1.0506
ALPHA 1.0349 MaxIteration 4558  TIMEOUT 0.027797
 39       1035       1035       1059      0.0278       1039        1039      0.0091        1.1083
ALPHA 1.0349 MaxIteration 4716  TIMEOUT 0.028773
 40       1035       1035       1059      0.0288       1039        1039      0.0017        1.1669
ALPHA 1.0349 MaxIteration 4880  TIMEOUT 0.029786
 41       1035       1035       1059      0.0298       1039        1039      0.0072        1.2275
ALPHA 1.0349 MaxIteration 5050  TIMEOUT 0.030827
 42       1035       1035       1059      0.0308       1039        1039      0.0031        1.2893
ALPHA 1.0349 MaxIteration 5226  TIMEOUT 0.031910
 43       1035       1035       1059      0.0319       1039        1039      0.0158        1.3542
ALPHA 1.0349 MaxIteration 5408  TIMEOUT 0.033031
 44       1035       1035       1059      0.0330       1039        1039      0.0014        1.4243
ALPHA 1.0349 MaxIteration 5596  TIMEOUT 0.034190
 45       1035       1035       1059      0.0342       1039        1039      0.0102        1.4928
ALPHA 1.0349 MaxIteration 5791  TIMEOUT 0.035393
 46       1035       1035       1059      0.0354       1039        1039      0.0027        1.5657
ALPHA 1.0349 MaxIteration 5992  TIMEOUT 0.036630
 47       1035       1035       1059      0.0366       1039        1039      0.0084        1.6410
ALPHA 1.0349 MaxIteration 6200  TIMEOUT 0.037913
 48       1035       1035       1059      0.0379       1039        1039      0.0007        1.7168
ALPHA 1.0349 MaxIteration 6416  TIMEOUT 0.039241
 49       1035       1035       1059      0.0392       1039        1039      0.0007        1.7984
ALPHA 1.0349 MaxIteration 6639  TIMEOUT 0.040616
 50       1035       1035       1059      0.0406       1039        1039      0.0099        1.8807
ALPHA 1.0349 MaxIteration 6870  TIMEOUT 0.042043
 51       1035       1035       1059      0.0420       1039        1039      0.0217        1.9658
ALPHA 1.0349 MaxIteration 7109  TIMEOUT 0.043514
 52       1035       1035       1059      0.0435       1039        1039      0.0030        2.0549
ALPHA 1.0349 MaxIteration 7356  TIMEOUT 0.045039
 53       1035       1035       1059      0.0450       1039        1039      0.0008        2.1480
ALPHA 1.0349 MaxIteration 7612  TIMEOUT 0.046613
 54       1035       1035       1059      0.0466       1039        1039      0.0045        2.2413
ALPHA 1.0349 MaxIteration 7877  TIMEOUT 0.048242
 55       1035       1035       1059      0.0482       1039        1039      0.0012        2.3389
ALPHA 1.0349 MaxIteration 8151  TIMEOUT 0.049929
 56       1035       1035       1059      0.0499       1039        1039      0.0035        2.4448
ALPHA 1.0349 MaxIteration 8435  TIMEOUT 0.051670
 57       1035       1035       1059      0.0517       1039        1039      0.0262        2.5492
ALPHA 1.0349 MaxIteration 8729  TIMEOUT 0.053474
 58       1035       1035       1059      0.0535       1039        1039      0.0122        2.6602
ALPHA 1.0349 MaxIteration 9033  TIMEOUT 0.055345
 59       1035       1035       1059      0.0554       1039        1039      0.0040        2.7740
ALPHA 1.0349 MaxIteration 9347  TIMEOUT 0.057285
 60       1035       1035       1059      0.0573       1039        1039      0.0008        2.8916
ALPHA 1.0349 MaxIteration 9672  TIMEOUT 0.059289
 61       1035       1035       1059      0.0593       1039        1039      0.0321        3.0143
ALPHA 1.0349 MaxIteration 10009  TIMEOUT 0.061359
 62       1035       1035       1059      0.0614       1039        1039      0.0024        3.1421
ALPHA 1.0349 MaxIteration 10357  TIMEOUT 0.063508
 63       1035       1035       1059      0.0635       1039        1039      0.0027        3.2711
ALPHA 1.0349 MaxIteration 10718  TIMEOUT 0.065730
 64       1035       1035       1059      0.0657       1039        1039      0.0004        3.4106
ALPHA 1.0349 MaxIteration 11091  TIMEOUT 0.068036
 65       1035       1035       1059      0.0680       1039        1039      0.0015        3.5488
ALPHA 1.0349 MaxIteration 11477  TIMEOUT 0.070413
 66       1035       1035       1059      0.0704       1039        1039      0.0016        3.6927
ALPHA 1.0349 MaxIteration 11877  TIMEOUT 0.072870
 67       1035       1035       1059      0.0729       1039        1039      0.0007        3.8405
ALPHA 1.0349 MaxIteration 12291  TIMEOUT 0.075414
 68       1035       1035       1059      0.0754       1039        1039      0.0015        3.9944
ALPHA 1.0349 MaxIteration 12719  TIMEOUT 0.078048
 69       1035       1035       1059      0.0781       1039        1039      0.0363        4.1535
ALPHA 1.0349 MaxIteration 13162  TIMEOUT 0.080773
 70       1035       1035       1059      0.0808       1039        1039      0.0075        4.3182
ALPHA 1.0349 MaxIteration 13620  TIMEOUT 0.083593
 71       1035       1035       1059      0.0836       1039        1039      0.0002        4.4915
ALPHA 1.0349 MaxIteration 14094  TIMEOUT 0.086511
 72       1035       1035       1059      0.0865       1039        1039      0.0082        4.6696
ALPHA 1.0349 MaxIteration 14585  TIMEOUT 0.089538
 73       1035       1035       1059      0.0895       1039        1039      0.0144        4.8517
ALPHA 1.0349 MaxIteration 15093  TIMEOUT 0.092662
 74       1035       1035       1059      0.0927       1039        1039      0.0155        5.0411
ALPHA 1.0349 MaxIteration 15619  TIMEOUT 0.095898
 75       1035       1035       1059      0.0959       1039        1039      0.0218        5.2379
ALPHA 1.0349 MaxIteration 16163  TIMEOUT 0.099250
 76       1035       1035       1059      0.0993       1039        1039      0.0090        5.4425
ALPHA 1.0349 MaxIteration 16726  TIMEOUT 0.102718
 77       1035       1035       1059      0.1027       1039        1039      0.0056        5.6551
ALPHA 1.0349 MaxIteration 17309  TIMEOUT 0.106306
 78       1035       1035       1059      0.1063       1039        1039      0.0034        5.8709
ALPHA 1.0349 MaxIteration 17912  TIMEOUT 0.110016
 79       1035       1035       1059      0.1100       1039        1039      0.0089        6.0970
ALPHA 1.0349 MaxIteration 18536  TIMEOUT 0.113860
 80       1035       1035       1059      0.1139       1039        1039      0.0300        6.3288
ALPHA 1.0349 MaxIteration 19182  TIMEOUT 0.117839
 81       1035       1035       1059      0.1178       1039        1039      0.0018        6.5675
ALPHA 1.0349 MaxIteration 19850  TIMEOUT 0.121954
 82       1035       1035       1059      0.1220       1039        1039      0.0040        6.8175
ALPHA 1.0349 MaxIteration 20541  TIMEOUT 0.126207
 83       1035       1035       1059      0.1262       1039        1039      0.0015        7.0780
ALPHA 1.0349 MaxIteration 21257  TIMEOUT 0.130618
 84       1035       1035       1059      0.1306       1039        1039      0.0018        7.3443
ALPHA 1.0349 MaxIteration 21997  TIMEOUT 0.135175
 85       1035       1035       1059      0.1352       1039        1039      0.0022        7.6197
ALPHA 1.0349 MaxIteration 22763  TIMEOUT 0.139892
 86       1035       1035       1059      0.1399       1039        1039      0.0014        7.9046
ALPHA 1.0349 MaxIteration 23556  TIMEOUT 0.144783
 87       1035       1035       1059      0.1448       1039        1039      0.0015        8.1982
ALPHA 1.0349 MaxIteration 24377  TIMEOUT 0.149832
 88       1035       1035       1059      0.1498       1039        1039      0.0006        8.5041
ALPHA 1.0349 MaxIteration 25226  TIMEOUT 0.155064
 89       1035       1035       1059      0.1551       1039        1039      0.0153        8.8203
ALPHA 1.0349 MaxIteration 26105  TIMEOUT 0.160478
 90       1035       1035       1059      0.1605       1039        1039      0.0105        9.1433
ALPHA 1.0349 MaxIteration 27014  TIMEOUT 0.166077
 91       1035       1035       1059      0.1661       1039        1039      0.0098        9.4826
ALPHA 1.0349 MaxIteration 27955  TIMEOUT 0.171870
 92       1035       1035       1059      0.1719       1039        1039      0.0046        9.8314
ALPHA 1.0349 MaxIteration 28929  TIMEOUT 0.177871
 93       1035       1035       1059      0.1779       1039        1039      0.0130       10.1943
ALPHA 1.0349 MaxIteration 29937  TIMEOUT 0.184080
 94       1035       1035       1059      0.1841       1039        1039      0.0102       10.5715
ALPHA 1.0349 MaxIteration 30980  TIMEOUT 0.190499
 95       1035       1035       1059      0.1905       1039        1039      0.0053       10.9606
ALPHA 1.0349 MaxIteration 32059  TIMEOUT 0.197144
 96       1035       1035       1059      0.1971       1039        1039      0.0046       11.3630
ALPHA 1.0349 MaxIteration 33176  TIMEOUT 0.204021
 97       1035       1035       1059      0.2040       1039        1039      0.0022       11.7781
ALPHA 1.0349 MaxIteration 34332  TIMEOUT 0.211139
 98       1035       1035       1059      0.2111       1039        1039      0.0068       12.2124
ALPHA 1.0349 MaxIteration 35528  TIMEOUT 0.218508
 99       1035       1035       1059      0.2185       1039        1039      0.0008       12.6575
ALPHA 1.0349 MaxIteration 36766  TIMEOUT 0.226128
100       1035       1035       1059      0.2261       1039        1039      0.0118       13.1229
ALPHA 1.0349 MaxIteration 38047  TIMEOUT 0.234019
101       1035       1035       1059      0.2340       1039        1039      0.0038       20.0000
>>> T1_100_100_2.wclq |V| 100 |E| 100  (#LB 0.0078 1027 ---> 1035  0.0038  1039 <--- 1060  0.0198 #UB)  #read_time 0.0002  #reduce_time 0.0000  #solve_time 20.0000  #total_time 20.0002
 