With  Parameters CUTOFF 20 SEED 101  ALPHA = 1.900  K=5 RHO=0.05 Q0=0.90 BETA=3.0 AQ_MODE=guarded
Reading  graph ...  time 0.036871  
Reducing graph ...  time 0.000585  
[v9] |V|=1000 |E|=52120 density=52.12 USE_ADVANCED=0 SAFE_AQ_MIN_GAP=0.050 DEEP_AQ_RANGE=[800, 5.00, 10.00] structure_blocks_aq=1 AQ_SLOPE_MARGIN=1.15 AQ_MAX_UB_DRIFT=0.20 AQ_PROBE_FRAC=0.15 AQ_T1LIKE_FRAC=0.15
#Rd        #LB        #LB*       #UB       #Time        #UB+        #UB*      #Time      #TotalTime
First Gap  0.078947
  1         38         38         41      0.3106 [AQ bandit arm] arm=0 gap=0.0789 density=52.12 |V|=1000

 Switch to DBS-only search, timeout 0.310592....
 [Online-safe AQ structure guard] |V|=1000 density=52.12 outside [800, 5.00, 10.00], disabling AQ
         41          41      0.0056        0.7138
ALPHA 1.9000 MaxIteration 3  TIMEOUT 0.310592
  2         38         38         41      0.0022         42          41      0.0052        0.7212
ALPHA 1.8304 MaxIteration 5  TIMEOUT 0.004235
  3         37         38         42      0.0032         42          41      0.0052        0.7296
ALPHA 1.7658 MaxIteration 9  TIMEOUT 0.005911
  4         37         38         41      0.0053         41          41      0.0053        0.7404
ALPHA 1.7056 MaxIteration 15  TIMEOUT 0.009410
  5         37         38         41      0.0089         41          41      0.0055        0.7583
ALPHA 1.6493 MaxIteration 25  TIMEOUT 0.015219
  6         38         38         41      0.0156         41          41      0.0053        0.7896
ALPHA 1.5966 MaxIteration 41  TIMEOUT 0.025751
  7         38         38         41      0.0215         41          41      0.0055        0.8327
ALPHA 1.5472 MaxIteration 65  TIMEOUT 0.034404
  8         38         38         41      0.0325         41          41      0.0051        0.8989
ALPHA 1.5008 MaxIteration 100  TIMEOUT 0.050314
  9         38         38         41      0.0504         41          41      0.0056        0.9996
ALPHA 1.4571 MaxIteration 150  TIMEOUT 0.075601
 10         38         38         41      0.0757         41          41      0.0052        1.1511
ALPHA 1.4158 MaxIteration 218  TIMEOUT 0.110350
 11         38         38         41      0.1107         41          41      0.0059        1.3727
ALPHA 1.3768 MaxIteration 308  TIMEOUT 0.156787
 12         38         38         41      0.1572         41          41      0.0058        1.6892
ALPHA 1.3399 MaxIteration 424  TIMEOUT 0.216469
 13         38         38         41      0.2165         41          41      0.0059        2.1233
ALPHA 1.3049 MaxIteration 568  TIMEOUT 0.290105
 14         38         38         41      0.2904         41          41      0.0052        2.7074
ALPHA 1.2718 MaxIteration 741  TIMEOUT 0.379017
 15         38         38         41      0.3796         41          41      0.0059        3.4667
ALPHA 1.2402 MaxIteration 942  TIMEOUT 0.482704
 16         38         38         41      0.4830         41          41      0.0062        4.4338
ALPHA 1.2102 MaxIteration 1168  TIMEOUT 0.598981
 17         38         38         41      0.5993         41          41      0.0056        5.6326
ALPHA 1.1816 MaxIteration 1413  TIMEOUT 0.725288
 18         38         38         41      0.7255         41          41      0.0052        7.0847
ALPHA 1.1543 MaxIteration 1669  TIMEOUT 0.857242
 19         38         38         41      0.8573         41          41      0.0063        8.7993
ALPHA 1.1283 MaxIteration 1926  TIMEOUT 0.989562
 20         38         38         41      0.9897         41          41      0.0057       10.7830
ALPHA 1.1034 MaxIteration 2173  TIMEOUT 1.116688
 21         38         38         41      1.1168         41          41      0.0057       13.0207
ALPHA 1.0795 MaxIteration 2397  TIMEOUT 1.232233
 22         38         38         41      1.2327         41          41      0.0060       19.9949
>>> UDG_1000_200_8.wclq |V| 1000 |E| 52120  (#LB 0.0000 38 ---> 38  0.0732  41 <--- 41  0.0000 #UB)  #read_time 0.0369  #reduce_time 0.0006  #solve_time 19.9949  #total_time 20.0324
 