With  Parameters CUTOFF 20 SEED 1  ALPHA = 1.900  K=5 RHO=0.05 Q0=0.90 BETA=3.0 AQ_MODE=dbs
Reading  graph ...  time 0.066775  
Reducing graph ...  time 0.000876  
[v9] |V|=500 |E|=125248 density=250.50 USE_ADVANCED=0 SAFE_AQ_MIN_GAP=0.050 DEEP_AQ_RANGE=[800, 5.00, 10.00] structure_blocks_aq=1 AQ_SLOPE_MARGIN=1.15 AQ_MAX_UB_DRIFT=0.20 AQ_PROBE_FRAC=0.15 AQ_T1LIKE_FRAC=0.15
#Rd        #LB        #LB*       #UB       #Time        #UB+        #UB*      #Time      #TotalTime
First Gap  0.454545
  1         11         11         16      0.4659 [AQ bandit arm] arm=4 gap=0.4545 density=250.50 |V|=500

 Switch to DBS-only search, timeout 0.465897....
 [Online-safe AQ structure guard] |V|=500 density=250.50 outside [800, 5.00, 10.00], disabling AQ
         16          16      0.0065        0.9553
ALPHA 1.9000 MaxIteration 3  TIMEOUT 0.465897
  2         11         11         16      0.0047         18          16      0.0039        0.9649
ALPHA 1.8304 MaxIteration 5  TIMEOUT 0.008957
  3         11         11         16      0.0053         18          16      0.0040        0.9757
ALPHA 1.7658 MaxIteration 9  TIMEOUT 0.009738
  4         10         11         16      0.0104         16          16      0.0054        0.9966
ALPHA 1.7056 MaxIteration 15  TIMEOUT 0.018288
  5         11         11         18      0.0186         16          16      0.0111        1.0342
ALPHA 1.6493 MaxIteration 25  TIMEOUT 0.031799
  6         11         11         16      0.0243         16          16      0.0058        1.0829
ALPHA 1.5966 MaxIteration 41  TIMEOUT 0.040006
  7         11         11         16      0.0338         16          16      0.0072        1.1509
ALPHA 1.5472 MaxIteration 65  TIMEOUT 0.053968
  8         11         11         18      0.0521         16          16      0.0088        1.2552
ALPHA 1.5008 MaxIteration 100  TIMEOUT 0.080612
  9         11         11         18      0.0813         16          16      0.0059        1.4180
ALPHA 1.4571 MaxIteration 150  TIMEOUT 0.122046
 10         11         11         18      0.1227         16          16      0.0050        1.6635
ALPHA 1.4158 MaxIteration 218  TIMEOUT 0.178750
 11         11         11         16      0.1771         16          16      0.0053        2.0180
ALPHA 1.3768 MaxIteration 308  TIMEOUT 0.250765
 12         11         11         16      0.2506         16          16      0.0060        2.5196
ALPHA 1.3399 MaxIteration 424  TIMEOUT 0.345006
 13         11         11         16      0.3419         16          16      0.0065        3.2039
ALPHA 1.3049 MaxIteration 568  TIMEOUT 0.458109
 14         11         11         16      0.4573         16          16      0.0071        4.1197
ALPHA 1.2718 MaxIteration 741  TIMEOUT 0.596766
 15         11         11         16      0.5972         16          16      0.0075        5.3266
ALPHA 1.2402 MaxIteration 942  TIMEOUT 0.759551
 16         11         11         16      0.7599         16          16      0.0053        7.6009
ALPHA 1.2102 MaxIteration 1168  TIMEOUT 0.942455
 17         11         11         16      0.9398         16          16      0.0056        9.5466
ALPHA 1.1816 MaxIteration 1413  TIMEOUT 1.137347
 18         11         11         16      1.1331         16          16      0.0057       11.8163
ALPHA 1.1543 MaxIteration 1669  TIMEOUT 1.338850
 19         11         11         16      1.3322         16          16      0.0057       14.4810
ALPHA 1.1283 MaxIteration 1926  TIMEOUT 1.537751
 20         11         11         16      1.5384         16          16      0.0080       19.9963
>>> DSJC500_5.clq |V| 500 |E| 125248  (#LB 0.0000 11 ---> 11  0.3125  16 <--- 16  0.0000 #UB)  #read_time 0.0668  #reduce_time 0.0009  #solve_time 19.9963  #total_time 20.0640
 