>>> Warning: header edge_num=125248, parsed edge_num=62624
>>IBM: |V|=500 |E|=62624
>>IBM: The maximum node weight is 200
/public/home/acs4vb4pqv/benchmarks/MWDS2026/dimacs/DSJC500_5.clq #seed 102 #alpha 1.900 #timeout 0.100 K=5 RHO=0.05 Q0=0.90 BETA=3.5 AQ_MODE=guarded SAFE_AQ_MIN_GAP=0.050 SAFE_AQ_MIN_NODES=800 AQ_SLOPE_MARGIN=1.05 AQ_MAX_UB_DRIFT=0.25 AQ_HEAVY_FRAC=0.20 AQ_HEAVY_ANTS=6
[v19] |V|=500 |E|=62624 density=125.25 USE_ADVANCED=0
#Rd        #LB        #LB*       #UB       #Time        #UB+        #UB*      #Time      #TotalTime
First Gap  0.454545
ALPHA 1.9000 MaxIteration 500  TIMEOUT 0.461206
  1         11         11         16      0.4612
 [AQ bandit arm] arm=1 gap=0.4545 density=125.25 |V|=500

 [AQ small-headroom probe] gap=0.4545 density=125.25 |V|=500 => Light RL (K=3, 5.0%)
ALPHA 1.9000 MaxIteration 3  TIMEOUT 0.009963
  2         10         11         21      0.0100ALPHA 1.8304 MaxIteration 5  TIMEOUT 0.015297
  3         10         11         18      0.0153 [AQ guard] no early LB gain, disabling AQ
         16          16      0.0000      0.5052
ALPHA 1.7658 MaxIteration 9  TIMEOUT 0.014817
  4         10         11         18      0.0148         16          16      0.0000      0.5354
ALPHA 1.7056 MaxIteration 15  TIMEOUT 0.033692
  5         11         11         16      0.0337         16          16      0.0000      0.6053
ALPHA 1.6493 MaxIteration 25  TIMEOUT 0.025411
  6         10         11         16      0.0254         16          16      0.0000      0.6552
ALPHA 1.5966 MaxIteration 41  TIMEOUT 0.047104
  7         11         11         16      0.0471         16          16      0.0000      0.7451
ALPHA 1.5472 MaxIteration 65  TIMEOUT 0.062994
  8         11         11         16      0.0630         16          16      0.0000      0.8753
ALPHA 1.5008 MaxIteration 100  TIMEOUT 0.095858
  9         11         11         16      0.0959         16          16      0.0000      1.0651
ALPHA 1.4571 MaxIteration 150  TIMEOUT 0.139593
 10         11         11         16      0.1396         16          16      0.0000      1.3454
ALPHA 1.4158 MaxIteration 218  TIMEOUT 0.200912
 11         11         11         16      0.2009         16          16      0.0000      1.7554
ALPHA 1.3768 MaxIteration 308  TIMEOUT 0.285679
 12         11         11         16      0.2857         16          16      0.0000      2.3250
ALPHA 1.3399 MaxIteration 424  TIMEOUT 0.517683
 13         11         11         16      0.5177         16          16      0.0000      3.3553
ALPHA 1.3049 MaxIteration 568  TIMEOUT 0.974074
 14         11         11         16      0.9741         16          16      0.0000      5.3052
ALPHA 1.2718 MaxIteration 741  TIMEOUT 0.720883
 15         11         11         16      0.7209         16          16      0.0000      6.7552
ALPHA 1.2402 MaxIteration 942  TIMEOUT 0.961080
 16         11         11         16      0.9611         16          16      0.0000      8.6851
ALPHA 1.2102 MaxIteration 1168  TIMEOUT 1.180525
 17         11         11         16      1.1805         16          16      0.0000     11.0552
ALPHA 1.1816 MaxIteration 1413  TIMEOUT 1.233643
 18         10         11         16      1.2336         16          16      0.0000     13.5152
ALPHA 1.1543 MaxIteration 1669  TIMEOUT 1.457366
 19         10         11         16      1.4574         16          16      0.0000     16.4249
ALPHA 1.1283 MaxIteration 1926  TIMEOUT 1.689230
 20         10         11         16      1.6892         16          16      0.0000     19.8055
ALPHA 1.1034 MaxIteration 2173  TIMEOUT 0.194880
 21         11         11         16      0.1949>>> DSJC500_5.clq |V| 500 |E| 62624  (#LB 0.0000 11 ---> 11  0.4545  16 <--- 16  0.0000 #UB)  #solve_ime 20.0004 read_time 0.0152 
