With  Parameters CUTOFF 20 SEED 1  ALPHA = 1.900  K=5 RHO=0.05 Q0=0.90 BETA=3.0 AQ_MODE=dbs
Reading  graph ...  time 0.038899  
Reducing graph ...  time 0.000648  
[v9] |V|=1000 |E|=52120 density=52.12 USE_ADVANCED=0 SAFE_AQ_MIN_GAP=0.050 DEEP_AQ_RANGE=[800, 5.00, 10.00] structure_blocks_aq=1 AQ_SLOPE_MARGIN=1.15 AQ_MAX_UB_DRIFT=0.20 AQ_PROBE_FRAC=0.15 AQ_T1LIKE_FRAC=0.15
#Rd        #LB        #LB*       #UB       #Time        #UB+        #UB*      #Time      #TotalTime
First Gap  0.078947
  1         38         38         41      0.3051 [AQ bandit arm] arm=4 gap=0.0789 density=52.12 |V|=1000

 Switch to DBS-only search, timeout 0.305055....
 [Online-safe AQ structure guard] |V|=1000 density=52.12 outside [800, 5.00, 10.00], disabling AQ
         41          41      0.0055        0.6499
ALPHA 1.9000 MaxIteration 3  TIMEOUT 0.305055
  2         37         38         43      0.0022         42          41      0.0180        0.6701
ALPHA 1.8304 MaxIteration 5  TIMEOUT 0.004170
  3         37         38         41      0.0031         42          41      0.0050        0.6783
ALPHA 1.7658 MaxIteration 9  TIMEOUT 0.005726
  4         37         38         42      0.0052         42          41      0.0050        0.7017
ALPHA 1.7056 MaxIteration 15  TIMEOUT 0.009161
  5         37         38         41      0.0082         41          41      0.0052        0.7312
ALPHA 1.6493 MaxIteration 25  TIMEOUT 0.013991
  6         38         38         41      0.0142         41          41      0.0051        0.7596
ALPHA 1.5966 MaxIteration 41  TIMEOUT 0.023377
  7         38         38         41      0.0212         41          41      0.0055        0.8020
ALPHA 1.5472 MaxIteration 65  TIMEOUT 0.033801
  8         38         38         41      0.0341         41          41      0.0057        0.8704
ALPHA 1.5008 MaxIteration 100  TIMEOUT 0.052785
  9         38         38         41      0.0510         41          41      0.0062        0.9725
ALPHA 1.4571 MaxIteration 150  TIMEOUT 0.076506
 10         38         38         41      0.0765         41          41      0.0059        1.1256
ALPHA 1.4158 MaxIteration 218  TIMEOUT 0.111489
 11         38         38         41      0.1119         41          41      0.0057        1.3495
ALPHA 1.3768 MaxIteration 308  TIMEOUT 0.158423
 12         38         38         41      0.1586         41          41      0.0055        1.6667
ALPHA 1.3399 MaxIteration 424  TIMEOUT 0.218324
 13         38         38         41      0.2171         41          41      0.0060        2.1010
ALPHA 1.3049 MaxIteration 568  TIMEOUT 0.290857
 14         38         38         41      0.2912         41          41      0.0061        2.6846
ALPHA 1.2718 MaxIteration 741  TIMEOUT 0.379997
 15         38         38         41      0.3784         41          41      0.0055        3.4425
ALPHA 1.2402 MaxIteration 942  TIMEOUT 0.481243
 16         38         38         41      0.4816         41          41      0.0058        4.4058
ALPHA 1.2102 MaxIteration 1168  TIMEOUT 0.597236
 17         38         38         41      0.5970         41          41      0.0066        5.6010
ALPHA 1.1816 MaxIteration 1413  TIMEOUT 0.722530
 18         38         38         41      0.7226         41          41      0.0064        7.0463
ALPHA 1.1543 MaxIteration 1669  TIMEOUT 0.853769
 19         38         38         41      0.8541         41          41      0.0052        8.7555
ALPHA 1.1283 MaxIteration 1926  TIMEOUT 0.985881
 20         38         38         41      0.9860         41          41      0.0060       10.7307
ALPHA 1.1034 MaxIteration 2173  TIMEOUT 1.112469
 21         38         38         41      1.1126         41          41      0.0057       12.9560
ALPHA 1.0795 MaxIteration 2397  TIMEOUT 1.227553
 22         38         38         41      1.2252         41          41      0.0054       19.9948
>>> UDG_1000_200_8.wclq |V| 1000 |E| 52120  (#LB 0.0000 38 ---> 38  0.0732  41 <--- 41  0.0000 #UB)  #read_time 0.0389  #reduce_time 0.0006  #solve_time 19.9949  #total_time 20.0344
 