>>IBM: |V|=100 |E|=100
>>IBM: The maximum node weight is 49
/public/home/acs4vb4pqv/benchmarks/MWDS2026/T1_wclq/T1_100_100_2.wclq #seed 102 #alpha 1.900 #timeout 0.100 K=5 RHO=0.05 Q0=0.90 BETA=3.5 AQ_MODE=guarded SAFE_AQ_MIN_GAP=0.050 SAFE_AQ_MIN_NODES=800 AQ_SLOPE_MARGIN=1.05 AQ_MAX_UB_DRIFT=0.25 AQ_HEAVY_FRAC=0.20 AQ_HEAVY_ANTS=6
[v19] |V|=100 |E|=100 density=1.00 USE_ADVANCED=0
#Rd        #LB        #LB*       #UB       #Time        #UB+        #UB*      #Time      #TotalTime
First Gap  0.036204
ALPHA 1.9000 MaxIteration 500  TIMEOUT 0.008693
  1       1022       1022       1059      0.0087
 [AQ bandit arm] arm=4 gap=0.0362 density=1.00 |V|=100
 [AQ bandit] UB_FOCUS/DBS-safe => No RL
       1039        1039      0.0000      0.0185
ALPHA 1.9000 MaxIteration 3  TIMEOUT 0.000076
  2        984       1022       1139      0.0001       1039        1039      0.0000      0.0285
ALPHA 1.8304 MaxIteration 5  TIMEOUT 0.000066
  3        966       1022       1143      0.0001       1039        1039      0.0000      0.0385
ALPHA 1.7658 MaxIteration 9  TIMEOUT 0.000096
  4        966       1022       1143      0.0001       1039        1039      0.0000      0.0485
ALPHA 1.7056 MaxIteration 15  TIMEOUT 0.000146
  5        966       1022       1143      0.0001       1039        1039      0.0000      0.0585
ALPHA 1.6493 MaxIteration 25  TIMEOUT 0.000221
  6        966       1022       1143      0.0002       1039        1039      0.0000      0.0666
ALPHA 1.5966 MaxIteration 41  TIMEOUT 0.000180
  7        966       1022       1143      0.0002       1039        1039      0.0000      0.0685
ALPHA 1.5472 MaxIteration 65  TIMEOUT 0.000515
  8        966       1022       1143      0.0005       1039        1039      0.0000      0.0785
ALPHA 1.5008 MaxIteration 100  TIMEOUT 0.000776
  9        966       1022       1143      0.0008       1039        1039      0.0000      0.0885
ALPHA 1.4571 MaxIteration 150  TIMEOUT 0.001171
 10        966       1022       1143      0.0012       1039        1039      0.0000      0.0985
ALPHA 1.4158 MaxIteration 218  TIMEOUT 0.001658
 11        966       1022       1143      0.0017       1039        1039      0.0000      0.1085
ALPHA 1.3768 MaxIteration 308  TIMEOUT 0.002118
 12        966       1022       1143      0.0021       1039        1039      0.0000      0.1185
ALPHA 1.3399 MaxIteration 424  TIMEOUT 0.003183
 13        966       1022       1143      0.0032       1039        1039      0.0000      0.1285
ALPHA 1.3049 MaxIteration 568  TIMEOUT 0.004263
 14        966       1022       1143      0.0043       1039        1039      0.0000      0.1385
ALPHA 1.2718 MaxIteration 741  TIMEOUT 0.004544
 15        966       1022       1143      0.0045       1039        1039      0.0000      0.1485
ALPHA 1.2402 MaxIteration 942  TIMEOUT 0.007084
 16        966       1022       1143      0.0071       1039        1039      0.0000      0.1585
ALPHA 1.2102 MaxIteration 1168  TIMEOUT 0.008643
 17        966       1022       1143      0.0086       1039        1039      0.0000      0.1685
ALPHA 1.1816 MaxIteration 1413  TIMEOUT 0.010364
 18        966       1022       1143      0.0104       1039        1039      0.0000      0.1985
ALPHA 1.1543 MaxIteration 1669  TIMEOUT 0.012481
 19        966       1022       1143      0.0125       1039        1039      0.0000      0.2285
ALPHA 1.1283 MaxIteration 1926  TIMEOUT 0.013603
 20        966       1022       1143      0.0136       1039        1039      0.0000      0.2485
ALPHA 1.1034 MaxIteration 2173  TIMEOUT 0.015035
 21        966       1022       1143      0.0150       1039        1039      0.0000      0.2785
ALPHA 1.0795 MaxIteration 2397  TIMEOUT 0.017665
 22        966       1022       1143      0.0177       1039        1039      0.0000      0.3085
ALPHA 1.0567 MaxIteration 2587  TIMEOUT 0.018835
 23        966       1022       1143      0.0188       1039        1039      0.0100      0.3385
ALPHA 1.0349 MaxIteration 2733  TIMEOUT 0.019204
 24        966       1022       1143      0.0192       1039        1039      0.0100      0.3685
ALPHA 1.0349 MaxIteration 2828  TIMEOUT 0.020113
 25        966       1022       1143      0.0201       1039        1039      0.0000      0.4185
ALPHA 1.0349 MaxIteration 2926  TIMEOUT 0.020409
 26        966       1022       1143      0.0204       1039        1039      0.0000      0.4685
ALPHA 1.0349 MaxIteration 3027  TIMEOUT 0.021882
 27        966       1022       1143      0.0219       1039        1039      0.0000      0.5156
ALPHA 1.0349 MaxIteration 3132  TIMEOUT 0.022424
 28        966       1022       1143      0.0224       1039        1039      0.0100      0.5585
ALPHA 1.0349 MaxIteration 3241  TIMEOUT 0.023496
 29        966       1022       1143      0.0235       1039        1039      0.0000      0.5985
ALPHA 1.0349 MaxIteration 3353  TIMEOUT 0.023515
 30        966       1022       1143      0.0235       1039        1039      0.0000      0.6485
ALPHA 1.0349 MaxIteration 3469  TIMEOUT 0.025539
 31        966       1022       1143      0.0255       1039        1039      0.0000      0.6985
ALPHA 1.0349 MaxIteration 3589  TIMEOUT 0.026429
 32        966       1022       1143      0.0264       1039        1039      0.0000      0.7485
ALPHA 1.0349 MaxIteration 3714  TIMEOUT 0.024316
 33        966       1022       1143      0.0243       1039        1039      0.0000      0.7985
ALPHA 1.0349 MaxIteration 3843  TIMEOUT 0.028367
 34        966       1022       1143      0.0284       1039        1039      0.0000      0.8385
ALPHA 1.0349 MaxIteration 3976  TIMEOUT 0.028399
 35        966       1022       1143      0.0284       1039        1039      0.0000      0.8885
ALPHA 1.0349 MaxIteration 4114  TIMEOUT 0.028421
 36        966       1022       1143      0.0284       1039        1039      0.0000      0.9285
ALPHA 1.0349 MaxIteration 4257  TIMEOUT 0.030142
 37        966       1022       1143      0.0301       1039        1039      0.0000      0.9985
ALPHA 1.0349 MaxIteration 4405  TIMEOUT 0.032019
 38        966       1022       1143      0.0320       1039        1039      0.0100      1.0585
ALPHA 1.0349 MaxIteration 4558  TIMEOUT 0.033161
 39        966       1022       1143      0.0332       1039        1039      0.0000      1.1185
ALPHA 1.0349 MaxIteration 4716  TIMEOUT 0.033069
 40        966       1022       1143      0.0331       1039        1039      0.0000      1.1885
ALPHA 1.0349 MaxIteration 4880  TIMEOUT 0.036323
 41        966       1022       1143      0.0363       1039        1039      0.0000      1.2525
ALPHA 1.0349 MaxIteration 5050  TIMEOUT 0.037993
 42        966       1022       1143      0.0380       1039        1039      0.0000      1.3285
ALPHA 1.0349 MaxIteration 5226  TIMEOUT 0.039327
 43        966       1022       1143      0.0393       1039        1039      0.0200      1.3885
ALPHA 1.0349 MaxIteration 5408  TIMEOUT 0.036526
 44        966       1022       1143      0.0365       1039        1039      0.0000      1.4525
ALPHA 1.0349 MaxIteration 5596  TIMEOUT 0.040374
 45        966       1022       1143      0.0404       1039        1039      0.0000      1.5235
ALPHA 1.0349 MaxIteration 5791  TIMEOUT 0.040999
 46        966       1022       1143      0.0410       1039        1039      0.0000      1.6085
ALPHA 1.0349 MaxIteration 5992  TIMEOUT 0.043783
 47        966       1022       1143      0.0438       1039        1039      0.0000      1.6885
ALPHA 1.0349 MaxIteration 6200  TIMEOUT 0.044226
 48        966       1022       1143      0.0442       1039        1039      0.0000      1.7685
ALPHA 1.0349 MaxIteration 6416  TIMEOUT 0.045666
 49        966       1022       1143      0.0457       1039        1039      0.0000      1.8485
ALPHA 1.0349 MaxIteration 6639  TIMEOUT 0.045447
 50        966       1022       1143      0.0454       1039        1039      0.0000      1.9285
ALPHA 1.0349 MaxIteration 6870  TIMEOUT 0.050415
 51        966       1022       1143      0.0504       1039        1039      0.0000      2.0285
ALPHA 1.0349 MaxIteration 7109  TIMEOUT 0.049285
 52        966       1022       1143      0.0493       1039        1039      0.0100      2.1085
ALPHA 1.0349 MaxIteration 7356  TIMEOUT 0.052875
 53        966       1022       1143      0.0529       1039        1039      0.0000      2.2085
ALPHA 1.0349 MaxIteration 7612  TIMEOUT 0.055059
 54        966       1022       1143      0.0551       1039        1039      0.0000      2.3085
ALPHA 1.0349 MaxIteration 7877  TIMEOUT 0.057196
 55        966       1022       1143      0.0572       1039        1039      0.0000      2.4085
ALPHA 1.0349 MaxIteration 8151  TIMEOUT 0.059664
 56        966       1022       1143      0.0597       1039        1039      0.0100      2.5085
ALPHA 1.0349 MaxIteration 8435  TIMEOUT 0.062196
 57        966       1022       1143      0.0622       1039        1039      0.0000      2.6285
ALPHA 1.0349 MaxIteration 8729  TIMEOUT 0.061474
 58        966       1022       1143      0.0615       1039        1039      0.0000      2.7549
ALPHA 1.0349 MaxIteration 9033  TIMEOUT 0.065163
 59        966       1022       1143      0.0652       1039        1039      0.0000      2.8785
ALPHA 1.0349 MaxIteration 9347  TIMEOUT 0.066758
 60        966       1022       1143      0.0668       1039        1039      0.0000      2.9985
ALPHA 1.0349 MaxIteration 9672  TIMEOUT 0.068846
 61        966       1022       1143      0.0688       1039        1039      0.0100      3.1185
ALPHA 1.0349 MaxIteration 10009  TIMEOUT 0.074061
 62        966       1022       1143      0.0741       1039        1039      0.0000      3.2585
ALPHA 1.0349 MaxIteration 10357  TIMEOUT 0.072697
 63        966       1022       1143      0.0727       1039        1039      0.0000      3.3985
ALPHA 1.0349 MaxIteration 10718  TIMEOUT 0.076076
 64        966       1022       1143      0.0761       1039        1039      0.0000      3.5385
ALPHA 1.0349 MaxIteration 11091  TIMEOUT 0.081611
 65        966       1022       1143      0.0816       1039        1039      0.0000      3.6978
ALPHA 1.0349 MaxIteration 11477  TIMEOUT 0.082612
 66        966       1022       1143      0.0826       1039        1039      0.0000      3.8485
ALPHA 1.0349 MaxIteration 11877  TIMEOUT 0.084889
 67        966       1022       1143      0.0849       1039        1039      0.0000      3.9985
ALPHA 1.0349 MaxIteration 12291  TIMEOUT 0.087965
 68        966       1022       1143      0.0880       1039        1039      0.0000      4.1585
ALPHA 1.0349 MaxIteration 12719  TIMEOUT 0.089006
 69        966       1022       1143      0.0890       1039        1039      0.0100      4.3185
ALPHA 1.0349 MaxIteration 13162  TIMEOUT 0.090888
 70        966       1022       1143      0.0909       1039        1039      0.0000      4.4885
ALPHA 1.0349 MaxIteration 13620  TIMEOUT 0.097638
 71        966       1022       1143      0.0976       1039        1039      0.0000      4.6685
ALPHA 1.0349 MaxIteration 14094  TIMEOUT 0.100815
 72        966       1022       1143      0.1008       1039        1039      0.0000      4.8585
ALPHA 1.0349 MaxIteration 14585  TIMEOUT 0.108258
 73        966       1022       1143      0.1083       1039        1039      0.0000      5.0485
ALPHA 1.0349 MaxIteration 15093  TIMEOUT 0.108128
 74        966       1022       1143      0.1081       1039        1039      0.0000      5.2337
ALPHA 1.0349 MaxIteration 15619  TIMEOUT 0.110039
 75        966       1022       1143      0.1100       1039        1039      0.0000      5.4385
ALPHA 1.0349 MaxIteration 16163  TIMEOUT 0.114202
 76        966       1022       1143      0.1142       1039        1039      0.0000      5.6485
ALPHA 1.0349 MaxIteration 16726  TIMEOUT 0.124431
 77        966       1022       1143      0.1244       1039        1039      0.0000      5.8785
ALPHA 1.0349 MaxIteration 17309  TIMEOUT 0.127685
 78        966       1022       1143      0.1277       1039        1039      0.0000      6.1185
ALPHA 1.0349 MaxIteration 17912  TIMEOUT 0.129201
 79        966       1022       1143      0.1292       1039        1039      0.0100      6.3485
ALPHA 1.0349 MaxIteration 18536  TIMEOUT 0.135385
 80        966       1022       1143      0.1354       1039        1039      0.0000      6.5985
ALPHA 1.0349 MaxIteration 19182  TIMEOUT 0.138118
 81        966       1022       1143      0.1381       1039        1039      0.0000      6.8485
ALPHA 1.0349 MaxIteration 19850  TIMEOUT 0.141921
 82        966       1022       1143      0.1419       1039        1039      0.0000      7.1085
ALPHA 1.0349 MaxIteration 20541  TIMEOUT 0.150976
 83        966       1022       1143      0.1510       1039        1039      0.0000      7.3885
ALPHA 1.0349 MaxIteration 21257  TIMEOUT 0.152122
 84        966       1022       1143      0.1521       1039        1039      0.0000      7.6785
ALPHA 1.0349 MaxIteration 21997  TIMEOUT 0.157548
 85        966       1022       1143      0.1575       1039        1039      0.0000      7.9685
ALPHA 1.0349 MaxIteration 22763  TIMEOUT 0.162927
 86        966       1022       1143      0.1629       1039        1039      0.0000      8.2785
ALPHA 1.0349 MaxIteration 23556  TIMEOUT 0.169888
 87        966       1022       1143      0.1699       1039        1039      0.0100      8.5885
ALPHA 1.0349 MaxIteration 24377  TIMEOUT 0.171968
 88        966       1022       1143      0.1720       1039        1039      0.0000      8.9085
ALPHA 1.0349 MaxIteration 25226  TIMEOUT 0.176238
 89        966       1022       1143      0.1762       1039        1039      0.0000      9.2385
ALPHA 1.0349 MaxIteration 26105  TIMEOUT 0.189910
 90        966       1022       1143      0.1899       1039        1039      0.0100      9.5744
ALPHA 1.0349 MaxIteration 27014  TIMEOUT 0.196724
 91        966       1022       1143      0.1967       1039        1039      0.0000      9.9385
ALPHA 1.0349 MaxIteration 27955  TIMEOUT 0.198601
 92        966       1022       1143      0.1986       1039        1039      0.0000     10.2985
ALPHA 1.0349 MaxIteration 28929  TIMEOUT 0.211115
 93        966       1022       1143      0.2111       1039        1039      0.0000     10.6885
ALPHA 1.0349 MaxIteration 29937  TIMEOUT 0.215919
 94        966       1022       1143      0.2159       1039        1039      0.0000     11.0885
ALPHA 1.0349 MaxIteration 30980  TIMEOUT 0.223953
 95        966       1022       1143      0.2240       1039        1039      0.0000     11.5046
ALPHA 1.0349 MaxIteration 32059  TIMEOUT 0.231215
 96        966       1022       1143      0.2312       1039        1039      0.0000     11.9285
ALPHA 1.0349 MaxIteration 33176  TIMEOUT 0.235026
 97        966       1022       1143      0.2350       1039        1039      0.0000     12.3685
ALPHA 1.0349 MaxIteration 34332  TIMEOUT 0.249854
 98        966       1022       1143      0.2499       1039        1039      0.0100     12.8285
ALPHA 1.0349 MaxIteration 35528  TIMEOUT 0.252476
 99        966       1022       1143      0.2525       1039        1039      0.0000     13.2985
ALPHA 1.0349 MaxIteration 36766  TIMEOUT 0.265589
100        966       1022       1143      0.2656       1039        1039      0.0000     13.7785
ALPHA 1.0349 MaxIteration 38047  TIMEOUT 0.269370
101        966       1022       1143      0.2694       1039        1039      0.0100     14.2585
ALPHA 1.0349 MaxIteration 39373  TIMEOUT 0.285256
102        966       1022       1143      0.2853       1039        1039      0.0000     14.7885
ALPHA 1.0349 MaxIteration 40745  TIMEOUT 0.295038
103        966       1022       1143      0.2950       1039        1039      0.0000     15.3185
ALPHA 1.0349 MaxIteration 42165  TIMEOUT 0.301506
104        966       1022       1143      0.3015       1039        1039      0.0000     15.8785
ALPHA 1.0349 MaxIteration 43634  TIMEOUT 0.307924
105        966       1022       1143      0.3079       1039        1039      0.0000     16.4395
ALPHA 1.0349 MaxIteration 45155  TIMEOUT 0.323940
106        966       1022       1143      0.3239       1039        1039      0.0000     17.0385
ALPHA 1.0349 MaxIteration 46729  TIMEOUT 0.331706
107        966       1022       1143      0.3317       1039        1039      0.0000     17.6505
ALPHA 1.0349 MaxIteration 48357  TIMEOUT 0.353381
108        966       1022       1143      0.3534       1039        1039      0.0000     18.3085
ALPHA 1.0349 MaxIteration 50042  TIMEOUT 0.364590
109        966       1022       1143      0.3646       1039        1039      0.0000     18.9885
ALPHA 1.0349 MaxIteration 51786  TIMEOUT 0.377018
110        966       1022       1143      0.3770       1039        1039      0.0000     19.6685
ALPHA 1.0349 MaxIteration 53591  TIMEOUT 0.331482
111        966       1022       1143      0.3315>>> T1_100_100_2.wclq |V| 100 |E| 100  (#LB 0.0000 1022 ---> 1022  0.0166  1039 <--- 1059  0.0189 #UB)  #solve_ime 20.0000 read_time 0.0015 
