>>IBM: |V|=27769 |E|=352285
>>IBM: The maximum node weight is 200
/public/home/acs4vb4pqv/benchmarks/MWDS2026/SNAP/Cit-HepTh.clq #seed 102 #alpha 1.900 #timeout 0.300 K=5 RHO=0.05 Q0=0.90 BETA=3.5 AQ_MODE=guarded SAFE_AQ_MIN_GAP=0.050 SAFE_AQ_MIN_NODES=800 AQ_SLOPE_MARGIN=1.05 AQ_MAX_UB_DRIFT=0.25 AQ_HEAVY_FRAC=0.20 AQ_HEAVY_ANTS=6
[v19] |V|=27769 |E|=352285 density=12.69 USE_ADVANCED=1
#Rd        #LB        #LB*       #UB       #Time        #UB+        #UB*      #Time      #TotalTime
First Gap  0.014591
ALPHA 1.9000 MaxIteration 50  TIMEOUT 1.660656
  1     213014     213014     216122      1.6607
 [AQ bandit arm] arm=4 gap=0.0146 density=12.69 |V|=27769
 [AQ bandit] UB_FOCUS/DBS-safe => No RL
     215352      215352      0.0000      3.3433
ALPHA 1.9000 MaxIteration 3  TIMEOUT 0.187305
  2     211779     213014     217964      0.1873     216600      215352      0.0100      3.7332
ALPHA 1.8304 MaxIteration 5  TIMEOUT 0.248845
  3     211857     213014     217237      0.2488     216480      215352      0.0100      4.2435
ALPHA 1.7658 MaxIteration 9  TIMEOUT 0.567579
  4     212590     213014     216832      0.5676     216035      215352      0.0100      5.3932
ALPHA 1.7056 MaxIteration 15  TIMEOUT 1.175408
  5     212423     213014     216683      1.1754     215906      215352      0.0000      7.7734
ALPHA 1.6493 MaxIteration 25  TIMEOUT 1.406138
  6     210610     213014     217493      1.4061
 [LB Done] stag=5 elapsed=45.9% => 10.8s to UB
     215866      215352     10.5700     19.9433
>>> Cit-HepTh.clq |V| 27769 |E| 352285  (#LB 0.0000 213014 ---> 213014  0.0110  215352 <--- 216122  0.0036 #UB)  #solve_ime 19.9437 read_time 0.0768 
