>>IBM: |V|=50 |E|=1000
>>IBM: The maximum node weight is 49
/public/home/acs4vb4pqv/benchmarks/MWDS2026/T1_wclq/T1_50_1000_0.wclq #seed 103 #alpha 1.900 #timeout 0.100 K=5 RHO=0.05 Q0=0.90 BETA=3.5 AQ_MODE=dbs SAFE_AQ_MIN_GAP=0.050 SAFE_AQ_MIN_NODES=800 AQ_SLOPE_MARGIN=1.05 AQ_MAX_UB_DRIFT=0.25 AQ_HEAVY_FRAC=0.20 AQ_HEAVY_ANTS=6
[v19] |V|=50 |E|=1000 density=20.00 USE_ADVANCED=0
#Rd        #LB        #LB*       #UB       #Time        #UB+        #UB*      #Time      #TotalTime
First Gap  0.428571
ALPHA 1.9000 MaxIteration 500  TIMEOUT 0.003735
  1         28         28         40      0.0037         40          40      0.0000      0.0091
ALPHA 1.9000 MaxIteration 3  TIMEOUT 0.000063
  2         25         28         40      0.0001         40          40      0.0000      0.0190
ALPHA 1.8304 MaxIteration 5  TIMEOUT 0.000071
  3         25         28         62      0.0001         40          40      0.0000      0.0291
ALPHA 1.7658 MaxIteration 9  TIMEOUT 0.000095
  4         25         28         62      0.0001         40          40      0.0000      0.0391
ALPHA 1.7056 MaxIteration 15  TIMEOUT 0.000131
  5         25         28         62      0.0001         40          40      0.0000      0.0491
ALPHA 1.6493 MaxIteration 25  TIMEOUT 0.000201
  6         25         28         62      0.0002         40          40      0.0000      0.0591
ALPHA 1.5966 MaxIteration 41  TIMEOUT 0.000307
  7         25         28         62      0.0003         40          40      0.0000      0.0691
ALPHA 1.5472 MaxIteration 65  TIMEOUT 0.000487
  8         25         28         62      0.0005         40          40      0.0000      0.0790
ALPHA 1.5008 MaxIteration 100  TIMEOUT 0.000728
  9         25         28         62      0.0007         40          40      0.0000      0.0891
ALPHA 1.4571 MaxIteration 150  TIMEOUT 0.001088
 10         25         28         62      0.0011         40          40      0.0000      0.0991
ALPHA 1.4158 MaxIteration 218  TIMEOUT 0.001559
 11         25         28         62      0.0016         40          40      0.0000      0.1091
ALPHA 1.3768 MaxIteration 308  TIMEOUT 0.002147
 12         25         28         62      0.0021         40          40      0.0000      0.1191
ALPHA 1.3399 MaxIteration 424  TIMEOUT 0.002949
 13         25         28         62      0.0029         40          40      0.0000      0.1291
ALPHA 1.3049 MaxIteration 568  TIMEOUT 0.003903
 14         25         28         62      0.0039         40          40      0.0000      0.1391
ALPHA 1.2718 MaxIteration 741  TIMEOUT 0.004420
 15         25         28         62      0.0044         40          40      0.0000      0.1491
ALPHA 1.2402 MaxIteration 942  TIMEOUT 0.006548
 16         25         28         62      0.0065         40          40      0.0000      0.1591
ALPHA 1.2102 MaxIteration 1168  TIMEOUT 0.008047
 17         25         28         62      0.0080         40          40      0.0000      0.1691
ALPHA 1.1816 MaxIteration 1413  TIMEOUT 0.009536
 18         25         28         62      0.0095         40          40      0.0000      0.1791
ALPHA 1.1543 MaxIteration 1669  TIMEOUT 0.010477
 19         25         28         62      0.0105         40          40      0.0000      0.2091
ALPHA 1.1283 MaxIteration 1926  TIMEOUT 0.012176
 20         25         28         62      0.0122         40          40      0.0000      0.2390
ALPHA 1.1034 MaxIteration 2173  TIMEOUT 0.015151
 21         25         28         62      0.0152         40          40      0.0000      0.2691
ALPHA 1.0795 MaxIteration 2397  TIMEOUT 0.017038
 22         25         28         62      0.0170         40          40      0.0000      0.2991
ALPHA 1.0567 MaxIteration 2587  TIMEOUT 0.016541
 23         25         28         62      0.0165         40          40      0.0000      0.3291
ALPHA 1.0349 MaxIteration 2733  TIMEOUT 0.018298
 24         25         28         62      0.0183         40          40      0.0000      0.3590
ALPHA 1.0349 MaxIteration 2828  TIMEOUT 0.019941
 25         25         28         62      0.0199         40          40      0.0100      0.3891
ALPHA 1.0349 MaxIteration 2926  TIMEOUT 0.020146
 26         25         28         62      0.0201         40          40      0.0000      0.4391
ALPHA 1.0349 MaxIteration 3027  TIMEOUT 0.020283
 27         25         28         62      0.0203         40          40      0.0000      0.4891
ALPHA 1.0349 MaxIteration 3132  TIMEOUT 0.021337
 28         25         28         62      0.0213         40          40      0.0000      0.5391
ALPHA 1.0349 MaxIteration 3241  TIMEOUT 0.021833
 29         25         28         62      0.0218         40          40      0.0000      0.5891
ALPHA 1.0349 MaxIteration 3353  TIMEOUT 0.022751
 30         25         28         62      0.0228         40          40      0.0000      0.6390
ALPHA 1.0349 MaxIteration 3469  TIMEOUT 0.024425
 31         25         28         62      0.0244         40          40      0.0000      0.6891
ALPHA 1.0349 MaxIteration 3589  TIMEOUT 0.024718
 32         25         28         62      0.0247         40          40      0.0000      0.7391
ALPHA 1.0349 MaxIteration 3714  TIMEOUT 0.025926
 33         25         28         62      0.0259         40          40      0.0000      0.7891
ALPHA 1.0349 MaxIteration 3843  TIMEOUT 0.026021
 34         25         28         62      0.0260         40          40      0.0000      0.8391
ALPHA 1.0349 MaxIteration 3976  TIMEOUT 0.026437
 35         25         28         62      0.0264         40          40      0.0000      0.8890
ALPHA 1.0349 MaxIteration 4114  TIMEOUT 0.027544
 36         25         28         62      0.0275         40          40      0.0000      0.9391
ALPHA 1.0349 MaxIteration 4257  TIMEOUT 0.027422
 37         25         28         62      0.0274         40          40      0.0000      0.9891
ALPHA 1.0349 MaxIteration 4405  TIMEOUT 0.029686
 38         25         28         62      0.0297         40          40      0.0000      1.0391
ALPHA 1.0349 MaxIteration 4558  TIMEOUT 0.031194
 39         25         28         62      0.0312         40          40      0.0000      1.1091
ALPHA 1.0349 MaxIteration 4716  TIMEOUT 0.030157
 40         25         28         62      0.0302         40          40      0.0000      1.1791
ALPHA 1.0349 MaxIteration 4880  TIMEOUT 0.034555
 41         25         28         62      0.0346         40          40      0.0000      1.2491
ALPHA 1.0349 MaxIteration 5050  TIMEOUT 0.034455
 42         25         28         62      0.0345         40          40      0.0000      1.3191
ALPHA 1.0349 MaxIteration 5226  TIMEOUT 0.033054
 43         25         28         62      0.0331         40          40      0.0000      1.3891
ALPHA 1.0349 MaxIteration 5408  TIMEOUT 0.036346
 44         25         28         62      0.0363         40          40      0.0000      1.4591
ALPHA 1.0349 MaxIteration 5596  TIMEOUT 0.038805
 45         25         28         62      0.0388         40          40      0.0000      1.5291
ALPHA 1.0349 MaxIteration 5791  TIMEOUT 0.039414
 46         25         28         62      0.0394         40          40      0.0000      1.5991
ALPHA 1.0349 MaxIteration 5992  TIMEOUT 0.039539
 47         25         28         62      0.0395         40          40      0.0000      1.6690
ALPHA 1.0349 MaxIteration 6200  TIMEOUT 0.041351
 48         25         28         62      0.0414         40          40      0.0000      1.7591
ALPHA 1.0349 MaxIteration 6416  TIMEOUT 0.045586
 49         25         28         62      0.0456         40          40      0.0000      1.8491
ALPHA 1.0349 MaxIteration 6639  TIMEOUT 0.046280
 50         25         28         62      0.0463         40          40      0.0000      1.9391
ALPHA 1.0349 MaxIteration 6870  TIMEOUT 0.048165
 51         25         28         62      0.0482         40          40      0.0000      2.0291
ALPHA 1.0349 MaxIteration 7109  TIMEOUT 0.050180
 52         25         28         62      0.0502         40          40      0.0000      2.1391
ALPHA 1.0349 MaxIteration 7356  TIMEOUT 0.048750
 53         25         28         62      0.0488         40          40      0.0000      2.2291
ALPHA 1.0349 MaxIteration 7612  TIMEOUT 0.050611
 54         25         28         62      0.0506         40          40      0.0000      2.3391
ALPHA 1.0349 MaxIteration 7877  TIMEOUT 0.052254
 55         25         28         62      0.0523         40          40      0.0000      2.4490
ALPHA 1.0349 MaxIteration 8151  TIMEOUT 0.054990
 56         25         28         62      0.0550         40          40      0.0000      2.5591
ALPHA 1.0349 MaxIteration 8435  TIMEOUT 0.059330
 57         25         28         62      0.0593         40          40      0.0000      2.6691
ALPHA 1.0349 MaxIteration 8729  TIMEOUT 0.058213
 58         25         28         62      0.0582         40          40      0.0000      2.7791
ALPHA 1.0349 MaxIteration 9033  TIMEOUT 0.061580
 59         25         28         62      0.0616         40          40      0.0000      2.9091
ALPHA 1.0349 MaxIteration 9347  TIMEOUT 0.063740
 60         25         28         62      0.0637         40          40      0.0000      3.0391
ALPHA 1.0349 MaxIteration 9672  TIMEOUT 0.068917
 61         25         28         62      0.0689         40          40      0.0000      3.1691
ALPHA 1.0349 MaxIteration 10009  TIMEOUT 0.068582
 62         25         28         62      0.0686         40          40      0.0000      3.2990
ALPHA 1.0349 MaxIteration 10357  TIMEOUT 0.070364
 63         25         28         62      0.0704         40          40      0.0000      3.4491
ALPHA 1.0349 MaxIteration 10718  TIMEOUT 0.072425
 64         25         28         62      0.0724         40          40      0.0000      3.5991
ALPHA 1.0349 MaxIteration 11091  TIMEOUT 0.076781
 65         25         28         62      0.0768         40          40      0.0000      3.7491
ALPHA 1.0349 MaxIteration 11477  TIMEOUT 0.077918
 66         25         28         62      0.0779         40          40      0.0000      3.8991
ALPHA 1.0349 MaxIteration 11877  TIMEOUT 0.082073
 67         25         28         62      0.0821         40          40      0.0000      4.0691
ALPHA 1.0349 MaxIteration 12291  TIMEOUT 0.088514
 68         25         28         62      0.0885         40          40      0.0000      4.2391
ALPHA 1.0349 MaxIteration 12719  TIMEOUT 0.084337
 69         25         28         62      0.0843         40          40      0.0000      4.4091
ALPHA 1.0349 MaxIteration 13162  TIMEOUT 0.089472
 70         25         28         62      0.0895         40          40      0.0000      4.5791
ALPHA 1.0349 MaxIteration 13620  TIMEOUT 0.096357
 71         25         28         62      0.0964         40          40      0.0000      4.7691
ALPHA 1.0349 MaxIteration 14094  TIMEOUT 0.098840
 72         25         28         62      0.0988         40          40      0.0000      4.9591
ALPHA 1.0349 MaxIteration 14585  TIMEOUT 0.098467
 73         25         28         62      0.0985         40          40      0.0000      5.1490
ALPHA 1.0349 MaxIteration 15093  TIMEOUT 0.102620
 74         25         28         62      0.1026         40          40      0.0000      5.3591
ALPHA 1.0349 MaxIteration 15619  TIMEOUT 0.102872
 75         25         28         62      0.1029         40          40      0.0000      5.5690
ALPHA 1.0349 MaxIteration 16163  TIMEOUT 0.110044
 76         25         28         62      0.1100         40          40      0.0000      5.7891
ALPHA 1.0349 MaxIteration 16726  TIMEOUT 0.113450
 77         25         28         62      0.1135         40          40      0.0000      6.0191
ALPHA 1.0349 MaxIteration 17309  TIMEOUT 0.117689
 78         25         28         62      0.1177         40          40      0.0000      6.2491
ALPHA 1.0349 MaxIteration 17912  TIMEOUT 0.122287
 79         25         28         62      0.1223         40          40      0.0000      6.4990
ALPHA 1.0349 MaxIteration 18536  TIMEOUT 0.129428
 80         25         28         62      0.1294         40          40      0.0000      6.7491
ALPHA 1.0349 MaxIteration 19182  TIMEOUT 0.132562
 81         25         28         62      0.1326         40          40      0.0000      7.0191
ALPHA 1.0349 MaxIteration 19850  TIMEOUT 0.133206
 82         25         28         62      0.1332         40          40      0.0000      7.2891
ALPHA 1.0349 MaxIteration 20541  TIMEOUT 0.137857
 83         25         28         62      0.1379         40          40      0.0000      7.5591
ALPHA 1.0349 MaxIteration 21257  TIMEOUT 0.147183
 84         25         28         62      0.1472         40          40      0.0000      7.8491
ALPHA 1.0349 MaxIteration 21997  TIMEOUT 0.141756
 85         25         28         62      0.1418         40          40      0.0000      8.1390
ALPHA 1.0349 MaxIteration 22763  TIMEOUT 0.157425
 86         25         28         62      0.1574         40          40      0.0000      8.4491
ALPHA 1.0349 MaxIteration 23556  TIMEOUT 0.157909
 87         25         28         62      0.1579         40          40      0.0000      8.7591
ALPHA 1.0349 MaxIteration 24377  TIMEOUT 0.163028
 88         25         28         62      0.1630         40          40      0.0000      9.0891
ALPHA 1.0349 MaxIteration 25226  TIMEOUT 0.173093
 89         25         28         62      0.1731         40          40      0.0000      9.4391
ALPHA 1.0349 MaxIteration 26105  TIMEOUT 0.175982
 90         25         28         62      0.1760         40          40      0.0000      9.7891
ALPHA 1.0349 MaxIteration 27014  TIMEOUT 0.185889
 91         25         28         62      0.1859         40          40      0.0000     10.1590
ALPHA 1.0349 MaxIteration 27955  TIMEOUT 0.193536
 92         25         28         62      0.1935         40          40      0.0100     10.5391
ALPHA 1.0349 MaxIteration 28929  TIMEOUT 0.187498
 93         25         28         62      0.1875         40          40      0.0000     10.9091
ALPHA 1.0349 MaxIteration 29937  TIMEOUT 0.207468
 94         25         28         62      0.2075         40          40      0.0000     11.3091
ALPHA 1.0349 MaxIteration 30980  TIMEOUT 0.211717
 95         25         28         62      0.2117         40          40      0.0000     11.7391
ALPHA 1.0349 MaxIteration 32059  TIMEOUT 0.215446
 96         25         28         62      0.2154         40          40      0.0000     12.1691
ALPHA 1.0349 MaxIteration 33176  TIMEOUT 0.226525
 97         25         28         62      0.2265         40          40      0.0000     12.6191
ALPHA 1.0349 MaxIteration 34332  TIMEOUT 0.236778
 98         25         28         62      0.2368         40          40      0.0000     13.0791
ALPHA 1.0349 MaxIteration 35528  TIMEOUT 0.239367
 99         25         28         62      0.2394         40          40      0.0000     13.5490
ALPHA 1.0349 MaxIteration 36766  TIMEOUT 0.251577
100         25         28         62      0.2516         40          40      0.0000     14.0591
ALPHA 1.0349 MaxIteration 38047  TIMEOUT 0.271784
101         25         28         62      0.2718         40          40      0.0000     14.5991
ALPHA 1.0349 MaxIteration 39373  TIMEOUT 0.268698
102         25         28         62      0.2687         40          40      0.0000     15.1291
ALPHA 1.0349 MaxIteration 40745  TIMEOUT 0.277283
103         25         28         62      0.2773         40          40      0.0000     15.6790
ALPHA 1.0349 MaxIteration 42165  TIMEOUT 0.284953
104         25         28         62      0.2850         40          40      0.0000     16.2491
ALPHA 1.0349 MaxIteration 43634  TIMEOUT 0.298755
105         25         28         62      0.2988         40          40      0.0000     16.8290
ALPHA 1.0349 MaxIteration 45155  TIMEOUT 0.308105
106         25         28         62      0.3081         40          40      0.0000     17.4391
ALPHA 1.0349 MaxIteration 46729  TIMEOUT 0.314045
107         25         28         62      0.3140         40          40      0.0000     18.0591
ALPHA 1.0349 MaxIteration 48357  TIMEOUT 0.327731
108         25         28         62      0.3277         40          40      0.0000     18.7091
ALPHA 1.0349 MaxIteration 50042  TIMEOUT 0.343049
109         25         28         62      0.3430         40          40      0.0000     19.3891
ALPHA 1.0349 MaxIteration 51786  TIMEOUT 0.353131
110         25         28         62      0.3531         40          40      0.0000     19.9991
ALPHA 1.0349 MaxIteration 53591  TIMEOUT 0.000930
111         25         28         62      0.0009>>> T1_50_1000_0.wclq |V| 50 |E| 1000  (#LB 0.0000 28 ---> 28  0.4286  40 <--- 40  0.0000 #UB)  #solve_ime 20.0000 read_time 0.0010 
