With  Parameters CUTOFF 20 SEED 102  ALPHA = 1.900  K=5 RHO=0.05 Q0=0.90 BETA=3.0 AQ_MODE=dbs
Reading  graph ...  time 0.000565  
Reducing graph ...  time 0.000051  
[v9] |V|=150 |E|=2000 density=13.33 USE_ADVANCED=0 SAFE_AQ_MIN_GAP=0.050 DEEP_AQ_RANGE=[800, 5.00, 10.00] structure_blocks_aq=1 AQ_SLOPE_MARGIN=1.15 AQ_MAX_UB_DRIFT=0.20 AQ_PROBE_FRAC=0.15 AQ_T1LIKE_FRAC=0.15
#Rd        #LB        #LB*       #UB       #Time        #UB+        #UB*      #Time      #TotalTime
First Gap  0.188867
  1        503        503        598      0.0354 [AQ bandit arm] arm=4 gap=0.1889 density=13.33 |V|=150

 Switch to DBS-only search, timeout 0.035360....
 [Online-safe AQ structure guard] |V|=150 density=13.33 outside [800, 5.00, 10.00], disabling AQ
        598         598      0.0002        0.0712
ALPHA 1.9000 MaxIteration 3  TIMEOUT 0.035360
  2        492        503        672      0.0002        601         598      0.0002        0.0716
ALPHA 1.8304 MaxIteration 5  TIMEOUT 0.000389
  3        495        503        649      0.0004        598         598      0.0002        0.0725
ALPHA 1.7658 MaxIteration 9  TIMEOUT 0.000805
  4        501        503        671      0.0007        598         598      0.0003        0.0739
ALPHA 1.7056 MaxIteration 15  TIMEOUT 0.001201
  5        495        503        671      0.0013        598         598      0.0003        0.0764
ALPHA 1.6493 MaxIteration 25  TIMEOUT 0.002137
  6        494        503        646      0.0019        598         598      0.0004        0.0801
ALPHA 1.5966 MaxIteration 41  TIMEOUT 0.003063
  7        494        503        646      0.0027        598         598      0.0003        0.0855
ALPHA 1.5472 MaxIteration 65  TIMEOUT 0.004285
  8        494        503        646      0.0040        598         598      0.0004        0.0934
ALPHA 1.5008 MaxIteration 100  TIMEOUT 0.006155
  9        494        503        646      0.0059        598         598      0.0002        0.1052
ALPHA 1.4571 MaxIteration 150  TIMEOUT 0.008801
 10        494        503        646      0.0085        598         598      0.0003        0.1222
ALPHA 1.4158 MaxIteration 218  TIMEOUT 0.012389
 11        494        503        646      0.0118        598         598      0.0003        0.1458
ALPHA 1.3768 MaxIteration 308  TIMEOUT 0.016684
 12        497        503        646      0.0167        598         598      0.0003        0.1792
ALPHA 1.3399 MaxIteration 424  TIMEOUT 0.022990
 13        497        503        646      0.0230        598         598      0.0002        0.2262
ALPHA 1.3049 MaxIteration 568  TIMEOUT 0.030819
 14        497        503        646      0.0308        598         598      0.0004        0.2879
ALPHA 1.2718 MaxIteration 741  TIMEOUT 0.040233
 15        497        503        632      0.0403        598         598      0.0003        0.3714
ALPHA 1.2402 MaxIteration 942  TIMEOUT 0.051201
 16        497        503        632      0.0513        598         598      0.0003        0.4739
ALPHA 1.2102 MaxIteration 1168  TIMEOUT 0.063561
 17        497        503        632      0.0636        598         598      0.0003        0.6011
ALPHA 1.1816 MaxIteration 1413  TIMEOUT 0.076963
 18        497        503        632      0.0770        598         598      0.0005        0.7562
ALPHA 1.1543 MaxIteration 1669  TIMEOUT 0.090986
 19        498        503        632      0.0910        598         598      0.0003        0.9392
ALPHA 1.1283 MaxIteration 1926  TIMEOUT 0.105031
 20        498        503        632      0.1051        598         598      0.0003        1.1503
ALPHA 1.1034 MaxIteration 2173  TIMEOUT 0.118538
 21        498        503        632      0.1186        598         598      0.0003        1.3904
ALPHA 1.0795 MaxIteration 2397  TIMEOUT 0.130823
 22        498        503        632      0.1308        601         598      0.0002        1.6531
ALPHA 1.0567 MaxIteration 2587  TIMEOUT 0.141248
 23        500        503        601      0.1413        598         598      0.0003        1.9367
ALPHA 1.0349 MaxIteration 2733  TIMEOUT 0.149278
 24        500        503        601      0.1493        598         598      0.0003        2.2374
ALPHA 1.0349 MaxIteration 2828  TIMEOUT 0.154507
 25        500        503        601      0.1545        601         598      0.0002        2.5466
ALPHA 1.0349 MaxIteration 2926  TIMEOUT 0.159935
 26        504        504        632      0.1495        598         598      0.0003        2.8477
ALPHA 1.0349 MaxIteration 3027  TIMEOUT 0.154729
 27        504        504        632      0.1487        598         598      0.0002        3.1461
ALPHA 1.0349 MaxIteration 3132  TIMEOUT 0.153867
 28        505        505        632      0.1539        598         598      0.0003        3.4549
ALPHA 1.0349 MaxIteration 3241  TIMEOUT 0.159266
 29        505        505        656      0.1568        598         598      0.0002        3.7696
ALPHA 1.0349 MaxIteration 3353  TIMEOUT 0.162306
 30        505        505        656      0.1602        598         598      0.0003        4.0921
ALPHA 1.0349 MaxIteration 3469  TIMEOUT 0.165825
 31        505        505        656      0.1657        598         598      0.0003        4.4265
ALPHA 1.0349 MaxIteration 3589  TIMEOUT 0.171476
 32        505        505        656      0.1697        598         598      0.0002        4.7690
ALPHA 1.0349 MaxIteration 3714  TIMEOUT 0.175650
 33        505        505        656      0.1757        598         598      0.0002        5.1214
ALPHA 1.0349 MaxIteration 3843  TIMEOUT 0.181778
 34        505        505        601      0.1818        598         598      0.0003        5.4890
ALPHA 1.0349 MaxIteration 3976  TIMEOUT 0.188136
 35        505        505        601      0.1882        598         598      0.0004        5.8663
ALPHA 1.0349 MaxIteration 4114  TIMEOUT 0.194710
 36        505        505        601      0.1947        598         598      0.0003        6.2568
ALPHA 1.0349 MaxIteration 4257  TIMEOUT 0.201513
 37        505        505        601      0.2015        598         598      0.0002        6.6608
ALPHA 1.0349 MaxIteration 4405  TIMEOUT 0.208546
 38        505        505        601      0.2086        598         598      0.0006        7.0800
ALPHA 1.0349 MaxIteration 4558  TIMEOUT 0.215829
 39        505        505        601      0.2158        598         598      0.0003        7.5127
ALPHA 1.0349 MaxIteration 4716  TIMEOUT 0.223357
 40        505        505        601      0.2217        598         598      0.0002        7.9591
ALPHA 1.0349 MaxIteration 4880  TIMEOUT 0.229445
 41        505        505        601      0.2295        598         598      0.0003        8.4191
ALPHA 1.0349 MaxIteration 5050  TIMEOUT 0.237449
 42        505        505        601      0.2375        598         598      0.0007        8.8961
ALPHA 1.0349 MaxIteration 5226  TIMEOUT 0.245758
 43        505        505        601      0.2458        598         598      0.0003        9.3917
ALPHA 1.0349 MaxIteration 5408  TIMEOUT 0.254336
 44        505        505        601      0.2544        598         598      0.1628        9.9044
ALPHA 1.0349 MaxIteration 5596  TIMEOUT 0.263234
 45        505        505        601      0.2633        598         598      0.0002       10.4320
ALPHA 1.0349 MaxIteration 5791  TIMEOUT 0.272446
 46        505        505        601      0.2717        598         598      0.0006       10.9794
ALPHA 1.0349 MaxIteration 5992  TIMEOUT 0.281164
 47        505        505        601      0.2812        598         598      0.0005       11.5438
ALPHA 1.0349 MaxIteration 6200  TIMEOUT 0.291000
 48        505        505        601      0.2910        598         598      0.0002       12.1289
ALPHA 1.0349 MaxIteration 6416  TIMEOUT 0.301178
 49        505        505        601      0.3012        598         598      0.0003       12.7354
ALPHA 1.0349 MaxIteration 6639  TIMEOUT 0.311693
 50        505        505        601      0.3100        598         598      0.0006       13.3573
ALPHA 1.0349 MaxIteration 6870  TIMEOUT 0.320762
 51        505        505        601      0.3208        598         598      0.0003       19.9998
>>> T2_150_2000_1.wclq |V| 150 |E| 2000  (#LB 0.0040 503 ---> 505  0.1555  598 <--- 598  0.0000 #UB)  #read_time 0.0006  #reduce_time 0.0001  #solve_time 19.9998  #total_time 20.0004
 