With  Parameters CUTOFF 20 SEED 2  ALPHA = 1.900  K=5 RHO=0.05 Q0=0.90 BETA=3.0 AQ_MODE=guarded
Reading  graph ...  time 0.000591  
Reducing graph ...  time 0.000077  
[v9] |V|=1000 |E|=1000 density=1.00 USE_ADVANCED=1 SAFE_AQ_MIN_GAP=0.050 DEEP_AQ_RANGE=[800, 5.00, 10.00] structure_blocks_aq=1 AQ_SLOPE_MARGIN=1.15 AQ_MAX_UB_DRIFT=0.20 AQ_PROBE_FRAC=0.15 AQ_T1LIKE_FRAC=0.15
#Rd        #LB        #LB*       #UB       #Time        #UB+        #UB*      #Time      #TotalTime
First Gap  0.099244
  1      10318      10318      11342      0.2506 [AQ bandit arm] arm=0 gap=0.0992 density=1.00 |V|=1000

 Switch to DBS-only search, timeout 0.250592....
 [Online-safe AQ structure guard] |V|=1000 density=1.00 outside [800, 5.00, 10.00], disabling AQ
      10795       10795      0.1271        0.5013
ALPHA 1.9000 MaxIteration 3  TIMEOUT 0.250592
  2      10283      10318      11592      0.0008      11177       10795      0.0007        0.5029
ALPHA 1.8304 MaxIteration 5  TIMEOUT 0.001520
  3      10233      10318      11743      0.0012      11145       10795      0.0005        0.5053
ALPHA 1.7658 MaxIteration 9  TIMEOUT 0.002173
  4      10238      10318      11838      0.0020      11096       10795      0.0006        0.5093
ALPHA 1.7056 MaxIteration 15  TIMEOUT 0.003445
  5      10231      10318      11790      0.0031      11195       10795      0.0003        0.5154
ALPHA 1.6493 MaxIteration 25  TIMEOUT 0.005257
  6      10226      10318      11965      0.0051      11100       10795      0.0051        0.5256
ALPHA 1.5966 MaxIteration 41  TIMEOUT 0.008390
  7      10207      10318      12014      0.0085      10895       10795      0.0084        0.5426
ALPHA 1.5472 MaxIteration 65  TIMEOUT 0.013571
  8      10216      10318      11982      0.0137      10888       10795      0.0117        0.5700
ALPHA 1.5008 MaxIteration 100  TIMEOUT 0.021182
  9      10211      10318      11960      0.0212      10852       10795      0.0181        0.6125
ALPHA 1.4571 MaxIteration 150  TIMEOUT 0.031857
 10      10249      10318      11914      0.0319      10874       10795      0.0129        0.6763
ALPHA 1.4158 MaxIteration 218  TIMEOUT 0.046439
 11      10258      10318      11835      0.0465      10820       10795      0.0271        0.7703
ALPHA 1.3768 MaxIteration 308  TIMEOUT 0.065779
 12      10261      10318      11773      0.0658      10818       10795      0.0345        0.9019
ALPHA 1.3399 MaxIteration 424  TIMEOUT 0.090596
 13      10274      10318      11769      0.0907      10832       10795      0.0694        1.0833
ALPHA 1.3049 MaxIteration 568  TIMEOUT 0.121491
 14      10283      10318      11739      0.1215      10797       10795      0.1148        1.3274
ALPHA 1.2718 MaxIteration 741  TIMEOUT 0.158615
 15      10292      10318      11709      0.1587      10796       10795      0.0953        1.6469
ALPHA 1.2402 MaxIteration 942  TIMEOUT 0.201818
 16      10302      10318      11681      0.2020      10801       10795      0.0690        2.0539
ALPHA 1.2102 MaxIteration 1168  TIMEOUT 0.250526
 17      10306      10318      11656      0.2507      10801       10795      0.2087        2.5553
ALPHA 1.1816 MaxIteration 1413  TIMEOUT 0.303357
 18      10339      10339      11643      0.3034      10795       10795      0.2910        3.1621
ALPHA 1.1543 MaxIteration 1669  TIMEOUT 0.358473
 19      10339      10339      11630      0.3186      10799       10795      0.2987        3.8013
ALPHA 1.1283 MaxIteration 1926  TIMEOUT 0.367711
 20      10349      10349      11594      0.3679      10796       10795      0.3030        4.5371
ALPHA 1.1034 MaxIteration 2173  TIMEOUT 0.415082
 21      10349      10349      11538      0.4144      10789       10789      0.3722        5.3659
ALPHA 1.0795 MaxIteration 2397  TIMEOUT 0.457185
 22      10354      10354      11618      0.4573      10791       10789      0.4060        6.2816
ALPHA 1.0567 MaxIteration 2587  TIMEOUT 0.493710
 23      10354      10354      11597      0.4840      10789       10789      0.4026        7.2507
ALPHA 1.0349 MaxIteration 2733  TIMEOUT 0.511497
 24      10356      10356      11591      0.5116      10792       10789      0.1659        8.2750
ALPHA 1.0349 MaxIteration 2828  TIMEOUT 0.529426
 25      10396      10396      11521      0.5295      10793       10789      0.2600        9.3340
ALPHA 1.0349 MaxIteration 2926  TIMEOUT 0.547918
 26      10410      10410      11486      0.5480      10791       10789      0.5254       10.4310
ALPHA 1.0349 MaxIteration 3027  TIMEOUT 0.567062
 27      10406      10410      11473      0.5671      10799       10789      0.3527       11.5653
ALPHA 1.0349 MaxIteration 3132  TIMEOUT 0.586842
 28      10413      10413      11468      0.5869      10789       10789      0.4187       12.7391
ALPHA 1.0349 MaxIteration 3241  TIMEOUT 0.607325
 29      10409      10413      11417      0.6075      10775       10775      2.2000       19.9998
>>> T1_1000_1000_2.wclq |V| 1000 |E| 1000  (#LB 0.0092 10318 ---> 10413  0.0336  10775 <--- 11342  0.0500 #UB)  #read_time 0.0006  #reduce_time 0.0001  #solve_time 19.9998  #total_time 20.0005
 