With  Parameters CUTOFF 20 SEED 103  ALPHA = 1.900  K=5 RHO=0.05 Q0=0.90 BETA=3.0 AQ_MODE=guarded
Reading  graph ...  time 0.004329  
Reducing graph ...  time 0.000290  
[v9] |V|=1000 |E|=20000 density=20.00 USE_ADVANCED=0 SAFE_AQ_MIN_GAP=0.050 DEEP_AQ_RANGE=[800, 5.00, 10.00] structure_blocks_aq=1 AQ_SLOPE_MARGIN=1.15 AQ_MAX_UB_DRIFT=0.20 AQ_PROBE_FRAC=0.15 AQ_T1LIKE_FRAC=0.15
#Rd        #LB        #LB*       #UB       #Time        #UB+        #UB*      #Time      #TotalTime
First Gap  0.437956
  1       5343       5343       7683      0.8080 [AQ bandit arm] arm=0 gap=0.4380 density=20.00 |V|=1000

 Switch to DBS-only search, timeout 0.808037....
 [Online-safe AQ structure guard] |V|=1000 density=20.00 outside [800, 5.00, 10.00], disabling AQ
       7177        7177      0.0269        1.6183
ALPHA 1.9000 MaxIteration 3  TIMEOUT 0.808037
  2       5078       5343       9590      0.0045       7359        7177      0.0030        1.6275
ALPHA 1.8304 MaxIteration 5  TIMEOUT 0.008634
  3       5225       5343       9650      0.0041       7332        7177      0.0027        1.6357
ALPHA 1.7658 MaxIteration 9  TIMEOUT 0.007468
  4       5226       5343       9874      0.0064       7324        7177      0.0034        1.6485
ALPHA 1.7056 MaxIteration 15  TIMEOUT 0.011287
  5       5583       5583       9041      0.0116       7177        7177      0.0096        1.6717
ALPHA 1.6493 MaxIteration 25  TIMEOUT 0.019715
  6       5583       5583       9465      0.0152       7177        7177      0.0043        1.7022
ALPHA 1.5966 MaxIteration 41  TIMEOUT 0.025140
  7       5619       5619       8870      0.0257       7202        7177      0.0048        1.7535
ALPHA 1.5472 MaxIteration 65  TIMEOUT 0.040983
  8       5705       5705       9239      0.0411       7177        7177      0.0331        1.8357
ALPHA 1.5008 MaxIteration 100  TIMEOUT 0.063553
  9       5729       5729       8933      0.0637       7177        7177      0.0125        1.9632
ALPHA 1.4571 MaxIteration 150  TIMEOUT 0.095662
 10       5729       5729       9121      0.0905       7177        7177      0.0667        2.1443
ALPHA 1.4158 MaxIteration 218  TIMEOUT 0.131920
 11       5802       5802       8963      0.1321       7177        7177      0.0114        2.4085
ALPHA 1.3768 MaxIteration 308  TIMEOUT 0.187000
 12       5802       5802       8961      0.1832       7177        7177      0.0498        2.7750
ALPHA 1.3399 MaxIteration 424  TIMEOUT 0.252207
 13       5802       5802       8760      0.2517       7177        7177      0.0229        3.2784
ALPHA 1.3049 MaxIteration 568  TIMEOUT 0.337251
 14       5802       5802       8221      0.3353       7177        7177      0.0412        3.9510
ALPHA 1.2718 MaxIteration 741  TIMEOUT 0.437502
 15       5808       5808       8343      0.4377       7177        7177      0.0102        4.8265
ALPHA 1.2402 MaxIteration 942  TIMEOUT 0.556607
 16       5877       5877       8620      0.5570       7177        7177      0.0482        5.9406
ALPHA 1.2102 MaxIteration 1168  TIMEOUT 0.690834
 17       5877       5877       8640      0.6906       7177        7177      0.0055        7.3230
ALPHA 1.1816 MaxIteration 1413  TIMEOUT 0.835792
 18       5877       5877       8676      0.8363       7177        7177      0.0185        8.9957
ALPHA 1.1543 MaxIteration 1669  TIMEOUT 0.988181
 19       5877       5877       8353      0.9883       7177        7177      0.0845       10.9754
ALPHA 1.1283 MaxIteration 1926  TIMEOUT 1.140765
 20       5909       5909       7902      1.1413       7177        7177      0.0050       13.2616
ALPHA 1.1034 MaxIteration 2173  TIMEOUT 1.287727
 21       5909       5909       8498      1.2880       7177        7177      0.0094       20.0051
>>> T2_1000_20000_9.wclq |V| 1000 |E| 20000  (#LB 0.1059 5343 ---> 5909  0.1767  7177 <--- 7683  0.0659 #UB)  #read_time 0.0043  #reduce_time 0.0003  #solve_time 20.0051  #total_time 20.0097
 