>>IBM: |V|=200 |E|=2000
>>IBM: The maximum node weight is 49
/public/home/acs4vb4pqv/benchmarks/MWDS2026/T1_wclq/T1_200_2000_8.wclq #seed 101 #alpha 1.900 #timeout 0.100 K=5 RHO=0.05 Q0=0.90 BETA=3.5 AQ_MODE=guarded SAFE_AQ_MIN_GAP=0.050 SAFE_AQ_MIN_NODES=800 AQ_SLOPE_MARGIN=1.05 AQ_MAX_UB_DRIFT=0.25 AQ_HEAVY_FRAC=0.20 AQ_HEAVY_ANTS=6
[v19] |V|=200 |E|=2000 density=10.00 USE_ADVANCED=0
#Rd        #LB        #LB*       #UB       #Time        #UB+        #UB*      #Time      #TotalTime
First Gap  1.328283
ALPHA 1.9000 MaxIteration 500  TIMEOUT 0.038552
  1        198        198        461      0.0386
 [AQ bandit arm] arm=1 gap=1.3283 density=10.00 |V|=200

 [AQ small-headroom probe] gap=1.3283 density=10.00 |V|=200 => Light RL (K=3, 5.0%)
ALPHA 1.9000 MaxIteration 3  TIMEOUT 0.001548
  2        203        203        559      0.0015ALPHA 1.8304 MaxIteration 5  TIMEOUT 0.003018
  3        205        205        534      0.0030ALPHA 1.7658 MaxIteration 9  TIMEOUT 0.004271
  4        205        205        506      0.0043ALPHA 1.7056 MaxIteration 15  TIMEOUT 0.005234
  5        216        216        520      0.0052ALPHA 1.6493 MaxIteration 25  TIMEOUT 0.017346
  6        227        227        509      0.0173ALPHA 1.5966 MaxIteration 41  TIMEOUT 0.017551
  7        231        231        530      0.0176ALPHA 1.5472 MaxIteration 65  TIMEOUT 0.025438
  8        228        231        510      0.0254ALPHA 1.5008 MaxIteration 100  TIMEOUT 0.036139
  9        230        231        531      0.0361 [AQ guard] no early LB gain, disabling AQ
        416         416      0.0300      0.1886
ALPHA 1.4571 MaxIteration 150  TIMEOUT 0.011907
 10        194        231        475      0.0119        416         416      0.0000      0.2186
ALPHA 1.4158 MaxIteration 218  TIMEOUT 0.039089
 11        197        231        479      0.0391        416         416      0.0200      0.2886
ALPHA 1.3768 MaxIteration 308  TIMEOUT 0.024176
 12        194        231        485      0.0242        416         416      0.0100      0.3386
ALPHA 1.3399 MaxIteration 424  TIMEOUT 0.045367
 13        198        231        468      0.0454        416         416      0.0000      0.4286
ALPHA 1.3049 MaxIteration 568  TIMEOUT 0.107011
 14        203        231        452      0.1070        416         416      0.0000      0.6286
ALPHA 1.2718 MaxIteration 741  TIMEOUT 0.068463
 15        203        231        471      0.0685        416         416      0.0100      0.7586
ALPHA 1.2402 MaxIteration 942  TIMEOUT 0.114100
 16        200        231        450      0.1141        416         416      0.0100      0.9886
ALPHA 1.2102 MaxIteration 1168  TIMEOUT 0.130598
 17        191        231        475      0.1306        416         416      0.0000      1.2486
ALPHA 1.1816 MaxIteration 1413  TIMEOUT 0.178837
 18        202        231        474      0.1788        416         416      0.0000      1.5886
ALPHA 1.1543 MaxIteration 1669  TIMEOUT 0.156634
 19        195        231        440      0.1566        416         416      0.0100      1.8986
ALPHA 1.1283 MaxIteration 1926  TIMEOUT 0.194959
 20        194        231        457      0.1950        416         416      0.0000      2.2886
ALPHA 1.1034 MaxIteration 2173  TIMEOUT 0.198000
 21        193        231        456      0.1980        416         416      0.0100      2.6786
ALPHA 1.0795 MaxIteration 2397  TIMEOUT 0.293601
 22        196        231        456      0.2936        416         416      0.0100      3.2586
ALPHA 1.0567 MaxIteration 2587  TIMEOUT 0.319659
 23        196        231        450      0.3197        416         416      0.0100      3.8786
ALPHA 1.0349 MaxIteration 2733  TIMEOUT 0.416560
 24        197        231        468      0.4166        416         416      0.0000      4.7086
ALPHA 1.0349 MaxIteration 2828  TIMEOUT 0.238890
 25        198        231        467      0.2389        416         416      0.0100      5.1686
ALPHA 1.0349 MaxIteration 2926  TIMEOUT 0.285103
 26        196        231        456      0.2851        419         416      0.0000      5.7286
ALPHA 1.0349 MaxIteration 3027  TIMEOUT 0.327713
 27        196        231        456      0.3277        416         416      0.0100      6.3686
ALPHA 1.0349 MaxIteration 3132  TIMEOUT 0.396503
 28        196        231        456      0.3965        416         416      0.0000      7.1486
ALPHA 1.0349 MaxIteration 3241  TIMEOUT 0.294091
 29        194        231        465      0.2941        416         416      0.0000      7.7286
ALPHA 1.0349 MaxIteration 3353  TIMEOUT 0.302754
 30        196        231        459      0.3028        416         416      0.0000      8.3386
ALPHA 1.0349 MaxIteration 3469  TIMEOUT 0.294950
 31        196        231        458      0.2950        416         416      0.1100      8.9186
ALPHA 1.0349 MaxIteration 3589  TIMEOUT 0.351241
 32        196        231        468      0.3512        416         416      0.0300      9.6186
ALPHA 1.0349 MaxIteration 3714  TIMEOUT 0.329027
 33        198        231        464      0.3290        416         416      0.0400     10.2586
ALPHA 1.0349 MaxIteration 3843  TIMEOUT 0.353929
 34        196        231        458      0.3539        416         416      0.0100     10.9486
ALPHA 1.0349 MaxIteration 3976  TIMEOUT 0.341833
 35        198        231        455      0.3418        416         416      0.0000     11.6286
ALPHA 1.0349 MaxIteration 4114  TIMEOUT 0.579603
 36        202        231        454      0.5796        416         416      0.0100     12.7686
ALPHA 1.0349 MaxIteration 4257  TIMEOUT 0.366431
 37        200        231        458      0.3664        416         416      0.0100     13.4986
ALPHA 1.0349 MaxIteration 4405  TIMEOUT 0.458338
 38        198        231        455      0.4583        416         416      0.0200     14.4086
ALPHA 1.0349 MaxIteration 4558  TIMEOUT 0.403242
 39        197        231        468      0.4032        416         416      0.0000     15.2086
ALPHA 1.0349 MaxIteration 4716  TIMEOUT 0.464835
 40        198        231        450      0.4648        416         416      0.0000     16.1186
ALPHA 1.0349 MaxIteration 4880  TIMEOUT 0.417670
 41        199        231        454      0.4177        416         416      0.0000     16.9286
ALPHA 1.0349 MaxIteration 5050  TIMEOUT 0.801283
 42        200        231        468      0.8013        416         416      0.0000     18.5186
ALPHA 1.0349 MaxIteration 5226  TIMEOUT 0.494191
 43        198        231        455      0.4942        416         416      0.0200     19.4986
ALPHA 1.0349 MaxIteration 5408  TIMEOUT 0.501456
 44        196        231        472      0.5015>>> T1_200_2000_8.wclq |V| 200 |E| 2000  (#LB 0.1667 198 ---> 231  0.8009  416 <--- 461  0.0976 #UB)  #solve_ime 20.0001 read_time 0.0014 
