With  Parameters CUTOFF 20 SEED 103  ALPHA = 1.900  K=5 RHO=0.05 Q0=0.90 BETA=3.0 AQ_MODE=guarded
Reading  graph ...  time 0.000701  
Reducing graph ...  time 0.000051  
[v9] |V|=250 |E|=2000 density=8.00 USE_ADVANCED=0 SAFE_AQ_MIN_GAP=0.050 DEEP_AQ_RANGE=[800, 5.00, 10.00] structure_blocks_aq=1 AQ_SLOPE_MARGIN=1.15 AQ_MAX_UB_DRIFT=0.20 AQ_PROBE_FRAC=0.15 AQ_T1LIKE_FRAC=0.15
#Rd        #LB        #LB*       #UB       #Time        #UB+        #UB*      #Time      #TotalTime
First Gap  0.220339
  1       1003       1003       1224      0.0971 [AQ bandit arm] arm=0 gap=0.2203 density=8.00 |V|=250

 Switch to DBS-only search, timeout 0.097136....
 [Online-safe AQ structure guard] |V|=250 density=8.00 outside [800, 5.00, 10.00], disabling AQ
       1183        1183      0.0027        0.1944
ALPHA 1.9000 MaxIteration 3  TIMEOUT 0.097136
  2        984       1003       1366      0.0005       1226        1183      0.0002        0.1954
ALPHA 1.8304 MaxIteration 5  TIMEOUT 0.000984
  3        974       1003       1445      0.0005       1243        1183      0.0003        0.1964
ALPHA 1.7658 MaxIteration 9  TIMEOUT 0.000932
  4        986       1003       1455      0.0010       1205        1183      0.0007        0.1984
ALPHA 1.7056 MaxIteration 15  TIMEOUT 0.001686
  5        977       1003       1272      0.0015       1193        1183      0.0005        0.2014
ALPHA 1.6493 MaxIteration 25  TIMEOUT 0.002587
  6        982       1003       1272      0.0024       1193        1183      0.0011        0.2062
ALPHA 1.5966 MaxIteration 41  TIMEOUT 0.003975
  7        992       1003       1272      0.0040       1191        1183      0.0011        0.2142
ALPHA 1.5472 MaxIteration 65  TIMEOUT 0.006388
  8       1018       1018       1368      0.0064       1191        1183      0.0039        0.2270
ALPHA 1.5008 MaxIteration 100  TIMEOUT 0.009887
  9       1012       1018       1357      0.0099       1189        1183      0.0078        0.2469
ALPHA 1.4571 MaxIteration 150  TIMEOUT 0.014894
 10       1018       1018       1308      0.0149       1183        1183      0.0106        0.2768
ALPHA 1.4158 MaxIteration 218  TIMEOUT 0.021742
 11       1034       1034       1286      0.0218       1183        1183      0.0049        0.3204
ALPHA 1.3768 MaxIteration 308  TIMEOUT 0.030842
 12       1037       1037       1326      0.0309       1183        1183      0.0025        0.3822
ALPHA 1.3399 MaxIteration 424  TIMEOUT 0.042498
 13       1039       1039       1309      0.0314       1183        1183      0.0118        0.4449
ALPHA 1.3049 MaxIteration 568  TIMEOUT 0.042008
 14       1039       1039       1309      0.0404       1183        1183      0.0007        0.5258
ALPHA 1.2718 MaxIteration 741  TIMEOUT 0.052767
 15       1039       1039       1309      0.0528       1183        1183      0.0023        0.6314
ALPHA 1.2402 MaxIteration 942  TIMEOUT 0.067169
 16       1039       1039       1273      0.0672       1183        1183      0.0038        0.7660
ALPHA 1.2102 MaxIteration 1168  TIMEOUT 0.083346
 17       1044       1044       1326      0.0834       1183        1183      0.0188        0.9329
ALPHA 1.1816 MaxIteration 1413  TIMEOUT 0.100949
 18       1044       1044       1347      0.1010       1183        1183      0.0020        1.1349
ALPHA 1.1543 MaxIteration 1669  TIMEOUT 0.119312
 19       1042       1044       1269      0.1194       1183        1183      0.0034        1.3736
ALPHA 1.1283 MaxIteration 1926  TIMEOUT 0.137772
 20       1044       1044       1275      0.1378       1183        1183      0.0008        1.6544
ALPHA 1.1034 MaxIteration 2173  TIMEOUT 0.155471
 21       1042       1044       1275      0.1555       1183        1183      0.0157        1.9664
ALPHA 1.0795 MaxIteration 2397  TIMEOUT 0.171551
 22       1042       1044       1275      0.1716       1183        1183      0.0006        2.3107
ALPHA 1.0567 MaxIteration 2587  TIMEOUT 0.185235
 23       1042       1044       1275      0.1853       1183        1183      0.0138        2.6824
ALPHA 1.0349 MaxIteration 2733  TIMEOUT 0.195785
 24       1042       1044       1275      0.1950       1183        1183      0.0155        3.0735
ALPHA 1.0349 MaxIteration 2828  TIMEOUT 0.201815
 25       1042       1044       1275      0.2019       1183        1183      0.0019        3.4793
ALPHA 1.0349 MaxIteration 2926  TIMEOUT 0.208927
 26       1042       1044       1269      0.2090       1183        1183      0.0156        3.8982
ALPHA 1.0349 MaxIteration 3027  TIMEOUT 0.216236
 27       1042       1044       1269      0.2163       1183        1183      0.0845        4.3736
ALPHA 1.0349 MaxIteration 3132  TIMEOUT 0.223849
 28       1042       1044       1269      0.2239       1183        1183      0.0133        4.9104
ALPHA 1.0349 MaxIteration 3241  TIMEOUT 0.231687
 29       1042       1044       1314      0.2317       1183        1183      0.0078        5.5210
ALPHA 1.0349 MaxIteration 3353  TIMEOUT 0.239807
 30       1042       1044       1314      0.2399       1183        1183      0.0279        6.1708
ALPHA 1.0349 MaxIteration 3469  TIMEOUT 0.248249
 31       1042       1044       1314      0.2475       1183        1183      0.0103        6.8220
ALPHA 1.0349 MaxIteration 3589  TIMEOUT 0.256163
 32       1042       1044       1269      0.2541       1183        1183      0.0018        7.4466
ALPHA 1.0349 MaxIteration 3714  TIMEOUT 0.262962
 33       1042       1044       1314      0.2630       1183        1183      0.0241        8.1566
ALPHA 1.0349 MaxIteration 3843  TIMEOUT 0.272134
 34       1042       1044       1269      0.2722       1183        1183      0.0024        8.8870
ALPHA 1.0349 MaxIteration 3976  TIMEOUT 0.281641
 35       1042       1044       1269      0.2817       1183        1183      0.0127        9.6116
ALPHA 1.0349 MaxIteration 4114  TIMEOUT 0.291497
 36       1042       1044       1314      0.2915       1183        1183      0.0033       10.4097
ALPHA 1.0349 MaxIteration 4257  TIMEOUT 0.301678
 37       1042       1044       1269      0.3001       1183        1183      0.0133       11.1269
ALPHA 1.0349 MaxIteration 4405  TIMEOUT 0.310555
 38       1042       1044       1269      0.3106       1183        1183      0.0008       11.7502
ALPHA 1.0349 MaxIteration 4558  TIMEOUT 0.321429
 39       1042       1044       1314      0.3214       1183        1183      0.0103       12.3974
ALPHA 1.0349 MaxIteration 4716  TIMEOUT 0.332640
 40       1042       1044       1269      0.3327       1183        1183      0.0493       13.0695
ALPHA 1.0349 MaxIteration 4880  TIMEOUT 0.344260
 41       1042       1044       1314      0.3443       1183        1183      0.0345       19.9998
>>> T2_250_2000_3.wclq |V| 250 |E| 2000  (#LB 0.0409 1003 ---> 1044  0.1175  1183 <--- 1224  0.0335 #UB)  #read_time 0.0007  #reduce_time 0.0001  #solve_time 19.9998  #total_time 20.0006
 