>>IBM: |V|=200 |E|=2000
>>IBM: The maximum node weight is 49
/public/home/acs4vb4pqv/benchmarks/MWDS2026/T1_wclq/T1_200_2000_8.wclq #seed 102 #alpha 1.900 #timeout 0.100 K=5 RHO=0.05 Q0=0.90 BETA=3.5 AQ_MODE=dbs SAFE_AQ_MIN_GAP=0.050 SAFE_AQ_MIN_NODES=800 AQ_SLOPE_MARGIN=1.05 AQ_MAX_UB_DRIFT=0.25 AQ_HEAVY_FRAC=0.20 AQ_HEAVY_ANTS=6
[v19] |V|=200 |E|=2000 density=10.00 USE_ADVANCED=0
#Rd        #LB        #LB*       #UB       #Time        #UB+        #UB*      #Time      #TotalTime
First Gap  1.328283
ALPHA 1.9000 MaxIteration 500  TIMEOUT 0.039333
  1        198        198        461      0.0393        416         416      0.0100      0.0700
ALPHA 1.9000 MaxIteration 3  TIMEOUT 0.000334
  2        191        198        562      0.0003        416         416      0.0000      0.0800
ALPHA 1.8304 MaxIteration 5  TIMEOUT 0.000721
  3        179        198        506      0.0007        420         416      0.0000      0.0900
ALPHA 1.7658 MaxIteration 9  TIMEOUT 0.001141
  4        174        198        500      0.0011        416         416      0.0000      0.1000
ALPHA 1.7056 MaxIteration 15  TIMEOUT 0.001888
  5        173        198        503      0.0019        426         416      0.0000      0.1100
ALPHA 1.6493 MaxIteration 25  TIMEOUT 0.002113
  6        170        198        501      0.0021        424         416      0.0000      0.1200
ALPHA 1.5966 MaxIteration 41  TIMEOUT 0.003068
  7        181        198        457      0.0031        417         416      0.0000      0.1300
ALPHA 1.5472 MaxIteration 65  TIMEOUT 0.006834
  8        178        198        458      0.0068        416         416      0.0000      0.1400
ALPHA 1.5008 MaxIteration 100  TIMEOUT 0.011131
  9        177        198        475      0.0111        416         416      0.0000      0.1700
ALPHA 1.4571 MaxIteration 150  TIMEOUT 0.013125
 10        172        198        478      0.0131        416         416      0.0000      0.2000
ALPHA 1.4158 MaxIteration 218  TIMEOUT 0.018543
 11        171        198        462      0.0185        417         416      0.0100      0.2300
ALPHA 1.3768 MaxIteration 308  TIMEOUT 0.035684
 12        181        198        466      0.0357        416         416      0.0100      0.3000
ALPHA 1.3399 MaxIteration 424  TIMEOUT 0.042778
 13        180        198        472      0.0428        416         416      0.0000      0.3899
ALPHA 1.3049 MaxIteration 568  TIMEOUT 0.046917
 14        171        198        476      0.0469        416         416      0.0400      0.4800
ALPHA 1.2718 MaxIteration 741  TIMEOUT 0.074864
 15        175        198        450      0.0749        416         416      0.0300      0.6300
ALPHA 1.2402 MaxIteration 942  TIMEOUT 0.086077
 16        173        198        456      0.0861        416         416      0.0100      0.8000
ALPHA 1.2102 MaxIteration 1168  TIMEOUT 0.176951
 17        176        198        475      0.1770        416         416      0.0000      1.1400
ALPHA 1.1816 MaxIteration 1413  TIMEOUT 0.155993
 18        177        198        453      0.1560        416         416      0.0000      1.4500
ALPHA 1.1543 MaxIteration 1669  TIMEOUT 0.130100
 19        173        198        453      0.1301        416         416      0.0000      1.7200
ALPHA 1.1283 MaxIteration 1926  TIMEOUT 0.221654
 20        176        198        451      0.2217        416         416      0.0000      2.1600
ALPHA 1.1034 MaxIteration 2173  TIMEOUT 0.168346
 21        177        198        445      0.1683        416         416      0.0400      2.4880
ALPHA 1.0795 MaxIteration 2397  TIMEOUT 0.282797
 22        179        198        458      0.2828        416         416      0.0000      3.0500
ALPHA 1.0567 MaxIteration 2587  TIMEOUT 0.204179
 23        185        198        450      0.2042        416         416      0.0000      3.4500
ALPHA 1.0349 MaxIteration 2733  TIMEOUT 0.290750
 24        178        198        450      0.2908        416         416      0.0000      4.0400
ALPHA 1.0349 MaxIteration 2828  TIMEOUT 0.524338
 25        194        198        451      0.5243        416         416      0.0100      5.0800
ALPHA 1.0349 MaxIteration 2926  TIMEOUT 0.225607
 26        183        198        458      0.2256        416         416      0.0000      5.5200
ALPHA 1.0349 MaxIteration 3027  TIMEOUT 0.333732
 27        177        198        450      0.3337        416         416      0.0000      6.1900
ALPHA 1.0349 MaxIteration 3132  TIMEOUT 0.234867
 28        177        198        451      0.2349        416         416      0.0000      6.6600
ALPHA 1.0349 MaxIteration 3241  TIMEOUT 0.247850
 29        197        198        462      0.2478        416         416      0.0200      7.1400
ALPHA 1.0349 MaxIteration 3353  TIMEOUT 0.472948
 30        180        198        466      0.4729        416         416      0.0000      8.0800
ALPHA 1.0349 MaxIteration 3469  TIMEOUT 0.271183
 31        190        198        451      0.2712        416         416      0.0000      8.6200
ALPHA 1.0349 MaxIteration 3589  TIMEOUT 0.407537
 32        178        198        451      0.4075        416         416      0.0100      9.4200
ALPHA 1.0349 MaxIteration 3714  TIMEOUT 0.376356
 33        179        198        448      0.3764        419         416      0.0200     10.1700
ALPHA 1.0349 MaxIteration 3843  TIMEOUT 0.533247
 34        180        198        445      0.5332        416         416      0.0700     11.2281
ALPHA 1.0349 MaxIteration 3976  TIMEOUT 0.346733
 35        177        198        466      0.3467        416         416      0.0100     11.9100
ALPHA 1.0349 MaxIteration 4114  TIMEOUT 0.363993
 36        178        198        445      0.3640        416         416      0.0400     12.6400
ALPHA 1.0349 MaxIteration 4257  TIMEOUT 0.382305
 37        179        198        447      0.3823        416         416      0.0100     13.3900
ALPHA 1.0349 MaxIteration 4405  TIMEOUT 0.413794
 38        176        198        453      0.4138        416         416      0.0000     14.2100
ALPHA 1.0349 MaxIteration 4558  TIMEOUT 0.595230
 39        176        198        450      0.5952        416         416      0.0100     15.3900
ALPHA 1.0349 MaxIteration 4716  TIMEOUT 0.592393
 40        180        198        445      0.5924        416         416      0.0500     16.5700
ALPHA 1.0349 MaxIteration 4880  TIMEOUT 0.373607
 41        190        198        460      0.3736        416         416      0.0000     17.3100
ALPHA 1.0349 MaxIteration 5050  TIMEOUT 0.550388
 42        178        198        451      0.5504        416         416      0.0000     18.4000
ALPHA 1.0349 MaxIteration 5226  TIMEOUT 0.564037
 43        180        198        453      0.5640        416         416      0.0000     19.5100
ALPHA 1.0349 MaxIteration 5408  TIMEOUT 0.489996
 44        180        198        451      0.4900>>> T1_200_2000_8.wclq |V| 200 |E| 2000  (#LB 0.0000 198 ---> 198  1.1010  416 <--- 461  0.0976 #UB)  #solve_ime 20.0000 read_time 0.0000 
