>>IBM: |V|=1000 |E|=1000
>>IBM: The maximum node weight is 49
/public/home/acs4vb4pqv/benchmarks/MWDS2026/T1_wclq/T1_1000_1000_2.wclq #seed 1 #alpha 1.900 #timeout 0.100 K=5 RHO=0.05 Q0=0.90 BETA=3.5 AQ_MODE=guarded SAFE_AQ_MIN_GAP=0.050 SAFE_AQ_MIN_NODES=800 AQ_SLOPE_MARGIN=1.05 AQ_MAX_UB_DRIFT=0.25 AQ_HEAVY_FRAC=0.20 AQ_HEAVY_ANTS=6
[v19] |V|=1000 |E|=1000 density=1.00 USE_ADVANCED=1
#Rd        #LB        #LB*       #UB       #Time        #UB+        #UB*      #Time      #TotalTime
First Gap  0.114525
ALPHA 1.9000 MaxIteration 500  TIMEOUT 0.207837
  1      10251      10251      11425      0.2078
 [AQ bandit arm] arm=2 gap=0.1145 density=1.00 |V|=1000

 [Tier-2 Medium] gap=0.1145 density=1.00 |V|=1000 => Standard RL (K=5, 15%)
ALPHA 1.9000 MaxIteration 3  TIMEOUT 0.162147
  2      10106      10251      12259      0.1621ALPHA 1.8304 MaxIteration 5  TIMEOUT 0.333047
  3      10133      10251      12081      0.3330 [AQ guard] no early LB gain, disabling AQ
      10808       10808      0.0600      1.0211
ALPHA 1.7658 MaxIteration 9  TIMEOUT 0.004695
  4      10130      10251      11709      0.0047      11083       10808      0.0000      1.0291
ALPHA 1.7056 MaxIteration 15  TIMEOUT 0.007871
  5      10081      10251      11743      0.0079      11205       10808      0.0000      1.0391
ALPHA 1.6493 MaxIteration 25  TIMEOUT 0.015068
  6      10025      10251      11866      0.0151      10855       10808      0.0100      1.0691
ALPHA 1.5966 MaxIteration 41  TIMEOUT 0.027926
  7      10025      10251      11934      0.0279      10820       10808      0.0200      1.1191
ALPHA 1.5472 MaxIteration 65  TIMEOUT 0.047598
  8      10009      10251      11907      0.0476      10813       10808      0.0200      1.2091
ALPHA 1.5008 MaxIteration 100  TIMEOUT 0.063211
  9       9995      10251      11948      0.0632      10808       10808      0.0300      1.3291
ALPHA 1.4571 MaxIteration 150  TIMEOUT 0.109141
 10       9993      10251      11988      0.1091      10812       10808      0.1000      1.5391
ALPHA 1.4158 MaxIteration 218  TIMEOUT 0.129119
 11       9954      10251      12031      0.1291      10810       10808      0.1100      1.7791
ALPHA 1.3768 MaxIteration 308  TIMEOUT 0.140590
 12       9951      10251      12069      0.1406      10808       10808      0.0200      2.0491
ALPHA 1.3399 MaxIteration 424  TIMEOUT 0.149597
 13       9954      10251      12066      0.1496      10808       10808      0.1400      2.3291
ALPHA 1.3049 MaxIteration 568  TIMEOUT 0.172154
 14       9945      10251      12033      0.1722      10808       10808      0.0300      2.6691
ALPHA 1.2718 MaxIteration 741  TIMEOUT 0.225633
 15       9946      10251      12062      0.2256      10808       10808      0.1300      3.0991
ALPHA 1.2402 MaxIteration 942  TIMEOUT 0.582251
 16       9951      10251      12053      0.5823      10789       10789      0.3600      4.2158
ALPHA 1.2102 MaxIteration 1168  TIMEOUT 0.629045
 17       9949      10251      12025      0.6290      10786       10786      0.2800      5.4391
ALPHA 1.1816 MaxIteration 1413  TIMEOUT 0.509227
 18       9935      10251      12058      0.5092      10790       10786      0.1900      6.3991
ALPHA 1.1543 MaxIteration 1669  TIMEOUT 1.166297
 19       9937      10251      12050      1.1663      10781       10781      0.6900      8.6491
ALPHA 1.1283 MaxIteration 1926  TIMEOUT 1.042363
 20       9934      10251      12050      1.0424
 [LB Done] stag=17 elapsed=48.5% => 10.3s to UB
      10785       10781      0.3500     19.1991
>>> T1_1000_1000_2.wclq |V| 1000 |E| 1000  (#LB 0.0000 10251 ---> 10251  0.0517  10781 <--- 11425  0.0564 #UB)  #solve_ime 19.1991 read_time 0.0009 
