With  Parameters CUTOFF 20 SEED 101  ALPHA = 1.900  K=5 RHO=0.05 Q0=0.90 BETA=3.0 AQ_MODE=guarded
Reading  graph ...  time 0.061900  
Reducing graph ...  time 0.000722  
[v9] |V|=500 |E|=125248 density=250.50 USE_ADVANCED=0 SAFE_AQ_MIN_GAP=0.050 DEEP_AQ_RANGE=[800, 5.00, 10.00] structure_blocks_aq=1 AQ_SLOPE_MARGIN=1.15 AQ_MAX_UB_DRIFT=0.20 AQ_PROBE_FRAC=0.15 AQ_T1LIKE_FRAC=0.15
#Rd        #LB        #LB*       #UB       #Time        #UB+        #UB*      #Time      #TotalTime
First Gap  0.454545
  1         11         11         16      0.4651 [AQ bandit arm] arm=0 gap=0.4545 density=250.50 |V|=500

 Switch to DBS-only search, timeout 0.465111....
 [Online-safe AQ structure guard] |V|=500 density=250.50 outside [800, 5.00, 10.00], disabling AQ
         16          16      0.0052        0.9964
ALPHA 1.9000 MaxIteration 3  TIMEOUT 0.465111
  2         11         11         16      0.0047         18          16      0.0037        1.0060
ALPHA 1.8304 MaxIteration 5  TIMEOUT 0.009000
  3         11         11         16      0.0052         16          16      0.0047        1.0166
ALPHA 1.7658 MaxIteration 9  TIMEOUT 0.009588
  4         11         11         18      0.0096         16          16      0.0056        1.0359
ALPHA 1.7056 MaxIteration 15  TIMEOUT 0.017006
  5         11         11         18      0.0131         16          16      0.0065        1.0621
ALPHA 1.6493 MaxIteration 25  TIMEOUT 0.022283
  6         11         11         16      0.0216         16          16      0.0052        1.1053
ALPHA 1.5966 MaxIteration 41  TIMEOUT 0.035623
  7         11         11         18      0.0349         16          16      0.0051        1.1750
ALPHA 1.5472 MaxIteration 65  TIMEOUT 0.055657
  8         11         11         18      0.0542         16          16      0.0087        1.2837
ALPHA 1.5008 MaxIteration 100  TIMEOUT 0.083920
  9         11         11         16      0.0817         16          16      0.0045        1.4475
ALPHA 1.4571 MaxIteration 150  TIMEOUT 0.122636
 10         11         11         16      0.1230         16          16      0.0055        1.6945
ALPHA 1.4158 MaxIteration 218  TIMEOUT 0.179154
 11         11         11         16      0.1774         16          16      0.0080        2.0494
ALPHA 1.3768 MaxIteration 308  TIMEOUT 0.251120
 12         11         11         16      0.2518         16          16      0.0085        2.6004
ALPHA 1.3399 MaxIteration 424  TIMEOUT 0.346691
 13         11         11         16      0.3455         16          16      0.0189        3.3959
ALPHA 1.3049 MaxIteration 568  TIMEOUT 0.462937
 14         11         11         16      0.4591         16          16      0.0051        4.4963
ALPHA 1.2718 MaxIteration 741  TIMEOUT 0.599151
 15         11         11         16      0.5957         16          16      0.0050        5.6884
ALPHA 1.2402 MaxIteration 942  TIMEOUT 0.757554
 16         11         11         16      0.7577         16          16      0.0060        7.2042
ALPHA 1.2102 MaxIteration 1168  TIMEOUT 0.939753
 17         11         11         16      0.9399         16          16      0.0070        9.9972
ALPHA 1.1816 MaxIteration 1413  TIMEOUT 1.137407
 18         11         11         16      1.1375         16          16      0.0055       13.0065
ALPHA 1.1543 MaxIteration 1669  TIMEOUT 1.344075
 19         11         11         16      1.3443         16          16      0.0139       19.9965
>>> DSJC500_5.clq |V| 500 |E| 125248  (#LB 0.0000 11 ---> 11  0.3125  16 <--- 16  0.0000 #UB)  #read_time 0.0619  #reduce_time 0.0007  #solve_time 19.9966  #total_time 20.0592
 