>>IBM: |V|=50 |E|=1000
>>IBM: The maximum node weight is 49
/public/home/acs4vb4pqv/benchmarks/MWDS2026/T1_wclq/T1_50_1000_0.wclq #seed 5 #alpha 1.900 #timeout 0.100 K=5 RHO=0.05 Q0=0.90 BETA=3.5
[v19] |V|=50 |E|=1000 density=20.00 USE_ADVANCED=0
#Rd        #LB        #LB*       #UB       #Time        #UB+        #UB*      #Time      #TotalTime
First Gap  0.428571
ALPHA 1.9000 MaxIteration 500  TIMEOUT 0.002900
  1         28         28         40      0.0029
 [Tier-3 Hard] gap=0.4286 density=20.00 |V|=50 => Heavy RL (K=8, 25%)
ALPHA 1.9000 MaxIteration 3  TIMEOUT 0.000676
  2         28         28         40      0.0007         40          40      0.0000      0.0095
ALPHA 1.8304 MaxIteration 5  TIMEOUT 0.000127
  3         25         28         40      0.0001         40          40      0.0000      0.0195
ALPHA 1.7658 MaxIteration 9  TIMEOUT 0.000241
  4         25         28         62      0.0002         40          40      0.0000      0.0295
ALPHA 1.7056 MaxIteration 15  TIMEOUT 0.000329
  5         25         28         62      0.0003         40          40      0.0000      0.0395
ALPHA 1.6493 MaxIteration 25  TIMEOUT 0.000627
  6         24         28         62      0.0006         40          40      0.0000      0.0495
ALPHA 1.5966 MaxIteration 41  TIMEOUT 0.000978
  7         24         28         62      0.0010         40          40      0.0000      0.0595
ALPHA 1.5472 MaxIteration 65  TIMEOUT 0.001479
  8         24         28         62      0.0015         40          40      0.0000      0.0695
ALPHA 1.5008 MaxIteration 100  TIMEOUT 0.001662
  9         24         28         62      0.0017         40          40      0.0000      0.0795
ALPHA 1.4571 MaxIteration 150  TIMEOUT 0.002879
 10         24         28         62      0.0029         40          40      0.0000      0.0895
ALPHA 1.4158 MaxIteration 218  TIMEOUT 0.005421
 11         25         28         62      0.0054         40          40      0.0000      0.0995
ALPHA 1.3768 MaxIteration 308  TIMEOUT 0.005117
 12         25         28         62      0.0051         40          40      0.0000      0.1095
ALPHA 1.3399 MaxIteration 424  TIMEOUT 0.011868
 13         25         28         62      0.0119         40          40      0.0000      0.1395
ALPHA 1.3049 MaxIteration 568  TIMEOUT 0.014787
 14         25         28         62      0.0148         40          40      0.0000      0.1695
ALPHA 1.2718 MaxIteration 741  TIMEOUT 0.019949
 15         25         28         62      0.0199         40          40      0.0100      0.1995
ALPHA 1.2402 MaxIteration 942  TIMEOUT 0.026700
 16         25         28         62      0.0267         40          40      0.0000      0.2495
ALPHA 1.2102 MaxIteration 1168  TIMEOUT 0.036162
 17         28         28         48      0.0362         40          40      0.0000      0.3195
ALPHA 1.1816 MaxIteration 1413  TIMEOUT 0.024616
 18         28         28         48      0.0246         40          40      0.0000      0.3695
ALPHA 1.1543 MaxIteration 1669  TIMEOUT 0.029978
 19         28         28         48      0.0300         40          40      0.0000      0.4295
ALPHA 1.1283 MaxIteration 1926  TIMEOUT 0.035443
 20         28         28         48      0.0354         40          40      0.0000      0.4995
ALPHA 1.1034 MaxIteration 2173  TIMEOUT 0.039680
 21         28         28         48      0.0397         40          40      0.0000      0.5695
ALPHA 1.0795 MaxIteration 2397  TIMEOUT 0.039633
 22         25         28         40      0.0396         40          40      0.0000      0.6395
ALPHA 1.0567 MaxIteration 2587  TIMEOUT 0.047395
 23         25         28         62      0.0474         40          40      0.0000      0.7295
ALPHA 1.0349 MaxIteration 2733  TIMEOUT 0.092457
 24         28         28         48      0.0925         40          40      0.0000      0.9195
ALPHA 1.0349 MaxIteration 2828  TIMEOUT 0.045684
 25         28         28         48      0.0457         40          40      0.0000      1.0095
ALPHA 1.0349 MaxIteration 2926  TIMEOUT 0.085010
 26         28         28         40      0.0850         40          40      0.0000      1.1795
ALPHA 1.0349 MaxIteration 3027  TIMEOUT 0.049030
 27         28         28         48      0.0490         40          40      0.0000      1.2695
ALPHA 1.0349 MaxIteration 3132  TIMEOUT 0.024717
 28         28         28         40      0.0247>>> T1_50_1000_0.wclq |V| 50 |E| 1000  (#LB 0.0000 28 ---> 28  0.4286  40 <--- 40  0.0000 #UB)  #solve_ime 1.2942 read_time 0.0005 
