>>IBM: |V|=150 |E|=2000
>>IBM: The maximum node weight is 1235
/public/home/acs4vb4pqv/benchmarks/MWDS2026/T2_wclq/T2_150_2000_1.wclq #seed 1 #alpha 1.900 #timeout 0.100 K=5 RHO=0.05 Q0=0.90 BETA=3.5
[v19] |V|=150 |E|=2000 density=13.33 USE_ADVANCED=0
#Rd        #LB        #LB*       #UB       #Time        #UB+        #UB*      #Time      #TotalTime
First Gap  0.188867
ALPHA 1.9000 MaxIteration 500  TIMEOUT 0.040739
  1        503        503        598      0.0407
 [Tier-3 Hard] gap=0.1889 density=13.33 |V|=150 => Heavy RL (K=8, 25%)
ALPHA 1.9000 MaxIteration 3  TIMEOUT 0.002204
  2        485        503        694      0.0022ALPHA 1.8304 MaxIteration 5  TIMEOUT 0.004073
  3        496        503        601      0.0041ALPHA 1.7658 MaxIteration 9  TIMEOUT 0.009202
  4        485        503        694      0.0092ALPHA 1.7056 MaxIteration 15  TIMEOUT 0.009798
  5        502        503        655      0.0098ALPHA 1.6493 MaxIteration 25  TIMEOUT 0.017874
  6        502        503        751      0.0179ALPHA 1.5966 MaxIteration 41  TIMEOUT 0.034795
  7        500        503        705      0.0348ALPHA 1.5472 MaxIteration 65  TIMEOUT 0.058798
  8        510        510        721      0.0588ALPHA 1.5008 MaxIteration 100  TIMEOUT 0.106193
  9        510        510        615      0.1062ALPHA 1.4571 MaxIteration 150  TIMEOUT 0.179260
 10        512        512        760      0.1793ALPHA 1.4158 MaxIteration 218  TIMEOUT 0.188683
 11        514        514        623      0.1887ALPHA 1.3768 MaxIteration 308  TIMEOUT 0.324581
 12        512        514        704      0.3246ALPHA 1.3399 MaxIteration 424  TIMEOUT 0.270907
 13        512        514        705      0.2709ALPHA 1.3049 MaxIteration 568  TIMEOUT 0.296698
 14        512        514        629      0.2967ALPHA 1.2718 MaxIteration 741  TIMEOUT 0.602125
 15        514        514        689      0.6021ALPHA 1.2402 MaxIteration 942  TIMEOUT 0.510782
 16        507        514        601      0.5108ALPHA 1.2102 MaxIteration 1168  TIMEOUT 0.528458
 17        506        514        688      0.5285ALPHA 1.1816 MaxIteration 1413  TIMEOUT 0.666632
 18        516        516        623      0.6666ALPHA 1.1543 MaxIteration 1669  TIMEOUT 0.897767
 19        513        516        615      0.8978ALPHA 1.1283 MaxIteration 1926  TIMEOUT 1.138677
 20        514        516        618      1.1387ALPHA 1.1034 MaxIteration 2173  TIMEOUT 1.349581
 21        512        516        598      1.3496ALPHA 1.0795 MaxIteration 2397  TIMEOUT 1.462167
 22        517        517        601      1.4622ALPHA 1.0567 MaxIteration 2587  TIMEOUT 1.393123
 23        517        517        632      1.3931ALPHA 1.0349 MaxIteration 2733  TIMEOUT 1.254706
 24        512        517        629      1.2547ALPHA 1.0349 MaxIteration 2828  TIMEOUT 1.413976
 25        518        518        632      1.4140ALPHA 1.0349 MaxIteration 2926  TIMEOUT 1.512937
 26        515        518        646      1.5129ALPHA 1.0349 MaxIteration 3027  TIMEOUT 1.512043
 27        512        518        629      1.5120ALPHA 1.0349 MaxIteration 3132  TIMEOUT 1.882361
 28        518        518        601      1.8824ALPHA 1.0349 MaxIteration 3241  TIMEOUT 1.530216
 29        514        518        601      1.5302ALPHA 1.0349 MaxIteration 3353  TIMEOUT 1.681006
 30        514        518        632      1.6810ALPHA 1.0349 MaxIteration 3469  TIMEOUT 2.304866
 31        514        518        601      2.3049ALPHA 1.0349 MaxIteration 3589  TIMEOUT 1.893799
 32        512        518        598      1.8938ALPHA 1.0349 MaxIteration 3714  TIMEOUT 2.263976
 33        515        518        601      2.2640ALPHA 1.0349 MaxIteration 3843  TIMEOUT 1.900111
 34        514        518        632      1.9001ALPHA 1.0349 MaxIteration 3976  TIMEOUT 3.188922
 35        515        518        601      3.1889ALPHA 1.0349 MaxIteration 4114  TIMEOUT 3.288418
 36        514        518        601      3.2884ALPHA 1.0349 MaxIteration 4257  TIMEOUT 2.661558
 37        512        518        674      2.6616ALPHA 1.0349 MaxIteration 4405  TIMEOUT 2.347163
 38        511        518        601      2.3472ALPHA 1.0349 MaxIteration 4558  TIMEOUT 2.107428
 39        511        518        688      2.1074ALPHA 1.0349 MaxIteration 4716  TIMEOUT 3.625735
 40        516        518        601      3.6257ALPHA 1.0349 MaxIteration 4880  TIMEOUT 2.163515
 41        515        518        632      2.1635ALPHA 1.0349 MaxIteration 5050  TIMEOUT 2.706571
 42        514        518        598      2.7066ALPHA 1.0349 MaxIteration 5226  TIMEOUT 2.437776
 43        512        518        601      2.4378ALPHA 1.0349 MaxIteration 5408  TIMEOUT 2.676035
 44        512        518        601      2.6760ALPHA 1.0349 MaxIteration 5596  TIMEOUT 2.936783
 45        514        518        674      2.9368ALPHA 1.0349 MaxIteration 5791  TIMEOUT 3.006673
 46        512        518        598      3.0067ALPHA 1.0349 MaxIteration 5992  TIMEOUT 7.027164
 47        517        518        601      7.0272ALPHA 1.0349 MaxIteration 6200  TIMEOUT 3.063264
 48        514        518        632      3.0633ALPHA 1.0349 MaxIteration 6416  TIMEOUT 3.497248
 49        514        518        601      3.4972ALPHA 1.0349 MaxIteration 6639  TIMEOUT 5.194218
 50        513        518        610      5.1942ALPHA 1.0349 MaxIteration 6870  TIMEOUT 4.991530
 51        514        518        601      4.9915ALPHA 1.0349 MaxIteration 7109  TIMEOUT 6.506808
 52        517        518        598      6.5068ALPHA 1.0349 MaxIteration 7356  TIMEOUT 3.724449
 53        514        518        601      3.7244ALPHA 1.0349 MaxIteration 7612  TIMEOUT 5.192644
 54        514        518        598      5.1926ALPHA 1.0349 MaxIteration 7877  TIMEOUT 5.200513
 55        514        518        632      5.2005ALPHA 1.0349 MaxIteration 8151  TIMEOUT 6.104563
 56        512        518        601      6.1046ALPHA 1.0349 MaxIteration 8435  TIMEOUT 7.277941
 57        514        518        598      7.2779ALPHA 1.0349 MaxIteration 8729  TIMEOUT 4.273355
 58        512        518        601      4.2734ALPHA 1.0349 MaxIteration 9033  TIMEOUT 5.927207
 59        515        518        601      5.9272ALPHA 1.0349 MaxIteration 9347  TIMEOUT 4.062894
 60        511        518        601      4.0629ALPHA 1.0349 MaxIteration 9672  TIMEOUT 9.365758
 61        514        518        601      9.3658ALPHA 1.0349 MaxIteration 10009  TIMEOUT 5.730922
 62        516        518        601      5.7309ALPHA 1.0349 MaxIteration 10357  TIMEOUT 6.569046
 63        512        518        598      6.5690ALPHA 1.0349 MaxIteration 10718  TIMEOUT 5.878612
 64        514        518        629      5.8786ALPHA 1.0349 MaxIteration 11091  TIMEOUT 5.753757
 65        517        518        601      5.7538ALPHA 1.0349 MaxIteration 11477  TIMEOUT 5.742312
 66        514        518        601      5.7423ALPHA 1.0349 MaxIteration 11877  TIMEOUT 5.522452
 67        512        518        667      5.5225ALPHA 1.0349 MaxIteration 12291  TIMEOUT 6.550345
 68        512        518        601      6.5503ALPHA 1.0349 MaxIteration 12719  TIMEOUT 6.248509
 69        512        518        601      6.2485ALPHA 1.0349 MaxIteration 13162  TIMEOUT 6.395310
 70        509        518        666      6.3953ALPHA 1.0349 MaxIteration 13620  TIMEOUT 6.569761
 71        516        518        601      6.5698ALPHA 1.0349 MaxIteration 14094  TIMEOUT 10.452071
 72        518        518        601     10.4521ALPHA 1.0349 MaxIteration 14585  TIMEOUT 7.806688
 73        512        518        598      7.8067ALPHA 1.0349 MaxIteration 15093  TIMEOUT 7.805269
 74        513        518        670      7.8053ALPHA 1.0349 MaxIteration 15619  TIMEOUT 10.398683
 75        519        519        601     10.3987ALPHA 1.0349 MaxIteration 16163  TIMEOUT 18.694800
 76        515        519        601     18.6948ALPHA 1.0349 MaxIteration 16726  TIMEOUT 8.876203
 77        517        519        629      8.8762ALPHA 1.0349 MaxIteration 17309  TIMEOUT 8.856180
 78        513        519        598      8.8562ALPHA 1.0349 MaxIteration 17912  TIMEOUT 8.584127
 79        515        519        598      8.5841ALPHA 1.0349 MaxIteration 18536  TIMEOUT 8.344370
 80        517        519        598      8.3444ALPHA 1.0349 MaxIteration 19182  TIMEOUT 11.184686
 81        514        519        601     11.1847ALPHA 1.0349 MaxIteration 19850  TIMEOUT 9.842359
 82        515        519        674      9.8424ALPHA 1.0349 MaxIteration 20541  TIMEOUT 10.447295
 83        514        519        632     10.4473ALPHA 1.0349 MaxIteration 21257  TIMEOUT 10.335170
 84        515        519        598     10.3352ALPHA 1.0349 MaxIteration 21997  TIMEOUT 11.621375
 85        515        519        601     11.6214ALPHA 1.0349 MaxIteration 22763  TIMEOUT 20.464720
 86        515        519        601     20.4647ALPHA 1.0349 MaxIteration 23556  TIMEOUT 11.264784
 87        512        519        601     11.2648ALPHA 1.0349 MaxIteration 24377  TIMEOUT 17.598680
 88        516        519        601     17.5987ALPHA 1.0349 MaxIteration 25226  TIMEOUT 12.656601
 89        516        519        601     12.6566ALPHA 1.0349 MaxIteration 26105  TIMEOUT 13.079264
 90        514        519        598     13.0793ALPHA 1.0349 MaxIteration 27014  TIMEOUT 2.426530
 91        516        519        632      2.4265        598         598      0.0000    427.8900
ALPHA 1.0349 MaxIteration 27955  TIMEOUT 4.249524
 92        516        519        601      4.2495        598         598      0.0100    436.3200
ALPHA 1.0349 MaxIteration 28929  TIMEOUT 2.352339
 93        517        519        601      2.3523        598         598      0.0000    440.9900
ALPHA 1.0349 MaxIteration 29937  TIMEOUT 4.561543
 94        517        519        598      4.5615        598         598      0.0000    450.0400
ALPHA 1.0349 MaxIteration 30980  TIMEOUT 2.405529
 95        512        519        601      2.4055        598         598      0.0000    454.8000
ALPHA 1.0349 MaxIteration 32059  TIMEOUT 2.512644
 96        510        519        601      2.5126        598         598      0.0000    459.7900
ALPHA 1.0349 MaxIteration 33176  TIMEOUT 2.772922
 97        513        519        601      2.7729        598         598      0.0100    465.2730
ALPHA 1.0349 MaxIteration 34332  TIMEOUT 2.857758
 98        516        519        601      2.8578        598         598      0.0000    470.9300
ALPHA 1.0349 MaxIteration 35528  TIMEOUT 5.249259
 99        515        519        601      5.2493        598         598      0.0100    481.3200
ALPHA 1.0349 MaxIteration 36766  TIMEOUT 3.928522
100        517        519        598      3.9285        598         598      0.0000    489.0800
ALPHA 1.0349 MaxIteration 38047  TIMEOUT 3.000352
101        517        519        601      3.0004        598         598      0.0000    495.0200
ALPHA 1.0349 MaxIteration 39373  TIMEOUT 4.023122
102        510        519        601      4.0231        598         598      0.0000    503.0100
ALPHA 1.0349 MaxIteration 40745  TIMEOUT 5.116689
103        515        519        598      5.1167        598         598      0.0000    513.1400
ALPHA 1.0349 MaxIteration 42165  TIMEOUT 6.293825
104        516        519        598      6.2938        598         598      0.0000    525.6100
ALPHA 1.0349 MaxIteration 43634  TIMEOUT 3.606174
105        514        519        601      3.6062        598         598      0.0000    532.7400
ALPHA 1.0349 MaxIteration 45155  TIMEOUT 4.512952
106        517        519        598      4.5130        598         598      0.0000    541.6700
ALPHA 1.0349 MaxIteration 46729  TIMEOUT 6.225677
107        519        519        598      6.2257        598         598      0.0000    554.0100
ALPHA 1.0349 MaxIteration 48357  TIMEOUT 4.038633
108        514        519        598      4.0386        598         598      0.0000    561.9900
ALPHA 1.0349 MaxIteration 50042  TIMEOUT 5.625989
109        516        519        598      5.6260        598         598      0.0000    573.1400
ALPHA 1.0349 MaxIteration 51786  TIMEOUT 5.288163
110        517        519        601      5.2882        598         598      0.0100    583.6100
ALPHA 1.0349 MaxIteration 53591  TIMEOUT 6.088403
111        517        519        598      6.0884        598         598      0.0000    595.6600
ALPHA 1.0349 MaxIteration 55459  >>> Benchmark T2_150_2000_1.wclq Status TIMEOUT TimeTotal 3720.000
