>>IBM: |V|=1000 |E|=1000
>>IBM: The maximum node weight is 49
/public/home/acs4vb4pqv/benchmarks/MWDS2026/T1_wclq/T1_1000_1000_2.wclq #seed 1 #alpha 1.900 #timeout 0.100 K=5 RHO=0.05 Q0=0.90 BETA=3.5
[v19] |V|=1000 |E|=1000 density=1.00 USE_ADVANCED=1
#Rd        #LB        #LB*       #UB       #Time        #UB+        #UB*      #Time      #TotalTime
First Gap  0.114525
ALPHA 1.9000 MaxIteration 500  TIMEOUT 0.199190
  1      10251      10251      11425      0.1992
 [Tier-2 Medium] gap=0.1145 density=1.00 |V|=1000 => Standard RL (K=5, 15%)
ALPHA 1.9000 MaxIteration 3  TIMEOUT 0.159580
  2      10106      10251      12272      0.1596ALPHA 1.8304 MaxIteration 5  TIMEOUT 0.326292
  3      10133      10251      12217      0.3263ALPHA 1.7658 MaxIteration 9  TIMEOUT 0.255285
  4      10108      10251      12272      0.2553ALPHA 1.7056 MaxIteration 15  TIMEOUT 0.425389
  5      10110      10251      12468      0.4254ALPHA 1.6493 MaxIteration 25  TIMEOUT 0.769222
  6      10121      10251      12514      0.7692ALPHA 1.5966 MaxIteration 41  TIMEOUT 0.869670
  7      10127      10251      12562      0.8697ALPHA 1.5472 MaxIteration 65  TIMEOUT 1.334541
  8      10166      10251      12354      1.3345ALPHA 1.5008 MaxIteration 100  TIMEOUT 1.717330
  9      10131      10251      12411      1.7173ALPHA 1.4571 MaxIteration 150  TIMEOUT 4.694862
 10      10181      10251      12611      4.6949ALPHA 1.4158 MaxIteration 218  TIMEOUT 4.332998
 11      10139      10251      12659      4.3330ALPHA 1.3768 MaxIteration 308  TIMEOUT 6.266050
 12      10112      10251      12314      6.2660ALPHA 1.3399 MaxIteration 424  TIMEOUT 22.712183
 13      10170      10251      12303     22.7122ALPHA 1.3049 MaxIteration 568  TIMEOUT 15.057929
 14      10144      10251      12463     15.0579ALPHA 1.2718 MaxIteration 741  TIMEOUT 18.966568
 15      10154      10251      12349     18.9666ALPHA 1.2402 MaxIteration 942  TIMEOUT 17.639654
 16      10176      10251      12475     17.6397ALPHA 1.2102 MaxIteration 1168  TIMEOUT 35.000938
 17      10154      10251      12521     35.0009ALPHA 1.1816 MaxIteration 1413  TIMEOUT 29.675765
 18      10177      10251      12443     29.6758ALPHA 1.1543 MaxIteration 1669  TIMEOUT 24.425419
 19      10169      10251      12502     24.4254ALPHA 1.1283 MaxIteration 1926  TIMEOUT 31.261565
 20      10169      10251      12587     31.2616ALPHA 1.1034 MaxIteration 2173  TIMEOUT 31.816190
 21      10127      10251      12632     31.8162ALPHA 1.0795 MaxIteration 2397  TIMEOUT 46.340826
 22      10148      10251      12316     46.3408ALPHA 1.0567 MaxIteration 2587  TIMEOUT 87.348656
 23      10140      10251      12443     87.3487ALPHA 1.0349 MaxIteration 2733  TIMEOUT 69.795466
 24      10123      10251      12524     69.7955ALPHA 1.0349 MaxIteration 2828  TIMEOUT 72.436863
 25      10172      10251      12396     72.4369ALPHA 1.0349 MaxIteration 2926  TIMEOUT 40.319861
 26      10117      10251      12438     40.3199      10785       10785      3.5800    601.2700
ALPHA 1.0349 MaxIteration 3027  TIMEOUT 10.814584
 27      10169      10251      12138     10.8146      10786       10785      6.0400    622.0000
ALPHA 1.0349 MaxIteration 3132  TIMEOUT 8.730547
 28      10191      10251      12264      8.7305      10787       10785      5.3000    638.7900
ALPHA 1.0349 MaxIteration 3241  TIMEOUT 8.842008
 29      10180      10251      12291      8.8420      10785       10785      3.6400    655.7540
ALPHA 1.0349 MaxIteration 3353  TIMEOUT 22.219316
 30      10182      10251      12267     22.2193      10785       10785      0.1600    698.3600
ALPHA 1.0349 MaxIteration 3469  TIMEOUT 11.120394
 31      10128      10251      12339     11.1204      10788       10785      3.9700    719.6900
ALPHA 1.0349 MaxIteration 3589  TIMEOUT 38.598984
 32      10152      10251      12130     38.5990      10787       10785     31.9000    793.9200
ALPHA 1.0349 MaxIteration 3714  TIMEOUT 12.118879
 33      10143      10251      12308     12.1189      10786       10785      5.0800    817.1700
ALPHA 1.0349 MaxIteration 3843  TIMEOUT 12.602944
 34      10140      10251      12275     12.6029      10785       10785      0.2800    841.4100
ALPHA 1.0349 MaxIteration 3976  TIMEOUT 12.602476
 35      10134      10251      12311     12.6025      10787       10785      7.6900    865.6500
ALPHA 1.0349 MaxIteration 4114  TIMEOUT 41.137231
 36      10143      10251      12271     41.1372      10785       10785      3.8000    944.6500
ALPHA 1.0349 MaxIteration 4257  TIMEOUT 19.113812
 37      10128      10251      12379     19.1138      10785       10785      2.4200    981.2500
ALPHA 1.0349 MaxIteration 4405  TIMEOUT 32.215082
 38      10119      10251      12356     32.2151      10786       10785     14.0000   1043.1400
ALPHA 1.0349 MaxIteration 4558  TIMEOUT 38.574553
 39      10124      10251      12367     38.5746      10786       10785     15.2300   1117.1200
ALPHA 1.0349 MaxIteration 4716  TIMEOUT 37.920686
 40      10104      10251      12412     37.9207      10787       10785     23.3100   1189.8600
ALPHA 1.0349 MaxIteration 4880  TIMEOUT 37.853106
 41      10076      10251      12464     37.8531      10787       10785     15.6500   1262.4400
ALPHA 1.0349 MaxIteration 5050  TIMEOUT 37.433443
 42       9968      10251      12320     37.4334      10786       10785      6.6200   1334.2000
ALPHA 1.0349 MaxIteration 5226  TIMEOUT 19.565710
 43       9947      10251      12544     19.5657      10786       10785     13.0400   1371.7643
ALPHA 1.0349 MaxIteration 5408  TIMEOUT 15.246899
 44       9938      10251      12536     15.2469      10786       10785      6.4300   1401.0300
ALPHA 1.0349 MaxIteration 5596  TIMEOUT 28.158207
 45       9960      10251      12552     28.1582      10788       10785      0.7700   1454.9700
ALPHA 1.0349 MaxIteration 5791  TIMEOUT 42.197420
 46       9963      10251      12556     42.1974
 [LB Done] stag=20 elapsed=41.6% => 2102.8s to UB
      10785       10785    393.9600   3424.9400
>>> T1_1000_1000_2.wclq |V| 1000 |E| 1000  (#LB 0.0000 10251 ---> 10251  0.0521  10785 <--- 11425  0.0560 #UB)  #solve_ime 3424.9400 read_time 0.0000 
