>>IBM: |V|=100 |E|=100
>>IBM: The maximum node weight is 49
/public/home/acs4vb4pqv/benchmarks/MWDS2026/T1_wclq/T1_100_100_2.wclq #seed 1 #alpha 1.900 #timeout 0.100 K=5 RHO=0.05 Q0=0.90 BETA=3.5
[v19] |V|=100 |E|=100 density=1.00 USE_ADVANCED=0
#Rd        #LB        #LB*       #UB       #Time        #UB+        #UB*      #Time      #TotalTime
First Gap  0.036204
ALPHA 1.9000 MaxIteration 500  TIMEOUT 0.008719
  1       1022       1022       1059      0.0087
 [Tier-2 Medium] gap=0.0362 density=1.00 |V|=100 => Standard RL (K=5, 15%)
ALPHA 1.9000 MaxIteration 3  TIMEOUT 0.001086
  2        960       1022       1197      0.0011ALPHA 1.8304 MaxIteration 5  TIMEOUT 0.004795
  3       1006       1022       1134      0.0048ALPHA 1.7658 MaxIteration 9  TIMEOUT 0.005923
  4       1000       1022       1170      0.0059ALPHA 1.7056 MaxIteration 15  TIMEOUT 0.008080
  5       1003       1022       1116      0.0081ALPHA 1.6493 MaxIteration 25  TIMEOUT 0.008164
  6       1000       1022       1113      0.0082ALPHA 1.5966 MaxIteration 41  TIMEOUT 0.012958
  7       1003       1022       1100      0.0130ALPHA 1.5472 MaxIteration 65  TIMEOUT 0.021548
  8       1015       1022       1072      0.0215ALPHA 1.5008 MaxIteration 100  TIMEOUT 0.054324
  9       1011       1022       1094      0.0543ALPHA 1.4571 MaxIteration 150  TIMEOUT 0.077073
 10       1015       1022       1089      0.0771ALPHA 1.4158 MaxIteration 218  TIMEOUT 0.091295
 11       1009       1022       1089      0.0913ALPHA 1.3768 MaxIteration 308  TIMEOUT 0.080453
 12        999       1022       1078      0.0805ALPHA 1.3399 MaxIteration 424  TIMEOUT 0.342872
 13       1009       1022       1077      0.3429ALPHA 1.3049 MaxIteration 568  TIMEOUT 0.174832
 14       1011       1022       1062      0.1748ALPHA 1.2718 MaxIteration 741  TIMEOUT 0.298511
 15       1019       1022       1062      0.2985ALPHA 1.2402 MaxIteration 942  TIMEOUT 0.250102
 16       1010       1022       1078      0.2501ALPHA 1.2102 MaxIteration 1168  TIMEOUT 0.317150
 17       1006       1022       1098      0.3172ALPHA 1.1816 MaxIteration 1413  TIMEOUT 0.368084
 18       1012       1022       1078      0.3681ALPHA 1.1543 MaxIteration 1669  TIMEOUT 0.666986
 19       1016       1022       1080      0.6670ALPHA 1.1283 MaxIteration 1926  TIMEOUT 0.634134
 20       1013       1022       1063      0.6341ALPHA 1.1034 MaxIteration 2173  TIMEOUT 0.900870
 21       1017       1022       1062      0.9009ALPHA 1.0795 MaxIteration 2397  TIMEOUT 0.815005
 22       1019       1022       1054      0.8150ALPHA 1.0567 MaxIteration 2587  TIMEOUT 0.686679
 23       1015       1022       1081      0.6867ALPHA 1.0349 MaxIteration 2733  TIMEOUT 0.746963
 24       1020       1022       1047      0.7470ALPHA 1.0349 MaxIteration 2828  TIMEOUT 0.688223
 25       1018       1022       1065      0.6882ALPHA 1.0349 MaxIteration 2926  TIMEOUT 1.339558
 26       1020       1022       1054      1.3396ALPHA 1.0349 MaxIteration 3027  TIMEOUT 0.811580
 27       1020       1022       1058      0.8116ALPHA 1.0349 MaxIteration 3132  TIMEOUT 1.046357
 28       1021       1022       1047      1.0464ALPHA 1.0349 MaxIteration 3241  TIMEOUT 0.845792
 29       1018       1022       1052      0.8458ALPHA 1.0349 MaxIteration 3353  TIMEOUT 0.961992
 30       1020       1022       1047      0.9620ALPHA 1.0349 MaxIteration 3469  TIMEOUT 1.098134
 31       1020       1022       1062      1.0981ALPHA 1.0349 MaxIteration 3589  TIMEOUT 1.128062
 32       1018       1022       1062      1.1281ALPHA 1.0349 MaxIteration 3714  TIMEOUT 1.215791
 33       1020       1022       1062      1.2158ALPHA 1.0349 MaxIteration 3843  TIMEOUT 1.277074
 34       1019       1022       1062      1.2771ALPHA 1.0349 MaxIteration 3976  TIMEOUT 1.111948
 35       1021       1022       1062      1.1119ALPHA 1.0349 MaxIteration 4114  TIMEOUT 1.253114
 36       1020       1022       1062      1.2531ALPHA 1.0349 MaxIteration 4257  TIMEOUT 1.127391
 37       1014       1022       1063      1.1274ALPHA 1.0349 MaxIteration 4405  TIMEOUT 1.199984
 38       1020       1022       1062      1.2000ALPHA 1.0349 MaxIteration 4558  TIMEOUT 1.220717
 39       1015       1022       1072      1.2207ALPHA 1.0349 MaxIteration 4716  TIMEOUT 1.255580
 40       1018       1022       1062      1.2556ALPHA 1.0349 MaxIteration 4880  TIMEOUT 1.206728
 41       1014       1022       1078      1.2067ALPHA 1.0349 MaxIteration 5050  TIMEOUT 2.443346
 42       1013       1022       1062      2.4433ALPHA 1.0349 MaxIteration 5226  TIMEOUT 2.288443
 43       1024       1024       1062      2.2884ALPHA 1.0349 MaxIteration 5408  TIMEOUT 1.596723
 44       1020       1024       1062      1.5967ALPHA 1.0349 MaxIteration 5596  TIMEOUT 1.492562
 45       1020       1024       1047      1.4926ALPHA 1.0349 MaxIteration 5791  TIMEOUT 2.141807
 46       1019       1024       1047      2.1418ALPHA 1.0349 MaxIteration 5992  TIMEOUT 3.071409
 47       1021       1024       1052      3.0714ALPHA 1.0349 MaxIteration 6200  TIMEOUT 1.723330
 48       1019       1024       1047      1.7233ALPHA 1.0349 MaxIteration 6416  TIMEOUT 2.013335
 49       1019       1024       1062      2.0133ALPHA 1.0349 MaxIteration 6639  TIMEOUT 1.733207
 50       1020       1024       1062      1.7332ALPHA 1.0349 MaxIteration 6870  TIMEOUT 1.961424
 51       1020       1024       1062      1.9614ALPHA 1.0349 MaxIteration 7109  TIMEOUT 2.417361
 52       1020       1024       1063      2.4174ALPHA 1.0349 MaxIteration 7356  TIMEOUT 2.058132
 53       1019       1024       1060      2.0581ALPHA 1.0349 MaxIteration 7612  TIMEOUT 3.178028
 54       1023       1024       1054      3.1780ALPHA 1.0349 MaxIteration 7877  TIMEOUT 2.189207
 55       1019       1024       1062      2.1892ALPHA 1.0349 MaxIteration 8151  TIMEOUT 2.565059
 56       1017       1024       1062      2.5651ALPHA 1.0349 MaxIteration 8435  TIMEOUT 2.548727
 57       1020       1024       1062      2.5487ALPHA 1.0349 MaxIteration 8729  TIMEOUT 4.061237
 58       1019       1024       1054      4.0612ALPHA 1.0349 MaxIteration 9033  TIMEOUT 3.773997
 59       1018       1024       1062      3.7740ALPHA 1.0349 MaxIteration 9347  TIMEOUT 2.582762
 60       1020       1024       1062      2.5828ALPHA 1.0349 MaxIteration 9672  TIMEOUT 2.521658
 61       1024       1024       1058      2.5217ALPHA 1.0349 MaxIteration 10009  TIMEOUT 3.052397
 62       1016       1024       1054      3.0524ALPHA 1.0349 MaxIteration 10357  TIMEOUT 3.497869
 63       1020       1024       1060      3.4979ALPHA 1.0349 MaxIteration 10718  TIMEOUT 4.878730
 64       1022       1024       1063      4.8787ALPHA 1.0349 MaxIteration 11091  TIMEOUT 2.865954
 65       1020       1024       1065      2.8660ALPHA 1.0349 MaxIteration 11477  TIMEOUT 3.307574
 66       1020       1024       1060      3.3076ALPHA 1.0349 MaxIteration 11877  TIMEOUT 6.584354
 67       1020       1024       1062      6.5844ALPHA 1.0349 MaxIteration 12291  TIMEOUT 4.893917
 68       1022       1024       1062      4.8939ALPHA 1.0349 MaxIteration 12719  TIMEOUT 3.177792
 69       1020       1024       1059      3.1778ALPHA 1.0349 MaxIteration 13162  TIMEOUT 5.090752
 70       1022       1024       1054      5.0908ALPHA 1.0349 MaxIteration 13620  TIMEOUT 3.426991
 71       1024       1024       1047      3.4270ALPHA 1.0349 MaxIteration 14094  TIMEOUT 4.710106
 72       1020       1024       1062      4.7101ALPHA 1.0349 MaxIteration 14585  TIMEOUT 3.594163
 73       1020       1024       1058      3.5942ALPHA 1.0349 MaxIteration 15093  TIMEOUT 4.195155
 74       1019       1024       1062      4.1952ALPHA 1.0349 MaxIteration 15619  TIMEOUT 5.366645
 75       1022       1024       1062      5.3666ALPHA 1.0349 MaxIteration 16163  TIMEOUT 4.415334
 76       1021       1024       1045      4.4153ALPHA 1.0349 MaxIteration 16726  TIMEOUT 4.453883
 77       1020       1024       1062      4.4539ALPHA 1.0349 MaxIteration 17309  TIMEOUT 6.439777
 78       1020       1024       1062      6.4398ALPHA 1.0349 MaxIteration 17912  TIMEOUT 4.532979
 79       1021       1024       1062      4.5330ALPHA 1.0349 MaxIteration 18536  TIMEOUT 7.782247
 80       1022       1024       1047      7.7822ALPHA 1.0349 MaxIteration 19182  TIMEOUT 9.517277
 81       1022       1024       1045      9.5173ALPHA 1.0349 MaxIteration 19850  TIMEOUT 5.296906
 82       1021       1024       1054      5.2969ALPHA 1.0349 MaxIteration 20541  TIMEOUT 5.326713
 83       1019       1024       1045      5.3267ALPHA 1.0349 MaxIteration 21257  TIMEOUT 8.221801
 84       1013       1024       1047      8.2218ALPHA 1.0349 MaxIteration 21997  TIMEOUT 8.954188
 85       1027       1027       1045      8.9542ALPHA 1.0349 MaxIteration 22763  TIMEOUT 5.994619
 86       1021       1027       1052      5.9946ALPHA 1.0349 MaxIteration 23556  TIMEOUT 8.042724
 87       1021       1027       1062      8.0427ALPHA 1.0349 MaxIteration 24377  TIMEOUT 6.426277
 88       1019       1027       1062      6.4263ALPHA 1.0349 MaxIteration 25226  TIMEOUT 11.265093
 89       1021       1027       1045     11.2651ALPHA 1.0349 MaxIteration 26105  TIMEOUT 6.659992
 90       1020       1027       1045      6.6600ALPHA 1.0349 MaxIteration 27014  TIMEOUT 8.050813
 91       1021       1027       1058      8.0508ALPHA 1.0349 MaxIteration 27955  TIMEOUT 7.440021
 92       1018       1027       1075      7.4400ALPHA 1.0349 MaxIteration 28929  TIMEOUT 9.634901
 93       1021       1027       1062      9.6349ALPHA 1.0349 MaxIteration 29937  TIMEOUT 8.214205
 94       1020       1027       1052      8.2142ALPHA 1.0349 MaxIteration 30980  TIMEOUT 11.021218
 95       1019       1027       1063     11.0212ALPHA 1.0349 MaxIteration 32059  TIMEOUT 7.737391
 96       1008       1027       1062      7.7374ALPHA 1.0349 MaxIteration 33176  TIMEOUT 11.387378
 97       1027       1027       1063     11.3874ALPHA 1.0349 MaxIteration 34332  TIMEOUT 11.801945
 98       1019       1027       1062     11.8019ALPHA 1.0349 MaxIteration 35528  TIMEOUT 10.959861
 99       1021       1027       1047     10.9599ALPHA 1.0349 MaxIteration 36766  TIMEOUT 9.607918
100       1020       1027       1062      9.6079ALPHA 1.0349 MaxIteration 38047  TIMEOUT 9.755131
101       1021       1027       1062      9.7551ALPHA 1.0349 MaxIteration 39373  TIMEOUT 10.171479
102       1019       1027       1062     10.1715ALPHA 1.0349 MaxIteration 40745  TIMEOUT 10.275955
103       1022       1027       1058     10.2760ALPHA 1.0349 MaxIteration 42165  TIMEOUT 12.124930
104       1021       1027       1058     12.1249ALPHA 1.0349 MaxIteration 43634  TIMEOUT 18.431064
105       1022       1027       1062     18.4311ALPHA 1.0349 MaxIteration 45155  TIMEOUT 19.088228
106       1020       1027       1062     19.0882ALPHA 1.0349 MaxIteration 46729  TIMEOUT 21.159808
107       1022       1027       1045     21.1598ALPHA 1.0349 MaxIteration 48357  TIMEOUT 12.376473
108       1020       1027       1052     12.3765ALPHA 1.0349 MaxIteration 50042  TIMEOUT 15.138575
109       1020       1027       1058     15.1386ALPHA 1.0349 MaxIteration 51786  TIMEOUT 20.197296
110       1023       1027       1047     20.1973ALPHA 1.0349 MaxIteration 53591  TIMEOUT 17.092500
111       1023       1027       1045     17.0925ALPHA 1.0349 MaxIteration 55459  TIMEOUT 13.937642
112       1021       1027       1062     13.9376ALPHA 1.0349 MaxIteration 57392  TIMEOUT 14.905278
113       1021       1027       1052     14.9053ALPHA 1.0349 MaxIteration 59392  TIMEOUT 19.652830
114       1022       1027       1052     19.6528       1039        1039      0.0000    562.0086
ALPHA 1.0349 MaxIteration 61462  TIMEOUT 3.496101
115       1017       1027       1062      3.4961       1039        1039      0.0000    568.4086
ALPHA 1.0349 MaxIteration 63604  TIMEOUT 5.893126
116       1020       1027       1045      5.8931       1039        1039      0.0000    579.1186
ALPHA 1.0349 MaxIteration 65821  TIMEOUT 4.189143
117       1018       1027       1045      4.1891       1039        1039      0.0100    586.8086
ALPHA 1.0349 MaxIteration 68115  TIMEOUT 3.652954
118       1016       1027       1062      3.6530       1039        1039      0.0000    593.5086
ALPHA 1.0349 MaxIteration 70489  TIMEOUT 3.689496
119       1018       1027       1064      3.6895       1039        1039      0.0100    600.2786
ALPHA 1.0349 MaxIteration 72946  TIMEOUT 4.697996
120       1018       1027       1045      4.6980       1039        1039      0.0000    608.8686
ALPHA 1.0349 MaxIteration 75488  TIMEOUT 5.923892
121       1020       1027       1045      5.9239       1039        1039      0.0000    619.6830
ALPHA 1.0349 MaxIteration 78119  TIMEOUT 4.752087
122       1019       1027       1045      4.7521       1039        1039      0.0000    628.3386
ALPHA 1.0349 MaxIteration 80842  TIMEOUT 8.175777
123       1019       1027       1045      8.1758       1039        1039      0.0000    643.2386
ALPHA 1.0349 MaxIteration 83660  TIMEOUT 9.620299
124       1018       1027       1057      9.6203       1039        1039      0.0000    660.8186
ALPHA 1.0349 MaxIteration 86576  TIMEOUT 10.490372
125       1023       1027       1068     10.4904       1039        1039      0.0000    679.9786
ALPHA 1.0349 MaxIteration 89593  TIMEOUT 7.577821
126       1015       1027       1084      7.5778       1039        1039      0.0000    693.8098
ALPHA 1.0349 MaxIteration 92716  TIMEOUT 8.231788
127       1017       1027       1077      8.2318       1039        1039      0.0000    708.7786
ALPHA 1.0349 MaxIteration 95947  TIMEOUT 6.091474
128       1014       1027       1084      6.0915       1039        1039      0.0000    719.8586
ALPHA 1.0349 MaxIteration 99291  TIMEOUT 6.163659
129       1014       1027       1067      6.1637       1039        1039      0.0000    731.0286
ALPHA 1.0349 MaxIteration 102752  TIMEOUT 5.706129
130       1010       1027       1069      5.7061       1039        1039      0.0000    741.3845
ALPHA 1.0349 MaxIteration 106333  TIMEOUT 11.212171
131       1023       1027       1078     11.2122       1039        1039      0.0000    761.9086
ALPHA 1.0349 MaxIteration 110039  TIMEOUT 10.040569
132       1023       1027       1076     10.0406       1039        1039      0.0000    780.2230
ALPHA 1.0349 MaxIteration 113874  TIMEOUT 9.756700
133       1013       1027       1073      9.7567       1039        1039      0.0000    798.0058
ALPHA 1.0349 MaxIteration 117843  TIMEOUT 14.550438
134       1017       1027       1074     14.5504       1039        1039      0.0000    824.5286
ALPHA 1.0349 MaxIteration 121950  TIMEOUT 7.251299
135       1013       1027       1084      7.2513       1039        1039      0.0000    837.7486
ALPHA 1.0349 MaxIteration 126200  TIMEOUT 12.140437
136       1014       1027       1078     12.1404       1039        1039      0.0000    859.7886
ALPHA 1.0349 MaxIteration 130599  TIMEOUT 7.032470
137       1011       1027       1085      7.0325       1039        1039      0.0000    872.5786
ALPHA 1.0349 MaxIteration 135151  TIMEOUT 13.335380
138       1014       1027       1078     13.3354       1039        1039      0.0000    896.8686
ALPHA 1.0349 MaxIteration 139862  TIMEOUT 10.843726
139       1008       1027       1085     10.8437       1039        1039      0.0000    916.6486
ALPHA 1.0349 MaxIteration 144737  TIMEOUT 12.131956
140       1008       1027       1084     12.1320       1039        1039      0.0000    938.7386
ALPHA 1.0349 MaxIteration 149782  TIMEOUT 9.495436
141       1004       1027       1093      9.4954       1039        1039      0.0000    956.0386
ALPHA 1.0349 MaxIteration 155003  TIMEOUT 8.377173
142       1004       1027       1084      8.3772       1039        1039      0.0000    971.2686
ALPHA 1.0349 MaxIteration 160406  TIMEOUT 20.282917
143       1010       1027       1085     20.2829       1039        1039      0.0000   1008.1886
ALPHA 1.0349 MaxIteration 165997  TIMEOUT 12.194303
144       1007       1027       1085     12.1943       1039        1039      0.0000   1030.3786
ALPHA 1.0349 MaxIteration 171783  TIMEOUT 16.895380
145       1007       1027       1085     16.8954       1039        1039      0.0000   1061.1145
ALPHA 1.0349 MaxIteration 177771  TIMEOUT 12.642903
146       1008       1027       1093     12.6429       1039        1039      0.0100   1084.0486
ALPHA 1.0349 MaxIteration 183967  TIMEOUT 12.575227
147       1007       1027       1093     12.5752       1039        1039      0.0000   1106.8053
ALPHA 1.0349 MaxIteration 190379  TIMEOUT 17.184931
148       1006       1027       1085     17.1849       1039        1039      0.0000   1137.9444
ALPHA 1.0349 MaxIteration 197015  TIMEOUT 13.828335
149       1008       1027       1093     13.8283       1039        1039      0.0000   1163.0586
ALPHA 1.0349 MaxIteration 203882  TIMEOUT 11.097193
150       1006       1027       1084     11.0972       1039        1039      0.0000   1183.2086
ALPHA 1.0349 MaxIteration 210988  TIMEOUT 27.072261
151       1011       1027       1093     27.0723       1039        1039      0.0000   1232.2201
ALPHA 1.0349 MaxIteration 218342  TIMEOUT 12.981961
152       1006       1027       1093     12.9820       1039        1039      0.0000   1255.7286
ALPHA 1.0349 MaxIteration 225953  TIMEOUT 14.868119
153       1008       1027       1093     14.8681       1039        1039      0.0000   1282.6886
ALPHA 1.0349 MaxIteration 233829  TIMEOUT 16.518958
154       1006       1027       1092     16.5190       1039        1039      0.0000   1312.6986
ALPHA 1.0349 MaxIteration 241979  TIMEOUT 15.150596
155       1005       1027       1098     15.1506       1039        1039      0.0000   1340.2386
ALPHA 1.0349 MaxIteration 250413  TIMEOUT 13.223917
156       1004       1027       1092     13.2239       1039        1039      0.0000   1364.3086
ALPHA 1.0349 MaxIteration 259141  TIMEOUT 20.201504
157       1006       1027       1092     20.2015       1039        1039      0.0000   1400.9741
ALPHA 1.0349 MaxIteration 268174  TIMEOUT 16.856459
158       1008       1027       1093     16.8565       1039        1039      0.0000   1431.5986
ALPHA 1.0349 MaxIteration 277522  TIMEOUT 13.945451
159       1006       1027       1093     13.9455       1039        1039      0.0000   1457.0586
ALPHA 1.0349 MaxIteration 287195  TIMEOUT 20.496911
160       1005       1027       1099     20.4969       1039        1039      0.0000   1494.1986
ALPHA 1.0349 MaxIteration 297206  TIMEOUT 25.782564
161       1006       1027       1093     25.7826       1039        1039      0.0000   1541.0586
ALPHA 1.0349 MaxIteration 307566  TIMEOUT 24.774485
162       1004       1027       1106     24.7745       1039        1039      0.0000   1585.9686
ALPHA 1.0349 MaxIteration 318287  TIMEOUT 20.962484
163       1001       1027       1093     20.9625       1039        1039      0.0000   1624.0190
ALPHA 1.0349 MaxIteration 329381  TIMEOUT 28.777610
164       1002       1027       1093     28.7776       1039        1039      0.0000   1676.1886
ALPHA 1.0349 MaxIteration 340862  TIMEOUT 34.241723
165       1005       1027       1093     34.2417       1039        1039      0.0000   1738.2486
ALPHA 1.0349 MaxIteration 352743  TIMEOUT 28.107617
166       1006       1027       1093     28.1076       1039        1039      0.0000   1789.2586
ALPHA 1.0349 MaxIteration 365039  TIMEOUT 24.749307
167       1003       1027       1092     24.7493       1039        1039      0.0000   1834.1886
ALPHA 1.0349 MaxIteration 377763  TIMEOUT 34.146766
168       1004       1027       1093     34.1468       1039        1039      0.0000   1895.9986
ALPHA 1.0349 MaxIteration 390931  TIMEOUT 39.673879
169       1006       1027       1092     39.6739       1039        1039      0.0000   1968.0086
ALPHA 1.0349 MaxIteration 404558  TIMEOUT 35.180733
170       1002       1027       1093     35.1807       1039        1039      0.0000   2031.7586
ALPHA 1.0349 MaxIteration 418660  TIMEOUT 27.668194
171       1006       1027       1113     27.6682       1039        1039      0.0100   2081.9786
ALPHA 1.0349 MaxIteration 433253  TIMEOUT 28.729255
172       1002       1027       1093     28.7293       1039        1039      0.0100   2134.1686
ALPHA 1.0349 MaxIteration 448355  TIMEOUT 36.803100
173       1006       1027       1092     36.8031       1039        1039      0.0000   2201.0086
ALPHA 1.0349 MaxIteration 463983  TIMEOUT 33.160482
174       1006       1027       1093     33.1605       1039        1039      0.0000   2261.4686
ALPHA 1.0349 MaxIteration 480156  TIMEOUT >>> Benchmark T1_100_100_2.wclq Status TIMEOUT TimeTotal 3720.000
