With  Parameters CUTOFF 3600 SEED 1  ALPHA = 1.900  K=5 RHO=0.05 Q0=0.90 BETA=3.0
Reading  graph ...  time 11.200084  
Reducing graph ...  time 0.210284  
[v6] |V|=1382908 |E|=13591473 density=9.83 USE_ADVANCED=1
#Rd        #LB        #LB*       #UB       #Time        #UB+        #UB*      #Time      #TotalTime
First Gap  0.004981
  1    7391692    7391692    7428510     31.8849
 Switch to dual bound search, timeout 31.884854....
    7423799     7423799     31.6004       64.0493
ALPHA 1.9000 MaxIteration 3  TIMEOUT 31.884854
  2    7392384    7392384    7429184      1.7491    7425677     7423799      0.0859       67.5766
ALPHA 1.8304 MaxIteration 5  TIMEOUT 3.323296
  3    7392642    7392642    7428017      3.4086    7423918     7423799      0.0804       74.4251
ALPHA 1.7658 MaxIteration 9  TIMEOUT 6.239177
  4    7393195    7393195    7426628      6.4227    7422907     7422907      0.0817       87.3042
ALPHA 1.7056 MaxIteration 15  TIMEOUT 11.341194
  5    7393428    7393428    7426046     11.4379    7421821     7421821      0.0795      110.2215
ALPHA 1.6493 MaxIteration 25  TIMEOUT 19.508019
  6    7393582    7393582    7425579     17.7663    7421937     7421821      0.0874      145.7978
ALPHA 1.5966 MaxIteration 41  TIMEOUT 29.302012
  7    7394010    7394010    7425443     29.5356    7421680     7421680      0.1035      204.9273
ALPHA 1.5472 MaxIteration 65  TIMEOUT 47.157723
  8    7393992    7394010    7424706     25.9355    7421079     7421079      0.1094      256.8530
ALPHA 1.5008 MaxIteration 100  TIMEOUT 40.128241
  9    7394037    7394037    7425141     40.3081    7421573     7421079      0.1083      338.3742
ALPHA 1.4571 MaxIteration 150  TIMEOUT 60.493993
 10    7394294    7394294    7425079     60.6726    7421309     7421079     59.4428      460.3540
ALPHA 1.4158 MaxIteration 218  TIMEOUT 88.403329
 11    7394376    7394376    7425178     88.5702    7420504     7420504     84.7342      637.6193
ALPHA 1.3768 MaxIteration 308  TIMEOUT 125.397473
 12    7394429    7394429    7424582    125.8280    7420094     7420094    125.0209      889.4410
ALPHA 1.3399 MaxIteration 424  TIMEOUT 173.241436
 13    7394558    7394558    7424574    173.3260    7419409     7419409    151.5900     1236.3098
ALPHA 1.3049 MaxIteration 568  TIMEOUT 232.242219
 14    7394651    7394651    7423930    232.2805    7419227     7419227    227.8794     1701.1390
ALPHA 1.2718 MaxIteration 741  TIMEOUT 303.113265
 15    7394780    7394780    7423968    303.3933    7418799     7418799    294.7620     2308.2821
ALPHA 1.2402 MaxIteration 942  TIMEOUT 385.841620
 16    7394758    7394780    7423565    385.9891    7416649     7416649    794.1026     3599.9149
>>> in-2004.clq |V| 1382908 |E| 13591473  (#LB 0.0004 7391692 ---> 7394780  0.0029  7416649 <--- 7428510  0.0016 #UB)  #read_time 11.2001  #reduce_time 0.2103  #solve_time 3599.9149  #total_time 3611.3253
 