>>IBM: |V|=150 |E|=2000
>>IBM: The maximum node weight is 1235
/public/home/acs4vb4pqv/benchmarks/MWDS2026/T2_wclq/T2_150_2000_1.wclq #seed 4 #alpha 1.900 #timeout 0.100 K=5 RHO=0.05 Q0=0.90 BETA=3.5
[v19] |V|=150 |E|=2000 density=13.33 USE_ADVANCED=0
#Rd        #LB        #LB*       #UB       #Time        #UB+        #UB*      #Time      #TotalTime
First Gap  0.188867
ALPHA 1.9000 MaxIteration 500  TIMEOUT 0.034226
  1        503        503        598      0.0342
 [Tier-3 Hard] gap=0.1889 density=13.33 |V|=150 => Heavy RL (K=8, 25%)
ALPHA 1.9000 MaxIteration 3  TIMEOUT 0.003456
  2        497        503        610      0.0035ALPHA 1.8304 MaxIteration 5  TIMEOUT 0.003043
  3        496        503        666      0.0030ALPHA 1.7658 MaxIteration 9  TIMEOUT 0.006787
  4        492        503        635      0.0068ALPHA 1.7056 MaxIteration 15  TIMEOUT 0.013856
  5        500        503        719      0.0139ALPHA 1.6493 MaxIteration 25  TIMEOUT 0.028126
  6        504        504        743      0.0281ALPHA 1.5966 MaxIteration 41  TIMEOUT 0.085359
  7        515        515        615      0.0854ALPHA 1.5472 MaxIteration 65  TIMEOUT 0.057745
  8        501        515        672      0.0577ALPHA 1.5008 MaxIteration 100  TIMEOUT 0.070432
  9        510        515        742      0.0704ALPHA 1.4571 MaxIteration 150  TIMEOUT 0.068922
 10        502        515        814      0.0689ALPHA 1.4158 MaxIteration 218  TIMEOUT 0.146340
 11        513        515        704      0.1463ALPHA 1.3768 MaxIteration 308  TIMEOUT 0.261211
 12        505        515        646      0.2612ALPHA 1.3399 MaxIteration 424  TIMEOUT 0.206357
 13        510        515        703      0.2064ALPHA 1.3049 MaxIteration 568  TIMEOUT 0.379127
 14        512        515        629      0.3791ALPHA 1.2718 MaxIteration 741  TIMEOUT 0.516754
 15        514        515        632      0.5168ALPHA 1.2402 MaxIteration 942  TIMEOUT 0.532299
 16        514        515        601      0.5323ALPHA 1.2102 MaxIteration 1168  TIMEOUT 0.704059
 17        510        515        601      0.7041ALPHA 1.1816 MaxIteration 1413  TIMEOUT 0.661297
 18        512        515        598      0.6613ALPHA 1.1543 MaxIteration 1669  TIMEOUT 1.255790
 19        512        515        601      1.2558ALPHA 1.1283 MaxIteration 1926  TIMEOUT 0.895980
 20        512        515        698      0.8960ALPHA 1.1034 MaxIteration 2173  TIMEOUT 1.034125
 21        515        515        704      1.0341ALPHA 1.0795 MaxIteration 2397  TIMEOUT 1.136119
 22        507        515        692      1.1361ALPHA 1.0567 MaxIteration 2587  TIMEOUT 1.182527
 23        505        515        650      1.1825ALPHA 1.0349 MaxIteration 2733  TIMEOUT 1.343278
 24        514        515        601      1.3433ALPHA 1.0349 MaxIteration 2828  TIMEOUT 1.347422
 25        512        515        601      1.3474ALPHA 1.0349 MaxIteration 2926  TIMEOUT 1.379913
 26        512        515        683      1.3799ALPHA 1.0349 MaxIteration 3027  TIMEOUT 1.507964
 27        516        516        598      1.5080ALPHA 1.0349 MaxIteration 3132  TIMEOUT 2.112311
 28        514        516        598      2.1123ALPHA 1.0349 MaxIteration 3241  TIMEOUT 1.948880
 29        514        516        598      1.9489ALPHA 1.0349 MaxIteration 3353  TIMEOUT 3.364201
 30        516        516        601      3.3642ALPHA 1.0349 MaxIteration 3469  TIMEOUT 2.073767
 31        512        516        629      2.0738ALPHA 1.0349 MaxIteration 3589  TIMEOUT 2.468404
 32        512        516        688      2.4684ALPHA 1.0349 MaxIteration 3714  TIMEOUT 1.827656
 33        514        516        677      1.8277ALPHA 1.0349 MaxIteration 3843  TIMEOUT 2.014912
 34        512        516        635      2.0149ALPHA 1.0349 MaxIteration 3976  TIMEOUT 2.868593
 35        511        516        740      2.8686ALPHA 1.0349 MaxIteration 4114  TIMEOUT 2.363027
 36        513        516        632      2.3630ALPHA 1.0349 MaxIteration 4257  TIMEOUT 2.608511
 37        512        516        601      2.6085ALPHA 1.0349 MaxIteration 4405  TIMEOUT 2.054064
 38        514        516        601      2.0541ALPHA 1.0349 MaxIteration 4558  TIMEOUT 2.505005
 39        514        516        646      2.5050ALPHA 1.0349 MaxIteration 4716  TIMEOUT 3.710651
 40        515        516        615      3.7107ALPHA 1.0349 MaxIteration 4880  TIMEOUT 2.841079
 41        512        516        601      2.8411ALPHA 1.0349 MaxIteration 5050  TIMEOUT 2.584452
 42        511        516        601      2.5845ALPHA 1.0349 MaxIteration 5226  TIMEOUT 2.645811
 43        515        516        601      2.6458ALPHA 1.0349 MaxIteration 5408  TIMEOUT 2.761178
 44        517        517        601      2.7612ALPHA 1.0349 MaxIteration 5596  TIMEOUT 2.648084
 45        512        517        623      2.6481ALPHA 1.0349 MaxIteration 5791  TIMEOUT 4.954647
 46        516        517        601      4.9546ALPHA 1.0349 MaxIteration 5992  TIMEOUT 3.257672
 47        517        517        601      3.2577ALPHA 1.0349 MaxIteration 6200  TIMEOUT 3.934396
 48        512        517        629      3.9344ALPHA 1.0349 MaxIteration 6416  TIMEOUT 3.011788
 49        512        517        629      3.0118ALPHA 1.0349 MaxIteration 6639  TIMEOUT 5.446604
 50        515        517        601      5.4466ALPHA 1.0349 MaxIteration 6870  TIMEOUT 3.522494
 51        514        517        684      3.5225ALPHA 1.0349 MaxIteration 7109  TIMEOUT 3.739165
 52        513        517        601      3.7392ALPHA 1.0349 MaxIteration 7356  TIMEOUT 3.518697
 53        512        517        598      3.5187ALPHA 1.0349 MaxIteration 7612  TIMEOUT 4.267731
 54        514        517        629      4.2677ALPHA 1.0349 MaxIteration 7877  TIMEOUT 6.183108
 55        515        517        601      6.1831ALPHA 1.0349 MaxIteration 8151  TIMEOUT 4.172268
 56        512        517        623      4.1723ALPHA 1.0349 MaxIteration 8435  TIMEOUT 3.903562
 57        512        517        612      3.9036ALPHA 1.0349 MaxIteration 8729  TIMEOUT 4.332278
 58        512        517        629      4.3323ALPHA 1.0349 MaxIteration 9033  TIMEOUT 4.360940
 59        512        517        601      4.3609ALPHA 1.0349 MaxIteration 9347  TIMEOUT 5.456798
 60        513        517        598      5.4568ALPHA 1.0349 MaxIteration 9672  TIMEOUT 5.223925
 61        512        517        629      5.2239ALPHA 1.0349 MaxIteration 10009  TIMEOUT 4.951323
 62        516        517        598      4.9513ALPHA 1.0349 MaxIteration 10357  TIMEOUT 5.206432
 63        512        517        598      5.2064ALPHA 1.0349 MaxIteration 10718  TIMEOUT 5.379738
 64        515        517        598      5.3797ALPHA 1.0349 MaxIteration 11091  TIMEOUT 13.007930
 65        517        517        601     13.0079ALPHA 1.0349 MaxIteration 11477  TIMEOUT 5.533987
 66        515        517        629      5.5340ALPHA 1.0349 MaxIteration 11877  TIMEOUT 8.052524
 67        514        517        629      8.0525ALPHA 1.0349 MaxIteration 12291  TIMEOUT 7.320003
 68        512        517        601      7.3200ALPHA 1.0349 MaxIteration 12719  TIMEOUT 11.366498
 69        516        517        629     11.3665ALPHA 1.0349 MaxIteration 13162  TIMEOUT 7.653423
 70        512        517        601      7.6534ALPHA 1.0349 MaxIteration 13620  TIMEOUT 8.813040
 71        517        517        601      8.8130ALPHA 1.0349 MaxIteration 14094  TIMEOUT 6.419594
 72        513        517        601      6.4196ALPHA 1.0349 MaxIteration 14585  TIMEOUT 7.049509
 73        513        517        601      7.0495ALPHA 1.0349 MaxIteration 15093  TIMEOUT 7.169251
 74        514        517        601      7.1693ALPHA 1.0349 MaxIteration 15619  TIMEOUT 12.616960
 75        517        517        601     12.6170ALPHA 1.0349 MaxIteration 16163  TIMEOUT 7.521725
 76        512        517        598      7.5217ALPHA 1.0349 MaxIteration 16726  TIMEOUT 7.764358
 77        512        517        601      7.7644ALPHA 1.0349 MaxIteration 17309  TIMEOUT 8.162182
 78        512        517        632      8.1622ALPHA 1.0349 MaxIteration 17912  TIMEOUT 20.681441
 79        521        521        601     20.6814ALPHA 1.0349 MaxIteration 18536  TIMEOUT 8.762528
 80        514        521        598      8.7625ALPHA 1.0349 MaxIteration 19182  TIMEOUT 0.288602
 81        513        521        677      0.2886        598         598      0.0000    293.5568
ALPHA 1.0349 MaxIteration 19850  TIMEOUT 1.812660
 82        517        521        601      1.8127        598         598      0.0000    297.1486
ALPHA 1.0349 MaxIteration 20541  TIMEOUT 4.233919
 83        517        521        601      4.2339        598         598      0.0000    305.5486
ALPHA 1.0349 MaxIteration 21257  TIMEOUT 1.946131
 84        514        521        598      1.9461        598         598      0.0000    309.4086
ALPHA 1.0349 MaxIteration 21997  TIMEOUT 2.281985
 85        515        521        598      2.2820        598         598      0.0000    313.9286
ALPHA 1.0349 MaxIteration 22763  TIMEOUT 2.611493
 86        517        521        601      2.6115        598         598      0.0000    319.1186
ALPHA 1.0349 MaxIteration 23556  TIMEOUT 1.947028
 87        514        521        601      1.9470        598         598      0.0000    322.9786
ALPHA 1.0349 MaxIteration 24377  TIMEOUT 2.950137
 88        512        521        601      2.9501        598         598      0.0000    328.8386
ALPHA 1.0349 MaxIteration 25226  TIMEOUT 1.931326
 89        512        521        598      1.9313        598         598      0.0000    332.6686
ALPHA 1.0349 MaxIteration 26105  TIMEOUT 2.179157
 90        513        521        601      2.1792        598         598      0.0100    336.9886
ALPHA 1.0349 MaxIteration 27014  TIMEOUT 2.200673
 91        515        521        601      2.2007        598         598      0.0000    341.3586
ALPHA 1.0349 MaxIteration 27955  TIMEOUT 2.165036
 92        517        521        598      2.1650        598         598      0.0000    345.6486
ALPHA 1.0349 MaxIteration 28929  TIMEOUT 2.453650
 93        517        521        601      2.4536        598         598      0.0000    350.5186
ALPHA 1.0349 MaxIteration 29937  TIMEOUT 2.963784
 94        526        526        601      2.9638        598         598      0.0000    356.3986
ALPHA 1.0349 MaxIteration 30980  TIMEOUT 2.691537
 95        512        526        601      2.6915        598         598      0.0000    361.7386
ALPHA 1.0349 MaxIteration 32059  TIMEOUT 3.055926
 96        517        526        598      3.0559        598         598      0.0000    367.7986
ALPHA 1.0349 MaxIteration 33176  TIMEOUT 2.943438
 97        515        526        601      2.9434        598         598      0.0000    373.6186
ALPHA 1.0349 MaxIteration 34332  TIMEOUT 4.568842
 98        517        526        598      4.5688        598         598      0.0000    382.6586
ALPHA 1.0349 MaxIteration 35528  TIMEOUT 2.717080
 99        516        526        598      2.7171        598         598      0.0000    388.0486
ALPHA 1.0349 MaxIteration 36766  TIMEOUT 2.770277
100        514        526        598      2.7703        598         598      0.0000    393.5586
ALPHA 1.0349 MaxIteration 38047  TIMEOUT 3.639464
101        517        526        601      3.6395>>> T2_150_2000_1.wclq |V| 150 |E| 2000  (#LB 0.0457 503 ---> 526  0.1369  598 <--- 598  0.0000 #UB)  #solve_ime 397.1981 read_time 0.0014 
