>>IBM: |V|=1000 |E|=20000
>>IBM: The maximum node weight is 3050
/public/home/acs4vb4pqv/benchmarks/MWDS2026/T2_wclq/T2_1000_20000_9.wclq #seed 4 #alpha 1.900 #timeout 0.100 K=5 RHO=0.05 Q0=0.90 BETA=3.5
[v19] |V|=1000 |E|=20000 density=20.00 USE_ADVANCED=1
#Rd        #LB        #LB*       #UB       #Time        #UB+        #UB*      #Time      #TotalTime
First Gap  0.437956
ALPHA 1.9000 MaxIteration 500  TIMEOUT 0.787512
  1       5343       5343       7683      0.7875
 [Tier-3 Hard] gap=0.4380 density=20.00 |V|=1000 => Heavy RL (K=8, 25%)
ALPHA 1.9000 MaxIteration 3  TIMEOUT 0.034010
  2       5199       5343       9264      0.0340ALPHA 1.8304 MaxIteration 5  TIMEOUT 0.039111
  3       5195       5343       8852      0.0391ALPHA 1.7658 MaxIteration 9  TIMEOUT 0.081271
  4       5338       5343       9449      0.0813ALPHA 1.7056 MaxIteration 15  TIMEOUT 0.271475
  5       5920       5920       9639      0.2715ALPHA 1.6493 MaxIteration 25  TIMEOUT 0.277586
  6       5917       5920      12656      0.2776ALPHA 1.5966 MaxIteration 41  TIMEOUT 0.438723
  7       5860       5920      10906      0.4387ALPHA 1.5472 MaxIteration 65  TIMEOUT 0.701549
  8       6097       6097       9889      0.7015ALPHA 1.5008 MaxIteration 100  TIMEOUT 1.020771
  9       6075       6097      10357      1.0208ALPHA 1.4571 MaxIteration 150  TIMEOUT 1.129240
 10       5994       6097       9566      1.1292ALPHA 1.4158 MaxIteration 218  TIMEOUT 1.610680
 11       5925       6097       9560      1.6107ALPHA 1.3768 MaxIteration 308  TIMEOUT 2.500647
 12       5918       6097       9028      2.5006ALPHA 1.3399 MaxIteration 424  TIMEOUT 3.241761
 13       5983       6097       8843      3.2418ALPHA 1.3049 MaxIteration 568  TIMEOUT 3.982766
 14       5975       6097       8390      3.9828ALPHA 1.2718 MaxIteration 741  TIMEOUT 5.406289
 15       5910       6097       8694      5.4063ALPHA 1.2402 MaxIteration 942  TIMEOUT 6.496266
 16       5894       6097       8591      6.4963ALPHA 1.2102 MaxIteration 1168  TIMEOUT 7.996298
 17       5886       6097       8890      7.9963ALPHA 1.1816 MaxIteration 1413  TIMEOUT 9.563855
 18       5947       6097       8410      9.5639ALPHA 1.1543 MaxIteration 1669  TIMEOUT 11.372574
 19       6072       6097       8420     11.3726ALPHA 1.1283 MaxIteration 1926  TIMEOUT 13.493354
 20       6033       6097       9316     13.4934ALPHA 1.1034 MaxIteration 2173  TIMEOUT 15.062313
 21       6104       6104      10748     15.0623ALPHA 1.0795 MaxIteration 2397  TIMEOUT 16.240257
 22       5994       6104      10444     16.2403ALPHA 1.0567 MaxIteration 2587  TIMEOUT 17.986363
 23       5999       6104       9641     17.9864ALPHA 1.0349 MaxIteration 2733  TIMEOUT 18.896156
 24       6003       6104      10700     18.8962ALPHA 1.0349 MaxIteration 2828  TIMEOUT 19.539002
 25       5924       6104      10524     19.5390ALPHA 1.0349 MaxIteration 2926  TIMEOUT 20.128255
 26       6069       6104       9540     20.1283ALPHA 1.0349 MaxIteration 3027  TIMEOUT 20.707092
 27       6014       6104       9447     20.7071ALPHA 1.0349 MaxIteration 3132  TIMEOUT 21.337102
 28       6055       6104       9092     21.3371ALPHA 1.0349 MaxIteration 3241  TIMEOUT 22.101948
 29       5930       6104       8589     22.1019ALPHA 1.0349 MaxIteration 3353  TIMEOUT 23.068447
 30       6044       6104       8661     23.0684ALPHA 1.0349 MaxIteration 3469  TIMEOUT 23.760250
 31       6015       6104       8814     23.7602ALPHA 1.0349 MaxIteration 3589  TIMEOUT 26.322552
 32       6058       6104       8336     26.3226ALPHA 1.0349 MaxIteration 3714  TIMEOUT 25.662737
 33       6017       6104      10185     25.6627ALPHA 1.0349 MaxIteration 3843  TIMEOUT 26.489911
 34       6041       6104      10395     26.4899ALPHA 1.0349 MaxIteration 3976  TIMEOUT 27.691769
 35       6055       6104       9247     27.6918ALPHA 1.0349 MaxIteration 4114  TIMEOUT 28.096757
 36       5991       6104      10027     28.0968ALPHA 1.0349 MaxIteration 4257  TIMEOUT 29.071330
 37       6060       6104       9889     29.0713ALPHA 1.0349 MaxIteration 4405  TIMEOUT 30.053223
 38       6035       6104       9703     30.0532ALPHA 1.0349 MaxIteration 4558  TIMEOUT 31.011323
 39       5997       6104       8535     31.0113ALPHA 1.0349 MaxIteration 4716  TIMEOUT 32.174918
 40       5993       6104       8793     32.1749ALPHA 1.0349 MaxIteration 4880  TIMEOUT 61.373386
 41       5949       6104       8430     61.3734ALPHA 1.0349 MaxIteration 5050  TIMEOUT 34.380433
 42       6020       6104       8310     34.3804ALPHA 1.0349 MaxIteration 5226  TIMEOUT 35.592208
 43       5888       6104      11105     35.5922ALPHA 1.0349 MaxIteration 5408  TIMEOUT 37.629394
 44       6122       6122      10328     37.6294ALPHA 1.0349 MaxIteration 5596  TIMEOUT 38.117697
 45       5976       6122      10546     38.1177ALPHA 1.0349 MaxIteration 5791  TIMEOUT 40.427062
 46       5984       6122       9705     40.4271ALPHA 1.0349 MaxIteration 5992  TIMEOUT 40.430997
 47       6036       6122       9636     40.4310ALPHA 1.0349 MaxIteration 6200  TIMEOUT 42.472352
 48       6107       6122       9989     42.4724ALPHA 1.0349 MaxIteration 6416  TIMEOUT 43.365367
 49       5978       6122       9842     43.3654       7177        7177     16.6800    962.6665
ALPHA 1.0349 MaxIteration 6639  TIMEOUT 6.407228
 50       5814       6122       8005      6.4072       7238        7177      0.0300    975.4265
ALPHA 1.0349 MaxIteration 6870  TIMEOUT 6.575946
 51       5861       6122       8837      6.5759       7177        7177      0.0400    988.5265
ALPHA 1.0349 MaxIteration 7109  TIMEOUT 6.816028
 52       5987       6122       8681      6.8160       7177        7177      0.0200   1002.1060
ALPHA 1.0349 MaxIteration 7356  TIMEOUT 8.152210
 53       5996       6122       8938      8.1522       7177        7177      1.3800   1018.3565
ALPHA 1.0349 MaxIteration 7612  TIMEOUT 11.447955
 54       5896       6122       8603     11.4480       7177        7177      8.2100   1041.1465
ALPHA 1.0349 MaxIteration 7877  TIMEOUT 7.571256
 55       6027       6122       8462      7.5713       7177        7177      0.3700   1056.2465
ALPHA 1.0349 MaxIteration 8151  TIMEOUT 7.801253
 56       6093       6122      10279      7.8013       7177        7177      7.7800   1071.8065
ALPHA 1.0349 MaxIteration 8435  TIMEOUT 8.153484
 57       6121       6122       9502      8.1535       7177        7177      1.4200   1088.0565
ALPHA 1.0349 MaxIteration 8729  TIMEOUT 8.336150
 58       6076       6122       9821      8.3362       7200        7177      8.3100   1104.6565
ALPHA 1.0349 MaxIteration 9033  TIMEOUT 8.672172
 59       5971       6122       9948      8.6722       7177        7177      6.4700   1121.9365
ALPHA 1.0349 MaxIteration 9347  TIMEOUT 9.027219
 60       5881       6122       8890      9.0272       7177        7177      0.0100   1139.9064
ALPHA 1.0349 MaxIteration 9672  TIMEOUT 9.285307
 61       5909       6122       8942      9.2853       7177        7177      7.4400   1158.4064
ALPHA 1.0349 MaxIteration 10009  TIMEOUT 9.780778
 62       5863       6122       8544      9.7808       7238        7177      0.0400   1177.8965
ALPHA 1.0349 MaxIteration 10357  TIMEOUT 11.360349
 63       5745       6122       8297     11.3603       7177        7177      3.2300   1200.5365
ALPHA 1.0349 MaxIteration 10718  TIMEOUT 13.749762
 64       5692       6122       8114     13.7498       7200        7177      1.4600   1227.9365
ALPHA 1.0349 MaxIteration 11091  TIMEOUT 14.214159
 65       5740       6122       7868     14.2142       7177        7177      4.0900   1256.2465
ALPHA 1.0349 MaxIteration 11477  TIMEOUT 11.100371
 66       5759       6122       9238     11.1004       7177        7177      4.0300   1278.3765
ALPHA 1.0349 MaxIteration 11877  TIMEOUT 11.500855
 67       5782       6122       8890     11.5009       7177        7177      0.4100   1301.3165
ALPHA 1.0349 MaxIteration 12291  TIMEOUT 11.900090
 68       5851       6122       8796     11.9001       7177        7177      0.0000   1325.0465
ALPHA 1.0349 MaxIteration 12719  TIMEOUT 20.303653
 69       5631       6122       8456     20.3037       7177        7177      0.0000   1365.5065
ALPHA 1.0349 MaxIteration 13162  TIMEOUT 14.293442
 70       5637       6122       8272     14.2934       7177        7177      0.0000   1393.9865
ALPHA 1.0349 MaxIteration 13620  TIMEOUT 14.355154
 71       5529       6122       8041     14.3552       7177        7177      0.3900   1422.5765
ALPHA 1.0349 MaxIteration 14094  TIMEOUT 15.821695
 72       5526       6122       7920     15.8217>>> T2_1000_20000_9.wclq |V| 1000 |E| 20000  (#LB 0.1458 5343 ---> 6122  0.1723  7177 <--- 7683  0.0659 #UB)  #solve_ime 1438.3982 read_time 0.0036 
