>>IBM: |V|=150 |E|=2000
>>IBM: The maximum node weight is 1235
/public/home/acs4vb4pqv/benchmarks/MWDS2026/T2_wclq/T2_150_2000_1.wclq #seed 5 #alpha 1.900 #timeout 0.100 K=5 RHO=0.05 Q0=0.90 BETA=3.5
[v19] |V|=150 |E|=2000 density=13.33 USE_ADVANCED=0
#Rd        #LB        #LB*       #UB       #Time        #UB+        #UB*      #Time      #TotalTime
First Gap  0.188867
ALPHA 1.9000 MaxIteration 500  TIMEOUT 0.037783
  1        503        503        598      0.0378
 [Tier-3 Hard] gap=0.1889 density=13.33 |V|=150 => Heavy RL (K=8, 25%)
ALPHA 1.9000 MaxIteration 3  TIMEOUT 0.002524
  2        496        503        610      0.0025ALPHA 1.8304 MaxIteration 5  TIMEOUT 0.004567
  3        497        503        601      0.0046ALPHA 1.7658 MaxIteration 9  TIMEOUT 0.005567
  4        495        503        615      0.0056ALPHA 1.7056 MaxIteration 15  TIMEOUT 0.017543
  5        509        509        601      0.0175ALPHA 1.6493 MaxIteration 25  TIMEOUT 0.017760
  6        509        509        684      0.0178ALPHA 1.5966 MaxIteration 41  TIMEOUT 0.042951
  7        505        509        684      0.0430ALPHA 1.5472 MaxIteration 65  TIMEOUT 0.050729
  8        507        509        684      0.0507ALPHA 1.5008 MaxIteration 100  TIMEOUT 0.086747
  9        510        510        684      0.0867ALPHA 1.4571 MaxIteration 150  TIMEOUT 0.107765
 10        510        510        674      0.1078ALPHA 1.4158 MaxIteration 218  TIMEOUT 0.238755
 11        517        517        632      0.2388ALPHA 1.3768 MaxIteration 308  TIMEOUT 0.389088
 12        512        517        674      0.3891ALPHA 1.3399 MaxIteration 424  TIMEOUT 0.234723
 13        507        517        692      0.2347ALPHA 1.3049 MaxIteration 568  TIMEOUT 0.313586
 14        512        517        674      0.3136ALPHA 1.2718 MaxIteration 741  TIMEOUT 0.488387
 15        514        517        601      0.4884ALPHA 1.2402 MaxIteration 942  TIMEOUT 1.023298
 16        510        517        632      1.0233ALPHA 1.2102 MaxIteration 1168  TIMEOUT 0.973463
 17        512        517        676      0.9735ALPHA 1.1816 MaxIteration 1413  TIMEOUT 0.725151
 18        512        517        695      0.7252ALPHA 1.1543 MaxIteration 1669  TIMEOUT 0.879252
 19        512        517        687      0.8793ALPHA 1.1283 MaxIteration 1926  TIMEOUT 1.033238
 20        511        517        610      1.0332ALPHA 1.1034 MaxIteration 2173  TIMEOUT 1.380583
 21        514        517        674      1.3806ALPHA 1.0795 MaxIteration 2397  TIMEOUT 2.174910
 22        514        517        598      2.1749ALPHA 1.0567 MaxIteration 2587  TIMEOUT 1.503858
 23        514        517        612      1.5039ALPHA 1.0349 MaxIteration 2733  TIMEOUT 1.504962
 24        516        517        692      1.5050ALPHA 1.0349 MaxIteration 2828  TIMEOUT 2.230333
 25        516        517        601      2.2303ALPHA 1.0349 MaxIteration 2926  TIMEOUT 1.571300
 26        512        517        718      1.5713ALPHA 1.0349 MaxIteration 3027  TIMEOUT 1.689083
 27        519        519        629      1.6891ALPHA 1.0349 MaxIteration 3132  TIMEOUT 1.611017
 28        514        519        629      1.6110ALPHA 1.0349 MaxIteration 3241  TIMEOUT 1.800745
 29        513        519        681      1.8007ALPHA 1.0349 MaxIteration 3353  TIMEOUT 1.806823
 30        512        519        601      1.8068ALPHA 1.0349 MaxIteration 3469  TIMEOUT 2.095342
 31        514        519        674      2.0953ALPHA 1.0349 MaxIteration 3589  TIMEOUT 1.822146
 32        518        519        612      1.8221ALPHA 1.0349 MaxIteration 3714  TIMEOUT 1.729363
 33        508        519        677      1.7294ALPHA 1.0349 MaxIteration 3843  TIMEOUT 2.992667
 34        512        519        646      2.9927ALPHA 1.0349 MaxIteration 3976  TIMEOUT 3.596366
 35        514        519        598      3.5964ALPHA 1.0349 MaxIteration 4114  TIMEOUT 2.483435
 36        516        519        598      2.4834ALPHA 1.0349 MaxIteration 4257  TIMEOUT 3.366232
 37        516        519        601      3.3662ALPHA 1.0349 MaxIteration 4405  TIMEOUT 2.321372
 38        512        519        601      2.3214ALPHA 1.0349 MaxIteration 4558  TIMEOUT 2.632879
 39        512        519        601      2.6329ALPHA 1.0349 MaxIteration 4716  TIMEOUT 3.385334
 40        512        519        601      3.3853ALPHA 1.0349 MaxIteration 4880  TIMEOUT 2.909799
 41        513        519        672      2.9098ALPHA 1.0349 MaxIteration 5050  TIMEOUT 2.773517
 42        512        519        638      2.7735ALPHA 1.0349 MaxIteration 5226  TIMEOUT 3.064315
 43        512        519        601      3.0643ALPHA 1.0349 MaxIteration 5408  TIMEOUT 4.795119
 44        514        519        598      4.7951ALPHA 1.0349 MaxIteration 5596  TIMEOUT 2.915239
 45        512        519        598      2.9152ALPHA 1.0349 MaxIteration 5791  TIMEOUT 5.247687
 46        512        519        601      5.2477ALPHA 1.0349 MaxIteration 5992  TIMEOUT 4.789188
 47        514        519        601      4.7892ALPHA 1.0349 MaxIteration 6200  TIMEOUT 6.079863
 48        514        519        601      6.0799ALPHA 1.0349 MaxIteration 6416  TIMEOUT 6.267432
 49        514        519        601      6.2674ALPHA 1.0349 MaxIteration 6639  TIMEOUT 6.777074
 50        517        519        601      6.7771ALPHA 1.0349 MaxIteration 6870  TIMEOUT 3.552598
 51        512        519        601      3.5526ALPHA 1.0349 MaxIteration 7109  TIMEOUT 4.711797
 52        513        519        601      4.7118ALPHA 1.0349 MaxIteration 7356  TIMEOUT 3.596828
 53        512        519        601      3.5968ALPHA 1.0349 MaxIteration 7612  TIMEOUT 3.803330
 54        517        519        674      3.8033ALPHA 1.0349 MaxIteration 7877  TIMEOUT 4.161414
 55        512        519        598      4.1614ALPHA 1.0349 MaxIteration 8151  TIMEOUT 4.163942
 56        512        519        601      4.1639ALPHA 1.0349 MaxIteration 8435  TIMEOUT 0.506959
 57        510        519        601      0.5070        598         598      0.0000    120.9886
ALPHA 1.0349 MaxIteration 8729  TIMEOUT 0.736980
 58        512        519        601      0.7370        598         598      0.0000    122.4486
ALPHA 1.0349 MaxIteration 9033  TIMEOUT 1.660903
 59        518        519        601      1.6609        598         598      0.0000    125.7486
ALPHA 1.0349 MaxIteration 9347  TIMEOUT 1.155425
 60        512        519        601      1.1554        598         598      0.0000    128.0186
ALPHA 1.0349 MaxIteration 9672  TIMEOUT 1.802395
 61        512        519        598      1.8024        598         598      0.0000    131.5986
ALPHA 1.0349 MaxIteration 10009  TIMEOUT 1.732716
 62        517        519        601      1.7327        598         598      0.0000    135.0186
ALPHA 1.0349 MaxIteration 10357  TIMEOUT 1.825004
 63        512        519        598      1.8250        598         598      0.0000    138.6286
ALPHA 1.0349 MaxIteration 10718  TIMEOUT 1.215651
 64        516        519        601      1.2157        598         598      0.0000    141.0286
ALPHA 1.0349 MaxIteration 11091  TIMEOUT 1.627246
 65        515        519        612      1.6272        598         598      0.0000    144.2486
ALPHA 1.0349 MaxIteration 11477  TIMEOUT 1.002904
 66        512        519        598      1.0029        598         598      0.0000    146.2286
ALPHA 1.0349 MaxIteration 11877  TIMEOUT 0.960023
 67        514        519        601      0.9600        598         598      0.0000    148.1386
ALPHA 1.0349 MaxIteration 12291  TIMEOUT 1.012140
 68        515        519        598      1.0121        598         598      0.0000    150.1486
ALPHA 1.0349 MaxIteration 12719  TIMEOUT 2.421120
 69        516        519        601      2.4211        598         598      0.0000    154.9486
ALPHA 1.0349 MaxIteration 13162  TIMEOUT 2.366818
 70        518        519        598      2.3668        598         598      0.0000    159.6386
ALPHA 1.0349 MaxIteration 13620  TIMEOUT 1.474443
 71        512        519        601      1.4744        598         598      0.0000    162.5586
ALPHA 1.0349 MaxIteration 14094  TIMEOUT 1.188642
 72        513        519        612      1.1886        598         598      0.0100    164.9086
ALPHA 1.0349 MaxIteration 14585  TIMEOUT 1.131444
 73        517        519        601      1.1314        598         598      0.0000    167.1586
ALPHA 1.0349 MaxIteration 15093  TIMEOUT 1.687353
 74        517        519        601      1.6874        598         598      0.0000    170.4886
ALPHA 1.0349 MaxIteration 15619  TIMEOUT 2.888291
 75        518        519        601      2.8883        598         598      0.0100    176.2086
ALPHA 1.0349 MaxIteration 16163  TIMEOUT 1.607889
 76        517        519        601      1.6079        598         598      0.0100    179.3886
ALPHA 1.0349 MaxIteration 16726  TIMEOUT 1.727645
 77        508        519        615      1.7276        598         598      0.0100    182.7986
ALPHA 1.0349 MaxIteration 17309  TIMEOUT 1.564311
 78        512        519        601      1.5643        598         598      0.0000    185.8986
ALPHA 1.0349 MaxIteration 17912  TIMEOUT 1.743572
 79        516        519        598      1.7436        598         598      0.0000    189.3586
ALPHA 1.0349 MaxIteration 18536  TIMEOUT 1.501908
 80        512        519        601      1.5019        598         598      0.0000    192.3386
ALPHA 1.0349 MaxIteration 19182  TIMEOUT 1.948991
 81        517        519        598      1.9490        598         598      0.0000    196.1886
ALPHA 1.0349 MaxIteration 19850  TIMEOUT 1.873736
 82        517        519        598      1.8737        598         598      0.0000    199.8986
ALPHA 1.0349 MaxIteration 20541  TIMEOUT 1.611811
 83        512        519        632      1.6118        598         598      0.0000    203.0986
ALPHA 1.0349 MaxIteration 21257  TIMEOUT 2.592221
 84        512        519        601      2.5922        598         598      0.0000    208.2386
ALPHA 1.0349 MaxIteration 21997  TIMEOUT 3.250872
 85        518        519        598      3.2509        598         598      0.0000    214.6886
ALPHA 1.0349 MaxIteration 22763  TIMEOUT 1.997794
 86        516        519        598      1.9978        598         598      0.0000    218.6486
ALPHA 1.0349 MaxIteration 23556  TIMEOUT 1.898923
 87        523        523        601      1.8989        598         598      0.0100    222.3886
ALPHA 1.0349 MaxIteration 24377  TIMEOUT 3.756425
 88        515        523        598      3.7564        598         598      0.0000    229.8186
ALPHA 1.0349 MaxIteration 25226  TIMEOUT 2.246760
 89        517        523        598      2.2468        598         598      0.0000    234.2686
ALPHA 1.0349 MaxIteration 26105  TIMEOUT 3.174780
 90        516        523        601      3.1748        598         598      0.0000    240.5686
ALPHA 1.0349 MaxIteration 27014  TIMEOUT 2.365579
 91        517        523        598      2.3656        598         598      0.0000    245.2586
ALPHA 1.0349 MaxIteration 27955  TIMEOUT 4.560614
 92        514        523        598      4.5606        598         598      0.0000    254.3086
ALPHA 1.0349 MaxIteration 28929  TIMEOUT 4.879340
 93        517        523        598      4.8793        598         598      0.0000    263.9486
ALPHA 1.0349 MaxIteration 29937  TIMEOUT 2.393657
 94        514        523        601      2.3937        598         598      0.0000    268.7086
ALPHA 1.0349 MaxIteration 30980  TIMEOUT 2.572245
 95        516        523        598      2.5722        598         598      0.0000    273.7986
ALPHA 1.0349 MaxIteration 32059  TIMEOUT 3.133142
 96        516        523        598      3.1331        598         598      0.0000    280.0186
ALPHA 1.0349 MaxIteration 33176  TIMEOUT 2.688868
 97        516        523        632      2.6889        598         598      0.0100    285.3386
ALPHA 1.0349 MaxIteration 34332  TIMEOUT 3.247870
 98        512        523        601      3.2479        598         598      0.0100    291.7786
ALPHA 1.0349 MaxIteration 35528  TIMEOUT 3.850399
 99        514        523        598      3.8504        598         598      0.0000    299.4286
ALPHA 1.0349 MaxIteration 36766  TIMEOUT 4.233184
100        517        523        632      4.2332        598         598      0.0000    307.8186
ALPHA 1.0349 MaxIte>>> Benchmark T2_150_2000_1.wclq Status TIMEOUT TimeTotal 3720.000
