>>> Warning: header edge_num=125248, parsed edge_num=62624
>>IBM: |V|=500 |E|=62624
>>IBM: The maximum node weight is 200
/public/home/acs4vb4pqv/benchmarks/MWDS2026/dimacs/DSJC500_5.clq #seed 1 #alpha 1.900 #timeout 0.100 K=5 RHO=0.05 Q0=0.90 BETA=3.5
[v19] |V|=500 |E|=62624 density=125.25 USE_ADVANCED=0
#Rd        #LB        #LB*       #UB       #Time        #UB+        #UB*      #Time      #TotalTime
First Gap  0.454545
ALPHA 1.9000 MaxIteration 500  TIMEOUT 0.475333
  1         11         11         16      0.4753
 [Tier-3 Hard] gap=0.4545 density=125.25 |V|=500 => Heavy RL (K=8, 25%)
ALPHA 1.9000 MaxIteration 3  TIMEOUT 0.005991
  2         10         11         21      0.0060         18          18      0.0000      0.4839
ALPHA 1.8304 MaxIteration 5  TIMEOUT 0.011225
  3          9         11         16      0.0112         16          16      0.0000      0.5140
ALPHA 1.7658 MaxIteration 9  TIMEOUT 0.016749
  4         11         11         16      0.0167         16          16      0.0000      0.5444
ALPHA 1.7056 MaxIteration 15  TIMEOUT 0.016671
  5          9         11         16      0.0167         16          16      0.0000      0.5745
ALPHA 1.6493 MaxIteration 25  TIMEOUT 0.026391
  6         12         12         16      0.0264>>> DSJC500_5.clq |V| 500 |E| 62624  (#LB 0.0909 11 ---> 12  0.3333  16 <--- 16  0.0000 #UB)  #solve_ime 0.6009 read_time 0.0162 
