With  Parameters CUTOFF 3600 SEED 1  ALPHA = 1.900  K=5 RHO=0.05 Q0=0.90 BETA=3.0
Reading  graph ...  time 2.811418  
Reducing graph ...  time 0.107372  
[v6] |V|=509338 |E|=7178413 density=14.09 USE_ADVANCED=1
#Rd        #LB        #LB*       #UB       #Time        #UB+        #UB*      #Time      #TotalTime
First Gap  0.000113
  1    2567317    2567317    2567607      1.7842
 Switch to dual bound search, timeout 1.784240....
    2567607     2567607      0.0479        3.7101
ALPHA 1.9000 MaxIteration 3  TIMEOUT 1.784240
  2    2567317    2567317    2567687      0.3656    2567687     2567607      0.0567        4.4561
ALPHA 1.8304 MaxIteration 5  TIMEOUT 0.694600
  3    2567317    2567317    2567688      0.7033    2567688     2567607      0.0499        5.8851
ALPHA 1.7658 MaxIteration 9  TIMEOUT 1.287396
  4    2567316    2567317    2567620      0.9708    2567570     2567570      0.0535        7.8721
ALPHA 1.7056 MaxIteration 15  TIMEOUT 1.714261
  5    2567317    2567317    2567687      1.4189    2567687     2567570      0.0440       10.7512
ALPHA 1.6493 MaxIteration 25  TIMEOUT 2.419945
  6    2567318    2567318    2567570      2.5002    2567520     2567520      0.0392       15.8249
ALPHA 1.5966 MaxIteration 41  TIMEOUT 4.123670
  7    2567318    2567318    2567570      4.1301    2567520     2567520      0.0469       24.1822
ALPHA 1.5472 MaxIteration 65  TIMEOUT 6.594237
  8    2567317    2567318    2567620      6.2257    2567570     2567520      0.0469       36.6601
ALPHA 1.5008 MaxIteration 100  TIMEOUT 9.632668
  9    2567317    2567318    2567569      9.7046    2567519     2567519      0.0667       56.3037
ALPHA 1.4571 MaxIteration 150  TIMEOUT 14.564501
 10    2567317    2567318    2567608     12.9390    2567608     2567519      0.0558       83.0771
ALPHA 1.4158 MaxIteration 218  TIMEOUT 18.852891
 11    2567318    2567318    2567557     18.9245    2567557     2567519      0.0552      121.8210
ALPHA 1.3768 MaxIteration 308  TIMEOUT 26.793229
 12    2567318    2567318    2567570     26.8722    2567520     2567519      0.1126      176.8395
ALPHA 1.3399 MaxIteration 424  TIMEOUT 36.997926
 13    2567317    2567318    2567608     37.0273    2567608     2567519      0.0658      257.1656
ALPHA 1.3049 MaxIteration 568  TIMEOUT 49.613409
 14    2567318    2567318    2567570     49.6973    2567520     2567519      0.0686      364.5763
ALPHA 1.2718 MaxIteration 741  TIMEOUT 64.852246
 15    2567317    2567318    2567686     64.8997    2567686     2567519      0.0645      497.4215
ALPHA 1.2402 MaxIteration 942  TIMEOUT 82.536451
 16    2567318    2567318    2567570     82.5381    2567520     2567519      0.0720      666.7019
ALPHA 1.2102 MaxIteration 1168  TIMEOUT 102.364439
 17    2567318    2567318    2567570    102.4174    2567520     2567519      0.0718      876.3993
ALPHA 1.1816 MaxIteration 1413  TIMEOUT 123.944611
 18    2567318    2567318    2567568    123.9919    2567518     2567518      0.0725     1137.2474
ALPHA 1.1543 MaxIteration 1669  TIMEOUT 146.507809
 19    2567317    2567318    2567555    146.6368    2567555     2567518      0.0565     1438.4245
ALPHA 1.1283 MaxIteration 1926  TIMEOUT 169.264845
 20    2567317    2567318    2567618    169.3069    2567568     2567518      0.0606     1777.0861
ALPHA 1.1034 MaxIteration 2173  TIMEOUT 191.023257
 21    2567317    2567318    2567685    191.0561    2567685     2567518      0.0637     2159.2521
ALPHA 1.0795 MaxIteration 2397  TIMEOUT 210.805214
 22    2567318    2567318    2567568    210.9124    2567518     2567518      0.0811     2581.1192
ALPHA 1.0567 MaxIteration 2587  TIMEOUT 227.689557
 23    2567317    2567318    2567685    227.7153    2567685     2567518      0.0414     3599.9704
>>> web-it-2004.clq |V| 509338 |E| 7178413  (#LB 0.0000 2567317 ---> 2567318  0.0001  2567518 <--- 2567607  0.0000 #UB)  #read_time 2.8114  #reduce_time 0.1074  #solve_time 3599.9704  #total_time 3602.8892
 