With  Parameters CUTOFF 3600 SEED 2  ALPHA = 1.900  K=5 RHO=0.05 Q0=0.90 BETA=3.0
Reading  graph ...  time 0.066299  
Reducing graph ...  time 0.000039  
[v6] |V|=150 |E|=2000 density=13.33 USE_ADVANCED=0
#Rd        #LB        #LB*       #UB       #Time        #UB+        #UB*      #Time      #TotalTime
First Gap  0.188867
  1        503        503        598      0.0361
 Switch to original search + AQ boost, timeout 0.036080....
ALPHA 1.9000 MaxIteration 3  TIMEOUT 0.036080
  2        503        503        598      0.0014ALPHA 1.8304 MaxIteration 5  TIMEOUT 0.002677
  3        503        503        635      0.0019ALPHA 1.7658 MaxIteration 9  TIMEOUT 0.003494
  4        503        503        635      0.0037ALPHA 1.7056 MaxIteration 15  TIMEOUT 0.006618
  5        495        503        635      0.0059ALPHA 1.6493 MaxIteration 25  TIMEOUT 0.010092
  6        496        503        610      0.0104ALPHA 1.5966 MaxIteration 41  TIMEOUT 0.017232
  7        509        509        601      0.0175ALPHA 1.5472 MaxIteration 65  TIMEOUT 0.027967
  8        501        509        635      0.0280ALPHA 1.5008 MaxIteration 100  TIMEOUT 0.043341
  9        506        509        618      0.0435ALPHA 1.4571 MaxIteration 150  TIMEOUT 0.065293
 10        508        509        598      0.0653ALPHA 1.4158 MaxIteration 218  TIMEOUT 0.095152
 11        511        511        598      0.0784ALPHA 1.3768 MaxIteration 308  TIMEOUT 0.110994
 12        514        514        598      0.1112ALPHA 1.3399 MaxIteration 424  TIMEOUT 0.153074
 13        514        514        598      0.1533ALPHA 1.3049 MaxIteration 568  TIMEOUT 0.205448
 14        511        514        598      0.2056ALPHA 1.2718 MaxIteration 741  TIMEOUT 0.268329
 15        515        515        598      0.2368ALPHA 1.2402 MaxIteration 942  TIMEOUT 0.301136
 16        507        515        598      0.2759ALPHA 1.2102 MaxIteration 1168  TIMEOUT 0.342190
 17        516        516        598      0.3424ALPHA 1.1816 MaxIteration 1413  TIMEOUT 0.414425
 18        517        517        598      0.4146ALPHA 1.1543 MaxIteration 1669  TIMEOUT 0.489928
 19        514        517        598      0.4900ALPHA 1.1283 MaxIteration 1926  TIMEOUT 0.565594
 20        509        517        598      0.5656ALPHA 1.1034 MaxIteration 2173  TIMEOUT 0.638181
 21        508        517        598      0.6382ALPHA 1.0795 MaxIteration 2397  TIMEOUT 0.704201
 22        515        517        598      0.7042ALPHA 1.0567 MaxIteration 2587  TIMEOUT 0.760262
 23        517        517        598      0.7604ALPHA 1.0349 MaxIteration 2733  TIMEOUT 0.803576
 24        512        517        598      0.8037ALPHA 1.0349 MaxIteration 2828  TIMEOUT 0.831709
 25        514        517        598      0.8318ALPHA 1.0349 MaxIteration 2926  TIMEOUT 0.860786
 26        510        517        598      0.8610ALPHA 1.0349 MaxIteration 3027  TIMEOUT 0.890966
 27        514        517        598      0.8912ALPHA 1.0349 MaxIteration 3132  TIMEOUT 0.922263
 28        512        517        598      0.9223ALPHA 1.0349 MaxIteration 3241  TIMEOUT 0.954460
 29        505        517        598      0.9546ALPHA 1.0349 MaxIteration 3353  TIMEOUT 0.987895
 30        509        517        598      0.9882ALPHA 1.0349 MaxIteration 3469  TIMEOUT 1.022608
 31        508        517        598      1.0229ALPHA 1.0349 MaxIteration 3589  TIMEOUT 1.058536
 32        512        517        601      1.0588ALPHA 1.0349 MaxIteration 3714  TIMEOUT 1.095735
 33        515        517        598      1.0958 [RL early exit] stag=15 at 0.4%
        598         598     14.6248     3585.3755
ALPHA 1.0349 MaxIteration 3843  TIMEOUT 3710.318661
 34        512        517        598      1.5790        598         598      0.1597     3599.9998
>>> T2_150_2000_1.wclq |V| 150 |E| 2000  (#LB 0.0278 503 ---> 517  0.1355  598 <--- 598  0.0000 #UB)  #read_time 0.0663  #reduce_time 0.0000  #solve_time 3599.9998  #total_time 3600.0661
 