>>IBM: |V|=82168 |E|=504230
>>IBM: The maximum node weight is 200
/public/home/acs4vb4pqv/benchmarks/MWDS2026/SNAP/Slashdot0902.clq #seed 4 #alpha 1.900 #timeout 0.300 K=5 RHO=0.05 Q0=0.90 BETA=3.5
[v19] |V|=82168 |E|=504230 density=6.14 USE_ADVANCED=1
#Rd        #LB        #LB*       #UB       #Time        #UB+        #UB*      #Time      #TotalTime
First Gap  0.000586
ALPHA 1.9000 MaxIteration 50  TIMEOUT 0.657270
  1    1142449    1142449    1143119      0.6573    1143119     1143119      0.0000      1.3484
ALPHA 1.9000 MaxIteration 3  TIMEOUT 0.077431
  2    1142402    1142449    1143244      0.0774    1143244     1143119      0.0000      1.5184
ALPHA 1.8304 MaxIteration 5  TIMEOUT 0.185945
  3    1142430    1142449    1143224      0.1859    1143224     1143119      0.0000      1.8984
ALPHA 1.7658 MaxIteration 9  TIMEOUT 0.377061
  4    1142432    1142449    1143220      0.3771    1143220     1143119      0.0000      2.6784
ALPHA 1.7056 MaxIteration 15  TIMEOUT 0.679616
  5    1142381    1142449    1143230      0.6796    1143230     1143119      0.0000      4.0584
ALPHA 1.6493 MaxIteration 25  TIMEOUT 0.709005
  6    1141188    1142449    1144639      0.7090    1144591     1143119      0.0000      5.4884
ALPHA 1.5966 MaxIteration 41  TIMEOUT 1.279924
  7    1141376    1142449    1143492      1.2799    1143463     1143119      0.0000      8.0584
ALPHA 1.5472 MaxIteration 65  TIMEOUT 5.420213
  8    1141456    1142449    1143363      5.4202    1143268     1143119      0.0000     18.8984
ALPHA 1.5008 MaxIteration 100  TIMEOUT 3.039931
  9    1140787    1142449    1144889      3.0399    1144755     1143119      0.0000     24.9784
ALPHA 1.4571 MaxIteration 150  TIMEOUT 5.070956
 10    1141128    1142449    1143573      5.0710    1143439     1143119      0.0000     35.1384
ALPHA 1.4158 MaxIteration 218  TIMEOUT 8.443701
 11    1140936    1142449    1144402      8.4437    1144265     1143119      0.0000     52.0184
ALPHA 1.3768 MaxIteration 308  TIMEOUT 15.603721
 12    1141100    1142449    1143629     15.6037    1143492     1143119      0.0000     83.1884
ALPHA 1.3399 MaxIteration 424  TIMEOUT 16.640888
 13    1140906    1142449    1144217     16.6409    1143755     1143119     13.7800    116.4284
ALPHA 1.3049 MaxIteration 568  TIMEOUT 14.401198
 14    1140468    1142449    1144965     14.4012    1143738     1143119     14.1700    145.1885
ALPHA 1.2718 MaxIteration 741  TIMEOUT 44.102005
 15    1141013    1142449    1144096     44.1020    1143394     1143119     37.4700    233.2284
ALPHA 1.2402 MaxIteration 942  TIMEOUT 17.011888
 16    1140139    1142449    1145045     17.0119    1143669     1143119     16.0300    267.2285
ALPHA 1.2102 MaxIteration 1168  TIMEOUT 10.464367
 17    1140104    1142449    1145054     10.4644    1144008     1143119     10.2100    288.1484
ALPHA 1.1816 MaxIteration 1413  TIMEOUT 18.000336
 18    1140104    1142449    1145054     18.0003    1143593     1143119     15.9100    324.0984
ALPHA 1.1543 MaxIteration 1669  TIMEOUT 13.034347
 19    1140103    1142449    1145054     13.0343    1144011     1143119     11.1500    350.1384
ALPHA 1.1283 MaxIteration 1926  TIMEOUT 21.811675
 20    1140101    1142449    1145054     21.8117    1143656     1143119     21.8100    393.6784
ALPHA 1.1034 MaxIteration 2173  TIMEOUT 17.242099
 21    1140101    1142449    1145039     17.2421    1143688     1143119     16.0600    428.1284
ALPHA 1.0795 MaxIteration 2397  TIMEOUT 18.583124
 22    1140101    1142449    1145039     18.5831    1143597     1143119     18.5700    465.2283
ALPHA 1.0567 MaxIteration 2587  TIMEOUT 19.013770
 23    1140101    1142449    1145039     19.0138    1143661     1143119     18.7400    503.2188
ALPHA 1.0349 MaxIteration 2733  TIMEOUT 24.993663
 24    1140101    1142449    1145039     24.9937    1143636     1143119     24.7700    553.1187
ALPHA 1.0349 MaxIteration 2828  TIMEOUT 22.446526
 25    1140101    1142449    1145039     22.4465    1143632     1143119     21.3400    597.9385
ALPHA 1.0349 MaxIteration 2926  TIMEOUT 31.273397
 26    1140101    1142449    1145039     31.2734    1143502     1143119     24.2200    660.3585
ALPHA 1.0349 MaxIteration 3027  TIMEOUT 17.416860
 27    1140087    1142449    1145039     17.4169    1143652     1143119     16.5600    695.1384
ALPHA 1.0349 MaxIteration 3132  TIMEOUT 16.380997
 28    1140087    1142449    1145039     16.3810    1143739     1143119     13.0700    727.8484
ALPHA 1.0349 MaxIteration 3241  TIMEOUT 21.540382
 29    1140087    1142449    1145039     21.5404    1143621     1143119     18.9100    770.8484
ALPHA 1.0349 MaxIteration 3353  TIMEOUT 18.996442
 30    1140087    1142449    1145038     18.9964    1143594     1143119     18.2000    808.7884
ALPHA 1.0349 MaxIteration 3469  TIMEOUT 17.887042
 31    1140087    1142449    1145038     17.8870    1143713     1143119     14.8600    844.5186
ALPHA 1.0349 MaxIteration 3589  TIMEOUT 18.354632
 32    1140087    1142449    1145038     18.3546    1143612     1143119     18.1100    881.1784
ALPHA 1.0349 MaxIteration 3714  TIMEOUT 18.957588
 33    1140087    1142449    1145038     18.9576    1143652     1143119     17.5200    919.0284
ALPHA 1.0349 MaxIteration 3843  TIMEOUT 19.601917
 34    1140087    1142449    1145038     19.6019    1143561     1143119     18.0200    958.1584
ALPHA 1.0349 MaxIteration 3976  TIMEOUT 20.135458
 35    1140087    1142449    1145039     20.1355    1143648     1143119     17.6600    998.3585
ALPHA 1.0349 MaxIteration 4114  TIMEOUT 25.298236
 36    1140087    1142449    1145038     25.2982    1143586     1143119     23.3200   1048.8584
ALPHA 1.0349 MaxIteration 4257  TIMEOUT 26.703032
 37    1140087    1142449    1145038     26.7030    1143506     1143119     26.1600   1102.1284
ALPHA 1.0349 MaxIteration 4405  TIMEOUT 21.800675
 38    1140087    1142449    1145038     21.8007    1143635     1143119     17.6600   1145.6186
ALPHA 1.0349 MaxIteration 4558  TIMEOUT 23.354077
 39    1140087    1142449    1145037     23.3541    1143529     1143119     23.0300   1192.2284
ALPHA 1.0349 MaxIteration 4716  TIMEOUT 23.246809
 40    1140087    1142449    1145038     23.2468    1143538     1143119     20.1000   1238.6284
ALPHA 1.0349 MaxIteration 4880  TIMEOUT 24.659968
 41    1140087    1142449    1145037     24.6600    1143509     1143119     24.2500   1287.8284
ALPHA 1.0349 MaxIteration 5050  TIMEOUT 24.686143
 42    1140087    1142449    1145036     24.6861    1143508     1143119     24.4100   1337.1084
ALPHA 1.0349 MaxIteration 5226  TIMEOUT 25.494951
 43    1140087    1142449    1145037     25.4950    1143557     1143119     25.3200   1388.0184
ALPHA 1.0349 MaxIteration 5408  TIMEOUT 32.950987
 44    1140087    1142449    1145037     32.9510    1143509     1143119     29.1100   1453.7884
ALPHA 1.0349 MaxIteration 5596  TIMEOUT 28.247631
 45    1140087    1142449    1145037     28.2476
 [LB Done] stag=44 elapsed=41.2% => 2118.0s to UB
    1143283     1143119    975.8000   3590.1485
>>> Slashdot0902.clq |V| 82168 |E| 504230  (#LB 0.0000 1142449 ---> 1142449  0.0006  1143119 <--- 1143119  0.0000 #UB)  #solve_ime 3590.1514 read_time 0.1117 
