>>IBM: |V|=509338 |E|=7178413
>>IBM: The maximum node weight is 200
/public/home/acs4vb4pqv/benchmarks/MWDS2026/NDR/web-it-2004.clq #seed 1 #alpha 1.900 #timeout 5.000 K=5 RHO=0.05 Q0=0.90 BETA=3.5
[v19] |V|=509338 |E|=7178413 density=14.09 USE_ADVANCED=1
#Rd        #LB        #LB*       #UB       #Time        #UB+        #UB*      #Time      #TotalTime
First Gap  0.000160
ALPHA 1.9000 MaxIteration 10  TIMEOUT 4.087646
  1    2567317    2567317    2567728      4.0876    2567671     2567671      0.0100      8.4551
ALPHA 1.9000 MaxIteration 3  TIMEOUT 2.374959
  2    2567315    2567317    2567737      2.3750    2567630     2567630      0.0100     13.4051
ALPHA 1.8304 MaxIteration 5  TIMEOUT 3.370764
  3    2567268    2567317    2567737      3.3708    2567630     2567630      0.0100     20.3451
ALPHA 1.7658 MaxIteration 9  TIMEOUT 7.312492
  4    2567213    2567317    2567728      7.3125    2567671     2567630      0.0100     35.1352
ALPHA 1.7056 MaxIteration 15  TIMEOUT 12.703880
  5    2567221    2567317    2567885     12.7039    2567828     2567630      0.0100     60.7251
ALPHA 1.6493 MaxIteration 25  TIMEOUT 33.024071
  6    2566910    2567317    2568554     33.0241    2568447     2567630      0.0100    126.8952
ALPHA 1.5966 MaxIteration 41  TIMEOUT 60.563986
  7    2566250    2567317    2567879     60.5640    2567772     2567630      0.0000    248.0351
ALPHA 1.5472 MaxIteration 65  TIMEOUT 316.507379
  8    2566254    2567317    2567746    316.5074    2567648     2567630      0.0000    880.1151
ALPHA 1.5008 MaxIteration 100  TIMEOUT 178.307409
  9    2563853    2567317    2582609    178.3074    2582363     2567630      0.0100   1236.2251
ALPHA 1.4571 MaxIteration 150  TIMEOUT 431.690391
 10    2564686    2567317    2569198    431.6904
 [LB Done] stag=9 elapsed=46.3% => 1932.1s to UB
    2568666     2567630      0.0400   3591.8152
>>> web-it-2004.clq |V| 509338 |E| 7178413  (#LB 0.0000 2567317 ---> 2567317  0.0001  2567630 <--- 2567728  0.0000 #UB)  #solve_ime 3591.8365 read_time 1.8049 
