>>IBM: |V|=1000 |E|=1000
>>IBM: The maximum node weight is 49
/public/home/acs4vb4pqv/benchmarks/MWDS2026/T1_wclq/T1_1000_1000_2.wclq #seed 4 #alpha 1.900 #timeout 0.100 K=5 RHO=0.05 Q0=0.90 BETA=3.5
[v19] |V|=1000 |E|=1000 density=1.00 USE_ADVANCED=1
#Rd        #LB        #LB*       #UB       #Time        #UB+        #UB*      #Time      #TotalTime
First Gap  0.114525
ALPHA 1.9000 MaxIteration 500  TIMEOUT 0.217095
  1      10251      10251      11425      0.2171
 [Tier-2 Medium] gap=0.1145 density=1.00 |V|=1000 => Standard RL (K=5, 15%)
ALPHA 1.9000 MaxIteration 3  TIMEOUT 0.187728
  2      10112      10251      12188      0.1877ALPHA 1.8304 MaxIteration 5  TIMEOUT 0.288522
  3      10130      10251      12186      0.2885ALPHA 1.7658 MaxIteration 9  TIMEOUT 0.379376
  4      10120      10251      12323      0.3794ALPHA 1.7056 MaxIteration 15  TIMEOUT 0.262981
  5      10107      10251      12416      0.2630ALPHA 1.6493 MaxIteration 25  TIMEOUT 1.161224
  6      10153      10251      12383      1.1612ALPHA 1.5966 MaxIteration 41  TIMEOUT 0.925405
  7      10149      10251      12398      0.9254ALPHA 1.5472 MaxIteration 65  TIMEOUT 1.268155
  8      10148      10251      12511      1.2682ALPHA 1.5008 MaxIteration 100  TIMEOUT 3.087671
  9      10167      10251      12387      3.0877ALPHA 1.4571 MaxIteration 150  TIMEOUT 3.861111
 10      10162      10251      12511      3.8611ALPHA 1.4158 MaxIteration 218  TIMEOUT 6.965621
 11      10187      10251      12436      6.9656ALPHA 1.3768 MaxIteration 308  TIMEOUT 12.858766
 12      10182      10251      12309     12.8588ALPHA 1.3399 MaxIteration 424  TIMEOUT 12.188941
 13      10147      10251      12415     12.1889ALPHA 1.3049 MaxIteration 568  TIMEOUT 22.648850
 14      10178      10251      12424     22.6489ALPHA 1.2718 MaxIteration 741  TIMEOUT 17.987281
 15      10130      10251      12300     17.9873ALPHA 1.2402 MaxIteration 942  TIMEOUT 32.759425
 16      10163      10251      12462     32.7594ALPHA 1.2102 MaxIteration 1168  TIMEOUT 20.887078
 17      10144      10251      12510     20.8871ALPHA 1.1816 MaxIteration 1413  TIMEOUT 30.708642
 18      10151      10251      12492     30.7086ALPHA 1.1543 MaxIteration 1669  TIMEOUT 29.607226
 19      10151      10251      12643     29.6072ALPHA 1.1283 MaxIteration 1926  TIMEOUT 57.026086
 20      10140      10251      12766     57.0261ALPHA 1.1034 MaxIteration 2173  TIMEOUT 60.371868
 21      10148      10251      12564     60.3719ALPHA 1.0795 MaxIteration 2397  TIMEOUT 45.443950
 22      10137      10251      12156     45.4440ALPHA 1.0567 MaxIteration 2587  TIMEOUT 101.741853
 23      10151      10251      12224    101.7419ALPHA 1.0349 MaxIteration 2733  TIMEOUT 53.344329
 24      10184      10251      12365     53.3443ALPHA 1.0349 MaxIteration 2828  TIMEOUT 86.371753
 25      10178      10251      12326     86.3718      10786       10786      7.5400    681.9500
ALPHA 1.0349 MaxIteration 2926  TIMEOUT 9.273915
 26      10175      10251      12192      9.2739      10789       10786      9.1400    699.7328
ALPHA 1.0349 MaxIteration 3027  TIMEOUT 12.664073
 27      10179      10251      12263     12.6641      10787       10786      3.6700    724.0000
ALPHA 1.0349 MaxIteration 3132  TIMEOUT 16.613232
 28      10196      10251      12225     16.6132      10787       10786     14.0800    755.9200
ALPHA 1.0349 MaxIteration 3241  TIMEOUT 12.515028
 29      10178      10251      12274     12.5150      10786       10786      1.4300    779.9200
ALPHA 1.0349 MaxIteration 3353  TIMEOUT 10.439347
 30      10140      10251      12244     10.4393      10789       10786      1.4500    799.9400
ALPHA 1.0349 MaxIteration 3469  TIMEOUT 11.465990
 31      10110      10251      12289     11.4660      10784       10784      0.4000    821.9100
ALPHA 1.0349 MaxIteration 3589  TIMEOUT 21.132743
 32      10067      10251      12300     21.1327      10786       10784      1.5500    862.4500
ALPHA 1.0349 MaxIteration 3714  TIMEOUT 12.223390
 33      10050      10251      12305     12.2234      10785       10784      6.2500    885.8600
ALPHA 1.0349 MaxIteration 3843  TIMEOUT 23.105055
 34      10082      10251      12270     23.1051      10784       10784      0.5200    930.1700
ALPHA 1.0349 MaxIteration 3976  TIMEOUT 21.296705
 35      10074      10251      12206     21.2967      10785       10784      1.6200    970.9600
ALPHA 1.0349 MaxIteration 4114  TIMEOUT 16.572041
 36      10073      10251      12312     16.5720      10787       10784      7.6900   1002.7000
ALPHA 1.0349 MaxIteration 4257  TIMEOUT 22.407640
 37      10049      10251      12361     22.4076      10787       10784      0.2600   1045.6700
ALPHA 1.0349 MaxIteration 4405  TIMEOUT 27.848331
 38      10046      10251      12419     27.8483      10785       10784      0.4300   1098.9700
ALPHA 1.0349 MaxIteration 4558  TIMEOUT 53.868183
 39      10062      10251      12422     53.8682      10785       10784     14.5700   1202.2300
ALPHA 1.0349 MaxIteration 4716  TIMEOUT 29.842910
 40      10030      10251      12457     29.8429      10786       10784      0.2900   1259.4600
ALPHA 1.0349 MaxIteration 4880  TIMEOUT 47.106769
 41      10025      10251      12492     47.1068      10787       10784      2.4000   1349.7300
ALPHA 1.0349 MaxIteration 5050  TIMEOUT 37.413956
 42       9961      10251      12347     37.4140      10786       10784      4.7700   1421.4259
ALPHA 1.0349 MaxIteration 5226  TIMEOUT 40.001006
 43       9970      10251      12545     40.0010
 [LB Done] stag=18 elapsed=40.6% => 2138.6s to UB
      10784       10784   1038.5700   3414.3998
>>> T1_1000_1000_2.wclq |V| 1000 |E| 1000  (#LB 0.0000 10251 ---> 10251  0.0520  10784 <--- 11425  0.0561 #UB)  #solve_ime 3414.3998 read_time 0.0000 
