>>IBM: |V|=50 |E|=1000
>>IBM: The maximum node weight is 49
/public/home/acs4vb4pqv/benchmarks/MWDS2026/T1_wclq/T1_50_1000_0.wclq #seed 4 #alpha 1.900 #timeout 0.100 K=5 RHO=0.05 Q0=0.90 BETA=3.5
[v19] |V|=50 |E|=1000 density=20.00 USE_ADVANCED=0
#Rd        #LB        #LB*       #UB       #Time        #UB+        #UB*      #Time      #TotalTime
First Gap  0.428571
ALPHA 1.9000 MaxIteration 500  TIMEOUT 0.004105
  1         28         28         40      0.0041
 [Tier-3 Hard] gap=0.4286 density=20.00 |V|=50 => Heavy RL (K=8, 25%)
ALPHA 1.9000 MaxIteration 3  TIMEOUT 0.000754
  2         28         28         40      0.0008         40          40      0.0000      0.0082
ALPHA 1.8304 MaxIteration 5  TIMEOUT 0.000145
  3         25         28         62      0.0001         40          40      0.0000      0.0182
ALPHA 1.7658 MaxIteration 9  TIMEOUT 0.000216
  4         25         28         40      0.0002         40          40      0.0000      0.0282
ALPHA 1.7056 MaxIteration 15  TIMEOUT 0.000639
  5         28         28         40      0.0006         40          40      0.0000      0.0382
ALPHA 1.6493 MaxIteration 25  TIMEOUT 0.000663
  6         28         28         48      0.0007         40          40      0.0000      0.0482
ALPHA 1.5966 MaxIteration 41  TIMEOUT 0.000887
  7         28         28         48      0.0009         40          40      0.0000      0.0582
ALPHA 1.5472 MaxIteration 65  TIMEOUT 0.001536
  8         28         28         48      0.0015         40          40      0.0000      0.0682
ALPHA 1.5008 MaxIteration 100  TIMEOUT 0.001860
  9         28         28         48      0.0019         40          40      0.0000      0.0782
ALPHA 1.4571 MaxIteration 150  TIMEOUT 0.002957
 10         28         28         48      0.0030         40          40      0.0000      0.0882
ALPHA 1.4158 MaxIteration 218  TIMEOUT 0.004703
 11         28         28         48      0.0047         40          40      0.0000      0.0982
ALPHA 1.3768 MaxIteration 308  TIMEOUT 0.005292
 12         25         28         47      0.0053         40          40      0.0000      0.1082
ALPHA 1.3399 MaxIteration 424  TIMEOUT 0.013089
 13         25         28         40      0.0131         40          40      0.0000      0.1382
ALPHA 1.3049 MaxIteration 568  TIMEOUT 0.015345
 14         25         28         62      0.0153         40          40      0.0000      0.1682
ALPHA 1.2718 MaxIteration 741  TIMEOUT 0.015746
 15         25         28         62      0.0157         40          40      0.0000      0.1982
ALPHA 1.2402 MaxIteration 942  TIMEOUT 0.034750
 16         28         28         48      0.0348         40          40      0.0000      0.2682
ALPHA 1.2102 MaxIteration 1168  TIMEOUT 0.020691
 17         28         28         48      0.0207         40          40      0.0000      0.3182
ALPHA 1.1816 MaxIteration 1413  TIMEOUT 0.024071
 18         28         28         48      0.0241>>> T1_50_1000_0.wclq |V| 50 |E| 1000  (#LB 0.0000 28 ---> 28  0.4286  40 <--- 40  0.0000 #UB)  #solve_ime 0.3422 read_time 0.0018 
