>>IBM: |V|=200 |E|=2000
>>IBM: The maximum node weight is 49
/public/home/acs4vb4pqv/benchmarks/MWDS2026/T1_wclq/T1_200_2000_8.wclq #seed 103 #alpha 1.900 #timeout 0.100 K=5 RHO=0.05 Q0=0.90 BETA=3.5 AQ_MODE=dbs SAFE_AQ_MIN_GAP=0.050 SAFE_AQ_MIN_NODES=800
[v19] |V|=200 |E|=2000 density=10.00 USE_ADVANCED=0
#Rd        #LB        #LB*       #UB       #Time        #UB+        #UB*      #Time      #TotalTime
First Gap  1.328283
ALPHA 1.9000 MaxIteration 500  TIMEOUT 0.045596
  1        198        198        461      0.0456        416         416      0.0100      0.0891
ALPHA 1.9000 MaxIteration 3  TIMEOUT 0.000358
  2        191        198        562      0.0004        416         416      0.0000      0.0991
ALPHA 1.8304 MaxIteration 5  TIMEOUT 0.000838
  3        179        198        506      0.0008        416         416      0.0000      0.1091
ALPHA 1.7658 MaxIteration 9  TIMEOUT 0.001165
  4        184        198        488      0.0012        416         416      0.0000      0.1191
ALPHA 1.7056 MaxIteration 15  TIMEOUT 0.002742
  5        180        198        507      0.0027        420         416      0.0000      0.1291
ALPHA 1.6493 MaxIteration 25  TIMEOUT 0.003021
  6        175        198        485      0.0030        428         416      0.0000      0.1391
ALPHA 1.5966 MaxIteration 41  TIMEOUT 0.004162
  7        178        198        457      0.0042        416         416      0.0000      0.1491
ALPHA 1.5472 MaxIteration 65  TIMEOUT 0.010393
  8        181        198        480      0.0104        416         416      0.0000      0.1791
ALPHA 1.5008 MaxIteration 100  TIMEOUT 0.009598
  9        189        198        492      0.0096        475         416      0.0000      0.1891
ALPHA 1.4571 MaxIteration 150  TIMEOUT 0.020373
 10        192        198        480      0.0204        416         416      0.0000      0.2391
ALPHA 1.4158 MaxIteration 218  TIMEOUT 0.040069
 11        193        198        485      0.0401        416         416      0.0000      0.3291
ALPHA 1.3768 MaxIteration 308  TIMEOUT 0.042813
 12        193        198        486      0.0428        416         416      0.0300      0.4191
ALPHA 1.3399 MaxIteration 424  TIMEOUT 0.070969
 13        194        198        490      0.0710        416         416      0.0100      0.5691
ALPHA 1.3049 MaxIteration 568  TIMEOUT 0.072215
 14        192        198        481      0.0722        417         416      0.0100      0.7191
ALPHA 1.2718 MaxIteration 741  TIMEOUT 0.072499
 15        189        198        469      0.0725        416         416      0.0000      0.8691
ALPHA 1.2402 MaxIteration 942  TIMEOUT 0.093183
 16        187        198        469      0.0932        416         416      0.0000      1.0591
ALPHA 1.2102 MaxIteration 1168  TIMEOUT 0.116911
 17        193        198        454      0.1169        416         416      0.0400      1.2791
ALPHA 1.1816 MaxIteration 1413  TIMEOUT 0.149508
 18        190        198        462      0.1495        416         416      0.0000      1.5691
ALPHA 1.1543 MaxIteration 1669  TIMEOUT 0.163926
 19        193        198        471      0.1639        416         416      0.0000      1.8891
ALPHA 1.1283 MaxIteration 1926  TIMEOUT 0.191305
 20        193        198        472      0.1913        416         416      0.0100      2.2691
ALPHA 1.1034 MaxIteration 2173  TIMEOUT 0.207122
 21        194        198        472      0.2071        416         416      0.0100      2.6691
ALPHA 1.0795 MaxIteration 2397  TIMEOUT 0.506180
 22        192        198        462      0.5062        416         416      0.0000      3.6691
ALPHA 1.0567 MaxIteration 2587  TIMEOUT 0.258894
 23        191        198        451      0.2589        416         416      0.0200      4.1691
ALPHA 1.0349 MaxIteration 2733  TIMEOUT 0.443481
 24        195        198        451      0.4435        416         416      0.0000      5.0391
ALPHA 1.0349 MaxIteration 2828  TIMEOUT 0.410981
 25        197        198        469      0.4110        416         416      0.0000      5.8591
ALPHA 1.0349 MaxIteration 2926  TIMEOUT 0.266326
 26        193        198        458      0.2663        416         416      0.0000      6.3880
ALPHA 1.0349 MaxIteration 3027  TIMEOUT 0.278388
 27        196        198        467      0.2784        416         416      0.0100      6.9291
ALPHA 1.0349 MaxIteration 3132  TIMEOUT 0.349585
 28        196        198        465      0.3496        416         416      0.0100      7.6191
ALPHA 1.0349 MaxIteration 3241  TIMEOUT 0.374950
 29        195        198        457      0.3749        416         416      0.0000      8.3491
ALPHA 1.0349 MaxIteration 3353  TIMEOUT 0.515079
 30        195        198        467      0.5151        416         416      0.0000      9.3691
ALPHA 1.0349 MaxIteration 3469  TIMEOUT 0.889964
 31        202        202        467      0.8900        416         416      0.0000     11.1291
ALPHA 1.0349 MaxIteration 3589  TIMEOUT 0.320149
 32        190        202        467      0.3201        416         416      0.0000     11.7764
ALPHA 1.0349 MaxIteration 3714  TIMEOUT 0.359940
 33        191        202        453      0.3599        416         416      0.0200     12.4791
ALPHA 1.0349 MaxIteration 3843  TIMEOUT 0.348432
 34        189        202        464      0.3484        416         416      0.0400     13.1591
ALPHA 1.0349 MaxIteration 3976  TIMEOUT 0.361367
 35        190        202        454      0.3614        416         416      0.0000     13.8791
ALPHA 1.0349 MaxIteration 4114  TIMEOUT 0.378550
 36        191        202        453      0.3786        416         416      0.0300     14.6191
ALPHA 1.0349 MaxIteration 4257  TIMEOUT 0.709758
 37        195        202        467      0.7098        416         416      0.0100     15.9991
ALPHA 1.0349 MaxIteration 4405  TIMEOUT 0.464798
 38        192        202        467      0.4648        416         416      0.0000     16.9191
ALPHA 1.0349 MaxIteration 4558  TIMEOUT 0.445049
 39        191        202        444      0.4450        416         416      0.0000     17.7891
ALPHA 1.0349 MaxIteration 4716  TIMEOUT 0.476178
 40        191        202        461      0.4762        416         416      0.0100     18.7291
ALPHA 1.0349 MaxIteration 4880  TIMEOUT 0.452113
 41        191        202        462      0.4521        416         416      0.0000     19.6391
ALPHA 1.0349 MaxIteration 5050  TIMEOUT 0.360971
 42        190        202        451      0.3610>>> T1_200_2000_8.wclq |V| 200 |E| 2000  (#LB 0.0202 198 ---> 202  1.0594  416 <--- 461  0.0976 #UB)  #solve_ime 20.0001 read_time 0.0009 
