>>IBM: |V|=200 |E|=250
>>IBM: The maximum node weight is 49
/public/home/acs4vb4pqv/benchmarks/MWDS2026/T1_wclq/T1_200_250_7.wclq #seed 2 #alpha 1.900 #timeout 0.100 K=5 RHO=0.05 Q0=0.90 BETA=3.5 AQ_MODE=dbs SAFE_AQ_MIN_GAP=0.050 SAFE_AQ_MIN_NODES=800
[v19] |V|=200 |E|=250 density=1.25 USE_ADVANCED=0
#Rd        #LB        #LB*       #UB       #Time        #UB+        #UB*      #Time      #TotalTime
First Gap  0.097109
ALPHA 1.9000 MaxIteration 500  TIMEOUT 0.036012
  1       1833       1833       2011      0.0360       1937        1937      0.0200      0.0700
ALPHA 1.9000 MaxIteration 3  TIMEOUT 0.000569
  2       1797       1833       2156      0.0006       1940        1937      0.0000      0.0800
ALPHA 1.8304 MaxIteration 5  TIMEOUT 0.000619
  3       1747       1833       2127      0.0006       1937        1937      0.0000      0.0900
ALPHA 1.7658 MaxIteration 9  TIMEOUT 0.001414
  4       1769       1833       2150      0.0014       1943        1937      0.0000      0.0924
ALPHA 1.7056 MaxIteration 15  TIMEOUT 0.000923
  5       1708       1833       2114      0.0009       1941        1937      0.0000      0.1000
ALPHA 1.6493 MaxIteration 25  TIMEOUT 0.001545
  6       1716       1833       2137      0.0015       1937        1937      0.0000      0.1100
ALPHA 1.5966 MaxIteration 41  TIMEOUT 0.002566
  7       1716       1833       2154      0.0026       1944        1937      0.0000      0.1200
ALPHA 1.5472 MaxIteration 65  TIMEOUT 0.008000
  8       1745       1833       2131      0.0080       1951        1937      0.0000      0.1300
ALPHA 1.5008 MaxIteration 100  TIMEOUT 0.005050
  9       1734       1833       2123      0.0050       1951        1937      0.0000      0.1400
ALPHA 1.4571 MaxIteration 150  TIMEOUT 0.007330
 10       1734       1833       2123      0.0073       1959        1937      0.0000      0.1500
ALPHA 1.4158 MaxIteration 218  TIMEOUT 0.010353
 11       1736       1833       2118      0.0104       1947        1937      0.0000      0.1800
ALPHA 1.3768 MaxIteration 308  TIMEOUT 0.014180
 12       1734       1833       2118      0.0142       1937        1937      0.0100      0.2100
ALPHA 1.3399 MaxIteration 424  TIMEOUT 0.019819
 13       1734       1833       2118      0.0198       1947        1937      0.0100      0.2400
ALPHA 1.3049 MaxIteration 568  TIMEOUT 0.024188
 14       1734       1833       2113      0.0242       1937        1937      0.0000      0.2900
ALPHA 1.2718 MaxIteration 741  TIMEOUT 0.032131
 15       1734       1833       2108      0.0321       1937        1937      0.0100      0.3500
ALPHA 1.2402 MaxIteration 942  TIMEOUT 0.042375
 16       1736       1833       2108      0.0424       1937        1937      0.0000      0.4400
ALPHA 1.2102 MaxIteration 1168  TIMEOUT 0.049707
 17       1736       1833       2108      0.0497       1937        1937      0.0200      0.5300
ALPHA 1.1816 MaxIteration 1413  TIMEOUT 0.059089
 18       1736       1833       2108      0.0591       1937        1937      0.0100      0.6300
ALPHA 1.1543 MaxIteration 1669  TIMEOUT 0.073611
 19       1736       1833       2108      0.0736       1937        1937      0.0400      0.7800
ALPHA 1.1283 MaxIteration 1926  TIMEOUT 0.093501
 20       1736       1833       2107      0.0935       1937        1937      0.0200      0.9600
ALPHA 1.1034 MaxIteration 2173  TIMEOUT 0.113541
 21       1736       1833       2108      0.1135       1937        1937      0.0000      1.1800
ALPHA 1.0795 MaxIteration 2397  TIMEOUT 0.134166
 22       1736       1833       2107      0.1342       1937        1937      0.0200      1.4300
ALPHA 1.0567 MaxIteration 2587  TIMEOUT 0.147851
 23       1736       1833       2107      0.1479       1937        1937      0.0100      1.7100
ALPHA 1.0349 MaxIteration 2733  TIMEOUT 0.160826
 24       1736       1833       2107      0.1608       1937        1937      0.0200      2.0200
ALPHA 1.0349 MaxIteration 2828  TIMEOUT 0.170187
 25       1736       1833       2107      0.1702       1937        1937      0.0000      2.3582
ALPHA 1.0349 MaxIteration 2926  TIMEOUT 0.173665
 26       1736       1833       2107      0.1737       1937        1937      0.0100      2.6900
ALPHA 1.0349 MaxIteration 3027  TIMEOUT 0.132534
 27       1736       1833       2107      0.1325       1937        1937      0.0100      2.9500
ALPHA 1.0349 MaxIteration 3132  TIMEOUT 0.128341
 28       1731       1833       2107      0.1283       1937        1937      0.0100      3.1900
ALPHA 1.0349 MaxIteration 3241  TIMEOUT 0.143959
 29       1736       1833       2108      0.1440       1937        1937      0.0000      3.4700
ALPHA 1.0349 MaxIteration 3353  TIMEOUT 0.136766
 30       1731       1833       2107      0.1368       1937        1937      0.0100      3.7300
ALPHA 1.0349 MaxIteration 3469  TIMEOUT 0.143042
 31       1731       1833       2107      0.1430       1937        1937      0.0200      4.0029
ALPHA 1.0349 MaxIteration 3589  TIMEOUT 0.146542
 32       1731       1833       2107      0.1465       1937        1937      0.0200      4.2800
ALPHA 1.0349 MaxIteration 3714  TIMEOUT 0.153363
 33       1731       1833       2107      0.1534       1937        1937      0.0200      4.5778
ALPHA 1.0349 MaxIteration 3843  TIMEOUT 0.156035
 34       1731       1833       2107      0.1560       1937        1937      0.0200      4.8800
ALPHA 1.0349 MaxIteration 3976  TIMEOUT 0.165566
 35       1731       1833       2107      0.1656       1937        1937      0.0100      5.2000
ALPHA 1.0349 MaxIteration 4114  TIMEOUT 0.169458
 36       1731       1833       2107      0.1695       1937        1937      0.0200      5.5200
ALPHA 1.0349 MaxIteration 4257  TIMEOUT 0.169660
 37       1731       1833       2107      0.1697       1937        1937      0.0100      5.8400
ALPHA 1.0349 MaxIteration 4405  TIMEOUT 0.176783
 38       1731       1833       2107      0.1768       1937        1937      0.0100      6.1700
ALPHA 1.0349 MaxIteration 4558  TIMEOUT 0.193270
 39       1731       1833       2107      0.1933       1937        1937      0.0100      6.5500
ALPHA 1.0349 MaxIteration 4716  TIMEOUT 0.199644
 40       1731       1833       2107      0.1996       1937        1937      0.0100      6.9200
ALPHA 1.0349 MaxIteration 4880  TIMEOUT 0.202963
 41       1731       1833       2107      0.2030       1937        1937      0.0000      7.3200
ALPHA 1.0349 MaxIteration 5050  TIMEOUT 0.213193
 42       1731       1833       2107      0.2132       1937        1937      0.0200      7.7300
ALPHA 1.0349 MaxIteration 5226  TIMEOUT 0.220263
 43       1731       1833       2107      0.2203       1937        1937      0.0100      8.1600
ALPHA 1.0349 MaxIteration 5408  TIMEOUT 0.240140
 44       1731       1833       2107      0.2401       1937        1937      0.0000      8.6300
ALPHA 1.0349 MaxIteration 5596  TIMEOUT 0.243474
 45       1731       1833       2107      0.2435       1937        1937      0.0100      9.0900
ALPHA 1.0349 MaxIteration 5791  TIMEOUT 0.255042
 46       1731       1833       2107      0.2550       1937        1937      0.0200      9.5900
ALPHA 1.0349 MaxIteration 5992  TIMEOUT 0.271989
 47       1731       1833       2107      0.2720       1937        1937      0.0100     10.1200
ALPHA 1.0349 MaxIteration 6200  TIMEOUT 0.285693
 48       1731       1833       2108      0.2857       1937        1937      0.0200     10.6700
ALPHA 1.0349 MaxIteration 6416  TIMEOUT 0.301383
 49       1731       1833       2108      0.3014       1937        1937      0.0000     11.2500
ALPHA 1.0349 MaxIteration 6639  TIMEOUT 0.315866
 50       1731       1833       2107      0.3159       1937        1937      0.0300     11.8500
ALPHA 1.0349 MaxIteration 6870  TIMEOUT 0.339912
 51       1731       1833       2108      0.3399       1937        1937      0.0100     12.4900
ALPHA 1.0349 MaxIteration 7109  TIMEOUT 0.358156
 52       1731       1833       2108      0.3582       1937        1937      0.0100     13.1700
ALPHA 1.0349 MaxIteration 7356  TIMEOUT 0.374438
 53       1731       1833       2107      0.3744       1937        1937      0.0200     13.8912
ALPHA 1.0349 MaxIteration 7612  TIMEOUT 0.395566
 54       1731       1833       2107      0.3956       1937        1937      0.0200     14.6500
ALPHA 1.0349 MaxIteration 7877  TIMEOUT 0.419166
 55       1731       1833       2107      0.4192       1937        1937      0.0200     15.4300
ALPHA 1.0349 MaxIteration 8151  TIMEOUT 0.445203
 56       1731       1833       2107      0.4452       1937        1937      0.0100     16.2800
ALPHA 1.0349 MaxIteration 8435  TIMEOUT 0.467225
 57       1731       1833       2107      0.4672       1937        1937      0.0100     17.1628
ALPHA 1.0349 MaxIteration 8729  TIMEOUT 0.485818
 58       1731       1833       2107      0.4858       1937        1937      0.0100     18.0900
ALPHA 1.0349 MaxIteration 9033  TIMEOUT 0.510434
 59       1731       1833       2107      0.5104       1937        1937      0.0100     19.0800
ALPHA 1.0349 MaxIteration 9347  TIMEOUT 0.535573
 60       1731       1833       2107      0.5356       1937        1937      0.0100     19.9700
ALPHA 1.0349 MaxIteration 9672  TIMEOUT 0.030005
 61       1680       1833       2107      0.0300>>> T1_200_250_7.wclq |V| 200 |E| 250  (#LB 0.0000 1833 ---> 1833  0.0567  1937 <--- 2011  0.0368 #UB)  #solve_ime 20.0000 read_time 0.0000 
