>>IBM: |V|=150 |E|=2000
>>IBM: The maximum node weight is 1235
/public/home/acs4vb4pqv/benchmarks/MWDS2026/T2_wclq/T2_150_2000_1.wclq #seed 102 #alpha 1.900 #timeout 0.100 K=5 RHO=0.05 Q0=0.90 BETA=3.5 AQ_MODE=guarded SAFE_AQ_MIN_GAP=0.050 SAFE_AQ_MIN_NODES=800
[v19] |V|=150 |E|=2000 density=13.33 USE_ADVANCED=0
#Rd        #LB        #LB*       #UB       #Time        #UB+        #UB*      #Time      #TotalTime
First Gap  0.188867
ALPHA 1.9000 MaxIteration 500  TIMEOUT 0.040294
  1        503        503        598      0.0403
 [Online-safe AQ eligibility guard] gap=0.1889 density=13.33 |V|=150 => No RL
        598         598      0.0000      0.0883
ALPHA 1.9000 MaxIteration 3  TIMEOUT 0.000353
  2        488        503        704      0.0004        598         598      0.0000      0.0983
ALPHA 1.8304 MaxIteration 5  TIMEOUT 0.000809
  3        477        503        621      0.0008        598         598      0.0000      0.1083
ALPHA 1.7658 MaxIteration 9  TIMEOUT 0.001355
  4        467        503        601      0.0014        598         598      0.0000      0.1183
ALPHA 1.7056 MaxIteration 15  TIMEOUT 0.001196
  5        454        503        598      0.0012        598         598      0.0000      0.1283
ALPHA 1.6493 MaxIteration 25  TIMEOUT 0.003278
  6        473        503        598      0.0033        598         598      0.0000      0.1383
ALPHA 1.5966 MaxIteration 41  TIMEOUT 0.010100
  7        470        503        598      0.0101        598         598      0.0000      0.1683
ALPHA 1.5472 MaxIteration 65  TIMEOUT 0.006253
  8        469        503        598      0.0063        598         598      0.0000      0.1783
ALPHA 1.5008 MaxIteration 100  TIMEOUT 0.009317
  9        469        503        598      0.0093        598         598      0.0000      0.1883
ALPHA 1.4571 MaxIteration 150  TIMEOUT 0.021952
 10        482        503        598      0.0220        598         598      0.0000      0.2383
ALPHA 1.4158 MaxIteration 218  TIMEOUT 0.018148
 11        481        503        598      0.0181        598         598      0.0000      0.2683
ALPHA 1.3768 MaxIteration 308  TIMEOUT 0.041455
 12        476        503        598      0.0415        598         598      0.0000      0.3583
ALPHA 1.3399 MaxIteration 424  TIMEOUT 0.046210
 13        476        503        598      0.0462        598         598      0.0000      0.4483
ALPHA 1.3049 MaxIteration 568  TIMEOUT 0.075520
 14        476        503        598      0.0755        598         598      0.0000      0.5983
ALPHA 1.2718 MaxIteration 741  TIMEOUT 0.098334
 15        476        503        598      0.0983        598         598      0.0000      0.7883
ALPHA 1.2402 MaxIteration 942  TIMEOUT 0.121239
 16        476        503        598      0.1212        598         598      0.0000      1.0383
ALPHA 1.2102 MaxIteration 1168  TIMEOUT 0.149538
 17        482        503        598      0.1495        598         598      0.0000      1.3183
ALPHA 1.1816 MaxIteration 1413  TIMEOUT 0.180991
 18        482        503        598      0.1810        598         598      0.0000      1.6883
ALPHA 1.1543 MaxIteration 1669  TIMEOUT 0.212287
 19        482        503        598      0.2123        598         598      0.0000      2.1183
ALPHA 1.1283 MaxIteration 1926  TIMEOUT 0.240521
 20        482        503        598      0.2405        598         598      0.0000      2.5983
ALPHA 1.1034 MaxIteration 2173  TIMEOUT 0.266322
 21        482        503        598      0.2663        598         598      0.0000      3.1283
ALPHA 1.0795 MaxIteration 2397  TIMEOUT 0.407107
 22        496        503        598      0.4071        598         598      0.0000      3.9383
ALPHA 1.0567 MaxIteration 2587  TIMEOUT 0.354796
 23        487        503        598      0.3548        598         598      0.0000      4.6383
ALPHA 1.0349 MaxIteration 2733  TIMEOUT 0.348744
 24        486        503        598      0.3487        598         598      0.0000      5.3283
ALPHA 1.0349 MaxIteration 2828  TIMEOUT 0.398195
 25        482        503        598      0.3982        598         598      0.0000      6.1183
ALPHA 1.0349 MaxIteration 2926  TIMEOUT 0.360645
 26        476        503        598      0.3606        598         598      0.0000      6.8383
ALPHA 1.0349 MaxIteration 3027  TIMEOUT 0.216747
 27        464        503        598      0.2167        598         598      0.0000      7.2683
ALPHA 1.0349 MaxIteration 3132  TIMEOUT 0.370231
 28        482        503        598      0.3702        598         598      0.0000      8.0183
ALPHA 1.0349 MaxIteration 3241  TIMEOUT 0.398439
 29        479        503        598      0.3984        598         598      0.0000      8.7983
ALPHA 1.0349 MaxIteration 3353  TIMEOUT 0.416110
 30        482        503        598      0.4161        598         598      0.0000      9.6283
ALPHA 1.0349 MaxIteration 3469  TIMEOUT 0.440432
 31        476        503        598      0.4404        598         598      0.0000     10.5183
ALPHA 1.0349 MaxIteration 3589  TIMEOUT 0.492094
 32        486        503        598      0.4921        598         598      0.0000     11.4983
ALPHA 1.0349 MaxIteration 3714  TIMEOUT 0.424587
 33        484        503        598      0.4246        598         598      0.0000     12.3483
ALPHA 1.0349 MaxIteration 3843  TIMEOUT 0.477584
 34        476        503        598      0.4776        598         598      0.0000     13.2883
ALPHA 1.0349 MaxIteration 3976  TIMEOUT 0.478651
 35        476        503        598      0.4787        598         598      0.0000     14.2383
ALPHA 1.0349 MaxIteration 4114  TIMEOUT 0.672523
 36        482        503        598      0.6725        598         598      0.0000     15.5783
ALPHA 1.0349 MaxIteration 4257  TIMEOUT 0.518110
 37        482        503        598      0.5181        598         598      0.0000     16.5883
ALPHA 1.0349 MaxIteration 4405  TIMEOUT 0.539709
 38        482        503        598      0.5397        598         598      0.0000     17.6483
ALPHA 1.0349 MaxIteration 4558  TIMEOUT 0.587207
 39        482        503        598      0.5872        598         598      0.0000     18.8083
ALPHA 1.0349 MaxIteration 4716  TIMEOUT 0.638796
 40        478        503        598      0.6388        598         598      0.0000     19.9919
ALPHA 1.0349 MaxIteration 4880  TIMEOUT 0.008137
 41        456        503        598      0.0081>>> T2_150_2000_1.wclq |V| 150 |E| 2000  (#LB 0.0000 503 ---> 503  0.1889  598 <--- 598  0.0000 #UB)  #solve_ime 20.0000 read_time 0.0017 
