With  Parameters CUTOFF 20 SEED 102  ALPHA = 1.900  K=5 RHO=0.05 Q0=0.90 BETA=3.0 AQ_MODE=dbs
Reading  graph ...  time 0.246985  
Reducing graph ...  time 0.025503  
[v6] |V|=82168 |E|=504230 density=6.14 USE_ADVANCED=1 SAFE_AQ_MIN_GAP=0.050 DEEP_AQ_RANGE=[800, 5.00, 10.00] structure_blocks_aq=0
#Rd        #LB        #LB*       #UB       #Time        #UB+        #UB*      #Time      #TotalTime
First Gap  0.000488
  1    1142491    1142491    1143048      2.6031
 Switch to DBS-only search, timeout 2.603107....
 [Online-safe AQ first-gap guard] FIRST_GAP 0.0005 < 0.0500, disabling AQ
    1143074     1143074      1.7230        5.2357
ALPHA 1.9000 MaxIteration 3  TIMEOUT 2.603107
  2    1142491    1142491    1143149      0.0104    1144326     1143074      0.0049        5.2614
ALPHA 1.8304 MaxIteration 5  TIMEOUT 0.019741
  3    1142491    1142491    1143149      0.0167    1144263     1143074      0.0045        5.2976
ALPHA 1.7658 MaxIteration 9  TIMEOUT 0.030629
  4    1142491    1142491    1143149      0.0269    1144326     1143074      0.0046        5.3541
ALPHA 1.7056 MaxIteration 15  TIMEOUT 0.047474
  5    1142491    1142491    1143168      0.0420    1144326     1143074      0.0046        5.4407
ALPHA 1.6493 MaxIteration 25  TIMEOUT 0.071571
  6    1142491    1142491    1143149      0.0673    1144326     1143074      0.0046        5.5781
ALPHA 1.5966 MaxIteration 41  TIMEOUT 0.111059
  7    1142491    1142491    1143172      0.1066    1143916     1143074      0.0995        5.7953
ALPHA 1.5472 MaxIteration 65  TIMEOUT 0.170189
  8    1142491    1142491    1143172      0.1673    1143746     1143074      0.1518        6.1338
ALPHA 1.5008 MaxIteration 100  TIMEOUT 0.258822
  9    1142491    1142491    1143172      0.2558    1143461     1143074      0.2384        6.6483
ALPHA 1.4571 MaxIteration 150  TIMEOUT 0.383919
 10    1142491    1142491    1143172      0.3834    1143541     1143074      0.3505        7.4192
ALPHA 1.4158 MaxIteration 218  TIMEOUT 0.558562
 11    1142491    1142491    1143172      0.5549    1143158     1143074      0.5501        8.5330
ALPHA 1.3768 MaxIteration 308  TIMEOUT 0.785653
 12    1142491    1142491    1143172      0.7673    1143177     1143074      0.7615       10.0721
ALPHA 1.3399 MaxIteration 424  TIMEOUT 1.056473
 13    1142491    1142491    1143172      1.0570    1143121     1143074      1.0443       12.1921
ALPHA 1.3049 MaxIteration 568  TIMEOUT 1.416354
 14    1142491    1142491    1143172      1.3853    1143031     1143031      4.5784       19.9960
>>> Slashdot0902.clq |V| 82168 |E| 504230  (#LB 0.0000 1142491 ---> 1142491  0.0005  1143031 <--- 1143048  0.0000 #UB)  #read_time 0.2470  #reduce_time 0.0255  #solve_time 19.9960  #total_time 20.2685
 