>>IBM: |V|=200 |E|=17910
>>IBM: The maximum node weight is 200
/public/home/acs4vb4pqv/benchmarks/MWDS2026/dimacs/gen200_p0.9_55.clq #seed 2 #alpha 1.900 #timeout 0.100 K=5 RHO=0.05 Q0=0.90 BETA=3.5 AQ_MODE=dbs SAFE_AQ_MIN_GAP=0.050 SAFE_AQ_MIN_NODES=800
[v19] |V|=200 |E|=17910 density=89.55 USE_ADVANCED=0
#Rd        #LB        #LB*       #UB       #Time        #UB+        #UB*      #Time      #TotalTime
First Gap  0.200000
ALPHA 1.9000 MaxIteration 500  TIMEOUT 0.078525
  1          5          5          6      0.0785          6           6      0.0000      0.1555
ALPHA 1.9000 MaxIteration 3  TIMEOUT 0.000566
  2          4          5          6      0.0006          6           6      0.0000      0.1654
ALPHA 1.8304 MaxIteration 5  TIMEOUT 0.000773
  3          4          5          6      0.0008          6           6      0.0000      0.1756
ALPHA 1.7658 MaxIteration 9  TIMEOUT 0.001221
  4          4          5          6      0.0012          6           6      0.0000      0.1855
ALPHA 1.7056 MaxIteration 15  TIMEOUT 0.002097
  5          4          5          6      0.0021          6           6      0.0000      0.1957
ALPHA 1.6493 MaxIteration 25  TIMEOUT 0.003445
  6          4          5          6      0.0034          6           6      0.0000      0.2053
ALPHA 1.5966 MaxIteration 41  TIMEOUT 0.005944
  7          4          5          6      0.0059          6           6      0.0000      0.2153
ALPHA 1.5472 MaxIteration 65  TIMEOUT 0.010534
  8          4          5          6      0.0105          6           6      0.0000      0.2453
ALPHA 1.5008 MaxIteration 100  TIMEOUT 0.018453
  9          4          5          6      0.0185          6           6      0.0000      0.2754
ALPHA 1.4571 MaxIteration 150  TIMEOUT 0.016749
 10          3          5          6      0.0167          6           6      0.0000      0.3053
ALPHA 1.4158 MaxIteration 218  TIMEOUT 0.024098
 11          3          5          6      0.0241          6           6      0.0000      0.3554
ALPHA 1.3768 MaxIteration 308  TIMEOUT 0.033214
 12          3          5          6      0.0332          6           6      0.0000      0.4254
ALPHA 1.3399 MaxIteration 424  TIMEOUT 0.046908
 13          3          5          6      0.0469          6           6      0.0000      0.5157
ALPHA 1.3049 MaxIteration 568  TIMEOUT 0.062801
 14          3          5          6      0.0628          6           6      0.0000      0.6457
ALPHA 1.2718 MaxIteration 741  TIMEOUT 0.082211
 15          3          5          6      0.0822          6           6      0.0000      0.8153
ALPHA 1.2402 MaxIteration 942  TIMEOUT 0.103773
 16          3          5          6      0.1038          6           6      0.0000      1.0255
ALPHA 1.2102 MaxIteration 1168  TIMEOUT 0.128570
 17          3          5          6      0.1286          6           6      0.0000      1.2755
ALPHA 1.1816 MaxIteration 1413  TIMEOUT 0.153662
 18          3          5          6      0.1537          6           6      0.0000      1.5853
ALPHA 1.1543 MaxIteration 1669  TIMEOUT 0.184809
 19          3          5          6      0.1848          6           6      0.0000      1.9555
ALPHA 1.1283 MaxIteration 1926  TIMEOUT 0.215269
 20          3          5          6      0.2153          6           6      0.0000      2.3853
ALPHA 1.1034 MaxIteration 2173  TIMEOUT 0.240951
 21          3          5          6      0.2410          6           6      0.0000      2.8757
ALPHA 1.0795 MaxIteration 2397  TIMEOUT 0.266712
 22          3          5          6      0.2667          6           6      0.0000      3.4053
ALPHA 1.0567 MaxIteration 2587  TIMEOUT 0.285181
 23          3          5          6      0.2852          6           6      0.0000      3.9753
ALPHA 1.0349 MaxIteration 2733  TIMEOUT 0.301690
 24          3          5          6      0.3017          6           6      0.0000      4.5853
ALPHA 1.0349 MaxIteration 2828  TIMEOUT 0.311596
 25          3          5          6      0.3116          6           6      0.0000      5.2154
ALPHA 1.0349 MaxIteration 2926  TIMEOUT 0.322754
 26          3          5          6      0.3228          6           6      0.0000      5.8654
ALPHA 1.0349 MaxIteration 3027  TIMEOUT 0.329456
 27          3          5          6      0.3295          6           6      0.0000      6.5153
ALPHA 1.0349 MaxIteration 3132  TIMEOUT 0.343003
 28          3          5          6      0.3430          6           6      0.0000      7.2054
ALPHA 1.0349 MaxIteration 3241  TIMEOUT 0.361068
 29          3          5          6      0.3611          6           6      0.0000      7.9356
ALPHA 1.0349 MaxIteration 3353  TIMEOUT 0.375029
 30          3          5          6      0.3750          6           6      0.0000      8.6855
ALPHA 1.0349 MaxIteration 3469  TIMEOUT 0.387913
 31          3          5          6      0.3879          6           6      0.0000      9.4554
ALPHA 1.0349 MaxIteration 3589  TIMEOUT 0.401296
 32          3          5          6      0.4013          6           6      0.0000     10.2553
ALPHA 1.0349 MaxIteration 3714  TIMEOUT 0.416477
 33          3          5          6      0.4165          6           6      0.0000     11.0854
ALPHA 1.0349 MaxIteration 3843  TIMEOUT 0.429325
 34          3          5          6      0.4293          6           6      0.0000     11.9353
ALPHA 1.0349 MaxIteration 3976  TIMEOUT 0.444122
 35          3          5          6      0.4441          6           6      0.0000     12.8253
ALPHA 1.0349 MaxIteration 4114  TIMEOUT 0.461316
 36          3          5          6      0.4613          6           6      0.0000     13.7552
ALPHA 1.0349 MaxIteration 4257  TIMEOUT 0.476902
 37          3          5          6      0.4769          6           6      0.0000     14.6956
ALPHA 1.0349 MaxIteration 4405  TIMEOUT 0.487816
 38          3          5          6      0.4878          6           6      0.0000     15.6656
ALPHA 1.0349 MaxIteration 4558  TIMEOUT 0.506124
 39          3          5          6      0.5061          6           6      0.0000     16.6756
ALPHA 1.0349 MaxIteration 4716  TIMEOUT 0.518226
 40          3          5          6      0.5182          6           6      0.0000     17.7052
ALPHA 1.0349 MaxIteration 4880  TIMEOUT 0.537241
 41          3          5          6      0.5372          6           6      0.0000     18.7755
ALPHA 1.0349 MaxIteration 5050  TIMEOUT 0.554027
 42          3          5          6      0.5540          6           6      0.0000     19.8855
ALPHA 1.0349 MaxIteration 5226  TIMEOUT 0.114483
 43          3          5          6      0.1145>>> gen200_p0.9_55.clq |V| 200 |E| 17910  (#LB 0.0000 5 ---> 5  0.2000  6 <--- 6  0.0000 #UB)  #solve_ime 20.0000 read_time 0.0048 
