>>IBM: |V|=50 |E|=1000
>>IBM: The maximum node weight is 49
/public/home/acs4vb4pqv/benchmarks/MWDS2026/T1_wclq/T1_50_1000_0.wclq #seed 3 #alpha 1.900 #timeout 0.100 K=5 RHO=0.05 Q0=0.90 BETA=3.5 AQ_MODE=guarded SAFE_AQ_MIN_GAP=0.050 SAFE_AQ_MIN_NODES=800
[v19] |V|=50 |E|=1000 density=20.00 USE_ADVANCED=0
#Rd        #LB        #LB*       #UB       #Time        #UB+        #UB*      #Time      #TotalTime
First Gap  0.428571
ALPHA 1.9000 MaxIteration 500  TIMEOUT 0.004413
  1         28         28         40      0.0044
 [Online-safe AQ eligibility guard] gap=0.4286 density=20.00 |V|=50 => No RL
         40          40      0.0000      0.0080
ALPHA 1.9000 MaxIteration 3  TIMEOUT 0.000054
  2         25         28         40      0.0001         40          40      0.0000      0.0180
ALPHA 1.8304 MaxIteration 5  TIMEOUT 0.000078
  3         25         28         62      0.0001         40          40      0.0000      0.0280
ALPHA 1.7658 MaxIteration 9  TIMEOUT 0.000098
  4         25         28         62      0.0001         40          40      0.0000      0.0380
ALPHA 1.7056 MaxIteration 15  TIMEOUT 0.000143
  5         25         28         62      0.0001         40          40      0.0000      0.0480
ALPHA 1.6493 MaxIteration 25  TIMEOUT 0.000244
  6         25         28         62      0.0002         40          40      0.0000      0.0580
ALPHA 1.5966 MaxIteration 41  TIMEOUT 0.000348
  7         25         28         62      0.0003         40          40      0.0000      0.0680
ALPHA 1.5472 MaxIteration 65  TIMEOUT 0.000552
  8         25         28         62      0.0006         40          40      0.0000      0.0781
ALPHA 1.5008 MaxIteration 100  TIMEOUT 0.000843
  9         25         28         62      0.0008         40          40      0.0000      0.0880
ALPHA 1.4571 MaxIteration 150  TIMEOUT 0.000706
 10         25         28         62      0.0007         40          40      0.0000      0.0980
ALPHA 1.4158 MaxIteration 218  TIMEOUT 0.001796
 11         25         28         62      0.0018         40          40      0.0000      0.1080
ALPHA 1.3768 MaxIteration 308  TIMEOUT 0.002426
 12         25         28         62      0.0024         40          40      0.0000      0.1180
ALPHA 1.3399 MaxIteration 424  TIMEOUT 0.003432
 13         25         28         62      0.0034         40          40      0.0000      0.1280
ALPHA 1.3049 MaxIteration 568  TIMEOUT 0.004688
 14         25         28         62      0.0047         40          40      0.0000      0.1380
ALPHA 1.2718 MaxIteration 741  TIMEOUT 0.005928
 15         25         28         62      0.0059         40          40      0.0000      0.1480
ALPHA 1.2402 MaxIteration 942  TIMEOUT 0.006522
 16         25         28         62      0.0065         40          40      0.0000      0.1580
ALPHA 1.2102 MaxIteration 1168  TIMEOUT 0.009551
 17         25         28         62      0.0096         40          40      0.0000      0.1680
ALPHA 1.1816 MaxIteration 1413  TIMEOUT 0.011345
 18         25         28         62      0.0113         40          40      0.0000      0.1980
ALPHA 1.1543 MaxIteration 1669  TIMEOUT 0.012416
 19         25         28         62      0.0124         40          40      0.0000      0.2280
ALPHA 1.1283 MaxIteration 1926  TIMEOUT 0.013488
 20         25         28         62      0.0135         40          40      0.0000      0.2580
ALPHA 1.1034 MaxIteration 2173  TIMEOUT 0.017522
 21         25         28         62      0.0175         40          40      0.0000      0.2880
ALPHA 1.0795 MaxIteration 2397  TIMEOUT 0.018342
 22         25         28         62      0.0183         40          40      0.0000      0.3180
ALPHA 1.0567 MaxIteration 2587  TIMEOUT 0.019084
 23         25         28         62      0.0191         40          40      0.0000      0.3480
ALPHA 1.0349 MaxIteration 2733  TIMEOUT 0.020791
 24         25         28         62      0.0208         40          40      0.0000      0.3980
ALPHA 1.0349 MaxIteration 2828  TIMEOUT 0.023014
 25         25         28         62      0.0230         40          40      0.0000      0.4480
ALPHA 1.0349 MaxIteration 2926  TIMEOUT 0.023714
 26         25         28         62      0.0237         40          40      0.0000      0.4980
ALPHA 1.0349 MaxIteration 3027  TIMEOUT 0.024854
 27         25         28         62      0.0249         40          40      0.0000      0.5480
ALPHA 1.0349 MaxIteration 3132  TIMEOUT 0.025684
 28         25         28         62      0.0257         40          40      0.0000      0.5980
ALPHA 1.0349 MaxIteration 3241  TIMEOUT 0.026478
 29         25         28         62      0.0265         40          40      0.0000      0.6480
ALPHA 1.0349 MaxIteration 3353  TIMEOUT 0.026229
 30         25         28         62      0.0262         40          40      0.0000      0.6980
ALPHA 1.0349 MaxIteration 3469  TIMEOUT 0.028028
 31         25         28         62      0.0280         40          40      0.0000      0.7480
ALPHA 1.0349 MaxIteration 3589  TIMEOUT 0.028169
 32         25         28         62      0.0282         40          40      0.0000      0.7980
ALPHA 1.0349 MaxIteration 3714  TIMEOUT 0.029262
 33         25         28         62      0.0293         40          40      0.0000      0.8480
ALPHA 1.0349 MaxIteration 3843  TIMEOUT 0.031120
 34         25         28         62      0.0311         40          40      0.0000      0.9180
ALPHA 1.0349 MaxIteration 3976  TIMEOUT 0.031859
 35         25         28         62      0.0319         40          40      0.0000      0.9880
ALPHA 1.0349 MaxIteration 4114  TIMEOUT 0.031125
 36         25         28         62      0.0311         40          40      0.0000      1.0580
ALPHA 1.0349 MaxIteration 4257  TIMEOUT 0.033809
 37         25         28         62      0.0338         40          40      0.0000      1.1280
ALPHA 1.0349 MaxIteration 4405  TIMEOUT 0.035213
 38         25         28         62      0.0352         40          40      0.0000      1.1980
ALPHA 1.0349 MaxIteration 4558  TIMEOUT 0.035084
 39         25         28         62      0.0351         40          40      0.0000      1.2680
ALPHA 1.0349 MaxIteration 4716  TIMEOUT 0.039213
 40         25         28         62      0.0392         40          40      0.0000      1.3380
ALPHA 1.0349 MaxIteration 4880  TIMEOUT 0.038076
 41         25         28         62      0.0381         40          40      0.0000      1.4080
ALPHA 1.0349 MaxIteration 5050  TIMEOUT 0.040094
 42         25         28         62      0.0401         40          40      0.0000      1.4980
ALPHA 1.0349 MaxIteration 5226  TIMEOUT 0.042809
 43         25         28         62      0.0428         40          40      0.0000      1.5880
ALPHA 1.0349 MaxIteration 5408  TIMEOUT 0.042298
 44         25         28         62      0.0423         40          40      0.0000      1.6780
ALPHA 1.0349 MaxIteration 5596  TIMEOUT 0.043579
 45         25         28         62      0.0436         40          40      0.0000      1.7680
ALPHA 1.0349 MaxIteration 5791  TIMEOUT 0.045680
 46         25         28         62      0.0457         40          40      0.0000      1.8580
ALPHA 1.0349 MaxIteration 5992  TIMEOUT 0.047111
 47         25         28         62      0.0471         40          40      0.0000      1.9480
ALPHA 1.0349 MaxIteration 6200  TIMEOUT 0.048462
 48         25         28         62      0.0485         40          40      0.0000      2.0380
ALPHA 1.0349 MaxIteration 6416  TIMEOUT 0.050363
 49         25         28         62      0.0504         40          40      0.0000      2.1480
ALPHA 1.0349 MaxIteration 6639  TIMEOUT 0.052625
 50         25         28         62      0.0526         40          40      0.0000      2.2580
ALPHA 1.0349 MaxIteration 6870  TIMEOUT 0.055016
 51         25         28         62      0.0550         40          40      0.0000      2.3680
ALPHA 1.0349 MaxIteration 7109  TIMEOUT 0.056944
 52         25         28         62      0.0569         40          40      0.0000      2.4780
ALPHA 1.0349 MaxIteration 7356  TIMEOUT 0.056676
 53         25         28         62      0.0567         40          40      0.0000      2.5880
ALPHA 1.0349 MaxIteration 7612  TIMEOUT 0.058988
 54         25         28         62      0.0590         40          40      0.0000      2.6980
ALPHA 1.0349 MaxIteration 7877  TIMEOUT 0.060586
 55         25         28         62      0.0606         40          40      0.0000      2.8280
ALPHA 1.0349 MaxIteration 8151  TIMEOUT 0.065085
 56         25         28         62      0.0651         40          40      0.0000      2.9580
ALPHA 1.0349 MaxIteration 8435  TIMEOUT 0.065582
 57         25         28         62      0.0656         40          40      0.0000      3.0880
ALPHA 1.0349 MaxIteration 8729  TIMEOUT 0.068639
 58         25         28         62      0.0686         40          40      0.0000      3.2180
ALPHA 1.0349 MaxIteration 9033  TIMEOUT 0.071222
 59         25         28         62      0.0712         40          40      0.0000      3.3680
ALPHA 1.0349 MaxIteration 9347  TIMEOUT 0.071546
 60         25         28         62      0.0715         40          40      0.0000      3.5180
ALPHA 1.0349 MaxIteration 9672  TIMEOUT 0.076845
 61         25         28         62      0.0768         40          40      0.0000      3.6680
ALPHA 1.0349 MaxIteration 10009  TIMEOUT 0.074717
 62         25         28         62      0.0747         40          40      0.0000      3.8180
ALPHA 1.0349 MaxIteration 10357  TIMEOUT 0.079719
 63         25         28         62      0.0797         40          40      0.0000      3.9680
ALPHA 1.0349 MaxIteration 10718  TIMEOUT 0.083260
 64         25         28         62      0.0833         40          40      0.0000      4.1380
ALPHA 1.0349 MaxIteration 11091  TIMEOUT 0.085302
 65         25         28         62      0.0853         40          40      0.0000      4.3080
ALPHA 1.0349 MaxIteration 11477  TIMEOUT 0.087979
 66         25         28         62      0.0880         40          40      0.0000      4.4780
ALPHA 1.0349 MaxIteration 11877  TIMEOUT 0.090426
 67         25         28         62      0.0904         40          40      0.0000      4.6680
ALPHA 1.0349 MaxIteration 12291  TIMEOUT 0.095159
 68         25         28         62      0.0952         40          40      0.0000      4.8580
ALPHA 1.0349 MaxIteration 12719  TIMEOUT 0.097913
 69         25         28         62      0.0979         40          40      0.0000      5.0480
ALPHA 1.0349 MaxIteration 13162  TIMEOUT 0.102428
 70         25         28         62      0.1024         40          40      0.0000      5.2580
ALPHA 1.0349 MaxIteration 13620  TIMEOUT 0.103741
 71         25         28         62      0.1037         40          40      0.0000      5.4680
ALPHA 1.0349 MaxIteration 14094  TIMEOUT 0.112844
 72         25         28         62      0.1128         40          40      0.0000      5.6980
ALPHA 1.0349 MaxIteration 14585  TIMEOUT 0.113510
 73         25         28         62      0.1135         40          40      0.0000      5.9280
ALPHA 1.0349 MaxIteration 15093  TIMEOUT 0.114021
 74         25         28         62      0.1140         40          40      0.0000      6.1580
ALPHA 1.0349 MaxIteration 15619  TIMEOUT 0.123123
 75         25         28         62      0.1231         40          40      0.0000      6.4080
ALPHA 1.0349 MaxIteration 16163  TIMEOUT 0.127388
 76         25         28         62      0.1274         40          40      0.0000      6.6480
ALPHA 1.0349 MaxIteration 16726  TIMEOUT 0.131142
 77         25         28         62      0.1311         40          40      0.0000      6.9180
ALPHA 1.0349 MaxIteration 17309  TIMEOUT 0.128325
 78         25         28         62      0.1283         40          40      0.0000      7.1580
ALPHA 1.0349 MaxIteration 17912  TIMEOUT 0.140191
 79         25         28         62      0.1402         40          40      0.0000      7.4480
ALPHA 1.0349 MaxIteration 18536  TIMEOUT 0.142788
 80         25         28         62      0.1428         40          40      0.0000      7.7380
ALPHA 1.0349 MaxIteration 19182  TIMEOUT 0.151934
 81         25         28         62      0.1519         40          40      0.0000      8.0380
ALPHA 1.0349 MaxIteration 19850  TIMEOUT 0.153934
 82         25         28         62      0.1539         40          40      0.0000      8.3380
ALPHA 1.0349 MaxIteration 20541  TIMEOUT 0.161534
 83         25         28         62      0.1615         40          40      0.0000      8.6580
ALPHA 1.0349 MaxIteration 21257  TIMEOUT 0.170771
 84         25         28         62      0.1708         40          40      0.0000      9.0080
ALPHA 1.0349 MaxIteration 21997  TIMEOUT 0.175800
 85         25         28         62      0.1758         40          40      0.0000      9.3580
ALPHA 1.0349 MaxIteration 22763  TIMEOUT 0.182954
 86         25         28         62      0.1830         40          40      0.0000      9.7280
ALPHA 1.0349 MaxIteration 23556  TIMEOUT 0.182049
 87         25         28         62      0.1820         40          40      0.0000     10.0980
ALPHA 1.0349 MaxIteration 24377  TIMEOUT 0.192557
 88         25         28         62      0.1926         40          40      0.0000     10.4880
ALPHA 1.0349 MaxIteration 25226  TIMEOUT 0.197226
 89         25         28         62      0.1972         40          40      0.0000     10.8780
ALPHA 1.0349 MaxIteration 26105  TIMEOUT 0.201811
 90         25         28         62      0.2018         40          40      0.0000     11.2880
ALPHA 1.0349 MaxIteration 27014  TIMEOUT 0.212958
 91         25         28         62      0.2130         40          40      0.0000     11.7180
ALPHA 1.0349 MaxIteration 27955  TIMEOUT 0.218279
 92         25         28         62      0.2183         40          40      0.0000     12.1480
ALPHA 1.0349 MaxIteration 28929  TIMEOUT 0.225585
 93         25         28         62      0.2256         40          40      0.0000     12.5980
ALPHA 1.0349 MaxIteration 29937  TIMEOUT 0.234722
 94         25         28         62      0.2347         40          40      0.0000     13.0680
ALPHA 1.0349 MaxIteration 30980  TIMEOUT 0.239745
 95         25         28         62      0.2397         40          40      0.0000     13.5380
ALPHA 1.0349 MaxIteration 32059  TIMEOUT 0.248738
 96         25         28         62      0.2487         40          40      0.0000     14.0280
ALPHA 1.0349 MaxIteration 33176  TIMEOUT 0.263165
 97         25         28         62      0.2632         40          40      0.0000     14.5580
ALPHA 1.0349 MaxIteration 34332  TIMEOUT 0.270400
 98         25         28         62      0.2704         40          40      0.0000     15.1080
ALPHA 1.0349 MaxIteration 35528  TIMEOUT 0.278956
 99         25         28         62      0.2790         40          40      0.0000     15.6580
ALPHA 1.0349 MaxIteration 36766  TIMEOUT 0.277622
100         25         28         62      0.2776         40          40      0.0000     16.2080
ALPHA 1.0349 MaxIteration 38047  TIMEOUT 0.291948
101         25         28         62      0.2919         40          40      0.0000     16.7880
ALPHA 1.0349 MaxIteration 39373  TIMEOUT 0.309004
102         25         28         62      0.3090         40          40      0.0000     17.3880
ALPHA 1.0349 MaxIteration 40745  TIMEOUT 0.320937
103         25         28         62      0.3209         40          40      0.0000     18.0280
ALPHA 1.0349 MaxIteration 42165  TIMEOUT 0.322359
104         25         28         62      0.3224         40          40      0.0000     18.6780
ALPHA 1.0349 MaxIteration 43634  TIMEOUT 0.336983
105         25         28         62      0.3370         40          40      0.0000     19.3380
ALPHA 1.0349 MaxIteration 45155  TIMEOUT 0.346349
106         25         28         62      0.3463         40          40      0.0000     19.9980
ALPHA 1.0349 MaxIteration 46729  TIMEOUT 0.001981
107         25         28         62      0.0020>>> T1_50_1000_0.wclq |V| 50 |E| 1000  (#LB 0.0000 28 ---> 28  0.4286  40 <--- 40  0.0000 #UB)  #solve_ime 20.0000 read_time 0.0020 
