>>IBM: |V|=150 |E|=2000
>>IBM: The maximum node weight is 1235
/public/home/acs4vb4pqv/benchmarks/MWDS2026/T2_wclq/T2_150_2000_1.wclq #seed 1 #alpha 1.900 #timeout 0.100 K=5 RHO=0.05 Q0=0.90 BETA=3.5 AQ_MODE=dbs SAFE_AQ_MIN_GAP=0.050 SAFE_AQ_MIN_NODES=800
[v19] |V|=150 |E|=2000 density=13.33 USE_ADVANCED=0
#Rd        #LB        #LB*       #UB       #Time        #UB+        #UB*      #Time      #TotalTime
First Gap  0.188867
ALPHA 1.9000 MaxIteration 500  TIMEOUT 0.041367
  1        503        503        598      0.0414        598         598      0.0000      0.0900
ALPHA 1.9000 MaxIteration 3  TIMEOUT 0.000347
  2        488        503        704      0.0003        598         598      0.0000      0.1000
ALPHA 1.8304 MaxIteration 5  TIMEOUT 0.000815
  3        477        503        621      0.0008        598         598      0.0000      0.1100
ALPHA 1.7658 MaxIteration 9  TIMEOUT 0.001358
  4        467        503        601      0.0014        598         598      0.0000      0.1200
ALPHA 1.7056 MaxIteration 15  TIMEOUT 0.001283
  5        454        503        598      0.0013        598         598      0.0000      0.1300
ALPHA 1.6493 MaxIteration 25  TIMEOUT 0.003378
  6        473        503        598      0.0034        598         598      0.0000      0.1400
ALPHA 1.5966 MaxIteration 41  TIMEOUT 0.010283
  7        470        503        598      0.0103        598         598      0.0000      0.1678
ALPHA 1.5472 MaxIteration 65  TIMEOUT 0.004999
  8        469        503        598      0.0050        598         598      0.0000      0.1800
ALPHA 1.5008 MaxIteration 100  TIMEOUT 0.009274
  9        469        503        598      0.0093        598         598      0.0000      0.1900
ALPHA 1.4571 MaxIteration 150  TIMEOUT 0.022516
 10        482        503        598      0.0225        598         598      0.0000      0.2400
ALPHA 1.4158 MaxIteration 218  TIMEOUT 0.018532
 11        481        503        598      0.0185        598         598      0.0000      0.2700
ALPHA 1.3768 MaxIteration 308  TIMEOUT 0.041528
 12        476        503        598      0.0415        598         598      0.0000      0.3600
ALPHA 1.3399 MaxIteration 424  TIMEOUT 0.047419
 13        476        503        598      0.0474        598         598      0.0000      0.4500
ALPHA 1.3049 MaxIteration 568  TIMEOUT 0.076115
 14        476        503        598      0.0761        598         598      0.0000      0.5900
ALPHA 1.2718 MaxIteration 741  TIMEOUT 0.097164
 15        476        503        598      0.0972        598         598      0.0000      0.7800
ALPHA 1.2402 MaxIteration 942  TIMEOUT 0.121682
 16        476        503        598      0.1217        598         598      0.0000      1.0200
ALPHA 1.2102 MaxIteration 1168  TIMEOUT 0.150384
 17        482        503        598      0.1504        598         598      0.0000      1.3300
ALPHA 1.1816 MaxIteration 1413  TIMEOUT 0.182707
 18        482        503        598      0.1827        598         598      0.0000      1.6900
ALPHA 1.1543 MaxIteration 1669  TIMEOUT 0.210761
 19        482        503        598      0.2108        598         598      0.0000      2.1200
ALPHA 1.1283 MaxIteration 1926  TIMEOUT 0.239439
 20        482        503        598      0.2394        598         598      0.0000      2.5858
ALPHA 1.1034 MaxIteration 2173  TIMEOUT 0.270406
 21        482        503        598      0.2704        598         598      0.0000      3.1200
ALPHA 1.0795 MaxIteration 2397  TIMEOUT 0.409371
 22        496        503        598      0.4094        598         598      0.0000      3.9200
ALPHA 1.0567 MaxIteration 2587  TIMEOUT 0.356816
 23        487        503        598      0.3568        598         598      0.0000      4.6200
ALPHA 1.0349 MaxIteration 2733  TIMEOUT 0.350796
 24        486        503        598      0.3508        598         598      0.0000      5.3200
ALPHA 1.0349 MaxIteration 2828  TIMEOUT 0.399940
 25        482        503        598      0.3999        598         598      0.0000      6.1200
ALPHA 1.0349 MaxIteration 2926  TIMEOUT 0.359137
 26        476        503        598      0.3591        598         598      0.0000      6.8200
ALPHA 1.0349 MaxIteration 3027  TIMEOUT 0.217048
 27        464        503        598      0.2170        598         598      0.0000      7.2400
ALPHA 1.0349 MaxIteration 3132  TIMEOUT 0.374524
 28        482        503        598      0.3745        598         598      0.0000      7.9800
ALPHA 1.0349 MaxIteration 3241  TIMEOUT 0.397518
 29        479        503        598      0.3975        598         598      0.0000      8.7700
ALPHA 1.0349 MaxIteration 3353  TIMEOUT 0.411707
 30        482        503        598      0.4117        598         598      0.0000      9.5900
ALPHA 1.0349 MaxIteration 3469  TIMEOUT 0.440219
 31        476        503        598      0.4402        598         598      0.0000     10.4700
ALPHA 1.0349 MaxIteration 3589  TIMEOUT 0.523436
 32        482        503        598      0.5234        598         598      0.0000     11.5100
ALPHA 1.0349 MaxIteration 3714  TIMEOUT 0.425529
 33        484        503        598      0.4255        598         598      0.0000     12.3500
ALPHA 1.0349 MaxIteration 3843  TIMEOUT 0.477855
 34        476        503        598      0.4779        598         598      0.0000     13.2900
ALPHA 1.0349 MaxIteration 3976  TIMEOUT 0.481313
 35        476        503        598      0.4813        598         598      0.0000     14.2500
ALPHA 1.0349 MaxIteration 4114  TIMEOUT 0.667128
 36        482        503        598      0.6671        598         598      0.0000     15.5600
ALPHA 1.0349 MaxIteration 4257  TIMEOUT 0.527353
 37        482        503        598      0.5274        598         598      0.0000     16.6000
ALPHA 1.0349 MaxIteration 4405  TIMEOUT 0.540308
 38        482        503        598      0.5403        598         598      0.0000     17.6700
ALPHA 1.0349 MaxIteration 4558  TIMEOUT 0.589770
 39        482        503        598      0.5898        598         598      0.0000     18.8200
ALPHA 1.0349 MaxIteration 4716  TIMEOUT 0.643853
 40        478        503        598      0.6439        598         598      0.0000     19.9900
ALPHA 1.0349 MaxIteration 4880  TIMEOUT 0.010042
 41        456        503        598      0.0100>>> T2_150_2000_1.wclq |V| 150 |E| 2000  (#LB 0.0000 503 ---> 503  0.1889  598 <--- 598  0.0000 #UB)  #solve_ime 20.0001 read_time 0.0000 
