>>IBM: |V|=82168 |E|=504230
>>IBM: The maximum node weight is 200
/public/home/acs4vb4pqv/benchmarks/MWDS2026/SNAP/Slashdot0902.clq #seed 1 #alpha 1.900 #timeout 0.300 K=5 RHO=0.05 Q0=0.90 BETA=3.5 AQ_MODE=dbs SAFE_AQ_MIN_GAP=0.050 SAFE_AQ_MIN_NODES=800
[v19] |V|=82168 |E|=504230 density=6.14 USE_ADVANCED=1
#Rd        #LB        #LB*       #UB       #Time        #UB+        #UB*      #Time      #TotalTime
First Gap  0.000586
ALPHA 1.9000 MaxIteration 50  TIMEOUT 0.770530
  1    1142449    1142449    1143119      0.7705    1143119     1143119      0.0000      1.5851
ALPHA 1.9000 MaxIteration 3  TIMEOUT 0.153475
  2    1142402    1142449    1143244      0.1535    1143244     1143119      0.0000      1.9251
ALPHA 1.8304 MaxIteration 5  TIMEOUT 0.223337
  3    1142430    1142449    1143224      0.2233    1143224     1143119      0.0000      2.3854
ALPHA 1.7658 MaxIteration 9  TIMEOUT 0.437753
  4    1142432    1142449    1143220      0.4378    1143220     1143119      0.0000      3.2852
ALPHA 1.7056 MaxIteration 15  TIMEOUT 0.901354
  5    1142381    1142449    1143230      0.9014    1143230     1143119      0.0000      5.1152
ALPHA 1.6493 MaxIteration 25  TIMEOUT 0.877450
  6    1141188    1142449    1144639      0.8774    1144591     1143119      0.0000      6.8957
ALPHA 1.5966 MaxIteration 41  TIMEOUT 1.637961
  7    1141376    1142449    1143492      1.6380
 [LB Done] stag=6 elapsed=42.7% => 11.5s to UB
    1143463     1143119      0.0000     19.9754
>>> Slashdot0902.clq |V| 82168 |E| 504230  (#LB 0.0000 1142449 ---> 1142449  0.0006  1143119 <--- 1143119  0.0000 #UB)  #solve_ime 19.9774 read_time 0.1149 
