>>IBM: |V|=200 |E|=250
>>IBM: The maximum node weight is 49
/public/home/acs4vb4pqv/benchmarks/MWDS2026/T1_wclq/T1_200_250_7.wclq #seed 101 #alpha 1.900 #timeout 0.100 K=5 RHO=0.05 Q0=0.90 BETA=3.5 AQ_MODE=dbs SAFE_AQ_MIN_GAP=0.050 SAFE_AQ_MIN_NODES=800
[v19] |V|=200 |E|=250 density=1.25 USE_ADVANCED=0
#Rd        #LB        #LB*       #UB       #Time        #UB+        #UB*      #Time      #TotalTime
First Gap  0.097109
ALPHA 1.9000 MaxIteration 500  TIMEOUT 0.035101
  1       1833       1833       2011      0.0351       1937        1937      0.0100      0.0700
ALPHA 1.9000 MaxIteration 3  TIMEOUT 0.000344
  2       1756       1833       2204      0.0003       1947        1937      0.0000      0.0800
ALPHA 1.8304 MaxIteration 5  TIMEOUT 0.000600
  3       1747       1833       2127      0.0006       1940        1937      0.0000      0.0900
ALPHA 1.7658 MaxIteration 9  TIMEOUT 0.000633
  4       1716       1833       2107      0.0006       1945        1937      0.0000      0.1000
ALPHA 1.7056 MaxIteration 15  TIMEOUT 0.001621
  5       1735       1833       2093      0.0016       1937        1937      0.0000      0.1100
ALPHA 1.6493 MaxIteration 25  TIMEOUT 0.003498
  6       1740       1833       2136      0.0035       1937        1937      0.0000      0.1200
ALPHA 1.5966 MaxIteration 41  TIMEOUT 0.002865
  7       1720       1833       2136      0.0029       1940        1937      0.0000      0.1300
ALPHA 1.5472 MaxIteration 65  TIMEOUT 0.003668
  8       1706       1833       2136      0.0037       1937        1937      0.0000      0.1400
ALPHA 1.5008 MaxIteration 100  TIMEOUT 0.005525
  9       1706       1833       2135      0.0055       1955        1937      0.0000      0.1500
ALPHA 1.4571 MaxIteration 150  TIMEOUT 0.006904
 10       1723       1833       2130      0.0069       1941        1937      0.0000      0.1600
ALPHA 1.4158 MaxIteration 218  TIMEOUT 0.013514
 11       1723       1833       2130      0.0135       1937        1937      0.0100      0.1900
ALPHA 1.3768 MaxIteration 308  TIMEOUT 0.013983
 12       1706       1833       2131      0.0140       1941        1937      0.0000      0.2200
ALPHA 1.3399 MaxIteration 424  TIMEOUT 0.024751
 13       1723       1833       2130      0.0248       1937        1937      0.0100      0.2637
ALPHA 1.3049 MaxIteration 568  TIMEOUT 0.023874
 14       1706       1833       2130      0.0239       1937        1937      0.0100      0.3100
ALPHA 1.2718 MaxIteration 741  TIMEOUT 0.031551
 15       1706       1833       2130      0.0316       1940        1937      0.0100      0.3800
ALPHA 1.2402 MaxIteration 942  TIMEOUT 0.039745
 16       1706       1833       2130      0.0397       1937        1937      0.0100      0.4467
ALPHA 1.2102 MaxIteration 1168  TIMEOUT 0.050215
 17       1706       1833       2129      0.0502       1937        1937      0.0200      0.5500
ALPHA 1.1816 MaxIteration 1413  TIMEOUT 0.061189
 18       1706       1833       2130      0.0612       1937        1937      0.0000      0.6800
ALPHA 1.1543 MaxIteration 1669  TIMEOUT 0.068903
 19       1706       1833       2125      0.0689       1937        1937      0.0100      0.8100
ALPHA 1.1283 MaxIteration 1926  TIMEOUT 0.083001
 20       1706       1833       2120      0.0830       1937        1937      0.0300      0.9600
ALPHA 1.1034 MaxIteration 2173  TIMEOUT 0.092469
 21       1706       1833       2125      0.0925       1937        1937      0.0100      1.1400
ALPHA 1.0795 MaxIteration 2397  TIMEOUT 0.102686
 22       1706       1833       2125      0.1027       1937        1937      0.0300      1.3400
ALPHA 1.0567 MaxIteration 2587  TIMEOUT 0.110635
 23       1706       1833       2125      0.1106       1937        1937      0.0100      1.5543
ALPHA 1.0349 MaxIteration 2733  TIMEOUT 0.119725
 24       1706       1833       2129      0.1197       1937        1937      0.0100      1.7800
ALPHA 1.0349 MaxIteration 2828  TIMEOUT 0.123979
 25       1706       1833       2130      0.1240       1937        1937      0.0300      2.0113
ALPHA 1.0349 MaxIteration 2926  TIMEOUT 0.129647
 26       1706       1833       2129      0.1296       1937        1937      0.0100      2.2600
ALPHA 1.0349 MaxIteration 3027  TIMEOUT 0.134896
 27       1706       1833       2129      0.1349       1937        1937      0.0200      2.5200
ALPHA 1.0349 MaxIteration 3132  TIMEOUT 0.138356
 28       1706       1833       2129      0.1384       1937        1937      0.0200      2.7800
ALPHA 1.0349 MaxIteration 3241  TIMEOUT 0.144702
 29       1706       1833       2129      0.1447       1937        1937      0.0100      3.0600
ALPHA 1.0349 MaxIteration 3353  TIMEOUT 0.147973
 30       1706       1833       2125      0.1480       1937        1937      0.0100      3.3400
ALPHA 1.0349 MaxIteration 3469  TIMEOUT 0.152569
 31       1706       1833       2129      0.1526       1937        1937      0.0100      3.6400
ALPHA 1.0349 MaxIteration 3589  TIMEOUT 0.156444
 32       1706       1833       2129      0.1564       1937        1937      0.0200      3.9300
ALPHA 1.0349 MaxIteration 3714  TIMEOUT 0.162485
 33       1706       1833       2130      0.1625       1937        1937      0.0100      4.2500
ALPHA 1.0349 MaxIteration 3843  TIMEOUT 0.165094
 34       1706       1833       2130      0.1651       1937        1937      0.0100      4.5700
ALPHA 1.0349 MaxIteration 3976  TIMEOUT 0.176902
 35       1706       1833       2130      0.1769       1937        1937      0.0100      4.9000
ALPHA 1.0349 MaxIteration 4114  TIMEOUT 0.180075
 36       1706       1833       2130      0.1801       1937        1937      0.0100      5.2500
ALPHA 1.0349 MaxIteration 4257  TIMEOUT 0.188822
 37       1706       1833       2130      0.1888       1937        1937      0.0100      5.6100
ALPHA 1.0349 MaxIteration 4405  TIMEOUT 0.197562
 38       1706       1833       2130      0.1976       1937        1937      0.0100      5.9800
ALPHA 1.0349 MaxIteration 4558  TIMEOUT 0.203538
 39       1706       1833       2129      0.2035       1937        1937      0.0000      6.3700
ALPHA 1.0349 MaxIteration 4716  TIMEOUT 0.206826
 40       1706       1833       2129      0.2068       1937        1937      0.0100      6.7600
ALPHA 1.0349 MaxIteration 4880  TIMEOUT 0.213907
 41       1706       1833       2129      0.2139       1937        1937      0.0100      7.1700
ALPHA 1.0349 MaxIteration 5050  TIMEOUT 0.223473
 42       1706       1833       2129      0.2235       1937        1937      0.0000      7.6000
ALPHA 1.0349 MaxIteration 5226  TIMEOUT 0.232560
 43       1706       1833       2129      0.2326       1937        1937      0.0000      8.0500
ALPHA 1.0349 MaxIteration 5408  TIMEOUT 0.235287
 44       1706       1833       2129      0.2353       1937        1937      0.0100      8.5000
ALPHA 1.0349 MaxIteration 5596  TIMEOUT 0.242177
 45       1706       1833       2129      0.2422       1937        1937      0.0100      8.9700
ALPHA 1.0349 MaxIteration 5791  TIMEOUT 0.253869
 46       1706       1833       2129      0.2539       1937        1937      0.0100      9.4700
ALPHA 1.0349 MaxIteration 5992  TIMEOUT 0.259889
 47       1706       1833       2129      0.2599       1937        1937      0.0100      9.9500
ALPHA 1.0349 MaxIteration 6200  TIMEOUT 0.268002
 48       1706       1833       2129      0.2680       1937        1937      0.0100     10.4500
ALPHA 1.0349 MaxIteration 6416  TIMEOUT 0.280382
 49       1706       1833       2129      0.2804       1937        1937      0.0000     11.0000
ALPHA 1.0349 MaxIteration 6639  TIMEOUT 0.293533
 50       1706       1833       2129      0.2935       1937        1937      0.0100     11.5679
ALPHA 1.0349 MaxIteration 6870  TIMEOUT 0.302688
 51       1706       1833       2129      0.3027       1937        1937      0.0200     12.1500
ALPHA 1.0349 MaxIteration 7109  TIMEOUT 0.318172
 52       1706       1833       2129      0.3182       1937        1937      0.0400     12.7500
ALPHA 1.0349 MaxIteration 7356  TIMEOUT 0.328822
 53       1706       1833       2129      0.3288       1937        1937      0.0100     13.3700
ALPHA 1.0349 MaxIteration 7612  TIMEOUT 0.339274
 54       1706       1833       2129      0.3393       1937        1937      0.0100     14.0200
ALPHA 1.0349 MaxIteration 7877  TIMEOUT 0.355865
 55       1706       1833       2129      0.3559       1937        1937      0.0100     14.7000
ALPHA 1.0349 MaxIteration 8151  TIMEOUT 0.365067
 56       1706       1833       2129      0.3651       1937        1937      0.0100     15.3900
ALPHA 1.0349 MaxIteration 8435  TIMEOUT 0.374322
 57       1706       1833       2129      0.3743       1937        1937      0.0200     16.1035
ALPHA 1.0349 MaxIteration 8729  TIMEOUT 0.392090
 58       1706       1833       2129      0.3921       1937        1937      0.0100     16.8600
ALPHA 1.0349 MaxIteration 9033  TIMEOUT 0.402568
 59       1706       1833       2129      0.4026       1937        1937      0.0100     17.6400
ALPHA 1.0349 MaxIteration 9347  TIMEOUT 0.426766
 60       1706       1833       2129      0.4268       1937        1937      0.0400     18.4400
ALPHA 1.0349 MaxIteration 9672  TIMEOUT 0.427321
 61       1706       1833       2129      0.4273       1937        1937      0.0200     19.2500
ALPHA 1.0349 MaxIteration 10009  TIMEOUT 0.442470
 62       1706       1833       2129      0.4425       1937        1937      0.0100     19.9700
ALPHA 1.0349 MaxIteration 10357  TIMEOUT 0.029996
 63       1675       1833       2162      0.0300>>> T1_200_250_7.wclq |V| 200 |E| 250  (#LB 0.0000 1833 ---> 1833  0.0567  1937 <--- 2011  0.0368 #UB)  #solve_ime 20.0000 read_time 0.0000 
