>>IBM: |V|=150 |E|=2000
>>IBM: The maximum node weight is 1235
/public/home/acs4vb4pqv/benchmarks/MWDS2026/T2_wclq/T2_150_2000_1.wclq #seed 1 #alpha 1.900 #timeout 0.100 K=5 RHO=0.05 Q0=0.90 BETA=3.5 AQ_MODE=guarded SAFE_AQ_MIN_GAP=0.050 SAFE_AQ_MIN_NODES=800
[v19] |V|=150 |E|=2000 density=13.33 USE_ADVANCED=0
#Rd        #LB        #LB*       #UB       #Time        #UB+        #UB*      #Time      #TotalTime
First Gap  0.188867
ALPHA 1.9000 MaxIteration 500  TIMEOUT 0.039527
  1        503        503        598      0.0395
 [Online-safe AQ eligibility guard] gap=0.1889 density=13.33 |V|=150 => No RL
        598         598      0.0000      0.0789
ALPHA 1.9000 MaxIteration 3  TIMEOUT 0.000338
  2        488        503        704      0.0003        598         598      0.0000      0.0889
ALPHA 1.8304 MaxIteration 5  TIMEOUT 0.000800
  3        477        503        621      0.0008        598         598      0.0000      0.0989
ALPHA 1.7658 MaxIteration 9  TIMEOUT 0.001363
  4        467        503        601      0.0014        598         598      0.0000      0.1089
ALPHA 1.7056 MaxIteration 15  TIMEOUT 0.001219
  5        454        503        598      0.0012        598         598      0.0000      0.1189
ALPHA 1.6493 MaxIteration 25  TIMEOUT 0.003267
  6        473        503        598      0.0033        598         598      0.0000      0.1289
ALPHA 1.5966 MaxIteration 41  TIMEOUT 0.010195
  7        470        503        598      0.0102        598         598      0.0000      0.1589
ALPHA 1.5472 MaxIteration 65  TIMEOUT 0.006354
  8        469        503        598      0.0064        598         598      0.0000      0.1689
ALPHA 1.5008 MaxIteration 100  TIMEOUT 0.009495
  9        469        503        598      0.0095        598         598      0.0000      0.1789
ALPHA 1.4571 MaxIteration 150  TIMEOUT 0.022327
 10        482        503        598      0.0223        598         598      0.0000      0.2289
ALPHA 1.4158 MaxIteration 218  TIMEOUT 0.018245
 11        481        503        598      0.0182        598         598      0.0000      0.2589
ALPHA 1.3768 MaxIteration 308  TIMEOUT 0.041835
 12        476        503        598      0.0418        598         598      0.0000      0.3389
ALPHA 1.3399 MaxIteration 424  TIMEOUT 0.046772
 13        476        503        598      0.0468        598         598      0.0000      0.4289
ALPHA 1.3049 MaxIteration 568  TIMEOUT 0.074897
 14        476        503        598      0.0749        598         598      0.0000      0.5789
ALPHA 1.2718 MaxIteration 741  TIMEOUT 0.097796
 15        476        503        598      0.0978        598         598      0.0000      0.7689
ALPHA 1.2402 MaxIteration 942  TIMEOUT 0.118710
 16        476        503        598      0.1187        598         598      0.0000      0.9989
ALPHA 1.2102 MaxIteration 1168  TIMEOUT 0.147927
 17        482        503        598      0.1479        598         598      0.0000      1.2789
ALPHA 1.1816 MaxIteration 1413  TIMEOUT 0.180014
 18        482        503        598      0.1800        598         598      0.0000      1.6489
ALPHA 1.1543 MaxIteration 1669  TIMEOUT 0.206075
 19        482        503        598      0.2061        598         598      0.0000      2.0489
ALPHA 1.1283 MaxIteration 1926  TIMEOUT 0.233728
 20        482        503        598      0.2337        598         598      0.0000      2.5089
ALPHA 1.1034 MaxIteration 2173  TIMEOUT 0.265639
 21        482        503        598      0.2656        598         598      0.0000      3.0389
ALPHA 1.0795 MaxIteration 2397  TIMEOUT 0.398173
 22        496        503        598      0.3982        598         598      0.0000      3.8189
ALPHA 1.0567 MaxIteration 2587  TIMEOUT 0.339758
 23        487        503        598      0.3398        598         598      0.0000      4.4889
ALPHA 1.0349 MaxIteration 2733  TIMEOUT 0.339296
 24        486        503        598      0.3393        598         598      0.0000      5.1589
ALPHA 1.0349 MaxIteration 2828  TIMEOUT 0.390506
 25        482        503        598      0.3905        598         598      0.0000      5.9389
ALPHA 1.0349 MaxIteration 2926  TIMEOUT 0.349970
 26        476        503        598      0.3500        598         598      0.0000      6.6289
ALPHA 1.0349 MaxIteration 3027  TIMEOUT 0.208969
 27        464        503        598      0.2090        598         598      0.0000      7.0389
ALPHA 1.0349 MaxIteration 3132  TIMEOUT 0.367953
 28        482        503        598      0.3680        598         598      0.0000      7.7589
ALPHA 1.0349 MaxIteration 3241  TIMEOUT 0.386969
 29        479        503        598      0.3870        598         598      0.0000      8.5189
ALPHA 1.0349 MaxIteration 3353  TIMEOUT 0.401375
 30        482        503        598      0.4014        598         598      0.0000      9.3273
ALPHA 1.0349 MaxIteration 3469  TIMEOUT 0.429835
 31        476        503        598      0.4298        598         598      0.0000     10.1789
ALPHA 1.0349 MaxIteration 3589  TIMEOUT 0.512029
 32        482        503        598      0.5120        598         598      0.0000     11.1989
ALPHA 1.0349 MaxIteration 3714  TIMEOUT 0.421573
 33        484        503        598      0.4216        598         598      0.0000     12.0489
ALPHA 1.0349 MaxIteration 3843  TIMEOUT 0.473102
 34        476        503        598      0.4731        598         598      0.0000     12.9889
ALPHA 1.0349 MaxIteration 3976  TIMEOUT 0.476066
 35        476        503        598      0.4761        598         598      0.0000     13.9289
ALPHA 1.0349 MaxIteration 4114  TIMEOUT 0.660216
 36        482        503        598      0.6602        598         598      0.0000     15.2489
ALPHA 1.0349 MaxIteration 4257  TIMEOUT 0.524329
 37        482        503        598      0.5243        598         598      0.0000     16.2789
ALPHA 1.0349 MaxIteration 4405  TIMEOUT 0.542076
 38        482        503        598      0.5421        598         598      0.0000     17.3589
ALPHA 1.0349 MaxIteration 4558  TIMEOUT 0.590562
 39        482        503        598      0.5906        598         598      0.0000     18.5289
ALPHA 1.0349 MaxIteration 4716  TIMEOUT 0.643737
 40        478        503        598      0.6437        598         598      0.0000     19.7989
ALPHA 1.0349 MaxIteration 4880  TIMEOUT 0.201170
 41        457        503        598      0.2012>>> T2_150_2000_1.wclq |V| 150 |E| 2000  (#LB 0.0000 503 ---> 503  0.1889  598 <--- 598  0.0000 #UB)  #solve_ime 20.0000 read_time 0.0011 
