With  Parameters CUTOFF 20 SEED 101  ALPHA = 1.900  K=5 RHO=0.05 Q0=0.90 BETA=3.0 AQ_MODE=dbs
Reading  graph ...  time 0.000240  
Reducing graph ...  time 0.000032  
[v6] |V|=200 |E|=250 density=1.25 USE_ADVANCED=0 SAFE_AQ_MIN_GAP=0.050 DEEP_AQ_RANGE=[800, 5.00, 10.00] structure_blocks_aq=1
#Rd        #LB        #LB*       #UB       #Time        #UB+        #UB*      #Time      #TotalTime
First Gap  0.090909
  1       1848       1848       2016      0.0229
 Switch to DBS-only search, timeout 0.022893....
 [Online-safe AQ structure guard] |V|=200 density=1.25 outside [800, 5.00, 10.00], disabling AQ
       1937        1937      0.0030        0.0462
ALPHA 1.9000 MaxIteration 3  TIMEOUT 0.022893
  2       1823       1848       2050      0.0001       2016        1937      0.0001        0.0466
ALPHA 1.8304 MaxIteration 5  TIMEOUT 0.000260
  3       1821       1848       2095      0.0003       1980        1937      0.0003        0.0472
ALPHA 1.7658 MaxIteration 9  TIMEOUT 0.000513
  4       1829       1848       2113      0.0005       1970        1937      0.0003        0.0483
ALPHA 1.7056 MaxIteration 15  TIMEOUT 0.000957
  5       1821       1848       2072      0.0007       1963        1937      0.0007        0.0498
ALPHA 1.6493 MaxIteration 25  TIMEOUT 0.001272
  6       1835       1848       2050      0.0011       1958        1937      0.0004        0.0520
ALPHA 1.5966 MaxIteration 41  TIMEOUT 0.001832
  7       1835       1848       2063      0.0016       1941        1937      0.0015        0.0553
ALPHA 1.5472 MaxIteration 65  TIMEOUT 0.002625
  8       1835       1848       2057      0.0025       1953        1937      0.0014        0.0602
ALPHA 1.5008 MaxIteration 100  TIMEOUT 0.003814
  9       1839       1848       2069      0.0038       1937        1937      0.0031        0.0679
ALPHA 1.4571 MaxIteration 150  TIMEOUT 0.005732
 10       1839       1848       2069      0.0057       1937        1937      0.0048        0.0794
ALPHA 1.4158 MaxIteration 218  TIMEOUT 0.008374
 11       1849       1849       2069      0.0084       1937        1937      0.0009        0.0963
ALPHA 1.3768 MaxIteration 308  TIMEOUT 0.011896
 12       1849       1849       2063      0.0103       1937        1937      0.0046        0.1170
ALPHA 1.3399 MaxIteration 424  TIMEOUT 0.014246
 13       1849       1849       2063      0.0140       1937        1937      0.0044        0.1451
ALPHA 1.3049 MaxIteration 568  TIMEOUT 0.018824
 14       1849       1849       2062      0.0188       1937        1937      0.0045        0.1828
ALPHA 1.2718 MaxIteration 741  TIMEOUT 0.024585
 15       1851       1851       2062      0.0246       1937        1937      0.0014        0.2340
ALPHA 1.2402 MaxIteration 942  TIMEOUT 0.031299
 16       1869       1869       2052      0.0313       1937        1937      0.0034        0.2968
ALPHA 1.2102 MaxIteration 1168  TIMEOUT 0.038847
 17       1869       1869       2056      0.0348       1937        1937      0.0028        0.3694
ALPHA 1.1816 MaxIteration 1413  TIMEOUT 0.042093
 18       1869       1869       2045      0.0421       1937        1937      0.0066        0.4546
ALPHA 1.1543 MaxIteration 1669  TIMEOUT 0.049754
 19       1869       1869       2056      0.0498       1937        1937      0.0038        0.5585
ALPHA 1.1283 MaxIteration 1926  TIMEOUT 0.057468
 20       1873       1873       2046      0.0575       1937        1937      0.0023        0.6745
ALPHA 1.1034 MaxIteration 2173  TIMEOUT 0.064850
 21       1873       1873       2028      0.0649       1937        1937      0.0016        0.8043
ALPHA 1.0795 MaxIteration 2397  TIMEOUT 0.071570
 22       1873       1873       2028      0.0716       1937        1937      0.0039        0.9485
ALPHA 1.0567 MaxIteration 2587  TIMEOUT 0.077271
 23       1873       1873       2028      0.0773       1937        1937      0.0038        1.1032
ALPHA 1.0349 MaxIteration 2733  TIMEOUT 0.081678
 24       1873       1873       2044      0.0817       1937        1937      0.0016        1.2666
ALPHA 1.0349 MaxIteration 2828  TIMEOUT 0.084541
 25       1873       1873       2032      0.0846       1937        1937      0.0016        1.4368
ALPHA 1.0349 MaxIteration 2926  TIMEOUT 0.087510
 26       1873       1873       2029      0.0875       1937        1937      0.0010        1.6128
ALPHA 1.0349 MaxIteration 3027  TIMEOUT 0.090568
 27       1877       1877       2031      0.0906       1937        1937      0.0025        1.7941
ALPHA 1.0349 MaxIteration 3132  TIMEOUT 0.093748
 28       1882       1882       2031      0.0938       1937        1937      0.0011        1.9847
ALPHA 1.0349 MaxIteration 3241  TIMEOUT 0.097024
 29       1882       1882       2051      0.0970       1937        1937      0.0071        2.1798
ALPHA 1.0349 MaxIteration 3353  TIMEOUT 0.100411
 30       1882       1882       2029      0.1004       1937        1937      0.0015        2.3817
ALPHA 1.0349 MaxIteration 3469  TIMEOUT 0.103940
 31       1882       1882       2023      0.1040       1937        1937      0.0080        2.5907
ALPHA 1.0349 MaxIteration 3589  TIMEOUT 0.107593
 32       1882       1882       2037      0.1076       1937        1937      0.0042        2.8089
ALPHA 1.0349 MaxIteration 3714  TIMEOUT 0.111351
 33       1882       1882       2019      0.1114       1937        1937      0.0028        3.0338
ALPHA 1.0349 MaxIteration 3843  TIMEOUT 0.115262
 34       1882       1882       2023      0.1153       1937        1937      0.0029        3.2653
ALPHA 1.0349 MaxIteration 3976  TIMEOUT 0.119287
 35       1882       1882       2032      0.1193       1937        1937      0.0031        3.5050
ALPHA 1.0349 MaxIteration 4114  TIMEOUT 0.123470
 36       1882       1882       2023      0.1235       1937        1937      0.0055        3.7551
ALPHA 1.0349 MaxIteration 4257  TIMEOUT 0.127804
 37       1882       1882       2023      0.1278       1937        1937      0.0036        4.0118
ALPHA 1.0349 MaxIteration 4405  TIMEOUT 0.132282
 38       1882       1882       2023      0.1323       1937        1937      0.0018        4.2785
ALPHA 1.0349 MaxIteration 4558  TIMEOUT 0.136917
 39       1882       1882       2028      0.1369       1937        1937      0.0075        4.5544
ALPHA 1.0349 MaxIteration 4716  TIMEOUT 0.141696
 40       1882       1882       2023      0.1417       1937        1937      0.0086        4.8379
ALPHA 1.0349 MaxIteration 4880  TIMEOUT 0.146642
 41       1882       1882       2023      0.1467       1937        1937      0.0025        5.1332
ALPHA 1.0349 MaxIteration 5050  TIMEOUT 0.151768
 42       1882       1882       2037      0.1518       1937        1937      0.0030        5.4388
ALPHA 1.0349 MaxIteration 5226  TIMEOUT 0.157069
 43       1882       1882       2023      0.1571       1937        1937      0.0023        5.7550
ALPHA 1.0349 MaxIteration 5408  TIMEOUT 0.162567
 44       1882       1882       2028      0.1626       1937        1937      0.0023        6.0833
ALPHA 1.0349 MaxIteration 5596  TIMEOUT 0.168251
 45       1882       1882       2024      0.1683       1937        1937      0.0025        6.4229
ALPHA 1.0349 MaxIteration 5791  TIMEOUT 0.174131
 46       1882       1882       2032      0.1742       1937        1937      0.0043        6.7712
ALPHA 1.0349 MaxIteration 5992  TIMEOUT 0.180224
 47       1882       1882       2040      0.1802       1937        1937      0.0070        7.1348
ALPHA 1.0349 MaxIteration 6200  TIMEOUT 0.186530
 48       1882       1882       2029      0.1866       1937        1937      0.0016        7.5100
ALPHA 1.0349 MaxIteration 6416  TIMEOUT 0.193055
 49       1882       1882       2019      0.1931       1937        1937      0.0035        7.8993
ALPHA 1.0349 MaxIteration 6639  TIMEOUT 0.199808
 50       1882       1882       2034      0.1998       1937        1937      0.0052        8.3040
ALPHA 1.0349 MaxIteration 6870  TIMEOUT 0.206793
 51       1882       1882       2028      0.2068       1937        1937      0.0080        8.7248
ALPHA 1.0349 MaxIteration 7109  TIMEOUT 0.214033
 52       1882       1882       2023      0.2141       1937        1937      0.0015        9.1559
ALPHA 1.0349 MaxIteration 7356  TIMEOUT 0.221511
 53       1882       1882       2023      0.2215       1937        1937      0.0064        9.6040
ALPHA 1.0349 MaxIteration 7612  TIMEOUT 0.229258
 54       1882       1882       2032      0.2293       1937        1937      0.0013       10.0677
ALPHA 1.0349 MaxIteration 7877  TIMEOUT 0.237269
 55       1882       1882       2023      0.2373       1937        1937      0.0026       10.5474
ALPHA 1.0349 MaxIteration 8151  TIMEOUT 0.245568
 56       1882       1882       2023      0.2456       1937        1937      0.0047       11.0436
ALPHA 1.0349 MaxIteration 8435  TIMEOUT 0.254142
 57       1882       1882       2023      0.2542       1937        1937      0.0098       11.5580
ALPHA 1.0349 MaxIteration 8729  TIMEOUT 0.263019
 58       1882       1882       2024      0.2630       1937        1937      0.0051       12.0861
ALPHA 1.0349 MaxIteration 9033  TIMEOUT 0.272192
 59       1882       1882       2028      0.2722       1937        1937      0.0014       12.6326
ALPHA 1.0349 MaxIteration 9347  TIMEOUT 0.281687
 60       1882       1882       2020      0.2817       1937        1937      0.0021       13.2011
ALPHA 1.0349 MaxIteration 9672  TIMEOUT 0.291522
 61       1882       1882       2023      0.2916       1937        1937      0.0027       20.0000
>>> T1_200_250_7.wclq |V| 200 |E| 250  (#LB 0.0184 1848 ---> 1882  0.0284  1937 <--- 2016  0.0392 #UB)  #read_time 0.0002  #reduce_time 0.0000  #solve_time 20.0000  #total_time 20.0002
 