>>IBM: |V|=200 |E|=250
>>IBM: The maximum node weight is 49
/public/home/acs4vb4pqv/benchmarks/MWDS2026/T1_wclq/T1_200_250_7.wclq #seed 101 #alpha 1.900 #timeout 0.100 K=5 RHO=0.05 Q0=0.90 BETA=3.5 AQ_MODE=guarded SAFE_AQ_MIN_GAP=0.050 SAFE_AQ_MIN_NODES=800
[v19] |V|=200 |E|=250 density=1.25 USE_ADVANCED=0
#Rd        #LB        #LB*       #UB       #Time        #UB+        #UB*      #Time      #TotalTime
First Gap  0.097109
ALPHA 1.9000 MaxIteration 500  TIMEOUT 0.035987
  1       1833       1833       2011      0.0360
 [Online-safe AQ eligibility guard] gap=0.0971 density=1.25 |V|=200 => No RL
       1937        1937      0.0100      0.0690
ALPHA 1.9000 MaxIteration 3  TIMEOUT 0.000305
  2       1756       1833       2204      0.0003       1937        1937      0.0000      0.0766
ALPHA 1.8304 MaxIteration 5  TIMEOUT 0.000852
  3       1764       1833       2145      0.0009       1957        1937      0.0000      0.0790
ALPHA 1.7658 MaxIteration 9  TIMEOUT 0.002055
  4       1781       1833       2114      0.0021       1937        1937      0.0000      0.0890
ALPHA 1.7056 MaxIteration 15  TIMEOUT 0.002923
  5       1753       1833       2128      0.0029       1940        1937      0.0000      0.0990
ALPHA 1.6493 MaxIteration 25  TIMEOUT 0.003321
  6       1746       1833       2140      0.0033       1940        1937      0.0000      0.1090
ALPHA 1.5966 MaxIteration 41  TIMEOUT 0.003022
  7       1716       1833       2113      0.0030       1940        1937      0.0000      0.1190
ALPHA 1.5472 MaxIteration 65  TIMEOUT 0.002644
  8       1714       1833       2108      0.0026       1938        1937      0.0000      0.1290
ALPHA 1.5008 MaxIteration 100  TIMEOUT 0.005312
  9       1714       1833       2108      0.0053       1940        1937      0.0000      0.1390
ALPHA 1.4571 MaxIteration 150  TIMEOUT 0.009220
 10       1714       1833       2107      0.0092       1959        1937      0.0000      0.1490
ALPHA 1.4158 MaxIteration 218  TIMEOUT 0.010934
 11       1714       1833       2107      0.0109       1937        1937      0.0100      0.1790
ALPHA 1.3768 MaxIteration 308  TIMEOUT 0.015333
 12       1714       1833       2107      0.0153       1937        1937      0.0000      0.2036
ALPHA 1.3399 MaxIteration 424  TIMEOUT 0.020887
 13       1714       1833       2107      0.0209       1937        1937      0.0100      0.2490
ALPHA 1.3049 MaxIteration 568  TIMEOUT 0.039477
 14       1718       1833       2107      0.0395       1937        1937      0.0100      0.3190
ALPHA 1.2718 MaxIteration 741  TIMEOUT 0.052838
 15       1719       1833       2107      0.0528       1937        1937      0.0000      0.4290
ALPHA 1.2402 MaxIteration 942  TIMEOUT 0.024284
 16       1680       1833       2107      0.0243       1937        1937      0.0100      0.4776
ALPHA 1.2102 MaxIteration 1168  TIMEOUT 0.054042
 17       1706       1833       2107      0.0540       1937        1937      0.0100      0.5890
ALPHA 1.1816 MaxIteration 1413  TIMEOUT 0.071639
 18       1706       1833       2107      0.0716       1937        1937      0.0000      0.7206
ALPHA 1.1543 MaxIteration 1669  TIMEOUT 0.093373
 19       1706       1833       2107      0.0934       1937        1937      0.0100      0.8990
ALPHA 1.1283 MaxIteration 1926  TIMEOUT 0.109948
 20       1706       1833       2107      0.1099       1937        1937      0.0200      1.0990
ALPHA 1.1034 MaxIteration 2173  TIMEOUT 0.139204
 21       1706       1833       2107      0.1392       1937        1937      0.0200      1.3590
ALPHA 1.0795 MaxIteration 2397  TIMEOUT 0.158550
 22       1706       1833       2107      0.1585       1937        1937      0.0100      1.6590
ALPHA 1.0567 MaxIteration 2587  TIMEOUT 0.117010
 23       1703       1833       2107      0.1170       1937        1937      0.0300      1.8790
ALPHA 1.0349 MaxIteration 2733  TIMEOUT 0.122613
 24       1703       1833       2107      0.1226       1937        1937      0.0100      2.1190
ALPHA 1.0349 MaxIteration 2828  TIMEOUT 0.126949
 25       1703       1833       2107      0.1269       1937        1937      0.0200      2.3590
ALPHA 1.0349 MaxIteration 2926  TIMEOUT 0.131482
 26       1703       1833       2108      0.1315       1937        1937      0.0000      2.6090
ALPHA 1.0349 MaxIteration 3027  TIMEOUT 0.136626
 27       1703       1833       2107      0.1366       1937        1937      0.0100      2.8690
ALPHA 1.0349 MaxIteration 3132  TIMEOUT 0.142409
 28       1703       1833       2107      0.1424       1937        1937      0.0000      3.1490
ALPHA 1.0349 MaxIteration 3241  TIMEOUT 0.151741
 29       1703       1833       2107      0.1517       1937        1937      0.0000      3.4490
ALPHA 1.0349 MaxIteration 3353  TIMEOUT 0.156798
 30       1703       1833       2107      0.1568       1937        1937      0.0200      3.7390
ALPHA 1.0349 MaxIteration 3469  TIMEOUT 0.169166
 31       1706       1833       2107      0.1692       1937        1937      0.0200      4.0590
ALPHA 1.0349 MaxIteration 3589  TIMEOUT 0.179070
 32       1706       1833       2107      0.1791       1937        1937      0.0200      4.3990
ALPHA 1.0349 MaxIteration 3714  TIMEOUT 0.187395
 33       1706       1833       2107      0.1874       1937        1937      0.0300      4.7490
ALPHA 1.0349 MaxIteration 3843  TIMEOUT 0.191089
 34       1706       1833       2107      0.1911       1937        1937      0.0000      5.1290
ALPHA 1.0349 MaxIteration 3976  TIMEOUT 0.206848
 35       1706       1833       2107      0.2068       1937        1937      0.0200      5.5226
ALPHA 1.0349 MaxIteration 4114  TIMEOUT 0.207799
 36       1706       1833       2107      0.2078       1937        1937      0.0000      5.9290
ALPHA 1.0349 MaxIteration 4257  TIMEOUT 0.211284
 37       1706       1833       2107      0.2113       1937        1937      0.0000      6.3490
ALPHA 1.0349 MaxIteration 4405  TIMEOUT 0.218683
 38       1706       1833       2107      0.2187       1937        1937      0.0200      6.7690
ALPHA 1.0349 MaxIteration 4558  TIMEOUT 0.202692
 39       1703       1833       2107      0.2027       1937        1937      0.0100      7.1590
ALPHA 1.0349 MaxIteration 4716  TIMEOUT 0.235088
 40       1706       1833       2107      0.2351       1937        1937      0.0200      7.5990
ALPHA 1.0349 MaxIteration 4880  TIMEOUT 0.213131
 41       1703       1833       2107      0.2131       1937        1937      0.0100      8.0190
ALPHA 1.0349 MaxIteration 5050  TIMEOUT 0.252908
 42       1706       1833       2107      0.2529       1937        1937      0.0100      8.5090
ALPHA 1.0349 MaxIteration 5226  TIMEOUT 0.262421
 43       1706       1833       2107      0.2624       1937        1937      0.0100      9.0190
ALPHA 1.0349 MaxIteration 5408  TIMEOUT 0.277110
 44       1706       1833       2107      0.2771       1937        1937      0.0100      9.5490
ALPHA 1.0349 MaxIteration 5596  TIMEOUT 0.279079
 45       1706       1833       2107      0.2791       1937        1937      0.0100     10.0690
ALPHA 1.0349 MaxIteration 5791  TIMEOUT 0.293550
 46       1706       1833       2107      0.2935       1937        1937      0.0100     10.6490
ALPHA 1.0349 MaxIteration 5992  TIMEOUT 0.311009
 47       1706       1833       2107      0.3110       1937        1937      0.0100     11.2590
ALPHA 1.0349 MaxIteration 6200  TIMEOUT 0.317663
 48       1706       1833       2107      0.3177       1937        1937      0.0100     11.8590
ALPHA 1.0349 MaxIteration 6416  TIMEOUT 0.337002
 49       1706       1833       2107      0.3370       1937        1937      0.0100     12.5090
ALPHA 1.0349 MaxIteration 6639  TIMEOUT 0.353354
 50       1706       1833       2107      0.3534       1937        1937      0.0100     13.1890
ALPHA 1.0349 MaxIteration 6870  TIMEOUT 0.364945
 51       1706       1833       2107      0.3649       1937        1937      0.0200     13.8990
ALPHA 1.0349 MaxIteration 7109  TIMEOUT 0.371752
 52       1706       1833       2107      0.3718       1937        1937      0.0100     14.6190
ALPHA 1.0349 MaxIteration 7356  TIMEOUT 0.393671
 53       1706       1833       2107      0.3937       1937        1937      0.0000     15.3790
ALPHA 1.0349 MaxIteration 7612  TIMEOUT 0.412491
 54       1706       1833       2107      0.4125       1937        1937      0.0100     16.1790
ALPHA 1.0349 MaxIteration 7877  TIMEOUT 0.426050
 55       1706       1833       2107      0.4261       1937        1937      0.0100     16.9890
ALPHA 1.0349 MaxIteration 8151  TIMEOUT 0.451280
 56       1706       1833       2107      0.4513       1937        1937      0.0000     17.8590
ALPHA 1.0349 MaxIteration 8435  TIMEOUT 0.467656
 57       1706       1833       2107      0.4677       1937        1937      0.0300     18.7390
ALPHA 1.0349 MaxIteration 8729  TIMEOUT 0.480041
 58       1706       1833       2107      0.4800       1937        1937      0.0000     19.6590
ALPHA 1.0349 MaxIteration 9033  TIMEOUT 0.341036
 59       1705       1833       2107      0.3410>>> T1_200_250_7.wclq |V| 200 |E| 250  (#LB 0.0000 1833 ---> 1833  0.0567  1937 <--- 2011  0.0368 #UB)  #solve_ime 20.0000 read_time 0.0010 
