>>IBM: |V|=200 |E|=2000
>>IBM: The maximum node weight is 49
/public/home/acs4vb4pqv/benchmarks/MWDS2026/T1_wclq/T1_200_2000_8.wclq #seed 102 #alpha 1.900 #timeout 0.100 K=5 RHO=0.05 Q0=0.90 BETA=3.5 AQ_MODE=guarded SAFE_AQ_MIN_GAP=0.050 SAFE_AQ_MIN_NODES=800
[v19] |V|=200 |E|=2000 density=10.00 USE_ADVANCED=0
#Rd        #LB        #LB*       #UB       #Time        #UB+        #UB*      #Time      #TotalTime
First Gap  1.328283
ALPHA 1.9000 MaxIteration 500  TIMEOUT 0.045900
  1        198        198        461      0.0459
 [Online-safe AQ eligibility guard] gap=1.3283 density=10.00 |V|=200 => No RL
        416         416      0.0100      0.0890
ALPHA 1.9000 MaxIteration 3  TIMEOUT 0.000350
  2        191        198        562      0.0004        416         416      0.0000      0.0990
ALPHA 1.8304 MaxIteration 5  TIMEOUT 0.000833
  3        179        198        506      0.0008        416         416      0.0000      0.1090
ALPHA 1.7658 MaxIteration 9  TIMEOUT 0.001166
  4        184        198        488      0.0012        416         416      0.0000      0.1190
ALPHA 1.7056 MaxIteration 15  TIMEOUT 0.002733
  5        180        198        507      0.0027        420         416      0.0000      0.1290
ALPHA 1.6493 MaxIteration 25  TIMEOUT 0.003048
  6        175        198        485      0.0030        428         416      0.0000      0.1390
ALPHA 1.5966 MaxIteration 41  TIMEOUT 0.004256
  7        178        198        457      0.0043        416         416      0.0000      0.1490
ALPHA 1.5472 MaxIteration 65  TIMEOUT 0.010507
  8        181        198        480      0.0105        416         416      0.0000      0.1790
ALPHA 1.5008 MaxIteration 100  TIMEOUT 0.009850
  9        189        198        492      0.0098        475         416      0.0000      0.1890
ALPHA 1.4571 MaxIteration 150  TIMEOUT 0.021437
 10        192        198        480      0.0214        416         416      0.0000      0.2390
ALPHA 1.4158 MaxIteration 218  TIMEOUT 0.040500
 11        193        198        485      0.0405        416         416      0.0000      0.3290
ALPHA 1.3768 MaxIteration 308  TIMEOUT 0.043067
 12        193        198        486      0.0431        419         416      0.0000      0.4190
ALPHA 1.3399 MaxIteration 424  TIMEOUT 0.039595
 13        181        198        468      0.0396        416         416      0.0100      0.4890
ALPHA 1.3049 MaxIteration 568  TIMEOUT 0.058618
 14        188        198        487      0.0586        416         416      0.0500      0.5990
ALPHA 1.2718 MaxIteration 741  TIMEOUT 0.073022
 15        193        198        467      0.0730        416         416      0.0000      0.7490
ALPHA 1.2402 MaxIteration 942  TIMEOUT 0.114573
 16        193        198        471      0.1146        416         416      0.0200      0.9790
ALPHA 1.2102 MaxIteration 1168  TIMEOUT 0.151837
 17        183        198        469      0.1518        416         416      0.0000      1.2890
ALPHA 1.1816 MaxIteration 1413  TIMEOUT 0.142667
 18        193        198        461      0.1427        416         416      0.0000      1.5790
ALPHA 1.1543 MaxIteration 1669  TIMEOUT 0.335777
 19        193        198        469      0.3358        416         416      0.0000      2.2390
ALPHA 1.1283 MaxIteration 1926  TIMEOUT 0.190378
 20        189        198        466      0.1904        416         416      0.0000      2.6290
ALPHA 1.1034 MaxIteration 2173  TIMEOUT 0.203146
 21        189        198        469      0.2031        416         416      0.0000      3.0290
ALPHA 1.0795 MaxIteration 2397  TIMEOUT 0.454681
 22        200        200        458      0.4547        416         416      0.0000      3.9290
ALPHA 1.0567 MaxIteration 2587  TIMEOUT 0.246012
 23        182        200        451      0.2460        416         416      0.0100      4.4190
ALPHA 1.0349 MaxIteration 2733  TIMEOUT 0.856097
 24        201        201        462      0.8561        416         416      0.0200      6.1090
ALPHA 1.0349 MaxIteration 2828  TIMEOUT 0.328888
 25        192        201        464      0.3289        416         416      0.0200      6.7490
ALPHA 1.0349 MaxIteration 2926  TIMEOUT 0.273168
 26        189        201        453      0.2732        416         416      0.0200      7.2990
ALPHA 1.0349 MaxIteration 3027  TIMEOUT 0.324951
 27        190        201        457      0.3250        416         416      0.0000      7.9390
ALPHA 1.0349 MaxIteration 3132  TIMEOUT 0.577387
 28        196        201        449      0.5774        416         416      0.0700      9.0690
ALPHA 1.0349 MaxIteration 3241  TIMEOUT 0.408794
 29        195        201        471      0.4088        416         416      0.0000      9.8790
ALPHA 1.0349 MaxIteration 3353  TIMEOUT 0.570150
 30        196        201        468      0.5701        416         416      0.0100     11.0090
ALPHA 1.0349 MaxIteration 3469  TIMEOUT 0.648226
 31        193        201        464      0.6482        416         416      0.0400     12.2790
ALPHA 1.0349 MaxIteration 3589  TIMEOUT 0.940637
 32        195        201        451      0.9406        416         416      0.0100     14.1490
ALPHA 1.0349 MaxIteration 3714  TIMEOUT 0.363441
 33        196        201        449      0.3634        416         416      0.1100     14.8690
ALPHA 1.0349 MaxIteration 3843  TIMEOUT 0.649113
 34        195        201        461      0.6491        416         416      0.0100     16.1390
ALPHA 1.0349 MaxIteration 3976  TIMEOUT 0.432106
 35        193        201        464      0.4321        416         416      0.0400     16.9990
ALPHA 1.0349 MaxIteration 4114  TIMEOUT 0.492968
 36        196        201        443      0.4930        416         416      0.0100     17.9790
ALPHA 1.0349 MaxIteration 4257  TIMEOUT 0.531865
 37        195        201        468      0.5319        416         416      0.0300     19.0390
ALPHA 1.0349 MaxIteration 4405  TIMEOUT 0.640449
 38        195        201        465      0.6404        416         416      0.0100     19.9990
ALPHA 1.0349 MaxIteration 4558  TIMEOUT 0.000961
 39        181        201        513      0.0010>>> T1_200_2000_8.wclq |V| 200 |E| 2000  (#LB 0.0152 198 ---> 201  1.0697  416 <--- 461  0.0976 #UB)  #solve_ime 20.0001 read_time 0.0010 
