>>IBM: |V|=150 |E|=2000
>>IBM: The maximum node weight is 1235
/public/home/acs4vb4pqv/benchmarks/MWDS2026/T2_wclq/T2_150_2000_1.wclq #seed 3 #alpha 1.900 #timeout 0.100 K=5 RHO=0.05 Q0=0.90 BETA=3.5 AQ_MODE=dbs SAFE_AQ_MIN_GAP=0.050 SAFE_AQ_MIN_NODES=800
[v19] |V|=150 |E|=2000 density=13.33 USE_ADVANCED=0
#Rd        #LB        #LB*       #UB       #Time        #UB+        #UB*      #Time      #TotalTime
First Gap  0.188867
ALPHA 1.9000 MaxIteration 500  TIMEOUT 0.038995
  1        503        503        598      0.0390        598         598      0.0000      0.0788
ALPHA 1.9000 MaxIteration 3  TIMEOUT 0.000320
  2        488        503        704      0.0003        598         598      0.0000      0.0889
ALPHA 1.8304 MaxIteration 5  TIMEOUT 0.000777
  3        477        503        621      0.0008        598         598      0.0000      0.0988
ALPHA 1.7658 MaxIteration 9  TIMEOUT 0.001309
  4        467        503        601      0.0013        598         598      0.0000      0.1088
ALPHA 1.7056 MaxIteration 15  TIMEOUT 0.001190
  5        454        503        598      0.0012        598         598      0.0000      0.1189
ALPHA 1.6493 MaxIteration 25  TIMEOUT 0.003150
  6        473        503        598      0.0032        598         598      0.0000      0.1289
ALPHA 1.5966 MaxIteration 41  TIMEOUT 0.009842
  7        470        503        598      0.0098        598         598      0.0000      0.1388
ALPHA 1.5472 MaxIteration 65  TIMEOUT 0.006013
  8        469        503        598      0.0060        598         598      0.0000      0.1488
ALPHA 1.5008 MaxIteration 100  TIMEOUT 0.009274
  9        469        503        598      0.0093        598         598      0.0000      0.1589
ALPHA 1.4571 MaxIteration 150  TIMEOUT 0.021409
 10        482        503        598      0.0214        598         598      0.0000      0.2089
ALPHA 1.4158 MaxIteration 218  TIMEOUT 0.017417
 11        481        503        598      0.0174        598         598      0.0000      0.2388
ALPHA 1.3768 MaxIteration 308  TIMEOUT 0.039466
 12        476        503        598      0.0395        598         598      0.0000      0.3089
ALPHA 1.3399 MaxIteration 424  TIMEOUT 0.045627
 13        476        503        598      0.0456        598         598      0.0000      0.3988
ALPHA 1.3049 MaxIteration 568  TIMEOUT 0.073300
 14        476        503        598      0.0733        598         598      0.0000      0.5488
ALPHA 1.2718 MaxIteration 741  TIMEOUT 0.094535
 15        476        503        598      0.0945        598         598      0.0000      0.7389
ALPHA 1.2402 MaxIteration 942  TIMEOUT 0.116785
 16        476        503        598      0.1168        598         598      0.0000      0.9589
ALPHA 1.2102 MaxIteration 1168  TIMEOUT 0.142316
 17        482        503        598      0.1423        598         598      0.0000      1.2488
ALPHA 1.1816 MaxIteration 1413  TIMEOUT 0.176395
 18        482        503        598      0.1764        598         598      0.0000      1.5989
ALPHA 1.1543 MaxIteration 1669  TIMEOUT 0.203178
 19        482        503        598      0.2032        598         598      0.0000      1.9988
ALPHA 1.1283 MaxIteration 1926  TIMEOUT 0.230366
 20        482        503        598      0.2304        598         598      0.0000      2.4588
ALPHA 1.1034 MaxIteration 2173  TIMEOUT 0.258941
 21        482        503        598      0.2589        598         598      0.0000      2.9589
ALPHA 1.0795 MaxIteration 2397  TIMEOUT 0.400912
 22        496        503        598      0.4009        598         598      0.0000      3.7489
ALPHA 1.0567 MaxIteration 2587  TIMEOUT 0.348499
 23        487        503        598      0.3485        598         598      0.0000      4.4289
ALPHA 1.0349 MaxIteration 2733  TIMEOUT 0.346833
 24        486        503        598      0.3468        598         598      0.0000      5.1089
ALPHA 1.0349 MaxIteration 2828  TIMEOUT 0.396804
 25        482        503        598      0.3968        598         598      0.0000      5.8889
ALPHA 1.0349 MaxIteration 2926  TIMEOUT 0.362390
 26        476        503        598      0.3624        598         598      0.0000      6.6089
ALPHA 1.0349 MaxIteration 3027  TIMEOUT 0.216647
 27        464        503        598      0.2166        598         598      0.0000      7.0389
ALPHA 1.0349 MaxIteration 3132  TIMEOUT 0.372809
 28        482        503        598      0.3728        598         598      0.0000      7.7888
ALPHA 1.0349 MaxIteration 3241  TIMEOUT 0.399269
 29        479        503        598      0.3993        598         598      0.0000      8.5789
ALPHA 1.0349 MaxIteration 3353  TIMEOUT 0.408903
 30        482        503        598      0.4089        598         598      0.0000      9.3789
ALPHA 1.0349 MaxIteration 3469  TIMEOUT 0.434218
 31        476        503        598      0.4342        598         598      0.0000     10.2389
ALPHA 1.0349 MaxIteration 3589  TIMEOUT 0.509426
 32        482        503        598      0.5094        598         598      0.0000     11.2388
ALPHA 1.0349 MaxIteration 3714  TIMEOUT 0.416683
 33        484        503        598      0.4167        598         598      0.0000     12.0589
ALPHA 1.0349 MaxIteration 3843  TIMEOUT 0.461312
 34        476        503        598      0.4613        598         598      0.0000     12.9889
ALPHA 1.0349 MaxIteration 3976  TIMEOUT 0.465351
 35        476        503        598      0.4654        598         598      0.0000     13.9088
ALPHA 1.0349 MaxIteration 4114  TIMEOUT 0.641705
 36        482        503        598      0.6417        598         598      0.0000     15.1983
ALPHA 1.0349 MaxIteration 4257  TIMEOUT 0.504339
 37        482        503        598      0.5043        598         598      0.0000     16.1989
ALPHA 1.0349 MaxIteration 4405  TIMEOUT 0.525798
 38        482        503        598      0.5258        598         598      0.0000     17.2389
ALPHA 1.0349 MaxIteration 4558  TIMEOUT 0.577677
 39        482        503        598      0.5777        598         598      0.0000     18.3789
ALPHA 1.0349 MaxIteration 4716  TIMEOUT 0.650643
 40        478        503        598      0.6506        598         598      0.0000     19.6888
ALPHA 1.0349 MaxIteration 4880  TIMEOUT 0.311185
 41        466        503        598      0.3112>>> T2_150_2000_1.wclq |V| 150 |E| 2000  (#LB 0.0000 503 ---> 503  0.1889  598 <--- 598  0.0000 #UB)  #solve_ime 20.0000 read_time 0.0012 
