With  Parameters CUTOFF 20 SEED 2  ALPHA = 1.900  K=5 RHO=0.05 Q0=0.90 BETA=3.0 AQ_MODE=dbs
Reading  graph ...  time 0.128584  
Reducing graph ...  time 0.011473  
[v6] |V|=82168 |E|=504230 density=6.14 USE_ADVANCED=1 SAFE_AQ_MIN_GAP=0.050 DEEP_AQ_RANGE=[800, 5.00, 10.00] structure_blocks_aq=0
#Rd        #LB        #LB*       #UB       #Time        #UB+        #UB*      #Time      #TotalTime
First Gap  0.000488
  1    1142491    1142491    1143048      3.2311
 Switch to DBS-only search, timeout 3.231101....
 [Online-safe AQ first-gap guard] FIRST_GAP 0.0005 < 0.0500, disabling AQ
    1143054     1143054      2.5359        6.4865
ALPHA 1.9000 MaxIteration 3  TIMEOUT 3.231101
  2    1142491    1142491    1143149      0.0119    1144326     1143054      0.0050        6.5175
ALPHA 1.8304 MaxIteration 5  TIMEOUT 0.022665
  3    1142491    1142491    1143149      0.0206    1144326     1143054      0.0051        6.5616
ALPHA 1.7658 MaxIteration 9  TIMEOUT 0.037661
  4    1142491    1142491    1143149      0.0342    1144258     1143054      0.0050        6.6330
ALPHA 1.7056 MaxIteration 15  TIMEOUT 0.060419
  5    1142491    1142491    1143152      0.0600    1144326     1143054      0.0049        6.7563
ALPHA 1.6493 MaxIteration 25  TIMEOUT 0.102412
  6    1142491    1142491    1143153      0.0998    1144326     1143054      0.0068        6.9590
ALPHA 1.5966 MaxIteration 41  TIMEOUT 0.164647
  7    1142491    1142491    1143172      0.1612    1143950     1143054      0.1585        7.2846
ALPHA 1.5472 MaxIteration 65  TIMEOUT 0.257397
  8    1142491    1142491    1143175      0.2541    1143595     1143054      0.1995        7.7962
ALPHA 1.5008 MaxIteration 100  TIMEOUT 0.393107
  9    1142491    1142491    1143175      0.3339    1143501     1143054      0.2862        8.4677
ALPHA 1.4571 MaxIteration 150  TIMEOUT 0.501112
 10    1142491    1142491    1143175      0.5026    1143257     1143054      0.4994        9.4777
ALPHA 1.4158 MaxIteration 218  TIMEOUT 0.732303
 11    1142491    1142491    1143175      0.7157    1143198     1143054      0.6632       10.9135
ALPHA 1.3768 MaxIteration 308  TIMEOUT 1.013299
 12    1142491    1142491    1143175      1.0137    1143138     1143054      0.7565       12.9471
ALPHA 1.3399 MaxIteration 424  TIMEOUT 1.395733
 13    1142491    1142491    1143175      1.3215    1143057     1143054      5.4230       19.9983
>>> Slashdot0902.clq |V| 82168 |E| 504230  (#LB 0.0000 1142491 ---> 1142491  0.0005  1143054 <--- 1143048  -0.0000 #UB)  #read_time 0.1286  #reduce_time 0.0115  #solve_time 19.9984  #total_time 20.1384
 