With  Parameters CUTOFF 20 SEED 1  ALPHA = 1.900  K=5 RHO=0.05 Q0=0.90 BETA=3.0 AQ_MODE=guarded
Reading  graph ...  time 0.004437  
Reducing graph ...  time 0.000185  
[v6] |V|=200 |E|=17910 density=89.55 USE_ADVANCED=0 SAFE_AQ_MIN_GAP=0.050 DEEP_AQ_RANGE=[800, 5.00, 10.00] structure_blocks_aq=1
#Rd        #LB        #LB*       #UB       #Time        #UB+        #UB*      #Time      #TotalTime
First Gap  0.200000
  1          5          5          6      0.0981
 Switch to DBS-only search, timeout 0.098139....
 [Online-safe AQ structure guard] |V|=200 density=89.55 outside [800, 5.00, 10.00], disabling AQ
          6           6      0.0012        0.1967
ALPHA 1.9000 MaxIteration 3  TIMEOUT 0.098139
  2          5          5          6      0.0006          6           6      0.0011        0.1985
ALPHA 1.8304 MaxIteration 5  TIMEOUT 0.001197
  3          5          5          6      0.0013          6           6      0.0011        0.2011
ALPHA 1.7658 MaxIteration 9  TIMEOUT 0.002372
  4          5          5          7      0.0025          6           6      0.0011        0.2061
ALPHA 1.7056 MaxIteration 15  TIMEOUT 0.004347
  5          4          5          7      0.0021          6           6      0.0011        0.2104
ALPHA 1.6493 MaxIteration 25  TIMEOUT 0.003507
  6          4          5          7      0.0033          6           6      0.0011        0.2171
ALPHA 1.5966 MaxIteration 41  TIMEOUT 0.005449
  7          4          5          7      0.0054          6           6      0.0011        0.2279
ALPHA 1.5472 MaxIteration 65  TIMEOUT 0.008547
  8          4          5          7      0.0085          6           6      0.0011        0.2449
ALPHA 1.5008 MaxIteration 100  TIMEOUT 0.013077
  9          4          5          7      0.0128          6           6      0.0011        0.2706
ALPHA 1.4571 MaxIteration 150  TIMEOUT 0.019222
 10          4          5          7      0.0190          6           6      0.0011        0.3114
ALPHA 1.4158 MaxIteration 218  TIMEOUT 0.027723
 11          4          5          7      0.0265          6           6      0.0011        0.3653
ALPHA 1.3768 MaxIteration 308  TIMEOUT 0.037461
 12          4          5          7      0.0375          6           6      0.0011        0.4406
ALPHA 1.3399 MaxIteration 424  TIMEOUT 0.051683
 13          4          5          7      0.0517          6           6      0.0011        0.5441
ALPHA 1.3049 MaxIteration 568  TIMEOUT 0.069307
 14          4          5          7      0.0694          6           6      0.0012        0.6832
ALPHA 1.2718 MaxIteration 741  TIMEOUT 0.090583
 15          4          5          7      0.0907          6           6      0.0011        0.8656
ALPHA 1.2402 MaxIteration 942  TIMEOUT 0.115329
 16          4          5          7      0.1154          6           6      0.0012        1.0965
ALPHA 1.2102 MaxIteration 1168  TIMEOUT 0.143095
 17          4          5          7      0.1432          6           6      0.0012        1.3831
ALPHA 1.1816 MaxIteration 1413  TIMEOUT 0.173356
 18          4          5          7      0.1734          6           6      0.0012        1.7300
ALPHA 1.1543 MaxIteration 1669  TIMEOUT 0.204929
 19          4          5          7      0.2050          6           6      0.0012        2.1402
ALPHA 1.1283 MaxIteration 1926  TIMEOUT 0.236638
 20          4          5          7      0.2367          6           6      0.0012        2.6150
ALPHA 1.1034 MaxIteration 2173  TIMEOUT 0.267074
 21          4          5          7      0.2671          6           6      0.0012        3.1495
ALPHA 1.0795 MaxIteration 2397  TIMEOUT 0.294752
 22          4          5          7      0.2948          6           6      0.0012        3.7391
ALPHA 1.0567 MaxIteration 2587  TIMEOUT 0.318203
 23          4          5          7      0.3183          6           6      0.0012        4.3758
ALPHA 1.0349 MaxIteration 2733  TIMEOUT 0.336330
 24          4          5          7      0.3365          6           6      0.0012        5.0498
ALPHA 1.0349 MaxIteration 2828  TIMEOUT 0.348184
 25          4          5          7      0.3483          6           6      0.0012        5.7495
ALPHA 1.0349 MaxIteration 2926  TIMEOUT 0.360431
 26          4          5          7      0.3605          6           6      0.0012        6.4718
ALPHA 1.0349 MaxIteration 3027  TIMEOUT 0.373095
 27          4          5          7      0.3732          6           6      0.0012        7.2202
ALPHA 1.0349 MaxIteration 3132  TIMEOUT 0.386167
 28          4          5          7      0.3862          6           6      0.0012        7.9929
ALPHA 1.0349 MaxIteration 3241  TIMEOUT 0.399690
 29          4          5          7      0.3998          6           6      0.0012        8.7946
ALPHA 1.0349 MaxIteration 3353  TIMEOUT 0.413766
 30          4          5          7      0.4138          6           6      0.0012        9.6249
ALPHA 1.0349 MaxIteration 3469  TIMEOUT 0.428246
 31          4          5          7      0.4284          6           6      0.0012       10.4852
ALPHA 1.0349 MaxIteration 3589  TIMEOUT 0.443302
 32          4          5          7      0.4434          6           6      0.0012       11.3760
ALPHA 1.0349 MaxIteration 3714  TIMEOUT 0.458808
 33          4          5          7      0.4589          6           6      0.0012       12.2961
ALPHA 1.0349 MaxIteration 3843  TIMEOUT 0.474908
 34          4          5          7      0.4749          6           6      0.0012       13.2471
ALPHA 1.0349 MaxIteration 3976  TIMEOUT 0.491479
 35          4          5          7      0.4915          6           6      0.0012       19.9988
>>> gen200_p0.9_55.clq |V| 200 |E| 17910  (#LB 0.0000 5 ---> 5  0.1667  6 <--- 6  0.0000 #UB)  #read_time 0.0044  #reduce_time 0.0002  #solve_time 19.9989  #total_time 20.0035
 