>>IBM: |V|=100 |E|=100
>>IBM: The maximum node weight is 49
/public/home/acs4vb4pqv/benchmarks/MWDS2026/T1_wclq/T1_100_100_2.wclq #seed 102 #alpha 1.900 #timeout 0.100 K=5 RHO=0.05 Q0=0.90 BETA=3.5 AQ_MODE=dbs SAFE_AQ_MIN_GAP=0.050 SAFE_AQ_MIN_NODES=800
[v19] |V|=100 |E|=100 density=1.00 USE_ADVANCED=0
#Rd        #LB        #LB*       #UB       #Time        #UB+        #UB*      #Time      #TotalTime
First Gap  0.036204
ALPHA 1.9000 MaxIteration 500  TIMEOUT 0.010721
  1       1022       1022       1059      0.0107       1039        1039      0.0000      0.0287
ALPHA 1.9000 MaxIteration 3  TIMEOUT 0.000086
  2        984       1022       1139      0.0001       1039        1039      0.0000      0.0387
ALPHA 1.8304 MaxIteration 5  TIMEOUT 0.000076
  3        966       1022       1143      0.0001       1039        1039      0.0000      0.0487
ALPHA 1.7658 MaxIteration 9  TIMEOUT 0.000113
  4        966       1022       1143      0.0001       1039        1039      0.0000      0.0587
ALPHA 1.7056 MaxIteration 15  TIMEOUT 0.000165
  5        966       1022       1143      0.0002       1039        1039      0.0000      0.0687
ALPHA 1.6493 MaxIteration 25  TIMEOUT 0.000250
  6        966       1022       1143      0.0003       1039        1039      0.0000      0.0787
ALPHA 1.5966 MaxIteration 41  TIMEOUT 0.000401
  7        966       1022       1143      0.0004       1039        1039      0.0000      0.0887
ALPHA 1.5472 MaxIteration 65  TIMEOUT 0.000584
  8        966       1022       1143      0.0006       1039        1039      0.0000      0.0929
ALPHA 1.5008 MaxIteration 100  TIMEOUT 0.000785
  9        966       1022       1143      0.0008       1039        1039      0.0000      0.0987
ALPHA 1.4571 MaxIteration 150  TIMEOUT 0.001313
 10        966       1022       1143      0.0013       1039        1039      0.0000      0.1087
ALPHA 1.4158 MaxIteration 218  TIMEOUT 0.001890
 11        966       1022       1143      0.0019       1039        1039      0.0000      0.1187
ALPHA 1.3768 MaxIteration 308  TIMEOUT 0.002606
 12        966       1022       1143      0.0026       1039        1039      0.0000      0.1287
ALPHA 1.3399 MaxIteration 424  TIMEOUT 0.003564
 13        966       1022       1143      0.0036       1039        1039      0.0000      0.1387
ALPHA 1.3049 MaxIteration 568  TIMEOUT 0.004894
 14        966       1022       1143      0.0049       1039        1039      0.0000      0.1487
ALPHA 1.2718 MaxIteration 741  TIMEOUT 0.006427
 15        966       1022       1143      0.0064       1039        1039      0.0000      0.1587
ALPHA 1.2402 MaxIteration 942  TIMEOUT 0.007026
 16        966       1022       1143      0.0070       1039        1039      0.0000      0.1687
ALPHA 1.2102 MaxIteration 1168  TIMEOUT 0.009780
 17        966       1022       1143      0.0098       1054        1039      0.0000      0.1787
ALPHA 1.1816 MaxIteration 1413  TIMEOUT 0.011955
 18        966       1022       1143      0.0120       1039        1039      0.0000      0.2035
ALPHA 1.1543 MaxIteration 1669  TIMEOUT 0.013841
 19        966       1022       1143      0.0138       1039        1039      0.0100      0.2287
ALPHA 1.1283 MaxIteration 1926  TIMEOUT 0.015300
 20        966       1022       1143      0.0153       1039        1039      0.0000      0.2587
ALPHA 1.1034 MaxIteration 2173  TIMEOUT 0.018582
 21        966       1022       1143      0.0186       1039        1039      0.0100      0.2887
ALPHA 1.0795 MaxIteration 2397  TIMEOUT 0.019934
 22        966       1022       1143      0.0199       1039        1039      0.0100      0.3187
ALPHA 1.0567 MaxIteration 2587  TIMEOUT 0.019722
 23        966       1022       1143      0.0197       1039        1039      0.0000      0.3387
ALPHA 1.0349 MaxIteration 2733  TIMEOUT 0.021726
 24        966       1022       1143      0.0217       1039        1039      0.0000      0.3825
ALPHA 1.0349 MaxIteration 2828  TIMEOUT 0.023559
 25        966       1022       1143      0.0236       1039        1039      0.0000      0.4287
ALPHA 1.0349 MaxIteration 2926  TIMEOUT 0.023588
 26        966       1022       1143      0.0236       1039        1039      0.0000      0.4787
ALPHA 1.0349 MaxIteration 3027  TIMEOUT 0.025788
 27        966       1022       1143      0.0258       1039        1039      0.0000      0.5187
ALPHA 1.0349 MaxIteration 3132  TIMEOUT 0.025415
 28        966       1022       1143      0.0254       1039        1039      0.0000      0.5687
ALPHA 1.0349 MaxIteration 3241  TIMEOUT 0.025892
 29        966       1022       1143      0.0259       1039        1039      0.0000      0.6087
ALPHA 1.0349 MaxIteration 3353  TIMEOUT 0.025237
 30        966       1022       1143      0.0252       1039        1039      0.0000      0.6587
ALPHA 1.0349 MaxIteration 3469  TIMEOUT 0.027291
 31        966       1022       1143      0.0273       1039        1039      0.0000      0.7087
ALPHA 1.0349 MaxIteration 3589  TIMEOUT 0.029321
 32        966       1022       1143      0.0293       1039        1039      0.0100      0.7587
ALPHA 1.0349 MaxIteration 3714  TIMEOUT 0.030878
 33        966       1022       1143      0.0309       1039        1039      0.0000      0.8187
ALPHA 1.0349 MaxIteration 3843  TIMEOUT 0.031038
 34        966       1022       1143      0.0310       1039        1039      0.0000      0.8887
ALPHA 1.0349 MaxIteration 3976  TIMEOUT 0.032357
 35        966       1022       1143      0.0324       1039        1039      0.0000      0.9487
ALPHA 1.0349 MaxIteration 4114  TIMEOUT 0.032190
 36        966       1022       1143      0.0322       1039        1039      0.0000      1.0087
ALPHA 1.0349 MaxIteration 4257  TIMEOUT 0.035394
 37        966       1022       1143      0.0354       1039        1039      0.0000      1.0787
ALPHA 1.0349 MaxIteration 4405  TIMEOUT 0.036089
 38        966       1022       1143      0.0361       1039        1039      0.0000      1.1402
ALPHA 1.0349 MaxIteration 4558  TIMEOUT 0.036972
 39        966       1022       1143      0.0370       1039        1039      0.0100      1.2087
ALPHA 1.0349 MaxIteration 4716  TIMEOUT 0.038357
 40        966       1022       1143      0.0384       1039        1039      0.0100      1.2787
ALPHA 1.0349 MaxIteration 4880  TIMEOUT 0.039481
 41        966       1022       1143      0.0395       1039        1039      0.0100      1.3487
ALPHA 1.0349 MaxIteration 5050  TIMEOUT 0.041003
 42        966       1022       1143      0.0410       1039        1039      0.0000      1.4387
ALPHA 1.0349 MaxIteration 5226  TIMEOUT 0.040927
 43        966       1022       1143      0.0409       1039        1039      0.0000      1.5287
ALPHA 1.0349 MaxIteration 5408  TIMEOUT 0.042496
 44        966       1022       1143      0.0425       1039        1039      0.0000      1.6087
ALPHA 1.0349 MaxIteration 5596  TIMEOUT 0.042883
 45        966       1022       1143      0.0429       1039        1039      0.0000      1.6887
ALPHA 1.0349 MaxIteration 5791  TIMEOUT 0.045276
 46        966       1022       1143      0.0453       1039        1039      0.0000      1.7687
ALPHA 1.0349 MaxIteration 5992  TIMEOUT 0.048359
 47        966       1022       1143      0.0484       1039        1039      0.0100      1.8587
ALPHA 1.0349 MaxIteration 6200  TIMEOUT 0.048821
 48        966       1022       1143      0.0488       1039        1039      0.0100      1.9387
ALPHA 1.0349 MaxIteration 6416  TIMEOUT 0.050680
 49        966       1022       1143      0.0507       1039        1039      0.0000      2.0387
ALPHA 1.0349 MaxIteration 6639  TIMEOUT 0.051469
 50        966       1022       1143      0.0515       1039        1039      0.0000      2.1487
ALPHA 1.0349 MaxIteration 6870  TIMEOUT 0.053502
 51        966       1022       1143      0.0535       1039        1039      0.0000      2.2587
ALPHA 1.0349 MaxIteration 7109  TIMEOUT 0.054716
 52        966       1022       1143      0.0547       1039        1039      0.0000      2.3687
ALPHA 1.0349 MaxIteration 7356  TIMEOUT 0.059757
 53        966       1022       1143      0.0598       1039        1039      0.0100      2.4687
ALPHA 1.0349 MaxIteration 7612  TIMEOUT 0.062721
 54        966       1022       1143      0.0627       1039        1039      0.0000      2.5987
ALPHA 1.0349 MaxIteration 7877  TIMEOUT 0.062920
 55        966       1022       1143      0.0629       1039        1039      0.0000      2.7129
ALPHA 1.0349 MaxIteration 8151  TIMEOUT 0.065670
 56        966       1022       1143      0.0657       1039        1039      0.0100      2.8287
ALPHA 1.0349 MaxIteration 8435  TIMEOUT 0.068501
 57        966       1022       1143      0.0685       1039        1039      0.0000      2.9487
ALPHA 1.0349 MaxIteration 8729  TIMEOUT 0.068663
 58        966       1022       1143      0.0687       1039        1039      0.0100      3.0687
ALPHA 1.0349 MaxIteration 9033  TIMEOUT 0.073577
 59        966       1022       1143      0.0736       1039        1039      0.0000      3.2087
ALPHA 1.0349 MaxIteration 9347  TIMEOUT 0.076071
 60        966       1022       1143      0.0761       1039        1039      0.0000      3.3487
ALPHA 1.0349 MaxIteration 9672  TIMEOUT 0.076082
 61        966       1022       1143      0.0761       1039        1039      0.0000      3.4887
ALPHA 1.0349 MaxIteration 10009  TIMEOUT 0.079390
 62        966       1022       1143      0.0794       1039        1039      0.0100      3.6287
ALPHA 1.0349 MaxIteration 10357  TIMEOUT 0.082265
 63        966       1022       1143      0.0823       1039        1039      0.0000      3.7787
ALPHA 1.0349 MaxIteration 10718  TIMEOUT 0.086833
 64        966       1022       1143      0.0868       1039        1039      0.0000      3.9387
ALPHA 1.0349 MaxIteration 11091  TIMEOUT 0.088052
 65        966       1022       1143      0.0881       1039        1039      0.0000      4.0986
ALPHA 1.0349 MaxIteration 11477  TIMEOUT 0.088620
 66        966       1022       1143      0.0886       1039        1039      0.0100      4.2536
ALPHA 1.0349 MaxIteration 11877  TIMEOUT 0.095880
 67        966       1022       1143      0.0959       1039        1039      0.0000      4.4366
ALPHA 1.0349 MaxIteration 12291  TIMEOUT 0.098519
 68        966       1022       1143      0.0985       1039        1039      0.0000      4.6187
ALPHA 1.0349 MaxIteration 12719  TIMEOUT 0.102048
 69        966       1022       1143      0.1020       1039        1039      0.0000      4.8187
ALPHA 1.0349 MaxIteration 13162  TIMEOUT 0.107723
 70        966       1022       1143      0.1077       1039        1039      0.0000      5.0187
ALPHA 1.0349 MaxIteration 13620  TIMEOUT 0.107754
 71        966       1022       1143      0.1078       1039        1039      0.0000      5.2095
ALPHA 1.0349 MaxIteration 14094  TIMEOUT 0.109674
 72        966       1022       1143      0.1097       1039        1039      0.0000      5.4087
ALPHA 1.0349 MaxIteration 14585  TIMEOUT 0.120890
 73        966       1022       1143      0.1209       1039        1039      0.0000      5.6387
ALPHA 1.0349 MaxIteration 15093  TIMEOUT 0.121958
 74        966       1022       1143      0.1220       1039        1039      0.0000      5.8687
ALPHA 1.0349 MaxIteration 15619  TIMEOUT 0.124497
 75        966       1022       1143      0.1245       1039        1039      0.0000      6.0987
ALPHA 1.0349 MaxIteration 16163  TIMEOUT 0.129310
 76        966       1022       1143      0.1293       1039        1039      0.0100      6.3387
ALPHA 1.0349 MaxIteration 16726  TIMEOUT 0.131060
 77        966       1022       1143      0.1311       1039        1039      0.0000      6.5887
ALPHA 1.0349 MaxIteration 17309  TIMEOUT 0.142271
 78        966       1022       1143      0.1423       1039        1039      0.0000      6.8587
ALPHA 1.0349 MaxIteration 17912  TIMEOUT 0.148588
 79        966       1022       1143      0.1486       1039        1039      0.0100      7.1287
ALPHA 1.0349 MaxIteration 18536  TIMEOUT 0.152398
 80        966       1022       1143      0.1524       1039        1039      0.0000      7.4087
ALPHA 1.0349 MaxIteration 19182  TIMEOUT 0.155458
 81        966       1022       1143      0.1555       1039        1039      0.0100      7.6950
ALPHA 1.0349 MaxIteration 19850  TIMEOUT 0.164412
 82        966       1022       1143      0.1644       1039        1039      0.0000      7.9987
ALPHA 1.0349 MaxIteration 20541  TIMEOUT 0.169023
 83        966       1022       1143      0.1690       1039        1039      0.0100      8.3087
ALPHA 1.0349 MaxIteration 21257  TIMEOUT 0.176331
 84        966       1022       1143      0.1763       1039        1039      0.0000      8.6187
ALPHA 1.0349 MaxIteration 21997  TIMEOUT 0.176836
 85        966       1022       1143      0.1768       1039        1039      0.0000      8.9387
ALPHA 1.0349 MaxIteration 22763  TIMEOUT 0.191368
 86        966       1022       1143      0.1914       1039        1039      0.0000      9.2887
ALPHA 1.0349 MaxIteration 23556  TIMEOUT 0.195502
 87        966       1022       1143      0.1955       1039        1039      0.0000      9.6587
ALPHA 1.0349 MaxIteration 24377  TIMEOUT 0.198731
 88        966       1022       1143      0.1987       1039        1039      0.0100     10.0187
ALPHA 1.0349 MaxIteration 25226  TIMEOUT 0.204746
 89        966       1022       1143      0.2047       1039        1039      0.0000     10.4087
ALPHA 1.0349 MaxIteration 26105  TIMEOUT 0.212857
 90        966       1022       1143      0.2129       1039        1039      0.0000     10.8087
ALPHA 1.0349 MaxIteration 27014  TIMEOUT 0.221082
 91        966       1022       1143      0.2211       1039        1039      0.0000     11.2205
ALPHA 1.0349 MaxIteration 27955  TIMEOUT 0.228715
 92        966       1022       1143      0.2287       1039        1039      0.0000     11.6387
ALPHA 1.0349 MaxIteration 28929  TIMEOUT 0.237030
 93        966       1022       1143      0.2370       1039        1039      0.0000     12.0687
ALPHA 1.0349 MaxIteration 29937  TIMEOUT 0.246019
 94        966       1022       1143      0.2460       1039        1039      0.0000     12.5287
ALPHA 1.0349 MaxIteration 30980  TIMEOUT 0.241831
 95        966       1022       1143      0.2418       1039        1039      0.0000     12.9887
ALPHA 1.0349 MaxIteration 32059  TIMEOUT 0.257965
 96        966       1022       1143      0.2580       1039        1039      0.0000     13.4587
ALPHA 1.0349 MaxIteration 33176  TIMEOUT 0.269116
 97        966       1022       1143      0.2691       1039        1039      0.0100     13.9387
ALPHA 1.0349 MaxIteration 34332  TIMEOUT 0.275875
 98        966       1022       1143      0.2759       1039        1039      0.0000     14.4387
ALPHA 1.0349 MaxIteration 35528  TIMEOUT 0.279792
 99        966       1022       1143      0.2798       1039        1039      0.0100     14.9487
ALPHA 1.0349 MaxIteration 36766  TIMEOUT 0.294343
100        966       1022       1143      0.2943       1039        1039      0.0000     15.4978
ALPHA 1.0349 MaxIteration 38047  TIMEOUT 0.308469
101        966       1022       1143      0.3085       1039        1039      0.0000     16.0487
ALPHA 1.0349 MaxIteration 39373  TIMEOUT 0.323155
102        966       1022       1143      0.3232       1039        1039      0.0000     16.6496
ALPHA 1.0349 MaxIteration 40745  TIMEOUT 0.323370
103        966       1022       1143      0.3234       1039        1039      0.0000     17.2387
ALPHA 1.0349 MaxIteration 42165  TIMEOUT 0.339601
104        966       1022       1143      0.3396       1039        1039      0.0100     17.8684
ALPHA 1.0349 MaxIteration 43634  TIMEOUT 0.350068
105        966       1022       1143      0.3501       1039        1039      0.0100     18.5287
ALPHA 1.0349 MaxIteration 45155  TIMEOUT 0.368055
106        966       1022       1143      0.3681       1039        1039      0.0000     19.2087
ALPHA 1.0349 MaxIteration 46729  TIMEOUT 0.385224
107        966       1022       1143      0.3852       1039        1039      0.0000     19.9087
ALPHA 1.0349 MaxIteration 48357  TIMEOUT 0.091315
108        966       1022       1143      0.0913>>> T1_100_100_2.wclq |V| 100 |E| 100  (#LB 0.0000 1022 ---> 1022  0.0166  1039 <--- 1059  0.0189 #UB)  #solve_ime 20.0000 read_time 0.0013 
