With  Parameters CUTOFF 20 SEED 3  ALPHA = 1.900  K=5 RHO=0.05 Q0=0.90 BETA=3.0 AQ_MODE=guarded
Reading  graph ...  time 0.000274  
Reducing graph ...  time 0.000032  
[v6] |V|=200 |E|=250 density=1.25 USE_ADVANCED=0 SAFE_AQ_MIN_GAP=0.050 DEEP_AQ_RANGE=[800, 5.00, 10.00] structure_blocks_aq=1
#Rd        #LB        #LB*       #UB       #Time        #UB+        #UB*      #Time      #TotalTime
First Gap  0.090909
  1       1848       1848       2016      0.0237
 Switch to DBS-only search, timeout 0.023718....
 [Online-safe AQ structure guard] |V|=200 density=1.25 outside [800, 5.00, 10.00], disabling AQ
       1937        1937      0.0034        0.0475
ALPHA 1.9000 MaxIteration 3  TIMEOUT 0.023718
  2       1823       1848       2050      0.0001       2016        1937      0.0001        0.0478
ALPHA 1.8304 MaxIteration 5  TIMEOUT 0.000277
  3       1816       1848       2095      0.0003       1996        1937      0.0002        0.0484
ALPHA 1.7658 MaxIteration 9  TIMEOUT 0.000560
  4       1838       1848       2079      0.0005       1971        1937      0.0003        0.0494
ALPHA 1.7056 MaxIteration 15  TIMEOUT 0.000832
  5       1835       1848       2089      0.0009       1941        1937      0.0008        0.0511
ALPHA 1.6493 MaxIteration 25  TIMEOUT 0.001460
  6       1836       1848       2037      0.0015       1954        1937      0.0006        0.0541
ALPHA 1.5966 MaxIteration 41  TIMEOUT 0.002444
  7       1856       1856       2035      0.0023       1937        1937      0.0014        0.0588
ALPHA 1.5472 MaxIteration 65  TIMEOUT 0.003735
  8       1856       1856       2035      0.0021       1953        1937      0.0008        0.0631
ALPHA 1.5008 MaxIteration 100  TIMEOUT 0.003243
  9       1856       1856       2029      0.0033       1940        1937      0.0031        0.0697
ALPHA 1.4571 MaxIteration 150  TIMEOUT 0.004917
 10       1856       1856       2024      0.0049       1941        1937      0.0048        0.0796
ALPHA 1.4158 MaxIteration 218  TIMEOUT 0.007191
 11       1856       1856       2024      0.0072       1937        1937      0.0048        0.0941
ALPHA 1.3768 MaxIteration 308  TIMEOUT 0.010219
 12       1856       1856       2024      0.0100       1937        1937      0.0027        0.1141
ALPHA 1.3399 MaxIteration 424  TIMEOUT 0.013761
 13       1858       1858       2024      0.0138       1937        1937      0.0011        0.1418
ALPHA 1.3049 MaxIteration 568  TIMEOUT 0.018465
 14       1863       1863       2033      0.0185       1937        1937      0.0021        0.1807
ALPHA 1.2718 MaxIteration 741  TIMEOUT 0.024106
 15       1867       1867       2062      0.0241       1937        1937      0.0029        0.2300
ALPHA 1.2402 MaxIteration 942  TIMEOUT 0.030681
 16       1868       1868       2047      0.0307       1937        1937      0.0034        0.2921
ALPHA 1.2102 MaxIteration 1168  TIMEOUT 0.038086
 17       1868       1868       2038      0.0381       1937        1937      0.0016        0.3688
ALPHA 1.1816 MaxIteration 1413  TIMEOUT 0.046116
 18       1872       1872       2039      0.0461       1937        1937      0.0030        0.4611
ALPHA 1.1543 MaxIteration 1669  TIMEOUT 0.054503
 19       1876       1876       2039      0.0545       1937        1937      0.0067        0.5736
ALPHA 1.1283 MaxIteration 1926  TIMEOUT 0.062919
 20       1876       1876       2028      0.0603       1937        1937      0.0084        0.6953
ALPHA 1.1034 MaxIteration 2173  TIMEOUT 0.068082
 21       1876       1876       2028      0.0681       1937        1937      0.0069        0.8321
ALPHA 1.0795 MaxIteration 2397  TIMEOUT 0.075150
 22       1876       1876       2039      0.0752       1937        1937      0.0038        0.9826
ALPHA 1.0567 MaxIteration 2587  TIMEOUT 0.081147
 23       1876       1876       2028      0.0805       1937        1937      0.0104        1.1475
ALPHA 1.0349 MaxIteration 2733  TIMEOUT 0.085018
 24       1876       1876       2039      0.0850       1937        1937      0.0040        1.3196
ALPHA 1.0349 MaxIteration 2828  TIMEOUT 0.087999
 25       1876       1876       2039      0.0880       1937        1937      0.0143        1.4978
ALPHA 1.0349 MaxIteration 2926  TIMEOUT 0.091089
 26       1876       1876       2028      0.0911       1937        1937      0.0039        1.6811
ALPHA 1.0349 MaxIteration 3027  TIMEOUT 0.094294
 27       1876       1876       2037      0.0943       1937        1937      0.0017        1.8720
ALPHA 1.0349 MaxIteration 3132  TIMEOUT 0.097616
 28       1876       1876       2028      0.0976       1937        1937      0.0052        2.0694
ALPHA 1.0349 MaxIteration 3241  TIMEOUT 0.101042
 29       1876       1876       2028      0.1011       1937        1937      0.0022        2.2716
ALPHA 1.0349 MaxIteration 3353  TIMEOUT 0.104580
 30       1876       1876       2028      0.1046       1937        1937      0.0051        2.4829
ALPHA 1.0349 MaxIteration 3469  TIMEOUT 0.108241
 31       1876       1876       2028      0.1080       1937        1937      0.0035        2.7032
ALPHA 1.0349 MaxIteration 3589  TIMEOUT 0.111794
 32       1876       1876       2028      0.1118       1937        1937      0.0050        2.9309
ALPHA 1.0349 MaxIteration 3714  TIMEOUT 0.115696
 33       1876       1876       2038      0.1157       1937        1937      0.0029        3.1644
ALPHA 1.0349 MaxIteration 3843  TIMEOUT 0.119739
 34       1882       1882       2028      0.1198       1937        1937      0.0031        3.4040
ALPHA 1.0349 MaxIteration 3976  TIMEOUT 0.123925
 35       1882       1882       2043      0.1239       1937        1937      0.0034        3.6549
ALPHA 1.0349 MaxIteration 4114  TIMEOUT 0.128255
 36       1882       1882       2032      0.1283       1937        1937      0.0032        3.9146
ALPHA 1.0349 MaxIteration 4257  TIMEOUT 0.132746
 37       1882       1882       2032      0.1328       1937        1937      0.0069        4.1802
ALPHA 1.0349 MaxIteration 4405  TIMEOUT 0.137395
 38       1882       1882       2043      0.1374       1937        1937      0.0051        4.4571
ALPHA 1.0349 MaxIteration 4558  TIMEOUT 0.142193
 39       1882       1882       2042      0.1422       1937        1937      0.0026        4.7416
ALPHA 1.0349 MaxIteration 4716  TIMEOUT 0.147178
 40       1882       1882       2035      0.1472       1937        1937      0.0050        5.0391
ALPHA 1.0349 MaxIteration 4880  TIMEOUT 0.152334
 41       1882       1882       2043      0.1523       1937        1937      0.0047        5.3469
ALPHA 1.0349 MaxIteration 5050  TIMEOUT 0.157661
 42       1882       1882       2035      0.1577       1937        1937      0.0009        5.6654
ALPHA 1.0349 MaxIteration 5226  TIMEOUT 0.163178
 43       1882       1882       2042      0.1632       1937        1937      0.0012        5.9948
ALPHA 1.0349 MaxIteration 5408  TIMEOUT 0.168875
 44       1882       1882       2046      0.1689       1937        1937      0.0010        6.3347
ALPHA 1.0349 MaxIteration 5596  TIMEOUT 0.174776
 45       1882       1882       2032      0.1748       1937        1937      0.0065        6.6884
ALPHA 1.0349 MaxIteration 5791  TIMEOUT 0.180903
 46       1882       1882       2031      0.1809       1937        1937      0.0046        7.0553
ALPHA 1.0349 MaxIteration 5992  TIMEOUT 0.187239
 47       1882       1882       2038      0.1873       1937        1937      0.0038        7.4309
ALPHA 1.0349 MaxIteration 6200  TIMEOUT 0.193781
 48       1882       1882       2032      0.1938       1937        1937      0.0022        7.8207
ALPHA 1.0349 MaxIteration 6416  TIMEOUT 0.200570
 49       1882       1882       2028      0.2006       1937        1937      0.0033        8.2229
ALPHA 1.0349 MaxIteration 6639  TIMEOUT 0.207573
 50       1882       1882       2045      0.2076       1937        1937      0.0047        8.6412
ALPHA 1.0349 MaxIteration 6870  TIMEOUT 0.214820
 51       1882       1882       2032      0.2148       1937        1937      0.0010        9.0759
ALPHA 1.0349 MaxIteration 7109  TIMEOUT 0.222326
 52       1882       1882       2025      0.2223       1937        1937      0.0071        9.5257
ALPHA 1.0349 MaxIteration 7356  TIMEOUT 0.230082
 53       1882       1882       2032      0.2294       1937        1937      0.0072        9.9915
ALPHA 1.0349 MaxIteration 7612  TIMEOUT 0.237371
 54       1882       1882       2035      0.2374       1937        1937      0.0046       10.4674
ALPHA 1.0349 MaxIteration 7877  TIMEOUT 0.245660
 55       1882       1882       2032      0.2457       1937        1937      0.0036       10.9618
ALPHA 1.0349 MaxIteration 8151  TIMEOUT 0.254236
 56       1882       1882       2025      0.2539       1937        1937      0.0017       11.4738
ALPHA 1.0349 MaxIteration 8435  TIMEOUT 0.262791
 57       1882       1882       2042      0.2628       1937        1937      0.0030       12.0026
ALPHA 1.0349 MaxIteration 8729  TIMEOUT 0.271979
 58       1882       1882       2032      0.2720       1937        1937      0.0059       12.5496
ALPHA 1.0349 MaxIteration 9033  TIMEOUT 0.281465
 59       1882       1882       2028      0.2815       1937        1937      0.0039       13.1167
ALPHA 1.0349 MaxIteration 9347  TIMEOUT 0.291304
 60       1882       1882       2034      0.2913       1937        1937      0.0029       19.9999
>>> T1_200_250_7.wclq |V| 200 |E| 250  (#LB 0.0184 1848 ---> 1882  0.0284  1937 <--- 2016  0.0392 #UB)  #read_time 0.0003  #reduce_time 0.0000  #solve_time 20.0000  #total_time 20.0003
 