>>> Warning: header edge_num=125248, parsed edge_num=62624
>>IBM: |V|=500 |E|=62624
>>IBM: The maximum node weight is 200
/public/home/acs4vb4pqv/benchmarks/MWDS2026/dimacs/DSJC500_5.clq #seed 103 #alpha 1.900 #timeout 0.100 K=5 RHO=0.05 Q0=0.90 BETA=3.5 AQ_MODE=guarded SAFE_AQ_MIN_GAP=0.050 SAFE_AQ_MIN_NODES=800
[v19] |V|=500 |E|=62624 density=125.25 USE_ADVANCED=0
#Rd        #LB        #LB*       #UB       #Time        #UB+        #UB*      #Time      #TotalTime
First Gap  0.454545
ALPHA 1.9000 MaxIteration 500  TIMEOUT 0.533638
  1         11         11         16      0.5336
 [Online-safe AQ eligibility guard] gap=0.4545 density=125.25 |V|=500 => No RL
         16          16      0.0000      1.0753
ALPHA 1.9000 MaxIteration 3  TIMEOUT 0.003676
  2          9         11         18      0.0037         16          16      0.0000      1.0855
ALPHA 1.8304 MaxIteration 5  TIMEOUT 0.006721
  3          9         11         16      0.0067         16          16      0.0000      1.0952
ALPHA 1.7658 MaxIteration 9  TIMEOUT 0.012573
  4         10         11         16      0.0126         16          16      0.0000      1.1255
ALPHA 1.7056 MaxIteration 15  TIMEOUT 0.027070
  5         11         11         16      0.0271         16          16      0.0000      1.1749
ALPHA 1.6493 MaxIteration 25  TIMEOUT 0.036054
  6         11         11         16      0.0361         16          16      0.0000      1.2454
ALPHA 1.5966 MaxIteration 41  TIMEOUT 0.056372
  7         10         11         16      0.0564         16          16      0.0000      1.3554
ALPHA 1.5472 MaxIteration 65  TIMEOUT 0.084947
  8         11         11         16      0.0849         16          16      0.0000      1.5252
ALPHA 1.5008 MaxIteration 100  TIMEOUT 0.105833
  9         10         11         16      0.1058         16          16      0.0000      1.7349
ALPHA 1.4571 MaxIteration 150  TIMEOUT 0.156329
 10         10         11         16      0.1563         16          16      0.0000      2.0449
ALPHA 1.4158 MaxIteration 218  TIMEOUT 0.221900
 11         10         11         16      0.2219         16          16      0.0000      2.4951
ALPHA 1.3768 MaxIteration 308  TIMEOUT 0.312254
 12         10         11         16      0.3123         16          16      0.0000      3.1251
ALPHA 1.3399 MaxIteration 424  TIMEOUT 0.476255
 13         11         11         16      0.4763         16          16      0.0000      4.0758
ALPHA 1.3049 MaxIteration 568  TIMEOUT 0.567024
 14         10         11         16      0.5670         16          16      0.0000      5.2053
ALPHA 1.2718 MaxIteration 741  TIMEOUT 0.726575
 15         10         11         16      0.7266         16          16      0.0000      6.6552
ALPHA 1.2402 MaxIteration 942  TIMEOUT 0.920446
 16         10         11         16      0.9204         16          16      0.0000      8.5049
ALPHA 1.2102 MaxIteration 1168  TIMEOUT 1.155461
 17         10         11         16      1.1555         16          16      0.0000     10.8050
ALPHA 1.1816 MaxIteration 1413  TIMEOUT 1.413621
 18         10         11         16      1.4136         16          16      0.0000     13.6353
ALPHA 1.1543 MaxIteration 1669  TIMEOUT 1.671945
 19         10         11         16      1.6719         16          16      0.0000     16.9851
ALPHA 1.1283 MaxIteration 1926  TIMEOUT 1.896417
 20         10         11         16      1.8964         16          16      0.0000     19.9952
ALPHA 1.1034 MaxIteration 2173  TIMEOUT 0.005108
 21         10         11         16      0.0051>>> DSJC500_5.clq |V| 500 |E| 62624  (#LB 0.0000 11 ---> 11  0.4545  16 <--- 16  0.0000 #UB)  #solve_ime 20.0003 read_time 0.0151 
