With  Parameters CUTOFF 20 SEED 102  ALPHA = 1.900  K=5 RHO=0.05 Q0=0.90 BETA=3.0 AQ_MODE=guarded
Reading  graph ...  time 0.022289  
Reducing graph ...  time 0.000109  
[v6] |V|=50 |E|=1000 density=20.00 USE_ADVANCED=0 SAFE_AQ_MIN_GAP=0.050 DEEP_AQ_RANGE=[800, 5.00, 10.00] structure_blocks_aq=1
#Rd        #LB        #LB*       #UB       #Time        #UB+        #UB*      #Time      #TotalTime
First Gap  0.428571
  1         28         28         40      0.0050
 Switch to DBS-only search, timeout 0.004985....
 [Online-safe AQ structure guard] |V|=50 density=20.00 outside [800, 5.00, 10.00], disabling AQ
         40          40      0.0001        0.0105
ALPHA 1.9000 MaxIteration 3  TIMEOUT 0.004985
  2         28         28         40      0.0000         40          40      0.0001        0.0107
ALPHA 1.8304 MaxIteration 5  TIMEOUT 0.000066
  3         28         28         62      0.0000         40          40      0.0001        0.0109
ALPHA 1.7658 MaxIteration 9  TIMEOUT 0.000090
  4         28         28         62      0.0001         40          40      0.0001        0.0111
ALPHA 1.7056 MaxIteration 15  TIMEOUT 0.000171
  5         28         28         62      0.0002         40          40      0.0001        0.0114
ALPHA 1.6493 MaxIteration 25  TIMEOUT 0.000309
  6         28         28         62      0.0003         40          40      0.0001        0.0120
ALPHA 1.5966 MaxIteration 41  TIMEOUT 0.000498
  7         28         28         47      0.0005         40          40      0.0001        0.0130
ALPHA 1.5472 MaxIteration 65  TIMEOUT 0.000776
  8         28         28         47      0.0007         40          40      0.0001        0.0145
ALPHA 1.5008 MaxIteration 100  TIMEOUT 0.001156
  9         28         28         47      0.0012         40          40      0.0001        0.0169
ALPHA 1.4571 MaxIteration 150  TIMEOUT 0.001742
 10         28         28         47      0.0017         40          40      0.0001        0.0203
ALPHA 1.4158 MaxIteration 218  TIMEOUT 0.002524
 11         28         28         47      0.0025         40          40      0.0001        0.0254
ALPHA 1.3768 MaxIteration 308  TIMEOUT 0.003585
 12         28         28         47      0.0036         40          40      0.0001        0.0326
ALPHA 1.3399 MaxIteration 424  TIMEOUT 0.004941
 13         28         28         47      0.0049         40          40      0.0001        0.0425
ALPHA 1.3049 MaxIteration 568  TIMEOUT 0.006625
 14         28         28         47      0.0066         40          40      0.0001        0.0558
ALPHA 1.2718 MaxIteration 741  TIMEOUT 0.008653
 15         28         28         47      0.0087         40          40      0.0001        0.0731
ALPHA 1.2402 MaxIteration 942  TIMEOUT 0.011022
 16         28         28         47      0.0110         40          40      0.0001        0.0952
ALPHA 1.2102 MaxIteration 1168  TIMEOUT 0.013684
 17         28         28         47      0.0125         40          40      0.0001        0.1220
ALPHA 1.1816 MaxIteration 1413  TIMEOUT 0.015108
 18         28         28         47      0.0151         40          40      0.0001        0.1523
ALPHA 1.1543 MaxIteration 1669  TIMEOUT 0.017868
 19         28         28         47      0.0179         40          40      0.0001        0.1881
ALPHA 1.1283 MaxIteration 1926  TIMEOUT 0.020643
 20         28         28         47      0.0206         40          40      0.0001        0.2304
ALPHA 1.1034 MaxIteration 2173  TIMEOUT 0.023295
 21         28         28         47      0.0233         40          40      0.0001        0.2770
ALPHA 1.0795 MaxIteration 2397  TIMEOUT 0.025710
 22         28         28         47      0.0257         40          40      0.0001        0.3295
ALPHA 1.0567 MaxIteration 2587  TIMEOUT 0.027758
 23         28         28         47      0.0278         40          40      0.0001        0.3850
ALPHA 1.0349 MaxIteration 2733  TIMEOUT 0.029350
 24         28         28         47      0.0294         40          40      0.0001        0.4437
ALPHA 1.0349 MaxIteration 2828  TIMEOUT 0.030377
 25         28         28         47      0.0304         40          40      0.0001        0.5045
ALPHA 1.0349 MaxIteration 2926  TIMEOUT 0.031445
 26         28         28         47      0.0314         40          40      0.0001        0.5675
ALPHA 1.0349 MaxIteration 3027  TIMEOUT 0.032543
 27         28         28         47      0.0326         40          40      0.0001        0.6336
ALPHA 1.0349 MaxIteration 3132  TIMEOUT 0.033689
 28         28         28         47      0.0337         40          40      0.0001        0.7020
ALPHA 1.0349 MaxIteration 3241  TIMEOUT 0.034877
 29         28         28         47      0.0349         40          40      0.0001        0.7718
ALPHA 1.0349 MaxIteration 3353  TIMEOUT 0.036106
 30         28         28         47      0.0361         40          40      0.0001        0.8461
ALPHA 1.0349 MaxIteration 3469  TIMEOUT 0.037376
 31         28         28         47      0.0374         40          40      0.0001        0.9210
ALPHA 1.0349 MaxIteration 3589  TIMEOUT 0.038693
 32         28         28         47      0.0387         40          40      0.0001        0.9990
ALPHA 1.0349 MaxIteration 3714  TIMEOUT 0.040053
 33         28         28         47      0.0401         40          40      0.0001        1.0832
ALPHA 1.0349 MaxIteration 3843  TIMEOUT 0.041463
 34         28         28         47      0.0415         40          40      0.0001        1.1662
ALPHA 1.0349 MaxIteration 3976  TIMEOUT 0.042920
 35         28         28         47      0.0429         40          40      0.0001        1.2551
ALPHA 1.0349 MaxIteration 4114  TIMEOUT 0.044426
 36         28         28         47      0.0444         40          40      0.0001        1.3519
ALPHA 1.0349 MaxIteration 4257  TIMEOUT 0.045987
 37         28         28         47      0.0460         40          40      0.0001        1.4869
ALPHA 1.0349 MaxIteration 4405  TIMEOUT 0.047595
 38         28         28         47      0.0476         40          40      0.0001        1.5972
ALPHA 1.0349 MaxIteration 4558  TIMEOUT 0.049272
 39         28         28         47      0.0493         40          40      0.0001        1.7001
ALPHA 1.0349 MaxIteration 4716  TIMEOUT 0.051001
 40         28         28         47      0.0510         40          40      0.0001        1.8041
ALPHA 1.0349 MaxIteration 4880  TIMEOUT 0.052789
 41         28         28         47      0.0528         40          40      0.0001        1.9118
ALPHA 1.0349 MaxIteration 5050  TIMEOUT 0.054645
 42         28         28         47      0.0546         40          40      0.0001        2.0231
ALPHA 1.0349 MaxIteration 5226  TIMEOUT 0.056554
 43         28         28         47      0.0566         40          40      0.0001        2.1433
ALPHA 1.0349 MaxIteration 5408  TIMEOUT 0.058540
 44         28         28         47      0.0586         40          40      0.0001        2.2655
ALPHA 1.0349 MaxIteration 5596  TIMEOUT 0.060606
 45         28         28         47      0.0606         40          40      0.0001        2.3877
ALPHA 1.0349 MaxIteration 5791  TIMEOUT 0.062732
 46         28         28         47      0.0627         40          40      0.0001        2.5152
ALPHA 1.0349 MaxIteration 5992  TIMEOUT 0.064927
 47         28         28         47      0.0649         40          40      0.0001        2.6471
ALPHA 1.0349 MaxIteration 6200  TIMEOUT 0.067201
 48         28         28         47      0.0672         40          40      0.0001        2.7846
ALPHA 1.0349 MaxIteration 6416  TIMEOUT 0.069548
 49         28         28         47      0.0695         40          40      0.0001        2.9257
ALPHA 1.0349 MaxIteration 6639  TIMEOUT 0.071973
 50         28         28         47      0.0720         40          40      0.0001        3.0789
ALPHA 1.0349 MaxIteration 6870  TIMEOUT 0.074486
 51         28         28         47      0.0745         40          40      0.0001        3.2939
ALPHA 1.0349 MaxIteration 7109  TIMEOUT 0.077091
 52         28         28         47      0.0771         40          40      0.0001        3.5282
ALPHA 1.0349 MaxIteration 7356  TIMEOUT 0.079792
 53         28         28         47      0.0798         40          40      0.0001        3.7509
ALPHA 1.0349 MaxIteration 7612  TIMEOUT 0.082587
 54         28         28         47      0.0826         40          40      0.0001        3.9182
ALPHA 1.0349 MaxIteration 7877  TIMEOUT 0.085478
 55         28         28         47      0.0855         40          40      0.0001        4.1320
ALPHA 1.0349 MaxIteration 8151  TIMEOUT 0.088468
 56         28         28         47      0.0885         40          40      0.0001        4.3230
ALPHA 1.0349 MaxIteration 8435  TIMEOUT 0.091563
 57         28         28         47      0.0916         40          40      0.0001        4.5121
ALPHA 1.0349 MaxIteration 8729  TIMEOUT 0.094764
 58         28         28         47      0.0948         40          40      0.0001        4.7027
ALPHA 1.0349 MaxIteration 9033  TIMEOUT 0.098077
 59         28         28         47      0.0981         40          40      0.0001        4.9019
ALPHA 1.0349 MaxIteration 9347  TIMEOUT 0.101505
 60         28         28         47      0.1015         40          40      0.0001        5.1100
ALPHA 1.0349 MaxIteration 9672  TIMEOUT 0.105058
 61         28         28         47      0.1051         40          40      0.0001        5.3212
ALPHA 1.0349 MaxIteration 10009  TIMEOUT 0.108723
 62         28         28         47      0.1087         40          40      0.0001        5.5447
ALPHA 1.0349 MaxIteration 10357  TIMEOUT 0.112527
 63         28         28         47      0.1125         40          40      0.0001        5.7738
ALPHA 1.0349 MaxIteration 10718  TIMEOUT 0.116464
 64         28         28         47      0.1165         40          40      0.0001        6.0098
ALPHA 1.0349 MaxIteration 11091  TIMEOUT 0.120527
 65         28         28         47      0.1205         40          40      0.0001        6.2559
ALPHA 1.0349 MaxIteration 11477  TIMEOUT 0.124737
 66         28         28         47      0.1247         40          40      0.0001        6.5104
ALPHA 1.0349 MaxIteration 11877  TIMEOUT 0.129099
 67         28         28         47      0.1291         40          40      0.0001        6.7706
ALPHA 1.0349 MaxIteration 12291  TIMEOUT 0.133610
 68         28         28         47      0.1336         40          40      0.0001        7.0419
ALPHA 1.0349 MaxIteration 12719  TIMEOUT 0.138270
 69         28         28         47      0.1383         40          40      0.0001        7.3339
ALPHA 1.0349 MaxIteration 13162  TIMEOUT 0.143102
 70         28         28         47      0.1431         40          40      0.0001        7.7256
ALPHA 1.0349 MaxIteration 13620  TIMEOUT 0.148104
 71         28         28         47      0.1481         40          40      0.0001        8.0318
ALPHA 1.0349 MaxIteration 14094  TIMEOUT 0.153278
 72         28         28         47      0.1533         40          40      0.0001        8.4464
ALPHA 1.0349 MaxIteration 14585  TIMEOUT 0.158626
 73         28         28         47      0.1586         40          40      0.0001        8.9377
ALPHA 1.0349 MaxIteration 15093  TIMEOUT 0.164163
 74         28         28         47      0.1642         40          40      0.0001        9.3201
ALPHA 1.0349 MaxIteration 15619  TIMEOUT 0.169896
 75         28         28         47      0.1699         40          40      0.0001        9.7920
ALPHA 1.0349 MaxIteration 16163  TIMEOUT 0.175830
 76         28         28         47      0.1759         40          40      0.0001       10.2808
ALPHA 1.0349 MaxIteration 16726  TIMEOUT 0.181990
 77         28         28         47      0.1820         40          40      0.0001       10.7548
ALPHA 1.0349 MaxIteration 17309  TIMEOUT 0.188338
 78         28         28         47      0.1883         40          40      0.0001       11.3337
ALPHA 1.0349 MaxIteration 17912  TIMEOUT 0.194910
 79         28         28         47      0.1949         40          40      0.0001       11.7338
ALPHA 1.0349 MaxIteration 18536  TIMEOUT 0.201717
 80         28         28         47      0.2017         40          40      0.0001       12.3693
ALPHA 1.0349 MaxIteration 19182  TIMEOUT 0.208760
 81         28         28         47      0.2088         40          40      0.0001       12.9440
ALPHA 1.0349 MaxIteration 19850  TIMEOUT 0.216053
 82         28         28         47      0.2161         40          40      0.0001       13.3835
ALPHA 1.0349 MaxIteration 20541  TIMEOUT 0.223600
 83         28         28         47      0.2236         40          40      0.0001       19.9999
>>> T1_50_1000_0.wclq |V| 50 |E| 1000  (#LB 0.0000 28 ---> 28  0.3000  40 <--- 40  0.0000 #UB)  #read_time 0.0223  #reduce_time 0.0001  #solve_time 19.9999  #total_time 20.0223
 