>>IBM: |V|=100 |E|=100
>>IBM: The maximum node weight is 49
/public/home/acs4vb4pqv/benchmarks/MWDS2026/T1_wclq/T1_100_100_2.wclq #seed 103 #alpha 1.900 #timeout 0.100 K=5 RHO=0.05 Q0=0.90 BETA=3.5 AQ_MODE=dbs SAFE_AQ_MIN_GAP=0.050 SAFE_AQ_MIN_NODES=800
[v19] |V|=100 |E|=100 density=1.00 USE_ADVANCED=0
#Rd        #LB        #LB*       #UB       #Time        #UB+        #UB*      #Time      #TotalTime
First Gap  0.036204
ALPHA 1.9000 MaxIteration 500  TIMEOUT 0.010049
  1       1022       1022       1059      0.0100       1039        1039      0.0000      0.0292
ALPHA 1.9000 MaxIteration 3  TIMEOUT 0.000090
  2        984       1022       1139      0.0001       1039        1039      0.0000      0.0364
ALPHA 1.8304 MaxIteration 5  TIMEOUT 0.000048
  3        966       1022       1143      0.0000       1039        1039      0.0000      0.0392
ALPHA 1.7658 MaxIteration 9  TIMEOUT 0.000113
  4        966       1022       1143      0.0001       1039        1039      0.0000      0.0492
ALPHA 1.7056 MaxIteration 15  TIMEOUT 0.000164
  5        966       1022       1143      0.0002       1039        1039      0.0000      0.0592
ALPHA 1.6493 MaxIteration 25  TIMEOUT 0.000260
  6        966       1022       1143      0.0003       1039        1039      0.0000      0.0692
ALPHA 1.5966 MaxIteration 41  TIMEOUT 0.000398
  7        966       1022       1143      0.0004       1039        1039      0.0000      0.0792
ALPHA 1.5472 MaxIteration 65  TIMEOUT 0.000596
  8        966       1022       1143      0.0006       1039        1039      0.0000      0.0892
ALPHA 1.5008 MaxIteration 100  TIMEOUT 0.000875
  9        966       1022       1143      0.0009       1039        1039      0.0000      0.0992
ALPHA 1.4571 MaxIteration 150  TIMEOUT 0.001282
 10        966       1022       1143      0.0013       1039        1039      0.0000      0.1092
ALPHA 1.4158 MaxIteration 218  TIMEOUT 0.001850
 11        966       1022       1143      0.0018       1039        1039      0.0000      0.1192
ALPHA 1.3768 MaxIteration 308  TIMEOUT 0.001650
 12        966       1022       1143      0.0016       1039        1039      0.0000      0.1292
ALPHA 1.3399 MaxIteration 424  TIMEOUT 0.003533
 13        966       1022       1143      0.0035       1039        1039      0.0000      0.1392
ALPHA 1.3049 MaxIteration 568  TIMEOUT 0.003974
 14        966       1022       1143      0.0040       1039        1039      0.0000      0.1492
ALPHA 1.2718 MaxIteration 741  TIMEOUT 0.005331
 15        966       1022       1143      0.0053       1039        1039      0.0000      0.1592
ALPHA 1.2402 MaxIteration 942  TIMEOUT 0.006920
 16        966       1022       1143      0.0069       1039        1039      0.0000      0.1692
ALPHA 1.2102 MaxIteration 1168  TIMEOUT 0.009804
 17        966       1022       1143      0.0098       1054        1039      0.0000      0.1792
ALPHA 1.1816 MaxIteration 1413  TIMEOUT 0.011934
 18        966       1022       1143      0.0119       1039        1039      0.0000      0.1992
ALPHA 1.1543 MaxIteration 1669  TIMEOUT 0.013903
 19        966       1022       1143      0.0139       1039        1039      0.0000      0.2292
ALPHA 1.1283 MaxIteration 1926  TIMEOUT 0.016003
 20        966       1022       1143      0.0160       1039        1039      0.0000      0.2592
ALPHA 1.1034 MaxIteration 2173  TIMEOUT 0.017198
 21        966       1022       1143      0.0172       1039        1039      0.0000      0.2864
ALPHA 1.0795 MaxIteration 2397  TIMEOUT 0.018564
 22        966       1022       1143      0.0186       1039        1039      0.0000      0.3192
ALPHA 1.0567 MaxIteration 2587  TIMEOUT 0.020713
 23        966       1022       1143      0.0207       1039        1039      0.0000      0.3594
ALPHA 1.0349 MaxIteration 2733  TIMEOUT 0.020342
 24        966       1022       1143      0.0203       1039        1039      0.0000      0.4092
ALPHA 1.0349 MaxIteration 2828  TIMEOUT 0.022720
 25        966       1022       1143      0.0227       1039        1039      0.0000      0.4592
ALPHA 1.0349 MaxIteration 2926  TIMEOUT 0.023919
 26        966       1022       1143      0.0239       1039        1039      0.0000      0.5092
ALPHA 1.0349 MaxIteration 3027  TIMEOUT 0.024623
 27        966       1022       1143      0.0246       1039        1039      0.0000      0.5492
ALPHA 1.0349 MaxIteration 3132  TIMEOUT 0.025532
 28        966       1022       1143      0.0255       1039        1039      0.0000      0.5992
ALPHA 1.0349 MaxIteration 3241  TIMEOUT 0.027569
 29        966       1022       1143      0.0276       1039        1039      0.0000      0.6443
ALPHA 1.0349 MaxIteration 3353  TIMEOUT 0.026114
 30        966       1022       1143      0.0261       1039        1039      0.0000      0.6913
ALPHA 1.0349 MaxIteration 3469  TIMEOUT 0.029185
 31        966       1022       1143      0.0292       1039        1039      0.0000      0.7492
ALPHA 1.0349 MaxIteration 3589  TIMEOUT 0.028998
 32        966       1022       1143      0.0290       1039        1039      0.0100      0.7892
ALPHA 1.0349 MaxIteration 3714  TIMEOUT 0.028467
 33        966       1022       1143      0.0285       1039        1039      0.0100      0.8363
ALPHA 1.0349 MaxIteration 3843  TIMEOUT 0.031231
 34        966       1022       1143      0.0312       1039        1039      0.0000      0.8992
ALPHA 1.0349 MaxIteration 3976  TIMEOUT 0.029741
 35        966       1022       1143      0.0297       1039        1039      0.0100      0.9492
ALPHA 1.0349 MaxIteration 4114  TIMEOUT 0.033515
 36        966       1022       1143      0.0335       1039        1039      0.0000      1.0092
ALPHA 1.0349 MaxIteration 4257  TIMEOUT 0.033725
 37        966       1022       1143      0.0337       1039        1039      0.0000      1.0752
ALPHA 1.0349 MaxIteration 4405  TIMEOUT 0.036888
 38        966       1022       1143      0.0369       1039        1039      0.0000      1.1492
ALPHA 1.0349 MaxIteration 4558  TIMEOUT 0.038100
 39        966       1022       1143      0.0381       1039        1039      0.0000      1.2192
ALPHA 1.0349 MaxIteration 4716  TIMEOUT 0.038083
 40        966       1022       1143      0.0381       1039        1039      0.0000      1.2892
ALPHA 1.0349 MaxIteration 4880  TIMEOUT 0.039347
 41        966       1022       1143      0.0393       1039        1039      0.0100      1.3492
ALPHA 1.0349 MaxIteration 5050  TIMEOUT 0.039126
 42        966       1022       1143      0.0391       1039        1039      0.0100      1.4092
ALPHA 1.0349 MaxIteration 5226  TIMEOUT 0.043351
 43        966       1022       1143      0.0434       1039        1039      0.0000      1.4992
ALPHA 1.0349 MaxIteration 5408  TIMEOUT 0.044119
 44        966       1022       1143      0.0441       1039        1039      0.0000      1.5792
ALPHA 1.0349 MaxIteration 5596  TIMEOUT 0.045937
 45        966       1022       1143      0.0459       1039        1039      0.0000      1.6592
ALPHA 1.0349 MaxIteration 5791  TIMEOUT 0.048056
 46        966       1022       1143      0.0481       1039        1039      0.0000      1.7492
ALPHA 1.0349 MaxIteration 5992  TIMEOUT 0.047699
 47        966       1022       1143      0.0477       1039        1039      0.0000      1.8292
ALPHA 1.0349 MaxIteration 6200  TIMEOUT 0.051473
 48        966       1022       1143      0.0515       1039        1039      0.0000      1.9292
ALPHA 1.0349 MaxIteration 6416  TIMEOUT 0.048977
 49        966       1022       1143      0.0490       1039        1039      0.0100      2.0192
ALPHA 1.0349 MaxIteration 6639  TIMEOUT 0.055334
 50        966       1022       1143      0.0553       1039        1039      0.0000      2.1192
ALPHA 1.0349 MaxIteration 6870  TIMEOUT 0.055473
 51        966       1022       1143      0.0555       1039        1039      0.0000      2.2231
ALPHA 1.0349 MaxIteration 7109  TIMEOUT 0.054657
 52        966       1022       1143      0.0547       1039        1039      0.0000      2.3192
ALPHA 1.0349 MaxIteration 7356  TIMEOUT 0.060725
 53        966       1022       1143      0.0607       1039        1039      0.0000      2.4392
ALPHA 1.0349 MaxIteration 7612  TIMEOUT 0.059455
 54        966       1022       1143      0.0595       1039        1039      0.0100      2.5392
ALPHA 1.0349 MaxIteration 7877  TIMEOUT 0.061340
 55        966       1022       1143      0.0613       1039        1039      0.0000      2.6692
ALPHA 1.0349 MaxIteration 8151  TIMEOUT 0.064858
 56        966       1022       1143      0.0649       1039        1039      0.0000      2.7892
ALPHA 1.0349 MaxIteration 8435  TIMEOUT 0.066627
 57        966       1022       1143      0.0666       1039        1039      0.0000      2.9092
ALPHA 1.0349 MaxIteration 8729  TIMEOUT 0.071460
 58        966       1022       1143      0.0715       1039        1039      0.0000      3.0492
ALPHA 1.0349 MaxIteration 9033  TIMEOUT 0.075299
 59        966       1022       1143      0.0753       1039        1039      0.0000      3.1892
ALPHA 1.0349 MaxIteration 9347  TIMEOUT 0.076628
 60        966       1022       1143      0.0766       1039        1039      0.0000      3.3292
ALPHA 1.0349 MaxIteration 9672  TIMEOUT 0.079178
 61        966       1022       1143      0.0792       1039        1039      0.0100      3.4592
ALPHA 1.0349 MaxIteration 10009  TIMEOUT 0.082261
 62        966       1022       1143      0.0823       1039        1039      0.0000      3.6092
ALPHA 1.0349 MaxIteration 10357  TIMEOUT 0.082122
 63        966       1022       1143      0.0821       1039        1039      0.0000      3.7592
ALPHA 1.0349 MaxIteration 10718  TIMEOUT 0.087592
 64        966       1022       1143      0.0876       1039        1039      0.0000      3.9192
ALPHA 1.0349 MaxIteration 11091  TIMEOUT 0.088690
 65        966       1022       1143      0.0887       1039        1039      0.0100      4.0792
ALPHA 1.0349 MaxIteration 11477  TIMEOUT 0.092064
 66        966       1022       1143      0.0921       1039        1039      0.0000      4.2492
ALPHA 1.0349 MaxIteration 11877  TIMEOUT 0.097496
 67        966       1022       1143      0.0975       1039        1039      0.0000      4.4292
ALPHA 1.0349 MaxIteration 12291  TIMEOUT 0.099107
 68        966       1022       1143      0.0991       1039        1039      0.0100      4.6092
ALPHA 1.0349 MaxIteration 12719  TIMEOUT 0.103892
 69        966       1022       1143      0.1039       1039        1039      0.0000      4.7946
ALPHA 1.0349 MaxIteration 13162  TIMEOUT 0.107534
 70        966       1022       1143      0.1075       1039        1039      0.0000      4.9892
ALPHA 1.0349 MaxIteration 13620  TIMEOUT 0.103505
 71        966       1022       1143      0.1035       1039        1039      0.0000      5.1892
ALPHA 1.0349 MaxIteration 14094  TIMEOUT 0.111883
 72        966       1022       1143      0.1119       1039        1039      0.0000      5.3995
ALPHA 1.0349 MaxIteration 14585  TIMEOUT 0.117540
 73        966       1022       1143      0.1175       1039        1039      0.0000      5.6174
ALPHA 1.0349 MaxIteration 15093  TIMEOUT 0.123761
 74        966       1022       1143      0.1238       1039        1039      0.0000      5.8492
ALPHA 1.0349 MaxIteration 15619  TIMEOUT 0.126382
 75        966       1022       1143      0.1264       1039        1039      0.0000      6.0792
ALPHA 1.0349 MaxIteration 16163  TIMEOUT 0.131568
 76        966       1022       1143      0.1316       1039        1039      0.0000      6.3192
ALPHA 1.0349 MaxIteration 16726  TIMEOUT 0.136516
 77        966       1022       1143      0.1365       1039        1039      0.0000      6.5643
ALPHA 1.0349 MaxIteration 17309  TIMEOUT 0.143460
 78        966       1022       1143      0.1435       1039        1039      0.0100      6.8292
ALPHA 1.0349 MaxIteration 17912  TIMEOUT 0.146879
 79        966       1022       1143      0.1469       1039        1039      0.0000      7.0992
ALPHA 1.0349 MaxIteration 18536  TIMEOUT 0.148152
 80        966       1022       1143      0.1482       1039        1039      0.0000      7.3592
ALPHA 1.0349 MaxIteration 19182  TIMEOUT 0.156292
 81        966       1022       1143      0.1563       1039        1039      0.0000      7.6492
ALPHA 1.0349 MaxIteration 19850  TIMEOUT 0.163839
 82        966       1022       1143      0.1638       1039        1039      0.0000      7.9492
ALPHA 1.0349 MaxIteration 20541  TIMEOUT 0.167399
 83        966       1022       1143      0.1674       1039        1039      0.0000      8.2592
ALPHA 1.0349 MaxIteration 21257  TIMEOUT 0.173815
 84        966       1022       1143      0.1738       1039        1039      0.0000      8.5792
ALPHA 1.0349 MaxIteration 21997  TIMEOUT 0.175737
 85        966       1022       1143      0.1757       1039        1039      0.0000      8.9092
ALPHA 1.0349 MaxIteration 22763  TIMEOUT 0.185705
 86        966       1022       1143      0.1857       1039        1039      0.0000      9.2392
ALPHA 1.0349 MaxIteration 23556  TIMEOUT 0.193942
 87        966       1022       1143      0.1939       1039        1039      0.0000      9.5992
ALPHA 1.0349 MaxIteration 24377  TIMEOUT 0.199935
 88        966       1022       1143      0.1999       1039        1039      0.0100      9.9692
ALPHA 1.0349 MaxIteration 25226  TIMEOUT 0.207983
 89        966       1022       1143      0.2080       1039        1039      0.0000     10.3392
ALPHA 1.0349 MaxIteration 26105  TIMEOUT 0.212737
 90        966       1022       1143      0.2127       1039        1039      0.0000     10.7307
ALPHA 1.0349 MaxIteration 27014  TIMEOUT 0.222975
 91        966       1022       1143      0.2230       1039        1039      0.0000     11.1492
ALPHA 1.0349 MaxIteration 27955  TIMEOUT 0.227919
 92        966       1022       1143      0.2279       1039        1039      0.0000     11.5676
ALPHA 1.0349 MaxIteration 28929  TIMEOUT 0.238710
 93        966       1022       1143      0.2387       1039        1039      0.0000     11.9992
ALPHA 1.0349 MaxIteration 29937  TIMEOUT 0.239723
 94        966       1022       1143      0.2397       1039        1039      0.0100     12.4292
ALPHA 1.0349 MaxIteration 30980  TIMEOUT 0.252500
 95        966       1022       1143      0.2525       1039        1039      0.0000     12.9092
ALPHA 1.0349 MaxIteration 32059  TIMEOUT 0.258340
 96        966       1022       1143      0.2583       1039        1039      0.0100     13.3692
ALPHA 1.0349 MaxIteration 33176  TIMEOUT 0.263065
 97        966       1022       1143      0.2631       1039        1039      0.0000     13.8494
ALPHA 1.0349 MaxIteration 34332  TIMEOUT 0.275086
 98        966       1022       1143      0.2751       1039        1039      0.0000     14.3592
ALPHA 1.0349 MaxIteration 35528  TIMEOUT 0.283873
 99        966       1022       1143      0.2839       1039        1039      0.0000     14.8853
ALPHA 1.0349 MaxIteration 36766  TIMEOUT 0.288401
100        966       1022       1143      0.2884       1039        1039      0.0000     15.4172
ALPHA 1.0349 MaxIteration 38047  TIMEOUT 0.307195
101        966       1022       1143      0.3072       1039        1039      0.0000     15.9792
ALPHA 1.0349 MaxIteration 39373  TIMEOUT 0.322826
102        966       1022       1143      0.3228       1039        1039      0.0000     16.5819
ALPHA 1.0349 MaxIteration 40745  TIMEOUT 0.333923
103        966       1022       1143      0.3339       1039        1039      0.0000     17.1892
ALPHA 1.0349 MaxIteration 42165  TIMEOUT 0.340287
104        966       1022       1143      0.3403       1039        1039      0.0000     17.8292
ALPHA 1.0349 MaxIteration 43634  TIMEOUT 0.355813
105        966       1022       1143      0.3558       1039        1039      0.0000     18.4892
ALPHA 1.0349 MaxIteration 45155  TIMEOUT 0.370969
106        966       1022       1143      0.3710       1039        1039      0.0000     19.1992
ALPHA 1.0349 MaxIteration 46729  TIMEOUT 0.382026
107        966       1022       1143      0.3820       1039        1039      0.0000     19.9188
ALPHA 1.0349 MaxIteration 48357  TIMEOUT 0.081190
108        966       1022       1143      0.0812>>> T1_100_100_2.wclq |V| 100 |E| 100  (#LB 0.0000 1022 ---> 1022  0.0166  1039 <--- 1059  0.0189 #UB)  #solve_ime 20.0000 read_time 0.0008 
