>>IBM: |V|=150 |E|=2000
>>IBM: The maximum node weight is 1235
/public/home/acs4vb4pqv/benchmarks/MWDS2026/T2_wclq/T2_150_2000_1.wclq #seed 101 #alpha 1.900 #timeout 0.100 K=5 RHO=0.05 Q0=0.90 BETA=3.5 AQ_MODE=guarded SAFE_AQ_MIN_GAP=0.050 SAFE_AQ_MIN_NODES=800
[v19] |V|=150 |E|=2000 density=13.33 USE_ADVANCED=0
#Rd        #LB        #LB*       #UB       #Time        #UB+        #UB*      #Time      #TotalTime
First Gap  0.188867
ALPHA 1.9000 MaxIteration 500  TIMEOUT 0.041011
  1        503        503        598      0.0410
 [Online-safe AQ eligibility guard] gap=0.1889 density=13.33 |V|=150 => No RL
        598         598      0.0000      0.0879
ALPHA 1.9000 MaxIteration 3  TIMEOUT 0.000337
  2        488        503        704      0.0003        598         598      0.0000      0.0979
ALPHA 1.8304 MaxIteration 5  TIMEOUT 0.000796
  3        477        503        621      0.0008        598         598      0.0000      0.1079
ALPHA 1.7658 MaxIteration 9  TIMEOUT 0.001341
  4        467        503        601      0.0013        598         598      0.0000      0.1179
ALPHA 1.7056 MaxIteration 15  TIMEOUT 0.001245
  5        454        503        598      0.0012        598         598      0.0000      0.1279
ALPHA 1.6493 MaxIteration 25  TIMEOUT 0.003297
  6        473        503        598      0.0033        598         598      0.0000      0.1379
ALPHA 1.5966 MaxIteration 41  TIMEOUT 0.010407
  7        470        503        598      0.0104        598         598      0.0000      0.1679
ALPHA 1.5472 MaxIteration 65  TIMEOUT 0.006396
  8        469        503        598      0.0064        598         598      0.0000      0.1779
ALPHA 1.5008 MaxIteration 100  TIMEOUT 0.009364
  9        469        503        598      0.0094        598         598      0.0000      0.1879
ALPHA 1.4571 MaxIteration 150  TIMEOUT 0.022461
 10        482        503        598      0.0225        598         598      0.0000      0.2379
ALPHA 1.4158 MaxIteration 218  TIMEOUT 0.018341
 11        481        503        598      0.0183        598         598      0.0000      0.2679
ALPHA 1.3768 MaxIteration 308  TIMEOUT 0.041818
 12        476        503        598      0.0418        598         598      0.0000      0.3579
ALPHA 1.3399 MaxIteration 424  TIMEOUT 0.047289
 13        476        503        598      0.0473        598         598      0.0000      0.4379
ALPHA 1.3049 MaxIteration 568  TIMEOUT 0.076340
 14        476        503        598      0.0763        598         598      0.0000      0.5879
ALPHA 1.2718 MaxIteration 741  TIMEOUT 0.099219
 15        476        503        598      0.0992        598         598      0.0000      0.7779
ALPHA 1.2402 MaxIteration 942  TIMEOUT 0.118947
 16        476        503        598      0.1189        598         598      0.0000      1.0079
ALPHA 1.2102 MaxIteration 1168  TIMEOUT 0.150290
 17        482        503        598      0.1503        598         598      0.0000      1.3079
ALPHA 1.1816 MaxIteration 1413  TIMEOUT 0.181042
 18        482        503        598      0.1810        598         598      0.0000      1.6779
ALPHA 1.1543 MaxIteration 1669  TIMEOUT 0.212370
 19        482        503        598      0.2124        598         598      0.0000      2.0979
ALPHA 1.1283 MaxIteration 1926  TIMEOUT 0.241395
 20        482        503        598      0.2414        598         598      0.0000      2.5779
ALPHA 1.1034 MaxIteration 2173  TIMEOUT 0.273647
 21        482        503        598      0.2736        598         598      0.0000      3.1179
ALPHA 1.0795 MaxIteration 2397  TIMEOUT 0.406414
 22        496        503        598      0.4064        598         598      0.0000      3.9279
ALPHA 1.0567 MaxIteration 2587  TIMEOUT 0.355383
 23        487        503        598      0.3554        598         598      0.0000      4.6379
ALPHA 1.0349 MaxIteration 2733  TIMEOUT 0.348964
 24        486        503        598      0.3490        598         598      0.0000      5.3179
ALPHA 1.0349 MaxIteration 2828  TIMEOUT 0.398840
 25        482        503        598      0.3988        598         598      0.0000      6.0979
ALPHA 1.0349 MaxIteration 2926  TIMEOUT 0.359712
 26        476        503        598      0.3597        598         598      0.0000      6.7979
ALPHA 1.0349 MaxIteration 3027  TIMEOUT 0.216396
 27        464        503        598      0.2164        598         598      0.0000      7.2279
ALPHA 1.0349 MaxIteration 3132  TIMEOUT 0.372338
 28        482        503        598      0.3723        598         598      0.0000      7.9679
ALPHA 1.0349 MaxIteration 3241  TIMEOUT 0.397171
 29        479        503        598      0.3972        598         598      0.0000      8.7479
ALPHA 1.0349 MaxIteration 3353  TIMEOUT 0.413162
 30        482        503        598      0.4132        598         598      0.0000      9.5679
ALPHA 1.0349 MaxIteration 3469  TIMEOUT 0.439688
 31        476        503        598      0.4397        598         598      0.0000     10.4279
ALPHA 1.0349 MaxIteration 3589  TIMEOUT 0.520313
 32        482        503        598      0.5203        598         598      0.0000     11.4679
ALPHA 1.0349 MaxIteration 3714  TIMEOUT 0.429393
 33        484        503        598      0.4294        598         598      0.0000     12.3079
ALPHA 1.0349 MaxIteration 3843  TIMEOUT 0.480938
 34        476        503        598      0.4809        598         598      0.0000     13.2679
ALPHA 1.0349 MaxIteration 3976  TIMEOUT 0.482228
 35        476        503        598      0.4822        598         598      0.0000     14.2279
ALPHA 1.0349 MaxIteration 4114  TIMEOUT 0.673793
 36        482        503        598      0.6738        598         598      0.0000     15.5679
ALPHA 1.0349 MaxIteration 4257  TIMEOUT 0.527032
 37        482        503        598      0.5270        598         598      0.0000     16.6079
ALPHA 1.0349 MaxIteration 4405  TIMEOUT 0.541632
 38        482        503        598      0.5416        598         598      0.0000     17.6879
ALPHA 1.0349 MaxIteration 4558  TIMEOUT 0.590710
 39        482        503        598      0.5907        598         598      0.0000     18.8579
ALPHA 1.0349 MaxIteration 4716  TIMEOUT 0.645734
 40        478        503        598      0.6457        598         598      0.0000     19.9879
ALPHA 1.0349 MaxIteration 4880  TIMEOUT 0.012107
 41        456        503        598      0.0121>>> T2_150_2000_1.wclq |V| 150 |E| 2000  (#LB 0.0000 503 ---> 503  0.1889  598 <--- 598  0.0000 #UB)  #solve_ime 20.0000 read_time 0.0021 
