>>IBM: |V|=100 |E|=100
>>IBM: The maximum node weight is 49
/public/home/acs4vb4pqv/benchmarks/MWDS2026/T1_wclq/T1_100_100_2.wclq #seed 1 #alpha 1.900 #timeout 0.100 K=5 RHO=0.05 Q0=0.90 BETA=3.5 AQ_MODE=dbs SAFE_AQ_MIN_GAP=0.050 SAFE_AQ_MIN_NODES=800
[v19] |V|=100 |E|=100 density=1.00 USE_ADVANCED=0
#Rd        #LB        #LB*       #UB       #Time        #UB+        #UB*      #Time      #TotalTime
First Gap  0.036204
ALPHA 1.9000 MaxIteration 500  TIMEOUT 0.010407
  1       1022       1022       1059      0.0104       1039        1039      0.0000      0.0281
ALPHA 1.9000 MaxIteration 3  TIMEOUT 0.000093
  2        984       1022       1139      0.0001       1039        1039      0.0000      0.0381
ALPHA 1.8304 MaxIteration 5  TIMEOUT 0.000078
  3        966       1022       1143      0.0001       1039        1039      0.0000      0.0481
ALPHA 1.7658 MaxIteration 9  TIMEOUT 0.000113
  4        966       1022       1143      0.0001       1054        1039      0.0000      0.0486
ALPHA 1.7056 MaxIteration 15  TIMEOUT 0.000095
  5        966       1022       1143      0.0001       1039        1039      0.0000      0.0581
ALPHA 1.6493 MaxIteration 25  TIMEOUT 0.000272
  6        966       1022       1143      0.0003       1039        1039      0.0000      0.0681
ALPHA 1.5966 MaxIteration 41  TIMEOUT 0.000401
  7        966       1022       1143      0.0004       1039        1039      0.0000      0.0781
ALPHA 1.5472 MaxIteration 65  TIMEOUT 0.000611
  8        966       1022       1143      0.0006       1039        1039      0.0000      0.0881
ALPHA 1.5008 MaxIteration 100  TIMEOUT 0.000551
  9        966       1022       1143      0.0006       1039        1039      0.0000      0.0981
ALPHA 1.4571 MaxIteration 150  TIMEOUT 0.001343
 10        966       1022       1143      0.0013       1039        1039      0.0000      0.1017
ALPHA 1.4158 MaxIteration 218  TIMEOUT 0.001790
 11        966       1022       1143      0.0018       1039        1039      0.0000      0.1081
ALPHA 1.3768 MaxIteration 308  TIMEOUT 0.002693
 12        966       1022       1143      0.0027       1039        1039      0.0000      0.1181
ALPHA 1.3399 MaxIteration 424  TIMEOUT 0.003669
 13        966       1022       1143      0.0037       1039        1039      0.0000      0.1281
ALPHA 1.3049 MaxIteration 568  TIMEOUT 0.004940
 14        966       1022       1143      0.0049       1039        1039      0.0000      0.1381
ALPHA 1.2718 MaxIteration 741  TIMEOUT 0.006450
 15        966       1022       1143      0.0065       1039        1039      0.0000      0.1481
ALPHA 1.2402 MaxIteration 942  TIMEOUT 0.008033
 16        966       1022       1143      0.0080       1039        1039      0.0000      0.1581
ALPHA 1.2102 MaxIteration 1168  TIMEOUT 0.009540
 17        966       1022       1143      0.0095       1039        1039      0.0000      0.1681
ALPHA 1.1816 MaxIteration 1413  TIMEOUT 0.011352
 18        966       1022       1143      0.0114       1039        1039      0.0000      0.1881
ALPHA 1.1543 MaxIteration 1669  TIMEOUT 0.014450
 19        966       1022       1143      0.0144       1039        1039      0.0000      0.2181
ALPHA 1.1283 MaxIteration 1926  TIMEOUT 0.015722
 20        966       1022       1143      0.0157       1039        1039      0.0000      0.2481
ALPHA 1.1034 MaxIteration 2173  TIMEOUT 0.017708
 21        966       1022       1143      0.0177       1039        1039      0.0000      0.2781
ALPHA 1.0795 MaxIteration 2397  TIMEOUT 0.021019
 22        966       1022       1143      0.0210       1039        1039      0.0000      0.3181
ALPHA 1.0567 MaxIteration 2587  TIMEOUT 0.022419
 23        966       1022       1143      0.0224       1039        1039      0.0000      0.3681
ALPHA 1.0349 MaxIteration 2733  TIMEOUT 0.023528
 24        966       1022       1143      0.0235       1039        1039      0.0000      0.4106
ALPHA 1.0349 MaxIteration 2828  TIMEOUT 0.023213
 25        966       1022       1143      0.0232       1039        1039      0.0000      0.4581
ALPHA 1.0349 MaxIteration 2926  TIMEOUT 0.023991
 26        966       1022       1143      0.0240       1039        1039      0.0000      0.5081
ALPHA 1.0349 MaxIteration 3027  TIMEOUT 0.025205
 27        966       1022       1143      0.0252       1039        1039      0.0000      0.5581
ALPHA 1.0349 MaxIteration 3132  TIMEOUT 0.027359
 28        966       1022       1143      0.0274       1039        1039      0.0000      0.6046
ALPHA 1.0349 MaxIteration 3241  TIMEOUT 0.028548
 29        966       1022       1143      0.0285       1039        1039      0.0000      0.6581
ALPHA 1.0349 MaxIteration 3353  TIMEOUT 0.028223
 30        966       1022       1143      0.0282       1039        1039      0.0000      0.7081
ALPHA 1.0349 MaxIteration 3469  TIMEOUT 0.029229
 31        966       1022       1143      0.0292       1039        1039      0.0000      0.7481
ALPHA 1.0349 MaxIteration 3589  TIMEOUT 0.030377
 32        966       1022       1143      0.0304       1039        1039      0.0000      0.8181
ALPHA 1.0349 MaxIteration 3714  TIMEOUT 0.030730
 33        966       1022       1143      0.0307       1039        1039      0.0000      0.8881
ALPHA 1.0349 MaxIteration 3843  TIMEOUT 0.030465
 34        966       1022       1143      0.0305       1039        1039      0.0000      0.9481
ALPHA 1.0349 MaxIteration 3976  TIMEOUT 0.034433
 35        966       1022       1143      0.0344       1039        1039      0.0000      1.0181
ALPHA 1.0349 MaxIteration 4114  TIMEOUT 0.034824
 36        966       1022       1143      0.0348       1039        1039      0.0000      1.0781
ALPHA 1.0349 MaxIteration 4257  TIMEOUT 0.034861
 37        966       1022       1143      0.0349       1039        1039      0.0000      1.1387
ALPHA 1.0349 MaxIteration 4405  TIMEOUT 0.037206
 38        966       1022       1143      0.0372       1039        1039      0.0000      1.2081
ALPHA 1.0349 MaxIteration 4558  TIMEOUT 0.039128
 39        966       1022       1143      0.0391       1039        1039      0.0000      1.2681
ALPHA 1.0349 MaxIteration 4716  TIMEOUT 0.040005
 40        966       1022       1143      0.0400       1039        1039      0.0000      1.3481
ALPHA 1.0349 MaxIteration 4880  TIMEOUT 0.040769
 41        966       1022       1143      0.0408       1039        1039      0.0000      1.4281
ALPHA 1.0349 MaxIteration 5050  TIMEOUT 0.041593
 42        966       1022       1143      0.0416       1039        1039      0.0000      1.5081
ALPHA 1.0349 MaxIteration 5226  TIMEOUT 0.040108
 43        966       1022       1143      0.0401       1039        1039      0.0000      1.5981
ALPHA 1.0349 MaxIteration 5408  TIMEOUT 0.046069
 44        966       1022       1143      0.0461       1039        1039      0.0000      1.6781
ALPHA 1.0349 MaxIteration 5596  TIMEOUT 0.046727
 45        966       1022       1143      0.0467       1039        1039      0.0000      1.7581
ALPHA 1.0349 MaxIteration 5791  TIMEOUT 0.048811
 46        966       1022       1143      0.0488       1039        1039      0.0000      1.8481
ALPHA 1.0349 MaxIteration 5992  TIMEOUT 0.049050
 47        966       1022       1143      0.0491       1039        1039      0.0000      1.9281
ALPHA 1.0349 MaxIteration 6200  TIMEOUT 0.052357
 48        966       1022       1143      0.0524       1039        1039      0.0000      2.0281
ALPHA 1.0349 MaxIteration 6416  TIMEOUT 0.054033
 49        966       1022       1143      0.0540       1039        1039      0.0000      2.1181
ALPHA 1.0349 MaxIteration 6639  TIMEOUT 0.055634
 50        966       1022       1143      0.0556       1039        1039      0.0000      2.2275
ALPHA 1.0349 MaxIteration 6870  TIMEOUT 0.057967
 51        966       1022       1143      0.0580       1039        1039      0.0000      2.3375
ALPHA 1.0349 MaxIteration 7109  TIMEOUT 0.060261
 52        966       1022       1143      0.0603       1039        1039      0.0100      2.4481
ALPHA 1.0349 MaxIteration 7356  TIMEOUT 0.062227
 53        966       1022       1143      0.0622       1039        1039      0.0000      2.5681
ALPHA 1.0349 MaxIteration 7612  TIMEOUT 0.064153
 54        966       1022       1143      0.0642       1039        1039      0.0000      2.6981
ALPHA 1.0349 MaxIteration 7877  TIMEOUT 0.063221
 55        966       1022       1143      0.0632       1039        1039      0.0000      2.8181
ALPHA 1.0349 MaxIteration 8151  TIMEOUT 0.066533
 56        966       1022       1143      0.0665       1039        1039      0.0000      2.9481
ALPHA 1.0349 MaxIteration 8435  TIMEOUT 0.072485
 57        966       1022       1143      0.0725       1039        1039      0.0000      3.0781
ALPHA 1.0349 MaxIteration 8729  TIMEOUT 0.074648
 58        966       1022       1143      0.0746       1039        1039      0.0000      3.2181
ALPHA 1.0349 MaxIteration 9033  TIMEOUT 0.071713
 59        966       1022       1143      0.0717       1039        1039      0.0000      3.3581
ALPHA 1.0349 MaxIteration 9347  TIMEOUT 0.074491
 60        966       1022       1143      0.0745       1039        1039      0.0000      3.4981
ALPHA 1.0349 MaxIteration 9672  TIMEOUT 0.078372
 61        966       1022       1143      0.0784       1039        1039      0.0000      3.6381
ALPHA 1.0349 MaxIteration 10009  TIMEOUT 0.084756
 62        966       1022       1143      0.0848       1039        1039      0.0000      3.7981
ALPHA 1.0349 MaxIteration 10357  TIMEOUT 0.086463
 63        966       1022       1143      0.0865       1039        1039      0.0000      3.9500
ALPHA 1.0349 MaxIteration 10718  TIMEOUT 0.086392
 64        966       1022       1143      0.0864       1039        1039      0.0000      4.1081
ALPHA 1.0349 MaxIteration 11091  TIMEOUT 0.090293
 65        966       1022       1143      0.0903       1039        1039      0.0000      4.2849
ALPHA 1.0349 MaxIteration 11477  TIMEOUT 0.093671
 66        966       1022       1143      0.0937       1039        1039      0.0000      4.4589
ALPHA 1.0349 MaxIteration 11877  TIMEOUT 0.093813
 67        966       1022       1143      0.0938       1039        1039      0.0000      4.6281
ALPHA 1.0349 MaxIteration 12291  TIMEOUT 0.099519
 68        966       1022       1143      0.0995       1039        1039      0.0100      4.7981
ALPHA 1.0349 MaxIteration 12719  TIMEOUT 0.105397
 69        966       1022       1143      0.1054       1039        1039      0.0000      4.9881
ALPHA 1.0349 MaxIteration 13162  TIMEOUT 0.110005
 70        966       1022       1143      0.1100       1039        1039      0.0000      5.1981
ALPHA 1.0349 MaxIteration 13620  TIMEOUT 0.112873
 71        966       1022       1143      0.1129       1039        1039      0.0000      5.4181
ALPHA 1.0349 MaxIteration 14094  TIMEOUT 0.115941
 72        966       1022       1143      0.1159       1039        1039      0.0000      5.6281
ALPHA 1.0349 MaxIteration 14585  TIMEOUT 0.120242
 73        966       1022       1143      0.1202       1039        1039      0.0000      5.8581
ALPHA 1.0349 MaxIteration 15093  TIMEOUT 0.125502
 74        966       1022       1143      0.1255       1039        1039      0.0000      6.0781
ALPHA 1.0349 MaxIteration 15619  TIMEOUT 0.130464
 75        966       1022       1143      0.1305       1039        1039      0.0000      6.3181
ALPHA 1.0349 MaxIteration 16163  TIMEOUT 0.136920
 76        966       1022       1143      0.1369       1039        1039      0.0000      6.5681
ALPHA 1.0349 MaxIteration 16726  TIMEOUT 0.143849
 77        966       1022       1143      0.1438       1039        1039      0.0000      6.8381
ALPHA 1.0349 MaxIteration 17309  TIMEOUT 0.147115
 78        966       1022       1143      0.1471       1039        1039      0.0000      7.1174
ALPHA 1.0349 MaxIteration 17912  TIMEOUT 0.152278
 79        966       1022       1143      0.1523       1039        1039      0.0000      7.4181
ALPHA 1.0349 MaxIteration 18536  TIMEOUT 0.157086
 80        966       1022       1143      0.1571       1039        1039      0.0000      7.7081
ALPHA 1.0349 MaxIteration 19182  TIMEOUT 0.161554
 81        966       1022       1143      0.1616       1039        1039      0.0000      7.9981
ALPHA 1.0349 MaxIteration 19850  TIMEOUT 0.168960
 82        966       1022       1143      0.1690       1039        1039      0.0000      8.2882
ALPHA 1.0349 MaxIteration 20541  TIMEOUT 0.172982
 83        966       1022       1143      0.1730       1039        1039      0.0000      8.6181
ALPHA 1.0349 MaxIteration 21257  TIMEOUT 0.182068
 84        966       1022       1143      0.1821       1039        1039      0.0000      8.9481
ALPHA 1.0349 MaxIteration 21997  TIMEOUT 0.187885
 85        966       1022       1143      0.1879       1039        1039      0.0000      9.2881
ALPHA 1.0349 MaxIteration 22763  TIMEOUT 0.194673
 86        966       1022       1143      0.1947       1039        1039      0.0000      9.6481
ALPHA 1.0349 MaxIteration 23556  TIMEOUT 0.194590
 87        966       1022       1143      0.1946       1039        1039      0.0000     10.0081
ALPHA 1.0349 MaxIteration 24377  TIMEOUT 0.207188
 88        966       1022       1143      0.2072       1039        1039      0.0000     10.3981
ALPHA 1.0349 MaxIteration 25226  TIMEOUT 0.214703
 89        966       1022       1143      0.2147       1039        1039      0.0000     10.7881
ALPHA 1.0349 MaxIteration 26105  TIMEOUT 0.218820
 90        966       1022       1143      0.2188       1039        1039      0.0000     11.1781
ALPHA 1.0349 MaxIteration 27014  TIMEOUT 0.227899
 91        966       1022       1143      0.2279       1039        1039      0.0000     11.5981
ALPHA 1.0349 MaxIteration 27955  TIMEOUT 0.231272
 92        966       1022       1143      0.2313       1039        1039      0.0000     12.0281
ALPHA 1.0349 MaxIteration 28929  TIMEOUT 0.246178
 93        966       1022       1143      0.2462       1039        1039      0.0000     12.4781
ALPHA 1.0349 MaxIteration 29937  TIMEOUT 0.249897
 94        966       1022       1143      0.2499       1039        1039      0.0100     12.9281
ALPHA 1.0349 MaxIteration 30980  TIMEOUT 0.262831
 95        966       1022       1143      0.2628       1039        1039      0.0000     13.4281
ALPHA 1.0349 MaxIteration 32059  TIMEOUT 0.268628
 96        966       1022       1143      0.2686       1039        1039      0.0000     13.9181
ALPHA 1.0349 MaxIteration 33176  TIMEOUT 0.274542
 97        966       1022       1143      0.2745       1039        1039      0.0000     14.4181
ALPHA 1.0349 MaxIteration 34332  TIMEOUT 0.280943
 98        966       1022       1143      0.2809       1039        1039      0.0000     14.9434
ALPHA 1.0349 MaxIteration 35528  TIMEOUT 0.295180
 99        966       1022       1143      0.2952       1039        1039      0.0000     15.4881
ALPHA 1.0349 MaxIteration 36766  TIMEOUT 0.297371
100        966       1022       1143      0.2974       1039        1039      0.0000     16.0281
ALPHA 1.0349 MaxIteration 38047  TIMEOUT 0.315257
101        966       1022       1143      0.3153       1039        1039      0.0000     16.6081
ALPHA 1.0349 MaxIteration 39373  TIMEOUT 0.321471
102        966       1022       1143      0.3215       1039        1039      0.0000     17.2081
ALPHA 1.0349 MaxIteration 40745  TIMEOUT 0.342528
103        966       1022       1143      0.3425       1039        1039      0.0000     17.8381
ALPHA 1.0349 MaxIteration 42165  TIMEOUT 0.352035
104        966       1022       1143      0.3520       1039        1039      0.0000     18.4781
ALPHA 1.0349 MaxIteration 43634  TIMEOUT 0.367012
105        966       1022       1143      0.3670       1039        1039      0.0000     19.1381
ALPHA 1.0349 MaxIteration 45155  TIMEOUT 0.385827
106        966       1022       1143      0.3858       1039        1039      0.0000     19.8581
ALPHA 1.0349 MaxIteration 46729  TIMEOUT 0.141891
107        966       1022       1143      0.1419>>> T1_100_100_2.wclq |V| 100 |E| 100  (#LB 0.0000 1022 ---> 1022  0.0166  1039 <--- 1059  0.0189 #UB)  #solve_ime 20.0000 read_time 0.0019 
