With  Parameters CUTOFF 20 SEED 102  ALPHA = 1.900  K=5 RHO=0.05 Q0=0.90 BETA=3.0 AQ_MODE=dbs
Reading  graph ...  time 0.000234  
Reducing graph ...  time 0.000036  
[v6] |V|=200 |E|=250 density=1.25 USE_ADVANCED=0 SAFE_AQ_MIN_GAP=0.050 DEEP_AQ_RANGE=[800, 5.00, 10.00] structure_blocks_aq=1
#Rd        #LB        #LB*       #UB       #Time        #UB+        #UB*      #Time      #TotalTime
First Gap  0.090909
  1       1848       1848       2016      0.0231
 Switch to DBS-only search, timeout 0.023081....
 [Online-safe AQ structure guard] |V|=200 density=1.25 outside [800, 5.00, 10.00], disabling AQ
       1937        1937      0.0034        0.0466
ALPHA 1.9000 MaxIteration 3  TIMEOUT 0.023081
  2       1823       1848       2050      0.0001       2016        1937      0.0000        0.0469
ALPHA 1.8304 MaxIteration 5  TIMEOUT 0.000277
  3       1816       1848       2095      0.0003       2006        1937      0.0001        0.0475
ALPHA 1.7658 MaxIteration 9  TIMEOUT 0.000538
  4       1822       1848       2083      0.0005       1967        1937      0.0005        0.0486
ALPHA 1.7056 MaxIteration 15  TIMEOUT 0.000957
  5       1829       1848       2092      0.0008       1951        1937      0.0008        0.0502
ALPHA 1.6493 MaxIteration 25  TIMEOUT 0.001332
  6       1829       1848       2041      0.0011       1951        1937      0.0009        0.0524
ALPHA 1.5966 MaxIteration 41  TIMEOUT 0.001872
  7       1844       1848       2075      0.0019       1944        1937      0.0004        0.0562
ALPHA 1.5472 MaxIteration 65  TIMEOUT 0.002998
  8       1838       1848       2079      0.0030       1940        1937      0.0025        0.0623
ALPHA 1.5008 MaxIteration 100  TIMEOUT 0.004656
  9       1854       1854       2071      0.0047       1937        1937      0.0007        0.0727
ALPHA 1.4571 MaxIteration 150  TIMEOUT 0.007030
 10       1854       1854       2055      0.0047       1937        1937      0.0029        0.0822
ALPHA 1.4158 MaxIteration 218  TIMEOUT 0.006895
 11       1854       1854       2055      0.0069       1937        1937      0.0045        0.0962
ALPHA 1.3768 MaxIteration 308  TIMEOUT 0.009806
 12       1854       1854       2055      0.0098       1937        1937      0.0023        0.1159
ALPHA 1.3399 MaxIteration 424  TIMEOUT 0.013512
 13       1854       1854       2055      0.0135       1937        1937      0.0036        0.1429
ALPHA 1.3049 MaxIteration 568  TIMEOUT 0.018109
 14       1862       1862       2035      0.0181       1937        1937      0.0010        0.1792
ALPHA 1.2718 MaxIteration 741  TIMEOUT 0.023655
 15       1868       1868       2063      0.0237       1937        1937      0.0051        0.2266
ALPHA 1.2402 MaxIteration 942  TIMEOUT 0.030091
 16       1868       1868       2052      0.0298       1937        1937      0.0011        0.2862
ALPHA 1.2102 MaxIteration 1168  TIMEOUT 0.036899
 17       1868       1868       2052      0.0369       1937        1937      0.0018        0.3601
ALPHA 1.1816 MaxIteration 1413  TIMEOUT 0.044665
 18       1868       1868       2044      0.0434       1937        1937      0.0036        0.4478
ALPHA 1.1543 MaxIteration 1669  TIMEOUT 0.051239
 19       1875       1875       2043      0.0512       1937        1937      0.0047        0.5514
ALPHA 1.1283 MaxIteration 1926  TIMEOUT 0.059148
 20       1875       1875       2043      0.0592       1937        1937      0.0031        0.6698
ALPHA 1.1034 MaxIteration 2173  TIMEOUT 0.066750
 21       1875       1875       2044      0.0668       1937        1937      0.0017        0.8033
ALPHA 1.0795 MaxIteration 2397  TIMEOUT 0.073673
 22       1875       1875       2051      0.0734       1937        1937      0.0024        0.9512
ALPHA 1.0567 MaxIteration 2587  TIMEOUT 0.079236
 23       1875       1875       2046      0.0777       1937        1937      0.0035        1.1086
ALPHA 1.0349 MaxIteration 2733  TIMEOUT 0.082077
 24       1879       1879       2026      0.0821       1937        1937      0.0037        1.2728
ALPHA 1.0349 MaxIteration 2828  TIMEOUT 0.084947
 25       1879       1879       2021      0.0833       1937        1937      0.0033        1.4415
ALPHA 1.0349 MaxIteration 2926  TIMEOUT 0.086198
 26       1879       1879       2021      0.0862       1937        1937      0.0026        1.6139
ALPHA 1.0349 MaxIteration 3027  TIMEOUT 0.089219
 27       1879       1879       2021      0.0892       1937        1937      0.0029        1.7934
ALPHA 1.0349 MaxIteration 3132  TIMEOUT 0.092340
 28       1879       1879       2021      0.0923       1937        1937      0.0041        1.9792
ALPHA 1.0349 MaxIteration 3241  TIMEOUT 0.095561
 29       1879       1879       2021      0.0956       1937        1937      0.0014        2.1704
ALPHA 1.0349 MaxIteration 3353  TIMEOUT 0.098894
 30       1879       1879       2021      0.0989       1937        1937      0.0026        2.3683
ALPHA 1.0349 MaxIteration 3469  TIMEOUT 0.102363
 31       1879       1879       2021      0.1024       1937        1937      0.0016        2.5751
ALPHA 1.0349 MaxIteration 3589  TIMEOUT 0.105956
 32       1879       1879       2022      0.1060       1937        1937      0.0023        2.7901
ALPHA 1.0349 MaxIteration 3714  TIMEOUT 0.109656
 33       1879       1879       2018      0.1097       1937        1937      0.0064        3.0104
ALPHA 1.0349 MaxIteration 3843  TIMEOUT 0.113490
 34       1879       1879       2021      0.1135       1937        1937      0.0032        3.2385
ALPHA 1.0349 MaxIteration 3976  TIMEOUT 0.117464
 35       1879       1879       2024      0.1175       1937        1937      0.0012        3.4755
ALPHA 1.0349 MaxIteration 4114  TIMEOUT 0.121570
 36       1879       1879       2021      0.1216       1937        1937      0.0064        3.7208
ALPHA 1.0349 MaxIteration 4257  TIMEOUT 0.125850
 37       1879       1879       2019      0.1259       1937        1937      0.0052        3.9725
ALPHA 1.0349 MaxIteration 4405  TIMEOUT 0.130245
 38       1879       1879       2013      0.1303       1937        1937      0.0018        4.2341
ALPHA 1.0349 MaxIteration 4558  TIMEOUT 0.134811
 39       1879       1879       2021      0.1348       1937        1937      0.0035        4.5059
ALPHA 1.0349 MaxIteration 4716  TIMEOUT 0.139520
 40       1879       1879       2014      0.1395       1937        1937      0.0030        4.7860
ALPHA 1.0349 MaxIteration 4880  TIMEOUT 0.144389
 41       1879       1879       2013      0.1444       1937        1937      0.0024        5.0768
ALPHA 1.0349 MaxIteration 5050  TIMEOUT 0.149439
 42       1879       1879       2021      0.1495       1937        1937      0.0060        5.3777
ALPHA 1.0349 MaxIteration 5226  TIMEOUT 0.154665
 43       1879       1879       2021      0.1547       1937        1937      0.0024        5.6872
ALPHA 1.0349 MaxIteration 5408  TIMEOUT 0.160074
 44       1879       1879       2005      0.1601       1937        1937      0.0026        6.0074
ALPHA 1.0349 MaxIteration 5596  TIMEOUT 0.165662
 45       1879       1879       2019      0.1657       1937        1937      0.0009        6.3408
ALPHA 1.0349 MaxIteration 5791  TIMEOUT 0.171447
 46       1879       1879       2026      0.1715       1937        1937      0.0047        6.6868
ALPHA 1.0349 MaxIteration 5992  TIMEOUT 0.177440
 47       1879       1879       2021      0.1775       1937        1937      0.0021        7.0448
ALPHA 1.0349 MaxIteration 6200  TIMEOUT 0.183645
 48       1879       1879       2021      0.1837       1937        1937      0.0034        7.4172
ALPHA 1.0349 MaxIteration 6416  TIMEOUT 0.190070
 49       1879       1879       2024      0.1901       1937        1937      0.0027        7.8008
ALPHA 1.0349 MaxIteration 6639  TIMEOUT 0.196718
 50       1879       1879       2024      0.1967       1937        1937      0.0038        8.1954
ALPHA 1.0349 MaxIteration 6870  TIMEOUT 0.203591
 51       1879       1879       2021      0.2036       1937        1937      0.0037        8.6037
ALPHA 1.0349 MaxIteration 7109  TIMEOUT 0.210703
 52       1879       1879       2021      0.2107       1937        1937      0.0036        9.0292
ALPHA 1.0349 MaxIteration 7356  TIMEOUT 0.218062
 53       1879       1879       2024      0.2181       1937        1937      0.0049        9.4675
ALPHA 1.0349 MaxIteration 7612  TIMEOUT 0.225697
 54       1879       1879       2026      0.2257       1937        1937      0.0029        9.9210
ALPHA 1.0349 MaxIteration 7877  TIMEOUT 0.233584
 55       1879       1879       2021      0.2336       1937        1937      0.0033       10.3922
ALPHA 1.0349 MaxIteration 8151  TIMEOUT 0.241738
 56       1879       1879       2021      0.2417       1937        1937      0.0024       10.8808
ALPHA 1.0349 MaxIteration 8435  TIMEOUT 0.250172
 57       1879       1879       2021      0.2502       1937        1937      0.0058       11.3872
ALPHA 1.0349 MaxIteration 8729  TIMEOUT 0.258910
 58       1879       1879       2021      0.2589       1937        1937      0.0026       11.9092
ALPHA 1.0349 MaxIteration 9033  TIMEOUT 0.267953
 59       1879       1879       2021      0.2671       1937        1937      0.0029       12.4456
ALPHA 1.0349 MaxIteration 9347  TIMEOUT 0.276460
 60       1879       1879       2024      0.2765       1937        1937      0.0027       12.9997
ALPHA 1.0349 MaxIteration 9672  TIMEOUT 0.286132
 61       1879       1879       2001      0.2862       1937        1937      0.0057       13.5761
ALPHA 1.0349 MaxIteration 10009  TIMEOUT 0.296137
 62       1879       1879       2021      0.2951       1937        1937      0.0032       20.0000
>>> T1_200_250_7.wclq |V| 200 |E| 250  (#LB 0.0168 1848 ---> 1879  0.0299  1937 <--- 2016  0.0392 #UB)  #read_time 0.0002  #reduce_time 0.0000  #solve_time 20.0000  #total_time 20.0002
 