With  Parameters CUTOFF 20 SEED 103  ALPHA = 1.900  K=5 RHO=0.05 Q0=0.90 BETA=3.0 AQ_MODE=guarded
Reading  graph ...  time 0.000236  
Reducing graph ...  time 0.000031  
[v6] |V|=200 |E|=250 density=1.25 USE_ADVANCED=0 SAFE_AQ_MIN_GAP=0.050 DEEP_AQ_RANGE=[800, 5.00, 10.00] structure_blocks_aq=1
#Rd        #LB        #LB*       #UB       #Time        #UB+        #UB*      #Time      #TotalTime
First Gap  0.090909
  1       1848       1848       2016      0.0239
 Switch to DBS-only search, timeout 0.023890....
 [Online-safe AQ structure guard] |V|=200 density=1.25 outside [800, 5.00, 10.00], disabling AQ
       1937        1937      0.0128        0.0655
ALPHA 1.9000 MaxIteration 3  TIMEOUT 0.023890
  2       1823       1848       2050      0.0001       2016        1937      0.0000        0.0658
ALPHA 1.8304 MaxIteration 5  TIMEOUT 0.000262
  3       1821       1848       2095      0.0003       1989        1937      0.0002        0.0664
ALPHA 1.7658 MaxIteration 9  TIMEOUT 0.000507
  4       1836       1848       2081      0.0005       1969        1937      0.0005        0.0675
ALPHA 1.7056 MaxIteration 15  TIMEOUT 0.000916
  5       1837       1848       2056      0.0009       1954        1937      0.0008        0.0694
ALPHA 1.6493 MaxIteration 25  TIMEOUT 0.001603
  6       1837       1848       2041      0.0014       1950        1937      0.0010        0.0723
ALPHA 1.5966 MaxIteration 41  TIMEOUT 0.002388
  7       1837       1848       2041      0.0020       1945        1937      0.0019        0.0763
ALPHA 1.5472 MaxIteration 65  TIMEOUT 0.003217
  8       1837       1848       2056      0.0027       1943        1937      0.0022        0.0816
ALPHA 1.5008 MaxIteration 100  TIMEOUT 0.004119
  9       1854       1854       2067      0.0041       1937        1937      0.0028        0.0899
ALPHA 1.4571 MaxIteration 150  TIMEOUT 0.006188
 10       1854       1854       2068      0.0051       1937        1937      0.0041        0.1001
ALPHA 1.4158 MaxIteration 218  TIMEOUT 0.007446
 11       1854       1854       2068      0.0073       1937        1937      0.0034        0.1148
ALPHA 1.3768 MaxIteration 308  TIMEOUT 0.010392
 12       1862       1862       2067      0.0104       1937        1937      0.0025        0.1357
ALPHA 1.3399 MaxIteration 424  TIMEOUT 0.014328
 13       1862       1862       2057      0.0136       1937        1937      0.0016        0.1629
ALPHA 1.3049 MaxIteration 568  TIMEOUT 0.018179
 14       1862       1862       2057      0.0182       1937        1937      0.0041        0.1993
ALPHA 1.2718 MaxIteration 741  TIMEOUT 0.023741
 15       1862       1862       2035      0.0238       1937        1937      0.0024        0.2469
ALPHA 1.2402 MaxIteration 942  TIMEOUT 0.030209
 16       1862       1862       2035      0.0292       1937        1937      0.0014        0.3063
ALPHA 1.2102 MaxIteration 1168  TIMEOUT 0.036204
 17       1862       1862       2035      0.0362       1937        1937      0.0036        0.3789
ALPHA 1.1816 MaxIteration 1413  TIMEOUT 0.043839
 18       1865       1865       2035      0.0439       1937        1937      0.0035        0.4666
ALPHA 1.1543 MaxIteration 1669  TIMEOUT 0.051813
 19       1865       1865       2021      0.0518       1937        1937      0.0038        0.5713
ALPHA 1.1283 MaxIteration 1926  TIMEOUT 0.059813
 20       1867       1867       2028      0.0598       1937        1937      0.0025        0.6921
ALPHA 1.1034 MaxIteration 2173  TIMEOUT 0.067509
 21       1867       1867       2035      0.0675       1937        1937      0.0094        0.8282
ALPHA 1.0795 MaxIteration 2397  TIMEOUT 0.074525
 22       1867       1867       2048      0.0745       1937        1937      0.0030        0.9783
ALPHA 1.0567 MaxIteration 2587  TIMEOUT 0.080474
 23       1872       1872       2051      0.0805       1937        1937      0.0011        1.1394
ALPHA 1.0349 MaxIteration 2733  TIMEOUT 0.085057
 24       1872       1872       2026      0.0851       1937        1937      0.0024        1.3097
ALPHA 1.0349 MaxIteration 2828  TIMEOUT 0.088057
 25       1872       1872       2041      0.0881       1937        1937      0.0052        1.4869
ALPHA 1.0349 MaxIteration 2926  TIMEOUT 0.091159
 26       1872       1872       2057      0.0912       1937        1937      0.0024        1.6693
ALPHA 1.0349 MaxIteration 3027  TIMEOUT 0.094351
 27       1872       1872       2050      0.0944       1937        1937      0.0025        1.8582
ALPHA 1.0349 MaxIteration 3132  TIMEOUT 0.097656
 28       1872       1872       2018      0.0977       1937        1937      0.0020        2.0566
ALPHA 1.0349 MaxIteration 3241  TIMEOUT 0.101082
 29       1872       1872       2018      0.1011       1937        1937      0.0099        2.2598
ALPHA 1.0349 MaxIteration 3353  TIMEOUT 0.104613
 30       1872       1872       2050      0.1046       1937        1937      0.0034        2.4765
ALPHA 1.0349 MaxIteration 3469  TIMEOUT 0.108281
 31       1873       1873       2042      0.1083       1937        1937      0.0019        2.6971
ALPHA 1.0349 MaxIteration 3589  TIMEOUT 0.112077
 32       1873       1873       2040      0.1121       1937        1937      0.0028        2.9234
ALPHA 1.0349 MaxIteration 3714  TIMEOUT 0.116010
 33       1873       1873       2020      0.1154       1937        1937      0.0022        3.1573
ALPHA 1.0349 MaxIteration 3843  TIMEOUT 0.119417
 34       1873       1873       2044      0.1194       1937        1937      0.0052        3.3992
ALPHA 1.0349 MaxIteration 3976  TIMEOUT 0.123611
 35       1873       1873       2021      0.1236       1937        1937      0.0041        3.6475
ALPHA 1.0349 MaxIteration 4114  TIMEOUT 0.127941
 36       1874       1874       2023      0.1280       1937        1937      0.0035        3.9045
ALPHA 1.0349 MaxIteration 4257  TIMEOUT 0.132424
 37       1874       1874       2014      0.1300       1937        1937      0.0051        4.1667
ALPHA 1.0349 MaxIteration 4405  TIMEOUT 0.134571
 38       1874       1874       2034      0.1329       1937        1937      0.0068        4.4356
ALPHA 1.0349 MaxIteration 4558  TIMEOUT 0.137561
 39       1874       1874       2042      0.1376       1937        1937      0.0047        4.7138
ALPHA 1.0349 MaxIteration 4716  TIMEOUT 0.142376
 40       1874       1874       2034      0.1407       1937        1937      0.0079        5.0002
ALPHA 1.0349 MaxIteration 4880  TIMEOUT 0.145576
 41       1874       1874       2018      0.1456       1937        1937      0.0147        5.2955
ALPHA 1.0349 MaxIteration 5050  TIMEOUT 0.150661
 42       1874       1874       2035      0.1507       1937        1937      0.0029        5.5999
ALPHA 1.0349 MaxIteration 5226  TIMEOUT 0.155919
 43       1874       1874       2042      0.1559       1937        1937      0.0175        5.9149
ALPHA 1.0349 MaxIteration 5408  TIMEOUT 0.161375
 44       1874       1874       2005      0.1614       1937        1937      0.0069        6.2407
ALPHA 1.0349 MaxIteration 5596  TIMEOUT 0.167023
 45       1874       1874       2042      0.1671       1937        1937      0.0057        6.5789
ALPHA 1.0349 MaxIteration 5791  TIMEOUT 0.172880
 46       1874       1874       2042      0.1729       1937        1937      0.0018        6.9288
ALPHA 1.0349 MaxIteration 5992  TIMEOUT 0.178909
 47       1874       1874       2021      0.1789       1937        1937      0.0057        7.2867
ALPHA 1.0349 MaxIteration 6200  TIMEOUT 0.185162
 48       1874       1874       2019      0.1852       1937        1937      0.0030        7.6582
ALPHA 1.0349 MaxIteration 6416  TIMEOUT 0.191640
 49       1874       1874       2005      0.1917       1937        1937      0.0014        8.0425
ALPHA 1.0349 MaxIteration 6639  TIMEOUT 0.198340
 50       1874       1874       2028      0.1983       1937        1937      0.0023        8.4403
ALPHA 1.0349 MaxIteration 6870  TIMEOUT 0.205259
 51       1874       1874       2042      0.2053       1937        1937      0.0046        8.8520
ALPHA 1.0349 MaxIteration 7109  TIMEOUT 0.212429
 52       1874       1874       2026      0.2122       1937        1937      0.0069        9.2804
ALPHA 1.0349 MaxIteration 7356  TIMEOUT 0.219575
 53       1874       1874       2034      0.2194       1937        1937      0.0009        9.7224
ALPHA 1.0349 MaxIteration 7612  TIMEOUT 0.227090
 54       1874       1874       2021      0.2271       1937        1937      0.0029       10.1817
ALPHA 1.0349 MaxIteration 7877  TIMEOUT 0.235043
 55       1874       1874       2021      0.2351       1937        1937      0.0010       10.6559
ALPHA 1.0349 MaxIteration 8151  TIMEOUT 0.243246
 56       1874       1874       2021      0.2433       1937        1937      0.0066       11.1465
ALPHA 1.0349 MaxIteration 8435  TIMEOUT 0.251739
 57       1874       1874       2041      0.2497       1937        1937      0.0078       11.6540
ALPHA 1.0349 MaxIteration 8729  TIMEOUT 0.258409
 58       1874       1874       2019      0.2584       1937        1937      0.0025       12.1739
ALPHA 1.0349 MaxIteration 9033  TIMEOUT 0.267433
 59       1874       1874       2019      0.2675       1937        1937      0.0073       12.7149
ALPHA 1.0349 MaxIteration 9347  TIMEOUT 0.276784
 60       1874       1874       2014      0.2768       1937        1937      0.0052       13.2726
ALPHA 1.0349 MaxIteration 9672  TIMEOUT 0.286440
 61       1874       1874       2031      0.2865       1937        1937      0.0036       20.0000
>>> T1_200_250_7.wclq |V| 200 |E| 250  (#LB 0.0141 1848 ---> 1874  0.0325  1937 <--- 2016  0.0392 #UB)  #read_time 0.0002  #reduce_time 0.0000  #solve_time 20.0000  #total_time 20.0002
 