>>IBM: |V|=150 |E|=2000
>>IBM: The maximum node weight is 1235
/public/home/acs4vb4pqv/benchmarks/MWDS2026/T2_wclq/T2_150_2000_1.wclq #seed 101 #alpha 1.900 #timeout 0.100 K=5 RHO=0.05 Q0=0.90 BETA=3.5 AQ_MODE=dbs SAFE_AQ_MIN_GAP=0.050 SAFE_AQ_MIN_NODES=800
[v19] |V|=150 |E|=2000 density=13.33 USE_ADVANCED=0
#Rd        #LB        #LB*       #UB       #Time        #UB+        #UB*      #Time      #TotalTime
First Gap  0.188867
ALPHA 1.9000 MaxIteration 500  TIMEOUT 0.041491
  1        503        503        598      0.0415        598         598      0.0000      0.0888
ALPHA 1.9000 MaxIteration 3  TIMEOUT 0.000330
  2        488        503        704      0.0003        598         598      0.0000      0.0988
ALPHA 1.8304 MaxIteration 5  TIMEOUT 0.000818
  3        477        503        621      0.0008        598         598      0.0000      0.1088
ALPHA 1.7658 MaxIteration 9  TIMEOUT 0.001349
  4        467        503        601      0.0013        598         598      0.0000      0.1188
ALPHA 1.7056 MaxIteration 15  TIMEOUT 0.001254
  5        454        503        598      0.0013        598         598      0.0000      0.1288
ALPHA 1.6493 MaxIteration 25  TIMEOUT 0.003258
  6        473        503        598      0.0033        598         598      0.0000      0.1388
ALPHA 1.5966 MaxIteration 41  TIMEOUT 0.010582
  7        470        503        598      0.0106        598         598      0.0000      0.1688
ALPHA 1.5472 MaxIteration 65  TIMEOUT 0.006242
  8        469        503        598      0.0062        598         598      0.0000      0.1788
ALPHA 1.5008 MaxIteration 100  TIMEOUT 0.009475
  9        469        503        598      0.0095        598         598      0.0000      0.1888
ALPHA 1.4571 MaxIteration 150  TIMEOUT 0.022610
 10        482        503        598      0.0226        598         598      0.0000      0.2388
ALPHA 1.4158 MaxIteration 218  TIMEOUT 0.018088
 11        481        503        598      0.0181        598         598      0.0000      0.2688
ALPHA 1.3768 MaxIteration 308  TIMEOUT 0.042411
 12        476        503        598      0.0424        598         598      0.0000      0.3588
ALPHA 1.3399 MaxIteration 424  TIMEOUT 0.047602
 13        476        503        598      0.0476        598         598      0.0000      0.4488
ALPHA 1.3049 MaxIteration 568  TIMEOUT 0.075982
 14        476        503        598      0.0760        598         598      0.0000      0.5988
ALPHA 1.2718 MaxIteration 741  TIMEOUT 0.099514
 15        476        503        598      0.0995        598         598      0.0000      0.7788
ALPHA 1.2402 MaxIteration 942  TIMEOUT 0.122031
 16        476        503        598      0.1220        598         598      0.0000      1.0288
ALPHA 1.2102 MaxIteration 1168  TIMEOUT 0.150115
 17        482        503        598      0.1501        598         598      0.0000      1.3388
ALPHA 1.1816 MaxIteration 1413  TIMEOUT 0.181822
 18        482        503        598      0.1818        598         598      0.0000      1.7088
ALPHA 1.1543 MaxIteration 1669  TIMEOUT 0.212245
 19        482        503        598      0.2122        598         598      0.0000      2.1388
ALPHA 1.1283 MaxIteration 1926  TIMEOUT 0.240427
 20        482        503        598      0.2404        598         598      0.0000      2.6188
ALPHA 1.1034 MaxIteration 2173  TIMEOUT 0.270726
 21        482        503        598      0.2707        598         598      0.0000      3.1588
ALPHA 1.0795 MaxIteration 2397  TIMEOUT 0.404545
 22        496        503        598      0.4045        598         598      0.0000      3.9588
ALPHA 1.0567 MaxIteration 2587  TIMEOUT 0.353364
 23        487        503        598      0.3534        598         598      0.0000      4.6588
ALPHA 1.0349 MaxIteration 2733  TIMEOUT 0.352985
 24        486        503        598      0.3530        598         598      0.0000      5.3688
ALPHA 1.0349 MaxIteration 2828  TIMEOUT 0.400838
 25        482        503        598      0.4008        598         598      0.0000      6.1688
ALPHA 1.0349 MaxIteration 2926  TIMEOUT 0.361824
 26        476        503        598      0.3618        598         598      0.0000      6.8888
ALPHA 1.0349 MaxIteration 3027  TIMEOUT 0.214758
 27        464        503        598      0.2148        598         598      0.0000      7.3088
ALPHA 1.0349 MaxIteration 3132  TIMEOUT 0.372560
 28        482        503        598      0.3726        598         598      0.0000      8.0488
ALPHA 1.0349 MaxIteration 3241  TIMEOUT 0.395831
 29        479        503        598      0.3958        598         598      0.0000      8.8188
ALPHA 1.0349 MaxIteration 3353  TIMEOUT 0.413765
 30        482        503        598      0.4138        598         598      0.0000      9.6488
ALPHA 1.0349 MaxIteration 3469  TIMEOUT 0.442108
 31        476        503        598      0.4421        598         598      0.0000     10.5288
ALPHA 1.0349 MaxIteration 3589  TIMEOUT 0.521675
 32        482        503        598      0.5217        598         598      0.0000     11.5688
ALPHA 1.0349 MaxIteration 3714  TIMEOUT 0.428403
 33        484        503        598      0.4284        598         598      0.0000     12.4088
ALPHA 1.0349 MaxIteration 3843  TIMEOUT 0.478466
 34        476        503        598      0.4785        598         598      0.0000     13.3588
ALPHA 1.0349 MaxIteration 3976  TIMEOUT 0.484448
 35        476        503        598      0.4844        598         598      0.0000     14.3288
ALPHA 1.0349 MaxIteration 4114  TIMEOUT 0.670203
 36        482        503        598      0.6702        598         598      0.0000     15.6688
ALPHA 1.0349 MaxIteration 4257  TIMEOUT 0.530143
 37        482        503        598      0.5301        598         598      0.0000     16.7288
ALPHA 1.0349 MaxIteration 4405  TIMEOUT 0.537357
 38        482        503        598      0.5374        598         598      0.0000     17.7888
ALPHA 1.0349 MaxIteration 4558  TIMEOUT 0.586147
 39        482        503        598      0.5861        598         598      0.0000     18.9488
ALPHA 1.0349 MaxIteration 4716  TIMEOUT 0.646727
 40        478        503        598      0.6467        598         598      0.0000     19.9888
ALPHA 1.0349 MaxIteration 4880  TIMEOUT 0.011245
 41        456        503        598      0.0112>>> T2_150_2000_1.wclq |V| 150 |E| 2000  (#LB 0.0000 503 ---> 503  0.1889  598 <--- 598  0.0000 #UB)  #solve_ime 20.0001 read_time 0.0012 
