>>IBM: |V|=50 |E|=1000
>>IBM: The maximum node weight is 49
/public/home/acs4vb4pqv/benchmarks/MWDS2026/T1_wclq/T1_50_1000_0.wclq #seed 2 #alpha 1.900 #timeout 0.100 K=5 RHO=0.05 Q0=0.90 BETA=3.5 AQ_MODE=dbs SAFE_AQ_MIN_GAP=0.050 SAFE_AQ_MIN_NODES=800
[v19] |V|=50 |E|=1000 density=20.00 USE_ADVANCED=0
#Rd        #LB        #LB*       #UB       #Time        #UB+        #UB*      #Time      #TotalTime
First Gap  0.428571
ALPHA 1.9000 MaxIteration 500  TIMEOUT 0.005321
  1         28         28         40      0.0053         40          40      0.0000      0.0090
ALPHA 1.9000 MaxIteration 3  TIMEOUT 0.000052
  2         25         28         40      0.0001         40          40      0.0000      0.0190
ALPHA 1.8304 MaxIteration 5  TIMEOUT 0.000078
  3         25         28         62      0.0001         40          40      0.0000      0.0290
ALPHA 1.7658 MaxIteration 9  TIMEOUT 0.000113
  4         25         28         62      0.0001         40          40      0.0000      0.0390
ALPHA 1.7056 MaxIteration 15  TIMEOUT 0.000153
  5         25         28         62      0.0002         40          40      0.0000      0.0490
ALPHA 1.6493 MaxIteration 25  TIMEOUT 0.000231
  6         25         28         62      0.0002         40          40      0.0000      0.0590
ALPHA 1.5966 MaxIteration 41  TIMEOUT 0.000362
  7         25         28         62      0.0004         40          40      0.0000      0.0690
ALPHA 1.5472 MaxIteration 65  TIMEOUT 0.000535
  8         25         28         62      0.0005         40          40      0.0000      0.0790
ALPHA 1.5008 MaxIteration 100  TIMEOUT 0.000841
  9         25         28         62      0.0008         40          40      0.0000      0.0890
ALPHA 1.4571 MaxIteration 150  TIMEOUT 0.001211
 10         25         28         62      0.0012         40          40      0.0000      0.0990
ALPHA 1.4158 MaxIteration 218  TIMEOUT 0.001846
 11         25         28         62      0.0018         40          40      0.0000      0.1090
ALPHA 1.3768 MaxIteration 308  TIMEOUT 0.002496
 12         25         28         62      0.0025         40          40      0.0000      0.1190
ALPHA 1.3399 MaxIteration 424  TIMEOUT 0.003341
 13         25         28         62      0.0033         40          40      0.0000      0.1290
ALPHA 1.3049 MaxIteration 568  TIMEOUT 0.004656
 14         25         28         62      0.0047         40          40      0.0000      0.1390
ALPHA 1.2718 MaxIteration 741  TIMEOUT 0.005225
 15         25         28         62      0.0052         40          40      0.0000      0.1490
ALPHA 1.2402 MaxIteration 942  TIMEOUT 0.007529
 16         25         28         62      0.0075         40          40      0.0000      0.1590
ALPHA 1.2102 MaxIteration 1168  TIMEOUT 0.009439
 17         25         28         62      0.0094         40          40      0.0000      0.1690
ALPHA 1.1816 MaxIteration 1413  TIMEOUT 0.011137
 18         25         28         62      0.0111         40          40      0.0000      0.1990
ALPHA 1.1543 MaxIteration 1669  TIMEOUT 0.013596
 19         25         28         62      0.0136         40          40      0.0000      0.2290
ALPHA 1.1283 MaxIteration 1926  TIMEOUT 0.015188
 20         25         28         62      0.0152         40          40      0.0000      0.2590
ALPHA 1.1034 MaxIteration 2173  TIMEOUT 0.017343
 21         25         28         62      0.0173         40          40      0.0000      0.2890
ALPHA 1.0795 MaxIteration 2397  TIMEOUT 0.019196
 22         25         28         62      0.0192         40          40      0.0000      0.3190
ALPHA 1.0567 MaxIteration 2587  TIMEOUT 0.019807
 23         25         28         62      0.0198         40          40      0.0000      0.3490
ALPHA 1.0349 MaxIteration 2733  TIMEOUT 0.021543
 24         25         28         62      0.0215         40          40      0.0000      0.3990
ALPHA 1.0349 MaxIteration 2828  TIMEOUT 0.020468
 25         25         28         62      0.0205         40          40      0.0000      0.4490
ALPHA 1.0349 MaxIteration 2926  TIMEOUT 0.022508
 26         25         28         62      0.0225         40          40      0.0000      0.4990
ALPHA 1.0349 MaxIteration 3027  TIMEOUT 0.024175
 27         25         28         62      0.0242         40          40      0.0000      0.5490
ALPHA 1.0349 MaxIteration 3132  TIMEOUT 0.025134
 28         25         28         62      0.0251         40          40      0.0000      0.5990
ALPHA 1.0349 MaxIteration 3241  TIMEOUT 0.024663
 29         25         28         62      0.0247         40          40      0.0000      0.6481
ALPHA 1.0349 MaxIteration 3353  TIMEOUT 0.025686
 30         25         28         62      0.0257         40          40      0.0000      0.6990
ALPHA 1.0349 MaxIteration 3469  TIMEOUT 0.027513
 31         25         28         62      0.0275         40          40      0.0000      0.7490
ALPHA 1.0349 MaxIteration 3589  TIMEOUT 0.026587
 32         25         28         62      0.0266         40          40      0.0000      0.7990
ALPHA 1.0349 MaxIteration 3714  TIMEOUT 0.028767
 33         25         28         62      0.0288         40          40      0.0000      0.8490
ALPHA 1.0349 MaxIteration 3843  TIMEOUT 0.030691
 34         25         28         62      0.0307         40          40      0.0000      0.9190
ALPHA 1.0349 MaxIteration 3976  TIMEOUT 0.031521
 35         25         28         62      0.0315         40          40      0.0000      0.9890
ALPHA 1.0349 MaxIteration 4114  TIMEOUT 0.030961
 36         25         28         62      0.0310         40          40      0.0000      1.0590
ALPHA 1.0349 MaxIteration 4257  TIMEOUT 0.031966
 37         25         28         62      0.0320         40          40      0.0000      1.1290
ALPHA 1.0349 MaxIteration 4405  TIMEOUT 0.033343
 38         25         28         62      0.0333         40          40      0.0000      1.1990
ALPHA 1.0349 MaxIteration 4558  TIMEOUT 0.034189
 39         25         28         62      0.0342         40          40      0.0000      1.2690
ALPHA 1.0349 MaxIteration 4716  TIMEOUT 0.038669
 40         25         28         62      0.0387         40          40      0.0000      1.3390
ALPHA 1.0349 MaxIteration 4880  TIMEOUT 0.036937
 41         25         28         62      0.0369         40          40      0.0000      1.4090
ALPHA 1.0349 MaxIteration 5050  TIMEOUT 0.038470
 42         25         28         62      0.0385         40          40      0.0000      1.4790
ALPHA 1.0349 MaxIteration 5226  TIMEOUT 0.040662
 43         25         28         62      0.0407         40          40      0.0000      1.5690
ALPHA 1.0349 MaxIteration 5408  TIMEOUT 0.044064
 44         25         28         62      0.0441         40          40      0.0000      1.6590
ALPHA 1.0349 MaxIteration 5596  TIMEOUT 0.044976
 45         25         28         62      0.0450         40          40      0.0000      1.7490
ALPHA 1.0349 MaxIteration 5791  TIMEOUT 0.046561
 46         25         28         62      0.0466         40          40      0.0000      1.8390
ALPHA 1.0349 MaxIteration 5992  TIMEOUT 0.047970
 47         25         28         62      0.0480         40          40      0.0000      1.9290
ALPHA 1.0349 MaxIteration 6200  TIMEOUT 0.048572
 48         25         28         62      0.0486         40          40      0.0000      2.0190
ALPHA 1.0349 MaxIteration 6416  TIMEOUT 0.052520
 49         25         28         62      0.0525         40          40      0.0000      2.1290
ALPHA 1.0349 MaxIteration 6639  TIMEOUT 0.052087
 50         25         28         62      0.0521         40          40      0.0000      2.2390
ALPHA 1.0349 MaxIteration 6870  TIMEOUT 0.056709
 51         25         28         62      0.0567         40          40      0.0000      2.3490
ALPHA 1.0349 MaxIteration 7109  TIMEOUT 0.057108
 52         25         28         62      0.0571         40          40      0.0000      2.4590
ALPHA 1.0349 MaxIteration 7356  TIMEOUT 0.057944
 53         25         28         62      0.0579         40          40      0.0000      2.5690
ALPHA 1.0349 MaxIteration 7612  TIMEOUT 0.058359
 54         25         28         62      0.0584         40          40      0.0000      2.6790
ALPHA 1.0349 MaxIteration 7877  TIMEOUT 0.063111
 55         25         28         62      0.0631         40          40      0.0000      2.8090
ALPHA 1.0349 MaxIteration 8151  TIMEOUT 0.066678
 56         25         28         62      0.0667         40          40      0.0000      2.9390
ALPHA 1.0349 MaxIteration 8435  TIMEOUT 0.069070
 57         25         28         62      0.0691         40          40      0.0000      3.0690
ALPHA 1.0349 MaxIteration 8729  TIMEOUT 0.067731
 58         25         28         62      0.0677         40          40      0.0000      3.1990
ALPHA 1.0349 MaxIteration 9033  TIMEOUT 0.071704
 59         25         28         62      0.0717         40          40      0.0000      3.3390
ALPHA 1.0349 MaxIteration 9347  TIMEOUT 0.074153
 60         25         28         62      0.0742         40          40      0.0000      3.4890
ALPHA 1.0349 MaxIteration 9672  TIMEOUT 0.077847
 61         25         28         62      0.0778         40          40      0.0000      3.6390
ALPHA 1.0349 MaxIteration 10009  TIMEOUT 0.080639
 62         25         28         62      0.0806         40          40      0.0000      3.8090
ALPHA 1.0349 MaxIteration 10357  TIMEOUT 0.083895
 63         25         28         62      0.0839         40          40      0.0000      3.9790
ALPHA 1.0349 MaxIteration 10718  TIMEOUT 0.085193
 64         25         28         62      0.0852         40          40      0.0000      4.1490
ALPHA 1.0349 MaxIteration 11091  TIMEOUT 0.087491
 65         25         28         62      0.0875         40          40      0.0000      4.3190
ALPHA 1.0349 MaxIteration 11477  TIMEOUT 0.090953
 66         25         28         62      0.0910         40          40      0.0000      4.5090
ALPHA 1.0349 MaxIteration 11877  TIMEOUT 0.093920
 67         25         28         62      0.0939         40          40      0.0000      4.6990
ALPHA 1.0349 MaxIteration 12291  TIMEOUT 0.098819
 68         25         28         62      0.0988         40          40      0.0000      4.8790
ALPHA 1.0349 MaxIteration 12719  TIMEOUT 0.101867
 69         25         28         62      0.1019         40          40      0.0000      5.0890
ALPHA 1.0349 MaxIteration 13162  TIMEOUT 0.101596
 70         25         28         62      0.1016         40          40      0.0000      5.2990
ALPHA 1.0349 MaxIteration 13620  TIMEOUT 0.106903
 71         25         28         62      0.1069         40          40      0.0000      5.5090
ALPHA 1.0349 MaxIteration 14094  TIMEOUT 0.104215
 72         25         28         62      0.1042         40          40      0.0000      5.7190
ALPHA 1.0349 MaxIteration 14585  TIMEOUT 0.114094
 73         25         28         62      0.1141         40          40      0.0000      5.9490
ALPHA 1.0349 MaxIteration 15093  TIMEOUT 0.116645
 74         25         28         62      0.1166         40          40      0.0000      6.1790
ALPHA 1.0349 MaxIteration 15619  TIMEOUT 0.119284
 75         25         28         62      0.1193         40          40      0.0000      6.4090
ALPHA 1.0349 MaxIteration 16163  TIMEOUT 0.129485
 76         25         28         62      0.1295         40          40      0.0000      6.6590
ALPHA 1.0349 MaxIteration 16726  TIMEOUT 0.133893
 77         25         28         62      0.1339         40          40      0.0000      6.9290
ALPHA 1.0349 MaxIteration 17309  TIMEOUT 0.136739
 78         25         28         62      0.1367         40          40      0.0000      7.1990
ALPHA 1.0349 MaxIteration 17912  TIMEOUT 0.144495
 79         25         28         62      0.1445         40          40      0.0000      7.4890
ALPHA 1.0349 MaxIteration 18536  TIMEOUT 0.149377
 80         25         28         62      0.1494         40          40      0.0000      7.7790
ALPHA 1.0349 MaxIteration 19182  TIMEOUT 0.152412
 81         25         28         62      0.1524         40          40      0.0000      8.0890
ALPHA 1.0349 MaxIteration 19850  TIMEOUT 0.156251
 82         25         28         62      0.1563         40          40      0.0000      8.3990
ALPHA 1.0349 MaxIteration 20541  TIMEOUT 0.160793
 83         25         28         62      0.1608         40          40      0.0000      8.7190
ALPHA 1.0349 MaxIteration 21257  TIMEOUT 0.162415
 84         25         28         62      0.1624         40          40      0.0000      9.0490
ALPHA 1.0349 MaxIteration 21997  TIMEOUT 0.170388
 85         25         28         62      0.1704         40          40      0.0000      9.3990
ALPHA 1.0349 MaxIteration 22763  TIMEOUT 0.175272
 86         25         28         62      0.1753         40          40      0.0000      9.7490
ALPHA 1.0349 MaxIteration 23556  TIMEOUT 0.180920
 87         25         28         62      0.1809         40          40      0.0000     10.1090
ALPHA 1.0349 MaxIteration 24377  TIMEOUT 0.188167
 88         25         28         62      0.1882         40          40      0.0000     10.4690
ALPHA 1.0349 MaxIteration 25226  TIMEOUT 0.191148
 89         25         28         62      0.1911         40          40      0.0000     10.8590
ALPHA 1.0349 MaxIteration 26105  TIMEOUT 0.204973
 90         25         28         62      0.2050         40          40      0.0000     11.2590
ALPHA 1.0349 MaxIteration 27014  TIMEOUT 0.206483
 91         25         28         62      0.2065         40          40      0.0000     11.6690
ALPHA 1.0349 MaxIteration 27955  TIMEOUT 0.216003
 92         25         28         62      0.2160         40          40      0.0000     12.0990
ALPHA 1.0349 MaxIteration 28929  TIMEOUT 0.221116
 93         25         28         62      0.2211         40          40      0.0000     12.5490
ALPHA 1.0349 MaxIteration 29937  TIMEOUT 0.225751
 94         25         28         62      0.2258         40          40      0.0000     12.9890
ALPHA 1.0349 MaxIteration 30980  TIMEOUT 0.238563
 95         25         28         62      0.2386         40          40      0.0000     13.4590
ALPHA 1.0349 MaxIteration 32059  TIMEOUT 0.252527
 96         25         28         62      0.2525         40          40      0.0000     13.9590
ALPHA 1.0349 MaxIteration 33176  TIMEOUT 0.259580
 97         25         28         62      0.2596         40          40      0.0000     14.4690
ALPHA 1.0349 MaxIteration 34332  TIMEOUT 0.275727
 98         25         28         62      0.2757         40          40      0.0000     15.0190
ALPHA 1.0349 MaxIteration 35528  TIMEOUT 0.279855
 99         25         28         62      0.2799         40          40      0.0000     15.5690
ALPHA 1.0349 MaxIteration 36766  TIMEOUT 0.285486
100         25         28         62      0.2855         40          40      0.0000     16.1290
ALPHA 1.0349 MaxIteration 38047  TIMEOUT 0.301159
101         25         28         62      0.3012         40          40      0.0000     16.7390
ALPHA 1.0349 MaxIteration 39373  TIMEOUT 0.315407
102         25         28         62      0.3154         40          40      0.0000     17.3690
ALPHA 1.0349 MaxIteration 40745  TIMEOUT 0.319356
103         25         28         62      0.3194         40          40      0.0000     17.9890
ALPHA 1.0349 MaxIteration 42165  TIMEOUT 0.325467
104         25         28         62      0.3255         40          40      0.0000     18.6290
ALPHA 1.0349 MaxIteration 43634  TIMEOUT 0.327162
105         25         28         62      0.3272         40          40      0.0000     19.2790
ALPHA 1.0349 MaxIteration 45155  TIMEOUT 0.348210
106         25         28         62      0.3482         40          40      0.0000     19.9690
ALPHA 1.0349 MaxIteration 46729  TIMEOUT 0.031002
107         25         28         62      0.0310>>> T1_50_1000_0.wclq |V| 50 |E| 1000  (#LB 0.0000 28 ---> 28  0.4286  40 <--- 40  0.0000 #UB)  #solve_ime 20.0000 read_time 0.0010 
