>>IBM: |V|=200 |E|=2000
>>IBM: The maximum node weight is 49
/public/home/acs4vb4pqv/benchmarks/MWDS2026/T1_wclq/T1_200_2000_8.wclq #seed 103 #alpha 1.900 #timeout 0.100 K=5 RHO=0.05 Q0=0.90 BETA=3.5 AQ_MODE=guarded SAFE_AQ_MIN_GAP=0.050 SAFE_AQ_MIN_NODES=800
[v19] |V|=200 |E|=2000 density=10.00 USE_ADVANCED=0
#Rd        #LB        #LB*       #UB       #Time        #UB+        #UB*      #Time      #TotalTime
First Gap  1.328283
ALPHA 1.9000 MaxIteration 500  TIMEOUT 0.046351
  1        198        198        461      0.0464
 [Online-safe AQ eligibility guard] gap=1.3283 density=10.00 |V|=200 => No RL
        416         416      0.0100      0.0870
ALPHA 1.9000 MaxIteration 3  TIMEOUT 0.000378
  2        191        198        562      0.0004        416         416      0.0000      0.0970
ALPHA 1.8304 MaxIteration 5  TIMEOUT 0.000857
  3        179        198        506      0.0009        430         416      0.0000      0.1070
ALPHA 1.7658 MaxIteration 9  TIMEOUT 0.002060
  4        179        198        505      0.0021        416         416      0.0000      0.1170
ALPHA 1.7056 MaxIteration 15  TIMEOUT 0.002650
  5        184        198        500      0.0026        416         416      0.0000      0.1270
ALPHA 1.6493 MaxIteration 25  TIMEOUT 0.004237
  6        183        198        498      0.0042        416         416      0.0000      0.1370
ALPHA 1.5966 MaxIteration 41  TIMEOUT 0.007688
  7        182        198        477      0.0077        421         416      0.0000      0.1470
ALPHA 1.5472 MaxIteration 65  TIMEOUT 0.010718
  8        193        198        467      0.0107        419         416      0.0100      0.1770
ALPHA 1.5008 MaxIteration 100  TIMEOUT 0.016386
  9        191        198        481      0.0164        416         416      0.0100      0.2070
ALPHA 1.4571 MaxIteration 150  TIMEOUT 0.020862
 10        191        198        473      0.0209        416         416      0.0000      0.2570
ALPHA 1.4158 MaxIteration 218  TIMEOUT 0.022275
 11        187        198        476      0.0223        416         416      0.0200      0.3070
ALPHA 1.3768 MaxIteration 308  TIMEOUT 0.050355
 12        193        198        479      0.0504        416         416      0.0100      0.4170
ALPHA 1.3399 MaxIteration 424  TIMEOUT 0.079523
 13        190        198        466      0.0795        416         416      0.0100      0.5670
ALPHA 1.3049 MaxIteration 568  TIMEOUT 0.074843
 14        196        198        466      0.0748        416         416      0.0000      0.7170
ALPHA 1.2718 MaxIteration 741  TIMEOUT 0.070596
 15        196        198        467      0.0706        416         416      0.0100      0.8670
ALPHA 1.2402 MaxIteration 942  TIMEOUT 0.190196
 16        193        198        475      0.1902        416         416      0.0000      1.2570
ALPHA 1.2102 MaxIteration 1168  TIMEOUT 0.140982
 17        190        198        473      0.1410        416         416      0.0100      1.5470
ALPHA 1.1816 MaxIteration 1413  TIMEOUT 0.263874
 18        196        198        456      0.2639        416         416      0.0300      2.0670
ALPHA 1.1543 MaxIteration 1669  TIMEOUT 0.278686
 19        191        198        463      0.2787        416         416      0.0100      2.6070
ALPHA 1.1283 MaxIteration 1926  TIMEOUT 0.203103
 20        197        198        473      0.2031        416         416      0.0000      3.0070
ALPHA 1.1034 MaxIteration 2173  TIMEOUT 0.295213
 21        192        198        467      0.2952        416         416      0.0000      3.5870
ALPHA 1.0795 MaxIteration 2397  TIMEOUT 0.337690
 22        193        198        466      0.3377        416         416      0.0100      4.2570
ALPHA 1.0567 MaxIteration 2587  TIMEOUT 0.245853
 23        193        198        463      0.2459        416         416      0.0100      4.7470
ALPHA 1.0349 MaxIteration 2733  TIMEOUT 0.351172
 24        195        198        456      0.3512        416         416      0.0000      5.4470
ALPHA 1.0349 MaxIteration 2828  TIMEOUT 0.301914
 25        200        200        452      0.3019        416         416      0.0100      6.0470
ALPHA 1.0349 MaxIteration 2926  TIMEOUT 0.391187
 26        191        200        466      0.3912        416         416      0.0000      6.8270
ALPHA 1.0349 MaxIteration 3027  TIMEOUT 0.314554
 27        198        200        467      0.3146        416         416      0.0100      7.4470
ALPHA 1.0349 MaxIteration 3132  TIMEOUT 0.312541
 28        192        200        466      0.3125        416         416      0.0000      8.0670
ALPHA 1.0349 MaxIteration 3241  TIMEOUT 0.566201
 29        192        200        473      0.5662        416         416      0.0100      9.1870
ALPHA 1.0349 MaxIteration 3353  TIMEOUT 0.313170
 30        192        200        470      0.3132        416         416      0.0200      9.8170
ALPHA 1.0349 MaxIteration 3469  TIMEOUT 0.381130
 31        196        200        471      0.3811        416         416      0.0200     10.5770
ALPHA 1.0349 MaxIteration 3589  TIMEOUT 0.458810
 32        194        200        456      0.4588        416         416      0.0000     11.4770
ALPHA 1.0349 MaxIteration 3714  TIMEOUT 0.346005
 33        200        200        467      0.3460        416         416      0.0000     12.1570
ALPHA 1.0349 MaxIteration 3843  TIMEOUT 0.350600
 34        193        200        473      0.3506        416         416      0.0000     12.8570
ALPHA 1.0349 MaxIteration 3976  TIMEOUT 0.362413
 35        193        200        469      0.3624        416         416      0.0400     13.5770
ALPHA 1.0349 MaxIteration 4114  TIMEOUT 0.373324
 36        193        200        470      0.3733        416         416      0.0000     14.3170
ALPHA 1.0349 MaxIteration 4257  TIMEOUT 0.696207
 37        199        200        466      0.6962        416         416      0.0400     15.6970
ALPHA 1.0349 MaxIteration 4405  TIMEOUT 0.530339
 38        197        200        461      0.5303        416         416      0.0000     16.7570
ALPHA 1.0349 MaxIteration 4558  TIMEOUT 0.464191
 39        195        200        468      0.4642        416         416      0.0400     17.6770
ALPHA 1.0349 MaxIteration 4716  TIMEOUT 0.444509
 40        192        200        461      0.4445        416         416      0.0100     18.5570
ALPHA 1.0349 MaxIteration 4880  TIMEOUT 0.755186
 41        193        200        468      0.7552        416         416      0.0400     19.9870
ALPHA 1.0349 MaxIteration 5050  TIMEOUT 0.013011
 42        192        200        475      0.0130>>> T1_200_2000_8.wclq |V| 200 |E| 2000  (#LB 0.0101 198 ---> 200  1.0800  416 <--- 461  0.0976 #UB)  #solve_ime 20.0001 read_time 0.0030 
