>>IBM: |V|=200 |E|=250
>>IBM: The maximum node weight is 49
/public/home/acs4vb4pqv/benchmarks/MWDS2026/T1_wclq/T1_200_250_7.wclq #seed 103 #alpha 1.900 #timeout 0.100 K=5 RHO=0.05 Q0=0.90 BETA=3.5 AQ_MODE=dbs SAFE_AQ_MIN_GAP=0.050 SAFE_AQ_MIN_NODES=800
[v19] |V|=200 |E|=250 density=1.25 USE_ADVANCED=0
#Rd        #LB        #LB*       #UB       #Time        #UB+        #UB*      #Time      #TotalTime
First Gap  0.097109
ALPHA 1.9000 MaxIteration 500  TIMEOUT 0.035367
  1       1833       1833       2011      0.0354       1937        1937      0.0200      0.0700
ALPHA 1.9000 MaxIteration 3  TIMEOUT 0.000296
  2       1756       1833       2204      0.0003       1937        1937      0.0000      0.0800
ALPHA 1.8304 MaxIteration 5  TIMEOUT 0.000911
  3       1764       1833       2145      0.0009       1940        1937      0.0000      0.0900
ALPHA 1.7658 MaxIteration 9  TIMEOUT 0.000734
  4       1708       1833       2159      0.0007       1937        1937      0.0000      0.1000
ALPHA 1.7056 MaxIteration 15  TIMEOUT 0.001833
  5       1713       1833       2142      0.0018       1940        1937      0.0000      0.1100
ALPHA 1.6493 MaxIteration 25  TIMEOUT 0.003229
  6       1726       1833       2107      0.0032       1945        1937      0.0000      0.1200
ALPHA 1.5966 MaxIteration 41  TIMEOUT 0.002873
  7       1708       1833       2108      0.0029       1940        1937      0.0000      0.1300
ALPHA 1.5472 MaxIteration 65  TIMEOUT 0.003388
  8       1706       1833       2112      0.0034       1943        1937      0.0000      0.1383
ALPHA 1.5008 MaxIteration 100  TIMEOUT 0.004896
  9       1706       1833       2108      0.0049       1945        1937      0.0000      0.1500
ALPHA 1.4571 MaxIteration 150  TIMEOUT 0.008223
 10       1706       1833       2108      0.0082       1945        1937      0.0000      0.1600
ALPHA 1.4158 MaxIteration 218  TIMEOUT 0.010150
 11       1706       1833       2107      0.0101       1937        1937      0.0100      0.1900
ALPHA 1.3768 MaxIteration 308  TIMEOUT 0.015826
 12       1706       1833       2108      0.0158       1937        1937      0.0100      0.2200
ALPHA 1.3399 MaxIteration 424  TIMEOUT 0.027568
 13       1706       1833       2108      0.0276       1937        1937      0.0100      0.2700
ALPHA 1.3049 MaxIteration 568  TIMEOUT 0.024290
 14       1703       1833       2107      0.0243       1937        1937      0.0000      0.3200
ALPHA 1.2718 MaxIteration 741  TIMEOUT 0.030843
 15       1703       1833       2108      0.0308       1937        1937      0.0100      0.3800
ALPHA 1.2402 MaxIteration 942  TIMEOUT 0.040082
 16       1703       1833       2108      0.0401       1937        1937      0.0100      0.4632
ALPHA 1.2102 MaxIteration 1168  TIMEOUT 0.050241
 17       1703       1833       2108      0.0502       1937        1937      0.0100      0.5700
ALPHA 1.1816 MaxIteration 1413  TIMEOUT 0.056656
 18       1703       1833       2108      0.0567       1937        1937      0.0100      0.6800
ALPHA 1.1543 MaxIteration 1669  TIMEOUT 0.101036
 19       1706       1833       2107      0.1010       1937        1937      0.0100      0.8800
ALPHA 1.1283 MaxIteration 1926  TIMEOUT 0.125461
 20       1706       1833       2107      0.1255       1937        1937      0.0000      1.1100
ALPHA 1.1034 MaxIteration 2173  TIMEOUT 0.108001
 21       1706       1833       2107      0.1080       1937        1937      0.0300      1.3200
ALPHA 1.0795 MaxIteration 2397  TIMEOUT 0.128827
 22       1706       1833       2107      0.1288       1937        1937      0.0100      1.5600
ALPHA 1.0567 MaxIteration 2587  TIMEOUT 0.140170
 23       1706       1833       2107      0.1402       1937        1937      0.0100      1.8400
ALPHA 1.0349 MaxIteration 2733  TIMEOUT 0.149728
 24       1706       1833       2107      0.1497       1937        1937      0.0100      2.1200
ALPHA 1.0349 MaxIteration 2828  TIMEOUT 0.158891
 25       1706       1833       2107      0.1589       1937        1937      0.0100      2.4200
ALPHA 1.0349 MaxIteration 2926  TIMEOUT 0.166911
 26       1706       1833       2107      0.1669       1937        1937      0.0100      2.7300
ALPHA 1.0349 MaxIteration 3027  TIMEOUT 0.172128
 27       1706       1833       2107      0.1721       1937        1937      0.0100      3.0600
ALPHA 1.0349 MaxIteration 3132  TIMEOUT 0.179357
 28       1706       1833       2107      0.1794       1937        1937      0.0300      3.4000
ALPHA 1.0349 MaxIteration 3241  TIMEOUT 0.196689
 29       1706       1833       2107      0.1967       1937        1937      0.0100      3.7700
ALPHA 1.0349 MaxIteration 3353  TIMEOUT 0.198929
 30       1706       1833       2107      0.1989       1937        1937      0.0100      4.1500
ALPHA 1.0349 MaxIteration 3469  TIMEOUT 0.221442
 31       1706       1833       2107      0.2214       1937        1937      0.0100      4.5700
ALPHA 1.0349 MaxIteration 3589  TIMEOUT 0.226976
 32       1706       1833       2107      0.2270       1937        1937      0.0100      5.0000
ALPHA 1.0349 MaxIteration 3714  TIMEOUT 0.246776
 33       1706       1833       2107      0.2468       1937        1937      0.0200      5.4600
ALPHA 1.0349 MaxIteration 3843  TIMEOUT 0.249668
 34       1706       1833       2107      0.2497       1937        1937      0.0200      5.9214
ALPHA 1.0349 MaxIteration 3976  TIMEOUT 0.347367
 35       1715       1833       2107      0.3474       1937        1937      0.0200      6.5700
ALPHA 1.0349 MaxIteration 4114  TIMEOUT 0.354288
 36       1715       1833       2107      0.3543       1937        1937      0.0100      7.2600
ALPHA 1.0349 MaxIteration 4257  TIMEOUT 0.373615
 37       1715       1833       2107      0.3736       1937        1937      0.0000      7.9800
ALPHA 1.0349 MaxIteration 4405  TIMEOUT 0.284700
 38       1706       1833       2108      0.2847       1937        1937      0.0100      8.5300
ALPHA 1.0349 MaxIteration 4558  TIMEOUT 0.287636
 39       1706       1833       2107      0.2876       1937        1937      0.0100      9.0700
ALPHA 1.0349 MaxIteration 4716  TIMEOUT 0.298689
 40       1706       1833       2107      0.2987       1937        1937      0.0100      9.6200
ALPHA 1.0349 MaxIteration 4880  TIMEOUT 0.306349
 41       1706       1833       2107      0.3063       1937        1937      0.0100     10.2000
ALPHA 1.0349 MaxIteration 5050  TIMEOUT 0.320376
 42       1706       1833       2107      0.3204       1937        1937      0.0000     10.8200
ALPHA 1.0349 MaxIteration 5226  TIMEOUT 0.223354
 43       1703       1833       2107      0.2234       1937        1937      0.0100     11.2500
ALPHA 1.0349 MaxIteration 5408  TIMEOUT 0.348682
 44       1706       1833       2107      0.3487       1937        1937      0.0300     11.9100
ALPHA 1.0349 MaxIteration 5596  TIMEOUT 0.356111
 45       1706       1833       2107      0.3561       1937        1937      0.0100     12.5900
ALPHA 1.0349 MaxIteration 5791  TIMEOUT 0.369691
 46       1706       1833       2107      0.3697       1937        1937      0.0200     13.2800
ALPHA 1.0349 MaxIteration 5992  TIMEOUT 0.378166
 47       1706       1833       2107      0.3782       1937        1937      0.0100     13.9800
ALPHA 1.0349 MaxIteration 6200  TIMEOUT 0.391136
 48       1706       1833       2107      0.3911       1937        1937      0.0100     14.7200
ALPHA 1.0349 MaxIteration 6416  TIMEOUT 0.405137
 49       1706       1833       2107      0.4051       1937        1937      0.0100     15.4800
ALPHA 1.0349 MaxIteration 6639  TIMEOUT 0.422789
 50       1706       1833       2107      0.4228       1937        1937      0.0100     16.2900
ALPHA 1.0349 MaxIteration 6870  TIMEOUT 0.445590
 51       1706       1833       2107      0.4456       1937        1937      0.0200     17.1400
ALPHA 1.0349 MaxIteration 7109  TIMEOUT 0.445812
 52       1706       1833       2107      0.4458       1937        1937      0.0100     18.0000
ALPHA 1.0349 MaxIteration 7356  TIMEOUT 0.457319
 53       1706       1833       2112      0.4573       1937        1937      0.0100     18.8700
ALPHA 1.0349 MaxIteration 7612  TIMEOUT 0.472388
 54       1706       1833       2112      0.4724       1937        1937      0.0100     19.7800
ALPHA 1.0349 MaxIteration 7877  TIMEOUT 0.219984
 55       1703       1833       2112      0.2200>>> T1_200_250_7.wclq |V| 200 |E| 250  (#LB 0.0000 1833 ---> 1833  0.0567  1937 <--- 2011  0.0368 #UB)  #solve_ime 20.0000 read_time 0.0000 
