With  Parameters CUTOFF 20 SEED 102  ALPHA = 1.900  K=5 RHO=0.05 Q0=0.90 BETA=3.0 AQ_MODE=dbs
Reading  graph ...  time 0.090055  
Reducing graph ...  time 0.009410  
[v6] |V|=27769 |E|=352285 density=12.69 USE_ADVANCED=1 SAFE_AQ_MIN_GAP=0.050 DEEP_AQ_RANGE=[800, 5.00, 10.00] structure_blocks_aq=1
#Rd        #LB        #LB*       #UB       #Time        #UB+        #UB*      #Time      #TotalTime
First Gap  0.012233
  1     213028     213028     215634      1.4681
 Switch to DBS-only search, timeout 1.468054....
 [Online-safe AQ structure guard] |V|=27769 density=12.69 outside [800, 5.00, 10.00], disabling AQ
 [Online-safe AQ first-gap guard] FIRST_GAP 0.0122 < 0.0500, disabling AQ
     214922      214922      1.3298        2.9484
ALPHA 1.9000 MaxIteration 3  TIMEOUT 1.468054
  2     213037     213037     216408      0.0497     218621      214922      0.0300        3.0486
ALPHA 1.8304 MaxIteration 5  TIMEOUT 0.094500
  3     212872     213037     216426      0.0597     218521      214922      0.0304        3.1686
ALPHA 1.7658 MaxIteration 9  TIMEOUT 0.109201
  4     212925     213037     216232      0.1111     216837      214922      0.1102        3.3916
ALPHA 1.7056 MaxIteration 15  TIMEOUT 0.196170
  5     212952     213037     216187      0.1542     216419      214922      0.1510        3.7007
ALPHA 1.6493 MaxIteration 25  TIMEOUT 0.262913
  6     212953     213037     216172      0.2658     215867      214922      0.2331        4.2340
ALPHA 1.5966 MaxIteration 41  TIMEOUT 0.438418
  7     213019     213037     215892      0.4430     215470      214922      0.4424        5.1216
ALPHA 1.5472 MaxIteration 65  TIMEOUT 0.707245
  8     213004     213037     215954      0.7125     215145      214922      0.5850        6.5474
ALPHA 1.5008 MaxIteration 100  TIMEOUT 1.102444
  9     213074     213074     215766      1.1037     215057      214922      0.9831        8.7556
ALPHA 1.4571 MaxIteration 150  TIMEOUT 1.656362
 10     213097     213097     215746      1.1818     215205      214922      1.0453       11.1257
ALPHA 1.4158 MaxIteration 218  TIMEOUT 1.721962
 11     213129     213129     215781      1.7251     215043      214922      1.2353       14.5805
ALPHA 1.3768 MaxIteration 308  TIMEOUT 2.442335
 12     213196     213196     215598      2.4429     214850      214850      1.8694       19.9691
ALPHA 1.3399 MaxIteration 424  TIMEOUT 4.052986
 13     213196     213196     215768      0.0344
>>> Cit-HepTh.clq |V| 27769 |E| 352285  (#LB 0.0008 213028 ---> 213196  0.0077  214850 <--- 215634  0.0036 #UB)  #read_time 0.0901  #reduce_time 0.0094  #solve_time 20.0325  #total_time 20.1319
 