With  Parameters CUTOFF 20 SEED 3  ALPHA = 1.900  K=5 RHO=0.05 Q0=0.90 BETA=3.0 AQ_MODE=dbs
Reading  graph ...  time 0.022831  
Reducing graph ...  time 0.000028  
[v6] |V|=50 |E|=1000 density=20.00 USE_ADVANCED=0 SAFE_AQ_MIN_GAP=0.050 DEEP_AQ_RANGE=[800, 5.00, 10.00] structure_blocks_aq=1
#Rd        #LB        #LB*       #UB       #Time        #UB+        #UB*      #Time      #TotalTime
First Gap  0.428571
  1         28         28         40      0.0049
 Switch to DBS-only search, timeout 0.004936....
 [Online-safe AQ structure guard] |V|=50 density=20.00 outside [800, 5.00, 10.00], disabling AQ
         40          40      0.0001        0.0099
ALPHA 1.9000 MaxIteration 3  TIMEOUT 0.004936
  2         28         28         40      0.0001         40          40      0.0001        0.0101
ALPHA 1.8304 MaxIteration 5  TIMEOUT 0.000112
  3         28         28         62      0.0001         40          40      0.0001        0.0103
ALPHA 1.7658 MaxIteration 9  TIMEOUT 0.000148
  4         28         28         62      0.0001         40          40      0.0001        0.0106
ALPHA 1.7056 MaxIteration 15  TIMEOUT 0.000261
  5         28         28         62      0.0002         40          40      0.0001        0.0110
ALPHA 1.6493 MaxIteration 25  TIMEOUT 0.000331
  6         28         28         62      0.0003         40          40      0.0001        0.0116
ALPHA 1.5966 MaxIteration 41  TIMEOUT 0.000498
  7         28         28         47      0.0005         40          40      0.0001        0.0126
ALPHA 1.5472 MaxIteration 65  TIMEOUT 0.000786
  8         28         28         47      0.0008         40          40      0.0001        0.0141
ALPHA 1.5008 MaxIteration 100  TIMEOUT 0.001184
  9         28         28         47      0.0012         40          40      0.0001        0.0165
ALPHA 1.4571 MaxIteration 150  TIMEOUT 0.001763
 10         28         28         47      0.0017         40          40      0.0001        0.0199
ALPHA 1.4158 MaxIteration 218  TIMEOUT 0.002478
 11         28         28         47      0.0025         40          40      0.0001        0.0249
ALPHA 1.3768 MaxIteration 308  TIMEOUT 0.003514
 12         28         28         47      0.0035         40          40      0.0001        0.0319
ALPHA 1.3399 MaxIteration 424  TIMEOUT 0.004841
 13         28         28         47      0.0048         40          40      0.0001        0.0416
ALPHA 1.3049 MaxIteration 568  TIMEOUT 0.006491
 14         28         28         47      0.0065         40          40      0.0001        0.0546
ALPHA 1.2718 MaxIteration 741  TIMEOUT 0.008481
 15         28         28         47      0.0084         40          40      0.0001        0.0719
ALPHA 1.2402 MaxIteration 942  TIMEOUT 0.010641
 16         28         28         47      0.0107         40          40      0.0001        0.0933
ALPHA 1.2102 MaxIteration 1168  TIMEOUT 0.013214
 17         28         28         47      0.0132         40          40      0.0001        0.1197
ALPHA 1.1816 MaxIteration 1413  TIMEOUT 0.016000
 18         28         28         47      0.0160         40          40      0.0001        0.1518
ALPHA 1.1543 MaxIteration 1669  TIMEOUT 0.018913
 19         28         28         47      0.0189         40          40      0.0001        0.1899
ALPHA 1.1283 MaxIteration 1926  TIMEOUT 0.021834
 20         28         28         47      0.0218         40          40      0.0001        0.2346
ALPHA 1.1034 MaxIteration 2173  TIMEOUT 0.024641
 21         28         28         47      0.0246         40          40      0.0001        0.2849
ALPHA 1.0795 MaxIteration 2397  TIMEOUT 0.027196
 22         28         28         47      0.0272         40          40      0.0001        0.3403
ALPHA 1.0567 MaxIteration 2587  TIMEOUT 0.029369
 23         28         28         47      0.0294         40          40      0.0001        0.3991
ALPHA 1.0349 MaxIteration 2733  TIMEOUT 0.031042
 24         28         28         47      0.0310         40          40      0.0001        0.4612
ALPHA 1.0349 MaxIteration 2828  TIMEOUT 0.032128
 25         28         28         47      0.0321         40          40      0.0001        0.5265
ALPHA 1.0349 MaxIteration 2926  TIMEOUT 0.033257
 26         28         28         47      0.0333         40          40      0.0001        0.5940
ALPHA 1.0349 MaxIteration 3027  TIMEOUT 0.034426
 27         28         28         47      0.0344         40          40      0.0001        0.6629
ALPHA 1.0349 MaxIteration 3132  TIMEOUT 0.035632
 28         28         28         47      0.0356         40          40      0.0001        0.7362
ALPHA 1.0349 MaxIteration 3241  TIMEOUT 0.036878
 29         28         28         47      0.0369         40          40      0.0001        0.8130
ALPHA 1.0349 MaxIteration 3353  TIMEOUT 0.038173
 30         28         28         47      0.0382         40          40      0.0001        0.8924
ALPHA 1.0349 MaxIteration 3469  TIMEOUT 0.039510
 31         28         28         47      0.0395         40          40      0.0001        0.9744
ALPHA 1.0349 MaxIteration 3589  TIMEOUT 0.040896
 32         28         28         47      0.0409         40          40      0.0001        1.0573
ALPHA 1.0349 MaxIteration 3714  TIMEOUT 0.042324
 33         28         28         47      0.0423         40          40      0.0001        1.1419
ALPHA 1.0349 MaxIteration 3843  TIMEOUT 0.043808
 34         28         28         47      0.0438         40          40      0.0001        1.2336
ALPHA 1.0349 MaxIteration 3976  TIMEOUT 0.045338
 35         28         28         47      0.0453         40          40      0.0001        1.3243
ALPHA 1.0349 MaxIteration 4114  TIMEOUT 0.046926
 36         28         28         47      0.0469         40          40      0.0001        1.4182
ALPHA 1.0349 MaxIteration 4257  TIMEOUT 0.048571
 37         28         28         47      0.0486         40          40      0.0001        1.5153
ALPHA 1.0349 MaxIteration 4405  TIMEOUT 0.050268
 38         28         28         47      0.0503         40          40      0.0001        1.6189
ALPHA 1.0349 MaxIteration 4558  TIMEOUT 0.052036
 39         28         28         47      0.0520         40          40      0.0001        1.7260
ALPHA 1.0349 MaxIteration 4716  TIMEOUT 0.053853
 40         28         28         47      0.0539         40          40      0.0001        1.8368
ALPHA 1.0349 MaxIteration 4880  TIMEOUT 0.055742
 41         28         28         47      0.0557         40          40      0.0001        1.9523
ALPHA 1.0349 MaxIteration 5050  TIMEOUT 0.057691
 42         28         28         47      0.0577         40          40      0.0001        2.0697
ALPHA 1.0349 MaxIteration 5226  TIMEOUT 0.059707
 43         28         28         47      0.0597         40          40      0.0001        2.1942
ALPHA 1.0349 MaxIteration 5408  TIMEOUT 0.061801
 44         28         28         47      0.0618         40          40      0.0001        2.3198
ALPHA 1.0349 MaxIteration 5596  TIMEOUT 0.063958
 45         28         28         47      0.0640         40          40      0.0001        2.4508
ALPHA 1.0349 MaxIteration 5791  TIMEOUT 0.066200
 46         28         28         47      0.0662         40          40      0.0001        2.5862
ALPHA 1.0349 MaxIteration 5992  TIMEOUT 0.068514
 47         28         28         47      0.0685         40          40      0.0001        2.7273
ALPHA 1.0349 MaxIteration 6200  TIMEOUT 0.070912
 48         28         28         47      0.0709         40          40      0.0001        2.8691
ALPHA 1.0349 MaxIteration 6416  TIMEOUT 0.073392
 49         28         28         47      0.0734         40          40      0.0001        3.0190
ALPHA 1.0349 MaxIteration 6639  TIMEOUT 0.075967
 50         28         28         47      0.0760         40          40      0.0001        3.1790
ALPHA 1.0349 MaxIteration 6870  TIMEOUT 0.078626
 51         28         28         47      0.0786         40          40      0.0001        3.3383
ALPHA 1.0349 MaxIteration 7109  TIMEOUT 0.081376
 52         28         28         47      0.0814         40          40      0.0001        3.5040
ALPHA 1.0349 MaxIteration 7356  TIMEOUT 0.084223
 53         28         28         47      0.0842         40          40      0.0001        3.6756
ALPHA 1.0349 MaxIteration 7612  TIMEOUT 0.087165
 54         28         28         47      0.0872         40          40      0.0001        3.8510
ALPHA 1.0349 MaxIteration 7877  TIMEOUT 0.090212
 55         28         28         47      0.0902         40          40      0.0001        4.0324
ALPHA 1.0349 MaxIteration 8151  TIMEOUT 0.093366
 56         28         28         47      0.0934         40          40      0.0001        4.2222
ALPHA 1.0349 MaxIteration 8435  TIMEOUT 0.096631
 57         28         28         47      0.0966         40          40      0.0001        4.4185
ALPHA 1.0349 MaxIteration 8729  TIMEOUT 0.100005
 58         28         28         47      0.1000         40          40      0.0001        4.6216
ALPHA 1.0349 MaxIteration 9033  TIMEOUT 0.103496
 59         28         28         47      0.1035         40          40      0.0001        4.8336
ALPHA 1.0349 MaxIteration 9347  TIMEOUT 0.107119
 60         28         28         47      0.1071         40          40      0.0001        5.0520
ALPHA 1.0349 MaxIteration 9672  TIMEOUT 0.110861
 61         28         28         47      0.1109         40          40      0.0001        5.2828
ALPHA 1.0349 MaxIteration 10009  TIMEOUT 0.114733
 62         28         28         47      0.1147         40          40      0.0001        5.5143
ALPHA 1.0349 MaxIteration 10357  TIMEOUT 0.118744
 63         28         28         47      0.1188         40          40      0.0001        5.7558
ALPHA 1.0349 MaxIteration 10718  TIMEOUT 0.122896
 64         28         28         47      0.1229         40          40      0.0001        6.0026
ALPHA 1.0349 MaxIteration 11091  TIMEOUT 0.127185
 65         28         28         47      0.1272         40          40      0.0001        6.2621
ALPHA 1.0349 MaxIteration 11477  TIMEOUT 0.131631
 66         28         28         47      0.1316         40          40      0.0001        6.5294
ALPHA 1.0349 MaxIteration 11877  TIMEOUT 0.136220
 67         28         28         47      0.1362         40          40      0.0001        6.8088
ALPHA 1.0349 MaxIteration 12291  TIMEOUT 0.140981
 68         28         28         47      0.1410         40          40      0.0001        7.0929
ALPHA 1.0349 MaxIteration 12719  TIMEOUT 0.145898
 69         28         28         47      0.1459         40          40      0.0001        7.3887
ALPHA 1.0349 MaxIteration 13162  TIMEOUT 0.150990
 70         28         28         47      0.1510         40          40      0.0001        7.6947
ALPHA 1.0349 MaxIteration 13620  TIMEOUT 0.156263
 71         28         28         47      0.1563         40          40      0.0001        8.0113
ALPHA 1.0349 MaxIteration 14094  TIMEOUT 0.161712
 72         28         28         47      0.1617         40          40      0.0001        8.3368
ALPHA 1.0349 MaxIteration 14585  TIMEOUT 0.167356
 73         28         28         47      0.1674         40          40      0.0001        8.6766
ALPHA 1.0349 MaxIteration 15093  TIMEOUT 0.173199
 74         28         28         47      0.1732         40          40      0.0001        9.0291
ALPHA 1.0349 MaxIteration 15619  TIMEOUT 0.179242
 75         28         28         47      0.1793         40          40      0.0001        9.3916
ALPHA 1.0349 MaxIteration 16163  TIMEOUT 0.185499
 76         28         28         47      0.1855         40          40      0.0001        9.7667
ALPHA 1.0349 MaxIteration 16726  TIMEOUT 0.191979
 77         28         28         47      0.1920         40          40      0.0001       10.1547
ALPHA 1.0349 MaxIteration 17309  TIMEOUT 0.198680
 78         28         28         47      0.1987         40          40      0.0001       10.5572
ALPHA 1.0349 MaxIteration 17912  TIMEOUT 0.205617
 79         28         28         47      0.2056         40          40      0.0001       10.9715
ALPHA 1.0349 MaxIteration 18536  TIMEOUT 0.212797
 80         28         28         47      0.2128         40          40      0.0001       11.4032
ALPHA 1.0349 MaxIteration 19182  TIMEOUT 0.220218
 81         28         28         47      0.2202         40          40      0.0001       11.8507
ALPHA 1.0349 MaxIteration 19850  TIMEOUT 0.227917
 82         28         28         47      0.2279         40          40      0.0001       12.3116
ALPHA 1.0349 MaxIteration 20541  TIMEOUT 0.235867
 83         28         28         47      0.2359         40          40      0.0001       12.7914
ALPHA 1.0349 MaxIteration 21257  TIMEOUT 0.244094
 84         28         28         47      0.2441         40          40      0.0001       13.2897
ALPHA 1.0349 MaxIteration 21997  TIMEOUT 0.252612
 85         28         28         47      0.2526         40          40      0.0001       19.9999
>>> T1_50_1000_0.wclq |V| 50 |E| 1000  (#LB 0.0000 28 ---> 28  0.3000  40 <--- 40  0.0000 #UB)  #read_time 0.0228  #reduce_time 0.0000  #solve_time 19.9999  #total_time 20.0228
 