>>IBM: |V|=200 |E|=2000
>>IBM: The maximum node weight is 49
/public/home/acs4vb4pqv/benchmarks/MWDS2026/T1_wclq/T1_200_2000_8.wclq #seed 3 #alpha 1.900 #timeout 0.100 K=5 RHO=0.05 Q0=0.90 BETA=3.5 AQ_MODE=dbs SAFE_AQ_MIN_GAP=0.050 SAFE_AQ_MIN_NODES=800
[v19] |V|=200 |E|=2000 density=10.00 USE_ADVANCED=0
#Rd        #LB        #LB*       #UB       #Time        #UB+        #UB*      #Time      #TotalTime
First Gap  1.328283
ALPHA 1.9000 MaxIteration 500  TIMEOUT 0.046212
  1        198        198        461      0.0462        416         416      0.0100      0.0890
ALPHA 1.9000 MaxIteration 3  TIMEOUT 0.000347
  2        191        198        562      0.0003        416         416      0.0000      0.0990
ALPHA 1.8304 MaxIteration 5  TIMEOUT 0.000841
  3        179        198        506      0.0008        416         416      0.0000      0.1090
ALPHA 1.7658 MaxIteration 9  TIMEOUT 0.001156
  4        184        198        488      0.0012        416         416      0.0000      0.1190
ALPHA 1.7056 MaxIteration 15  TIMEOUT 0.002737
  5        180        198        507      0.0027        420         416      0.0000      0.1290
ALPHA 1.6493 MaxIteration 25  TIMEOUT 0.003026
  6        175        198        485      0.0030        428         416      0.0000      0.1390
ALPHA 1.5966 MaxIteration 41  TIMEOUT 0.004261
  7        178        198        457      0.0043        416         416      0.0000      0.1490
ALPHA 1.5472 MaxIteration 65  TIMEOUT 0.010519
  8        181        198        480      0.0105        416         416      0.0000      0.1790
ALPHA 1.5008 MaxIteration 100  TIMEOUT 0.009783
  9        189        198        492      0.0098        475         416      0.0000      0.1890
ALPHA 1.4571 MaxIteration 150  TIMEOUT 0.021359
 10        192        198        480      0.0214        416         416      0.0000      0.2390
ALPHA 1.4158 MaxIteration 218  TIMEOUT 0.040383
 11        193        198        485      0.0404        416         416      0.0000      0.3290
ALPHA 1.3768 MaxIteration 308  TIMEOUT 0.042859
 12        193        198        486      0.0429        416         416      0.0300      0.4190
ALPHA 1.3399 MaxIteration 424  TIMEOUT 0.071001
 13        194        198        490      0.0710        416         416      0.0100      0.5690
ALPHA 1.3049 MaxIteration 568  TIMEOUT 0.072900
 14        192        198        481      0.0729        417         416      0.0100      0.7190
ALPHA 1.2718 MaxIteration 741  TIMEOUT 0.070370
 15        189        198        469      0.0704        416         416      0.0000      0.8690
ALPHA 1.2402 MaxIteration 942  TIMEOUT 0.093033
 16        187        198        469      0.0930        416         416      0.0000      1.0590
ALPHA 1.2102 MaxIteration 1168  TIMEOUT 0.116718
 17        193        198        454      0.1167        419         416      0.0000      1.2890
ALPHA 1.1816 MaxIteration 1413  TIMEOUT 0.151247
 18        194        198        447      0.1512        416         416      0.0000      1.5890
ALPHA 1.1543 MaxIteration 1669  TIMEOUT 0.168396
 19        192        198        447      0.1684        416         416      0.0000      1.9190
ALPHA 1.1283 MaxIteration 1926  TIMEOUT 0.171754
 20        190        198        447      0.1718        416         416      0.0000      2.2690
ALPHA 1.1034 MaxIteration 2173  TIMEOUT 0.191281
 21        190        198        447      0.1913        416         416      0.0000      2.6490
ALPHA 1.0795 MaxIteration 2397  TIMEOUT 0.214354
 22        190        198        447      0.2144        416         416      0.0000      3.0790
ALPHA 1.0567 MaxIteration 2587  TIMEOUT 0.236211
 23        190        198        447      0.2362        416         416      0.0000      3.5390
ALPHA 1.0349 MaxIteration 2733  TIMEOUT 0.244917
 24        190        198        447      0.2449        416         416      0.0000      4.0190
ALPHA 1.0349 MaxIteration 2828  TIMEOUT 0.252462
 25        190        198        447      0.2525        416         416      0.0000      4.5190
ALPHA 1.0349 MaxIteration 2926  TIMEOUT 0.257807
 26        190        198        447      0.2578        416         416      0.0000      5.0290
ALPHA 1.0349 MaxIteration 3027  TIMEOUT 0.442138
 27        193        198        447      0.4421        416         416      0.0000      5.8990
ALPHA 1.0349 MaxIteration 3132  TIMEOUT 0.283344
 28        190        198        447      0.2833        416         416      0.0000      6.4690
ALPHA 1.0349 MaxIteration 3241  TIMEOUT 0.293536
 29        190        198        447      0.2935        416         416      0.0000      7.0490
ALPHA 1.0349 MaxIteration 3353  TIMEOUT 0.304443
 30        190        198        447      0.3044        416         416      0.0000      7.6490
ALPHA 1.0349 MaxIteration 3469  TIMEOUT 0.307929
 31        190        198        447      0.3079        416         416      0.0000      8.2590
ALPHA 1.0349 MaxIteration 3589  TIMEOUT 0.318026
 32        190        198        447      0.3180        416         416      0.0000      8.8890
ALPHA 1.0349 MaxIteration 3714  TIMEOUT 0.343655
 33        193        198        447      0.3437        416         416      0.0000      9.5690
ALPHA 1.0349 MaxIteration 3843  TIMEOUT 0.339602
 34        190        198        447      0.3396        416         416      0.0100     10.2290
ALPHA 1.0349 MaxIteration 3976  TIMEOUT 0.351321
 35        190        198        447      0.3513        416         416      0.0000     10.9290
ALPHA 1.0349 MaxIteration 4114  TIMEOUT 0.400933
 36        192        198        447      0.4009        416         416      0.0000     11.7290
ALPHA 1.0349 MaxIteration 4257  TIMEOUT 0.373913
 37        190        198        447      0.3739        416         416      0.0000     12.4690
ALPHA 1.0349 MaxIteration 4405  TIMEOUT 0.390446
 38        190        198        447      0.3904        416         416      0.0000     13.2390
ALPHA 1.0349 MaxIteration 4558  TIMEOUT 0.400099
 39        190        198        447      0.4001        416         416      0.0000     14.0390
ALPHA 1.0349 MaxIteration 4716  TIMEOUT 0.416233
 40        190        198        447      0.4162        416         416      0.0000     14.8590
ALPHA 1.0349 MaxIteration 4880  TIMEOUT 0.428663
 41        190        198        447      0.4287        416         416      0.0000     15.6990
ALPHA 1.0349 MaxIteration 5050  TIMEOUT 0.441722
 42        190        198        447      0.4417        416         416      0.0000     16.5890
ALPHA 1.0349 MaxIteration 5226  TIMEOUT 0.659424
 43        191        198        447      0.6594        416         416      0.0100     17.8890
ALPHA 1.0349 MaxIteration 5408  TIMEOUT 0.470216
 44        190        198        447      0.4702        416         416      0.0000     18.8290
ALPHA 1.0349 MaxIteration 5596  TIMEOUT 0.498102
 45        190        198        447      0.4981        416         416      0.0000     19.8090
ALPHA 1.0349 MaxIteration 5791  TIMEOUT 0.191016
 46        190        198        447      0.1910>>> T1_200_2000_8.wclq |V| 200 |E| 2000  (#LB 0.0000 198 ---> 198  1.1010  416 <--- 461  0.0976 #UB)  #solve_ime 20.0001 read_time 0.0010 
