With  Parameters CUTOFF 20 SEED 102  ALPHA = 1.900  K=5 RHO=0.05 Q0=0.90 BETA=3.0 AQ_MODE=guarded
Reading  graph ...  time 0.005354  
Reducing graph ...  time 0.000313  
[v6] |V|=1000 |E|=20000 density=20.00 USE_ADVANCED=0 SAFE_AQ_MIN_GAP=0.050 DEEP_AQ_RANGE=[800, 5.00, 10.00] structure_blocks_aq=1
#Rd        #LB        #LB*       #UB       #Time        #UB+        #UB*      #Time      #TotalTime
First Gap  0.437956
  1       5343       5343       7683      0.9828
 Switch to DBS-only search, timeout 0.982790....
 [Online-safe AQ structure guard] |V|=1000 density=20.00 outside [800, 5.00, 10.00], disabling AQ
       7177        7177      0.0102        1.9661
ALPHA 1.9000 MaxIteration 3  TIMEOUT 0.982790
  2       5078       5343       9590      0.0052       7275        7177      0.0034        1.9765
ALPHA 1.8304 MaxIteration 5  TIMEOUT 0.009848
  3       5408       5408       9179      0.0103       7258        7177      0.0054        1.9971
ALPHA 1.7658 MaxIteration 9  TIMEOUT 0.018784
  4       5619       5619       9374      0.0103       7275        7177      0.0048        2.0177
ALPHA 1.7056 MaxIteration 15  TIMEOUT 0.018170
  5       5561       5619       9198      0.0116       7177        7177      0.0042        2.0409
ALPHA 1.6493 MaxIteration 25  TIMEOUT 0.019803
  6       5558       5619       8912      0.0191       7177        7177      0.0052        2.0792
ALPHA 1.5966 MaxIteration 41  TIMEOUT 0.031548
  7       5580       5619       8916      0.0317       7177        7177      0.0110        2.1427
ALPHA 1.5472 MaxIteration 65  TIMEOUT 0.050666
  8       5619       5619       9010      0.0512       7177        7177      0.0125        2.2452
ALPHA 1.5008 MaxIteration 100  TIMEOUT 0.079282
  9       5619       5619       9019      0.0736       7177        7177      0.0240        2.3925
ALPHA 1.4571 MaxIteration 150  TIMEOUT 0.110439
 10       5705       5705       8644      0.1109       7177        7177      0.0193        2.6143
ALPHA 1.4158 MaxIteration 218  TIMEOUT 0.161541
 11       5705       5705       8680      0.1598       7177        7177      0.0425        2.9342
ALPHA 1.3768 MaxIteration 308  TIMEOUT 0.226230
 12       5738       5738       8791      0.2265       7177        7177      0.0724        3.3873
ALPHA 1.3399 MaxIteration 424  TIMEOUT 0.311819
 13       5738       5738       8689      0.3036       7177        7177      0.0044        3.9946
ALPHA 1.3049 MaxIteration 568  TIMEOUT 0.406843
 14       5783       5783       8598      0.4075       7177        7177      0.0076        4.8107
ALPHA 1.2718 MaxIteration 741  TIMEOUT 0.531768
 15       5823       5823       8584      0.5321       7177        7177      0.0469        5.8769
ALPHA 1.2402 MaxIteration 942  TIMEOUT 0.676653
 16       5836       5836       8506      0.6772       7177        7177      0.1063        7.2335
ALPHA 1.2102 MaxIteration 1168  TIMEOUT 0.839891
 17       5836       5836       8347      0.8370       7177        7177      0.0098        8.9076
ALPHA 1.1816 MaxIteration 1413  TIMEOUT 1.012949
 18       5898       5898       8591      1.0134       7177        7177      0.0113       10.9558
ALPHA 1.1543 MaxIteration 1669  TIMEOUT 1.197483
 19       5898       5898       8504      1.1977       7177        7177      0.0831       13.3525
ALPHA 1.1283 MaxIteration 1926  TIMEOUT 1.382574
 20       5898       5898       8420      1.3831       7177        7177      0.0086       19.9976
>>> T2_1000_20000_9.wclq |V| 1000 |E| 20000  (#LB 0.1039 5343 ---> 5898  0.1782  7177 <--- 7683  0.0659 #UB)  #read_time 0.0054  #reduce_time 0.0003  #solve_time 19.9977  #total_time 20.0033
 