With  Parameters CUTOFF 20 SEED 101  ALPHA = 1.900  K=5 RHO=0.05 Q0=0.90 BETA=3.0 AQ_MODE=guarded
Reading  graph ...  time 0.102734  
Reducing graph ...  time 0.000637  
[v6] |V|=1000 |E|=52120 density=52.12 USE_ADVANCED=0 SAFE_AQ_MIN_GAP=0.050 DEEP_AQ_RANGE=[800, 5.00, 10.00] structure_blocks_aq=1
#Rd        #LB        #LB*       #UB       #Time        #UB+        #UB*      #Time      #TotalTime
First Gap  0.078947
  1         38         38         41      0.3688
 Switch to DBS-only search, timeout 0.368800....
 [Online-safe AQ structure guard] |V|=1000 density=52.12 outside [800, 5.00, 10.00], disabling AQ
         41          41      0.0060        1.0361
ALPHA 1.9000 MaxIteration 3  TIMEOUT 0.368800
  2         38         38         41      0.0029         42          41      0.0056        1.0446
ALPHA 1.8304 MaxIteration 5  TIMEOUT 0.005424
  3         37         38         42      0.0037         42          41      0.0056        1.0539
ALPHA 1.7658 MaxIteration 9  TIMEOUT 0.006802
  4         37         38         41      0.0061         42          41      0.0056        1.0661
ALPHA 1.7056 MaxIteration 15  TIMEOUT 0.010736
  5         37         38         41      0.0101         41          41      0.0059        1.0864
ALPHA 1.6493 MaxIteration 25  TIMEOUT 0.017194
  6         37         38         41      0.0163         41          41      0.0058        1.1190
ALPHA 1.5966 MaxIteration 41  TIMEOUT 0.026841
  7         38         38         41      0.0270         41          41      0.0060        1.1730
ALPHA 1.5472 MaxIteration 65  TIMEOUT 0.043111
  8         38         38         41      0.0400         41          41      0.0064        1.2571
ALPHA 1.5008 MaxIteration 100  TIMEOUT 0.061872
  9         38         38         41      0.0611         41          41      0.0062        1.3795
ALPHA 1.4571 MaxIteration 150  TIMEOUT 0.091746
 10         38         38         41      0.0923         41          41      0.0059        1.5641
ALPHA 1.4158 MaxIteration 218  TIMEOUT 0.134413
 11         38         38         41      0.1348         41          41      0.0096        1.8356
ALPHA 1.3768 MaxIteration 308  TIMEOUT 0.190912
 12         38         38         41      0.1913         41          41      0.0064        2.4245
ALPHA 1.3399 MaxIteration 424  TIMEOUT 0.263347
 13         38         38         41      0.2632         41          41      0.0069        3.1312
ALPHA 1.3049 MaxIteration 568  TIMEOUT 0.352695
 14         38         38         41      0.3502         41          41      0.0059        3.8340
ALPHA 1.2718 MaxIteration 741  TIMEOUT 0.457032
 15         38         38         41      0.4572         41          41      0.0058        4.7486
ALPHA 1.2402 MaxIteration 942  TIMEOUT 0.581465
 16         38         38         41      0.5818         41          41      0.0059        5.9134
ALPHA 1.2102 MaxIteration 1168  TIMEOUT 0.721568
 17         38         38         41      0.7218         41          41      0.0059        7.3593
ALPHA 1.1816 MaxIteration 1413  TIMEOUT 0.873517
 18         38         38         41      0.8735         41          41      0.0059        9.1077
ALPHA 1.1543 MaxIteration 1669  TIMEOUT 1.032134
 19         38         38         41      1.0096         41          41      0.0061       11.1281
ALPHA 1.1283 MaxIteration 1926  TIMEOUT 1.165337
 20         38         38         41      1.1657         41          41      0.0058       13.4600
ALPHA 1.1034 MaxIteration 2173  TIMEOUT 1.315276
 21         38         38         41      1.3157         41          41      0.0070       19.9941
>>> UDG_1000_200_8.wclq |V| 1000 |E| 52120  (#LB 0.0000 38 ---> 38  0.0732  41 <--- 41  0.0000 #UB)  #read_time 0.1027  #reduce_time 0.0006  #solve_time 19.9941  #total_time 20.0975
 