>>IBM: |V|=27769 |E|=352285
>>IBM: The maximum node weight is 200
/public/home/acs4vb4pqv/benchmarks/MWDS2026/SNAP/Cit-HepTh.clq #seed 103 #alpha 1.900 #timeout 0.300 K=5 RHO=0.05 Q0=0.90 BETA=3.5 AQ_MODE=dbs SAFE_AQ_MIN_GAP=0.050 SAFE_AQ_MIN_NODES=800
[v19] |V|=27769 |E|=352285 density=12.69 USE_ADVANCED=1
#Rd        #LB        #LB*       #UB       #Time        #UB+        #UB*      #Time      #TotalTime
First Gap  0.014591
ALPHA 1.9000 MaxIteration 50  TIMEOUT 1.328676
  1     213014     213014     216122      1.3287     215293      215293      0.0000      2.6761
ALPHA 1.9000 MaxIteration 3  TIMEOUT 0.133072
  2     211974     213014     217658      0.1331     216816      215293      0.0000      2.9661
ALPHA 1.8304 MaxIteration 5  TIMEOUT 0.172888
  3     211709     213014     217927      0.1729     217211      215293      0.0000      3.3361
ALPHA 1.7658 MaxIteration 9  TIMEOUT 0.472524
  4     212351     213014     216655      0.4725     216048      215293      0.0000      4.2961
ALPHA 1.7056 MaxIteration 15  TIMEOUT 1.003264
  5     212446     213014     216742      1.0033     215969      215293      0.0000      6.3162
ALPHA 1.6493 MaxIteration 25  TIMEOUT 2.062869
  6     211435     213014     216629      2.0629
 [LB Done] stag=5 elapsed=41.9% => 11.6s to UB
     215503      215293     10.8900     19.9461
>>> Cit-HepTh.clq |V| 27769 |E| 352285  (#LB 0.0000 213014 ---> 213014  0.0107  215293 <--- 216122  0.0038 #UB)  #solve_ime 19.9466 read_time 0.0739 
