With  Parameters CUTOFF 20 SEED 2  ALPHA = 1.900  K=5 RHO=0.05 Q0=0.90 BETA=3.0 AQ_MODE=dbs
Reading  graph ...  time 0.080378  
Reducing graph ...  time 0.000619  
[v6] |V|=1000 |E|=52120 density=52.12 USE_ADVANCED=0 SAFE_AQ_MIN_GAP=0.050 DEEP_AQ_RANGE=[800, 5.00, 10.00] structure_blocks_aq=1
#Rd        #LB        #LB*       #UB       #Time        #UB+        #UB*      #Time      #TotalTime
First Gap  0.078947
  1         38         38         41      0.3665
 Switch to DBS-only search, timeout 0.366479....
 [Online-safe AQ structure guard] |V|=1000 density=52.12 outside [800, 5.00, 10.00], disabling AQ
         41          41      0.0058        0.7338
ALPHA 1.9000 MaxIteration 3  TIMEOUT 0.366479
  2         37         38         42      0.0028         42          41      0.0055        0.7423
ALPHA 1.8304 MaxIteration 5  TIMEOUT 0.005345
  3         37         38         43      0.0040         42          41      0.0057        0.7519
ALPHA 1.7658 MaxIteration 9  TIMEOUT 0.007243
  4         37         38         41      0.0066         41          41      0.0061        0.7651
ALPHA 1.7056 MaxIteration 15  TIMEOUT 0.011619
  5         37         38         41      0.0103         41          41      0.0061        0.7860
ALPHA 1.6493 MaxIteration 25  TIMEOUT 0.017637
  6         38         38         41      0.0183         41          41      0.0059        0.8226
ALPHA 1.5966 MaxIteration 41  TIMEOUT 0.030138
  7         38         38         41      0.0256         41          41      0.0070        0.8739
ALPHA 1.5472 MaxIteration 65  TIMEOUT 0.040880
  8         38         38         41      0.0410         41          41      0.0063        0.9560
ALPHA 1.5008 MaxIteration 100  TIMEOUT 0.063421
  9         38         38         41      0.0626         41          41      0.0064        1.0817
ALPHA 1.4571 MaxIteration 150  TIMEOUT 0.094023
 10         38         38         41      0.0936         41          41      0.0062        1.2689
ALPHA 1.4158 MaxIteration 218  TIMEOUT 0.136345
 11         38         38         41      0.1357         41          41      0.0064        1.5404
ALPHA 1.3768 MaxIteration 308  TIMEOUT 0.192102
 12         38         38         41      0.1914         41          41      0.0065        1.9234
ALPHA 1.3399 MaxIteration 424  TIMEOUT 0.263509
 13         38         38         41      0.2614         41          41      0.0068        2.4484
ALPHA 1.3049 MaxIteration 568  TIMEOUT 0.350192
 14         38         38         41      0.3503         41          41      0.0060        3.1507
ALPHA 1.2718 MaxIteration 741  TIMEOUT 0.457091
 15         38         38         41      0.4573         41          41      0.0067        4.0678
ALPHA 1.2402 MaxIteration 942  TIMEOUT 0.581551
 16         38         38         41      0.5820         41          41      0.0061        5.2322
ALPHA 1.2102 MaxIteration 1168  TIMEOUT 0.721797
 17         38         38         41      0.7224         41          41      0.0060        6.6775
ALPHA 1.1816 MaxIteration 1413  TIMEOUT 0.874229
 18         38         38         41      0.8742         41          41      0.0063        8.4264
ALPHA 1.1543 MaxIteration 1669  TIMEOUT 1.032989
 19         38         38         41      1.0335         41          41      0.0066       10.4949
ALPHA 1.1283 MaxIteration 1926  TIMEOUT 1.192957
 20         38         38         41      1.1912         41          41      0.0061       12.8800
ALPHA 1.1034 MaxIteration 2173  TIMEOUT 1.344015
 21         38         38         41      1.3446         41          41      0.0062       19.9942
>>> UDG_1000_200_8.wclq |V| 1000 |E| 52120  (#LB 0.0000 38 ---> 38  0.0732  41 <--- 41  0.0000 #UB)  #read_time 0.0804  #reduce_time 0.0006  #solve_time 19.9943  #total_time 20.0752
 