>>IBM: |V|=100 |E|=100
>>IBM: The maximum node weight is 49
/public/home/acs4vb4pqv/benchmarks/MWDS2026/T1_wclq/T1_100_100_2.wclq #seed 3 #alpha 1.900 #timeout 0.100 K=5 RHO=0.05 Q0=0.90 BETA=3.5 AQ_MODE=dbs SAFE_AQ_MIN_GAP=0.050 SAFE_AQ_MIN_NODES=800
[v19] |V|=100 |E|=100 density=1.00 USE_ADVANCED=0
#Rd        #LB        #LB*       #UB       #Time        #UB+        #UB*      #Time      #TotalTime
First Gap  0.036204
ALPHA 1.9000 MaxIteration 500  TIMEOUT 0.010469
  1       1022       1022       1059      0.0105       1039        1039      0.0000      0.0300
ALPHA 1.9000 MaxIteration 3  TIMEOUT 0.000092
  2        984       1022       1139      0.0001       1039        1039      0.0000      0.0400
ALPHA 1.8304 MaxIteration 5  TIMEOUT 0.000079
  3        966       1022       1143      0.0001       1039        1039      0.0000      0.0500
ALPHA 1.7658 MaxIteration 9  TIMEOUT 0.000114
  4        966       1022       1143      0.0001       1039        1039      0.0000      0.0546
ALPHA 1.7056 MaxIteration 15  TIMEOUT 0.000103
  5        966       1022       1143      0.0001       1039        1039      0.0000      0.0600
ALPHA 1.6493 MaxIteration 25  TIMEOUT 0.000252
  6        966       1022       1143      0.0003       1039        1039      0.0000      0.0700
ALPHA 1.5966 MaxIteration 41  TIMEOUT 0.000389
  7        966       1022       1143      0.0004       1039        1039      0.0000      0.0800
ALPHA 1.5472 MaxIteration 65  TIMEOUT 0.000615
  8        966       1022       1143      0.0006       1039        1039      0.0000      0.0900
ALPHA 1.5008 MaxIteration 100  TIMEOUT 0.000910
  9        966       1022       1143      0.0009       1039        1039      0.0000      0.1000
ALPHA 1.4571 MaxIteration 150  TIMEOUT 0.001340
 10        966       1022       1143      0.0013       1039        1039      0.0000      0.1100
ALPHA 1.4158 MaxIteration 218  TIMEOUT 0.001916
 11        966       1022       1143      0.0019       1039        1039      0.0000      0.1200
ALPHA 1.3768 MaxIteration 308  TIMEOUT 0.002719
 12        966       1022       1143      0.0027       1039        1039      0.0000      0.1265
ALPHA 1.3399 MaxIteration 424  TIMEOUT 0.003593
 13        966       1022       1143      0.0036       1039        1039      0.0000      0.1400
ALPHA 1.3049 MaxIteration 568  TIMEOUT 0.004865
 14        966       1022       1143      0.0049       1039        1039      0.0000      0.1500
ALPHA 1.2718 MaxIteration 741  TIMEOUT 0.006335
 15        966       1022       1143      0.0063       1039        1039      0.0000      0.1600
ALPHA 1.2402 MaxIteration 942  TIMEOUT 0.008300
 16        966       1022       1143      0.0083       1054        1039      0.0000      0.1700
ALPHA 1.2102 MaxIteration 1168  TIMEOUT 0.010101
 17        966       1022       1143      0.0101       1039        1039      0.0000      0.1900
ALPHA 1.1816 MaxIteration 1413  TIMEOUT 0.012111
 18        966       1022       1143      0.0121       1039        1039      0.0000      0.2200
ALPHA 1.1543 MaxIteration 1669  TIMEOUT 0.014184
 19        966       1022       1143      0.0142       1039        1039      0.0000      0.2500
ALPHA 1.1283 MaxIteration 1926  TIMEOUT 0.015383
 20        966       1022       1143      0.0154       1039        1039      0.0000      0.2800
ALPHA 1.1034 MaxIteration 2173  TIMEOUT 0.017708
 21        966       1022       1143      0.0177       1039        1039      0.0000      0.3000
ALPHA 1.0795 MaxIteration 2397  TIMEOUT 0.020521
 22        966       1022       1143      0.0205       1039        1039      0.0000      0.3435
ALPHA 1.0567 MaxIteration 2587  TIMEOUT 0.021162
 23        966       1022       1143      0.0212       1039        1039      0.0000      0.3900
ALPHA 1.0349 MaxIteration 2733  TIMEOUT 0.023389
 24        966       1022       1143      0.0234       1039        1039      0.0000      0.4400
ALPHA 1.0349 MaxIteration 2828  TIMEOUT 0.022317
 25        966       1022       1143      0.0223       1039        1039      0.0000      0.4900
ALPHA 1.0349 MaxIteration 2926  TIMEOUT 0.024172
 26        966       1022       1143      0.0242       1039        1039      0.0000      0.5394
ALPHA 1.0349 MaxIteration 3027  TIMEOUT 0.025708
 27        966       1022       1143      0.0257       1039        1039      0.0000      0.5900
ALPHA 1.0349 MaxIteration 3132  TIMEOUT 0.026148
 28        966       1022       1143      0.0261       1039        1039      0.0000      0.6304
ALPHA 1.0349 MaxIteration 3241  TIMEOUT 0.027279
 29        966       1022       1143      0.0273       1039        1039      0.0000      0.6800
ALPHA 1.0349 MaxIteration 3353  TIMEOUT 0.026919
 30        966       1022       1143      0.0269       1039        1039      0.0000      0.7200
ALPHA 1.0349 MaxIteration 3469  TIMEOUT 0.029444
 31        966       1022       1143      0.0294       1039        1039      0.0100      0.7700
ALPHA 1.0349 MaxIteration 3589  TIMEOUT 0.029989
 32        966       1022       1143      0.0300       1039        1039      0.0000      0.8200
ALPHA 1.0349 MaxIteration 3714  TIMEOUT 0.030355
 33        966       1022       1143      0.0304       1039        1039      0.0000      0.8800
ALPHA 1.0349 MaxIteration 3843  TIMEOUT 0.030846
 34        966       1022       1143      0.0308       1039        1039      0.0000      0.9500
ALPHA 1.0349 MaxIteration 3976  TIMEOUT 0.031301
 35        966       1022       1143      0.0313       1039        1039      0.0000      1.0100
ALPHA 1.0349 MaxIteration 4114  TIMEOUT 0.035134
 36        966       1022       1143      0.0351       1039        1039      0.0000      1.0800
ALPHA 1.0349 MaxIteration 4257  TIMEOUT 0.034985
 37        966       1022       1143      0.0350       1039        1039      0.0000      1.1400
ALPHA 1.0349 MaxIteration 4405  TIMEOUT 0.036821
 38        966       1022       1143      0.0368       1039        1039      0.0000      1.2000
ALPHA 1.0349 MaxIteration 4558  TIMEOUT 0.038057
 39        966       1022       1143      0.0381       1039        1039      0.0000      1.2600
ALPHA 1.0349 MaxIteration 4716  TIMEOUT 0.039679
 40        966       1022       1143      0.0397       1039        1039      0.0100      1.3300
ALPHA 1.0349 MaxIteration 4880  TIMEOUT 0.038983
 41        966       1022       1143      0.0390       1039        1039      0.0100      1.3972
ALPHA 1.0349 MaxIteration 5050  TIMEOUT 0.042554
 42        966       1022       1143      0.0426       1039        1039      0.0100      1.4800
ALPHA 1.0349 MaxIteration 5226  TIMEOUT 0.043032
 43        966       1022       1143      0.0430       1039        1039      0.0000      1.5600
ALPHA 1.0349 MaxIteration 5408  TIMEOUT 0.045090
 44        966       1022       1143      0.0451       1039        1039      0.0000      1.6402
ALPHA 1.0349 MaxIteration 5596  TIMEOUT 0.046093
 45        966       1022       1143      0.0461       1039        1039      0.0000      1.7200
ALPHA 1.0349 MaxIteration 5791  TIMEOUT 0.048068
 46        966       1022       1143      0.0481       1039        1039      0.0000      1.8100
ALPHA 1.0349 MaxIteration 5992  TIMEOUT 0.048844
 47        966       1022       1143      0.0488       1039        1039      0.0100      1.9000
ALPHA 1.0349 MaxIteration 6200  TIMEOUT 0.052600
 48        966       1022       1143      0.0526       1039        1039      0.0000      2.0000
ALPHA 1.0349 MaxIteration 6416  TIMEOUT 0.052827
 49        966       1022       1143      0.0528       1039        1039      0.0000      2.1000
ALPHA 1.0349 MaxIteration 6639  TIMEOUT 0.056098
 50        966       1022       1143      0.0561       1039        1039      0.0000      2.2000
ALPHA 1.0349 MaxIteration 6870  TIMEOUT 0.058056
 51        966       1022       1143      0.0581       1039        1039      0.0000      2.3000
ALPHA 1.0349 MaxIteration 7109  TIMEOUT 0.056989
 52        966       1022       1143      0.0570       1039        1039      0.0000      2.4000
ALPHA 1.0349 MaxIteration 7356  TIMEOUT 0.060548
 53        966       1022       1143      0.0605       1039        1039      0.0000      2.5200
ALPHA 1.0349 MaxIteration 7612  TIMEOUT 0.061949
 54        966       1022       1143      0.0619       1039        1039      0.0000      2.6300
ALPHA 1.0349 MaxIteration 7877  TIMEOUT 0.066009
 55        966       1022       1143      0.0660       1039        1039      0.0000      2.7500
ALPHA 1.0349 MaxIteration 8151  TIMEOUT 0.069023
 56        966       1022       1143      0.0690       1039        1039      0.0100      2.8700
ALPHA 1.0349 MaxIteration 8435  TIMEOUT 0.071700
 57        966       1022       1143      0.0717       1039        1039      0.0000      3.0200
ALPHA 1.0349 MaxIteration 8729  TIMEOUT 0.072486
 58        966       1022       1143      0.0725       1039        1039      0.0000      3.1600
ALPHA 1.0349 MaxIteration 9033  TIMEOUT 0.076150
 59        966       1022       1143      0.0762       1039        1039      0.0000      3.3000
ALPHA 1.0349 MaxIteration 9347  TIMEOUT 0.076514
 60        966       1022       1143      0.0765       1039        1039      0.0000      3.4300
ALPHA 1.0349 MaxIteration 9672  TIMEOUT 0.076146
 61        966       1022       1143      0.0761       1039        1039      0.0000      3.5700
ALPHA 1.0349 MaxIteration 10009  TIMEOUT 0.083244
 62        966       1022       1143      0.0832       1039        1039      0.0100      3.7200
ALPHA 1.0349 MaxIteration 10357  TIMEOUT 0.084935
 63        966       1022       1143      0.0849       1039        1039      0.0000      3.8757
ALPHA 1.0349 MaxIteration 10718  TIMEOUT 0.084681
 64        966       1022       1143      0.0847       1039        1039      0.0000      4.0400
ALPHA 1.0349 MaxIteration 11091  TIMEOUT 0.089833
 65        966       1022       1143      0.0898       1039        1039      0.0100      4.1956
ALPHA 1.0349 MaxIteration 11477  TIMEOUT 0.089088
 66        966       1022       1143      0.0891       1039        1039      0.0000      4.3500
ALPHA 1.0349 MaxIteration 11877  TIMEOUT 0.094487
 67        966       1022       1143      0.0945       1039        1039      0.0000      4.5200
ALPHA 1.0349 MaxIteration 12291  TIMEOUT 0.101700
 68        966       1022       1143      0.1017       1039        1039      0.0000      4.7100
ALPHA 1.0349 MaxIteration 12719  TIMEOUT 0.103986
 69        966       1022       1143      0.1040       1039        1039      0.0000      4.9094
ALPHA 1.0349 MaxIteration 13162  TIMEOUT 0.106773
 70        966       1022       1143      0.1068       1039        1039      0.0000      5.1100
ALPHA 1.0349 MaxIteration 13620  TIMEOUT 0.110681
 71        966       1022       1143      0.1107       1039        1039      0.0000      5.3200
ALPHA 1.0349 MaxIteration 14094  TIMEOUT 0.115021
 72        966       1022       1143      0.1150       1039        1039      0.0000      5.5300
ALPHA 1.0349 MaxIteration 14585  TIMEOUT 0.116648
 73        966       1022       1143      0.1166       1039        1039      0.0000      5.7373
ALPHA 1.0349 MaxIteration 15093  TIMEOUT 0.120987
 74        966       1022       1143      0.1210       1039        1039      0.0000      5.9603
ALPHA 1.0349 MaxIteration 15619  TIMEOUT 0.125723
 75        966       1022       1143      0.1257       1039        1039      0.0000      6.1900
ALPHA 1.0349 MaxIteration 16163  TIMEOUT 0.132981
 76        966       1022       1143      0.1330       1039        1039      0.0000      6.4400
ALPHA 1.0349 MaxIteration 16726  TIMEOUT 0.140277
 77        966       1022       1143      0.1403       1039        1039      0.0000      6.7100
ALPHA 1.0349 MaxIteration 17309  TIMEOUT 0.147195
 78        966       1022       1143      0.1472       1039        1039      0.0000      6.9700
ALPHA 1.0349 MaxIteration 17912  TIMEOUT 0.152139
 79        966       1022       1143      0.1521       1039        1039      0.0000      7.2500
ALPHA 1.0349 MaxIteration 18536  TIMEOUT 0.152753
 80        966       1022       1143      0.1528       1039        1039      0.0000      7.5200
ALPHA 1.0349 MaxIteration 19182  TIMEOUT 0.162260
 81        966       1022       1143      0.1623       1039        1039      0.0000      7.8200
ALPHA 1.0349 MaxIteration 19850  TIMEOUT 0.167611
 82        966       1022       1143      0.1676       1039        1039      0.0000      8.1200
ALPHA 1.0349 MaxIteration 20541  TIMEOUT 0.172539
 83        966       1022       1143      0.1725       1039        1039      0.0000      8.4500
ALPHA 1.0349 MaxIteration 21257  TIMEOUT 0.175443
 84        966       1022       1143      0.1754       1039        1039      0.0000      8.7800
ALPHA 1.0349 MaxIteration 21997  TIMEOUT 0.179916
 85        966       1022       1143      0.1799       1039        1039      0.0100      9.1029
ALPHA 1.0349 MaxIteration 22763  TIMEOUT 0.189472
 86        966       1022       1143      0.1895       1039        1039      0.0000      9.4312
ALPHA 1.0349 MaxIteration 23556  TIMEOUT 0.195836
 87        966       1022       1143      0.1958       1039        1039      0.0000      9.7800
ALPHA 1.0349 MaxIteration 24377  TIMEOUT 0.198733
 88        966       1022       1143      0.1987       1039        1039      0.0000     10.1300
ALPHA 1.0349 MaxIteration 25226  TIMEOUT 0.208572
 89        966       1022       1143      0.2086       1039        1039      0.0100     10.5000
ALPHA 1.0349 MaxIteration 26105  TIMEOUT 0.216061
 90        966       1022       1143      0.2161       1039        1039      0.0000     10.8900
ALPHA 1.0349 MaxIteration 27014  TIMEOUT 0.226160
 91        966       1022       1143      0.2262       1039        1039      0.0000     11.2900
ALPHA 1.0349 MaxIteration 27955  TIMEOUT 0.234417
 92        966       1022       1143      0.2344       1039        1039      0.0000     11.7100
ALPHA 1.0349 MaxIteration 28929  TIMEOUT 0.242860
 93        966       1022       1143      0.2429       1039        1039      0.0000     12.1700
ALPHA 1.0349 MaxIteration 29937  TIMEOUT 0.254867
 94        966       1022       1143      0.2549       1039        1039      0.0000     12.6400
ALPHA 1.0349 MaxIteration 30980  TIMEOUT 0.262074
 95        966       1022       1143      0.2621       1039        1039      0.0000     13.1300
ALPHA 1.0349 MaxIteration 32059  TIMEOUT 0.266767
 96        966       1022       1143      0.2668       1039        1039      0.0000     13.6200
ALPHA 1.0349 MaxIteration 33176  TIMEOUT 0.273856
 97        966       1022       1143      0.2739       1039        1039      0.0000     14.1100
ALPHA 1.0349 MaxIteration 34332  TIMEOUT 0.280280
 98        966       1022       1143      0.2803       1039        1039      0.0000     14.6338
ALPHA 1.0349 MaxIteration 35528  TIMEOUT 0.293372
 99        966       1022       1143      0.2934       1039        1039      0.0000     15.1700
ALPHA 1.0349 MaxIteration 36766  TIMEOUT 0.300402
100        966       1022       1143      0.3004       1039        1039      0.0000     15.7200
ALPHA 1.0349 MaxIteration 38047  TIMEOUT 0.312945
101        966       1022       1143      0.3129       1039        1039      0.0000     16.3100
ALPHA 1.0349 MaxIteration 39373  TIMEOUT 0.317216
102        966       1022       1143      0.3172       1039        1039      0.0000     16.9100
ALPHA 1.0349 MaxIteration 40745  TIMEOUT 0.330935
103        966       1022       1143      0.3309       1039        1039      0.0000     17.5300
ALPHA 1.0349 MaxIteration 42165  TIMEOUT 0.350176
104        966       1022       1143      0.3502       1039        1039      0.0000     18.1843
ALPHA 1.0349 MaxIteration 43634  TIMEOUT 0.358164
105        966       1022       1143      0.3582       1039        1039      0.0000     18.8200
ALPHA 1.0349 MaxIteration 45155  TIMEOUT 0.374419
106        966       1022       1143      0.3744       1039        1039      0.0000     19.5000
ALPHA 1.0349 MaxIteration 46729  TIMEOUT 0.395360
107        966       1022       1143      0.3954       1039        1039      0.0000     19.9800
ALPHA 1.0349 MaxIteration 48357  TIMEOUT 0.020003
108        966       1022       1143      0.0200>>> T1_100_100_2.wclq |V| 100 |E| 100  (#LB 0.0000 1022 ---> 1022  0.0166  1039 <--- 1059  0.0189 #UB)  #solve_ime 20.0000 read_time 0.0000 
