>>IBM: |V|=82168 |E|=504230
>>IBM: The maximum node weight is 200
/public/home/acs4vb4pqv/benchmarks/MWDS2026/SNAP/Slashdot0902.clq #seed 102 #alpha 1.900 #timeout 0.300 K=5 RHO=0.05 Q0=0.90 BETA=3.5 AQ_MODE=guarded SAFE_AQ_MIN_GAP=0.050 SAFE_AQ_MIN_NODES=800
[v19] |V|=82168 |E|=504230 density=6.14 USE_ADVANCED=1
#Rd        #LB        #LB*       #UB       #Time        #UB+        #UB*      #Time      #TotalTime
First Gap  0.000586
ALPHA 1.9000 MaxIteration 50  TIMEOUT 1.050851
  1    1142449    1142449    1143119      1.0509    1143119     1143119      0.0000      2.1524
ALPHA 1.9000 MaxIteration 3  TIMEOUT 0.161996
  2    1142402    1142449    1143244      0.1620    1143244     1143119      0.0000      2.5124
ALPHA 1.8304 MaxIteration 5  TIMEOUT 0.297811
  3    1142430    1142449    1143224      0.2978    1143224     1143119      0.0000      3.1324
ALPHA 1.7658 MaxIteration 9  TIMEOUT 0.554875
  4    1142432    1142449    1143220      0.5549    1143220     1143119      0.0000      4.2726
ALPHA 1.7056 MaxIteration 15  TIMEOUT 1.136774
  5    1142381    1142449    1143230      1.1368    1143230     1143119      0.0000      6.5725
ALPHA 1.6493 MaxIteration 25  TIMEOUT 1.061333
  6    1141188    1142449    1144639      1.0613    1144591     1143119      0.0000      8.7226
ALPHA 1.5966 MaxIteration 41  TIMEOUT 1.588947
  7    1141376    1142449    1143492      1.5889
 [LB Done] stag=6 elapsed=51.6% => 9.7s to UB
    1143463     1143119      0.0000     19.9824
>>> Slashdot0902.clq |V| 82168 |E| 504230  (#LB 0.0000 1142449 ---> 1142449  0.0006  1143119 <--- 1143119  0.0000 #UB)  #solve_ime 19.9856 read_time 0.1276 
