With  Parameters CUTOFF 20 SEED 2  ALPHA = 1.900  K=5 RHO=0.05 Q0=0.90 BETA=3.0 AQ_MODE=guarded
Reading  graph ...  time 0.042941  
Reducing graph ...  time 0.000629  
[v6] |V|=1000 |E|=52120 density=52.12 USE_ADVANCED=0 SAFE_AQ_MIN_GAP=0.050 DEEP_AQ_RANGE=[800, 5.00, 10.00] structure_blocks_aq=1
#Rd        #LB        #LB*       #UB       #Time        #UB+        #UB*      #Time      #TotalTime
First Gap  0.078947
  1         38         38         41      0.3675
 Switch to DBS-only search, timeout 0.367468....
 [Online-safe AQ structure guard] |V|=1000 density=52.12 outside [800, 5.00, 10.00], disabling AQ
         41          41      0.0059        0.7357
ALPHA 1.9000 MaxIteration 3  TIMEOUT 0.367468
  2         37         38         42      0.0025         42          41      0.0054        0.7436
ALPHA 1.8304 MaxIteration 5  TIMEOUT 0.004731
  3         37         38         43      0.0039         42          41      0.0055        0.7530
ALPHA 1.7658 MaxIteration 9  TIMEOUT 0.007067
  4         37         38         41      0.0064         41          41      0.0058        0.7659
ALPHA 1.7056 MaxIteration 15  TIMEOUT 0.011381
  5         37         38         41      0.0100         41          41      0.0057        0.7860
ALPHA 1.6493 MaxIteration 25  TIMEOUT 0.017119
  6         38         38         41      0.0175         41          41      0.0061        0.8220
ALPHA 1.5966 MaxIteration 41  TIMEOUT 0.028784
  7         38         38         41      0.0252         41          41      0.0058        0.8724
ALPHA 1.5472 MaxIteration 65  TIMEOUT 0.040191
  8         38         38         41      0.0403         41          41      0.0063        0.9530
ALPHA 1.5008 MaxIteration 100  TIMEOUT 0.062322
  9         38         38         41      0.0625         41          41      0.0063        1.0781
ALPHA 1.4571 MaxIteration 150  TIMEOUT 0.093790
 10         38         38         41      0.0943         41          41      0.0069        1.2668
ALPHA 1.4158 MaxIteration 218  TIMEOUT 0.137456
 11         38         38         41      0.1377         41          41      0.0072        1.5423
ALPHA 1.3768 MaxIteration 308  TIMEOUT 0.194934
 12         38         38         41      0.1955         41          41      0.0064        1.9334
ALPHA 1.3399 MaxIteration 424  TIMEOUT 0.269182
 13         38         38         41      0.2692         41          41      0.0070        2.4730
ALPHA 1.3049 MaxIteration 568  TIMEOUT 0.360719
 14         38         38         41      0.3611         41          41      0.0067        3.1953
ALPHA 1.2718 MaxIteration 741  TIMEOUT 0.471201
 15         38         38         41      0.4710         41          41      0.0059        4.1386
ALPHA 1.2402 MaxIteration 942  TIMEOUT 0.598990
 16         38         38         41      0.5989         41          41      0.0075        5.3368
ALPHA 1.2102 MaxIteration 1168  TIMEOUT 0.742813
 17         38         38         41      0.7406         41          41      0.0062        6.8183
ALPHA 1.1816 MaxIteration 1413  TIMEOUT 0.896270
 18         38         38         41      0.8966         41          41      0.0066        8.6147
ALPHA 1.1543 MaxIteration 1669  TIMEOUT 1.059418
 19         38         38         41      1.0467         41          41      0.0067       10.7093
ALPHA 1.1283 MaxIteration 1926  TIMEOUT 1.208242
 20         38         38         41      1.2009         41          41      0.0068       13.1112
ALPHA 1.1034 MaxIteration 2173  TIMEOUT 1.354885
 21         38         38         41      1.3555         41          41      0.0064       19.9941
>>> UDG_1000_200_8.wclq |V| 1000 |E| 52120  (#LB 0.0000 38 ---> 38  0.0732  41 <--- 41  0.0000 #UB)  #read_time 0.0429  #reduce_time 0.0006  #solve_time 19.9941  #total_time 20.0377
 