With  Parameters CUTOFF 20 SEED 101  ALPHA = 1.900  K=5 RHO=0.05 Q0=0.90 BETA=3.0 AQ_MODE=dbs
Reading  graph ...  time 0.085873  
Reducing graph ...  time 0.000329  
[v6] |V|=1000 |E|=20000 density=20.00 USE_ADVANCED=0 SAFE_AQ_MIN_GAP=0.050 DEEP_AQ_RANGE=[800, 5.00, 10.00] structure_blocks_aq=1
#Rd        #LB        #LB*       #UB       #Time        #UB+        #UB*      #Time      #TotalTime
First Gap  0.437956
  1       5343       5343       7683      0.9653
 Switch to DBS-only search, timeout 0.965258....
 [Online-safe AQ structure guard] |V|=1000 density=20.00 outside [800, 5.00, 10.00], disabling AQ
       7177        7177      0.0547        2.0350
ALPHA 1.9000 MaxIteration 3  TIMEOUT 0.965258
  2       5078       5343       9590      0.0056       7211        7177      0.0046        2.0462
ALPHA 1.8304 MaxIteration 5  TIMEOUT 0.010604
  3       5472       5472       8579      0.0108       7177        7177      0.0075        2.0679
ALPHA 1.7658 MaxIteration 9  TIMEOUT 0.019811
  4       5476       5476       9065      0.0072       7177        7177      0.0058        2.0823
ALPHA 1.7056 MaxIteration 15  TIMEOUT 0.012707
  5       5476       5476       9527      0.0118       7177        7177      0.0087        2.1059
ALPHA 1.6493 MaxIteration 25  TIMEOUT 0.020063
  6       5664       5664       9401      0.0205       7177        7177      0.0115        2.1469
ALPHA 1.5966 MaxIteration 41  TIMEOUT 0.033761
  7       5664       5664       9444      0.0308       7177        7177      0.0080        2.2085
ALPHA 1.5472 MaxIteration 65  TIMEOUT 0.049100
  8       5664       5664       8777      0.0486       7177        7177      0.0045        2.3058
ALPHA 1.5008 MaxIteration 100  TIMEOUT 0.075202
  9       5664       5664       8845      0.0738       7177        7177      0.0084        2.4535
ALPHA 1.4571 MaxIteration 150  TIMEOUT 0.110799
 10       5664       5664       8649      0.1110       7177        7177      0.0156        2.6755
ALPHA 1.4158 MaxIteration 218  TIMEOUT 0.161698
 11       5664       5664       8630      0.1601       7177        7177      0.0166        2.9957
ALPHA 1.3768 MaxIteration 308  TIMEOUT 0.226637
 12       5722       5722       8495      0.2274       7177        7177      0.0127        3.4505
ALPHA 1.3399 MaxIteration 424  TIMEOUT 0.313057
 13       5722       5722       8234      0.3068       7177        7177      0.0084        4.0662
ALPHA 1.3049 MaxIteration 568  TIMEOUT 0.411055
 14       5722       5722       8300      0.4079       7177        7177      0.0245        4.8822
ALPHA 1.2718 MaxIteration 741  TIMEOUT 0.532261
 15       5722       5722       8300      0.5329       7177        7177      0.0128        5.9484
ALPHA 1.2402 MaxIteration 942  TIMEOUT 0.677711
 16       5722       5722       8300      0.6759       7177        7177      0.0053        7.3003
ALPHA 1.2102 MaxIteration 1168  TIMEOUT 0.838219
 17       5722       5722       8300      0.8341       7177        7177      0.0284        8.9707
ALPHA 1.1816 MaxIteration 1413  TIMEOUT 1.009429
 18       5722       5722       8300      1.0100       7177        7177      0.0142       10.9942
ALPHA 1.1543 MaxIteration 1669  TIMEOUT 1.193447
 19       5722       5722       8300      1.1937       7177        7177      0.0059       13.3819
ALPHA 1.1283 MaxIteration 1926  TIMEOUT 1.377912
 20       5722       5722       8300      1.3781       7177        7177      0.2763       19.9977
>>> T2_1000_20000_9.wclq |V| 1000 |E| 20000  (#LB 0.0709 5343 ---> 5722  0.2027  7177 <--- 7683  0.0659 #UB)  #read_time 0.0859  #reduce_time 0.0003  #solve_time 19.9977  #total_time 20.0839
 