>>IBM: |V|=250 |E|=2000
>>IBM: The maximum node weight is 682
/public/home/acs4vb4pqv/benchmarks/MWDS2026/T2_wclq/T2_250_2000_3.wclq #seed 102 #alpha 1.900 #timeout 0.100 K=5 RHO=0.05 Q0=0.90 BETA=3.5 AQ_MODE=dbs SAFE_AQ_MIN_GAP=0.050 SAFE_AQ_MIN_NODES=800
[v19] |V|=250 |E|=2000 density=8.00 USE_ADVANCED=0
#Rd        #LB        #LB*       #UB       #Time        #UB+        #UB*      #Time      #TotalTime
First Gap  0.220339
ALPHA 1.9000 MaxIteration 500  TIMEOUT 0.114536
  1       1003       1003       1224      0.1145       1183        1183      0.0200      0.2191
ALPHA 1.9000 MaxIteration 3  TIMEOUT 0.000809
  2        913       1003       1359      0.0008       1183        1183      0.0000      0.2291
ALPHA 1.8304 MaxIteration 5  TIMEOUT 0.001077
  3        908       1003       1394      0.0011       1183        1183      0.0000      0.2391
ALPHA 1.7658 MaxIteration 9  TIMEOUT 0.002060
  4        928       1003       1330      0.0021       1189        1183      0.0000      0.2491
ALPHA 1.7056 MaxIteration 15  TIMEOUT 0.002486
  5        909       1003       1313      0.0025       1183        1183      0.0000      0.2591
ALPHA 1.6493 MaxIteration 25  TIMEOUT 0.008128
  6        928       1003       1279      0.0081       1226        1183      0.0000      0.2691
ALPHA 1.5966 MaxIteration 41  TIMEOUT 0.006431
  7        921       1003       1347      0.0064       1189        1183      0.0000      0.2791
ALPHA 1.5472 MaxIteration 65  TIMEOUT 0.012644
  8        942       1003       1311      0.0126       1183        1183      0.0100      0.3091
ALPHA 1.5008 MaxIteration 100  TIMEOUT 0.028531
  9        930       1003       1278      0.0285       1183        1183      0.0100      0.3591
ALPHA 1.4571 MaxIteration 150  TIMEOUT 0.030708
 10        943       1003       1290      0.0307       1183        1183      0.0200      0.4291
ALPHA 1.4158 MaxIteration 218  TIMEOUT 0.036367
 11        932       1003       1284      0.0364       1189        1183      0.0000      0.4991
ALPHA 1.3768 MaxIteration 308  TIMEOUT 0.067211
 12        930       1003       1290      0.0672       1183        1183      0.0200      0.6291
ALPHA 1.3399 MaxIteration 424  TIMEOUT 0.050864
 13        931       1003       1286      0.0509       1183        1183      0.0200      0.7391
ALPHA 1.3049 MaxIteration 568  TIMEOUT 0.061554
 14        939       1003       1297      0.0616       1183        1183      0.0600      0.8691
ALPHA 1.2718 MaxIteration 741  TIMEOUT 0.191751
 15        936       1003       1250      0.1918       1183        1183      0.0000      1.2491
ALPHA 1.2402 MaxIteration 942  TIMEOUT 0.152176
 16        938       1003       1267      0.1522       1183        1183      0.0000      1.5591
ALPHA 1.2102 MaxIteration 1168  TIMEOUT 0.274338
 17        945       1003       1286      0.2743       1183        1183      0.0400      2.0991
ALPHA 1.1816 MaxIteration 1413  TIMEOUT 0.224761
 18        932       1003       1286      0.2248       1189        1183      0.0000      2.5391
ALPHA 1.1543 MaxIteration 1669  TIMEOUT 0.301211
 19        932       1003       1259      0.3012       1183        1183      0.0000      3.1291
ALPHA 1.1283 MaxIteration 1926  TIMEOUT 0.437859
 20        925       1003       1286      0.4379       1183        1183      0.0600      3.9891
ALPHA 1.1034 MaxIteration 2173  TIMEOUT 0.440274
 21        936       1003       1249      0.4403       1183        1183      0.0000      4.8591
ALPHA 1.0795 MaxIteration 2397  TIMEOUT 0.431426
 22        936       1003       1259      0.4314       1183        1183      0.0000      5.7191
ALPHA 1.0567 MaxIteration 2587  TIMEOUT 0.476069
 23        935       1003       1283      0.4761       1183        1183      0.0200      6.6491
ALPHA 1.0349 MaxIteration 2733  TIMEOUT 0.386634
 24        935       1003       1262      0.3866       1183        1183      0.1200      7.3991
ALPHA 1.0349 MaxIteration 2828  TIMEOUT 0.743177
 25        935       1003       1262      0.7432       1183        1183      0.0000      8.8591
ALPHA 1.0349 MaxIteration 2926  TIMEOUT 0.560724
 26        937       1003       1290      0.5607       1183        1183      0.0200      9.9691
ALPHA 1.0349 MaxIteration 3027  TIMEOUT 0.316153
 27        932       1003       1282      0.3162       1183        1183      0.1900     10.5891
ALPHA 1.0349 MaxIteration 3132  TIMEOUT 0.409227
 28        935       1003       1245      0.4092       1183        1183      0.0500     11.3810
ALPHA 1.0349 MaxIteration 3241  TIMEOUT 0.414965
 29        932       1003       1279      0.4150       1183        1183      0.1200     12.1991
ALPHA 1.0349 MaxIteration 3353  TIMEOUT 0.566540
 30        932       1003       1285      0.5665       1183        1183      0.0300     13.2991
ALPHA 1.0349 MaxIteration 3469  TIMEOUT 0.388290
 31        938       1003       1273      0.3883       1183        1183      0.0100     14.0591
ALPHA 1.0349 MaxIteration 3589  TIMEOUT 0.593646
 32        934       1003       1262      0.5936       1183        1183      0.0000     15.2291
ALPHA 1.0349 MaxIteration 3714  TIMEOUT 0.615637
 33        932       1003       1231      0.6156       1183        1183      0.0100     16.4391
ALPHA 1.0349 MaxIteration 3843  TIMEOUT 0.771318
 34        926       1003       1248      0.7713       1183        1183      0.0000     17.9591
ALPHA 1.0349 MaxIteration 3976  TIMEOUT 0.537430
 35        934       1003       1277      0.5374       1183        1183      0.0000     19.0191
ALPHA 1.0349 MaxIteration 4114  TIMEOUT 0.454276
 36        936       1003       1280      0.4543       1183        1183      0.0900     19.9091
ALPHA 1.0349 MaxIteration 4257  TIMEOUT 0.091016
 37        921       1003       1294      0.0910>>> T2_250_2000_3.wclq |V| 250 |E| 2000  (#LB 0.0000 1003 ---> 1003  0.1795  1183 <--- 1224  0.0335 #UB)  #solve_ime 20.0001 read_time 0.0009 
