>>IBM: |V|=200 |E|=17910
>>IBM: The maximum node weight is 200
/public/home/acs4vb4pqv/benchmarks/MWDS2026/dimacs/gen200_p0.9_55.clq #seed 101 #alpha 1.900 #timeout 0.100 K=5 RHO=0.05 Q0=0.90 BETA=3.5 AQ_MODE=dbs SAFE_AQ_MIN_GAP=0.050 SAFE_AQ_MIN_NODES=800
[v19] |V|=200 |E|=17910 density=89.55 USE_ADVANCED=0
#Rd        #LB        #LB*       #UB       #Time        #UB+        #UB*      #Time      #TotalTime
First Gap  0.200000
ALPHA 1.9000 MaxIteration 500  TIMEOUT 0.078663
  1          5          5          6      0.0787          6           6      0.0000      0.1544
ALPHA 1.9000 MaxIteration 3  TIMEOUT 0.000587
  2          4          5          6      0.0006          6           6      0.0000      0.1649
ALPHA 1.8304 MaxIteration 5  TIMEOUT 0.000811
  3          4          5          6      0.0008          6           6      0.0000      0.1745
ALPHA 1.7658 MaxIteration 9  TIMEOUT 0.001254
  4          4          5          6      0.0013          6           6      0.0000      0.1845
ALPHA 1.7056 MaxIteration 15  TIMEOUT 0.002153
  5          4          5          6      0.0022          6           6      0.0000      0.1944
ALPHA 1.6493 MaxIteration 25  TIMEOUT 0.003416
  6          4          5          6      0.0034          6           6      0.0000      0.2046
ALPHA 1.5966 MaxIteration 41  TIMEOUT 0.006039
  7          4          5          6      0.0060          6           6      0.0000      0.2148
ALPHA 1.5472 MaxIteration 65  TIMEOUT 0.010862
  8          4          5          6      0.0109          6           6      0.0000      0.2446
ALPHA 1.5008 MaxIteration 100  TIMEOUT 0.018702
  9          4          5          6      0.0187          6           6      0.0000      0.2746
ALPHA 1.4571 MaxIteration 150  TIMEOUT 0.016250
 10          3          5          6      0.0162          6           6      0.0000      0.3047
ALPHA 1.4158 MaxIteration 218  TIMEOUT 0.024464
 11          3          5          6      0.0245          6           6      0.0000      0.3548
ALPHA 1.3768 MaxIteration 308  TIMEOUT 0.034941
 12          3          5          6      0.0349          6           6      0.0000      0.4245
ALPHA 1.3399 MaxIteration 424  TIMEOUT 0.048091
 13          3          5          6      0.0481          6           6      0.0000      0.5149
ALPHA 1.3049 MaxIteration 568  TIMEOUT 0.063952
 14          3          5          6      0.0640          6           6      0.0000      0.6445
ALPHA 1.2718 MaxIteration 741  TIMEOUT 0.083241
 15          3          5          6      0.0832          6           6      0.0000      0.8145
ALPHA 1.2402 MaxIteration 942  TIMEOUT 0.105505
 16          3          5          6      0.1055          6           6      0.0000      1.0245
ALPHA 1.2102 MaxIteration 1168  TIMEOUT 0.130225
 17          3          5          6      0.1302          6           6      0.0000      1.2946
ALPHA 1.1816 MaxIteration 1413  TIMEOUT 0.158064
 18          3          5          6      0.1581          6           6      0.0000      1.6046
ALPHA 1.1543 MaxIteration 1669  TIMEOUT 0.184318
 19          3          5          6      0.1843          6           6      0.0000      1.9747
ALPHA 1.1283 MaxIteration 1926  TIMEOUT 0.214369
 20          3          5          6      0.2144          6           6      0.0000      2.4045
ALPHA 1.1034 MaxIteration 2173  TIMEOUT 0.241271
 21          3          5          6      0.2413          6           6      0.0000      2.8947
ALPHA 1.0795 MaxIteration 2397  TIMEOUT 0.264919
 22          3          5          6      0.2649          6           6      0.0000      3.4245
ALPHA 1.0567 MaxIteration 2587  TIMEOUT 0.286101
 23          3          5          6      0.2861          6           6      0.0000      3.9946
ALPHA 1.0349 MaxIteration 2733  TIMEOUT 0.302114
 24          3          5          6      0.3021          6           6      0.0000      4.6045
ALPHA 1.0349 MaxIteration 2828  TIMEOUT 0.311353
 25          3          5          6      0.3114          6           6      0.0000      5.2345
ALPHA 1.0349 MaxIteration 2926  TIMEOUT 0.321273
 26          3          5          6      0.3213          6           6      0.0000      5.8845
ALPHA 1.0349 MaxIteration 3027  TIMEOUT 0.334919
 27          3          5          6      0.3349          6           6      0.0000      6.5545
ALPHA 1.0349 MaxIteration 3132  TIMEOUT 0.345427
 28          3          5          6      0.3454          6           6      0.0000      7.2446
ALPHA 1.0349 MaxIteration 3241  TIMEOUT 0.364463
 29          3          5          6      0.3645          6           6      0.0000      7.9746
ALPHA 1.0349 MaxIteration 3353  TIMEOUT 0.376771
 30          3          5          6      0.3768          6           6      0.0000      8.7246
ALPHA 1.0349 MaxIteration 3469  TIMEOUT 0.390303
 31          3          5          6      0.3903          6           6      0.0000      9.5145
ALPHA 1.0349 MaxIteration 3589  TIMEOUT 0.406131
 32          3          5          6      0.4061          6           6      0.0000     10.3245
ALPHA 1.0349 MaxIteration 3714  TIMEOUT 0.416104
 33          3          5          6      0.4161          6           6      0.0000     11.1548
ALPHA 1.0349 MaxIteration 3843  TIMEOUT 0.429133
 34          3          5          6      0.4291          6           6      0.0000     12.0045
ALPHA 1.0349 MaxIteration 3976  TIMEOUT 0.446872
 35          3          5          6      0.4469          6           6      0.0000     12.8949
ALPHA 1.0349 MaxIteration 4114  TIMEOUT 0.461926
 36          3          5          6      0.4619          6           6      0.0000     13.8245
ALPHA 1.0349 MaxIteration 4257  TIMEOUT 0.479868
 37          3          5          6      0.4799          6           6      0.0000     14.7845
ALPHA 1.0349 MaxIteration 4405  TIMEOUT 0.488154
 38          3          5          6      0.4882          6           6      0.0000     15.7549
ALPHA 1.0349 MaxIteration 4558  TIMEOUT 0.506033
 39          3          5          6      0.5060          6           6      0.0000     16.7646
ALPHA 1.0349 MaxIteration 4716  TIMEOUT 0.519473
 40          3          5          6      0.5195          6           6      0.0000     17.7948
ALPHA 1.0349 MaxIteration 4880  TIMEOUT 0.538725
 41          3          5          6      0.5387          6           6      0.0000     18.8645
ALPHA 1.0349 MaxIteration 5050  TIMEOUT 0.557999
 42          3          5          6      0.5580          6           6      0.0000     19.9746
ALPHA 1.0349 MaxIteration 5226  TIMEOUT 0.025435
 43          3          5          6      0.0254>>> gen200_p0.9_55.clq |V| 200 |E| 17910  (#LB 0.0000 5 ---> 5  0.2000  6 <--- 6  0.0000 #UB)  #solve_ime 20.0001 read_time 0.0056 
