>>IBM: |V|=82168 |E|=504230
>>IBM: The maximum node weight is 200
/public/home/acs4vb4pqv/benchmarks/MWDS2026/SNAP/Slashdot0902.clq #seed 101 #alpha 1.900 #timeout 0.300 K=5 RHO=0.05 Q0=0.90 BETA=3.5 AQ_MODE=guarded SAFE_AQ_MIN_GAP=0.050 SAFE_AQ_MIN_NODES=800
[v19] |V|=82168 |E|=504230 density=6.14 USE_ADVANCED=1
#Rd        #LB        #LB*       #UB       #Time        #UB+        #UB*      #Time      #TotalTime
First Gap  0.000586
ALPHA 1.9000 MaxIteration 50  TIMEOUT 0.765189
  1    1142449    1142449    1143119      0.7652    1143119     1143119      0.0000      1.5664
ALPHA 1.9000 MaxIteration 3  TIMEOUT 0.093234
  2    1142402    1142449    1143244      0.0932    1143244     1143119      0.0000      1.7763
ALPHA 1.8304 MaxIteration 5  TIMEOUT 0.223407
  3    1142430    1142449    1143224      0.2234    1143224     1143119      0.0000      2.2563
ALPHA 1.7658 MaxIteration 9  TIMEOUT 0.463981
  4    1142432    1142449    1143220      0.4640    1143220     1143119      0.0000      3.2166
ALPHA 1.7056 MaxIteration 15  TIMEOUT 0.766417
  5    1142381    1142449    1143230      0.7664    1143230     1143119      0.0000      4.7765
ALPHA 1.6493 MaxIteration 25  TIMEOUT 0.758583
  6    1141188    1142449    1144639      0.7586    1144591     1143119      0.0000      6.3163
ALPHA 1.5966 MaxIteration 41  TIMEOUT 1.501258
  7    1141376    1142449    1143492      1.5013    1143463     1143119      0.0000      9.3363
ALPHA 1.5472 MaxIteration 65  TIMEOUT 6.130133
  8    1141456    1142449    1143363      6.1301
 [LB Done] stag=7 elapsed=77.3% => 4.5s to UB
    1143268     1143119      0.0000     20.0163
>>> Slashdot0902.clq |V| 82168 |E| 504230  (#LB 0.0000 1142449 ---> 1142449  0.0006  1143119 <--- 1143119  0.0000 #UB)  #solve_ime 20.0178 read_time 0.1237 
