>>IBM: |V|=50 |E|=1000
>>IBM: The maximum node weight is 49
/public/home/acs4vb4pqv/benchmarks/MWDS2026/T1_wclq/T1_50_1000_0.wclq #seed 103 #alpha 1.900 #timeout 0.100 K=5 RHO=0.05 Q0=0.90 BETA=3.5 AQ_MODE=guarded SAFE_AQ_MIN_GAP=0.050 SAFE_AQ_MIN_NODES=800
[v19] |V|=50 |E|=1000 density=20.00 USE_ADVANCED=0
#Rd        #LB        #LB*       #UB       #Time        #UB+        #UB*      #Time      #TotalTime
First Gap  0.428571
ALPHA 1.9000 MaxIteration 500  TIMEOUT 0.004948
  1         28         28         40      0.0049
 [Online-safe AQ eligibility guard] gap=0.4286 density=20.00 |V|=50 => No RL
         40          40      0.0000      0.0100
ALPHA 1.9000 MaxIteration 3  TIMEOUT 0.000054
  2         25         28         40      0.0001         40          40      0.0000      0.0200
ALPHA 1.8304 MaxIteration 5  TIMEOUT 0.000069
  3         25         28         62      0.0001         40          40      0.0000      0.0300
ALPHA 1.7658 MaxIteration 9  TIMEOUT 0.000097
  4         25         28         62      0.0001         40          40      0.0000      0.0400
ALPHA 1.7056 MaxIteration 15  TIMEOUT 0.000143
  5         25         28         62      0.0001         40          40      0.0000      0.0500
ALPHA 1.6493 MaxIteration 25  TIMEOUT 0.000220
  6         25         28         62      0.0002         40          40      0.0000      0.0600
ALPHA 1.5966 MaxIteration 41  TIMEOUT 0.000338
  7         25         28         62      0.0003         40          40      0.0000      0.0700
ALPHA 1.5472 MaxIteration 65  TIMEOUT 0.000553
  8         25         28         62      0.0006         40          40      0.0000      0.0800
ALPHA 1.5008 MaxIteration 100  TIMEOUT 0.000826
  9         25         28         62      0.0008         40          40      0.0000      0.0900
ALPHA 1.4571 MaxIteration 150  TIMEOUT 0.001235
 10         25         28         62      0.0012         40          40      0.0000      0.1000
ALPHA 1.4158 MaxIteration 218  TIMEOUT 0.000840
 11         25         28         62      0.0008         40          40      0.0000      0.1100
ALPHA 1.3768 MaxIteration 308  TIMEOUT 0.002479
 12         25         28         62      0.0025         40          40      0.0000      0.1200
ALPHA 1.3399 MaxIteration 424  TIMEOUT 0.002500
 13         25         28         62      0.0025         40          40      0.0000      0.1300
ALPHA 1.3049 MaxIteration 568  TIMEOUT 0.004563
 14         25         28         62      0.0046         40          40      0.0000      0.1400
ALPHA 1.2718 MaxIteration 741  TIMEOUT 0.005858
 15         25         28         62      0.0059         40          40      0.0000      0.1500
ALPHA 1.2402 MaxIteration 942  TIMEOUT 0.007525
 16         25         28         62      0.0075         40          40      0.0000      0.1600
ALPHA 1.2102 MaxIteration 1168  TIMEOUT 0.009499
 17         25         28         62      0.0095         40          40      0.0000      0.1700
ALPHA 1.1816 MaxIteration 1413  TIMEOUT 0.011265
 18         25         28         62      0.0113         40          40      0.0000      0.2000
ALPHA 1.1543 MaxIteration 1669  TIMEOUT 0.013502
 19         25         28         62      0.0135         40          40      0.0000      0.2300
ALPHA 1.1283 MaxIteration 1926  TIMEOUT 0.015371
 20         25         28         62      0.0154         40          40      0.0000      0.2600
ALPHA 1.1034 MaxIteration 2173  TIMEOUT 0.017207
 21         25         28         62      0.0172         40          40      0.0000      0.2900
ALPHA 1.0795 MaxIteration 2397  TIMEOUT 0.017730
 22         25         28         62      0.0177         40          40      0.0000      0.3200
ALPHA 1.0567 MaxIteration 2587  TIMEOUT 0.019660
 23         25         28         62      0.0197         40          40      0.0000      0.3500
ALPHA 1.0349 MaxIteration 2733  TIMEOUT 0.020726
 24         25         28         62      0.0207         40          40      0.0000      0.3900
ALPHA 1.0349 MaxIteration 2828  TIMEOUT 0.022549
 25         25         28         62      0.0225         40          40      0.0000      0.4400
ALPHA 1.0349 MaxIteration 2926  TIMEOUT 0.023591
 26         25         28         62      0.0236         40          40      0.0000      0.4900
ALPHA 1.0349 MaxIteration 3027  TIMEOUT 0.021239
 27         25         28         62      0.0212         40          40      0.0000      0.5400
ALPHA 1.0349 MaxIteration 3132  TIMEOUT 0.025366
 28         25         28         62      0.0254         40          40      0.0000      0.5900
ALPHA 1.0349 MaxIteration 3241  TIMEOUT 0.026107
 29         25         28         62      0.0261         40          40      0.0000      0.6400
ALPHA 1.0349 MaxIteration 3353  TIMEOUT 0.025936
 30         25         28         62      0.0259         40          40      0.0000      0.6900
ALPHA 1.0349 MaxIteration 3469  TIMEOUT 0.025458
 31         25         28         62      0.0255         40          40      0.0000      0.7400
ALPHA 1.0349 MaxIteration 3589  TIMEOUT 0.025494
 32         25         28         62      0.0255         40          40      0.0000      0.7900
ALPHA 1.0349 MaxIteration 3714  TIMEOUT 0.029987
 33         25         28         62      0.0300         40          40      0.0000      0.8500
ALPHA 1.0349 MaxIteration 3843  TIMEOUT 0.028205
 34         25         28         62      0.0282         40          40      0.0000      0.9000
ALPHA 1.0349 MaxIteration 3976  TIMEOUT 0.031942
 35         25         28         62      0.0319         40          40      0.0000      0.9700
ALPHA 1.0349 MaxIteration 4114  TIMEOUT 0.033079
 36         25         28         62      0.0331         40          40      0.0000      1.0400
ALPHA 1.0349 MaxIteration 4257  TIMEOUT 0.032880
 37         25         28         62      0.0329         40          40      0.0000      1.1100
ALPHA 1.0349 MaxIteration 4405  TIMEOUT 0.034243
 38         25         28         62      0.0342         40          40      0.0000      1.1800
ALPHA 1.0349 MaxIteration 4558  TIMEOUT 0.036464
 39         25         28         62      0.0365         40          40      0.0000      1.2500
ALPHA 1.0349 MaxIteration 4716  TIMEOUT 0.037873
 40         25         28         62      0.0379         40          40      0.0000      1.3200
ALPHA 1.0349 MaxIteration 4880  TIMEOUT 0.037033
 41         25         28         62      0.0370         40          40      0.0000      1.3900
ALPHA 1.0349 MaxIteration 5050  TIMEOUT 0.038927
 42         25         28         62      0.0389         40          40      0.0000      1.4600
ALPHA 1.0349 MaxIteration 5226  TIMEOUT 0.039164
 43         25         28         62      0.0392         40          40      0.0000      1.5300
ALPHA 1.0349 MaxIteration 5408  TIMEOUT 0.038958
 44         25         28         62      0.0390         40          40      0.0000      1.6000
ALPHA 1.0349 MaxIteration 5596  TIMEOUT 0.042403
 45         25         28         62      0.0424         40          40      0.0000      1.6900
ALPHA 1.0349 MaxIteration 5791  TIMEOUT 0.043333
 46         25         28         62      0.0433         40          40      0.0000      1.7800
ALPHA 1.0349 MaxIteration 5992  TIMEOUT 0.047250
 47         25         28         62      0.0473         40          40      0.0000      1.8700
ALPHA 1.0349 MaxIteration 6200  TIMEOUT 0.046819
 48         25         28         62      0.0468         40          40      0.0000      1.9600
ALPHA 1.0349 MaxIteration 6416  TIMEOUT 0.050872
 49         25         28         62      0.0509         40          40      0.0000      2.0700
ALPHA 1.0349 MaxIteration 6639  TIMEOUT 0.050091
 50         25         28         62      0.0501         40          40      0.0000      2.1800
ALPHA 1.0349 MaxIteration 6870  TIMEOUT 0.051539
 51         25         28         62      0.0515         40          40      0.0000      2.2900
ALPHA 1.0349 MaxIteration 7109  TIMEOUT 0.052930
 52         25         28         62      0.0529         40          40      0.0000      2.4000
ALPHA 1.0349 MaxIteration 7356  TIMEOUT 0.053281
 53         25         28         62      0.0533         40          40      0.0000      2.5100
ALPHA 1.0349 MaxIteration 7612  TIMEOUT 0.055185
 54         25         28         62      0.0552         40          40      0.0000      2.6200
ALPHA 1.0349 MaxIteration 7877  TIMEOUT 0.060459
 55         25         28         62      0.0605         40          40      0.0000      2.7500
ALPHA 1.0349 MaxIteration 8151  TIMEOUT 0.064306
 56         25         28         62      0.0643         40          40      0.0000      2.8800
ALPHA 1.0349 MaxIteration 8435  TIMEOUT 0.063999
 57         25         28         62      0.0640         40          40      0.0000      3.0100
ALPHA 1.0349 MaxIteration 8729  TIMEOUT 0.067174
 58         25         28         62      0.0672         40          40      0.0000      3.1400
ALPHA 1.0349 MaxIteration 9033  TIMEOUT 0.068783
 59         25         28         62      0.0688         40          40      0.0000      3.2700
ALPHA 1.0349 MaxIteration 9347  TIMEOUT 0.069534
 60         25         28         62      0.0695         40          40      0.0000      3.4000
ALPHA 1.0349 MaxIteration 9672  TIMEOUT 0.071902
 61         25         28         62      0.0719         40          40      0.0000      3.5500
ALPHA 1.0349 MaxIteration 10009  TIMEOUT 0.075488
 62         25         28         62      0.0755         40          40      0.0000      3.7000
ALPHA 1.0349 MaxIteration 10357  TIMEOUT 0.081311
 63         25         28         62      0.0813         40          40      0.0000      3.8700
ALPHA 1.0349 MaxIteration 10718  TIMEOUT 0.079384
 64         25         28         62      0.0794         40          40      0.0000      4.0200
ALPHA 1.0349 MaxIteration 11091  TIMEOUT 0.085835
 65         25         28         62      0.0858         40          40      0.0000      4.1900
ALPHA 1.0349 MaxIteration 11477  TIMEOUT 0.089233
 66         25         28         62      0.0892         40          40      0.0000      4.3600
ALPHA 1.0349 MaxIteration 11877  TIMEOUT 0.092063
 67         25         28         62      0.0921         40          40      0.0000      4.5500
ALPHA 1.0349 MaxIteration 12291  TIMEOUT 0.093881
 68         25         28         62      0.0939         40          40      0.0000      4.7400
ALPHA 1.0349 MaxIteration 12719  TIMEOUT 0.092590
 69         25         28         62      0.0926         40          40      0.0000      4.9300
ALPHA 1.0349 MaxIteration 13162  TIMEOUT 0.101993
 70         25         28         62      0.1020         40          40      0.0000      5.1400
ALPHA 1.0349 MaxIteration 13620  TIMEOUT 0.103808
 71         25         28         62      0.1038         40          40      0.0000      5.3500
ALPHA 1.0349 MaxIteration 14094  TIMEOUT 0.107554
 72         25         28         62      0.1076         40          40      0.0000      5.5600
ALPHA 1.0349 MaxIteration 14585  TIMEOUT 0.111970
 73         25         28         62      0.1120         40          40      0.0000      5.7900
ALPHA 1.0349 MaxIteration 15093  TIMEOUT 0.114500
 74         25         28         62      0.1145         40          40      0.0000      6.0200
ALPHA 1.0349 MaxIteration 15619  TIMEOUT 0.117489
 75         25         28         62      0.1175         40          40      0.0000      6.2500
ALPHA 1.0349 MaxIteration 16163  TIMEOUT 0.125768
 76         25         28         62      0.1258         40          40      0.0000      6.5000
ALPHA 1.0349 MaxIteration 16726  TIMEOUT 0.126893
 77         25         28         62      0.1269         40          40      0.0000      6.7500
ALPHA 1.0349 MaxIteration 17309  TIMEOUT 0.128662
 78         25         28         62      0.1287         40          40      0.0000      7.0000
ALPHA 1.0349 MaxIteration 17912  TIMEOUT 0.133013
 79         25         28         62      0.1330         40          40      0.0000      7.2600
ALPHA 1.0349 MaxIteration 18536  TIMEOUT 0.139959
 80         25         28         62      0.1400         40          40      0.0000      7.5400
ALPHA 1.0349 MaxIteration 19182  TIMEOUT 0.142588
 81         25         28         62      0.1426         40          40      0.0000      7.8300
ALPHA 1.0349 MaxIteration 19850  TIMEOUT 0.153740
 82         25         28         62      0.1537         40          40      0.0000      8.1400
ALPHA 1.0349 MaxIteration 20541  TIMEOUT 0.161023
 83         25         28         62      0.1610         40          40      0.0000      8.4700
ALPHA 1.0349 MaxIteration 21257  TIMEOUT 0.161646
 84         25         28         62      0.1616         40          40      0.0000      8.8000
ALPHA 1.0349 MaxIteration 21997  TIMEOUT 0.170891
 85         25         28         62      0.1709         40          40      0.0000      9.1500
ALPHA 1.0349 MaxIteration 22763  TIMEOUT 0.175988
 86         25         28         62      0.1760         40          40      0.0000      9.5000
ALPHA 1.0349 MaxIteration 23556  TIMEOUT 0.181254
 87         25         28         62      0.1813         40          40      0.0000      9.8700
ALPHA 1.0349 MaxIteration 24377  TIMEOUT 0.192861
 88         25         28         62      0.1929         40          40      0.0000     10.2600
ALPHA 1.0349 MaxIteration 25226  TIMEOUT 0.192729
 89         25         28         62      0.1927         40          40      0.0000     10.6500
ALPHA 1.0349 MaxIteration 26105  TIMEOUT 0.195428
 90         25         28         62      0.1954         40          40      0.0000     11.0400
ALPHA 1.0349 MaxIteration 27014  TIMEOUT 0.215425
 91         25         28         62      0.2154         40          40      0.0000     11.4700
ALPHA 1.0349 MaxIteration 27955  TIMEOUT 0.213677
 92         25         28         62      0.2137         40          40      0.0000     11.8900
ALPHA 1.0349 MaxIteration 28929  TIMEOUT 0.224036
 93         25         28         62      0.2240         40          40      0.0000     12.3300
ALPHA 1.0349 MaxIteration 29937  TIMEOUT 0.233042
 94         25         28         62      0.2330         40          40      0.0000     12.8000
ALPHA 1.0349 MaxIteration 30980  TIMEOUT 0.237788
 95         25         28         62      0.2378         40          40      0.0000     13.2700
ALPHA 1.0349 MaxIteration 32059  TIMEOUT 0.242550
 96         25         28         62      0.2425         40          40      0.0000     13.7600
ALPHA 1.0349 MaxIteration 33176  TIMEOUT 0.258176
 97         25         28         62      0.2582         40          40      0.0000     14.2600
ALPHA 1.0349 MaxIteration 34332  TIMEOUT 0.267840
 98         25         28         62      0.2678         40          40      0.0000     14.7900
ALPHA 1.0349 MaxIteration 35528  TIMEOUT 0.267875
 99         25         28         62      0.2679         40          40      0.0000     15.3100
ALPHA 1.0349 MaxIteration 36766  TIMEOUT 0.280838
100         25         28         62      0.2808         40          40      0.0000     15.8700
ALPHA 1.0349 MaxIteration 38047  TIMEOUT 0.283950
101         25         28         62      0.2839         40          40      0.0000     16.4400
ALPHA 1.0349 MaxIteration 39373  TIMEOUT 0.298937
102         25         28         62      0.2989         40          40      0.0000     17.0200
ALPHA 1.0349 MaxIteration 40745  TIMEOUT 0.303659
103         25         28         62      0.3037         40          40      0.0000     17.6200
ALPHA 1.0349 MaxIteration 42165  TIMEOUT 0.321397
104         25         28         62      0.3214         40          40      0.0000     18.2700
ALPHA 1.0349 MaxIteration 43634  TIMEOUT 0.328629
105         25         28         62      0.3286         40          40      0.0000     18.9200
ALPHA 1.0349 MaxIteration 45155  TIMEOUT 0.345563
106         25         28         62      0.3456         40          40      0.0000     19.6000
ALPHA 1.0349 MaxIteration 46729  TIMEOUT 0.357834
107         25         28         62      0.3578         40          40      0.0000     20.0000
>>> T1_50_1000_0.wclq |V| 50 |E| 1000  (#LB 0.0000 28 ---> 28  0.4286  40 <--- 40  0.0000 #UB)  #solve_ime 20.0000 read_time 0.0000 
