With  Parameters CUTOFF 20 SEED 102  ALPHA = 1.900  K=5 RHO=0.05 Q0=0.90 BETA=3.0 AQ_MODE=guarded
Reading  graph ...  time 0.013661  
Reducing graph ...  time 0.000639  
[v6] |V|=1000 |E|=52120 density=52.12 USE_ADVANCED=0 SAFE_AQ_MIN_GAP=0.050 DEEP_AQ_RANGE=[800, 5.00, 10.00] structure_blocks_aq=1
#Rd        #LB        #LB*       #UB       #Time        #UB+        #UB*      #Time      #TotalTime
First Gap  0.078947
  1         38         38         41      0.3739
 Switch to DBS-only search, timeout 0.373936....
 [Online-safe AQ structure guard] |V|=1000 density=52.12 outside [800, 5.00, 10.00], disabling AQ
         41          41      0.0057        0.7487
ALPHA 1.9000 MaxIteration 3  TIMEOUT 0.373936
  2         37         38         42      0.0025         42          41      0.0056        0.7568
ALPHA 1.8304 MaxIteration 5  TIMEOUT 0.004807
  3         37         38         43      0.0039         42          41      0.0056        0.7663
ALPHA 1.7658 MaxIteration 9  TIMEOUT 0.007195
  4         37         38         41      0.0064         42          41      0.0056        0.7793
ALPHA 1.7056 MaxIteration 15  TIMEOUT 0.011382
  5         37         38         41      0.0100         41          41      0.0056        0.7994
ALPHA 1.6493 MaxIteration 25  TIMEOUT 0.017066
  6         38         38         41      0.0177         41          41      0.0057        0.8349
ALPHA 1.5966 MaxIteration 41  TIMEOUT 0.029137
  7         38         38         41      0.0261         41          41      0.0058        0.8871
ALPHA 1.5472 MaxIteration 65  TIMEOUT 0.041691
  8         38         38         41      0.0408         41          41      0.0058        0.9688
ALPHA 1.5008 MaxIteration 100  TIMEOUT 0.063189
  9         38         38         41      0.0627         41          41      0.0062        1.0943
ALPHA 1.4571 MaxIteration 150  TIMEOUT 0.094079
 10         38         38         41      0.0933         41          41      0.0062        1.2811
ALPHA 1.4158 MaxIteration 218  TIMEOUT 0.135965
 11         38         38         41      0.1360         41          41      0.0058        1.5531
ALPHA 1.3768 MaxIteration 308  TIMEOUT 0.192493
 12         38         38         41      0.1930         41          41      0.0062        1.9392
ALPHA 1.3399 MaxIteration 424  TIMEOUT 0.265700
 13         38         38         41      0.2650         41          41      0.0064        2.4703
ALPHA 1.3049 MaxIteration 568  TIMEOUT 0.355112
 14         38         38         41      0.3556         41          41      0.0058        3.1816
ALPHA 1.2718 MaxIteration 741  TIMEOUT 0.463985
 15         38         38         41      0.4628         41          41      0.0061        4.1084
ALPHA 1.2402 MaxIteration 942  TIMEOUT 0.588631
 16         38         38         41      0.5837         41          41      0.0057        5.2779
ALPHA 1.2102 MaxIteration 1168  TIMEOUT 0.723890
 17         38         38         41      0.7240         41          41      0.0058        6.7271
ALPHA 1.1816 MaxIteration 1413  TIMEOUT 0.876233
 18         38         38         41      0.8561         41          41      0.0070        8.4404
ALPHA 1.1543 MaxIteration 1669  TIMEOUT 1.011541
 19         38         38         41      1.0118         41          41      0.0060       10.4646
ALPHA 1.1283 MaxIteration 1926  TIMEOUT 1.167931
 20         38         38         41      1.1683         41          41      0.0061       12.8028
ALPHA 1.1034 MaxIteration 2173  TIMEOUT 1.318140
 21         38         38         41      1.3183         41          41      0.0060       19.9943
>>> UDG_1000_200_8.wclq |V| 1000 |E| 52120  (#LB 0.0000 38 ---> 38  0.0732  41 <--- 41  0.0000 #UB)  #read_time 0.0137  #reduce_time 0.0006  #solve_time 19.9943  #total_time 20.0086
 