With  Parameters CUTOFF 20 SEED 3  ALPHA = 1.900  K=5 RHO=0.05 Q0=0.90 BETA=3.0 AQ_MODE=guarded
Reading  graph ...  time 0.000666  
Reducing graph ...  time 0.000057  
[v6] |V|=250 |E|=2000 density=8.00 USE_ADVANCED=0 SAFE_AQ_MIN_GAP=0.050 DEEP_AQ_RANGE=[800, 5.00, 10.00] structure_blocks_aq=1
#Rd        #LB        #LB*       #UB       #Time        #UB+        #UB*      #Time      #TotalTime
First Gap  0.220339
  1       1003       1003       1224      0.1135
 Switch to DBS-only search, timeout 0.113487....
 [Online-safe AQ structure guard] |V|=250 density=8.00 outside [800, 5.00, 10.00], disabling AQ
       1183        1183      0.0004        0.2293
ALPHA 1.9000 MaxIteration 3  TIMEOUT 0.113487
  2        984       1003       1366      0.0006       1207        1183      0.0006        0.2306
ALPHA 1.8304 MaxIteration 5  TIMEOUT 0.001191
  3        990       1003       1304      0.0011       1217        1183      0.0006        0.2327
ALPHA 1.7658 MaxIteration 9  TIMEOUT 0.001931
  4        979       1003       1335      0.0010       1195        1183      0.0010        0.2347
ALPHA 1.7056 MaxIteration 15  TIMEOUT 0.001720
  5        988       1003       1276      0.0017       1191        1183      0.0017        0.2382
ALPHA 1.6493 MaxIteration 25  TIMEOUT 0.002954
  6       1015       1015       1391      0.0030       1205        1183      0.0029        0.2441
ALPHA 1.5966 MaxIteration 41  TIMEOUT 0.004892
  7       1017       1017       1286      0.0049       1191        1183      0.0019        0.2540
ALPHA 1.5472 MaxIteration 65  TIMEOUT 0.007870
  8       1017       1017       1286      0.0056       1189        1183      0.0024        0.2652
ALPHA 1.5008 MaxIteration 100  TIMEOUT 0.008658
  9       1023       1023       1225      0.0087       1191        1183      0.0017        0.2827
ALPHA 1.4571 MaxIteration 150  TIMEOUT 0.013117
 10       1023       1023       1225      0.0131       1189        1183      0.0095        0.3090
ALPHA 1.4158 MaxIteration 218  TIMEOUT 0.019122
 11       1023       1023       1225      0.0171       1183        1183      0.0097        0.3431
ALPHA 1.3768 MaxIteration 308  TIMEOUT 0.024175
 12       1025       1025       1225      0.0243       1183        1183      0.0143        0.3927
ALPHA 1.3399 MaxIteration 424  TIMEOUT 0.033392
 13       1025       1025       1225      0.0335       1189        1183      0.0063        0.4616
ALPHA 1.3049 MaxIteration 568  TIMEOUT 0.044844
 14       1027       1027       1225      0.0449       1183        1183      0.0444        0.5514
ALPHA 1.2718 MaxIteration 741  TIMEOUT 0.058562
 15       1027       1027       1225      0.0586       1183        1183      0.0013        0.6685
ALPHA 1.2402 MaxIteration 942  TIMEOUT 0.074488
 16       1027       1027       1225      0.0745       1183        1183      0.0148        0.8176
ALPHA 1.2102 MaxIteration 1168  TIMEOUT 0.092392
 17       1027       1027       1225      0.0924       1183        1183      0.0238        1.0025
ALPHA 1.1816 MaxIteration 1413  TIMEOUT 0.111864
 18       1027       1027       1225      0.1119       1183        1183      0.0226        1.2272
ALPHA 1.1543 MaxIteration 1669  TIMEOUT 0.132188
 19       1029       1029       1225      0.1322       1183        1183      0.0081        1.4947
ALPHA 1.1283 MaxIteration 1926  TIMEOUT 0.152594
 20       1037       1037       1225      0.1526       1183        1183      0.0108        1.7999
ALPHA 1.1034 MaxIteration 2173  TIMEOUT 0.172177
 21       1037       1037       1225      0.1723       1183        1183      0.0036        2.1445
ALPHA 1.0795 MaxIteration 2397  TIMEOUT 0.190056
 22       1037       1037       1225      0.1901       1183        1183      0.0269        2.5257
ALPHA 1.0567 MaxIteration 2587  TIMEOUT 0.205196
 23       1037       1037       1225      0.2052       1183        1183      0.0013        2.9372
ALPHA 1.0349 MaxIteration 2733  TIMEOUT 0.216864
 24       1037       1037       1225      0.2169       1183        1183      0.0162        3.3721
ALPHA 1.0349 MaxIteration 2828  TIMEOUT 0.224475
 25       1037       1037       1229      0.2245       1183        1183      0.0322        3.8222
ALPHA 1.0349 MaxIteration 2926  TIMEOUT 0.232331
 26       1037       1037       1229      0.2324       1183        1183      0.0121        4.2901
ALPHA 1.0349 MaxIteration 3027  TIMEOUT 0.240500
 27       1037       1037       1263      0.2405       1183        1183      0.0088        4.7712
ALPHA 1.0349 MaxIteration 3132  TIMEOUT 0.248932
 28       1037       1037       1242      0.2490       1183        1183      0.0099        5.2692
ALPHA 1.0349 MaxIteration 3241  TIMEOUT 0.257629
 29       1037       1037       1239      0.2577       1183        1183      0.0191        5.7896
ALPHA 1.0349 MaxIteration 3353  TIMEOUT 0.266655
 30       1037       1037       1258      0.2667       1183        1183      0.0212        6.3250
ALPHA 1.0349 MaxIteration 3469  TIMEOUT 0.275971
 31       1037       1037       1258      0.2760       1183        1183      0.0090        6.8772
ALPHA 1.0349 MaxIteration 3589  TIMEOUT 0.285669
 32       1037       1037       1251      0.2857       1183        1183      0.0270        7.4507
ALPHA 1.0349 MaxIteration 3714  TIMEOUT 0.295699
 33       1037       1037       1229      0.2958       1183        1183      0.0068        8.0453
ALPHA 1.0349 MaxIteration 3843  TIMEOUT 0.306068
 34       1037       1037       1258      0.3061       1183        1183      0.0076        8.6605
ALPHA 1.0349 MaxIteration 3976  TIMEOUT 0.316755
 35       1037       1037       1258      0.3168       1183        1183      0.0021        9.2962
ALPHA 1.0349 MaxIteration 4114  TIMEOUT 0.327845
 36       1037       1037       1263      0.3279       1183        1183      0.0033        9.9533
ALPHA 1.0349 MaxIteration 4257  TIMEOUT 0.339347
 37       1037       1037       1258      0.3394       1183        1183      0.0198       10.6332
ALPHA 1.0349 MaxIteration 4405  TIMEOUT 0.351223
 38       1037       1037       1258      0.3508       1183        1183      0.0142       11.3378
ALPHA 1.0349 MaxIteration 4558  TIMEOUT 0.363000
 39       1037       1037       1258      0.3630       1183        1183      0.0128       12.0669
ALPHA 1.0349 MaxIteration 4716  TIMEOUT 0.375698
 40       1037       1037       1258      0.3730       1183        1183      0.1701       12.8170
ALPHA 1.0349 MaxIteration 4880  TIMEOUT 0.385986
 41       1037       1037       1258      0.3860       1183        1183      0.0015       13.5911
ALPHA 1.0349 MaxIteration 5050  TIMEOUT 0.399481
 42       1037       1037       1242      0.3984       1183        1183      0.0263       19.9998
>>> T2_250_2000_3.wclq |V| 250 |E| 2000  (#LB 0.0339 1003 ---> 1037  0.1234  1183 <--- 1224  0.0335 #UB)  #read_time 0.0007  #reduce_time 0.0001  #solve_time 19.9999  #total_time 20.0006
 