>>IBM: |V|=200 |E|=250
>>IBM: The maximum node weight is 49
/public/home/acs4vb4pqv/benchmarks/MWDS2026/T1_wclq/T1_200_250_7.wclq #seed 3 #alpha 1.900 #timeout 0.100 K=5 RHO=0.05 Q0=0.90 BETA=3.5
[v19] |V|=200 |E|=250 density=1.25 USE_ADVANCED=0
#Rd        #LB        #LB*       #UB       #Time        #UB+        #UB*      #Time      #TotalTime
First Gap  0.097109
ALPHA 1.9000 MaxIteration 500  TIMEOUT 0.031818
  1       1833       1833       2011      0.0318
 [Tier-2 Medium] gap=0.0971 density=1.25 |V|=200 => Standard RL (K=5, 15%)
ALPHA 1.9000 MaxIteration 3  TIMEOUT 0.004823
  2       1814       1833       2076      0.0048ALPHA 1.8304 MaxIteration 5  TIMEOUT 0.008229
  3       1816       1833       2113      0.0082ALPHA 1.7658 MaxIteration 9  TIMEOUT 0.011743
  4       1842       1842       2193      0.0117ALPHA 1.7056 MaxIteration 15  TIMEOUT 0.029481
  5       1831       1842       2175      0.0295ALPHA 1.6493 MaxIteration 25  TIMEOUT 0.031617
  6       1825       1842       2197      0.0316ALPHA 1.5966 MaxIteration 41  TIMEOUT 0.074065
  7       1833       1842       2191      0.0741ALPHA 1.5472 MaxIteration 65  TIMEOUT 0.118018
  8       1854       1854       2202      0.1180ALPHA 1.5008 MaxIteration 100  TIMEOUT 0.115900
  9       1853       1854       2215      0.1159ALPHA 1.4571 MaxIteration 150  TIMEOUT 0.126879
 10       1847       1854       2229      0.1269ALPHA 1.4158 MaxIteration 218  TIMEOUT 0.344630
 11       1850       1854       2206      0.3446ALPHA 1.3768 MaxIteration 308  TIMEOUT 0.227866
 12       1845       1854       2211      0.2279ALPHA 1.3399 MaxIteration 424  TIMEOUT 0.840941
 13       1851       1854       2175      0.8409ALPHA 1.3049 MaxIteration 568  TIMEOUT 0.476085
 14       1841       1854       2156      0.4761ALPHA 1.2718 MaxIteration 741  TIMEOUT 1.092992
 15       1844       1854       2138      1.0930ALPHA 1.2402 MaxIteration 942  TIMEOUT 1.097811
 16       1844       1854       2121      1.0978ALPHA 1.2102 MaxIteration 1168  TIMEOUT 0.814594
 17       1846       1854       2129      0.8146ALPHA 1.1816 MaxIteration 1413  TIMEOUT 1.331355
 18       1848       1854       2084      1.3314ALPHA 1.1543 MaxIteration 1669  TIMEOUT 3.558279
 19       1850       1854       2114      3.5583ALPHA 1.1283 MaxIteration 1926  TIMEOUT 1.904809
 20       1854       1854       2149      1.9048ALPHA 1.1034 MaxIteration 2173  TIMEOUT 1.690837
 21       1849       1854       2167      1.6908ALPHA 1.0795 MaxIteration 2397  TIMEOUT 1.766674
 22       1853       1854       2118      1.7667ALPHA 1.0567 MaxIteration 2587  TIMEOUT 1.786193
 23       1852       1854       2156      1.7862ALPHA 1.0349 MaxIteration 2733  TIMEOUT 2.426660
 24       1849       1854       2186      2.4267ALPHA 1.0349 MaxIteration 2828  TIMEOUT 2.241737
 25       1849       1854       2166      2.2417ALPHA 1.0349 MaxIteration 2926  TIMEOUT 3.770930
 26       1856       1856       2155      3.7709ALPHA 1.0349 MaxIteration 3027  TIMEOUT 2.582716
 27       1844       1856       2125      2.5827ALPHA 1.0349 MaxIteration 3132  TIMEOUT 2.698546
 28       1838       1856       2117      2.6985ALPHA 1.0349 MaxIteration 3241  TIMEOUT 2.537339
 29       1847       1856       2125      2.5373ALPHA 1.0349 MaxIteration 3353  TIMEOUT 2.858012
 30       1846       1856       2104      2.8580ALPHA 1.0349 MaxIteration 3469  TIMEOUT 3.779542
 31       1850       1856       2089      3.7795ALPHA 1.0349 MaxIteration 3589  TIMEOUT 2.609413
 32       1848       1856       2096      2.6094ALPHA 1.0349 MaxIteration 3714  TIMEOUT 4.052942
 33       1852       1856       2181      4.0529ALPHA 1.0349 MaxIteration 3843  TIMEOUT 2.702704
 34       1852       1856       2164      2.7027ALPHA 1.0349 MaxIteration 3976  TIMEOUT 2.887466
 35       1850       1856       2161      2.8875ALPHA 1.0349 MaxIteration 4114  TIMEOUT 3.069057
 36       1853       1856       2161      3.0691ALPHA 1.0349 MaxIteration 4257  TIMEOUT 3.007591
 37       1854       1856       2133      3.0076ALPHA 1.0349 MaxIteration 4405  TIMEOUT 5.691028
 38       1846       1856       2129      5.6910ALPHA 1.0349 MaxIteration 4558  TIMEOUT 4.452711
 39       1847       1856       2108      4.4527ALPHA 1.0349 MaxIteration 4716  TIMEOUT 3.261256
 40       1859       1859       2122      3.2613ALPHA 1.0349 MaxIteration 4880  TIMEOUT 3.900065
 41       1846       1859       2146      3.9001ALPHA 1.0349 MaxIteration 5050  TIMEOUT 8.350007
 42       1863       1863       2162      8.3500ALPHA 1.0349 MaxIteration 5226  TIMEOUT 3.812146
 43       1851       1863       2132      3.8121ALPHA 1.0349 MaxIteration 5408  TIMEOUT 9.254247
 44       1846       1863       2098      9.2542ALPHA 1.0349 MaxIteration 5596  TIMEOUT 4.675155
 45       1851       1863       2094      4.6752ALPHA 1.0349 MaxIteration 5791  TIMEOUT 8.703628
 46       1857       1863       2154      8.7036ALPHA 1.0349 MaxIteration 5992  TIMEOUT 6.892441
 47       1857       1863       2081      6.8924ALPHA 1.0349 MaxIteration 6200  TIMEOUT 9.533898
 48       1862       1863       2123      9.5339ALPHA 1.0349 MaxIteration 6416  TIMEOUT 13.513754
 49       1857       1863       2103     13.5138ALPHA 1.0349 MaxIteration 6639  TIMEOUT 7.049115
 50       1851       1863       2135      7.0491ALPHA 1.0349 MaxIteration 6870  TIMEOUT 4.744647
 51       1846       1863       2141      4.7446ALPHA 1.0349 MaxIteration 7109  TIMEOUT 9.865481
 52       1862       1863       2125      9.8655ALPHA 1.0349 MaxIteration 7356  TIMEOUT 11.674248
 53       1851       1863       2103     11.6742ALPHA 1.0349 MaxIteration 7612  TIMEOUT 7.186551
 54       1839       1863       2136      7.1866ALPHA 1.0349 MaxIteration 7877  TIMEOUT 10.495679
 55       1853       1863       2114     10.4957ALPHA 1.0349 MaxIteration 8151  TIMEOUT 14.393258
 56       1853       1863       2145     14.3933ALPHA 1.0349 MaxIteration 8435  TIMEOUT 6.658364
 57       1845       1863       2123      6.6584ALPHA 1.0349 MaxIteration 8729  TIMEOUT 17.751833
 58       1858       1863       2148     17.7518ALPHA 1.0349 MaxIteration 9033  TIMEOUT 12.457120
 59       1854       1863       2126     12.4571ALPHA 1.0349 MaxIteration 9347  TIMEOUT 9.642940
 60       1867       1867       2094      9.6429ALPHA 1.0349 MaxIteration 9672  TIMEOUT 7.131286
 61       1853       1867       2140      7.1313ALPHA 1.0349 MaxIteration 10009  TIMEOUT 13.797452
 62       1854       1867       2089     13.7975ALPHA 1.0349 MaxIteration 10357  TIMEOUT 8.334793
 63       1852       1867       2124      8.3348ALPHA 1.0349 MaxIteration 10718  TIMEOUT 14.487414
 64       1862       1867       2113     14.4874ALPHA 1.0349 MaxIteration 11091  TIMEOUT 7.593655
 65       1845       1867       2146      7.5937ALPHA 1.0349 MaxIteration 11477  TIMEOUT 34.179753
 66       1865       1867       2098     34.1798ALPHA 1.0349 MaxIteration 11877  TIMEOUT 13.141047
 67       1855       1867       2115     13.1410ALPHA 1.0349 MaxIteration 12291  TIMEOUT 13.782303
 68       1856       1867       2133     13.7823ALPHA 1.0349 MaxIteration 12719  TIMEOUT 10.321426
 69       1861       1867       2129     10.3214ALPHA 1.0349 MaxIteration 13162  TIMEOUT 15.918713
 70       1859       1867       2126     15.9187ALPHA 1.0349 MaxIteration 13620  TIMEOUT 14.807594
 71       1864       1867       2085     14.8076ALPHA 1.0349 MaxIteration 14094  TIMEOUT 11.621835
 72       1863       1867       2127     11.6218ALPHA 1.0349 MaxIteration 14585  TIMEOUT 10.456894
 73       1859       1867       2125     10.4569ALPHA 1.0349 MaxIteration 15093  TIMEOUT 10.587309
 74       1854       1867       2120     10.5873ALPHA 1.0349 MaxIteration 15619  TIMEOUT 11.076794
 75       1853       1867       2162     11.0768ALPHA 1.0349 MaxIteration 16163  TIMEOUT 11.743959
 76       1856       1867       2148     11.7440ALPHA 1.0349 MaxIteration 16726  TIMEOUT 19.861426
 77       1859       1867       2143     19.8614ALPHA 1.0349 MaxIteration 17309  TIMEOUT 13.099305
 78       1856       1867       2101     13.0993ALPHA 1.0349 MaxIteration 17912  TIMEOUT 16.413460
 79       1853       1867       2108     16.4135ALPHA 1.0349 MaxIteration 18536  TIMEOUT 13.247859
 80       1848       1867       2147     13.2479ALPHA 1.0349 MaxIteration 19182  TIMEOUT 25.703849
 81       1842       1867       2085     25.7038       1937        1937      0.0200    573.5192
ALPHA 1.0349 MaxIteration 19850  TIMEOUT 4.709093
 82       1873       1873       2125      4.7091       1937        1937      0.0300    582.5392
ALPHA 1.0349 MaxIteration 20541  TIMEOUT 3.043248
 83       1848       1873       2115      3.0432       1937        1937      0.0000    588.3823
ALPHA 1.0349 MaxIteration 21257  TIMEOUT 4.449324
 84       1856       1873       2128      4.4493       1937        1937      0.0100    596.9192
ALPHA 1.0349 MaxIteration 21997  TIMEOUT 4.272621
 85       1850       1873       2119      4.2726       1937        1937      0.0200    605.1142
ALPHA 1.0349 MaxIteration 22763  TIMEOUT 4.645543
 86       1847       1873       2189      4.6455       1937        1937      0.0100    613.9992
ALPHA 1.0349 MaxIteration 23556  TIMEOUT 5.953294
 87       1859       1873       2144      5.9533       1937        1937      0.0100    625.3592
ALPHA 1.0349 MaxIteration 24377  TIMEOUT 6.779818
 88       1846       1873       2166      6.7798       1937        1937      0.0200    638.3592
ALPHA 1.0349 MaxIteration 25226  TIMEOUT 5.431969
 89       1863       1873       2145      5.4320       1937        1937      0.0000    648.7392
ALPHA 1.0349 MaxIteration 26105  TIMEOUT 4.280940
 90       1868       1873       2074      4.2809       1937        1937      0.0000    656.9492
ALPHA 1.0349 MaxIteration 27014  TIMEOUT 4.387000
 91       1850       1873       2154      4.3870       1937        1937      0.0300    665.3392
ALPHA 1.0349 MaxIteration 27955  TIMEOUT 4.150804
 92       1846       1873       2136      4.1508       1937        1937      0.0100    673.2892
ALPHA 1.0349 MaxIteration 28929  TIMEOUT 9.778077
 93       1831       1873       2132      9.7781       1937        1937      0.0100    691.9992
ALPHA 1.0349 MaxIteration 29937  TIMEOUT 5.452964
 94       1849       1873       2091      5.4530       1937        1937      0.0000    702.4392
ALPHA 1.0349 MaxIteration 30980  TIMEOUT 5.698937
 95       1847       1873       2098      5.6989       1937        1937      0.0100    713.3092
ALPHA 1.0349 MaxIteration 32059  TIMEOUT 6.908423
 96       1857       1873       2126      6.9084       1937        1937      0.0100    726.4892
ALPHA 1.0349 MaxIteration 33176  TIMEOUT 5.074578
 97       1852       1873       2173      5.0746       1937        1937      0.0600    736.1592
ALPHA 1.0349 MaxIteration 34332  TIMEOUT 5.240222
 98       1850       1873       2151      5.2402       1937        1937      0.0000    746.2292
ALPHA 1.0349 MaxIteration 35528  TIMEOUT 14.427136
 99       1860       1873       2127     14.4271       1937        1937      0.0100    773.8692
ALPHA 1.0349 MaxIteration 36766  TIMEOUT 6.605768
100       1856       1873       2113      6.6058       1937        1937      0.0200    786.5592
ALPHA 1.0349 MaxIteration 38047  TIMEOUT 6.093142
101       1857       1873       2140      6.0931       1937        1937      0.0100    798.2492
ALPHA 1.0349 MaxIteration 39373  TIMEOUT 12.367627
102       1848       1873       2138     12.3676       1937        1937      0.0200    821.8992
ALPHA 1.0349 MaxIteration 40745  TIMEOUT 9.897817
103       1845       1873       2089      9.8978       1937        1937      0.0100    840.8592
ALPHA 1.0349 MaxIteration 42165  TIMEOUT 7.472659
104       1853       1873       2121      7.4727       1937        1937      0.0500    855.1792
ALPHA 1.0349 MaxIteration 43634  TIMEOUT 13.645396
105       1862       1873       2073     13.6454       1937        1937      0.0100    881.3092
ALPHA 1.0349 MaxIteration 45155  TIMEOUT 7.026345
106       1846       1873       2102      7.0263       1937        1937      0.0900    894.7192
ALPHA 1.0349 MaxIteration 46729  TIMEOUT 7.220088
107       1848       1873       2057      7.2201       1937        1937      0.0100    908.4892
ALPHA 1.0349 MaxIteration 48357  TIMEOUT 7.906928
108       1865       1873       2140      7.9069       1937        1937      0.0200    923.6292
ALPHA 1.0349 MaxIteration 50042  TIMEOUT 12.474502
109       1869       1873       2087     12.4745       1937        1937      0.0100    947.5392
ALPHA 1.0349 MaxIteration 51786  TIMEOUT 13.388837
110       1842       1873       2065     13.3888       1937        1937      0.0200    973.1504
ALPHA 1.0349 MaxIteration 53591  TIMEOUT 9.273884
111       1840       1873       2100      9.2739       1937        1937      0.0100    990.8933
ALPHA 1.0349 MaxIteration 55459  TIMEOUT 13.234141
112       1863       1873       2092     13.2341       1937        1937      0.0200   1016.1692
ALPHA 1.0349 MaxIteration 57392  TIMEOUT 9.152096
113       1826       1873       2147      9.1521       1937        1937      0.0100   1033.6892
ALPHA 1.0349 MaxIteration 59392  TIMEOUT 9.754981
114       1826       1873       2135      9.7550       1937        1937      0.0200   1052.3192
ALPHA 1.0349 MaxIteration 61462  TIMEOUT 25.904461
115       1853       1873       2066     25.9045       1937        1937      0.0100   1101.7292
ALPHA 1.0349 MaxIteration 63604  TIMEOUT 12.270129
116       1858       1873       2104     12.2701       1937        1937      0.0100   1125.2192
ALPHA 1.0349 MaxIteration 65821  TIMEOUT 11.086255
117       1846       1873       2111     11.0863       1937        1937      0.0200   1146.4092
ALPHA 1.0349 MaxIteration 68115  TIMEOUT 11.185714
118       1853       1873       2097     11.1857       1937        1937      0.0200   1167.7292
ALPHA 1.0349 MaxIteration 70489  TIMEOUT 22.520083
119       1856       1873       2090     22.5201       1937        1937      0.0000   1210.8092
ALPHA 1.0349 MaxIteration 72946  TIMEOUT 22.647409
120       1844       1873       2127     22.6474       1937        1937      0.0500   1254.1492
ALPHA 1.0349 MaxIteration 75488  TIMEOUT 17.204234
121       1857       1873       2078     17.2042       1937        1937      0.0000   1286.9892
ALPHA 1.0349 MaxIteration 78119  TIMEOUT 12.609158
122       1836       1873       2118     12.6092       1937        1937      0.0200   1311.0892
ALPHA 1.0349 MaxIteration 80842  TIMEOUT 12.709158
123       1815       1873       2167     12.7092       1937        1937      0.0100   1335.4192
ALPHA 1.0349 MaxIteration 83660  TIMEOUT 15.469462
124       1831       1873       2096     15.4695       1937        1937      0.0100   1364.9992
ALPHA 1.0349 MaxIteration 86576  TIMEOUT 51.720187
125       1846       1873       2059     51.7202       1937        1937      0.0000   1463.8592
ALPHA 1.0349 MaxIteration 89593  TIMEOUT 16.785689
126       1840       1873       2097     16.7857       1937        1937      0.0200   1495.8992
ALPHA 1.0349 MaxIteration 92716  TIMEOUT 14.792934
127       1829       1873       2081     14.7929       1937        1937      0.0100   1524.1092
ALPHA 1.0349 MaxIteration 95947  TIMEOUT 26.350369
128       1837       1873       2080     26.3504       1937        1937      0.0000   1574.4392
ALPHA 1.0349 MaxIteration 99291  TIMEOUT 17.464278
129       1831       1873       2095     17.4643       1937        1937      0.0100   1607.7792
ALPHA 1.0349 MaxIteration 102752  TIMEOUT 16.200821
130       1830       1873       2125     16.2008       1937        1937      0.0100   1638.7392
ALPHA 1.0349 MaxIteration 106333  TIMEOUT 28.232071
131       1833       1873       2121     28.2321       1937        1937      0.0200   1692.7592
ALPHA 1.0349 MaxIteration 110039  TIMEOUT 17.891281
132       1834       1873       2091     17.8913       1937        1937      0.0000   1726.9792
ALPHA 1.0349 MaxIteration 113874  TIMEOUT 26.522097
133       1829       1873       2133     26.5221       1937        1937      0.0100   1777.6292
ALPHA 1.0349 MaxIteration 117843  TIMEOUT 23.605367
134       1817       1873       2142     23.6054       1937        1937      0.0100   1822.7192
ALPHA 1.0349 MaxIteration 121950  TIMEOUT 19.683888
135       1820       1873       2126     19.6839       1937        1937      0.0000   1860.3583
ALPHA 1.0349 MaxIteration 126200  TIMEOUT 20.478567
136       1836       1873       2100     20.4786       1937        1937      0.0300   1899.5092
ALPHA 1.0349 MaxIteration 130599  TIMEOUT 20.010588
137       1826       1873       2113     20.0106       1937        1937      0.0000   1937.7292
ALPHA 1.0349 MaxIteration 135151  TIMEOUT 21.435783
138       1837       1873       2121     21.4358       1937        1937      0.0300   1978.6592
ALPHA 1.0349 MaxIteration 139862  TIMEOUT 21.662078
139       1822       1873       2102     21.6621       1937        1937      0.0200   2020.0192
ALPHA 1.0349 MaxIteration 144737  TIMEOUT 31.310055
140       1834       1873       2142     31.3101       1937        1937      0.0100   2079.7992
ALPHA 1.0349 MaxIteration 149782  TIMEOUT 24.077469
141       1834       1873       2133     24.0775       1937        1937      0.0100   2125.8392
ALPHA 1.0349 MaxIteration 155003  TIMEOUT 26.395539
142       1824       1873       2089     26.3955       1937        1937      0.0300   2176.1792
ALPHA 1.0349 MaxIteration 160406  TIMEOUT 37.024142
143       1815       1873       2127     37.0241       1937        1937      0.0200   2246.8392
ALPHA 1.0349 MaxIteration 165997  TIMEOUT 28.124633
144       1803       1873       2164     28.1246       1937        1937      0.0000   2300.4092
ALPHA 1.0349 MaxIteration 171783  TIMEOUT 30.136204
145       1822       1873       2099     30.1362       1937        1937      0.0100   2357.8892
ALPHA 1.0349 MaxIteration 177771  TIMEOUT 32.574682
146       1824       1873       2099     32.5747       1937        1937      0.0000   2420.0393
ALPHA 1.0349 MaxIteration 183967  TIMEOUT 45.811613
147       1824       1873       2108     45.8116       1937        1937      0.0200   2507.5192
ALPHA 1.0349 MaxIteration 190379  TIMEOUT 31.613784
148       1821       1873       2099     31.6138       1937        1937      0.0200   2567.8892
ALPHA 1.0349 MaxIteration 197015  TIMEOUT 38.640137
149       1820       1873       2110     38.6401       1937        1937      0.0000   2641.7192
ALPHA 1.0349 MaxIteration 203882  TIMEOUT 44.132158
150       1824       1873       2113     44.1322       1937        1937      0.0000   2725.9092
ALPHA 1.0349 MaxIteration 210988  TIMEOUT 47.485333
151       1829       1873       2133     47.4853       1937        1937      0.0100   2816.5092
ALPHA 1.0349 MaxIteration 218342  TIMEOUT 55.800275
152       1825       1873       2135     55.8003       1937        1937      0.0100   2923.1092
ALPHA 1.0349 MaxIteration 225953  TIMEOUT 54.007618
153       1821       1873       2147     54.0076       1937        1937      0.0200   3026.3392
ALPHA 1.0349 MaxIteration 233829  TIMEOUT 38.710723
154       1815       1873       2141     38.7107       1937        1937      0.0100   3100.2692
ALPHA 1.0349 MaxIteration 241979  TIMEOUT 48.063958
155       1821       1873       2129     48.0640       1937        1937      0.0100   3192.0292
ALPHA 1.0349 MaxIteration 250413  TIMEOUT 51.177309
156       1830       1873       2096     51.1773>>> T1_200_250_7.wclq |V| 200 |E| 250  (#LB 0.0218 1833 ---> 1873  0.0342  1937 <--- 2011  0.0368 #UB)  #solve_ime 3243.2065 read_time 0.0008 
