>>IBM: |V|=1000 |E|=1000
>>IBM: The maximum node weight is 49
/public/home/acs4vb4pqv/benchmarks/MWDS2026/T1_wclq/T1_1000_1000_2.wclq #seed 102 #alpha 1.900 #timeout 0.100 K=5 RHO=0.05 Q0=0.90 BETA=3.5 AQ_MODE=guarded SAFE_AQ_MIN_GAP=0.050 SAFE_AQ_MIN_NODES=800 AQ_SLOPE_MARGIN=1.05 AQ_MAX_UB_DRIFT=0.25
[v19] |V|=1000 |E|=1000 density=1.00 USE_ADVANCED=1
#Rd        #LB        #LB*       #UB       #Time        #UB+        #UB*      #Time      #TotalTime
First Gap  0.114525
ALPHA 1.9000 MaxIteration 500  TIMEOUT 0.234073
  1      10251      10251      11425      0.2341
 [AQ bandit arm] arm=2 gap=0.1145 density=1.00 |V|=1000

 [Tier-2 Medium] gap=0.1145 density=1.00 |V|=1000 => Standard RL (K=5, 15%)
ALPHA 1.9000 MaxIteration 3  TIMEOUT 0.184497
  2      10095      10251      12301      0.1845ALPHA 1.8304 MaxIteration 5  TIMEOUT 0.233184
  3      10061      10251      12101      0.2332 [AQ guard] no early LB gain, disabling AQ
      10809       10809      0.1300      0.8788
ALPHA 1.7658 MaxIteration 9  TIMEOUT 0.005668
  4      10048      10251      11769      0.0057      11023       10809      0.0000      0.8888
ALPHA 1.7056 MaxIteration 15  TIMEOUT 0.009834
  5      10104      10251      11741      0.0098      11477       10809      0.0000      0.8988
ALPHA 1.6493 MaxIteration 25  TIMEOUT 0.044765
  6      10131      10251      11634      0.0448      10831       10809      0.0400      0.9888
ALPHA 1.5966 MaxIteration 41  TIMEOUT 0.030353
  7      10035      10251      11991      0.0304      10821       10809      0.0300      1.0588
ALPHA 1.5472 MaxIteration 65  TIMEOUT 0.033420
  8       9989      10251      11994      0.0334      10815       10809      0.0200      1.1288
ALPHA 1.5008 MaxIteration 100  TIMEOUT 0.065064
  9       9993      10251      12042      0.0651      10809       10809      0.0200      1.2588
ALPHA 1.4571 MaxIteration 150  TIMEOUT 0.093604
 10       9967      10251      12043      0.0936      10816       10809      0.0900      1.4388
ALPHA 1.4158 MaxIteration 218  TIMEOUT 0.160765
 11       9982      10251      12031      0.1608      10809       10809      0.1300      1.7588
ALPHA 1.3768 MaxIteration 308  TIMEOUT 0.213685
 12       9984      10251      12054      0.2137      10792       10792      0.0600      2.1688
ALPHA 1.3399 MaxIteration 424  TIMEOUT 0.170715
 13       9947      10251      12043      0.1707      10809       10792      0.0800      2.5088
ALPHA 1.3049 MaxIteration 568  TIMEOUT 0.399344
 14       9983      10251      12007      0.3993      10809       10792      0.1400      3.2688
ALPHA 1.2718 MaxIteration 741  TIMEOUT 0.261114
 15       9957      10251      12047      0.2611      10807       10792      0.1800      3.7688
ALPHA 1.2402 MaxIteration 942  TIMEOUT 0.832638
 16       9975      10251      12005      0.8326      10785       10785      0.2200      5.3888
ALPHA 1.2102 MaxIteration 1168  TIMEOUT 0.411512
 17       9944      10251      12025      0.4115      10805       10785      0.1800      6.1888
ALPHA 1.1816 MaxIteration 1413  TIMEOUT 0.584788
 18       9946      10251      12035      0.5848      10805       10785      0.2800      7.3088
ALPHA 1.1543 MaxIteration 1669  TIMEOUT 0.501033
 19       9924      10251      12036      0.5010      10809       10785      0.4900      8.2888
ALPHA 1.1283 MaxIteration 1926  TIMEOUT 0.795127
 20       9929      10251      12013      0.7951
 [LB Done] stag=17 elapsed=45.4% => 10.9s to UB
      10786       10785      3.4200     19.1688
>>> T1_1000_1000_2.wclq |V| 1000 |E| 1000  (#LB 0.0000 10251 ---> 10251  0.0521  10785 <--- 11425  0.0560 #UB)  #solve_ime 19.1688 read_time 0.0012 
