>>IBM: |V|=1000 |E|=52120
>>IBM: The maximum node weight is 100
/public/home/acs4vb4pqv/benchmarks/MWDS2026/UDG_wclq/UDG_1000_200_8.wclq #seed 3 #alpha 1.900 #timeout 0.100 K=5 RHO=0.05 Q0=0.90 BETA=3.5 AQ_MODE=guarded SAFE_AQ_MIN_GAP=0.050 SAFE_AQ_MIN_NODES=800 AQ_SLOPE_MARGIN=1.05 AQ_MAX_UB_DRIFT=0.25
[v19] |V|=1000 |E|=52120 density=52.12 USE_ADVANCED=1
#Rd        #LB        #LB*       #UB       #Time        #UB+        #UB*      #Time      #TotalTime
First Gap  0.078947
ALPHA 1.9000 MaxIteration 500  TIMEOUT 0.331818
  1         38         38         41      0.3318
 [AQ bandit arm] arm=3 gap=0.0789 density=52.12 |V|=1000

 [Tier-3 Hard] gap=0.0789 density=52.12 |V|=1000 => Heavy RL (K=8, 25%)
ALPHA 1.9000 MaxIteration 3  TIMEOUT 0.020361
  2         36         38         43      0.0204ALPHA 1.8304 MaxIteration 5  TIMEOUT 0.029201
  3         36         38         42      0.0292 [AQ guard] no early LB gain, disabling AQ
         41          41      0.0000      0.4065
ALPHA 1.7658 MaxIteration 9  TIMEOUT 0.009471
  4         37         38         41      0.0095         41          41      0.0000      0.4265
ALPHA 1.7056 MaxIteration 15  TIMEOUT 0.012294
  5         37         38         41      0.0123         41          41      0.0000      0.4564
ALPHA 1.6493 MaxIteration 25  TIMEOUT 0.027641
  6         38         38         41      0.0276         41          41      0.0000      0.5063
ALPHA 1.5966 MaxIteration 41  TIMEOUT 0.039808
  7         37         38         41      0.0398         41          41      0.0000      0.5864
ALPHA 1.5472 MaxIteration 65  TIMEOUT 0.102556
  8         37         38         41      0.1026         41          41      0.0000      0.7964
ALPHA 1.5008 MaxIteration 100  TIMEOUT 0.107718
  9         35         38         41      0.1077         41          41      0.0000      1.0063
ALPHA 1.4571 MaxIteration 150  TIMEOUT 0.185158
 10         36         38         41      0.1852         41          41      0.0000      1.3764
ALPHA 1.4158 MaxIteration 218  TIMEOUT 0.282895
 11         35         38         41      0.2829         41          41      0.0000      1.9464
ALPHA 1.3768 MaxIteration 308  TIMEOUT 0.483293
 12         35         38         41      0.4833         41          41      0.0000      2.9166
ALPHA 1.3399 MaxIteration 424  TIMEOUT 0.665269
 13         35         38         41      0.6653         41          41      0.0000      4.2463
ALPHA 1.3049 MaxIteration 568  TIMEOUT 0.810556
 14         35         38         41      0.8106         41          41      0.0000      5.8763
ALPHA 1.2718 MaxIteration 741  TIMEOUT 1.135907
 15         35         38         41      1.1359         41          41      0.0000      8.1464
ALPHA 1.2402 MaxIteration 942  TIMEOUT 0.673773
 16         31         38         41      0.6738
 [LB Done] stag=13 elapsed=44.1% => 11.2s to UB
         41          41      0.0000     19.9763
>>> UDG_1000_200_8.wclq |V| 1000 |E| 52120  (#LB 0.0000 38 ---> 38  0.0789  41 <--- 41  0.0000 #UB)  #solve_ime 19.9764 read_time 0.0137 
