>>IBM: |V|=100 |E|=100
>>IBM: The maximum node weight is 49
/public/home/acs4vb4pqv/benchmarks/MWDS2026/T1_wclq/T1_100_100_2.wclq #seed 2 #alpha 1.900 #timeout 0.100 K=5 RHO=0.05 Q0=0.90 BETA=3.5 AQ_MODE=dbs SAFE_AQ_MIN_GAP=0.050 SAFE_AQ_MIN_NODES=800 AQ_SLOPE_MARGIN=1.05 AQ_MAX_UB_DRIFT=0.25
[v19] |V|=100 |E|=100 density=1.00 USE_ADVANCED=0
#Rd        #LB        #LB*       #UB       #Time        #UB+        #UB*      #Time      #TotalTime
First Gap  0.036204
ALPHA 1.9000 MaxIteration 500  TIMEOUT 0.009543
  1       1022       1022       1059      0.0095       1039        1039      0.0000      0.0191
ALPHA 1.9000 MaxIteration 3  TIMEOUT 0.000094
  2        984       1022       1139      0.0001       1039        1039      0.0000      0.0291
ALPHA 1.8304 MaxIteration 5  TIMEOUT 0.000082
  3        966       1022       1143      0.0001       1039        1039      0.0000      0.0391
ALPHA 1.7658 MaxIteration 9  TIMEOUT 0.000109
  4        966       1022       1143      0.0001       1039        1039      0.0000      0.0491
ALPHA 1.7056 MaxIteration 15  TIMEOUT 0.000154
  5        966       1022       1143      0.0002       1039        1039      0.0000      0.0591
ALPHA 1.6493 MaxIteration 25  TIMEOUT 0.000237
  6        966       1022       1143      0.0002       1039        1039      0.0000      0.0691
ALPHA 1.5966 MaxIteration 41  TIMEOUT 0.000371
  7        966       1022       1143      0.0004       1039        1039      0.0000      0.0791
ALPHA 1.5472 MaxIteration 65  TIMEOUT 0.000542
  8        966       1022       1143      0.0005       1039        1039      0.0000      0.0813
ALPHA 1.5008 MaxIteration 100  TIMEOUT 0.000809
  9        966       1022       1143      0.0008       1039        1039      0.0000      0.0891
ALPHA 1.4571 MaxIteration 150  TIMEOUT 0.001239
 10        966       1022       1143      0.0012       1039        1039      0.0000      0.0991
ALPHA 1.4158 MaxIteration 218  TIMEOUT 0.001761
 11        966       1022       1143      0.0018       1039        1039      0.0000      0.1091
ALPHA 1.3768 MaxIteration 308  TIMEOUT 0.002478
 12        966       1022       1143      0.0025       1039        1039      0.0000      0.1191
ALPHA 1.3399 MaxIteration 424  TIMEOUT 0.002426
 13        966       1022       1143      0.0024       1039        1039      0.0000      0.1291
ALPHA 1.3049 MaxIteration 568  TIMEOUT 0.004544
 14        966       1022       1143      0.0045       1039        1039      0.0000      0.1391
ALPHA 1.2718 MaxIteration 741  TIMEOUT 0.004159
 15        966       1022       1143      0.0042       1039        1039      0.0000      0.1491
ALPHA 1.2402 MaxIteration 942  TIMEOUT 0.007457
 16        966       1022       1143      0.0075       1039        1039      0.0000      0.1591
ALPHA 1.2102 MaxIteration 1168  TIMEOUT 0.009386
 17        966       1022       1143      0.0094       1054        1039      0.0000      0.1691
ALPHA 1.1816 MaxIteration 1413  TIMEOUT 0.011030
 18        966       1022       1143      0.0110       1039        1039      0.0000      0.1893
ALPHA 1.1543 MaxIteration 1669  TIMEOUT 0.012095
 19        966       1022       1143      0.0121       1039        1039      0.0000      0.2191
ALPHA 1.1283 MaxIteration 1926  TIMEOUT 0.013216
 20        966       1022       1143      0.0132       1039        1039      0.0000      0.2473
ALPHA 1.1034 MaxIteration 2173  TIMEOUT 0.016272
 21        966       1022       1143      0.0163       1039        1039      0.0000      0.2791
ALPHA 1.0795 MaxIteration 2397  TIMEOUT 0.018893
 22        966       1022       1143      0.0189       1039        1039      0.0000      0.3091
ALPHA 1.0567 MaxIteration 2587  TIMEOUT 0.018264
 23        966       1022       1143      0.0183       1039        1039      0.0000      0.3343
ALPHA 1.0349 MaxIteration 2733  TIMEOUT 0.020564
 24        966       1022       1143      0.0206       1039        1039      0.0000      0.3791
ALPHA 1.0349 MaxIteration 2828  TIMEOUT 0.022486
 25        966       1022       1143      0.0225       1039        1039      0.0000      0.4291
ALPHA 1.0349 MaxIteration 2926  TIMEOUT 0.023225
 26        966       1022       1143      0.0232       1039        1039      0.0000      0.4762
ALPHA 1.0349 MaxIteration 3027  TIMEOUT 0.023933
 27        966       1022       1143      0.0239       1039        1039      0.0000      0.5291
ALPHA 1.0349 MaxIteration 3132  TIMEOUT 0.024714
 28        966       1022       1143      0.0247       1039        1039      0.0000      0.5691
ALPHA 1.0349 MaxIteration 3241  TIMEOUT 0.023459
 29        966       1022       1143      0.0235       1039        1039      0.0000      0.6191
ALPHA 1.0349 MaxIteration 3353  TIMEOUT 0.025280
 30        966       1022       1143      0.0253       1039        1039      0.0000      0.6691
ALPHA 1.0349 MaxIteration 3469  TIMEOUT 0.027112
 31        966       1022       1143      0.0271       1039        1039      0.0000      0.7191
ALPHA 1.0349 MaxIteration 3589  TIMEOUT 0.026936
 32        966       1022       1143      0.0269       1039        1039      0.0000      0.7691
ALPHA 1.0349 MaxIteration 3714  TIMEOUT 0.027964
 33        966       1022       1143      0.0280       1039        1039      0.0000      0.8091
ALPHA 1.0349 MaxIteration 3843  TIMEOUT 0.029968
 34        966       1022       1143      0.0300       1039        1039      0.0100      0.8591
ALPHA 1.0349 MaxIteration 3976  TIMEOUT 0.029182
 35        966       1022       1143      0.0292       1039        1039      0.0100      0.9091
ALPHA 1.0349 MaxIteration 4114  TIMEOUT 0.031045
 36        966       1022       1143      0.0310       1039        1039      0.0000      0.9791
ALPHA 1.0349 MaxIteration 4257  TIMEOUT 0.033373
 37        966       1022       1143      0.0334       1039        1039      0.0000      1.0391
ALPHA 1.0349 MaxIteration 4405  TIMEOUT 0.033637
 38        966       1022       1143      0.0336       1039        1039      0.0000      1.1052
ALPHA 1.0349 MaxIteration 4558  TIMEOUT 0.032099
 39        966       1022       1143      0.0321       1039        1039      0.0000      1.1691
ALPHA 1.0349 MaxIteration 4716  TIMEOUT 0.036000
 40        966       1022       1143      0.0360       1039        1039      0.0000      1.2291
ALPHA 1.0349 MaxIteration 4880  TIMEOUT 0.037677
 41        966       1022       1143      0.0377       1039        1039      0.0000      1.2991
ALPHA 1.0349 MaxIteration 5050  TIMEOUT 0.039727
 42        966       1022       1143      0.0397       1039        1039      0.0100      1.3691
ALPHA 1.0349 MaxIteration 5226  TIMEOUT 0.041200
 43        966       1022       1143      0.0412       1039        1039      0.0000      1.4491
ALPHA 1.0349 MaxIteration 5408  TIMEOUT 0.041450
 44        966       1022       1143      0.0414       1039        1039      0.0000      1.5291
ALPHA 1.0349 MaxIteration 5596  TIMEOUT 0.042312
 45        966       1022       1143      0.0423       1039        1039      0.0000      1.6191
ALPHA 1.0349 MaxIteration 5791  TIMEOUT 0.044596
 46        966       1022       1143      0.0446       1039        1039      0.0000      1.7091
ALPHA 1.0349 MaxIteration 5992  TIMEOUT 0.045267
 47        966       1022       1143      0.0453       1039        1039      0.0000      1.7891
ALPHA 1.0349 MaxIteration 6200  TIMEOUT 0.043789
 48        966       1022       1143      0.0438       1039        1039      0.0000      1.8691
ALPHA 1.0349 MaxIteration 6416  TIMEOUT 0.049647
 49        966       1022       1143      0.0496       1039        1039      0.0100      1.9591
ALPHA 1.0349 MaxIteration 6639  TIMEOUT 0.052032
 50        966       1022       1143      0.0520       1039        1039      0.0000      2.0591
ALPHA 1.0349 MaxIteration 6870  TIMEOUT 0.053176
 51        966       1022       1143      0.0532       1039        1039      0.0000      2.1591
ALPHA 1.0349 MaxIteration 7109  TIMEOUT 0.054428
 52        966       1022       1143      0.0544       1039        1039      0.0000      2.2591
ALPHA 1.0349 MaxIteration 7356  TIMEOUT 0.053814
 53        966       1022       1143      0.0538       1039        1039      0.0000      2.3591
ALPHA 1.0349 MaxIteration 7612  TIMEOUT 0.058116
 54        966       1022       1143      0.0581       1039        1039      0.0000      2.4591
ALPHA 1.0349 MaxIteration 7877  TIMEOUT 0.060786
 55        966       1022       1143      0.0608       1039        1039      0.0000      2.5871
ALPHA 1.0349 MaxIteration 8151  TIMEOUT 0.063112
 56        966       1022       1143      0.0631       1039        1039      0.0000      2.7091
ALPHA 1.0349 MaxIteration 8435  TIMEOUT 0.065431
 57        966       1022       1143      0.0654       1039        1039      0.0000      2.8291
ALPHA 1.0349 MaxIteration 8729  TIMEOUT 0.065576
 58        966       1022       1143      0.0656       1039        1039      0.0000      2.9491
ALPHA 1.0349 MaxIteration 9033  TIMEOUT 0.065771
 59        966       1022       1143      0.0658       1039        1039      0.0000      3.0691
ALPHA 1.0349 MaxIteration 9347  TIMEOUT 0.072000
 60        966       1022       1143      0.0720       1039        1039      0.0000      3.2091
ALPHA 1.0349 MaxIteration 9672  TIMEOUT 0.076200
 61        966       1022       1143      0.0762       1039        1039      0.0000      3.3491
ALPHA 1.0349 MaxIteration 10009  TIMEOUT 0.077250
 62        966       1022       1143      0.0772       1039        1039      0.0000      3.4891
ALPHA 1.0349 MaxIteration 10357  TIMEOUT 0.079997
 63        966       1022       1143      0.0800       1039        1039      0.0000      3.6391
ALPHA 1.0349 MaxIteration 10718  TIMEOUT 0.080861
 64        966       1022       1143      0.0809       1039        1039      0.0000      3.7991
ALPHA 1.0349 MaxIteration 11091  TIMEOUT 0.086284
 65        966       1022       1143      0.0863       1039        1039      0.0000      3.9591
ALPHA 1.0349 MaxIteration 11477  TIMEOUT 0.086806
 66        966       1022       1143      0.0868       1039        1039      0.0000      4.1191
ALPHA 1.0349 MaxIteration 11877  TIMEOUT 0.089058
 67        966       1022       1143      0.0891       1039        1039      0.0100      4.2791
ALPHA 1.0349 MaxIteration 12291  TIMEOUT 0.095349
 68        966       1022       1143      0.0953       1039        1039      0.0000      4.4491
ALPHA 1.0349 MaxIteration 12719  TIMEOUT 0.098300
 69        966       1022       1143      0.0983       1039        1039      0.0000      4.6291
ALPHA 1.0349 MaxIteration 13162  TIMEOUT 0.098132
 70        966       1022       1143      0.0981       1039        1039      0.0000      4.8011
ALPHA 1.0349 MaxIteration 13620  TIMEOUT 0.104342
 71        966       1022       1143      0.1043       1039        1039      0.0000      4.9891
ALPHA 1.0349 MaxIteration 14094  TIMEOUT 0.107264
 72        966       1022       1143      0.1073       1039        1039      0.0000      5.1791
ALPHA 1.0349 MaxIteration 14585  TIMEOUT 0.114372
 73        966       1022       1143      0.1144       1039        1039      0.0000      5.3970
ALPHA 1.0349 MaxIteration 15093  TIMEOUT 0.112944
 74        966       1022       1143      0.1129       1039        1039      0.0000      5.6120
ALPHA 1.0349 MaxIteration 15619  TIMEOUT 0.119928
 75        966       1022       1143      0.1199       1039        1039      0.0000      5.8291
ALPHA 1.0349 MaxIteration 16163  TIMEOUT 0.122286
 76        966       1022       1143      0.1223       1039        1039      0.0000      6.0550
ALPHA 1.0349 MaxIteration 16726  TIMEOUT 0.129126
 77        966       1022       1143      0.1291       1039        1039      0.0000      6.2891
ALPHA 1.0349 MaxIteration 17309  TIMEOUT 0.133561
 78        966       1022       1143      0.1336       1039        1039      0.0000      6.5310
ALPHA 1.0349 MaxIteration 17912  TIMEOUT 0.134767
 79        966       1022       1143      0.1348       1039        1039      0.0000      6.7791
ALPHA 1.0349 MaxIteration 18536  TIMEOUT 0.139489
 80        966       1022       1143      0.1395       1039        1039      0.0100      7.0291
ALPHA 1.0349 MaxIteration 19182  TIMEOUT 0.147306
 81        966       1022       1143      0.1473       1039        1039      0.0000      7.2991
ALPHA 1.0349 MaxIteration 19850  TIMEOUT 0.150380
 82        966       1022       1143      0.1504       1039        1039      0.0000      7.5891
ALPHA 1.0349 MaxIteration 20541  TIMEOUT 0.152705
 83        966       1022       1143      0.1527       1039        1039      0.0000      7.8759
ALPHA 1.0349 MaxIteration 21257  TIMEOUT 0.168244
 84        966       1022       1143      0.1682       1039        1039      0.0000      8.1791
ALPHA 1.0349 MaxIteration 21997  TIMEOUT 0.187133
 85        966       1022       1143      0.1871       1039        1039      0.0000      8.5091
ALPHA 1.0349 MaxIteration 22763  TIMEOUT 0.200052
 86        966       1022       1143      0.2001       1039        1039      0.0000      8.8791
ALPHA 1.0349 MaxIteration 23556  TIMEOUT 0.203802
 87        966       1022       1143      0.2038       1039        1039      0.0000      9.2529
ALPHA 1.0349 MaxIteration 24377  TIMEOUT 0.202051
 88        966       1022       1143      0.2021       1039        1039      0.0000      9.6291
ALPHA 1.0349 MaxIteration 25226  TIMEOUT 0.210651
 89        966       1022       1143      0.2107       1039        1039      0.0000     10.0291
ALPHA 1.0349 MaxIteration 26105  TIMEOUT 0.216879
 90        966       1022       1143      0.2169       1039        1039      0.0000     10.4279
ALPHA 1.0349 MaxIteration 27014  TIMEOUT 0.222293
 91        966       1022       1143      0.2223       1039        1039      0.0000     10.8308
ALPHA 1.0349 MaxIteration 27955  TIMEOUT 0.195714
 92        966       1022       1143      0.1957       1039        1039      0.0000     11.1891
ALPHA 1.0349 MaxIteration 28929  TIMEOUT 0.246366
 93        966       1022       1143      0.2464       1039        1039      0.0000     11.6491
ALPHA 1.0349 MaxIteration 29937  TIMEOUT 0.258426
 94        966       1022       1143      0.2584       1039        1039      0.0000     12.1191
ALPHA 1.0349 MaxIteration 30980  TIMEOUT 0.254072
 95        966       1022       1143      0.2541       1039        1039      0.0000     12.5798
ALPHA 1.0349 MaxIteration 32059  TIMEOUT 0.265854
 96        966       1022       1143      0.2659       1039        1039      0.0000     13.0691
ALPHA 1.0349 MaxIteration 33176  TIMEOUT 0.275605
 97        966       1022       1143      0.2756       1039        1039      0.0000     13.5791
ALPHA 1.0349 MaxIteration 34332  TIMEOUT 0.285316
 98        966       1022       1143      0.2853       1039        1039      0.0000     14.1091
ALPHA 1.0349 MaxIteration 35528  TIMEOUT 0.286575
 99        966       1022       1143      0.2866       1039        1039      0.0000     14.6391
ALPHA 1.0349 MaxIteration 36766  TIMEOUT 0.287738
100        966       1022       1143      0.2877       1039        1039      0.0000     15.1687
ALPHA 1.0349 MaxIteration 38047  TIMEOUT 0.300064
101        966       1022       1143      0.3001       1039        1039      0.0100     15.7167
ALPHA 1.0349 MaxIteration 39373  TIMEOUT 0.304722
102        966       1022       1143      0.3047       1039        1039      0.0000     16.2791
ALPHA 1.0349 MaxIteration 40745  TIMEOUT 0.318861
103        966       1022       1143      0.3189       1039        1039      0.0100     16.8691
ALPHA 1.0349 MaxIteration 42165  TIMEOUT 0.348885
104        966       1022       1143      0.3489       1039        1039      0.0100     17.5107
ALPHA 1.0349 MaxIteration 43634  TIMEOUT 0.361043
105        966       1022       1143      0.3610       1039        1039      0.0000     18.1791
ALPHA 1.0349 MaxIteration 45155  TIMEOUT 0.337988
106        966       1022       1143      0.3380       1039        1039      0.0000     18.8091
ALPHA 1.0349 MaxIteration 46729  TIMEOUT 0.391456
107        966       1022       1143      0.3915       1039        1039      0.0000     19.5491
ALPHA 1.0349 MaxIteration 48357  TIMEOUT 0.404507
108        966       1022       1143      0.4045       1039        1039      0.0000     19.9991
ALPHA 1.0349 MaxIteration 50042  TIMEOUT 0.000902
109        966       1022       1143      0.0009>>> T1_100_100_2.wclq |V| 100 |E| 100  (#LB 0.0000 1022 ---> 1022  0.0166  1039 <--- 1059  0.0189 #UB)  #solve_ime 20.0000 read_time 0.0009 
