>>IBM: |V|=1000 |E|=52120
>>IBM: The maximum node weight is 100
/public/home/acs4vb4pqv/benchmarks/MWDS2026/UDG_wclq/UDG_1000_200_8.wclq #seed 102 #alpha 1.900 #timeout 0.100 K=5 RHO=0.05 Q0=0.90 BETA=3.5 AQ_MODE=dbs SAFE_AQ_MIN_GAP=0.050 SAFE_AQ_MIN_NODES=800 AQ_SLOPE_MARGIN=1.05 AQ_MAX_UB_DRIFT=0.25
[v19] |V|=1000 |E|=52120 density=52.12 USE_ADVANCED=1
#Rd        #LB        #LB*       #UB       #Time        #UB+        #UB*      #Time      #TotalTime
First Gap  0.078947
ALPHA 1.9000 MaxIteration 500  TIMEOUT 0.332086
  1         38         38         41      0.3321         41          41      0.0000      0.6655
ALPHA 1.9000 MaxIteration 3  TIMEOUT 0.006574
  2         38         38         41      0.0066         41          41      0.0000      0.6754
ALPHA 1.8304 MaxIteration 5  TIMEOUT 0.006852
  3         37         38         41      0.0069         41          41      0.0000      0.6855
ALPHA 1.7658 MaxIteration 9  TIMEOUT 0.007628
  4         36         38         41      0.0076         41          41      0.0000      0.6954
ALPHA 1.7056 MaxIteration 15  TIMEOUT 0.026789
  5         37         38         41      0.0268         41          41      0.0000      0.7455
ALPHA 1.6493 MaxIteration 25  TIMEOUT 0.028069
  6         36         38         41      0.0281         41          41      0.0000      0.7954
ALPHA 1.5966 MaxIteration 41  TIMEOUT 0.082859
  7         36         38         41      0.0829         41          41      0.0000      0.9654
ALPHA 1.5472 MaxIteration 65  TIMEOUT 0.084557
  8         35         38         41      0.0846         41          41      0.0000      1.1354
ALPHA 1.5008 MaxIteration 100  TIMEOUT 0.137344
  9         33         38         41      0.1373         41          41      0.0000      1.4055
ALPHA 1.4571 MaxIteration 150  TIMEOUT 0.111205
 10         31         38         41      0.1112         41          41      0.0000      1.6354
ALPHA 1.4158 MaxIteration 218  TIMEOUT 0.155781
 11         31         38         41      0.1558         41          41      0.0000      1.9454
ALPHA 1.3768 MaxIteration 308  TIMEOUT 0.207208
 12         31         38         41      0.2072         41          41      0.0000      2.3555
ALPHA 1.3399 MaxIteration 424  TIMEOUT 0.311173
 13         31         38         41      0.3112         41          41      0.0000      2.9854
ALPHA 1.3049 MaxIteration 568  TIMEOUT 0.413680
 14         31         38         41      0.4137         41          41      0.0000      3.8154
ALPHA 1.2718 MaxIteration 741  TIMEOUT 0.537243
 15         31         38         41      0.5372         41          41      0.0000      4.8854
ALPHA 1.2402 MaxIteration 942  TIMEOUT 0.619396
 16         31         38         41      0.6194         41          41      0.0000      6.1254
ALPHA 1.2102 MaxIteration 1168  TIMEOUT 0.792767
 17         31         38         41      0.7928         41          41      0.0000      7.7154
ALPHA 1.1816 MaxIteration 1413  TIMEOUT 0.940159
 18         31         38         41      0.9402
 [LB Done] stag=17 elapsed=43.3% => 11.3s to UB
         41          41      0.0000     19.9853
>>> UDG_1000_200_8.wclq |V| 1000 |E| 52120  (#LB 0.0000 38 ---> 38  0.0789  41 <--- 41  0.0000 #UB)  #solve_ime 19.9854 read_time 0.0147 
