>>IBM: |V|=200 |E|=250
>>IBM: The maximum node weight is 49
/public/home/acs4vb4pqv/benchmarks/MWDS2026/T1_wclq/T1_200_250_7.wclq #seed 1 #alpha 1.900 #timeout 0.100 K=5 RHO=0.05 Q0=0.90 BETA=3.5 AQ_MODE=dbs SAFE_AQ_MIN_GAP=0.050 SAFE_AQ_MIN_NODES=800 AQ_SLOPE_MARGIN=1.05 AQ_MAX_UB_DRIFT=0.25
[v19] |V|=200 |E|=250 density=1.25 USE_ADVANCED=0
#Rd        #LB        #LB*       #UB       #Time        #UB+        #UB*      #Time      #TotalTime
First Gap  0.097109
ALPHA 1.9000 MaxIteration 500  TIMEOUT 0.036017
  1       1833       1833       2011      0.0360       1937        1937      0.0200      0.0700
ALPHA 1.9000 MaxIteration 3  TIMEOUT 0.000546
  2       1797       1833       2156      0.0005       1937        1937      0.0000      0.0800
ALPHA 1.8304 MaxIteration 5  TIMEOUT 0.000779
  3       1764       1833       2145      0.0008       1937        1937      0.0000      0.0900
ALPHA 1.7658 MaxIteration 9  TIMEOUT 0.000628
  4       1708       1833       2145      0.0006       1940        1937      0.0000      0.1000
ALPHA 1.7056 MaxIteration 15  TIMEOUT 0.002433
  5       1723       1833       2164      0.0024       1940        1937      0.0000      0.1100
ALPHA 1.6493 MaxIteration 25  TIMEOUT 0.003350
  6       1721       1833       2131      0.0034       1940        1937      0.0000      0.1200
ALPHA 1.5966 MaxIteration 41  TIMEOUT 0.002944
  7       1708       1833       2131      0.0029       1947        1937      0.0000      0.1300
ALPHA 1.5472 MaxIteration 65  TIMEOUT 0.003407
  8       1706       1833       2131      0.0034       1944        1937      0.0000      0.1400
ALPHA 1.5008 MaxIteration 100  TIMEOUT 0.007352
  9       1714       1833       2131      0.0074       1944        1937      0.0000      0.1500
ALPHA 1.4571 MaxIteration 150  TIMEOUT 0.007324
 10       1714       1833       2131      0.0073       1947        1937      0.0000      0.1600
ALPHA 1.4158 MaxIteration 218  TIMEOUT 0.010253
 11       1714       1833       2131      0.0103       1937        1937      0.0100      0.1878
ALPHA 1.3768 MaxIteration 308  TIMEOUT 0.014979
 12       1714       1833       2130      0.0150       1937        1937      0.0000      0.2200
ALPHA 1.3399 MaxIteration 424  TIMEOUT 0.025645
 13       1714       1833       2130      0.0256       1937        1937      0.0100      0.2700
ALPHA 1.3049 MaxIteration 568  TIMEOUT 0.025414
 14       1706       1833       2130      0.0254       1937        1937      0.0100      0.3200
ALPHA 1.2718 MaxIteration 741  TIMEOUT 0.031853
 15       1706       1833       2130      0.0319       1937        1937      0.0100      0.3900
ALPHA 1.2402 MaxIteration 942  TIMEOUT 0.042867
 16       1706       1833       2130      0.0429       1937        1937      0.0100      0.4800
ALPHA 1.2102 MaxIteration 1168  TIMEOUT 0.054270
 17       1706       1833       2130      0.0543       1937        1937      0.0100      0.5800
ALPHA 1.1816 MaxIteration 1413  TIMEOUT 0.070628
 18       1706       1833       2130      0.0706       1937        1937      0.0000      0.7200
ALPHA 1.1543 MaxIteration 1669  TIMEOUT 0.088594
 19       1706       1833       2131      0.0886       1937        1937      0.0200      0.8800
ALPHA 1.1283 MaxIteration 1926  TIMEOUT 0.113240
 20       1706       1833       2130      0.1132       1937        1937      0.0000      1.1052
ALPHA 1.1034 MaxIteration 2173  TIMEOUT 0.129442
 21       1706       1833       2130      0.1294       1937        1937      0.0100      1.3502
ALPHA 1.0795 MaxIteration 2397  TIMEOUT 0.152075
 22       1706       1833       2130      0.1521       1937        1937      0.0200      1.6500
ALPHA 1.0567 MaxIteration 2587  TIMEOUT 0.108138
 23       1703       1833       2130      0.1081       1937        1937      0.0500      1.8600
ALPHA 1.0349 MaxIteration 2733  TIMEOUT 0.115282
 24       1703       1833       2131      0.1153       1937        1937      0.0100      2.0800
ALPHA 1.0349 MaxIteration 2828  TIMEOUT 0.120810
 25       1703       1833       2130      0.1208       1937        1937      0.0100      2.3100
ALPHA 1.0349 MaxIteration 2926  TIMEOUT 0.110538
 26       1703       1833       2130      0.1105       1937        1937      0.0000      2.5300
ALPHA 1.0349 MaxIteration 3027  TIMEOUT 0.115885
 27       1703       1833       2130      0.1159       1937        1937      0.0100      2.7500
ALPHA 1.0349 MaxIteration 3132  TIMEOUT 0.120863
 28       1703       1833       2131      0.1209       1937        1937      0.0000      2.9900
ALPHA 1.0349 MaxIteration 3241  TIMEOUT 0.125636
 29       1703       1833       2130      0.1256       1937        1937      0.0100      3.2300
ALPHA 1.0349 MaxIteration 3353  TIMEOUT 0.132240
 30       1703       1833       2130      0.1322       1937        1937      0.0100      3.4900
ALPHA 1.0349 MaxIteration 3469  TIMEOUT 0.143756
 31       1703       1833       2131      0.1438       1937        1937      0.0000      3.7600
ALPHA 1.0349 MaxIteration 3589  TIMEOUT 0.148137
 32       1703       1833       2130      0.1481       1937        1937      0.0200      4.0500
ALPHA 1.0349 MaxIteration 3714  TIMEOUT 0.145840
 33       1703       1833       2130      0.1458       1937        1937      0.0100      4.3300
ALPHA 1.0349 MaxIteration 3843  TIMEOUT 0.159700
 34       1703       1833       2130      0.1597       1937        1937      0.0200      4.6300
ALPHA 1.0349 MaxIteration 3976  TIMEOUT 0.154279
 35       1703       1833       2130      0.1543       1937        1937      0.0100      4.9200
ALPHA 1.0349 MaxIteration 4114  TIMEOUT 0.166451
 36       1703       1833       2130      0.1665       1937        1937      0.0200      5.2400
ALPHA 1.0349 MaxIteration 4257  TIMEOUT 0.172243
 37       1703       1833       2130      0.1722       1937        1937      0.0100      5.5800
ALPHA 1.0349 MaxIteration 4405  TIMEOUT 0.160482
 38       1703       1833       2130      0.1605       1937        1937      0.0100      5.9000
ALPHA 1.0349 MaxIteration 4558  TIMEOUT 0.186712
 39       1703       1833       2131      0.1867       1937        1937      0.0100      6.2600
ALPHA 1.0349 MaxIteration 4716  TIMEOUT 0.196404
 40       1703       1833       2130      0.1964       1937        1937      0.0100      6.6400
ALPHA 1.0349 MaxIteration 4880  TIMEOUT 0.200658
 41       1703       1833       2130      0.2007       1937        1937      0.0000      7.0376
ALPHA 1.0349 MaxIteration 5050  TIMEOUT 0.209778
 42       1703       1833       2130      0.2098       1937        1937      0.0000      7.4400
ALPHA 1.0349 MaxIteration 5226  TIMEOUT 0.216951
 43       1703       1833       2130      0.2170       1937        1937      0.0100      7.8600
ALPHA 1.0349 MaxIteration 5408  TIMEOUT 0.221342
 44       1703       1833       2130      0.2213       1937        1937      0.0000      8.2900
ALPHA 1.0349 MaxIteration 5596  TIMEOUT 0.206681
 45       1703       1833       2130      0.2067       1937        1937      0.0100      8.6900
ALPHA 1.0349 MaxIteration 5791  TIMEOUT 0.220906
 46       1703       1833       2130      0.2209       1937        1937      0.0300      9.1200
ALPHA 1.0349 MaxIteration 5992  TIMEOUT 0.218072
 47       1703       1833       2131      0.2181       1937        1937      0.0100      9.5300
ALPHA 1.0349 MaxIteration 6200  TIMEOUT 0.226939
 48       1703       1833       2130      0.2269       1937        1937      0.0200      9.9700
ALPHA 1.0349 MaxIteration 6416  TIMEOUT 0.236807
 49       1703       1833       2130      0.2368       1937        1937      0.0100     10.4200
ALPHA 1.0349 MaxIteration 6639  TIMEOUT 0.243134
 50       1703       1833       2130      0.2431       1937        1937      0.0100     10.8900
ALPHA 1.0349 MaxIteration 6870  TIMEOUT 0.252121
 51       1703       1833       2130      0.2521       1937        1937      0.0200     11.3800
ALPHA 1.0349 MaxIteration 7109  TIMEOUT 0.263304
 52       1703       1833       2131      0.2633       1937        1937      0.0100     11.8800
ALPHA 1.0349 MaxIteration 7356  TIMEOUT 0.269707
 53       1703       1833       2130      0.2697       1937        1937      0.0200     12.3800
ALPHA 1.0349 MaxIteration 7612  TIMEOUT 0.281936
 54       1703       1833       2131      0.2819       1937        1937      0.0100     12.9223
ALPHA 1.0349 MaxIteration 7877  TIMEOUT 0.289618
 55       1703       1833       2131      0.2896       1937        1937      0.0000     13.4800
ALPHA 1.0349 MaxIteration 8151  TIMEOUT 0.302395
 56       1703       1833       2131      0.3024       1937        1937      0.0100     14.0700
ALPHA 1.0349 MaxIteration 8435  TIMEOUT 0.306960
 57       1703       1833       2131      0.3070       1937        1937      0.0100     14.6600
ALPHA 1.0349 MaxIteration 8729  TIMEOUT 0.318697
 58       1703       1833       2131      0.3187       1937        1937      0.0100     15.2700
ALPHA 1.0349 MaxIteration 9033  TIMEOUT 0.331482
 59       1703       1833       2131      0.3315       1937        1937      0.0000     15.9200
ALPHA 1.0349 MaxIteration 9347  TIMEOUT 0.343540
 60       1703       1833       2130      0.3435       1937        1937      0.0300     16.5800
ALPHA 1.0349 MaxIteration 9672  TIMEOUT 0.348790
 61       1703       1833       2130      0.3488       1937        1937      0.0300     17.2372
ALPHA 1.0349 MaxIteration 10009  TIMEOUT 0.380444
 62       1703       1833       2130      0.3804       1937        1937      0.0100     17.9500
ALPHA 1.0349 MaxIteration 10357  TIMEOUT 0.375968
 63       1703       1833       2130      0.3760       1937        1937      0.0100     18.6700
ALPHA 1.0349 MaxIteration 10718  TIMEOUT 0.417306
 64       1703       1833       2130      0.4173       1937        1937      0.0100     19.4700
ALPHA 1.0349 MaxIteration 11091  TIMEOUT 0.486935
 65       1703       1833       2130      0.4869       1937        1937      0.0100     20.0000
>>> T1_200_250_7.wclq |V| 200 |E| 250  (#LB 0.0000 1833 ---> 1833  0.0567  1937 <--- 2011  0.0368 #UB)  #solve_ime 20.0000 read_time 0.0000 
