>>IBM: |V|=50 |E|=1000
>>IBM: The maximum node weight is 49
/public/home/acs4vb4pqv/benchmarks/MWDS2026/T1_wclq/T1_50_1000_0.wclq #seed 1 #alpha 1.900 #timeout 0.100 K=5 RHO=0.05 Q0=0.90 BETA=3.5 AQ_MODE=dbs SAFE_AQ_MIN_GAP=0.050 SAFE_AQ_MIN_NODES=800 AQ_SLOPE_MARGIN=1.05 AQ_MAX_UB_DRIFT=0.25
[v19] |V|=50 |E|=1000 density=20.00 USE_ADVANCED=0
#Rd        #LB        #LB*       #UB       #Time        #UB+        #UB*      #Time      #TotalTime
First Gap  0.428571
ALPHA 1.9000 MaxIteration 500  TIMEOUT 0.002526
  1         28         28         40      0.0025         40          40      0.0000      0.0100
ALPHA 1.9000 MaxIteration 3  TIMEOUT 0.000049
  2         25         28         40      0.0000         40          40      0.0000      0.0200
ALPHA 1.8304 MaxIteration 5  TIMEOUT 0.000066
  3         25         28         62      0.0001         40          40      0.0000      0.0300
ALPHA 1.7658 MaxIteration 9  TIMEOUT 0.000098
  4         25         28         62      0.0001         40          40      0.0000      0.0400
ALPHA 1.7056 MaxIteration 15  TIMEOUT 0.000131
  5         25         28         62      0.0001         40          40      0.0000      0.0500
ALPHA 1.6493 MaxIteration 25  TIMEOUT 0.000222
  6         25         28         62      0.0002         40          40      0.0000      0.0600
ALPHA 1.5966 MaxIteration 41  TIMEOUT 0.000171
  7         25         28         62      0.0002         40          40      0.0000      0.0700
ALPHA 1.5472 MaxIteration 65  TIMEOUT 0.000494
  8         25         28         62      0.0005         40          40      0.0000      0.0800
ALPHA 1.5008 MaxIteration 100  TIMEOUT 0.000779
  9         25         28         62      0.0008         40          40      0.0000      0.0900
ALPHA 1.4571 MaxIteration 150  TIMEOUT 0.001096
 10         25         28         62      0.0011         40          40      0.0000      0.1000
ALPHA 1.4158 MaxIteration 218  TIMEOUT 0.000772
 11         25         28         62      0.0008         40          40      0.0000      0.1100
ALPHA 1.3768 MaxIteration 308  TIMEOUT 0.002285
 12         25         28         62      0.0023         40          40      0.0000      0.1200
ALPHA 1.3399 MaxIteration 424  TIMEOUT 0.003086
 13         25         28         62      0.0031         40          40      0.0000      0.1300
ALPHA 1.3049 MaxIteration 568  TIMEOUT 0.004050
 14         25         28         62      0.0040         40          40      0.0000      0.1400
ALPHA 1.2718 MaxIteration 741  TIMEOUT 0.004314
 15         25         28         62      0.0043         40          40      0.0000      0.1500
ALPHA 1.2402 MaxIteration 942  TIMEOUT 0.006799
 16         25         28         62      0.0068         40          40      0.0000      0.1600
ALPHA 1.2102 MaxIteration 1168  TIMEOUT 0.007273
 17         25         28         62      0.0073         40          40      0.0000      0.1700
ALPHA 1.1816 MaxIteration 1413  TIMEOUT 0.010198
 18         25         28         62      0.0102         40          40      0.0000      0.2000
ALPHA 1.1543 MaxIteration 1669  TIMEOUT 0.012311
 19         25         28         62      0.0123         40          40      0.0000      0.2300
ALPHA 1.1283 MaxIteration 1926  TIMEOUT 0.014015
 20         25         28         62      0.0140         40          40      0.0000      0.2500
ALPHA 1.1034 MaxIteration 2173  TIMEOUT 0.015807
 21         25         28         62      0.0158         40          40      0.0000      0.2800
ALPHA 1.0795 MaxIteration 2397  TIMEOUT 0.017496
 22         25         28         62      0.0175         40          40      0.0000      0.3100
ALPHA 1.0567 MaxIteration 2587  TIMEOUT 0.018720
 23         25         28         62      0.0187         40          40      0.0000      0.3400
ALPHA 1.0349 MaxIteration 2733  TIMEOUT 0.017045
 24         25         28         62      0.0170         40          40      0.0000      0.3700
ALPHA 1.0349 MaxIteration 2828  TIMEOUT 0.019542
 25         25         28         62      0.0195         40          40      0.0000      0.4000
ALPHA 1.0349 MaxIteration 2926  TIMEOUT 0.021818
 26         25         28         62      0.0218         40          40      0.0000      0.4500
ALPHA 1.0349 MaxIteration 3027  TIMEOUT 0.021197
 27         25         28         62      0.0212         40          40      0.0000      0.5000
ALPHA 1.0349 MaxIteration 3132  TIMEOUT 0.021669
 28         25         28         62      0.0217         40          40      0.0000      0.5500
ALPHA 1.0349 MaxIteration 3241  TIMEOUT 0.021751
 29         25         28         62      0.0218         40          40      0.0000      0.6000
ALPHA 1.0349 MaxIteration 3353  TIMEOUT 0.022807
 30         25         28         62      0.0228         40          40      0.0000      0.6500
ALPHA 1.0349 MaxIteration 3469  TIMEOUT 0.025305
 31         25         28         62      0.0253         40          40      0.0000      0.7000
ALPHA 1.0349 MaxIteration 3589  TIMEOUT 0.024916
 32         25         28         62      0.0249         40          40      0.0000      0.7500
ALPHA 1.0349 MaxIteration 3714  TIMEOUT 0.026110
 33         25         28         62      0.0261         40          40      0.0000      0.8000
ALPHA 1.0349 MaxIteration 3843  TIMEOUT 0.027217
 34         25         28         62      0.0272         40          40      0.0000      0.8500
ALPHA 1.0349 MaxIteration 3976  TIMEOUT 0.028194
 35         25         28         62      0.0282         40          40      0.0000      0.9000
ALPHA 1.0349 MaxIteration 4114  TIMEOUT 0.027372
 36         25         28         62      0.0274         40          40      0.0000      0.9500
ALPHA 1.0349 MaxIteration 4257  TIMEOUT 0.031005
 37         25         28         62      0.0310         40          40      0.0000      1.0200
ALPHA 1.0349 MaxIteration 4405  TIMEOUT 0.031944
 38         25         28         62      0.0319         40          40      0.0000      1.0900
ALPHA 1.0349 MaxIteration 4558  TIMEOUT 0.031975
 39         25         28         62      0.0320         40          40      0.0000      1.1600
ALPHA 1.0349 MaxIteration 4716  TIMEOUT 0.031867
 40         25         28         62      0.0319         40          40      0.0000      1.2300
ALPHA 1.0349 MaxIteration 4880  TIMEOUT 0.032998
 41         25         28         62      0.0330         40          40      0.0000      1.3000
ALPHA 1.0349 MaxIteration 5050  TIMEOUT 0.034474
 42         25         28         62      0.0345         40          40      0.0000      1.3700
ALPHA 1.0349 MaxIteration 5226  TIMEOUT 0.038171
 43         25         28         62      0.0382         40          40      0.0000      1.4400
ALPHA 1.0349 MaxIteration 5408  TIMEOUT 0.037119
 44         25         28         62      0.0371         40          40      0.0000      1.5100
ALPHA 1.0349 MaxIteration 5596  TIMEOUT 0.040319
 45         25         28         62      0.0403         40          40      0.0000      1.6000
ALPHA 1.0349 MaxIteration 5791  TIMEOUT 0.040721
 46         25         28         62      0.0407         40          40      0.0000      1.6900
ALPHA 1.0349 MaxIteration 5992  TIMEOUT 0.043769
 47         25         28         62      0.0438         40          40      0.0000      1.7800
ALPHA 1.0349 MaxIteration 6200  TIMEOUT 0.043103
 48         25         28         62      0.0431         40          40      0.0000      1.8700
ALPHA 1.0349 MaxIteration 6416  TIMEOUT 0.045320
 49         25         28         62      0.0453         40          40      0.0000      1.9600
ALPHA 1.0349 MaxIteration 6639  TIMEOUT 0.047297
 50         25         28         62      0.0473         40          40      0.0000      2.0500
ALPHA 1.0349 MaxIteration 6870  TIMEOUT 0.049551
 51         25         28         62      0.0496         40          40      0.0000      2.1400
ALPHA 1.0349 MaxIteration 7109  TIMEOUT 0.047908
 52         25         28         62      0.0479         40          40      0.0000      2.2300
ALPHA 1.0349 MaxIteration 7356  TIMEOUT 0.048401
 53         25         28         62      0.0484         40          40      0.0000      2.3200
ALPHA 1.0349 MaxIteration 7612  TIMEOUT 0.054659
 54         25         28         62      0.0547         40          40      0.0000      2.4300
ALPHA 1.0349 MaxIteration 7877  TIMEOUT 0.057463
 55         25         28         62      0.0575         40          40      0.0000      2.5300
ALPHA 1.0349 MaxIteration 8151  TIMEOUT 0.055080
 56         25         28         62      0.0551         40          40      0.0000      2.6400
ALPHA 1.0349 MaxIteration 8435  TIMEOUT 0.057425
 57         25         28         62      0.0574         40          40      0.0000      2.7400
ALPHA 1.0349 MaxIteration 8729  TIMEOUT 0.060641
 58         25         28         62      0.0606         40          40      0.0000      2.8700
ALPHA 1.0349 MaxIteration 9033  TIMEOUT 0.064355
 59         25         28         62      0.0644         40          40      0.0000      3.0000
ALPHA 1.0349 MaxIteration 9347  TIMEOUT 0.064173
 60         25         28         62      0.0642         40          40      0.0000      3.1300
ALPHA 1.0349 MaxIteration 9672  TIMEOUT 0.065493
 61         25         28         62      0.0655         40          40      0.0000      3.2600
ALPHA 1.0349 MaxIteration 10009  TIMEOUT 0.066270
 62         25         28         62      0.0663         40          40      0.0000      3.3900
ALPHA 1.0349 MaxIteration 10357  TIMEOUT 0.069502
 63         25         28         62      0.0695         40          40      0.0000      3.5200
ALPHA 1.0349 MaxIteration 10718  TIMEOUT 0.085030
 64         25         28         62      0.0850         40          40      0.0000      3.6900
ALPHA 1.0349 MaxIteration 11091  TIMEOUT 0.085297
 65         25         28         62      0.0853         40          40      0.0000      3.8600
ALPHA 1.0349 MaxIteration 11477  TIMEOUT 0.091178
 66         25         28         62      0.0912         40          40      0.0000      4.0500
ALPHA 1.0349 MaxIteration 11877  TIMEOUT 0.091581
 67         25         28         62      0.0916         40          40      0.0000      4.2400
ALPHA 1.0349 MaxIteration 12291  TIMEOUT 0.098914
 68         25         28         62      0.0989         40          40      0.0000      4.4300
ALPHA 1.0349 MaxIteration 12719  TIMEOUT 0.103461
 69         25         28         62      0.1035         40          40      0.0000      4.6400
ALPHA 1.0349 MaxIteration 13162  TIMEOUT 0.103818
 70         25         28         62      0.1038         40          40      0.0000      4.8500
ALPHA 1.0349 MaxIteration 13620  TIMEOUT 0.103583
 71         25         28         62      0.1036         40          40      0.0000      5.0500
ALPHA 1.0349 MaxIteration 14094  TIMEOUT 0.109583
 72         25         28         62      0.1096         40          40      0.0000      5.2600
ALPHA 1.0349 MaxIteration 14585  TIMEOUT 0.110546
 73         25         28         62      0.1105         40          40      0.0000      5.4900
ALPHA 1.0349 MaxIteration 15093  TIMEOUT 0.114418
 74         25         28         62      0.1144         40          40      0.0000      5.7200
ALPHA 1.0349 MaxIteration 15619  TIMEOUT 0.126213
 75         25         28         62      0.1262         40          40      0.0000      5.9700
ALPHA 1.0349 MaxIteration 16163  TIMEOUT 0.128400
 76         25         28         62      0.1284         40          40      0.0000      6.2100
ALPHA 1.0349 MaxIteration 16726  TIMEOUT 0.127542
 77         25         28         62      0.1275         40          40      0.0000      6.4600
ALPHA 1.0349 MaxIteration 17309  TIMEOUT 0.135580
 78         25         28         62      0.1356         40          40      0.0000      6.7300
ALPHA 1.0349 MaxIteration 17912  TIMEOUT 0.121594
 79         25         28         62      0.1216         40          40      0.0000      6.9800
ALPHA 1.0349 MaxIteration 18536  TIMEOUT 0.145711
 80         25         28         62      0.1457         40          40      0.0000      7.2700
ALPHA 1.0349 MaxIteration 19182  TIMEOUT 0.154109
 81         25         28         62      0.1541         40          40      0.0000      7.5700
ALPHA 1.0349 MaxIteration 19850  TIMEOUT 0.160819
 82         25         28         62      0.1608         40          40      0.0000      7.9000
ALPHA 1.0349 MaxIteration 20541  TIMEOUT 0.162811
 83         25         28         62      0.1628         40          40      0.0000      8.2300
ALPHA 1.0349 MaxIteration 21257  TIMEOUT 0.163238
 84         25         28         62      0.1632         40          40      0.0000      8.5600
ALPHA 1.0349 MaxIteration 21997  TIMEOUT 0.174941
 85         25         28         62      0.1749         40          40      0.0000      8.9100
ALPHA 1.0349 MaxIteration 22763  TIMEOUT 0.181371
 86         25         28         62      0.1814         40          40      0.0000      9.2800
ALPHA 1.0349 MaxIteration 23556  TIMEOUT 0.186310
 87         25         28         62      0.1863         40          40      0.0000      9.6500
ALPHA 1.0349 MaxIteration 24377  TIMEOUT 0.190354
 88         25         28         62      0.1904         40          40      0.0000     10.0400
ALPHA 1.0349 MaxIteration 25226  TIMEOUT 0.178221
 89         25         28         62      0.1782         40          40      0.0000     10.3900
ALPHA 1.0349 MaxIteration 26105  TIMEOUT 0.198881
 90         25         28         62      0.1989         40          40      0.0000     10.7800
ALPHA 1.0349 MaxIteration 27014  TIMEOUT 0.196993
 91         25         28         62      0.1970         40          40      0.0000     11.1600
ALPHA 1.0349 MaxIteration 27955  TIMEOUT 0.202949
 92         25         28         62      0.2029         40          40      0.0000     11.5700
ALPHA 1.0349 MaxIteration 28929  TIMEOUT 0.213923
 93         25         28         62      0.2139         40          40      0.0000     12.0000
ALPHA 1.0349 MaxIteration 29937  TIMEOUT 0.216173
 94         25         28         62      0.2162         40          40      0.0000     12.4200
ALPHA 1.0349 MaxIteration 30980  TIMEOUT 0.229487
 95         25         28         62      0.2295         40          40      0.0000     12.8600
ALPHA 1.0349 MaxIteration 32059  TIMEOUT 0.241835
 96         25         28         62      0.2418         40          40      0.0000     13.3500
ALPHA 1.0349 MaxIteration 33176  TIMEOUT 0.241530
 97         25         28         62      0.2415         40          40      0.0000     13.8400
ALPHA 1.0349 MaxIteration 34332  TIMEOUT 0.255977
 98         25         28         62      0.2560         40          40      0.0000     14.3500
ALPHA 1.0349 MaxIteration 35528  TIMEOUT 0.263345
 99         25         28         62      0.2633         40          40      0.0000     14.8800
ALPHA 1.0349 MaxIteration 36766  TIMEOUT 0.283929
100         25         28         62      0.2839         40          40      0.0000     15.4400
ALPHA 1.0349 MaxIteration 38047  TIMEOUT 0.298338
101         25         28         62      0.2983         40          40      0.0000     16.0300
ALPHA 1.0349 MaxIteration 39373  TIMEOUT 0.304857
102         25         28         62      0.3049         40          40      0.0000     16.6400
ALPHA 1.0349 MaxIteration 40745  TIMEOUT 0.310040
103         25         28         62      0.3100         40          40      0.0000     17.2700
ALPHA 1.0349 MaxIteration 42165  TIMEOUT 0.301706
104         25         28         62      0.3017         40          40      0.0000     17.8800
ALPHA 1.0349 MaxIteration 43634  TIMEOUT 0.315758
105         25         28         62      0.3158         40          40      0.0000     18.5100
ALPHA 1.0349 MaxIteration 45155  TIMEOUT 0.338157
106         25         28         62      0.3382         40          40      0.0000     19.1800
ALPHA 1.0349 MaxIteration 46729  TIMEOUT 0.339129
107         25         28         62      0.3391         40          40      0.0000     19.8500
ALPHA 1.0349 MaxIteration 48357  TIMEOUT 0.149976
108         25         28         62      0.1500>>> T1_50_1000_0.wclq |V| 50 |E| 1000  (#LB 0.0000 28 ---> 28  0.4286  40 <--- 40  0.0000 #UB)  #solve_ime 20.0000 read_time 0.0000 
