With  Parameters CUTOFF 20 SEED 1  ALPHA = 1.900  K=5 RHO=0.05 Q0=0.90 BETA=3.0 AQ_MODE=dbs
Reading  graph ...  time 0.029511  
Reducing graph ...  time 0.000127  
[v6] |V|=150 |E|=2000 density=13.33 USE_ADVANCED=0 SAFE_AQ_MIN_GAP=0.050 DEEP_AQ_RANGE=[800, 5.00, 10.00] structure_blocks_aq=1 AQ_SLOPE_MARGIN=1.15 AQ_MAX_UB_DRIFT=0.20
#Rd        #LB        #LB*       #UB       #Time        #UB+        #UB*      #Time      #TotalTime
First Gap  0.188867
  1        503        503        598      0.0417 [AQ bandit arm] arm=4 gap=0.1889 density=13.33 |V|=150

 Switch to DBS-only search, timeout 0.041654....
 [Online-safe AQ structure guard] |V|=150 density=13.33 outside [800, 5.00, 10.00], disabling AQ
        598         598      0.0005        0.0835
ALPHA 1.9000 MaxIteration 3  TIMEOUT 0.041654
  2        492        503        672      0.0002        601         598      0.0002        0.0840
ALPHA 1.8304 MaxIteration 5  TIMEOUT 0.000462
  3        495        503        649      0.0005        598         598      0.0003        0.0850
ALPHA 1.7658 MaxIteration 9  TIMEOUT 0.000950
  4        501        503        671      0.0008        598         598      0.0004        0.0867
ALPHA 1.7056 MaxIteration 15  TIMEOUT 0.001432
  5        495        503        671      0.0015        598         598      0.0004        0.0896
ALPHA 1.6493 MaxIteration 25  TIMEOUT 0.002526
  6        494        503        646      0.0021        598         598      0.0005        0.0939
ALPHA 1.5966 MaxIteration 41  TIMEOUT 0.003541
  7        494        503        646      0.0031        598         598      0.0003        0.1002
ALPHA 1.5472 MaxIteration 65  TIMEOUT 0.004986
  8        494        503        646      0.0046        598         598      0.0012        0.1094
ALPHA 1.5008 MaxIteration 100  TIMEOUT 0.007120
  9        494        503        646      0.0067        598         598      0.0005        0.1229
ALPHA 1.4571 MaxIteration 150  TIMEOUT 0.010129
 10        494        503        646      0.0099        598         598      0.0003        0.1427
ALPHA 1.4158 MaxIteration 218  TIMEOUT 0.014403
 11        494        503        646      0.0130        598         598      0.0005        0.1696
ALPHA 1.3768 MaxIteration 308  TIMEOUT 0.018346
 12        497        503        646      0.0183        598         598      0.0012        0.2063
ALPHA 1.3399 MaxIteration 424  TIMEOUT 0.025263
 13        497        503        646      0.0253        598         598      0.0003        0.2580
ALPHA 1.3049 MaxIteration 568  TIMEOUT 0.033909
 14        497        503        646      0.0339        598         598      0.0005        0.3258
ALPHA 1.2718 MaxIteration 741  TIMEOUT 0.044279
 15        497        503        632      0.0443        598         598      0.0005        0.4155
ALPHA 1.2402 MaxIteration 942  TIMEOUT 0.056387
 16        497        503        632      0.0564        598         598      0.0003        0.5284
ALPHA 1.2102 MaxIteration 1168  TIMEOUT 0.069985
 17        497        503        632      0.0700        598         598      0.0005        0.6684
ALPHA 1.1816 MaxIteration 1413  TIMEOUT 0.084721
 18        497        503        632      0.0848        598         598      0.0004        0.8390
ALPHA 1.1543 MaxIteration 1669  TIMEOUT 0.100152
 19        498        503        632      0.1002        598         598      0.0003        1.0404
ALPHA 1.1283 MaxIteration 1926  TIMEOUT 0.115638
 20        498        503        632      0.1157        598         598      0.0004        1.2737
ALPHA 1.1034 MaxIteration 2173  TIMEOUT 0.130512
 21        498        503        632      0.1306        598         598      0.0003        1.5359
ALPHA 1.0795 MaxIteration 2397  TIMEOUT 0.144065
 22        501        503        632      0.1441        598         598      0.0003        1.8251
ALPHA 1.0567 MaxIteration 2587  TIMEOUT 0.155567
 23        501        503        632      0.1556        598         598      0.0012        2.1374
ALPHA 1.0349 MaxIteration 2733  TIMEOUT 0.164420
 24        501        503        632      0.1644        598         598      0.0008        2.4663
ALPHA 1.0349 MaxIteration 2828  TIMEOUT 0.170180
 25        501        503        632      0.1702        598         598      0.0004        2.8117
ALPHA 1.0349 MaxIteration 2926  TIMEOUT 0.176120
 26        501        503        632      0.1761        598         598      0.0003        3.1659
ALPHA 1.0349 MaxIteration 3027  TIMEOUT 0.182262
 27        501        503        632      0.1823        598         598      0.1772        3.5306
ALPHA 1.0349 MaxIteration 3132  TIMEOUT 0.188661
 28        501        503        632      0.1887        598         598      0.0003        3.9119
ALPHA 1.0349 MaxIteration 3241  TIMEOUT 0.195253
 29        501        503        632      0.1953        598         598      0.0006        4.3045
ALPHA 1.0349 MaxIteration 3353  TIMEOUT 0.202069
 30        501        503        632      0.2021        598         598      0.0003        4.7097
ALPHA 1.0349 MaxIteration 3469  TIMEOUT 0.209146
 31        501        503        632      0.2092        598         598      0.0003        5.1301
ALPHA 1.0349 MaxIteration 3589  TIMEOUT 0.216459
 32        501        503        632      0.2165        598         598      0.0005        5.5641
ALPHA 1.0349 MaxIteration 3714  TIMEOUT 0.224019
 33        501        503        632      0.2240        598         598      0.0003        6.0151
ALPHA 1.0349 MaxIteration 3843  TIMEOUT 0.231846
 34        501        503        632      0.2319        598         598      0.0003        6.4790
ALPHA 1.0349 MaxIteration 3976  TIMEOUT 0.239988
 35        501        503        632      0.2400        598         598      0.0003        6.9591
ALPHA 1.0349 MaxIteration 4114  TIMEOUT 0.248398
 36        501        503        632      0.2484        598         598      0.0004        7.4589
ALPHA 1.0349 MaxIteration 4257  TIMEOUT 0.257094
 37        501        503        632      0.2571        598         598      0.0005        7.9742
ALPHA 1.0349 MaxIteration 4405  TIMEOUT 0.266070
 38        501        503        632      0.2661        598         598      0.0003        8.5094
ALPHA 1.0349 MaxIteration 4558  TIMEOUT 0.275357
 39        501        503        632      0.2754        598         598      0.0003        9.0632
ALPHA 1.0349 MaxIteration 4716  TIMEOUT 0.284981
 40        501        503        632      0.2850        598         598      0.0003        9.6342
ALPHA 1.0349 MaxIteration 4880  TIMEOUT 0.294927
 41        501        503        632      0.2950        598         598      0.0004       10.2262
ALPHA 1.0349 MaxIteration 5050  TIMEOUT 0.305258
 42        501        503        632      0.3053        598         598      0.0004       10.8378
ALPHA 1.0349 MaxIteration 5226  TIMEOUT 0.315934
 43        501        503        615      0.3160        598         598      0.0003       11.4737
ALPHA 1.0349 MaxIteration 5408  TIMEOUT 0.326984
 44        501        503        632      0.3270        598         598      0.0004       12.1298
ALPHA 1.0349 MaxIteration 5596  TIMEOUT 0.338439
 45        501        503        632      0.3385        598         598      0.0003       12.8108
ALPHA 1.0349 MaxIteration 5791  TIMEOUT 0.350275
 46        501        503        632      0.3503        598         598      0.0003       13.5134
ALPHA 1.0349 MaxIteration 5992  TIMEOUT 0.362512
 47        501        503        615      0.3625        598         598      0.0005       19.9998
>>> T2_150_2000_1.wclq |V| 150 |E| 2000  (#LB 0.0000 503 ---> 503  0.1589  598 <--- 598  0.0000 #UB)  #read_time 0.0295  #reduce_time 0.0001  #solve_time 19.9998  #total_time 20.0294
 