>>IBM: |V|=250 |E|=2000
>>IBM: The maximum node weight is 682
/public/home/acs4vb4pqv/benchmarks/MWDS2026/T2_wclq/T2_250_2000_3.wclq #seed 101 #alpha 1.900 #timeout 0.100 K=5 RHO=0.05 Q0=0.90 BETA=3.5 AQ_MODE=dbs SAFE_AQ_MIN_GAP=0.050 SAFE_AQ_MIN_NODES=800 AQ_SLOPE_MARGIN=1.05 AQ_MAX_UB_DRIFT=0.25
[v19] |V|=250 |E|=2000 density=8.00 USE_ADVANCED=0
#Rd        #LB        #LB*       #UB       #Time        #UB+        #UB*      #Time      #TotalTime
First Gap  0.220339
ALPHA 1.9000 MaxIteration 500  TIMEOUT 0.117991
  1       1003       1003       1224      0.1180       1183        1183      0.0100      0.2300
ALPHA 1.9000 MaxIteration 3  TIMEOUT 0.000800
  2        913       1003       1359      0.0008       1183        1183      0.0000      0.2400
ALPHA 1.8304 MaxIteration 5  TIMEOUT 0.001066
  3        908       1003       1394      0.0011       1183        1183      0.0000      0.2500
ALPHA 1.7658 MaxIteration 9  TIMEOUT 0.002062
  4        928       1003       1330      0.0021       1199        1183      0.0000      0.2600
ALPHA 1.7056 MaxIteration 15  TIMEOUT 0.002881
  5        894       1003       1313      0.0029       1191        1183      0.0000      0.2700
ALPHA 1.6493 MaxIteration 25  TIMEOUT 0.003508
  6        905       1003       1307      0.0035       1183        1183      0.0000      0.2800
ALPHA 1.5966 MaxIteration 41  TIMEOUT 0.007078
  7        935       1003       1306      0.0071       1193        1183      0.0000      0.2900
ALPHA 1.5472 MaxIteration 65  TIMEOUT 0.019547
  8        936       1003       1293      0.0195       1183        1183      0.0100      0.3200
ALPHA 1.5008 MaxIteration 100  TIMEOUT 0.016236
  9        933       1003       1293      0.0162       1189        1183      0.0000      0.3500
ALPHA 1.4571 MaxIteration 150  TIMEOUT 0.036668
 10        941       1003       1291      0.0367       1183        1183      0.0300      0.4100
ALPHA 1.4158 MaxIteration 218  TIMEOUT 0.030866
 11        923       1003       1267      0.0309       1183        1183      0.0000      0.4800
ALPHA 1.3768 MaxIteration 308  TIMEOUT 0.064877
 12        933       1003       1290      0.0649       1183        1183      0.0000      0.6100
ALPHA 1.3399 MaxIteration 424  TIMEOUT 0.083311
 13        937       1003       1267      0.0833       1183        1183      0.0000      0.7800
ALPHA 1.3049 MaxIteration 568  TIMEOUT 0.062453
 14        933       1003       1290      0.0625       1189        1183      0.0100      0.9100
ALPHA 1.2718 MaxIteration 741  TIMEOUT 0.100283
 15        933       1003       1269      0.1003       1183        1183      0.0200      1.1200
ALPHA 1.2402 MaxIteration 942  TIMEOUT 0.094924
 16        936       1003       1290      0.0949       1183        1183      0.0300      1.3000
ALPHA 1.2102 MaxIteration 1168  TIMEOUT 0.120022
 17        933       1003       1260      0.1200       1183        1183      0.0100      1.5500
ALPHA 1.1816 MaxIteration 1413  TIMEOUT 0.139365
 18        933       1003       1291      0.1394       1183        1183      0.0100      1.8100
ALPHA 1.1543 MaxIteration 1669  TIMEOUT 0.428139
 19        933       1003       1278      0.4281       1183        1183      0.0400      2.6500
ALPHA 1.1283 MaxIteration 1926  TIMEOUT 0.386276
 20        928       1003       1285      0.3863       1183        1183      0.0000      3.4100
ALPHA 1.1034 MaxIteration 2173  TIMEOUT 0.227572
 21        933       1003       1267      0.2276       1183        1183      0.0200      3.8500
ALPHA 1.0795 MaxIteration 2397  TIMEOUT 0.311522
 22        928       1003       1291      0.3115       1183        1183      0.0400      4.4800
ALPHA 1.0567 MaxIteration 2587  TIMEOUT 0.471258
 23        932       1003       1259      0.4713       1183        1183      0.0000      5.4200
ALPHA 1.0349 MaxIteration 2733  TIMEOUT 0.403369
 24        933       1003       1285      0.4034       1183        1183      0.0200      6.2200
ALPHA 1.0349 MaxIteration 2828  TIMEOUT 0.596283
 25        933       1003       1291      0.5963       1183        1183      0.4600      7.3900
ALPHA 1.0349 MaxIteration 2926  TIMEOUT 0.280375
 26        931       1003       1279      0.2804       1183        1183      0.0100      7.9500
ALPHA 1.0349 MaxIteration 3027  TIMEOUT 0.648448
 27        937       1003       1291      0.6484       1183        1183      0.0200      9.2100
ALPHA 1.0349 MaxIteration 3132  TIMEOUT 0.647242
 28        928       1003       1279      0.6472       1183        1183      0.0000     10.4700
ALPHA 1.0349 MaxIteration 3241  TIMEOUT 0.452740
 29        932       1003       1279      0.4527       1183        1183      0.0100     11.3700
ALPHA 1.0349 MaxIteration 3353  TIMEOUT 0.331644
 30        933       1003       1279      0.3316       1183        1183      0.0200     12.0200
ALPHA 1.0349 MaxIteration 3469  TIMEOUT 0.340503
 31        936       1003       1269      0.3405       1183        1183      0.0000     12.7000
ALPHA 1.0349 MaxIteration 3589  TIMEOUT 0.371043
 32        933       1003       1267      0.3710       1183        1183      0.0000     13.4400
ALPHA 1.0349 MaxIteration 3714  TIMEOUT 0.379254
 33        933       1003       1285      0.3793       1183        1183      0.0200     14.1900
ALPHA 1.0349 MaxIteration 3843  TIMEOUT 0.383450
 34        933       1003       1269      0.3834       1183        1183      0.0100     14.9500
ALPHA 1.0349 MaxIteration 3976  TIMEOUT 0.383158
 35        933       1003       1254      0.3832       1183        1183      0.0000     15.7000
ALPHA 1.0349 MaxIteration 4114  TIMEOUT 0.860281
 36        934       1003       1249      0.8603       1183        1183      0.0400     17.4100
ALPHA 1.0349 MaxIteration 4257  TIMEOUT 0.389951
 37        927       1003       1285      0.3900       1183        1183      0.0000     18.1800
ALPHA 1.0349 MaxIteration 4405  TIMEOUT 0.864300
 38        933       1003       1250      0.8643       1183        1183      0.0000     19.8800
ALPHA 1.0349 MaxIteration 4558  TIMEOUT 0.120070
 39        933       1003       1291      0.1201>>> T2_250_2000_3.wclq |V| 250 |E| 2000  (#LB 0.0000 1003 ---> 1003  0.1795  1183 <--- 1224  0.0335 #UB)  #solve_ime 20.0001 read_time 0.0000 
