>>IBM: |V|=200 |E|=250
>>IBM: The maximum node weight is 49
/public/home/acs4vb4pqv/benchmarks/MWDS2026/T1_wclq/T1_200_250_7.wclq #seed 103 #alpha 1.900 #timeout 0.100 K=5 RHO=0.05 Q0=0.90 BETA=3.5 AQ_MODE=dbs SAFE_AQ_MIN_GAP=0.050 SAFE_AQ_MIN_NODES=800 AQ_SLOPE_MARGIN=1.05 AQ_MAX_UB_DRIFT=0.25
[v19] |V|=200 |E|=250 density=1.25 USE_ADVANCED=0
#Rd        #LB        #LB*       #UB       #Time        #UB+        #UB*      #Time      #TotalTime
First Gap  0.097109
ALPHA 1.9000 MaxIteration 500  TIMEOUT 0.036288
  1       1833       1833       2011      0.0363       1937        1937      0.0200      0.0700
ALPHA 1.9000 MaxIteration 3  TIMEOUT 0.000304
  2       1756       1833       2204      0.0003       1937        1937      0.0000      0.0800
ALPHA 1.8304 MaxIteration 5  TIMEOUT 0.000910
  3       1764       1833       2145      0.0009       1940        1937      0.0000      0.0884
ALPHA 1.7658 MaxIteration 9  TIMEOUT 0.000000
  4       1708       1833       2159      0.0000       1961        1937      0.0000      0.0900
ALPHA 1.7056 MaxIteration 15  TIMEOUT 0.001276
  5       1736       1833       2107      0.0013       1937        1937      0.0000      0.1000
ALPHA 1.6493 MaxIteration 25  TIMEOUT 0.001557
  6       1725       1833       2113      0.0016       1937        1937      0.0000      0.1100
ALPHA 1.5966 MaxIteration 41  TIMEOUT 0.002830
  7       1720       1833       2117      0.0028       1940        1937      0.0000      0.1200
ALPHA 1.5472 MaxIteration 65  TIMEOUT 0.003990
  8       1706       1833       2112      0.0040       1947        1937      0.0000      0.1300
ALPHA 1.5008 MaxIteration 100  TIMEOUT 0.004493
  9       1706       1833       2107      0.0045       1947        1937      0.0000      0.1400
ALPHA 1.4571 MaxIteration 150  TIMEOUT 0.006397
 10       1706       1833       2112      0.0064       1951        1937      0.0000      0.1500
ALPHA 1.4158 MaxIteration 218  TIMEOUT 0.009207
 11       1706       1833       2107      0.0092       1969        1937      0.0100      0.1600
ALPHA 1.3768 MaxIteration 308  TIMEOUT 0.010812
 12       1706       1833       2107      0.0108       1937        1937      0.0100      0.1900
ALPHA 1.3399 MaxIteration 424  TIMEOUT 0.017142
 13       1706       1833       2107      0.0171       1940        1937      0.0000      0.2200
ALPHA 1.3049 MaxIteration 568  TIMEOUT 0.021549
 14       1706       1833       2108      0.0215       1937        1937      0.0100      0.2641
ALPHA 1.2718 MaxIteration 741  TIMEOUT 0.030160
 15       1706       1833       2107      0.0302       1937        1937      0.0100      0.3300
ALPHA 1.2402 MaxIteration 942  TIMEOUT 0.039186
 16       1706       1833       2107      0.0392       1937        1937      0.0100      0.4000
ALPHA 1.2102 MaxIteration 1168  TIMEOUT 0.046045
 17       1706       1833       2107      0.0460       1937        1937      0.0100      0.4800
ALPHA 1.1816 MaxIteration 1413  TIMEOUT 0.054660
 18       1706       1833       2107      0.0547       1937        1937      0.0100      0.5900
ALPHA 1.1543 MaxIteration 1669  TIMEOUT 0.067710
 19       1706       1833       2107      0.0677       1937        1937      0.0200      0.7100
ALPHA 1.1283 MaxIteration 1926  TIMEOUT 0.075303
 20       1706       1833       2107      0.0753       1937        1937      0.0100      0.8600
ALPHA 1.1034 MaxIteration 2173  TIMEOUT 0.111515
 21       1706       1833       2107      0.1115       1937        1937      0.0200      1.0700
ALPHA 1.0795 MaxIteration 2397  TIMEOUT 0.095337
 22       1706       1833       2107      0.0953       1937        1937      0.0100      1.2500
ALPHA 1.0567 MaxIteration 2587  TIMEOUT 0.106510
 23       1706       1833       2107      0.1065       1937        1937      0.0100      1.4500
ALPHA 1.0349 MaxIteration 2733  TIMEOUT 0.116459
 24       1706       1833       2107      0.1165       1937        1937      0.0100      1.6700
ALPHA 1.0349 MaxIteration 2828  TIMEOUT 0.123816
 25       1706       1833       2107      0.1238       1937        1937      0.0000      1.9000
ALPHA 1.0349 MaxIteration 2926  TIMEOUT 0.130784
 26       1706       1833       2107      0.1308       1937        1937      0.0000      2.1600
ALPHA 1.0349 MaxIteration 3027  TIMEOUT 0.136842
 27       1706       1833       2107      0.1368       1937        1937      0.0100      2.4300
ALPHA 1.0349 MaxIteration 3132  TIMEOUT 0.144106
 28       1706       1833       2107      0.1441       1937        1937      0.0200      2.7100
ALPHA 1.0349 MaxIteration 3241  TIMEOUT 0.152204
 29       1706       1833       2107      0.1522       1937        1937      0.0100      3.0200
ALPHA 1.0349 MaxIteration 3353  TIMEOUT 0.164475
 30       1706       1833       2107      0.1645       1937        1937      0.0100      3.3300
ALPHA 1.0349 MaxIteration 3469  TIMEOUT 0.166959
 31       1706       1833       2107      0.1670       1937        1937      0.0200      3.6500
ALPHA 1.0349 MaxIteration 3589  TIMEOUT 0.181314
 32       1706       1833       2107      0.1813       1937        1937      0.0000      4.0100
ALPHA 1.0349 MaxIteration 3714  TIMEOUT 0.103668
 33       1703       1833       2107      0.1037       1937        1937      0.0100      4.2100
ALPHA 1.0349 MaxIteration 3843  TIMEOUT 0.192288
 34       1706       1833       2107      0.1923       1937        1937      0.0100      4.5900
ALPHA 1.0349 MaxIteration 3976  TIMEOUT 0.210048
 35       1706       1833       2107      0.2100       1937        1937      0.0000      5.0000
ALPHA 1.0349 MaxIteration 4114  TIMEOUT 0.220357
 36       1706       1833       2107      0.2204       1937        1937      0.0300      5.4300
ALPHA 1.0349 MaxIteration 4257  TIMEOUT 0.229250
 37       1706       1833       2107      0.2293       1937        1937      0.0100      5.8600
ALPHA 1.0349 MaxIteration 4405  TIMEOUT 0.246526
 38       1706       1833       2107      0.2465       1937        1937      0.0100      6.3400
ALPHA 1.0349 MaxIteration 4558  TIMEOUT 0.256908
 39       1706       1833       2107      0.2569       1937        1937      0.0100      6.8300
ALPHA 1.0349 MaxIteration 4716  TIMEOUT 0.132705
 40       1703       1833       2107      0.1327       1937        1937      0.0100      7.0900
ALPHA 1.0349 MaxIteration 4880  TIMEOUT 0.161938
 41       1703       1833       2107      0.1619       1937        1937      0.0000      7.4100
ALPHA 1.0349 MaxIteration 5050  TIMEOUT 0.226208
 42       1706       1833       2107      0.2262       1937        1937      0.0100      7.8400
ALPHA 1.0349 MaxIteration 5226  TIMEOUT 0.236505
 43       1706       1833       2107      0.2365       1937        1937      0.0100      8.2800
ALPHA 1.0349 MaxIteration 5408  TIMEOUT 0.249893
 44       1706       1833       2107      0.2499       1937        1937      0.0200      8.7500
ALPHA 1.0349 MaxIteration 5596  TIMEOUT 0.157474
 45       1703       1833       2107      0.1575       1937        1937      0.0100      9.0500
ALPHA 1.0349 MaxIteration 5791  TIMEOUT 0.280554
 46       1706       1833       2107      0.2806       1937        1937      0.0200      9.5900
ALPHA 1.0349 MaxIteration 5992  TIMEOUT 0.166499
 47       1703       1833       2107      0.1665       1937        1937      0.0100      9.9100
ALPHA 1.0349 MaxIteration 6200  TIMEOUT 0.311214
 48       1706       1833       2107      0.3112       1937        1937      0.0000     10.5200
ALPHA 1.0349 MaxIteration 6416  TIMEOUT 0.290711
 49       1706       1833       2107      0.2907       1937        1937      0.0200     11.0800
ALPHA 1.0349 MaxIteration 6639  TIMEOUT 0.185978
 50       1703       1833       2107      0.1860       1937        1937      0.0100     11.4400
ALPHA 1.0349 MaxIteration 6870  TIMEOUT 0.351424
 51       1706       1833       2107      0.3514       1937        1937      0.0200     12.1300
ALPHA 1.0349 MaxIteration 7109  TIMEOUT 0.232696
 52       1703       1833       2107      0.2327       1937        1937      0.0100     12.5900
ALPHA 1.0349 MaxIteration 7356  TIMEOUT 0.237148
 53       1703       1833       2107      0.2371       1937        1937      0.0100     13.0500
ALPHA 1.0349 MaxIteration 7612  TIMEOUT 0.211485
 54       1703       1833       2107      0.2115       1937        1937      0.0100     13.4700
ALPHA 1.0349 MaxIteration 7877  TIMEOUT 0.267753
 55       1703       1833       2107      0.2678       1937        1937      0.0300     13.9700
ALPHA 1.0349 MaxIteration 8151  TIMEOUT 0.276934
 56       1703       1833       2107      0.2769       1937        1937      0.0100     14.5000
ALPHA 1.0349 MaxIteration 8435  TIMEOUT 0.230224
 57       1703       1833       2107      0.2302       1937        1937      0.0100     14.9500
ALPHA 1.0349 MaxIteration 8729  TIMEOUT 0.296915
 58       1703       1833       2107      0.2969       1937        1937      0.0100     15.5100
ALPHA 1.0349 MaxIteration 9033  TIMEOUT 0.290934
 59       1703       1833       2107      0.2909       1937        1937      0.0200     16.0600
ALPHA 1.0349 MaxIteration 9347  TIMEOUT 0.304840
 60       1703       1833       2107      0.3048       1937        1937      0.0100     16.6500
ALPHA 1.0349 MaxIteration 9672  TIMEOUT 0.315678
 61       1703       1833       2107      0.3157       1937        1937      0.0100     17.2600
ALPHA 1.0349 MaxIteration 10009  TIMEOUT 0.338746
 62       1703       1833       2107      0.3387       1937        1937      0.0200     17.9000
ALPHA 1.0349 MaxIteration 10357  TIMEOUT 0.391225
 63       1703       1833       2107      0.3912       1937        1937      0.0100     18.6600
ALPHA 1.0349 MaxIteration 10718  TIMEOUT 0.394347
 64       1703       1833       2107      0.3943       1937        1937      0.0200     19.4291
ALPHA 1.0349 MaxIteration 11091  TIMEOUT 0.408087
 65       1703       1833       2107      0.4081       1937        1937      0.0200     19.9800
ALPHA 1.0349 MaxIteration 11477  TIMEOUT 0.020002
 66       1680       1833       2112      0.0200>>> T1_200_250_7.wclq |V| 200 |E| 250  (#LB 0.0000 1833 ---> 1833  0.0567  1937 <--- 2011  0.0368 #UB)  #solve_ime 20.0000 read_time 0.0000 
