>>IBM: |V|=200 |E|=250
>>IBM: The maximum node weight is 49
/public/home/acs4vb4pqv/benchmarks/MWDS2026/T1_wclq/T1_200_250_7.wclq #seed 3 #alpha 1.900 #timeout 0.100 K=5 RHO=0.05 Q0=0.90 BETA=3.5 AQ_MODE=guarded SAFE_AQ_MIN_GAP=0.050 SAFE_AQ_MIN_NODES=800 AQ_SLOPE_MARGIN=1.05 AQ_MAX_UB_DRIFT=0.25
[v19] |V|=200 |E|=250 density=1.25 USE_ADVANCED=0
#Rd        #LB        #LB*       #UB       #Time        #UB+        #UB*      #Time      #TotalTime
First Gap  0.097109
ALPHA 1.9000 MaxIteration 500  TIMEOUT 0.036797
  1       1833       1833       2011      0.0368
 [AQ bandit arm] arm=1 gap=0.0971 density=1.25 |V|=200

 [AQ small-headroom probe] gap=0.0971 density=1.25 |V|=200 => Light RL (K=3, 5.0%)
ALPHA 1.9000 MaxIteration 3  TIMEOUT 0.003125
  2       1817       1833       2127      0.0031ALPHA 1.8304 MaxIteration 5  TIMEOUT 0.003469
  3       1835       1835       2196      0.0035ALPHA 1.7658 MaxIteration 9  TIMEOUT 0.006506
  4       1838       1838       2179      0.0065ALPHA 1.7056 MaxIteration 15  TIMEOUT 0.012933
  5       1845       1845       2104      0.0129ALPHA 1.6493 MaxIteration 25  TIMEOUT 0.018860
  6       1842       1845       2126      0.0189ALPHA 1.5966 MaxIteration 41  TIMEOUT 0.050484
  7       1847       1847       2122      0.0505ALPHA 1.5472 MaxIteration 65  TIMEOUT 0.059603
  8       1846       1847       2138      0.0596ALPHA 1.5008 MaxIteration 100  TIMEOUT 0.072896
  9       1853       1853       2141      0.0729ALPHA 1.4571 MaxIteration 150  TIMEOUT 0.126548
 10       1850       1853       2092      0.1265ALPHA 1.4158 MaxIteration 218  TIMEOUT 0.108322
 11       1823       1853       2080      0.1083 [AQ guard] no early LB gain, disabling AQ
       1937        1937      0.0100      0.5989
ALPHA 1.3768 MaxIteration 308  TIMEOUT 0.019696
 12       1841       1853       2020      0.0197       1948        1937      0.0100      0.6289
ALPHA 1.3399 MaxIteration 424  TIMEOUT 0.024602
 13       1836       1853       2009      0.0246       1937        1937      0.0200      0.6789
ALPHA 1.3049 MaxIteration 568  TIMEOUT 0.038194
 14       1845       1853       2019      0.0382       1937        1937      0.0300      0.7389
ALPHA 1.2718 MaxIteration 741  TIMEOUT 0.072820
 15       1838       1853       2020      0.0728       1937        1937      0.0200      0.8789
ALPHA 1.2402 MaxIteration 942  TIMEOUT 0.121843
 16       1844       1853       2022      0.1218       1937        1937      0.0000      1.1189
ALPHA 1.2102 MaxIteration 1168  TIMEOUT 0.108699
 17       1839       1853       2003      0.1087       1937        1937      0.0100      1.3189
ALPHA 1.1816 MaxIteration 1413  TIMEOUT 0.084137
 18       1831       1853       2029      0.0841       1937        1937      0.0100      1.4789
ALPHA 1.1543 MaxIteration 1669  TIMEOUT 0.176273
 19       1842       1853       2015      0.1763       1937        1937      0.0000      1.8189
ALPHA 1.1283 MaxIteration 1926  TIMEOUT 0.104692
 20       1834       1853       2022      0.1047       1937        1937      0.0100      2.0189
ALPHA 1.1034 MaxIteration 2173  TIMEOUT 0.217169
 21       1845       1853       1999      0.2172       1937        1937      0.0100      2.4289
ALPHA 1.0795 MaxIteration 2397  TIMEOUT 0.143028
 22       1843       1853       1974      0.1430       1937        1937      0.0100      2.7089
ALPHA 1.0567 MaxIteration 2587  TIMEOUT 0.192289
 23       1838       1853       1996      0.1923       1937        1937      0.0300      3.0889
ALPHA 1.0349 MaxIteration 2733  TIMEOUT 0.195638
 24       1834       1853       1998      0.1956       1937        1937      0.0200      3.4689
ALPHA 1.0349 MaxIteration 2828  TIMEOUT 0.188653
 25       1837       1853       2017      0.1887       1937        1937      0.0100      3.8289
ALPHA 1.0349 MaxIteration 2926  TIMEOUT 0.328330
 26       1843       1853       1997      0.3283       1937        1937      0.0100      4.4589
ALPHA 1.0349 MaxIteration 3027  TIMEOUT 0.239037
 27       1838       1853       2004      0.2390       1937        1937      0.0100      4.9189
ALPHA 1.0349 MaxIteration 3132  TIMEOUT 0.235382
 28       1835       1853       2019      0.2354       1937        1937      0.0100      5.3689
ALPHA 1.0349 MaxIteration 3241  TIMEOUT 0.224089
 29       1830       1853       2008      0.2241       1937        1937      0.0100      5.8089
ALPHA 1.0349 MaxIteration 3353  TIMEOUT 0.324104
 30       1843       1853       2000      0.3241       1937        1937      0.0200      6.4266
ALPHA 1.0349 MaxIteration 3469  TIMEOUT 0.299541
 31       1835       1853       2016      0.2995       1937        1937      0.0100      6.9989
ALPHA 1.0349 MaxIteration 3589  TIMEOUT 0.253328
 32       1837       1853       2016      0.2533       1937        1937      0.0000      7.4966
ALPHA 1.0349 MaxIteration 3714  TIMEOUT 0.213567
 33       1838       1853       2036      0.2136       1937        1937      0.0300      7.9096
ALPHA 1.0349 MaxIteration 3843  TIMEOUT 0.213812
 34       1837       1853       2010      0.2138       1937        1937      0.0100      8.3286
ALPHA 1.0349 MaxIteration 3976  TIMEOUT 0.263409
 35       1833       1853       2021      0.2634       1937        1937      0.0000      8.8389
ALPHA 1.0349 MaxIteration 4114  TIMEOUT 0.287323
 36       1840       1853       2016      0.2873       1937        1937      0.0100      9.3789
ALPHA 1.0349 MaxIteration 4257  TIMEOUT 0.242449
 37       1836       1853       2008      0.2424       1937        1937      0.0100      9.8389
ALPHA 1.0349 MaxIteration 4405  TIMEOUT 0.374631
 38       1836       1853       2011      0.3746       1937        1937      0.0100     10.5589
ALPHA 1.0349 MaxIteration 4558  TIMEOUT 0.326081
 39       1834       1853       1981      0.3261       1937        1937      0.0100     11.1755
ALPHA 1.0349 MaxIteration 4716  TIMEOUT 0.237026
 40       1818       1853       2025      0.2370       1937        1937      0.0100     11.6389
ALPHA 1.0349 MaxIteration 4880  TIMEOUT 0.195075
 41       1808       1853       2010      0.1951       1937        1937      0.0100     12.0189
ALPHA 1.0349 MaxIteration 5050  TIMEOUT 0.334022
 42       1848       1853       1993      0.3340       1937        1937      0.0100     12.6589
ALPHA 1.0349 MaxIteration 5226  TIMEOUT 0.383747
 43       1832       1853       2037      0.3837       1937        1937      0.0000     13.3989
ALPHA 1.0349 MaxIteration 5408  TIMEOUT 0.278428
 44       1841       1853       1993      0.2784       1937        1937      0.0300     13.9289
ALPHA 1.0349 MaxIteration 5596  TIMEOUT 0.284421
 45       1837       1853       2030      0.2844       1937        1937      0.0100     14.4789
ALPHA 1.0349 MaxIteration 5791  TIMEOUT 0.312617
 46       1835       1853       2020      0.3126       1937        1937      0.0200     15.0889
ALPHA 1.0349 MaxIteration 5992  TIMEOUT 0.406718
 47       1836       1853       2028      0.4067       1937        1937      0.0100     15.8689
ALPHA 1.0349 MaxIteration 6200  TIMEOUT 0.577933
 48       1830       1853       2023      0.5779       1937        1937      0.0200     16.9789
ALPHA 1.0349 MaxIteration 6416  TIMEOUT 0.212029
 49       1816       1853       2054      0.2120       1937        1937      0.0200     17.3789
ALPHA 1.0349 MaxIteration 6639  TIMEOUT 0.196086
 50       1796       1853       2046      0.1961       1937        1937      0.0300     17.7589
ALPHA 1.0349 MaxIteration 6870  TIMEOUT 0.472547
 51       1817       1853       2040      0.4725       1937        1937      0.0000     18.6589
ALPHA 1.0349 MaxIteration 7109  TIMEOUT 0.359517
 52       1815       1853       2041      0.3595       1937        1937      0.0100     19.3443
ALPHA 1.0349 MaxIteration 7356  TIMEOUT 0.262638
 53       1809       1853       2050      0.2626       1937        1937      0.0200     19.8489
ALPHA 1.0349 MaxIteration 7612  TIMEOUT 0.151101
 54       1797       1853       2102      0.1511>>> T1_200_250_7.wclq |V| 200 |E| 250  (#LB 0.0109 1833 ---> 1853  0.0453  1937 <--- 2011  0.0368 #UB)  #solve_ime 20.0000 read_time 0.0011 
