With  Parameters CUTOFF 20 SEED 101  ALPHA = 1.900  K=5 RHO=0.05 Q0=0.90 BETA=3.0 AQ_MODE=guarded
Reading  graph ...  time 0.000661  
Reducing graph ...  time 0.000097  
[v6] |V|=1000 |E|=1000 density=1.00 USE_ADVANCED=1 SAFE_AQ_MIN_GAP=0.050 DEEP_AQ_RANGE=[800, 5.00, 10.00] structure_blocks_aq=1 AQ_SLOPE_MARGIN=1.15 AQ_MAX_UB_DRIFT=0.20
#Rd        #LB        #LB*       #UB       #Time        #UB+        #UB*      #Time      #TotalTime
First Gap  0.099244
  1      10318      10318      11342      0.2678 [AQ bandit arm] arm=0 gap=0.0992 density=1.00 |V|=1000

 Switch to DBS-only search, timeout 0.267807....
 [Online-safe AQ structure guard] |V|=1000 density=1.00 outside [800, 5.00, 10.00], disabling AQ
      10815       10815      0.1464        0.8068
ALPHA 1.9000 MaxIteration 3  TIMEOUT 0.267807
  2      10294      10318      11639      0.0008      11222       10815      0.0003        0.8085
ALPHA 1.8304 MaxIteration 5  TIMEOUT 0.001583
  3      10290      10318      11859      0.0013      11096       10815      0.0006        0.8110
ALPHA 1.7658 MaxIteration 9  TIMEOUT 0.002303
  4      10284      10318      11940      0.0020      11165       10815      0.0003        0.8151
ALPHA 1.7056 MaxIteration 15  TIMEOUT 0.003581
  5      10265      10318      11787      0.0032      11154       10815      0.0006        0.8328
ALPHA 1.6493 MaxIteration 25  TIMEOUT 0.005391
  6      10241      10318      11825      0.0051      11160       10815      0.0050        0.8430
ALPHA 1.5966 MaxIteration 41  TIMEOUT 0.008380
  7      10240      10318      11866      0.0086      10914       10815      0.0068        0.8848
ALPHA 1.5472 MaxIteration 65  TIMEOUT 0.013677
  8      10246      10318      11812      0.0137      10910       10815      0.0130        0.9253
ALPHA 1.5008 MaxIteration 100  TIMEOUT 0.021270
  9      10285      10318      11831      0.0214      10916       10815      0.0184        0.9682
ALPHA 1.4571 MaxIteration 150  TIMEOUT 0.032183
 10      10243      10318      11831      0.0322      10838       10815      0.0183        1.0326
ALPHA 1.4158 MaxIteration 218  TIMEOUT 0.046939
 11      10273      10318      11778      0.0471      10823       10815      0.0371        1.1268
ALPHA 1.3768 MaxIteration 308  TIMEOUT 0.066615
 12      10290      10318      11721      0.0667      10822       10815      0.0667        1.2603
ALPHA 1.3399 MaxIteration 424  TIMEOUT 0.091893
 13      10291      10318      11715      0.0919      10796       10796      0.0785        1.4442
ALPHA 1.3049 MaxIteration 568  TIMEOUT 0.123180
 14      10302      10318      11711      0.1234      10811       10796      0.1124        1.6919
ALPHA 1.2718 MaxIteration 741  TIMEOUT 0.160979
 15      10312      10318      11641      0.1612      10801       10796      0.1579        2.0143
ALPHA 1.2402 MaxIteration 942  TIMEOUT 0.204980
 16      10325      10325      11658      0.2050      10799       10796      0.0414        2.4244
ALPHA 1.2102 MaxIteration 1168  TIMEOUT 0.254276
 17      10325      10325      11594      0.2407      10802       10796      0.0737        2.9057
ALPHA 1.1816 MaxIteration 1413  TIMEOUT 0.291232
 18      10326      10326      11595      0.2914      10791       10791      0.1793        3.4895
ALPHA 1.1543 MaxIteration 1669  TIMEOUT 0.344267
 19      10326      10326      11608      0.3438      10795       10791      0.2082        4.1781
ALPHA 1.1283 MaxIteration 1926  TIMEOUT 0.396829
 20      10327      10327      11563      0.3970      10796       10791      0.2286        4.9722
ALPHA 1.1034 MaxIteration 2173  TIMEOUT 0.447949
 21      10347      10347      11533      0.4480      10791       10791      0.3748        5.8744
ALPHA 1.0795 MaxIteration 2397  TIMEOUT 0.494361
 22      10389      10389      11537      0.4945      10780       10780      0.1594        6.8634
ALPHA 1.0567 MaxIteration 2587  TIMEOUT 0.533816
 23      10397      10397      11513      0.5340      10792       10780      0.3101        7.9325
ALPHA 1.0349 MaxIteration 2733  TIMEOUT 0.564303
 24      10406      10406      11505      0.5644      10794       10780      0.2240        9.0613
ALPHA 1.0349 MaxIteration 2828  TIMEOUT 0.584022
 25      10409      10409      11489      0.5841      10794       10780      0.1939       10.2317
ALPHA 1.0349 MaxIteration 2926  TIMEOUT 0.604507
 26      10409      10409      11503      0.5775      10780       10780      0.4081       11.3869
ALPHA 1.0349 MaxIteration 3027  TIMEOUT 0.597680
 27      10395      10409      11522      0.5977      10788       10780      0.4874       12.5854
ALPHA 1.0349 MaxIteration 3132  TIMEOUT 0.618572
 28      10409      10409      11535      0.6146      10795       10780      0.5359       13.8206
ALPHA 1.0349 MaxIteration 3241  TIMEOUT 0.635994
 29      10403      10409      11512      0.6361      10776       10776      4.8025       19.9998
>>> T1_1000_1000_2.wclq |V| 1000 |E| 1000  (#LB 0.0088 10318 ---> 10409  0.0341  10776 <--- 11342  0.0499 #UB)  #read_time 0.0007  #reduce_time 0.0001  #solve_time 19.9998  #total_time 20.0006
 