With  Parameters CUTOFF 20 SEED 3  ALPHA = 1.900  K=5 RHO=0.05 Q0=0.90 BETA=3.0 AQ_MODE=guarded
Reading  graph ...  time 0.000226  
Reducing graph ...  time 0.000039  
[v6] |V|=200 |E|=250 density=1.25 USE_ADVANCED=0 SAFE_AQ_MIN_GAP=0.050 DEEP_AQ_RANGE=[800, 5.00, 10.00] structure_blocks_aq=1 AQ_SLOPE_MARGIN=1.15 AQ_MAX_UB_DRIFT=0.20
#Rd        #LB        #LB*       #UB       #Time        #UB+        #UB*      #Time      #TotalTime
First Gap  0.090909
  1       1848       1848       2016      0.0217 [AQ bandit arm] arm=0 gap=0.0909 density=1.25 |V|=200

 Switch to DBS-only search, timeout 0.021696....
 [Online-safe AQ structure guard] |V|=200 density=1.25 outside [800, 5.00, 10.00], disabling AQ
       1937        1937      0.0162        0.0634
ALPHA 1.9000 MaxIteration 3  TIMEOUT 0.021696
  2       1823       1848       2050      0.0002       1984        1937      0.0001        0.0638
ALPHA 1.8304 MaxIteration 5  TIMEOUT 0.000294
  3       1837       1848       2102      0.0003       1956        1937      0.0002        0.0644
ALPHA 1.7658 MaxIteration 9  TIMEOUT 0.000555
  4       1811       1848       2103      0.0003       1992        1937      0.0003        0.0651
ALPHA 1.7056 MaxIteration 15  TIMEOUT 0.000613
  5       1822       1848       2048      0.0006       1977        1937      0.0006        0.0664
ALPHA 1.6493 MaxIteration 25  TIMEOUT 0.001095
  6       1831       1848       2058      0.0010       1948        1937      0.0006        0.0684
ALPHA 1.5966 MaxIteration 41  TIMEOUT 0.001681
  7       1850       1850       2025      0.0016       1954        1937      0.0007        0.0847
ALPHA 1.5472 MaxIteration 65  TIMEOUT 0.002590
  8       1850       1850       2025      0.0020       1954        1937      0.0013        0.0888
ALPHA 1.5008 MaxIteration 100  TIMEOUT 0.003167
  9       1858       1858       2025      0.0032       1937        1937      0.0018        0.1076
ALPHA 1.4571 MaxIteration 150  TIMEOUT 0.004788
 10       1858       1858       2068      0.0048       1940        1937      0.0025        0.1172
ALPHA 1.4158 MaxIteration 218  TIMEOUT 0.007022
 11       1865       1865       2073      0.0070       1937        1937      0.0023        0.1453
ALPHA 1.3768 MaxIteration 308  TIMEOUT 0.009946
 12       1865       1865       2027      0.0100       1940        1937      0.0013        0.1856
ALPHA 1.3399 MaxIteration 424  TIMEOUT 0.013724
 13       1870       1870       2045      0.0138       1937        1937      0.0096        0.2244
ALPHA 1.3049 MaxIteration 568  TIMEOUT 0.018437
 14       1870       1870       2038      0.0184       1937        1937      0.0013        0.2614
ALPHA 1.2718 MaxIteration 741  TIMEOUT 0.024074
 15       1870       1870       2028      0.0241       1937        1937      0.0010        0.3095
ALPHA 1.2402 MaxIteration 942  TIMEOUT 0.030628
 16       1870       1870       2032      0.0306       1937        1937      0.0019        0.3708
ALPHA 1.2102 MaxIteration 1168  TIMEOUT 0.037998
 17       1870       1870       2032      0.0370       1937        1937      0.0028        0.4459
ALPHA 1.1816 MaxIteration 1413  TIMEOUT 0.044806
 18       1873       1873       2028      0.0448       1937        1937      0.0018        0.5356
ALPHA 1.1543 MaxIteration 1669  TIMEOUT 0.052980
 19       1873       1873       2037      0.0530       1937        1937      0.0014        0.6417
ALPHA 1.1283 MaxIteration 1926  TIMEOUT 0.061168
 20       1873       1873       2037      0.0612       1937        1937      0.0037        0.7641
ALPHA 1.1034 MaxIteration 2173  TIMEOUT 0.069033
 21       1873       1873       2030      0.0691       1937        1937      0.0029        0.9022
ALPHA 1.0795 MaxIteration 2397  TIMEOUT 0.076192
 22       1873       1873       2037      0.0754       1937        1937      0.0086        1.0550
ALPHA 1.0567 MaxIteration 2587  TIMEOUT 0.081345
 23       1873       1873       2037      0.0807       1937        1937      0.0045        1.2185
ALPHA 1.0349 MaxIteration 2733  TIMEOUT 0.085296
 24       1873       1873       2037      0.0853       1937        1937      0.0019        1.3911
ALPHA 1.0349 MaxIteration 2828  TIMEOUT 0.088293
 25       1878       1878       2043      0.0883       1937        1937      0.0055        1.5688
ALPHA 1.0349 MaxIteration 2926  TIMEOUT 0.091394
 26       1878       1878       2005      0.0914       1937        1937      0.0019        1.7537
ALPHA 1.0349 MaxIteration 3027  TIMEOUT 0.094593
 27       1878       1878       2026      0.0946       1937        1937      0.0099        1.9450
ALPHA 1.0349 MaxIteration 3132  TIMEOUT 0.097915
 28       1878       1878       2043      0.0979       1937        1937      0.0016        2.1419
ALPHA 1.0349 MaxIteration 3241  TIMEOUT 0.101357
 29       1878       1878       2026      0.1014       1937        1937      0.0081        2.3448
ALPHA 1.0349 MaxIteration 3353  TIMEOUT 0.104937
 30       1878       1878       2043      0.1049       1937        1937      0.0038        2.5558
ALPHA 1.0349 MaxIteration 3469  TIMEOUT 0.108598
 31       1878       1878       2025      0.0982       1937        1937      0.0013        2.7552
ALPHA 1.0349 MaxIteration 3589  TIMEOUT 0.101599
 32       1878       1878       2037      0.1016       1937        1937      0.0055        2.9594
ALPHA 1.0349 MaxIteration 3714  TIMEOUT 0.105153
 33       1878       1878       2037      0.1052       1937        1937      0.0020        3.1708
ALPHA 1.0349 MaxIteration 3843  TIMEOUT 0.108833
 34       1878       1878       2028      0.1088       1937        1937      0.0013        3.3886
ALPHA 1.0349 MaxIteration 3976  TIMEOUT 0.112642
 35       1878       1878       2026      0.1127       1937        1937      0.0029        3.6159
ALPHA 1.0349 MaxIteration 4114  TIMEOUT 0.116586
 36       1878       1878       2037      0.1166       1937        1937      0.0020        3.8502
ALPHA 1.0349 MaxIteration 4257  TIMEOUT 0.120674
 37       1878       1878       2018      0.1207       1937        1937      0.0052        4.0946
ALPHA 1.0349 MaxIteration 4405  TIMEOUT 0.124905
 38       1880       1880       2019      0.1249       1937        1937      0.0043        4.3456
ALPHA 1.0349 MaxIteration 4558  TIMEOUT 0.129291
 39       1880       1880       2005      0.1293       1937        1937      0.0008        4.6082
ALPHA 1.0349 MaxIteration 4716  TIMEOUT 0.133827
 40       1880       1880       2028      0.1339       1937        1937      0.0014        4.8780
ALPHA 1.0349 MaxIteration 4880  TIMEOUT 0.138521
 41       1880       1880       2028      0.1385       1937        1937      0.0030        5.1581
ALPHA 1.0349 MaxIteration 5050  TIMEOUT 0.143356
 42       1880       1880       2028      0.1434       1937        1937      0.0034        5.4459
ALPHA 1.0349 MaxIteration 5226  TIMEOUT 0.148382
 43       1880       1880       2028      0.1484       1937        1937      0.0065        5.7437
ALPHA 1.0349 MaxIteration 5408  TIMEOUT 0.153573
 44       1880       1880       2019      0.1536       1937        1937      0.0032        6.0611
ALPHA 1.0349 MaxIteration 5596  TIMEOUT 0.158933
 45       1880       1880       2025      0.1590       1937        1937      0.0161        6.3810
ALPHA 1.0349 MaxIteration 5791  TIMEOUT 0.164503
 46       1880       1880       2028      0.1645       1937        1937      0.0123        6.7112
ALPHA 1.0349 MaxIteration 5992  TIMEOUT 0.170279
 47       1880       1880       2019      0.1703       1937        1937      0.0048        7.0558
ALPHA 1.0349 MaxIteration 6200  TIMEOUT 0.176218
 48       1880       1880       2034      0.1762       1937        1937      0.0027        7.4113
ALPHA 1.0349 MaxIteration 6416  TIMEOUT 0.182369
 49       1880       1880       2023      0.1824       1937        1937      0.0034        7.7811
ALPHA 1.0349 MaxIteration 6639  TIMEOUT 0.188759
 50       1880       1880       2027      0.1888       1937        1937      0.0019        8.1607
ALPHA 1.0349 MaxIteration 6870  TIMEOUT 0.195344
 51       1880       1880       2019      0.1953       1937        1937      0.0019        8.5535
ALPHA 1.0349 MaxIteration 7109  TIMEOUT 0.202158
 52       1880       1880       2023      0.2022       1937        1937      0.0052        8.9589
ALPHA 1.0349 MaxIteration 7356  TIMEOUT 0.209221
 53       1880       1880       2028      0.2092       1937        1937      0.0094        9.3794
ALPHA 1.0349 MaxIteration 7612  TIMEOUT 0.216526
 54       1880       1880       2028      0.2165       1937        1937      0.0022        9.8165
ALPHA 1.0349 MaxIteration 7877  TIMEOUT 0.224095
 55       1880       1880       2028      0.2241       1937        1937      0.0064       10.2688
ALPHA 1.0349 MaxIteration 8151  TIMEOUT 0.231912
 56       1880       1880       2019      0.2319       1937        1937      0.0032       10.7357
ALPHA 1.0349 MaxIteration 8435  TIMEOUT 0.240003
 57       1880       1880       2024      0.2400       1937        1937      0.0032       11.2168
ALPHA 1.0349 MaxIteration 8729  TIMEOUT 0.248392
 58       1880       1880       2027      0.2484       1937        1937      0.0050       11.7157
ALPHA 1.0349 MaxIteration 9033  TIMEOUT 0.257064
 59       1880       1880       2028      0.2544       1937        1937      0.0058       12.2307
ALPHA 1.0349 MaxIteration 9347  TIMEOUT 0.263309
 60       1880       1880       2019      0.2633       1937        1937      0.0017       12.7594
ALPHA 1.0349 MaxIteration 9672  TIMEOUT 0.272511
 61       1880       1880       2032      0.2725       1937        1937      0.0017       13.3075
ALPHA 1.0349 MaxIteration 10009  TIMEOUT 0.282029
 62       1880       1880       2036      0.2820       1937        1937      0.0017       19.9999
>>> T1_200_250_7.wclq |V| 200 |E| 250  (#LB 0.0173 1848 ---> 1880  0.0294  1937 <--- 2016  0.0392 #UB)  #read_time 0.0002  #reduce_time 0.0000  #solve_time 20.0000  #total_time 20.0002
 