With  Parameters CUTOFF 20 SEED 103  ALPHA = 1.900  K=5 RHO=0.05 Q0=0.90 BETA=3.0 AQ_MODE=guarded
Reading  graph ...  time 0.000672  
Reducing graph ...  time 0.000107  
[v6] |V|=1000 |E|=1000 density=1.00 USE_ADVANCED=1 SAFE_AQ_MIN_GAP=0.050 DEEP_AQ_RANGE=[800, 5.00, 10.00] structure_blocks_aq=1 AQ_SLOPE_MARGIN=1.15 AQ_MAX_UB_DRIFT=0.20
#Rd        #LB        #LB*       #UB       #Time        #UB+        #UB*      #Time      #TotalTime
First Gap  0.099244
  1      10318      10318      11342      0.2853 [AQ bandit arm] arm=0 gap=0.0992 density=1.00 |V|=1000

 Switch to DBS-only search, timeout 0.285266....
 [Online-safe AQ structure guard] |V|=1000 density=1.00 outside [800, 5.00, 10.00], disabling AQ
      10800       10800      0.1853        0.5708
ALPHA 1.9000 MaxIteration 3  TIMEOUT 0.285266
  2      10293      10318      11574      0.0009      11164       10800      0.0007        0.5726
ALPHA 1.8304 MaxIteration 5  TIMEOUT 0.001712
  3      10238      10318      11677      0.0014      11138       10800      0.0007        0.5754
ALPHA 1.7658 MaxIteration 9  TIMEOUT 0.002541
  4      10288      10318      11731      0.0027      11120       10800      0.0008        0.5809
ALPHA 1.7056 MaxIteration 15  TIMEOUT 0.004805
  5      10252      10318      11801      0.0049      11165       10800      0.0003        0.5908
ALPHA 1.6493 MaxIteration 25  TIMEOUT 0.008429
  6      10268      10318      11854      0.0086      11017       10800      0.0057        0.6080
ALPHA 1.5966 MaxIteration 41  TIMEOUT 0.014204
  7      10265      10318      11838      0.0092      10853       10800      0.0090        0.6264
ALPHA 1.5472 MaxIteration 65  TIMEOUT 0.014672
  8      10252      10318      11791      0.0147      10928       10800      0.0082        0.6559
ALPHA 1.5008 MaxIteration 100  TIMEOUT 0.022811
  9      10263      10318      11765      0.0229      10843       10800      0.0221        0.7017
ALPHA 1.4571 MaxIteration 150  TIMEOUT 0.034341
 10      10267      10318      11727      0.0345      10840       10800      0.0224        0.7708
ALPHA 1.4158 MaxIteration 218  TIMEOUT 0.050312
 11      10255      10318      11751      0.0504      10829       10800      0.0427        0.8716
ALPHA 1.3768 MaxIteration 308  TIMEOUT 0.071334
 12      10293      10318      11730      0.0714      10824       10800      0.0373        1.0145
ALPHA 1.3399 MaxIteration 424  TIMEOUT 0.098321
 13      10273      10318      11664      0.0985      10822       10800      0.0377        1.2114
ALPHA 1.3049 MaxIteration 568  TIMEOUT 0.131915
 14      10295      10318      11716      0.1320      10789       10789      0.0992        1.4754
ALPHA 1.2718 MaxIteration 741  TIMEOUT 0.172215
 15      10293      10318      11634      0.1723      10798       10789      0.0655        1.8199
ALPHA 1.2402 MaxIteration 942  TIMEOUT 0.219061
 16      10295      10318      11690      0.2192      10796       10789      0.1077        2.2583
ALPHA 1.2102 MaxIteration 1168  TIMEOUT 0.271815
 17      10323      10323      11627      0.2720      10788       10788      0.1850        2.8023
ALPHA 1.1816 MaxIteration 1413  TIMEOUT 0.329153
 18      10323      10323      11666      0.3095      10794       10788      0.2885        3.4213
ALPHA 1.1543 MaxIteration 1669  TIMEOUT 0.365717
 19      10341      10341      11640      0.3659      10787       10787      0.1605        4.1532
ALPHA 1.1283 MaxIteration 1926  TIMEOUT 0.422354
 20      10339      10341      11610      0.4224      10790       10787      0.1840        4.9980
ALPHA 1.1034 MaxIteration 2173  TIMEOUT 0.476560
 21      10331      10341      11567      0.4766      10782       10782      0.3830        5.9553
ALPHA 1.0795 MaxIteration 2397  TIMEOUT 0.525908
 22      10367      10367      11465      0.5259      10784       10782      0.4456        7.0072
ALPHA 1.0567 MaxIteration 2587  TIMEOUT 0.567785
 23      10394      10394      11512      0.5679      10792       10782      0.2886        8.1460
ALPHA 1.0349 MaxIteration 2733  TIMEOUT 0.600098
 24      10394      10394      11518      0.5772      10790       10782      0.4540        9.3014
ALPHA 1.0349 MaxIteration 2828  TIMEOUT 0.597299
 25      10394      10394      11519      0.5878      10797       10782      0.2400       10.4790
ALPHA 1.0349 MaxIteration 2926  TIMEOUT 0.608256
 26      10392      10394      11521      0.6083      10793       10782      0.2331       11.6986
ALPHA 1.0349 MaxIteration 3027  TIMEOUT 0.629499
 27      10395      10395      11476      0.6296      10793       10782      0.5651       12.9599
ALPHA 1.0349 MaxIteration 3132  TIMEOUT 0.651581
 28      10401      10401      11479      0.6450      10772       10772      5.8125       19.9998
>>> T1_1000_1000_2.wclq |V| 1000 |E| 1000  (#LB 0.0080 10318 ---> 10401  0.0344  10772 <--- 11342  0.0503 #UB)  #read_time 0.0007  #reduce_time 0.0001  #solve_time 19.9998  #total_time 20.0006
 