>>IBM: |V|=27769 |E|=352285
>>IBM: The maximum node weight is 200
/public/home/acs4vb4pqv/benchmarks/MWDS2026/SNAP/Cit-HepTh.clq #seed 103 #alpha 1.900 #timeout 0.300 K=5 RHO=0.05 Q0=0.90 BETA=3.5 AQ_MODE=guarded SAFE_AQ_MIN_GAP=0.050 SAFE_AQ_MIN_NODES=800 AQ_SLOPE_MARGIN=1.05 AQ_MAX_UB_DRIFT=0.25
[v19] |V|=27769 |E|=352285 density=12.69 USE_ADVANCED=1
#Rd        #LB        #LB*       #UB       #Time        #UB+        #UB*      #Time      #TotalTime
First Gap  0.014591
ALPHA 1.9000 MaxIteration 50  TIMEOUT 1.409986
  1     213014     213014     216122      1.4100
 [AQ bandit arm] arm=4 gap=0.0146 density=12.69 |V|=27769
 [AQ bandit] UB_FOCUS/DBS-safe => No RL
     215293      215293      0.0000      2.8492
ALPHA 1.9000 MaxIteration 3  TIMEOUT 0.126111
  2     211974     213014     217658      0.1261     216725      215293      0.0000      3.1192
ALPHA 1.8304 MaxIteration 5  TIMEOUT 0.203000
  3     212083     213014     217437      0.2030     216431      215293      0.0000      3.5395
ALPHA 1.7658 MaxIteration 9  TIMEOUT 0.427847
  4     212409     213014     217173      0.4278     216344      215293      0.0000      4.4092
ALPHA 1.7056 MaxIteration 15  TIMEOUT 1.117614
  5     212710     213014     216981      1.1176     215973      215293      0.0000      6.6493
ALPHA 1.6493 MaxIteration 25  TIMEOUT 1.873027
  6     211151     213014     217477      1.8730
 [LB Done] stag=5 elapsed=42.6% => 11.5s to UB
     215582      215293     10.0300     19.9191
>>> Cit-HepTh.clq |V| 27769 |E| 352285  (#LB 0.0000 213014 ---> 213014  0.0107  215293 <--- 216122  0.0038 #UB)  #solve_ime 19.9197 read_time 0.0809 
