With  Parameters CUTOFF 20 SEED 103  ALPHA = 1.900  K=5 RHO=0.05 Q0=0.90 BETA=3.0 AQ_MODE=dbs
Reading  graph ...  time 0.127187  
Reducing graph ...  time 0.012132  
[v6] |V|=82168 |E|=504230 density=6.14 USE_ADVANCED=1 SAFE_AQ_MIN_GAP=0.050 DEEP_AQ_RANGE=[800, 5.00, 10.00] structure_blocks_aq=0 AQ_SLOPE_MARGIN=1.15 AQ_MAX_UB_DRIFT=0.20
#Rd        #LB        #LB*       #UB       #Time        #UB+        #UB*      #Time      #TotalTime
First Gap  0.000488
  1    1142491    1142491    1143048      3.2182 [AQ bandit arm] arm=4 gap=0.0005 density=6.14 |V|=82168

 Switch to DBS-only search, timeout 3.218210....
 [Online-safe AQ first-gap guard] FIRST_GAP 0.0005 < 0.0500, disabling AQ
    1143089     1143089      2.5623        6.4606
ALPHA 1.9000 MaxIteration 3  TIMEOUT 3.218210
  2    1142491    1142491    1143149      0.0170    1144308     1143089      0.0058        6.5013
ALPHA 1.8304 MaxIteration 5  TIMEOUT 0.032260
  3    1142491    1142491    1143149      0.0177    1144326     1143089      0.0050        6.5416
ALPHA 1.7658 MaxIteration 9  TIMEOUT 0.032419
  4    1142491    1142491    1143149      0.0270    1144326     1143089      0.0051        6.6005
ALPHA 1.7056 MaxIteration 15  TIMEOUT 0.047634
  5    1142491    1142491    1143152      0.0398    1144326     1143089      0.0058        6.6849
ALPHA 1.6493 MaxIteration 25  TIMEOUT 0.067953
  6    1142491    1142491    1143149      0.0655    1144326     1143089      0.0060        6.8200
ALPHA 1.5966 MaxIteration 41  TIMEOUT 0.107970
  7    1142491    1142491    1143172      0.1042    1144043     1143089      0.0943        7.0335
ALPHA 1.5472 MaxIteration 65  TIMEOUT 0.166383
  8    1142491    1142491    1143172      0.1680    1143807     1143089      0.1465        7.3753
ALPHA 1.5008 MaxIteration 100  TIMEOUT 0.259902
  9    1142491    1142491    1143172      0.2562    1143678     1143089      0.2513        7.8919
ALPHA 1.4571 MaxIteration 150  TIMEOUT 0.384493
 10    1142491    1142491    1143172      0.3794    1143357     1143089      0.3276        8.6542
ALPHA 1.4158 MaxIteration 218  TIMEOUT 0.552861
 11    1142491    1142491    1143172      0.5531    1143315     1143089      0.4978        9.7655
ALPHA 1.3768 MaxIteration 308  TIMEOUT 0.783143
 12    1142491    1142491    1143172      0.7772    1143281     1143089      0.6800       11.3233
ALPHA 1.3399 MaxIteration 424  TIMEOUT 1.070105
 13    1142491    1142491    1143172      1.0727    1143154     1143089      1.0480       13.4723
ALPHA 1.3049 MaxIteration 568  TIMEOUT 1.437304
 14    1142491    1142491    1143172      1.4115    1143037     1143037      1.5441       19.9964
>>> Slashdot0902.clq |V| 82168 |E| 504230  (#LB 0.0000 1142491 ---> 1142491  0.0005  1143037 <--- 1143048  0.0000 #UB)  #read_time 0.1272  #reduce_time 0.0121  #solve_time 19.9965  #total_time 20.1358
 