With  Parameters CUTOFF 20 SEED 3  ALPHA = 1.900  K=5 RHO=0.05 Q0=0.90 BETA=3.0 AQ_MODE=dbs
Reading  graph ...  time 0.000737  
Reducing graph ...  time 0.000100  
[v6] |V|=1000 |E|=1000 density=1.00 USE_ADVANCED=1 SAFE_AQ_MIN_GAP=0.050 DEEP_AQ_RANGE=[800, 5.00, 10.00] structure_blocks_aq=1 AQ_SLOPE_MARGIN=1.15 AQ_MAX_UB_DRIFT=0.20
#Rd        #LB        #LB*       #UB       #Time        #UB+        #UB*      #Time      #TotalTime
First Gap  0.099244
  1      10318      10318      11342      0.2767 [AQ bandit arm] arm=4 gap=0.0992 density=1.00 |V|=1000

 Switch to DBS-only search, timeout 0.276693....
 [Online-safe AQ structure guard] |V|=1000 density=1.00 outside [800, 5.00, 10.00], disabling AQ
      10788       10788      0.0986        0.5535
ALPHA 1.9000 MaxIteration 3  TIMEOUT 0.276693
  2      10287      10318      11577      0.0013      11205       10788      0.0005        0.5562
ALPHA 1.8304 MaxIteration 5  TIMEOUT 0.002529
  3      10273      10318      11738      0.0013      11181       10788      0.0004        0.5589
ALPHA 1.7658 MaxIteration 9  TIMEOUT 0.002440
  4      10260      10318      11872      0.0022      11162       10788      0.0006        0.5634
ALPHA 1.7056 MaxIteration 15  TIMEOUT 0.003917
  5      10256      10318      11844      0.0040      11159       10788      0.0006        0.5714
ALPHA 1.6493 MaxIteration 25  TIMEOUT 0.006790
  6      10240      10318      11903      0.0068      11009       10788      0.0068        0.5850
ALPHA 1.5966 MaxIteration 41  TIMEOUT 0.011210
  7      10238      10318      11845      0.0113      10917       10788      0.0113        0.6076
ALPHA 1.5472 MaxIteration 65  TIMEOUT 0.018071
  8      10242      10318      11837      0.0152      10899       10788      0.0119        0.6380
ALPHA 1.5008 MaxIteration 100  TIMEOUT 0.023493
  9      10236      10318      11907      0.0236      10896       10788      0.0223        0.6852
ALPHA 1.4571 MaxIteration 150  TIMEOUT 0.035411
 10      10260      10318      11828      0.0356      10850       10788      0.0306        0.7563
ALPHA 1.4158 MaxIteration 218  TIMEOUT 0.051801
 11      10257      10318      11817      0.0518      10858       10788      0.0411        0.8628
ALPHA 1.3768 MaxIteration 308  TIMEOUT 0.073392
 12      10269      10318      11805      0.0735      10850       10788      0.0730        1.0107
ALPHA 1.3399 MaxIteration 424  TIMEOUT 0.101131
 13      10284      10318      11744      0.1012      10803       10788      0.0964        1.2142
ALPHA 1.3049 MaxIteration 568  TIMEOUT 0.135618
 14      10269      10318      11685      0.1358      10791       10788      0.1293        1.4858
ALPHA 1.2718 MaxIteration 741  TIMEOUT 0.177153
 15      10288      10318      11668      0.1773      10795       10788      0.1642        1.8425
ALPHA 1.2402 MaxIteration 942  TIMEOUT 0.225534
 16      10335      10335      11606      0.2257      10794       10788      0.2211        2.2939
ALPHA 1.2102 MaxIteration 1168  TIMEOUT 0.279862
 17      10335      10335      11638      0.2486      10802       10788      0.1787        2.7912
ALPHA 1.1816 MaxIteration 1413  TIMEOUT 0.300913
 18      10335      10335      11606      0.3010      10795       10788      0.2133        3.3933
ALPHA 1.1543 MaxIteration 1669  TIMEOUT 0.355680
 19      10361      10361      11586      0.3559      10799       10788      0.2940        4.1051
ALPHA 1.1283 MaxIteration 1926  TIMEOUT 0.410773
 20      10361      10361      11576      0.4109      10791       10788      0.2215        4.9279
ALPHA 1.1034 MaxIteration 2173  TIMEOUT 0.463603
 21      10361      10361      11611      0.4636      10790       10788      0.2422        5.8582
ALPHA 1.0795 MaxIteration 2397  TIMEOUT 0.511557
 22      10361      10361      11622      0.5117      10789       10788      0.2322        6.8816
ALPHA 1.0567 MaxIteration 2587  TIMEOUT 0.552379
 23      10361      10361      11587      0.5246      10798       10788      0.3482        7.9338
ALPHA 1.0349 MaxIteration 2733  TIMEOUT 0.554342
 24      10361      10361      11571      0.5544      10793       10788      0.3070        9.0437
ALPHA 1.0349 MaxIteration 2828  TIMEOUT 0.573729
 25      10361      10361      11571      0.5738      10791       10788      0.4593       10.1934
ALPHA 1.0349 MaxIteration 2926  TIMEOUT 0.593824
 26      10361      10361      11594      0.5939      10795       10788      0.2328       11.3841
ALPHA 1.0349 MaxIteration 3027  TIMEOUT 0.614556
 27      10361      10361      11579      0.6146      10791       10788      0.4880       12.6143
ALPHA 1.0349 MaxIteration 3132  TIMEOUT 0.636018
 28      10361      10361      11550      0.6362      10792       10788      0.1817       13.8867
ALPHA 1.0349 MaxIteration 3241  TIMEOUT 0.658347
 29      10361      10361      11568      0.6585      10786       10786      2.3068       19.9998
>>> T1_1000_1000_2.wclq |V| 1000 |E| 1000  (#LB 0.0042 10318 ---> 10361  0.0394  10786 <--- 11342  0.0490 #UB)  #read_time 0.0007  #reduce_time 0.0001  #solve_time 19.9998  #total_time 20.0006
 