>>IBM: |V|=200 |E|=17910
>>IBM: The maximum node weight is 200
/public/home/acs4vb4pqv/benchmarks/MWDS2026/dimacs/gen200_p0.9_55.clq #seed 102 #alpha 1.900 #timeout 0.100 K=5 RHO=0.05 Q0=0.90 BETA=3.5 AQ_MODE=dbs SAFE_AQ_MIN_GAP=0.050 SAFE_AQ_MIN_NODES=800 AQ_SLOPE_MARGIN=1.05 AQ_MAX_UB_DRIFT=0.25
[v19] |V|=200 |E|=17910 density=89.55 USE_ADVANCED=0
#Rd        #LB        #LB*       #UB       #Time        #UB+        #UB*      #Time      #TotalTime
First Gap  0.200000
ALPHA 1.9000 MaxIteration 500  TIMEOUT 0.080511
  1          5          5          6      0.0805          6           6      0.0000      0.1645
ALPHA 1.9000 MaxIteration 3  TIMEOUT 0.000583
  2          4          5          6      0.0006          6           6      0.0000      0.1747
ALPHA 1.8304 MaxIteration 5  TIMEOUT 0.000819
  3          4          5          6      0.0008          6           6      0.0000      0.1844
ALPHA 1.7658 MaxIteration 9  TIMEOUT 0.001262
  4          4          5          6      0.0013          6           6      0.0000      0.1946
ALPHA 1.7056 MaxIteration 15  TIMEOUT 0.002166
  5          4          5          6      0.0022          6           6      0.0000      0.2043
ALPHA 1.6493 MaxIteration 25  TIMEOUT 0.003485
  6          4          5          6      0.0035          6           6      0.0000      0.2146
ALPHA 1.5966 MaxIteration 41  TIMEOUT 0.005909
  7          4          5          6      0.0059          6           6      0.0000      0.2246
ALPHA 1.5472 MaxIteration 65  TIMEOUT 0.009956
  8          4          5          6      0.0100          6           6      0.0000      0.2444
ALPHA 1.5008 MaxIteration 100  TIMEOUT 0.018826
  9          4          5          6      0.0188          6           6      0.0000      0.2744
ALPHA 1.4571 MaxIteration 150  TIMEOUT 0.017060
 10          3          5          6      0.0171          6           6      0.0000      0.3046
ALPHA 1.4158 MaxIteration 218  TIMEOUT 0.024792
 11          3          5          6      0.0248          6           6      0.0000      0.3545
ALPHA 1.3768 MaxIteration 308  TIMEOUT 0.035151
 12          3          5          6      0.0352          6           6      0.0000      0.4246
ALPHA 1.3399 MaxIteration 424  TIMEOUT 0.048107
 13          3          5          6      0.0481          6           6      0.0000      0.5144
ALPHA 1.3049 MaxIteration 568  TIMEOUT 0.064389
 14          3          5          6      0.0644          6           6      0.0000      0.6445
ALPHA 1.2718 MaxIteration 741  TIMEOUT 0.080084
 15          3          5          6      0.0801          6           6      0.0000      0.8146
ALPHA 1.2402 MaxIteration 942  TIMEOUT 0.095415
 16          3          5          6      0.0954          6           6      0.0000      1.0043
ALPHA 1.2102 MaxIteration 1168  TIMEOUT 0.118883
 17          3          5          6      0.1189          6           6      0.0000      1.2346
ALPHA 1.1816 MaxIteration 1413  TIMEOUT 0.150563
 18          3          5          6      0.1506          6           6      0.0000      1.5446
ALPHA 1.1543 MaxIteration 1669  TIMEOUT 0.175057
 19          3          5          6      0.1751          6           6      0.0000      1.8945
ALPHA 1.1283 MaxIteration 1926  TIMEOUT 0.203504
 20          3          5          6      0.2035          6           6      0.0000      2.3043
ALPHA 1.1034 MaxIteration 2173  TIMEOUT 0.231269
 21          3          5          6      0.2313          6           6      0.0000      2.7744
ALPHA 1.0795 MaxIteration 2397  TIMEOUT 0.255925
 22          3          5          6      0.2559          6           6      0.0000      3.2845
ALPHA 1.0567 MaxIteration 2587  TIMEOUT 0.273714
 23          3          5          6      0.2737          6           6      0.0000      3.8345
ALPHA 1.0349 MaxIteration 2733  TIMEOUT 0.289883
 24          3          5          6      0.2899          6           6      0.0000      4.4143
ALPHA 1.0349 MaxIteration 2828  TIMEOUT 0.300605
 25          3          5          6      0.3006          6           6      0.0000      5.0245
ALPHA 1.0349 MaxIteration 2926  TIMEOUT 0.310662
 26          3          5          6      0.3107          6           6      0.0000      5.6543
ALPHA 1.0349 MaxIteration 3027  TIMEOUT 0.320187
 27          3          5          6      0.3202          6           6      0.0000      6.3046
ALPHA 1.0349 MaxIteration 3132  TIMEOUT 0.332262
 28          3          5          6      0.3323          6           6      0.0000      6.9744
ALPHA 1.0349 MaxIteration 3241  TIMEOUT 0.345299
 29          3          5          6      0.3453          6           6      0.0000      7.6645
ALPHA 1.0349 MaxIteration 3353  TIMEOUT 0.356075
 30          3          5          6      0.3561          6           6      0.0000      8.3746
ALPHA 1.0349 MaxIteration 3469  TIMEOUT 0.366202
 31          3          5          6      0.3662          6           6      0.0000      9.1044
ALPHA 1.0349 MaxIteration 3589  TIMEOUT 0.381569
 32          3          5          6      0.3816          6           6      0.0000      9.8745
ALPHA 1.0349 MaxIteration 3714  TIMEOUT 0.392747
 33          3          5          6      0.3927          6           6      0.0000     10.6646
ALPHA 1.0349 MaxIteration 3843  TIMEOUT 0.408037
 34          3          5          6      0.4080          6           6      0.0000     11.4744
ALPHA 1.0349 MaxIteration 3976  TIMEOUT 0.420934
 35          3          5          6      0.4209          6           6      0.0000     12.3245
ALPHA 1.0349 MaxIteration 4114  TIMEOUT 0.436860
 36          3          5          6      0.4369          6           6      0.0000     13.1944
ALPHA 1.0349 MaxIteration 4257  TIMEOUT 0.449861
 37          3          5          6      0.4499          6           6      0.0000     14.0846
ALPHA 1.0349 MaxIteration 4405  TIMEOUT 0.465105
 38          3          5          6      0.4651          6           6      0.0000     15.0144
ALPHA 1.0349 MaxIteration 4558  TIMEOUT 0.482132
 39          3          5          6      0.4821          6           6      0.0000     15.9846
ALPHA 1.0349 MaxIteration 4716  TIMEOUT 0.498360
 40          3          5          6      0.4984          6           6      0.0000     16.9746
ALPHA 1.0349 MaxIteration 4880  TIMEOUT 0.514683
 41          3          5          6      0.5147          6           6      0.0000     18.0045
ALPHA 1.0349 MaxIteration 5050  TIMEOUT 0.535461
 42          3          5          6      0.5355          6           6      0.0000     19.0745
ALPHA 1.0349 MaxIteration 5226  TIMEOUT 0.552452
 43          3          5          6      0.5525          6           6      0.0000     20.0046
>>> gen200_p0.9_55.clq |V| 200 |E| 17910  (#LB 0.0000 5 ---> 5  0.2000  6 <--- 6  0.0000 #UB)  #solve_ime 20.0046 read_time 0.0057 
