With  Parameters CUTOFF 20 SEED 103  ALPHA = 1.900  K=5 RHO=0.05 Q0=0.90 BETA=3.0 AQ_MODE=guarded
Reading  graph ...  time 0.039083  
Reducing graph ...  time 0.000747  
[v6] |V|=1000 |E|=52120 density=52.12 USE_ADVANCED=0 SAFE_AQ_MIN_GAP=0.050 DEEP_AQ_RANGE=[800, 5.00, 10.00] structure_blocks_aq=1 AQ_SLOPE_MARGIN=1.15 AQ_MAX_UB_DRIFT=0.20
#Rd        #LB        #LB*       #UB       #Time        #UB+        #UB*      #Time      #TotalTime
First Gap  0.078947
  1         38         38         41      0.3156 [AQ bandit arm] arm=0 gap=0.0789 density=52.12 |V|=1000

 Switch to DBS-only search, timeout 0.315627....
 [Online-safe AQ structure guard] |V|=1000 density=52.12 outside [800, 5.00, 10.00], disabling AQ
         41          41      0.0056        0.9442
ALPHA 1.9000 MaxIteration 3  TIMEOUT 0.315627
  2         37         38         42      0.0021         42          41      0.0054        0.9517
ALPHA 1.8304 MaxIteration 5  TIMEOUT 0.003998
  3         37         38         43      0.0033         42          41      0.0053        0.9604
ALPHA 1.7658 MaxIteration 9  TIMEOUT 0.006084
  4         37         38         41      0.0054         42          41      0.0055        0.9712
ALPHA 1.7056 MaxIteration 15  TIMEOUT 0.009459
  5         37         38         41      0.0089         41          41      0.0057        0.9891
ALPHA 1.6493 MaxIteration 25  TIMEOUT 0.015234
  6         38         38         41      0.0156         41          41      0.0055        1.0203
ALPHA 1.5966 MaxIteration 41  TIMEOUT 0.025681
  7         38         38         41      0.0233         41          41      0.0065        1.0670
ALPHA 1.5472 MaxIteration 65  TIMEOUT 0.037237
  8         38         38         41      0.0358         41          41      0.0058        1.1387
ALPHA 1.5008 MaxIteration 100  TIMEOUT 0.055408
  9         38         38         41      0.0540         41          41      0.0056        1.2467
ALPHA 1.4571 MaxIteration 150  TIMEOUT 0.080981
 10         38         38         41      0.0805         41          41      0.0060        1.4077
ALPHA 1.4158 MaxIteration 218  TIMEOUT 0.117245
 11         38         38         41      0.1175         41          41      0.0063        1.6756
ALPHA 1.3768 MaxIteration 308  TIMEOUT 0.166332
 12         38         38         41      0.1668         41          41      0.0196        2.1698
ALPHA 1.3399 MaxIteration 424  TIMEOUT 0.229616
 13         38         38         41      0.2301         41          41      0.0061        2.6713
ALPHA 1.3049 MaxIteration 568  TIMEOUT 0.308323
 14         38         38         41      0.3087         41          41      0.0069        3.2888
ALPHA 1.2718 MaxIteration 741  TIMEOUT 0.402830
 15         38         38         41      0.4031         41          41      0.0054        4.0961
ALPHA 1.2402 MaxIteration 942  TIMEOUT 0.512708
 16         38         38         41      0.5132         41          41      0.0062        5.1227
ALPHA 1.2102 MaxIteration 1168  TIMEOUT 0.636479
 17         38         38         41      0.6368         41          41      0.0062        6.3964
ALPHA 1.1816 MaxIteration 1413  TIMEOUT 0.770639
 18         38         38         41      0.7687         41          41      0.0056        7.9348
ALPHA 1.1543 MaxIteration 1669  TIMEOUT 0.908231
 19         38         38         41      0.9085         41          41      0.0071        9.7529
ALPHA 1.1283 MaxIteration 1926  TIMEOUT 1.048683
 20         38         38         41      1.0488         41          41      0.0061       11.8507
ALPHA 1.1034 MaxIteration 2173  TIMEOUT 1.183342
 21         38         38         41      1.1837         41          41      0.0070       14.2183
ALPHA 1.0795 MaxIteration 2397  TIMEOUT 1.306098
 22         38         38         41      1.2846         41          41      0.0059       19.9947
>>> UDG_1000_200_8.wclq |V| 1000 |E| 52120  (#LB 0.0000 38 ---> 38  0.0732  41 <--- 41  0.0000 #UB)  #read_time 0.0391  #reduce_time 0.0007  #solve_time 19.9947  #total_time 20.0345
 