>>> Warning: header edge_num=125248, parsed edge_num=62624
>>IBM: |V|=500 |E|=62624
>>IBM: The maximum node weight is 200
/public/home/acs4vb4pqv/benchmarks/MWDS2026/dimacs/DSJC500_5.clq #seed 103 #alpha 1.900 #timeout 0.100 K=5 RHO=0.05 Q0=0.90 BETA=3.5 AQ_MODE=guarded SAFE_AQ_MIN_GAP=0.050 SAFE_AQ_MIN_NODES=800 AQ_SLOPE_MARGIN=1.05 AQ_MAX_UB_DRIFT=0.25
[v19] |V|=500 |E|=62624 density=125.25 USE_ADVANCED=0
#Rd        #LB        #LB*       #UB       #Time        #UB+        #UB*      #Time      #TotalTime
First Gap  0.454545
ALPHA 1.9000 MaxIteration 500  TIMEOUT 0.513526
  1         11         11         16      0.5135
 [AQ bandit arm] arm=1 gap=0.4545 density=125.25 |V|=500

 [AQ small-headroom probe] gap=0.4545 density=125.25 |V|=500 => Light RL (K=3, 5.0%)
ALPHA 1.9000 MaxIteration 3  TIMEOUT 0.011654
  2         10         11         21      0.0117ALPHA 1.8304 MaxIteration 5  TIMEOUT 0.016328
  3         11         11         18      0.0163 [AQ guard] no early LB gain, disabling AQ
         16          16      0.0000      0.5622
ALPHA 1.7658 MaxIteration 9  TIMEOUT 0.015773
  4         10         11         18      0.0158         16          16      0.0000      0.5922
ALPHA 1.7056 MaxIteration 15  TIMEOUT 0.036979
  5         11         11         16      0.0370         16          16      0.0000      0.6625
ALPHA 1.6493 MaxIteration 25  TIMEOUT 0.027634
  6         10         11         16      0.0276         16          16      0.0000      0.7120
ALPHA 1.5966 MaxIteration 41  TIMEOUT 0.052763
  7         11         11         16      0.0528         16          16      0.0000      0.8221
ALPHA 1.5472 MaxIteration 65  TIMEOUT 0.071292
  8         11         11         16      0.0713         16          16      0.0000      0.9722
ALPHA 1.5008 MaxIteration 100  TIMEOUT 0.106650
  9         11         11         16      0.1066         16          16      0.0000      1.1823
ALPHA 1.4571 MaxIteration 150  TIMEOUT 0.156806
 10         11         11         16      0.1568         16          16      0.0000      1.4924
ALPHA 1.4158 MaxIteration 218  TIMEOUT 0.223504
 11         11         11         16      0.2235         16          16      0.0000      1.9421
ALPHA 1.3768 MaxIteration 308  TIMEOUT 0.317799
 12         11         11         16      0.3178         16          16      0.0000      2.5724
ALPHA 1.3399 MaxIteration 424  TIMEOUT 0.566759
 13         11         11         16      0.5668         16          16      0.0000      3.7027
ALPHA 1.3049 MaxIteration 568  TIMEOUT 1.073192
 14         11         11         16      1.0732         16          16      0.0000      5.8522
ALPHA 1.2718 MaxIteration 741  TIMEOUT 0.787356
 15         11         11         16      0.7874         16          16      0.0000      7.4220
ALPHA 1.2402 MaxIteration 942  TIMEOUT 1.046833
 16         11         11         16      1.0468         16          16      0.0000      9.5025
ALPHA 1.2102 MaxIteration 1168  TIMEOUT 1.322632
 17         11         11         16      1.3226         16          16      0.0000     12.1521
ALPHA 1.1816 MaxIteration 1413  TIMEOUT 1.382447
 18         10         11         16      1.3824         16          16      0.0000     14.9221
ALPHA 1.1543 MaxIteration 1669  TIMEOUT 1.644126
 19         10         11         16      1.6441         16          16      0.0000     18.2120
ALPHA 1.1283 MaxIteration 1926  TIMEOUT 1.789030
 20         10         11         16      1.7890>>> DSJC500_5.clq |V| 500 |E| 62624  (#LB 0.0000 11 ---> 11  0.4545  16 <--- 16  0.0000 #UB)  #solve_ime 20.0011 read_time 0.0180 
