>>IBM: |V|=1000 |E|=52120
>>IBM: The maximum node weight is 100
/public/home/acs4vb4pqv/benchmarks/MWDS2026/UDG_wclq/UDG_1000_200_8.wclq #seed 103 #alpha 1.900 #timeout 0.100 K=5 RHO=0.05 Q0=0.90 BETA=3.5 AQ_MODE=dbs SAFE_AQ_MIN_GAP=0.050 SAFE_AQ_MIN_NODES=800 AQ_SLOPE_MARGIN=1.05 AQ_MAX_UB_DRIFT=0.25
[v19] |V|=1000 |E|=52120 density=52.12 USE_ADVANCED=1
#Rd        #LB        #LB*       #UB       #Time        #UB+        #UB*      #Time      #TotalTime
First Gap  0.078947
ALPHA 1.9000 MaxIteration 500  TIMEOUT 0.343486
  1         38         38         41      0.3435         41          41      0.0000      0.6859
ALPHA 1.9000 MaxIteration 3  TIMEOUT 0.006731
  2         38         38         41      0.0067         41          41      0.0000      0.6959
ALPHA 1.8304 MaxIteration 5  TIMEOUT 0.007381
  3         37         38         41      0.0074         41          41      0.0000      0.7060
ALPHA 1.7658 MaxIteration 9  TIMEOUT 0.007592
  4         36         38         41      0.0076         41          41      0.0000      0.7160
ALPHA 1.7056 MaxIteration 15  TIMEOUT 0.025531
  5         37         38         41      0.0255         41          41      0.0000      0.7660
ALPHA 1.6493 MaxIteration 25  TIMEOUT 0.029420
  6         36         38         41      0.0294         41          41      0.0000      0.8260
ALPHA 1.5966 MaxIteration 41  TIMEOUT 0.082536
  7         36         38         41      0.0825         41          41      0.0000      0.9960
ALPHA 1.5472 MaxIteration 65  TIMEOUT 0.085642
  8         35         38         41      0.0856         41          41      0.0000      1.1660
ALPHA 1.5008 MaxIteration 100  TIMEOUT 0.134854
  9         33         38         41      0.1349         41          41      0.0000      1.4359
ALPHA 1.4571 MaxIteration 150  TIMEOUT 0.098970
 10         31         38         41      0.0990         41          41      0.0000      1.6259
ALPHA 1.4158 MaxIteration 218  TIMEOUT 0.154130
 11         31         38         41      0.1541         41          41      0.0000      1.9360
ALPHA 1.3768 MaxIteration 308  TIMEOUT 0.228581
 12         31         38         41      0.2286         41          41      0.0000      2.3859
ALPHA 1.3399 MaxIteration 424  TIMEOUT 0.313684
 13         31         38         41      0.3137         41          41      0.0000      3.0160
ALPHA 1.3049 MaxIteration 568  TIMEOUT 0.410781
 14         31         38         41      0.4108         41          41      0.0000      3.8460
ALPHA 1.2718 MaxIteration 741  TIMEOUT 0.516886
 15         31         38         41      0.5169         41          41      0.0000      4.8761
ALPHA 1.2402 MaxIteration 942  TIMEOUT 0.628455
 16         31         38         41      0.6285         41          41      0.0000      6.1259
ALPHA 1.2102 MaxIteration 1168  TIMEOUT 0.800823
 17         31         38         41      0.8008         41          41      0.0000      7.7360
ALPHA 1.1816 MaxIteration 1413  TIMEOUT 0.958507
 18         31         38         41      0.9585
 [LB Done] stag=17 elapsed=43.5% => 11.3s to UB
         41          41      0.0000     19.9760
>>> UDG_1000_200_8.wclq |V| 1000 |E| 52120  (#LB 0.0000 38 ---> 38  0.0789  41 <--- 41  0.0000 #UB)  #solve_ime 19.9760 read_time 0.0141 
