>>> Warning: header edge_num=125248, parsed edge_num=62624
>>IBM: |V|=500 |E|=62624
>>IBM: The maximum node weight is 200
/public/home/acs4vb4pqv/benchmarks/MWDS2026/dimacs/DSJC500_5.clq #seed 101 #alpha 1.900 #timeout 0.100 K=5 RHO=0.05 Q0=0.90 BETA=3.5 AQ_MODE=guarded SAFE_AQ_MIN_GAP=0.050 SAFE_AQ_MIN_NODES=800 AQ_SLOPE_MARGIN=1.05 AQ_MAX_UB_DRIFT=0.25
[v19] |V|=500 |E|=62624 density=125.25 USE_ADVANCED=0
#Rd        #LB        #LB*       #UB       #Time        #UB+        #UB*      #Time      #TotalTime
First Gap  0.454545
ALPHA 1.9000 MaxIteration 500  TIMEOUT 0.504500
  1         11         11         16      0.5045
 [AQ bandit arm] arm=1 gap=0.4545 density=125.25 |V|=500

 [AQ small-headroom probe] gap=0.4545 density=125.25 |V|=500 => Light RL (K=3, 5.0%)
ALPHA 1.9000 MaxIteration 3  TIMEOUT 0.011500
  2         10         11         19      0.0115ALPHA 1.8304 MaxIteration 5  TIMEOUT 0.017260
  3         10         11         21      0.0173 [AQ guard] no early LB gain, disabling AQ
         16          16      0.0000      0.5513
ALPHA 1.7658 MaxIteration 9  TIMEOUT 0.015446
  4         10         11         18      0.0154         16          16      0.0000      0.5816
ALPHA 1.7056 MaxIteration 15  TIMEOUT 0.036492
  5         11         11         16      0.0365         16          16      0.0000      0.6511
ALPHA 1.6493 MaxIteration 25  TIMEOUT 0.027067
  6         10         11         16      0.0271         16          16      0.0000      0.7016
ALPHA 1.5966 MaxIteration 41  TIMEOUT 0.051034
  7         11         11         16      0.0510         16          16      0.0000      0.8116
ALPHA 1.5472 MaxIteration 65  TIMEOUT 0.068930
  8         11         11         16      0.0689         16          16      0.0000      0.9515
ALPHA 1.5008 MaxIteration 100  TIMEOUT 0.103768
  9         11         11         16      0.1038         16          16      0.0000      1.1617
ALPHA 1.4571 MaxIteration 150  TIMEOUT 0.151573
 10         11         11         16      0.1516         16          16      0.0000      1.4715
ALPHA 1.4158 MaxIteration 218  TIMEOUT 0.221420
 11         11         11         16      0.2214         16          16      0.0000      1.9215
ALPHA 1.3768 MaxIteration 308  TIMEOUT 0.321157
 12         11         11         16      0.3212         16          16      0.0000      2.5712
ALPHA 1.3399 MaxIteration 424  TIMEOUT 0.570207
 13         11         11         16      0.5702         16          16      0.0000      3.7213
ALPHA 1.3049 MaxIteration 568  TIMEOUT 1.065989
 14         11         11         16      1.0660         16          16      0.0000      5.8411
ALPHA 1.2718 MaxIteration 741  TIMEOUT 0.796670
 15         11         11         16      0.7967         16          16      0.0000      7.4316
ALPHA 1.2402 MaxIteration 942  TIMEOUT 1.060692
 16         11         11         16      1.0607         16          16      0.0000      9.5614
ALPHA 1.2102 MaxIteration 1168  TIMEOUT 1.315796
 17         11         11         16      1.3158         16          16      0.0000     12.1914
ALPHA 1.1816 MaxIteration 1413  TIMEOUT 1.378806
 18         10         11         16      1.3788         16          16      0.0000     14.9517
ALPHA 1.1543 MaxIteration 1669  TIMEOUT 1.629005
 19         10         11         16      1.6290         16          16      0.0000     18.2111
ALPHA 1.1283 MaxIteration 1926  TIMEOUT 1.789766
 20         10         11         16      1.7898>>> DSJC500_5.clq |V| 500 |E| 62624  (#LB 0.0000 11 ---> 11  0.4545  16 <--- 16  0.0000 #UB)  #solve_ime 20.0009 read_time 0.0190 
