>>IBM: |V|=100 |E|=100
>>IBM: The maximum node weight is 49
/public/home/acs4vb4pqv/benchmarks/MWDS2026/T1_wclq/T1_100_100_2.wclq #seed 102 #alpha 1.900 #timeout 0.100 K=5 RHO=0.05 Q0=0.90 BETA=3.5 AQ_MODE=guarded SAFE_AQ_MIN_GAP=0.050 SAFE_AQ_MIN_NODES=800 AQ_SLOPE_MARGIN=1.05 AQ_MAX_UB_DRIFT=0.25
[v19] |V|=100 |E|=100 density=1.00 USE_ADVANCED=0
#Rd        #LB        #LB*       #UB       #Time        #UB+        #UB*      #Time      #TotalTime
First Gap  0.036204
ALPHA 1.9000 MaxIteration 500  TIMEOUT 0.009200
  1       1022       1022       1059      0.0092
 [AQ bandit arm] arm=4 gap=0.0362 density=1.00 |V|=100
 [AQ bandit] UB_FOCUS/DBS-safe => No RL
       1057        1057      0.0000      0.0100
ALPHA 1.9000 MaxIteration 3  TIMEOUT 0.000177
  2        990       1022       1128      0.0002       1039        1039      0.0000      0.0200
ALPHA 1.8304 MaxIteration 5  TIMEOUT 0.000132
  3        966       1022       1143      0.0001       1039        1039      0.0000      0.0300
ALPHA 1.7658 MaxIteration 9  TIMEOUT 0.000135
  4        966       1022       1143      0.0001       1039        1039      0.0000      0.0400
ALPHA 1.7056 MaxIteration 15  TIMEOUT 0.000191
  5        966       1022       1143      0.0002       1039        1039      0.0000      0.0500
ALPHA 1.6493 MaxIteration 25  TIMEOUT 0.000262
  6        966       1022       1143      0.0003       1039        1039      0.0000      0.0600
ALPHA 1.5966 MaxIteration 41  TIMEOUT 0.000392
  7        966       1022       1143      0.0004       1039        1039      0.0000      0.0700
ALPHA 1.5472 MaxIteration 65  TIMEOUT 0.000569
  8        966       1022       1143      0.0006       1039        1039      0.0000      0.0712
ALPHA 1.5008 MaxIteration 100  TIMEOUT 0.000680
  9        966       1022       1143      0.0007       1039        1039      0.0000      0.0800
ALPHA 1.4571 MaxIteration 150  TIMEOUT 0.001206
 10        966       1022       1143      0.0012       1039        1039      0.0000      0.0900
ALPHA 1.4158 MaxIteration 218  TIMEOUT 0.001751
 11        966       1022       1143      0.0018       1039        1039      0.0000      0.1000
ALPHA 1.3768 MaxIteration 308  TIMEOUT 0.002450
 12        966       1022       1143      0.0025       1039        1039      0.0000      0.1100
ALPHA 1.3399 MaxIteration 424  TIMEOUT 0.003149
 13        966       1022       1143      0.0031       1039        1039      0.0000      0.1200
ALPHA 1.3049 MaxIteration 568  TIMEOUT 0.004498
 14        966       1022       1143      0.0045       1039        1039      0.0000      0.1300
ALPHA 1.2718 MaxIteration 741  TIMEOUT 0.003812
 15        966       1022       1143      0.0038       1039        1039      0.0000      0.1400
ALPHA 1.2402 MaxIteration 942  TIMEOUT 0.007191
 16        966       1022       1143      0.0072       1039        1039      0.0000      0.1500
ALPHA 1.2102 MaxIteration 1168  TIMEOUT 0.009159
 17        966       1022       1143      0.0092       1039        1039      0.0000      0.1600
ALPHA 1.1816 MaxIteration 1413  TIMEOUT 0.011012
 18        966       1022       1143      0.0110       1039        1039      0.0000      0.1900
ALPHA 1.1543 MaxIteration 1669  TIMEOUT 0.012377
 19        966       1022       1143      0.0124       1039        1039      0.0000      0.2158
ALPHA 1.1283 MaxIteration 1926  TIMEOUT 0.014993
 20        966       1022       1143      0.0150       1039        1039      0.0000      0.2500
ALPHA 1.1034 MaxIteration 2173  TIMEOUT 0.017113
 21        966       1022       1143      0.0171       1039        1039      0.0000      0.2800
ALPHA 1.0795 MaxIteration 2397  TIMEOUT 0.018912
 22        966       1022       1143      0.0189       1039        1039      0.0000      0.3100
ALPHA 1.0567 MaxIteration 2587  TIMEOUT 0.020395
 23        966       1022       1143      0.0204       1039        1039      0.0000      0.3500
ALPHA 1.0349 MaxIteration 2733  TIMEOUT 0.021462
 24        966       1022       1143      0.0215       1039        1039      0.0000      0.4000
ALPHA 1.0349 MaxIteration 2828  TIMEOUT 0.021084
 25        966       1022       1143      0.0211       1039        1039      0.0000      0.4500
ALPHA 1.0349 MaxIteration 2926  TIMEOUT 0.020953
 26        966       1022       1143      0.0210       1039        1039      0.0000      0.4900
ALPHA 1.0349 MaxIteration 3027  TIMEOUT 0.022546
 27        966       1022       1143      0.0225       1039        1039      0.0000      0.5400
ALPHA 1.0349 MaxIteration 3132  TIMEOUT 0.023446
 28        966       1022       1143      0.0234       1039        1039      0.0000      0.5800
ALPHA 1.0349 MaxIteration 3241  TIMEOUT 0.024306
 29        966       1022       1143      0.0243       1039        1039      0.0000      0.6300
ALPHA 1.0349 MaxIteration 3353  TIMEOUT 0.022939
 30        966       1022       1143      0.0229       1039        1039      0.0000      0.6700
ALPHA 1.0349 MaxIteration 3469  TIMEOUT 0.024781
 31        966       1022       1143      0.0248       1039        1039      0.0000      0.7106
ALPHA 1.0349 MaxIteration 3589  TIMEOUT 0.027733
 32        966       1022       1143      0.0277       1039        1039      0.0000      0.7600
ALPHA 1.0349 MaxIteration 3714  TIMEOUT 0.026891
 33        966       1022       1143      0.0269       1039        1039      0.0000      0.8062
ALPHA 1.0349 MaxIteration 3843  TIMEOUT 0.028808
 34        966       1022       1143      0.0288       1039        1039      0.0000      0.8600
ALPHA 1.0349 MaxIteration 3976  TIMEOUT 0.026727
 35        966       1022       1143      0.0267       1039        1039      0.0000      0.9000
ALPHA 1.0349 MaxIteration 4114  TIMEOUT 0.031471
 36        966       1022       1143      0.0315       1039        1039      0.0000      0.9600
ALPHA 1.0349 MaxIteration 4257  TIMEOUT 0.030303
 37        966       1022       1143      0.0303       1039        1039      0.0000      1.0200
ALPHA 1.0349 MaxIteration 4405  TIMEOUT 0.033535
 38        966       1022       1143      0.0335       1039        1039      0.0000      1.0900
ALPHA 1.0349 MaxIteration 4558  TIMEOUT 0.035760
 39        966       1022       1143      0.0358       1039        1039      0.0000      1.1500
ALPHA 1.0349 MaxIteration 4716  TIMEOUT 0.035846
 40        966       1022       1143      0.0358       1039        1039      0.0000      1.2200
ALPHA 1.0349 MaxIteration 4880  TIMEOUT 0.034165
 41        966       1022       1143      0.0342       1039        1039      0.0000      1.2888
ALPHA 1.0349 MaxIteration 5050  TIMEOUT 0.039295
 42        966       1022       1143      0.0393       1039        1039      0.0000      1.3600
ALPHA 1.0349 MaxIteration 5226  TIMEOUT 0.040782
 43        966       1022       1143      0.0408       1039        1039      0.0000      1.4418
ALPHA 1.0349 MaxIteration 5408  TIMEOUT 0.041198
 44        966       1022       1143      0.0412       1039        1039      0.0000      1.5208
ALPHA 1.0349 MaxIteration 5596  TIMEOUT 0.039113
 45        966       1022       1143      0.0391       1039        1039      0.0100      1.5838
ALPHA 1.0349 MaxIteration 5791  TIMEOUT 0.043854
 46        966       1022       1143      0.0439       1039        1039      0.0000      1.6698
ALPHA 1.0349 MaxIteration 5992  TIMEOUT 0.045539
 47        966       1022       1143      0.0455       1039        1039      0.0000      1.7528
ALPHA 1.0349 MaxIteration 6200  TIMEOUT 0.046148
 48        966       1022       1143      0.0461       1039        1039      0.0000      1.8300
ALPHA 1.0349 MaxIteration 6416  TIMEOUT 0.050195
 49        966       1022       1143      0.0502       1039        1039      0.0000      1.9388
ALPHA 1.0349 MaxIteration 6639  TIMEOUT 0.051691
 50        966       1022       1143      0.0517       1039        1039      0.0000      2.0458
ALPHA 1.0349 MaxIteration 6870  TIMEOUT 0.053252
 51        966       1022       1143      0.0533       1039        1039      0.0000      2.1500
ALPHA 1.0349 MaxIteration 7109  TIMEOUT 0.054787
 52        966       1022       1143      0.0548       1039        1039      0.0000      2.2500
ALPHA 1.0349 MaxIteration 7356  TIMEOUT 0.055767
 53        966       1022       1143      0.0558       1039        1039      0.0000      2.3500
ALPHA 1.0349 MaxIteration 7612  TIMEOUT 0.058880
 54        966       1022       1143      0.0589       1039        1039      0.0000      2.4500
ALPHA 1.0349 MaxIteration 7877  TIMEOUT 0.060790
 55        966       1022       1143      0.0608       1039        1039      0.0000      2.5700
ALPHA 1.0349 MaxIteration 8151  TIMEOUT 0.061528
 56        966       1022       1143      0.0615       1039        1039      0.0000      2.6900
ALPHA 1.0349 MaxIteration 8435  TIMEOUT 0.064069
 57        966       1022       1143      0.0641       1039        1039      0.0000      2.8100
ALPHA 1.0349 MaxIteration 8729  TIMEOUT 0.064054
 58        966       1022       1143      0.0641       1039        1039      0.0000      2.9300
ALPHA 1.0349 MaxIteration 9033  TIMEOUT 0.066239
 59        966       1022       1143      0.0662       1039        1039      0.0000      3.0500
ALPHA 1.0349 MaxIteration 9347  TIMEOUT 0.072419
 60        966       1022       1143      0.0724       1039        1039      0.0100      3.1800
ALPHA 1.0349 MaxIteration 9672  TIMEOUT 0.073313
 61        966       1022       1143      0.0733       1039        1039      0.0000      3.3200
ALPHA 1.0349 MaxIteration 10009  TIMEOUT 0.074285
 62        966       1022       1143      0.0743       1039        1039      0.0000      3.4600
ALPHA 1.0349 MaxIteration 10357  TIMEOUT 0.078297
 63        966       1022       1143      0.0783       1039        1039      0.0000      3.6000
ALPHA 1.0349 MaxIteration 10718  TIMEOUT 0.081005
 64        966       1022       1143      0.0810       1039        1039      0.0000      3.7514
ALPHA 1.0349 MaxIteration 11091  TIMEOUT 0.083798
 65        966       1022       1143      0.0838       1039        1039      0.0000      3.9100
ALPHA 1.0349 MaxIteration 11477  TIMEOUT 0.086110
 66        966       1022       1143      0.0861       1039        1039      0.0000      4.0700
ALPHA 1.0349 MaxIteration 11877  TIMEOUT 0.088494
 67        966       1022       1143      0.0885       1039        1039      0.0000      4.2300
ALPHA 1.0349 MaxIteration 12291  TIMEOUT 0.094301
 68        966       1022       1143      0.0943       1039        1039      0.0000      4.4000
ALPHA 1.0349 MaxIteration 12719  TIMEOUT 0.094368
 69        966       1022       1143      0.0944       1039        1039      0.0000      4.5700
ALPHA 1.0349 MaxIteration 13162  TIMEOUT 0.097479
 70        966       1022       1143      0.0975       1039        1039      0.0000      4.7500
ALPHA 1.0349 MaxIteration 13620  TIMEOUT 0.099275
 71        966       1022       1143      0.0993       1039        1039      0.0000      4.9300
ALPHA 1.0349 MaxIteration 14094  TIMEOUT 0.107646
 72        966       1022       1143      0.1076       1039        1039      0.0000      5.1200
ALPHA 1.0349 MaxIteration 14585  TIMEOUT 0.111198
 73        966       1022       1143      0.1112       1039        1039      0.0000      5.3384
ALPHA 1.0349 MaxIteration 15093  TIMEOUT 0.113528
 74        966       1022       1143      0.1135       1039        1039      0.0000      5.5700
ALPHA 1.0349 MaxIteration 15619  TIMEOUT 0.117675
 75        966       1022       1143      0.1177       1039        1039      0.0000      5.7800
ALPHA 1.0349 MaxIteration 16163  TIMEOUT 0.123294
 76        966       1022       1143      0.1233       1039        1039      0.0000      6.0100
ALPHA 1.0349 MaxIteration 16726  TIMEOUT 0.126806
 77        966       1022       1143      0.1268       1039        1039      0.0000      6.2400
ALPHA 1.0349 MaxIteration 17309  TIMEOUT 0.128283
 78        966       1022       1143      0.1283       1039        1039      0.0000      6.4600
ALPHA 1.0349 MaxIteration 17912  TIMEOUT 0.134399
 79        966       1022       1143      0.1344       1039        1039      0.0000      6.7100
ALPHA 1.0349 MaxIteration 18536  TIMEOUT 0.143180
 80        966       1022       1143      0.1432       1039        1039      0.0000      6.9800
ALPHA 1.0349 MaxIteration 19182  TIMEOUT 0.144847
 81        966       1022       1143      0.1448       1039        1039      0.0000      7.2500
ALPHA 1.0349 MaxIteration 19850  TIMEOUT 0.147282
 82        966       1022       1143      0.1473       1039        1039      0.0000      7.5200
ALPHA 1.0349 MaxIteration 20541  TIMEOUT 0.149674
 83        966       1022       1143      0.1497       1039        1039      0.0100      7.7800
ALPHA 1.0349 MaxIteration 21257  TIMEOUT 0.171034
 84        966       1022       1143      0.1710       1039        1039      0.0000      8.1100
ALPHA 1.0349 MaxIteration 21997  TIMEOUT 0.185206
 85        966       1022       1143      0.1852       1039        1039      0.0000      8.4500
ALPHA 1.0349 MaxIteration 22763  TIMEOUT 0.187686
 86        966       1022       1143      0.1877       1039        1039      0.0000      8.8000
ALPHA 1.0349 MaxIteration 23556  TIMEOUT 0.202803
 87        966       1022       1143      0.2028       1039        1039      0.0000      9.1853
ALPHA 1.0349 MaxIteration 24377  TIMEOUT 0.202975
 88        966       1022       1143      0.2030       1039        1039      0.0000      9.5500
ALPHA 1.0349 MaxIteration 25226  TIMEOUT 0.206936
 89        966       1022       1143      0.2069       1039        1039      0.0000      9.9300
ALPHA 1.0349 MaxIteration 26105  TIMEOUT 0.217728
 90        966       1022       1143      0.2177       1039        1039      0.0000     10.3200
ALPHA 1.0349 MaxIteration 27014  TIMEOUT 0.221561
 91        966       1022       1143      0.2216       1039        1039      0.0000     10.7300
ALPHA 1.0349 MaxIteration 27955  TIMEOUT 0.201829
 92        966       1022       1143      0.2018       1039        1039      0.0000     11.1100
ALPHA 1.0349 MaxIteration 28929  TIMEOUT 0.240818
 93        966       1022       1143      0.2408       1039        1039      0.0000     11.5700
ALPHA 1.0349 MaxIteration 29937  TIMEOUT 0.256745
 94        966       1022       1143      0.2567       1039        1039      0.0000     12.0500
ALPHA 1.0349 MaxIteration 30980  TIMEOUT 0.254130
 95        966       1022       1143      0.2541       1039        1039      0.0000     12.5300
ALPHA 1.0349 MaxIteration 32059  TIMEOUT 0.269600
 96        966       1022       1143      0.2696       1039        1039      0.0100     13.0200
ALPHA 1.0349 MaxIteration 33176  TIMEOUT 0.277639
 97        966       1022       1143      0.2776       1039        1039      0.0000     13.5300
ALPHA 1.0349 MaxIteration 34332  TIMEOUT 0.281737
 98        966       1022       1143      0.2817       1039        1039      0.0000     14.0500
ALPHA 1.0349 MaxIteration 35528  TIMEOUT 0.279295
 99        966       1022       1143      0.2793       1039        1039      0.0000     14.5500
ALPHA 1.0349 MaxIteration 36766  TIMEOUT 0.283155
100        966       1022       1143      0.2832       1039        1039      0.0000     15.0700
ALPHA 1.0349 MaxIteration 38047  TIMEOUT 0.291998
101        966       1022       1143      0.2920       1039        1039      0.0000     15.6100
ALPHA 1.0349 MaxIteration 39373  TIMEOUT 0.306418
102        966       1022       1143      0.3064       1039        1039      0.0000     16.1700
ALPHA 1.0349 MaxIteration 40745  TIMEOUT 0.325623
103        966       1022       1143      0.3256       1039        1039      0.0000     16.7761
ALPHA 1.0349 MaxIteration 42165  TIMEOUT 0.332933
104        966       1022       1143      0.3329       1039        1039      0.0000     17.4000
ALPHA 1.0349 MaxIteration 43634  TIMEOUT 0.354380
105        966       1022       1143      0.3544       1039        1039      0.0000     18.0640
ALPHA 1.0349 MaxIteration 45155  TIMEOUT 0.342546
106        966       1022       1143      0.3425       1039        1039      0.0000     18.6900
ALPHA 1.0349 MaxIteration 46729  TIMEOUT 0.392578
107        966       1022       1143      0.3926       1039        1039      0.0000     19.4200
ALPHA 1.0349 MaxIteration 48357  TIMEOUT 0.396077
108        966       1022       1143      0.3961       1039        1039      0.0000     19.9800
ALPHA 1.0349 MaxIteration 50042  TIMEOUT 0.019997
109        966       1022       1143      0.0200>>> T1_100_100_2.wclq |V| 100 |E| 100  (#LB 0.0000 1022 ---> 1022  0.0166  1039 <--- 1059  0.0189 #UB)  #solve_ime 20.0000 read_time 0.0000 
