>>> Warning: header edge_num=125248, parsed edge_num=62624
>>IBM: |V|=500 |E|=62624
>>IBM: The maximum node weight is 200
/public/home/acs4vb4pqv/benchmarks/MWDS2026/dimacs/DSJC500_5.clq #seed 3 #alpha 1.900 #timeout 0.100 K=5 RHO=0.05 Q0=0.90 BETA=3.5 AQ_MODE=guarded SAFE_AQ_MIN_GAP=0.050 SAFE_AQ_MIN_NODES=800 AQ_SLOPE_MARGIN=1.05 AQ_MAX_UB_DRIFT=0.25
[v19] |V|=500 |E|=62624 density=125.25 USE_ADVANCED=0
#Rd        #LB        #LB*       #UB       #Time        #UB+        #UB*      #Time      #TotalTime
First Gap  0.454545
ALPHA 1.9000 MaxIteration 500  TIMEOUT 0.508493
  1         11         11         16      0.5085
 [AQ bandit arm] arm=1 gap=0.4545 density=125.25 |V|=500

 [AQ small-headroom probe] gap=0.4545 density=125.25 |V|=500 => Light RL (K=3, 5.0%)
ALPHA 1.9000 MaxIteration 3  TIMEOUT 0.010338
  2         11         11         21      0.0103ALPHA 1.8304 MaxIteration 5  TIMEOUT 0.019408
  3         11         11         18      0.0194 [AQ guard] no early LB gain, disabling AQ
         16          16      0.0000      0.5523
ALPHA 1.7658 MaxIteration 9  TIMEOUT 0.017015
  4         10         11         18      0.0170         16          16      0.0000      0.5825
ALPHA 1.7056 MaxIteration 15  TIMEOUT 0.035983
  5         11         11         16      0.0360         16          16      0.0000      0.6525
ALPHA 1.6493 MaxIteration 25  TIMEOUT 0.025472
  6         10         11         16      0.0255         16          16      0.0000      0.7025
ALPHA 1.5966 MaxIteration 41  TIMEOUT 0.050312
  7         11         11         16      0.0503         16          16      0.0000      0.8123
ALPHA 1.5472 MaxIteration 65  TIMEOUT 0.070263
  8         11         11         16      0.0703         16          16      0.0000      0.9623
ALPHA 1.5008 MaxIteration 100  TIMEOUT 0.104897
  9         11         11         16      0.1049         16          16      0.0000      1.1723
ALPHA 1.4571 MaxIteration 150  TIMEOUT 0.152048
 10         11         11         16      0.1520         16          16      0.0000      1.4824
ALPHA 1.4158 MaxIteration 218  TIMEOUT 0.224319
 11         11         11         16      0.2243         16          16      0.0000      1.9322
ALPHA 1.3768 MaxIteration 308  TIMEOUT 0.318749
 12         11         11         16      0.3187         16          16      0.0000      2.5622
ALPHA 1.3399 MaxIteration 424  TIMEOUT 0.572862
 13         11         11         16      0.5729         16          16      0.0000      3.7125
ALPHA 1.3049 MaxIteration 568  TIMEOUT 1.069289
 14         11         11         16      1.0693         16          16      0.0000      5.8525
ALPHA 1.2718 MaxIteration 741  TIMEOUT 0.776100
 15         11         11         16      0.7761         16          16      0.0000      7.4024
ALPHA 1.2402 MaxIteration 942  TIMEOUT 1.050607
 16         11         11         16      1.0506         16          16      0.0000      9.5127
ALPHA 1.2102 MaxIteration 1168  TIMEOUT 1.328466
 17         11         11         16      1.3285         16          16      0.0000     12.1626
ALPHA 1.1816 MaxIteration 1413  TIMEOUT 1.369972
 18         10         11         16      1.3700         16          16      0.0000     14.9027
ALPHA 1.1543 MaxIteration 1669  TIMEOUT 1.642605
 19         10         11         16      1.6426         16          16      0.0000     18.1927
ALPHA 1.1283 MaxIteration 1926  TIMEOUT 1.807648
 20         10         11         16      1.8076>>> DSJC500_5.clq |V| 500 |E| 62624  (#LB 0.0000 11 ---> 11  0.4545  16 <--- 16  0.0000 #UB)  #solve_ime 20.0005 read_time 0.0178 
