With  Parameters CUTOFF 20 SEED 3  ALPHA = 1.900  K=5 RHO=0.05 Q0=0.90 BETA=3.0 AQ_MODE=guarded
Reading  graph ...  time 0.000608  
Reducing graph ...  time 0.000051  
[v6] |V|=250 |E|=2000 density=8.00 USE_ADVANCED=0 SAFE_AQ_MIN_GAP=0.050 DEEP_AQ_RANGE=[800, 5.00, 10.00] structure_blocks_aq=1 AQ_SLOPE_MARGIN=1.15 AQ_MAX_UB_DRIFT=0.20
#Rd        #LB        #LB*       #UB       #Time        #UB+        #UB*      #Time      #TotalTime
First Gap  0.220339
  1       1003       1003       1224      0.1136 [AQ bandit arm] arm=0 gap=0.2203 density=8.00 |V|=250

 Switch to DBS-only search, timeout 0.113579....
 [Online-safe AQ structure guard] |V|=250 density=8.00 outside [800, 5.00, 10.00], disabling AQ
       1183        1183      0.0005        0.2272
ALPHA 1.9000 MaxIteration 3  TIMEOUT 0.113579
  2        984       1003       1366      0.0006       1230        1183      0.0004        0.2285
ALPHA 1.8304 MaxIteration 5  TIMEOUT 0.001206
  3        997       1003       1457      0.0009       1191        1183      0.0007        0.2304
ALPHA 1.7658 MaxIteration 9  TIMEOUT 0.001664
  4       1013       1013       1386      0.0017       1183        1183      0.0006        0.2338
ALPHA 1.7056 MaxIteration 15  TIMEOUT 0.002995
  5       1013       1013       1343      0.0014       1217        1183      0.0012        0.2366
ALPHA 1.6493 MaxIteration 25  TIMEOUT 0.002389
  6       1020       1020       1321      0.0024       1183        1183      0.0019        0.2414
ALPHA 1.5966 MaxIteration 41  TIMEOUT 0.003975
  7       1020       1020       1321      0.0037       1191        1183      0.0036        0.2488
ALPHA 1.5472 MaxIteration 65  TIMEOUT 0.005858
  8       1023       1023       1272      0.0059       1183        1183      0.0027        0.2606
ALPHA 1.5008 MaxIteration 100  TIMEOUT 0.009119
  9       1040       1040       1272      0.0091       1189        1183      0.0006        0.2788
ALPHA 1.4571 MaxIteration 150  TIMEOUT 0.013708
 10       1041       1041       1306      0.0131       1189        1183      0.0080        0.3051
ALPHA 1.4158 MaxIteration 218  TIMEOUT 0.019143
 11       1057       1057       1306      0.0192       1183        1183      0.0029        0.3446
ALPHA 1.3768 MaxIteration 308  TIMEOUT 0.027226
 12       1051       1057       1306      0.0261       1183        1183      0.0110        0.3968
ALPHA 1.3399 MaxIteration 424  TIMEOUT 0.035927
 13       1051       1057       1225      0.0332       1183        1183      0.0032        0.4643
ALPHA 1.3049 MaxIteration 568  TIMEOUT 0.044545
 14       1051       1057       1225      0.0446       1183        1183      0.0285        0.5535
ALPHA 1.2718 MaxIteration 741  TIMEOUT 0.058174
 15       1051       1057       1225      0.0582       1183        1183      0.0056        0.6709
ALPHA 1.2402 MaxIteration 942  TIMEOUT 0.073996
 16       1051       1057       1223      0.0740       1183        1183      0.0027        0.8200
ALPHA 1.2102 MaxIteration 1168  TIMEOUT 0.091834
 17       1051       1057       1250      0.0919       1183        1183      0.0297        1.0038
ALPHA 1.1816 MaxIteration 1413  TIMEOUT 0.111197
 18       1051       1057       1250      0.1112       1183        1183      0.0006        1.2283
ALPHA 1.1543 MaxIteration 1669  TIMEOUT 0.131440
 19       1051       1057       1226      0.1315       1183        1183      0.0073        1.4933
ALPHA 1.1283 MaxIteration 1926  TIMEOUT 0.151756
 20       1051       1057       1226      0.1518       1183        1183      0.0091        1.7989
ALPHA 1.1034 MaxIteration 2173  TIMEOUT 0.171270
 21       1051       1057       1226      0.1713       1183        1183      0.0129        2.1416
ALPHA 1.0795 MaxIteration 2397  TIMEOUT 0.189006
 22       1051       1057       1226      0.1890       1183        1183      0.0437        2.5196
ALPHA 1.0567 MaxIteration 2587  TIMEOUT 0.204058
 23       1051       1057       1226      0.1881       1183        1183      0.0116        2.8958
ALPHA 1.0349 MaxIteration 2733  TIMEOUT 0.198772
 24       1051       1057       1226      0.1988       1183        1183      0.0038        3.2936
ALPHA 1.0349 MaxIteration 2828  TIMEOUT 0.205777
 25       1051       1057       1226      0.2058       1183        1183      0.0023        3.7052
ALPHA 1.0349 MaxIteration 2926  TIMEOUT 0.212980
 26       1051       1057       1226      0.2130       1183        1183      0.0027        4.1343
ALPHA 1.0349 MaxIteration 3027  TIMEOUT 0.220443
 27       1051       1057       1226      0.2205       1183        1183      0.0003        4.5763
ALPHA 1.0349 MaxIteration 3132  TIMEOUT 0.228193
 28       1051       1057       1226      0.2282       1183        1183      0.0053        5.0328
ALPHA 1.0349 MaxIteration 3241  TIMEOUT 0.236185
 29       1051       1057       1226      0.2362       1183        1183      0.0086        5.5064
ALPHA 1.0349 MaxIteration 3353  TIMEOUT 0.244482
 30       1051       1057       1226      0.2445       1183        1183      0.0043        5.9964
ALPHA 1.0349 MaxIteration 3469  TIMEOUT 0.253031
 31       1051       1057       1226      0.2473       1183        1183      0.0073        6.4920
ALPHA 1.0349 MaxIteration 3589  TIMEOUT 0.255896
 32       1051       1057       1226      0.2559       1183        1183      0.0342        7.0049
ALPHA 1.0349 MaxIteration 3714  TIMEOUT 0.264826
 33       1051       1057       1226      0.2649       1183        1183      0.0070        7.5367
ALPHA 1.0349 MaxIteration 3843  TIMEOUT 0.274140
 34       1051       1057       1226      0.2742       1183        1183      0.0009        8.0851
ALPHA 1.0349 MaxIteration 3976  TIMEOUT 0.283732
 35       1051       1057       1226      0.2838       1183        1183      0.0151        8.6557
ALPHA 1.0349 MaxIteration 4114  TIMEOUT 0.293651
 36       1051       1057       1226      0.2937       1183        1183      0.0043        9.2431
ALPHA 1.0349 MaxIteration 4257  TIMEOUT 0.303949
 37       1051       1057       1226      0.3040       1183        1183      0.0030        9.8531
ALPHA 1.0349 MaxIteration 4405  TIMEOUT 0.314574
 38       1051       1057       1226      0.3146       1183        1183      0.0321       10.4854
ALPHA 1.0349 MaxIteration 4558  TIMEOUT 0.325598
 39       1051       1057       1226      0.3256       1183        1183      0.0065       11.1397
ALPHA 1.0349 MaxIteration 4716  TIMEOUT 0.336962
 40       1051       1057       1226      0.3370       1183        1183      0.0185       11.8137
ALPHA 1.0349 MaxIteration 4880  TIMEOUT 0.348733
 41       1051       1057       1226      0.3478       1183        1183      0.0012       12.5154
ALPHA 1.0349 MaxIteration 5050  TIMEOUT 0.359959
 42       1051       1057       1226      0.3600       1183        1183      0.0053       13.2383
ALPHA 1.0349 MaxIteration 5226  TIMEOUT 0.372512
 43       1051       1057       1226      0.3725       1183        1183      0.0416       19.9998
>>> T2_250_2000_3.wclq |V| 250 |E| 2000  (#LB 0.0538 1003 ---> 1057  0.1065  1183 <--- 1224  0.0335 #UB)  #read_time 0.0006  #reduce_time 0.0001  #solve_time 19.9998  #total_time 20.0004
 