>>> Warning: header edge_num=125248, parsed edge_num=62624
>>IBM: |V|=500 |E|=62624
>>IBM: The maximum node weight is 200
/public/home/acs4vb4pqv/benchmarks/MWDS2026/dimacs/DSJC500_5.clq #seed 102 #alpha 1.900 #timeout 0.100 K=5 RHO=0.05 Q0=0.90 BETA=3.5 AQ_MODE=guarded SAFE_AQ_MIN_GAP=0.050 SAFE_AQ_MIN_NODES=800 AQ_SLOPE_MARGIN=1.05 AQ_MAX_UB_DRIFT=0.25
[v19] |V|=500 |E|=62624 density=125.25 USE_ADVANCED=0
#Rd        #LB        #LB*       #UB       #Time        #UB+        #UB*      #Time      #TotalTime
First Gap  0.454545
ALPHA 1.9000 MaxIteration 500  TIMEOUT 0.503663
  1         11         11         16      0.5037
 [AQ bandit arm] arm=1 gap=0.4545 density=125.25 |V|=500

 [AQ small-headroom probe] gap=0.4545 density=125.25 |V|=500 => Light RL (K=3, 5.0%)
ALPHA 1.9000 MaxIteration 3  TIMEOUT 0.009937
  2         10         11         21      0.0099ALPHA 1.8304 MaxIteration 5  TIMEOUT 0.017403
  3         10         11         18      0.0174 [AQ guard] no early LB gain, disabling AQ
         16          16      0.0100      0.5435
ALPHA 1.7658 MaxIteration 9  TIMEOUT 0.016553
  4         10         11         18      0.0166         16          16      0.0000      0.5739
ALPHA 1.7056 MaxIteration 15  TIMEOUT 0.036427
  5         11         11         16      0.0364         16          16      0.0000      0.6436
ALPHA 1.6493 MaxIteration 25  TIMEOUT 0.027331
  6         10         11         16      0.0273         16          16      0.0000      0.6939
ALPHA 1.5966 MaxIteration 41  TIMEOUT 0.050790
  7         11         11         16      0.0508         16          16      0.0000      0.8035
ALPHA 1.5472 MaxIteration 65  TIMEOUT 0.068843
  8         11         11         16      0.0688         16          16      0.0000      0.9337
ALPHA 1.5008 MaxIteration 100  TIMEOUT 0.106111
  9         11         11         16      0.1061         16          16      0.0000      1.1434
ALPHA 1.4571 MaxIteration 150  TIMEOUT 0.151719
 10         11         11         16      0.1517         16          16      0.0000      1.4534
ALPHA 1.4158 MaxIteration 218  TIMEOUT 0.218774
 11         11         11         16      0.2188         16          16      0.0000      1.8839
ALPHA 1.3768 MaxIteration 308  TIMEOUT 0.312951
 12         11         11         16      0.3130         16          16      0.0000      2.5136
ALPHA 1.3399 MaxIteration 424  TIMEOUT 0.570962
 13         11         11         16      0.5710         16          16      0.0000      3.6636
ALPHA 1.3049 MaxIteration 568  TIMEOUT 1.059244
 14         11         11         16      1.0592         16          16      0.0000      5.7837
ALPHA 1.2718 MaxIteration 741  TIMEOUT 0.777431
 15         11         11         16      0.7774         16          16      0.0000      7.3337
ALPHA 1.2402 MaxIteration 942  TIMEOUT 1.035552
 16         11         11         16      1.0356         16          16      0.0000      9.4036
ALPHA 1.2102 MaxIteration 1168  TIMEOUT 1.293825
 17         11         11         16      1.2938         16          16      0.0000     11.9936
ALPHA 1.1816 MaxIteration 1413  TIMEOUT 1.348772
 18         10         11         16      1.3488         16          16      0.0000     14.6934
ALPHA 1.1543 MaxIteration 1669  TIMEOUT 1.576554
 19         10         11         16      1.5766         16          16      0.0000     17.8333
ALPHA 1.1283 MaxIteration 1926  TIMEOUT 1.820832
 20         10         11         16      1.8208         16          16      0.0000     20.0032
>>> DSJC500_5.clq |V| 500 |E| 62624  (#LB 0.0000 11 ---> 11  0.4545  16 <--- 16  0.0000 #UB)  #solve_ime 20.0032 read_time 0.0168 
