>>IBM: |V|=27769 |E|=352285
>>IBM: The maximum node weight is 200
/public/home/acs4vb4pqv/benchmarks/MWDS2026/SNAP/Cit-HepTh.clq #seed 102 #alpha 1.900 #timeout 0.300 K=5 RHO=0.05 Q0=0.90 BETA=3.5 AQ_MODE=dbs SAFE_AQ_MIN_GAP=0.050 SAFE_AQ_MIN_NODES=800 AQ_SLOPE_MARGIN=1.05 AQ_MAX_UB_DRIFT=0.25
[v19] |V|=27769 |E|=352285 density=12.69 USE_ADVANCED=1
#Rd        #LB        #LB*       #UB       #Time        #UB+        #UB*      #Time      #TotalTime
First Gap  0.014591
ALPHA 1.9000 MaxIteration 50  TIMEOUT 1.393784
  1     213014     213014     216122      1.3938     215352      215352      0.0000      2.8142
ALPHA 1.9000 MaxIteration 3  TIMEOUT 0.135034
  2     211779     213014     217964      0.1350     216590      215352      0.0000      3.1042
ALPHA 1.8304 MaxIteration 5  TIMEOUT 0.211998
  3     211999     213014     217048      0.2120     216285      215352      0.0000      3.5542
ALPHA 1.7658 MaxIteration 9  TIMEOUT 0.432705
  4     212485     213014     216841      0.4327     215907      215352      0.0000      4.4442
ALPHA 1.7056 MaxIteration 15  TIMEOUT 0.606257
  5     211660     213014     217062      0.6063     216499      215352      0.0000      5.6742
ALPHA 1.6493 MaxIteration 25  TIMEOUT 2.435959
  6     211573     213014     216655      2.4360
 [LB Done] stag=5 elapsed=40.6% => 11.9s to UB
     215539      215352      8.3400     19.9342
>>> Cit-HepTh.clq |V| 27769 |E| 352285  (#LB 0.0000 213014 ---> 213014  0.0110  215352 <--- 216122  0.0036 #UB)  #solve_ime 19.9347 read_time 0.0758 
