>>IBM: |V|=1000 |E|=20000
>>IBM: The maximum node weight is 3050
/public/home/acs4vb4pqv/benchmarks/MWDS2026/T2_wclq/T2_1000_20000_9.wclq #seed 102 #alpha 1.900 #timeout 0.100 K=5 RHO=0.05 Q0=0.90 BETA=3.5 AQ_MODE=dbs SAFE_AQ_MIN_GAP=0.050 SAFE_AQ_MIN_NODES=800 AQ_SLOPE_MARGIN=1.05 AQ_MAX_UB_DRIFT=0.25
[v19] |V|=1000 |E|=20000 density=20.00 USE_ADVANCED=1
#Rd        #LB        #LB*       #UB       #Time        #UB+        #UB*      #Time      #TotalTime
First Gap  0.437956
ALPHA 1.9000 MaxIteration 500  TIMEOUT 0.956773
  1       5343       5343       7683      0.9568       7177        7177      0.9500      1.9052
ALPHA 1.9000 MaxIteration 3  TIMEOUT 0.002438
  2       5052       5343       9602      0.0024       7473        7177      0.0000      1.9152
ALPHA 1.8304 MaxIteration 5  TIMEOUT 0.005209
  3       4924       5343       9122      0.0052       7568        7177      0.0000      1.9252
ALPHA 1.7658 MaxIteration 9  TIMEOUT 0.009591
  4       4859       5343       8628      0.0096       7194        7177      0.0000      1.9452
ALPHA 1.7056 MaxIteration 15  TIMEOUT 0.011895
  5       5016       5343       8434      0.0119       7177        7177      0.0100      1.9752
ALPHA 1.6493 MaxIteration 25  TIMEOUT 0.038011
  6       4979       5343       7929      0.0380       7238        7177      0.0200      2.0452
ALPHA 1.5966 MaxIteration 41  TIMEOUT 0.039251
  7       5130       5343       7829      0.0393       7238        7177      0.0300      2.1152
ALPHA 1.5472 MaxIteration 65  TIMEOUT 0.183093
  8       5091       5343       7891      0.1831       7238        7177      0.0400      2.4852
ALPHA 1.5008 MaxIteration 100  TIMEOUT 0.098004
  9       5063       5343       7763      0.0980       7238        7177      0.0400      2.6752
ALPHA 1.4571 MaxIteration 150  TIMEOUT 0.239708
 10       5137       5343       7693      0.2397       7238        7177      0.0500      3.1552
ALPHA 1.4158 MaxIteration 218  TIMEOUT 0.285372
 11       5070       5343       7669      0.2854       7238        7177      0.0400      3.7252
ALPHA 1.3768 MaxIteration 308  TIMEOUT 0.483782
 12       5114       5343       7688      0.4838       7177        7177      0.1000      4.6952
ALPHA 1.3399 MaxIteration 424  TIMEOUT 0.351372
 13       5024       5343       7507      0.3514       7238        7177      0.0000      5.4052
ALPHA 1.3049 MaxIteration 568  TIMEOUT 0.947464
 14       5116       5343       7588      0.9475       7177        7177      0.7000      7.2852
ALPHA 1.2718 MaxIteration 741  TIMEOUT 1.681486
 15       5148       5343       7513      1.6815
 [LB Done] stag=14 elapsed=44.8% => 11.0s to UB
       7177        7177      0.2600     19.9452
>>> T2_1000_20000_9.wclq |V| 1000 |E| 20000  (#LB 0.0000 5343 ---> 5343  0.3433  7177 <--- 7683  0.0659 #UB)  #solve_ime 19.9452 read_time 0.0048 
