>>IBM: |V|=27769 |E|=352285
>>IBM: The maximum node weight is 200
/public/home/acs4vb4pqv/benchmarks/MWDS2026/SNAP/Cit-HepTh.clq #seed 2 #alpha 1.900 #timeout 0.300 K=5 RHO=0.05 Q0=0.90 BETA=3.5 AQ_MODE=dbs SAFE_AQ_MIN_GAP=0.050 SAFE_AQ_MIN_NODES=800 AQ_SLOPE_MARGIN=1.05 AQ_MAX_UB_DRIFT=0.25
[v19] |V|=27769 |E|=352285 density=12.69 USE_ADVANCED=1
#Rd        #LB        #LB*       #UB       #Time        #UB+        #UB*      #Time      #TotalTime
First Gap  0.014591
ALPHA 1.9000 MaxIteration 50  TIMEOUT 1.302653
  1     213014     213014     216122      1.3027     215277      215277      0.0000      2.6351
ALPHA 1.9000 MaxIteration 3  TIMEOUT 0.082361
  2     211457     213014     218573      0.0824     217307      215277      0.0000      2.8252
ALPHA 1.8304 MaxIteration 5  TIMEOUT 0.125011
  3     211793     213014     217944      0.1250     217123      215277      0.0000      3.0951
ALPHA 1.7658 MaxIteration 9  TIMEOUT 0.577225
  4     212664     213014     216553      0.5772     215741      215277      0.0000      4.2551
ALPHA 1.7056 MaxIteration 15  TIMEOUT 0.903795
  5     212547     213014     216337      0.9038     215834      215277      0.0000      6.0851
ALPHA 1.6493 MaxIteration 25  TIMEOUT 0.914176
  6     210382     213014     218037      0.9142     216091      215277      0.7600      7.9251
ALPHA 1.5966 MaxIteration 41  TIMEOUT 2.223681
  7     210268     213014     217325      2.2237
 [LB Done] stag=6 elapsed=50.7% => 9.9s to UB
     215545      215277      9.8000     19.9513
>>> Cit-HepTh.clq |V| 27769 |E| 352285  (#LB 0.0000 213014 ---> 213014  0.0106  215277 <--- 216122  0.0039 #UB)  #solve_ime 19.9518 read_time 0.0749 
