>>IBM: |V|=200 |E|=2000
>>IBM: The maximum node weight is 49
/public/home/acs4vb4pqv/benchmarks/MWDS2026/T1_wclq/T1_200_2000_8.wclq #seed 1 #alpha 1.900 #timeout 0.100 K=5 RHO=0.05 Q0=0.90 BETA=3.5 AQ_MODE=dbs SAFE_AQ_MIN_GAP=0.050 SAFE_AQ_MIN_NODES=800 AQ_SLOPE_MARGIN=1.05 AQ_MAX_UB_DRIFT=0.25
[v19] |V|=200 |E|=2000 density=10.00 USE_ADVANCED=0
#Rd        #LB        #LB*       #UB       #Time        #UB+        #UB*      #Time      #TotalTime
First Gap  1.328283
ALPHA 1.9000 MaxIteration 500  TIMEOUT 0.043413
  1        198        198        461      0.0434        416         416      0.0100      0.0889
ALPHA 1.9000 MaxIteration 3  TIMEOUT 0.000330
  2        191        198        562      0.0003        416         416      0.0000      0.0989
ALPHA 1.8304 MaxIteration 5  TIMEOUT 0.000774
  3        179        198        506      0.0008        420         416      0.0000      0.1089
ALPHA 1.7658 MaxIteration 9  TIMEOUT 0.001396
  4        174        198        500      0.0014        421         416      0.0000      0.1189
ALPHA 1.7056 MaxIteration 15  TIMEOUT 0.002181
  5        177        198        502      0.0022        419         416      0.0000      0.1289
ALPHA 1.6493 MaxIteration 25  TIMEOUT 0.003263
  6        189        198        501      0.0033        416         416      0.0000      0.1389
ALPHA 1.5966 MaxIteration 41  TIMEOUT 0.005070
  7        176        198        480      0.0051        422         416      0.0000      0.1489
ALPHA 1.5472 MaxIteration 65  TIMEOUT 0.008118
  8        176        198        472      0.0081        426         416      0.0000      0.1589
ALPHA 1.5008 MaxIteration 100  TIMEOUT 0.011735
  9        180        198        473      0.0117        420         416      0.0000      0.1889
ALPHA 1.4571 MaxIteration 150  TIMEOUT 0.028719
 10        178        198        464      0.0287        416         416      0.0100      0.2389
ALPHA 1.4158 MaxIteration 218  TIMEOUT 0.020495
 11        175        198        459      0.0205        416         416      0.0000      0.2889
ALPHA 1.3768 MaxIteration 308  TIMEOUT 0.038493
 12        177        198        450      0.0385        416         416      0.0200      0.3589
ALPHA 1.3399 MaxIteration 424  TIMEOUT 0.086215
 13        177        198        450      0.0862        416         416      0.0300      0.5189
ALPHA 1.3049 MaxIteration 568  TIMEOUT 0.110056
 14        183        198        454      0.1101        416         416      0.0000      0.7489
ALPHA 1.2718 MaxIteration 741  TIMEOUT 0.151132
 15        193        198        445      0.1511        416         416      0.0000      1.0489
ALPHA 1.2402 MaxIteration 942  TIMEOUT 0.123894
 16        192        198        463      0.1239        416         416      0.0100      1.2989
ALPHA 1.2102 MaxIteration 1168  TIMEOUT 0.189404
 17        175        198        445      0.1894        416         416      0.0100      1.6689
ALPHA 1.1816 MaxIteration 1413  TIMEOUT 0.149739
 18        179        198        449      0.1497        416         416      0.0300      1.9489
ALPHA 1.1543 MaxIteration 1669  TIMEOUT 0.242214
 19        177        198        458      0.2422        416         416      0.0000      2.4389
ALPHA 1.1283 MaxIteration 1926  TIMEOUT 0.198205
 20        176        198        457      0.1982        416         416      0.0200      2.8189
ALPHA 1.1034 MaxIteration 2173  TIMEOUT 0.316013
 21        181        198        447      0.3160        416         416      0.0400      3.4389
ALPHA 1.0795 MaxIteration 2397  TIMEOUT 0.305337
 22        176        198        456      0.3053        416         416      0.0100      4.0389
ALPHA 1.0567 MaxIteration 2587  TIMEOUT 0.412088
 23        178        198        453      0.4121        416         416      0.0000      4.8589
ALPHA 1.0349 MaxIteration 2733  TIMEOUT 0.368027
 24        177        198        457      0.3680        416         416      0.0100      5.5789
ALPHA 1.0349 MaxIteration 2828  TIMEOUT 0.303398
 25        176        198        457      0.3034        416         416      0.0100      6.1889
ALPHA 1.0349 MaxIteration 2926  TIMEOUT 0.258738
 26        173        198        469      0.2587        416         416      0.0700      6.6889
ALPHA 1.0349 MaxIteration 3027  TIMEOUT 0.451767
 27        180        198        468      0.4518        416         416      0.0300      7.5889
ALPHA 1.0349 MaxIteration 3132  TIMEOUT 0.294220
 28        177        198        443      0.2942        416         416      0.0000      8.1789
ALPHA 1.0349 MaxIteration 3241  TIMEOUT 0.397574
 29        181        198        443      0.3976        416         416      0.0000      8.9589
ALPHA 1.0349 MaxIteration 3353  TIMEOUT 0.365970
 30        181        198        453      0.3660        416         416      0.0100      9.6889
ALPHA 1.0349 MaxIteration 3469  TIMEOUT 0.374374
 31        182        198        453      0.3744        416         416      0.0000     10.4389
ALPHA 1.0349 MaxIteration 3589  TIMEOUT 0.311267
 32        178        198        453      0.3113        416         416      0.0000     11.0689
ALPHA 1.0349 MaxIteration 3714  TIMEOUT 0.498195
 33        181        198        453      0.4982        416         416      0.0100     12.0589
ALPHA 1.0349 MaxIteration 3843  TIMEOUT 0.338283
 34        175        198        457      0.3383        416         416      0.0200     12.7089
ALPHA 1.0349 MaxIteration 3976  TIMEOUT 0.806805
 35        184        198        447      0.8068        416         416      0.0400     14.3089
ALPHA 1.0349 MaxIteration 4114  TIMEOUT 0.444045
 36        181        198        462      0.4440        416         416      0.0200     15.1889
ALPHA 1.0349 MaxIteration 4257  TIMEOUT 0.418442
 37        178        198        453      0.4184        416         416      0.0100     16.0089
ALPHA 1.0349 MaxIteration 4405  TIMEOUT 0.512308
 38        175        198        453      0.5123        416         416      0.0000     17.0289
ALPHA 1.0349 MaxIteration 4558  TIMEOUT 0.513452
 39        180        198        447      0.5135        416         416      0.0400     18.0489
ALPHA 1.0349 MaxIteration 4716  TIMEOUT 0.633572
 40        183        198        447      0.6336        416         416      0.0400     19.2989
ALPHA 1.0349 MaxIteration 4880  TIMEOUT 0.653559
 41        181        198        446      0.6536        416         416      0.0000     19.9989
ALPHA 1.0349 MaxIteration 5050  TIMEOUT 0.001174
 42        164        198        525      0.0012>>> T1_200_2000_8.wclq |V| 200 |E| 2000  (#LB 0.0000 198 ---> 198  1.1010  416 <--- 461  0.0976 #UB)  #solve_ime 20.0001 read_time 0.0011 
