With  Parameters CUTOFF 20 SEED 2  ALPHA = 1.900  K=5 RHO=0.05 Q0=0.90 BETA=3.0 AQ_MODE=dbs
Reading  graph ...  time 0.000680  
Reducing graph ...  time 0.000049  
[v6] |V|=250 |E|=2000 density=8.00 USE_ADVANCED=0 SAFE_AQ_MIN_GAP=0.050 DEEP_AQ_RANGE=[800, 5.00, 10.00] structure_blocks_aq=1 AQ_SLOPE_MARGIN=1.15 AQ_MAX_UB_DRIFT=0.20
#Rd        #LB        #LB*       #UB       #Time        #UB+        #UB*      #Time      #TotalTime
First Gap  0.220339
  1       1003       1003       1224      0.1066 [AQ bandit arm] arm=4 gap=0.2203 density=8.00 |V|=250

 Switch to DBS-only search, timeout 0.106555....
 [Online-safe AQ structure guard] |V|=250 density=8.00 outside [800, 5.00, 10.00], disabling AQ
       1183        1183      0.0207        0.2948
ALPHA 1.9000 MaxIteration 3  TIMEOUT 0.106555
  2        984       1003       1366      0.0005       1240        1183      0.0004        0.2959
ALPHA 1.8304 MaxIteration 5  TIMEOUT 0.000997
  3        985       1003       1383      0.0004       1235        1183      0.0002        0.2967
ALPHA 1.7658 MaxIteration 9  TIMEOUT 0.000760
  4        996       1003       1283      0.0008       1199        1183      0.0004        0.2982
ALPHA 1.7056 MaxIteration 15  TIMEOUT 0.001333
  5        982       1003       1247      0.0014       1195        1183      0.0008        0.3011
ALPHA 1.6493 MaxIteration 25  TIMEOUT 0.002407
  6       1020       1020       1375      0.0024       1183        1183      0.0015        0.3060
ALPHA 1.5966 MaxIteration 41  TIMEOUT 0.004029
  7       1020       1020       1357      0.0031       1183        1183      0.0012        0.3122
ALPHA 1.5472 MaxIteration 65  TIMEOUT 0.004975
  8       1020       1020       1253      0.0048       1189        1183      0.0031        0.3218
ALPHA 1.5008 MaxIteration 100  TIMEOUT 0.007428
  9       1020       1020       1230      0.0070       1183        1183      0.0026        0.3358
ALPHA 1.4571 MaxIteration 150  TIMEOUT 0.010465
 10       1020       1020       1230      0.0105       1183        1183      0.0085        0.3567
ALPHA 1.4158 MaxIteration 218  TIMEOUT 0.015282
 11       1020       1020       1230      0.0154       1183        1183      0.0037        0.3875
ALPHA 1.3768 MaxIteration 308  TIMEOUT 0.021740
 12       1023       1023       1230      0.0218       1183        1183      0.0116        0.4310
ALPHA 1.3399 MaxIteration 424  TIMEOUT 0.029957
 13       1023       1023       1226      0.0300       1183        1183      0.0199        0.4910
ALPHA 1.3049 MaxIteration 568  TIMEOUT 0.040167
 14       1023       1023       1219      0.0402       1183        1183      0.0126        0.5725
ALPHA 1.2718 MaxIteration 741  TIMEOUT 0.052472
 15       1023       1023       1230      0.0525       1183        1183      0.0057        0.6785
ALPHA 1.2402 MaxIteration 942  TIMEOUT 0.066767
 16       1023       1023       1219      0.0668       1183        1183      0.0130        0.8122
ALPHA 1.2102 MaxIteration 1168  TIMEOUT 0.082897
 17       1024       1024       1226      0.0830       1183        1183      0.0009        0.9791
ALPHA 1.1816 MaxIteration 1413  TIMEOUT 0.100408
 18       1029       1029       1226      0.1004       1183        1183      0.0344        1.1800
ALPHA 1.1543 MaxIteration 1669  TIMEOUT 0.118672
 19       1029       1029       1230      0.1187       1183        1183      0.0999        1.4186
ALPHA 1.1283 MaxIteration 1926  TIMEOUT 0.137040
 20       1030       1030       1226      0.1371       1183        1183      0.0124        1.6929
ALPHA 1.1034 MaxIteration 2173  TIMEOUT 0.154700
 21       1048       1048       1226      0.1548       1183        1183      0.0247        2.0024
ALPHA 1.0795 MaxIteration 2397  TIMEOUT 0.170750
 22       1048       1048       1226      0.1708       1183        1183      0.0010        2.3440
ALPHA 1.0567 MaxIteration 2587  TIMEOUT 0.184362
 23       1048       1048       1226      0.1844       1183        1183      0.0114        2.7149
ALPHA 1.0349 MaxIteration 2733  TIMEOUT 0.194879
 24       1048       1048       1226      0.1949       1183        1183      0.0114        3.1057
ALPHA 1.0349 MaxIteration 2828  TIMEOUT 0.201704
 25       1048       1048       1226      0.1972       1183        1183      0.0008        3.5012
ALPHA 1.0349 MaxIteration 2926  TIMEOUT 0.204055
 26       1048       1048       1226      0.2041       1183        1183      0.0136        3.9114
ALPHA 1.0349 MaxIteration 3027  TIMEOUT 0.211172
 27       1048       1048       1226      0.2093       1183        1183      0.0176        4.3330
ALPHA 1.0349 MaxIteration 3132  TIMEOUT 0.216581
 28       1048       1048       1226      0.2167       1183        1183      0.0742        4.7663
ALPHA 1.0349 MaxIteration 3241  TIMEOUT 0.224207
 29       1048       1048       1226      0.2243       1183        1183      0.0004        5.2159
ALPHA 1.0349 MaxIteration 3353  TIMEOUT 0.232105
 30       1048       1048       1226      0.2322       1183        1183      0.0015        5.6814
ALPHA 1.0349 MaxIteration 3469  TIMEOUT 0.240272
 31       1048       1048       1226      0.2403       1183        1183      0.0198        6.1641
ALPHA 1.0349 MaxIteration 3589  TIMEOUT 0.248721
 32       1048       1048       1226      0.2488       1183        1183      0.0021        6.6637
ALPHA 1.0349 MaxIteration 3714  TIMEOUT 0.257463
 33       1048       1048       1226      0.2568       1183        1183      0.0031        7.1784
ALPHA 1.0349 MaxIteration 3843  TIMEOUT 0.265787
 34       1048       1048       1226      0.2659       1183        1183      0.0019        7.7132
ALPHA 1.0349 MaxIteration 3976  TIMEOUT 0.275121
 35       1048       1048       1226      0.2752       1183        1183      0.0013        8.2636
ALPHA 1.0349 MaxIteration 4114  TIMEOUT 0.284753
 36       1048       1048       1226      0.2848       1183        1183      0.0143        8.8362
ALPHA 1.0349 MaxIteration 4257  TIMEOUT 0.294732
 37       1048       1048       1226      0.2948       1183        1183      0.0132        9.4268
ALPHA 1.0349 MaxIteration 4405  TIMEOUT 0.305058
 38       1048       1048       1226      0.2957       1183        1183      0.0222       10.0203
ALPHA 1.0349 MaxIteration 4558  TIMEOUT 0.306034
 39       1048       1048       1226      0.3061       1183        1183      0.0123       10.6325
ALPHA 1.0349 MaxIteration 4716  TIMEOUT 0.316732
 40       1048       1048       1226      0.3168       1183        1183      0.0038       11.2681
ALPHA 1.0349 MaxIteration 4880  TIMEOUT 0.327839
 41       1048       1048       1226      0.3279       1183        1183      0.0044       11.9249
ALPHA 1.0349 MaxIteration 5050  TIMEOUT 0.339286
 42       1048       1048       1226      0.3393       1183        1183      0.0227       12.6046
ALPHA 1.0349 MaxIteration 5226  TIMEOUT 0.351159
 43       1048       1048       1226      0.3512       1183        1183      0.0017       13.3101
ALPHA 1.0349 MaxIteration 5408  TIMEOUT 0.363475
 44       1048       1048       1226      0.3635       1183        1183      0.0057       19.9998
>>> T2_250_2000_3.wclq |V| 250 |E| 2000  (#LB 0.0449 1003 ---> 1048  0.1141  1183 <--- 1224  0.0335 #UB)  #read_time 0.0007  #reduce_time 0.0000  #solve_time 19.9998  #total_time 20.0005
 