With  Parameters CUTOFF 20 SEED 3  ALPHA = 1.900  K=5 RHO=0.05 Q0=0.90 BETA=3.0 AQ_MODE=guarded
Reading  graph ...  time 0.000625  
Reducing graph ...  time 0.000049  
[v6] |V|=200 |E|=2000 density=10.00 USE_ADVANCED=0 SAFE_AQ_MIN_GAP=0.050 DEEP_AQ_RANGE=[800, 5.00, 10.00] structure_blocks_aq=1 AQ_SLOPE_MARGIN=1.15 AQ_MAX_UB_DRIFT=0.20
#Rd        #LB        #LB*       #UB       #Time        #UB+        #UB*      #Time      #TotalTime
First Gap  1.328283
  1        198        198        461      0.0449 [AQ bandit arm] arm=0 gap=1.3283 density=10.00 |V|=200

 Switch to DBS-only search, timeout 0.044881....
 [Online-safe AQ structure guard] |V|=200 density=10.00 outside [800, 5.00, 10.00], disabling AQ
        416         416      0.0023        0.0949
ALPHA 1.9000 MaxIteration 3  TIMEOUT 0.044881
  2        195        198        521      0.0004        435         416      0.0003        0.0956
ALPHA 1.8304 MaxIteration 5  TIMEOUT 0.000697
  3        213        213        562      0.0007        423         416      0.0003        0.0970
ALPHA 1.7658 MaxIteration 9  TIMEOUT 0.001265
  4        202        213        529      0.0010        430         416      0.0003        0.0990
ALPHA 1.7056 MaxIteration 15  TIMEOUT 0.001711
  5        208        213        534      0.0016        428         416      0.0003        0.1021
ALPHA 1.6493 MaxIteration 25  TIMEOUT 0.002671
  6        215        215        527      0.0028        423         416      0.0007        0.1077
ALPHA 1.5966 MaxIteration 41  TIMEOUT 0.004598
  7        215        215        509      0.0038        420         416      0.0009        0.1153
ALPHA 1.5472 MaxIteration 65  TIMEOUT 0.006098
  8        212        215        499      0.0061        416         416      0.0017        0.1276
ALPHA 1.5008 MaxIteration 100  TIMEOUT 0.009497
  9        208        215        511      0.0095        416         416      0.0049        0.1467
ALPHA 1.4571 MaxIteration 150  TIMEOUT 0.014289
 10        216        216        522      0.0143        416         416      0.0058        0.1753
ALPHA 1.4158 MaxIteration 218  TIMEOUT 0.020832
 11        217        217        512      0.0182        416         416      0.0043        0.2126
ALPHA 1.3768 MaxIteration 308  TIMEOUT 0.025719
 12        215        217        504      0.0257        416         416      0.0065        0.2641
ALPHA 1.3399 MaxIteration 424  TIMEOUT 0.035438
 13        215        217        488      0.0355        416         416      0.0077        0.3351
ALPHA 1.3049 MaxIteration 568  TIMEOUT 0.047525
 14        221        221        509      0.0475        416         416      0.0113        0.4302
ALPHA 1.2718 MaxIteration 741  TIMEOUT 0.062032
 15        221        221        489      0.0620        416         416      0.0018        0.5553
ALPHA 1.2402 MaxIteration 942  TIMEOUT 0.078901
 16        223        223        500      0.0789        416         416      0.0017        0.7142
ALPHA 1.2102 MaxIteration 1168  TIMEOUT 0.097905
 17        223        223        504      0.0966        416         416      0.0262        0.9073
ALPHA 1.1816 MaxIteration 1413  TIMEOUT 0.116863
 18        223        223        506      0.1129        416         416      0.0076        1.1331
ALPHA 1.1543 MaxIteration 1669  TIMEOUT 0.133359
 19        223        223        494      0.1334        416         416      0.0067        1.4009
ALPHA 1.1283 MaxIteration 1926  TIMEOUT 0.153994
 20        223        223        503      0.1541        416         416      0.0029        1.7093
ALPHA 1.1034 MaxIteration 2173  TIMEOUT 0.173820
 21        223        223        491      0.1738        416         416      0.0122        2.0580
ALPHA 1.0795 MaxIteration 2397  TIMEOUT 0.191818
 22        223        223        497      0.1919        416         416      0.0231        2.4429
ALPHA 1.0567 MaxIteration 2587  TIMEOUT 0.207174
 23        223        223        491      0.2072        416         416      0.0029        2.8584
ALPHA 1.0349 MaxIteration 2733  TIMEOUT 0.218989
 24        223        223        477      0.2191        416         416      0.0019        3.2965
ALPHA 1.0349 MaxIteration 2828  TIMEOUT 0.226702
 25        223        223        493      0.2268        416         416      0.0052        3.7511
ALPHA 1.0349 MaxIteration 2926  TIMEOUT 0.234691
 26        223        223        500      0.2348        416         416      0.0028        4.2217
ALPHA 1.0349 MaxIteration 3027  TIMEOUT 0.242962
 27        223        223        500      0.2431        416         416      0.0046        4.7098
ALPHA 1.0349 MaxIteration 3132  TIMEOUT 0.251523
 28        223        223        483      0.2516        416         416      0.0017        5.2150
ALPHA 1.0349 MaxIteration 3241  TIMEOUT 0.260339
 29        223        223        487      0.2604        416         416      0.0022        5.7358
ALPHA 1.0349 MaxIteration 3353  TIMEOUT 0.269438
 30        223        223        503      0.2690        416         416      0.0068        6.2758
ALPHA 1.0349 MaxIteration 3469  TIMEOUT 0.278384
 31        223        223        503      0.2785        416         416      0.0015        6.8338
ALPHA 1.0349 MaxIteration 3589  TIMEOUT 0.288157
 32        223        223        503      0.2882        416         416      0.0072        7.4113
ALPHA 1.0349 MaxIteration 3714  TIMEOUT 0.298289
 33        223        223        481      0.2983        416         416      0.0088        8.0100
ALPHA 1.0349 MaxIteration 3843  TIMEOUT 0.308733
 34        223        223        502      0.3088        416         416      0.0407        8.6276
ALPHA 1.0349 MaxIteration 3976  TIMEOUT 0.319555
 35        223        223        491      0.3196        416         416      0.0036        9.2697
ALPHA 1.0349 MaxIteration 4114  TIMEOUT 0.330699
 36        223        223        493      0.3295        416         416      0.0088        9.9338
ALPHA 1.0349 MaxIteration 4257  TIMEOUT 0.340995
 37        223        223        491      0.3411        416         416      0.0113       10.6159
ALPHA 1.0349 MaxIteration 4405  TIMEOUT 0.352957
 38        223        223        491      0.3530        416         416      0.0023       11.3229
ALPHA 1.0349 MaxIteration 4558  TIMEOUT 0.365293
 39        223        223        487      0.3653        416         416      0.0029       12.0566
ALPHA 1.0349 MaxIteration 4716  TIMEOUT 0.378051
 40        223        223        487      0.3781        416         416      0.0024       12.8149
ALPHA 1.0349 MaxIteration 4880  TIMEOUT 0.391299
 41        223        223        493      0.3913        416         416      0.0025       13.5996
ALPHA 1.0349 MaxIteration 5050  TIMEOUT 0.404973
 42        223        223        493      0.4050        416         416      0.0064       19.9998
>>> T1_200_2000_8.wclq |V| 200 |E| 2000  (#LB 0.1263 198 ---> 223  0.4639  416 <--- 461  0.0976 #UB)  #read_time 0.0006  #reduce_time 0.0000  #solve_time 19.9998  #total_time 20.0005
 