With  Parameters CUTOFF 20 SEED 2  ALPHA = 1.900  K=5 RHO=0.05 Q0=0.90 BETA=3.0 AQ_MODE=guarded
Reading  graph ...  time 0.001105  
Reducing graph ...  time 0.000212  
[v6] |V|=1000 |E|=1000 density=1.00 USE_ADVANCED=1 SAFE_AQ_MIN_GAP=0.050 DEEP_AQ_RANGE=[800, 5.00, 10.00] structure_blocks_aq=1 AQ_SLOPE_MARGIN=1.15 AQ_MAX_UB_DRIFT=0.20
#Rd        #LB        #LB*       #UB       #Time        #UB+        #UB*      #Time      #TotalTime
First Gap  0.099244
  1      10318      10318      11342      0.2745 [AQ bandit arm] arm=0 gap=0.0992 density=1.00 |V|=1000

 Switch to DBS-only search, timeout 0.274533....
 [Online-safe AQ structure guard] |V|=1000 density=1.00 outside [800, 5.00, 10.00], disabling AQ
      10795       10795      0.1510        0.5496
ALPHA 1.9000 MaxIteration 3  TIMEOUT 0.274533
  2      10283      10318      11592      0.0009      11162       10795      0.0004        0.5514
ALPHA 1.8304 MaxIteration 5  TIMEOUT 0.001693
  3      10296      10318      11786      0.0014      11218       10795      0.0004        0.5542
ALPHA 1.7658 MaxIteration 9  TIMEOUT 0.002535
  4      10291      10318      11911      0.0023      11232       10795      0.0004        0.5588
ALPHA 1.7056 MaxIteration 15  TIMEOUT 0.004031
  5      10272      10318      11840      0.0037      11181       10795      0.0004        0.5662
ALPHA 1.6493 MaxIteration 25  TIMEOUT 0.006251
  6      10270      10318      11903      0.0064      11041       10795      0.0061        0.5789
ALPHA 1.5966 MaxIteration 41  TIMEOUT 0.010508
  7      10260      10318      11934      0.0105      10952       10795      0.0062        0.6000
ALPHA 1.5472 MaxIteration 65  TIMEOUT 0.016830
  8      10262      10318      11914      0.0169      10891       10795      0.0153        0.6338
ALPHA 1.5008 MaxIteration 100  TIMEOUT 0.026151
  9      10281      10318      11814      0.0263      10885       10795      0.0133        0.6864
ALPHA 1.4571 MaxIteration 150  TIMEOUT 0.039400
 10      10265      10318      11757      0.0384      10834       10795      0.0252        0.7631
ALPHA 1.4158 MaxIteration 218  TIMEOUT 0.055890
 11      10276      10318      11718      0.0559      10816       10795      0.0303        0.8750
ALPHA 1.3768 MaxIteration 308  TIMEOUT 0.079180
 12      10281      10318      11726      0.0793      10837       10795      0.0565        1.0346
ALPHA 1.3399 MaxIteration 424  TIMEOUT 0.109202
 13      10300      10318      11716      0.1093      10805       10795      0.0957        1.2534
ALPHA 1.3049 MaxIteration 568  TIMEOUT 0.146504
 14      10320      10320      11711      0.1465      10797       10795      0.0951        1.5465
ALPHA 1.2718 MaxIteration 741  TIMEOUT 0.191220
 15      10320      10320      11656      0.1608      10804       10795      0.1548        1.8681
ALPHA 1.2402 MaxIteration 942  TIMEOUT 0.204512
 16      10320      10320      11645      0.2043      10797       10795      0.1462        2.2767
ALPHA 1.2102 MaxIteration 1168  TIMEOUT 0.253321
 17      10330      10330      11659      0.2534      10797       10795      0.1299        2.7845
ALPHA 1.1816 MaxIteration 1413  TIMEOUT 0.306604
 18      10331      10331      11641      0.3068      10798       10795      0.2641        3.3991
ALPHA 1.1543 MaxIteration 1669  TIMEOUT 0.362505
 19      10344      10344      11640      0.3625      10800       10795      0.2588        4.1262
ALPHA 1.1283 MaxIteration 1926  TIMEOUT 0.418450
 20      10351      10351      11596      0.4185      10794       10794      0.2790        4.9632
ALPHA 1.1034 MaxIteration 2173  TIMEOUT 0.472170
 21      10351      10351      11610      0.4708      10797       10794      0.4519        5.9067
ALPHA 1.0795 MaxIteration 2397  TIMEOUT 0.519418
 22      10360      10360      11579      0.5195      10792       10792      0.3705        6.9457
ALPHA 1.0567 MaxIteration 2587  TIMEOUT 0.560788
 23      10360      10360      11569      0.5454      10797       10792      0.5147        8.0415
ALPHA 1.0349 MaxIteration 2733  TIMEOUT 0.576297
 24      10367      10367      11554      0.5764      10794       10792      0.4828        9.1943
ALPHA 1.0349 MaxIteration 2828  TIMEOUT 0.596493
 25      10366      10367      11572      0.5938      10793       10792      0.3710       10.3830
ALPHA 1.0349 MaxIteration 2926  TIMEOUT 0.614542
 26      10366      10367      11549      0.6146      10790       10790      0.5478       11.6153
ALPHA 1.0349 MaxIteration 3027  TIMEOUT 0.636034
 27      10366      10367      11569      0.6362      10795       10790      0.4802       12.8898
ALPHA 1.0349 MaxIteration 3132  TIMEOUT 0.658427
 28      10367      10367      11594      0.6585      10774       10774      3.5697       19.9997
>>> T1_1000_1000_2.wclq |V| 1000 |E| 1000  (#LB 0.0047 10318 ---> 10367  0.0378  10774 <--- 11342  0.0501 #UB)  #read_time 0.0011  #reduce_time 0.0002  #solve_time 19.9997  #total_time 20.0011
 