With  Parameters CUTOFF 20 SEED 1  ALPHA = 1.900  K=5 RHO=0.05 Q0=0.90 BETA=3.0 AQ_MODE=guarded
Reading  graph ...  time 0.004589  
Reducing graph ...  time 0.000031  
[v6] |V|=200 |E|=250 density=1.25 USE_ADVANCED=0 SAFE_AQ_MIN_GAP=0.050 DEEP_AQ_RANGE=[800, 5.00, 10.00] structure_blocks_aq=1 AQ_SLOPE_MARGIN=1.15 AQ_MAX_UB_DRIFT=0.20
#Rd        #LB        #LB*       #UB       #Time        #UB+        #UB*      #Time      #TotalTime
First Gap  0.090909
  1       1848       1848       2016      0.0210 [AQ bandit arm] arm=0 gap=0.0909 density=1.25 |V|=200

 Switch to DBS-only search, timeout 0.020964....
 [Online-safe AQ structure guard] |V|=200 density=1.25 outside [800, 5.00, 10.00], disabling AQ
       1937        1937      0.0025        0.0452
ALPHA 1.9000 MaxIteration 3  TIMEOUT 0.020964
  2       1823       1848       2050      0.0001       2016        1937      0.0000        0.0455
ALPHA 1.8304 MaxIteration 5  TIMEOUT 0.000272
  3       1822       1848       2095      0.0003       1984        1937      0.0002        0.0462
ALPHA 1.7658 MaxIteration 9  TIMEOUT 0.000556
  4       1832       1848       2096      0.0005       1970        1937      0.0004        0.0471
ALPHA 1.7056 MaxIteration 15  TIMEOUT 0.000867
  5       1830       1848       2046      0.0007       1960        1937      0.0005        0.0485
ALPHA 1.6493 MaxIteration 25  TIMEOUT 0.001158
  6       1851       1851       2086      0.0012       1954        1937      0.0008        0.0509
ALPHA 1.5966 MaxIteration 41  TIMEOUT 0.001926
  7       1853       1853       2072      0.0019       1937        1937      0.0018        0.0547
ALPHA 1.5472 MaxIteration 65  TIMEOUT 0.003080
  8       1853       1853       2072      0.0021       1952        1937      0.0017        0.0589
ALPHA 1.5008 MaxIteration 100  TIMEOUT 0.003211
  9       1841       1853       2100      0.0031       1940        1937      0.0030        0.0651
ALPHA 1.4571 MaxIteration 150  TIMEOUT 0.004694
 10       1853       1853       2082      0.0047       1940        1937      0.0008        0.0756
ALPHA 1.4158 MaxIteration 218  TIMEOUT 0.006885
 11       1856       1856       2075      0.0068       1937        1937      0.0058        0.0892
ALPHA 1.3768 MaxIteration 308  TIMEOUT 0.009646
 12       1856       1856       2072      0.0095       1937        1937      0.0016        0.1082
ALPHA 1.3399 MaxIteration 424  TIMEOUT 0.013065
 13       1865       1865       2045      0.0131       1937        1937      0.0044        0.1344
ALPHA 1.3049 MaxIteration 568  TIMEOUT 0.017509
 14       1865       1865       2038      0.0168       1937        1937      0.0040        0.1681
ALPHA 1.2718 MaxIteration 741  TIMEOUT 0.021960
 15       1865       1865       2037      0.0216       1937        1937      0.0006        0.2114
ALPHA 1.2402 MaxIteration 942  TIMEOUT 0.027504
 16       1865       1865       2031      0.0273       1937        1937      0.0067        0.2662
ALPHA 1.2102 MaxIteration 1168  TIMEOUT 0.033892
 17       1872       1872       2040      0.0339       1937        1937      0.0008        0.3350
ALPHA 1.1816 MaxIteration 1413  TIMEOUT 0.041051
 18       1872       1872       2040      0.0411       1937        1937      0.0033        0.4172
ALPHA 1.1543 MaxIteration 1669  TIMEOUT 0.048533
 19       1872       1872       2034      0.0486       1937        1937      0.0024        0.5143
ALPHA 1.1283 MaxIteration 1926  TIMEOUT 0.056049
 20       1872       1872       2034      0.0561       1937        1937      0.0063        0.6276
ALPHA 1.1034 MaxIteration 2173  TIMEOUT 0.063272
 21       1872       1872       2033      0.0633       1937        1937      0.0028        0.7542
ALPHA 1.0795 MaxIteration 2397  TIMEOUT 0.069842
 22       1872       1872       2034      0.0699       1937        1937      0.0026        0.8940
ALPHA 1.0567 MaxIteration 2587  TIMEOUT 0.075426
 23       1872       1872       2034      0.0754       1937        1937      0.0032        1.0469
ALPHA 1.0349 MaxIteration 2733  TIMEOUT 0.079714
 24       1872       1872       2024      0.0797       1937        1937      0.0033        1.2064
ALPHA 1.0349 MaxIteration 2828  TIMEOUT 0.082522
 25       1872       1872       2034      0.0825       1937        1937      0.0048        1.3715
ALPHA 1.0349 MaxIteration 2926  TIMEOUT 0.085411
 26       1872       1872       2034      0.0854       1937        1937      0.0072        1.5445
ALPHA 1.0349 MaxIteration 3027  TIMEOUT 0.088419
 27       1872       1872       2033      0.0884       1937        1937      0.0027        1.7214
ALPHA 1.0349 MaxIteration 3132  TIMEOUT 0.091528
 28       1872       1872       2033      0.0916       1937        1937      0.0038        1.9046
ALPHA 1.0349 MaxIteration 3241  TIMEOUT 0.094741
 29       1872       1872       2040      0.0935       1937        1937      0.0047        2.0936
ALPHA 1.0349 MaxIteration 3353  TIMEOUT 0.096746
 30       1872       1872       2012      0.0968       1937        1937      0.0019        2.2882
ALPHA 1.0349 MaxIteration 3469  TIMEOUT 0.100131
 31       1872       1872       2034      0.1001       1937        1937      0.0009        2.4915
ALPHA 1.0349 MaxIteration 3589  TIMEOUT 0.103639
 32       1872       1872       2034      0.1037       1937        1937      0.0014        2.6999
ALPHA 1.0349 MaxIteration 3714  TIMEOUT 0.107280
 33       1872       1872       2034      0.1072       1937        1937      0.0019        2.9173
ALPHA 1.0349 MaxIteration 3843  TIMEOUT 0.110916
 34       1872       1872       2033      0.1109       1937        1937      0.0046        3.1392
ALPHA 1.0349 MaxIteration 3976  TIMEOUT 0.114811
 35       1872       1872       2034      0.1148       1937        1937      0.0027        3.3699
ALPHA 1.0349 MaxIteration 4114  TIMEOUT 0.118826
 36       1872       1872       2034      0.1179       1937        1937      0.0030        3.6087
ALPHA 1.0349 MaxIteration 4257  TIMEOUT 0.122029
 37       1872       1872       2031      0.1221       1937        1937      0.0057        3.8529
ALPHA 1.0349 MaxIteration 4405  TIMEOUT 0.126306
 38       1872       1872       2033      0.1263       1937        1937      0.0027        4.1096
ALPHA 1.0349 MaxIteration 4558  TIMEOUT 0.130723
 39       1872       1872       2034      0.1308       1937        1937      0.0029        4.3741
ALPHA 1.0349 MaxIteration 4716  TIMEOUT 0.135308
 40       1872       1872       2040      0.1353       1937        1937      0.0063        4.6468
ALPHA 1.0349 MaxIteration 4880  TIMEOUT 0.140055
 41       1872       1872       2024      0.1401       1937        1937      0.0024        4.9300
ALPHA 1.0349 MaxIteration 5050  TIMEOUT 0.144962
 42       1872       1872       2040      0.1439       1937        1937      0.0031        5.2229
ALPHA 1.0349 MaxIteration 5226  TIMEOUT 0.148931
 43       1872       1872       2024      0.1489       1937        1937      0.0009        5.5228
ALPHA 1.0349 MaxIteration 5408  TIMEOUT 0.154133
 44       1872       1872       2033      0.1541       1937        1937      0.0089        5.8311
ALPHA 1.0349 MaxIteration 5596  TIMEOUT 0.159520
 45       1872       1872       2005      0.1595       1937        1937      0.0048        6.1532
ALPHA 1.0349 MaxIteration 5791  TIMEOUT 0.165085
 46       1872       1872       2034      0.1651       1937        1937      0.0019        6.4864
ALPHA 1.0349 MaxIteration 5992  TIMEOUT 0.170861
 47       1872       1872       2034      0.1709       1937        1937      0.0018        6.8302
ALPHA 1.0349 MaxIteration 6200  TIMEOUT 0.176823
 48       1872       1872       2034      0.1768       1937        1937      0.0024        7.1899
ALPHA 1.0349 MaxIteration 6416  TIMEOUT 0.183006
 49       1872       1872       2034      0.1830       1937        1937      0.0014        7.5591
ALPHA 1.0349 MaxIteration 6639  TIMEOUT 0.189398
 50       1872       1872       2032      0.1894       1937        1937      0.0032        7.9399
ALPHA 1.0349 MaxIteration 6870  TIMEOUT 0.196027
 51       1872       1872       2034      0.1960       1937        1937      0.0037        8.3331
ALPHA 1.0349 MaxIteration 7109  TIMEOUT 0.202878
 52       1875       1875       2034      0.2029       1937        1937      0.0033        8.7399
ALPHA 1.0349 MaxIteration 7356  TIMEOUT 0.209983
 53       1875       1875       2030      0.2100       1937        1937      0.0042        9.1620
ALPHA 1.0349 MaxIteration 7612  TIMEOUT 0.217309
 54       1875       1875       2030      0.2173       1937        1937      0.0052        9.5986
ALPHA 1.0349 MaxIteration 7877  TIMEOUT 0.224886
 55       1875       1875       2030      0.2249       1937        1937      0.0043       10.0535
ALPHA 1.0349 MaxIteration 8151  TIMEOUT 0.232749
 56       1875       1875       2052      0.2328       1937        1937      0.0012       10.5201
ALPHA 1.0349 MaxIteration 8435  TIMEOUT 0.240900
 57       1875       1875       2035      0.2409       1937        1937      0.0038       11.0030
ALPHA 1.0349 MaxIteration 8729  TIMEOUT 0.249309
 58       1875       1875       2032      0.2493       1937        1937      0.0036       11.5066
ALPHA 1.0349 MaxIteration 9033  TIMEOUT 0.258007
 59       1875       1875       2030      0.2580       1937        1937      0.0019       12.0238
ALPHA 1.0349 MaxIteration 9347  TIMEOUT 0.267026
 60       1875       1875       2052      0.2670       1937        1937      0.0013       12.5600
ALPHA 1.0349 MaxIteration 9672  TIMEOUT 0.276335
 61       1875       1875       2042      0.2764       1937        1937      0.0093       13.1137
ALPHA 1.0349 MaxIteration 10009  TIMEOUT 0.286003
 62       1875       1875       2044      0.2860       1937        1937      0.0102       19.9999
>>> T1_200_250_7.wclq |V| 200 |E| 250  (#LB 0.0146 1848 ---> 1875  0.0320  1937 <--- 2016  0.0392 #UB)  #read_time 0.0046  #reduce_time 0.0000  #solve_time 20.0000  #total_time 20.0046
 