With  Parameters CUTOFF 20 SEED 1  ALPHA = 1.900  K=5 RHO=0.05 Q0=0.90 BETA=3.0 AQ_MODE=dbs
Reading  graph ...  time 0.272373  
Reducing graph ...  time 0.000056  
[v6] |V|=200 |E|=2000 density=10.00 USE_ADVANCED=0 SAFE_AQ_MIN_GAP=0.050 DEEP_AQ_RANGE=[800, 5.00, 10.00] structure_blocks_aq=1 AQ_SLOPE_MARGIN=1.15 AQ_MAX_UB_DRIFT=0.20
#Rd        #LB        #LB*       #UB       #Time        #UB+        #UB*      #Time      #TotalTime
First Gap  1.328283
  1        198        198        461      0.0433 [AQ bandit arm] arm=4 gap=1.3283 density=10.00 |V|=200

 Switch to DBS-only search, timeout 0.043258....
 [Online-safe AQ structure guard] |V|=200 density=10.00 outside [800, 5.00, 10.00], disabling AQ
        416         416      0.0185        0.0869
ALPHA 1.9000 MaxIteration 3  TIMEOUT 0.043258
  2        195        198        521      0.0003        446         416      0.0002        0.0876
ALPHA 1.8304 MaxIteration 5  TIMEOUT 0.000638
  3        196        198        566      0.0006        420         416      0.0006        0.0889
ALPHA 1.7658 MaxIteration 9  TIMEOUT 0.001186
  4        194        198        495      0.0010        416         416      0.0008        0.0910
ALPHA 1.7056 MaxIteration 15  TIMEOUT 0.001849
  5        195        198        538      0.0014        419         416      0.0012        0.0938
ALPHA 1.6493 MaxIteration 25  TIMEOUT 0.002384
  6        195        198        511      0.0024        419         416      0.0009        0.0987
ALPHA 1.5966 MaxIteration 41  TIMEOUT 0.003970
  7        200        200        519      0.0040        416         416      0.0009        0.1067
ALPHA 1.5472 MaxIteration 65  TIMEOUT 0.006418
  8        211        211        519      0.0065        416         416      0.0053        0.1196
ALPHA 1.5008 MaxIteration 100  TIMEOUT 0.009994
  9        214        214        510      0.0101        416         416      0.0009        0.1398
ALPHA 1.4571 MaxIteration 150  TIMEOUT 0.015110
 10        212        214        515      0.0141        419         416      0.0024        0.1679
ALPHA 1.4158 MaxIteration 218  TIMEOUT 0.020473
 11        210        214        509      0.0205        416         416      0.0014        0.2089
ALPHA 1.3768 MaxIteration 308  TIMEOUT 0.028990
 12        216        216        504      0.0272        416         416      0.0077        0.2634
ALPHA 1.3399 MaxIteration 424  TIMEOUT 0.037518
 13        216        216        509      0.0376        416         416      0.0039        0.3395
ALPHA 1.3049 MaxIteration 568  TIMEOUT 0.050342
 14        216        216        510      0.0504        416         416      0.0033        0.4404
ALPHA 1.2718 MaxIteration 741  TIMEOUT 0.065767
 15        216        216        510      0.0646        416         416      0.0025        0.5760
ALPHA 1.2402 MaxIteration 942  TIMEOUT 0.082116
 16        217        217        502      0.0822        416         416      0.0016        0.7403
ALPHA 1.2102 MaxIteration 1168  TIMEOUT 0.101903
 17        217        217        510      0.1010        416         416      0.0015        0.9433
ALPHA 1.1816 MaxIteration 1413  TIMEOUT 0.122204
 18        217        217        505      0.1223        416         416      0.0041        1.1910
ALPHA 1.1543 MaxIteration 1669  TIMEOUT 0.144453
 19        217        217        496      0.1379        416         416      0.0138        1.4679
ALPHA 1.1283 MaxIteration 1926  TIMEOUT 0.159218
 20        217        217        502      0.1586        416         416      0.0018        1.7861
ALPHA 1.1034 MaxIteration 2173  TIMEOUT 0.178889
 21        217        217        511      0.1789        416         416      0.0068        2.1439
ALPHA 1.0795 MaxIteration 2397  TIMEOUT 0.197395
 22        217        217        510      0.1974        416         416      0.0055        2.5448
ALPHA 1.0567 MaxIteration 2587  TIMEOUT 0.213121
 23        217        217        495      0.2132        416         416      0.0091        2.9732
ALPHA 1.0349 MaxIteration 2733  TIMEOUT 0.225287
 24        217        217        503      0.2253        416         416      0.0144        3.4249
ALPHA 1.0349 MaxIteration 2828  TIMEOUT 0.233173
 25        217        217        496      0.2333        416         416      0.0016        3.8924
ALPHA 1.0349 MaxIteration 2926  TIMEOUT 0.241388
 26        217        217        496      0.2414        416         416      0.0023        4.3753
ALPHA 1.0349 MaxIteration 3027  TIMEOUT 0.249826
 27        217        217        510      0.2499        416         416      0.0019        4.8750
ALPHA 1.0349 MaxIteration 3132  TIMEOUT 0.258559
 28        217        217        503      0.2586        416         416      0.0022        5.3922
ALPHA 1.0349 MaxIteration 3241  TIMEOUT 0.267595
 29        217        217        505      0.2662        416         416      0.0017        5.9256
ALPHA 1.0349 MaxIteration 3353  TIMEOUT 0.275442
 30        217        217        498      0.2755        416         416      0.0038        6.4776
ALPHA 1.0349 MaxIteration 3469  TIMEOUT 0.285104
 31        217        217        510      0.2850        416         416      0.0013        7.0506
ALPHA 1.0349 MaxIteration 3589  TIMEOUT 0.294923
 32        217        217        493      0.2950        416         416      0.0031        7.6426
ALPHA 1.0349 MaxIteration 3714  TIMEOUT 0.305243
 33        217        217        489      0.3053        416         416      0.0030        8.2531
ALPHA 1.0349 MaxIteration 3843  TIMEOUT 0.315900
 34        217        217        504      0.3152        416         416      0.0028        8.8856
ALPHA 1.0349 MaxIteration 3976  TIMEOUT 0.326226
 35        217        217        504      0.3236        416         416      0.0007        9.5368
ALPHA 1.0349 MaxIteration 4114  TIMEOUT 0.334829
 36        217        217        504      0.3349        416         416      0.0065       10.2086
ALPHA 1.0349 MaxIteration 4257  TIMEOUT 0.346575
 37        217        217        504      0.3466        416         416      0.0040       10.9040
ALPHA 1.0349 MaxIteration 4405  TIMEOUT 0.358730
 38        217        217        504      0.3588        416         416      0.0100       11.6256
ALPHA 1.0349 MaxIteration 4558  TIMEOUT 0.371291
 39        217        217        504      0.3713        416         416      0.0014       12.3693
ALPHA 1.0349 MaxIteration 4716  TIMEOUT 0.384286
 40        217        217        504      0.3843        416         416      0.0140       13.1380
ALPHA 1.0349 MaxIteration 4880  TIMEOUT 0.397736
 41        217        217        504      0.3978        416         416      0.0039       19.9998
>>> T1_200_2000_8.wclq |V| 200 |E| 2000  (#LB 0.0960 198 ---> 217  0.4784  416 <--- 461  0.0976 #UB)  #read_time 0.2724  #reduce_time 0.0001  #solve_time 19.9998  #total_time 20.2722
 