With  Parameters CUTOFF 20 SEED 2  ALPHA = 1.900  K=5 RHO=0.05 Q0=0.90 BETA=3.0 AQ_MODE=dbs
Reading  graph ...  time 0.004915  
Reducing graph ...  time 0.000212  
[v6] |V|=200 |E|=17910 density=89.55 USE_ADVANCED=0 SAFE_AQ_MIN_GAP=0.050 DEEP_AQ_RANGE=[800, 5.00, 10.00] structure_blocks_aq=1 AQ_SLOPE_MARGIN=1.15 AQ_MAX_UB_DRIFT=0.20
#Rd        #LB        #LB*       #UB       #Time        #UB+        #UB*      #Time      #TotalTime
First Gap  0.200000
  1          5          5          6      0.0800 [AQ bandit arm] arm=4 gap=0.2000 density=89.55 |V|=200

 Switch to DBS-only search, timeout 0.079989....
 [Online-safe AQ structure guard] |V|=200 density=89.55 outside [800, 5.00, 10.00], disabling AQ
          6           6      0.0012        0.1606
ALPHA 1.9000 MaxIteration 3  TIMEOUT 0.079989
  2          5          5          6      0.0005          6           6      0.0012        0.1623
ALPHA 1.8304 MaxIteration 5  TIMEOUT 0.001016
  3          5          5          6      0.0011          6           6      0.0012        0.1645
ALPHA 1.7658 MaxIteration 9  TIMEOUT 0.001927
  4          5          5          7      0.0019          6           6      0.0012        0.1685
ALPHA 1.7056 MaxIteration 15  TIMEOUT 0.003410
  5          4          5          7      0.0018          6           6      0.0012        0.1722
ALPHA 1.6493 MaxIteration 25  TIMEOUT 0.003050
  6          4          5          7      0.0029          6           6      0.0012        0.1782
ALPHA 1.5966 MaxIteration 41  TIMEOUT 0.004720
  7          4          5          7      0.0046          6           6      0.0012        0.1873
ALPHA 1.5472 MaxIteration 65  TIMEOUT 0.007297
  8          4          5          7      0.0072          6           6      0.0012        0.2018
ALPHA 1.5008 MaxIteration 100  TIMEOUT 0.011086
  9          4          5          7      0.0109          6           6      0.0012        0.2238
ALPHA 1.4571 MaxIteration 150  TIMEOUT 0.016393
 10          4          5          7      0.0163          6           6      0.0012        0.2565
ALPHA 1.4158 MaxIteration 218  TIMEOUT 0.023801
 11          4          5          7      0.0237          6           6      0.0012        0.3039
ALPHA 1.3768 MaxIteration 308  TIMEOUT 0.033539
 12          4          5          7      0.0322          6           6      0.0012        0.3693
ALPHA 1.3399 MaxIteration 424  TIMEOUT 0.044270
 13          4          5          7      0.0443          6           6      0.0012        0.4581
ALPHA 1.3049 MaxIteration 568  TIMEOUT 0.059348
 14          4          5          7      0.0594          6           6      0.0011        0.5769
ALPHA 1.2718 MaxIteration 741  TIMEOUT 0.077475
 15          4          5          7      0.0775          6           6      0.0012        0.7320
ALPHA 1.2402 MaxIteration 942  TIMEOUT 0.098566
 16          4          5          7      0.0986          6           6      0.0012        0.9293
ALPHA 1.2102 MaxIteration 1168  TIMEOUT 0.122308
 17          4          5          7      0.1215          6           6      0.0012        1.1745
ALPHA 1.1816 MaxIteration 1413  TIMEOUT 0.147018
 18          4          5          7      0.1471          6           6      0.0012        1.4687
ALPHA 1.1543 MaxIteration 1669  TIMEOUT 0.173786
 19          4          5          7      0.1739          6           6      0.0012        1.8184
ALPHA 1.1283 MaxIteration 1926  TIMEOUT 0.200681
 20          4          5          7      0.1846          6           6      0.0012        2.1887
ALPHA 1.1034 MaxIteration 2173  TIMEOUT 0.208236
 21          4          5          7      0.2083          6           6      0.0012        2.6054
ALPHA 1.0795 MaxIteration 2397  TIMEOUT 0.229793
 22          4          5          7      0.2299          6           6      0.0012        3.0671
ALPHA 1.0567 MaxIteration 2587  TIMEOUT 0.248153
 23          4          5          7      0.2482          6           6      0.0011        3.5646
ALPHA 1.0349 MaxIteration 2733  TIMEOUT 0.262329
 24          4          5          7      0.2624          6           6      0.0012        4.0904
ALPHA 1.0349 MaxIteration 2828  TIMEOUT 0.271502
 25          4          5          7      0.2716          6           6      0.0012        4.6357
ALPHA 1.0349 MaxIteration 2926  TIMEOUT 0.281021
 26          4          5          7      0.2811          6           6      0.0012        5.1989
ALPHA 1.0349 MaxIteration 3027  TIMEOUT 0.290866
 27          4          5          7      0.2882          6           6      0.0011        5.7763
ALPHA 1.0349 MaxIteration 3132  TIMEOUT 0.298219
 28          4          5          7      0.2983          6           6      0.0011        6.3732
ALPHA 1.0349 MaxIteration 3241  TIMEOUT 0.308695
 29          4          5          7      0.3087          6           6      0.0012        6.9927
ALPHA 1.0349 MaxIteration 3353  TIMEOUT 0.319486
 30          4          5          7      0.3196          6           6      0.0012        7.6319
ALPHA 1.0349 MaxIteration 3469  TIMEOUT 0.330716
 31          4          5          7      0.3308          6           6      0.0011        8.2966
ALPHA 1.0349 MaxIteration 3589  TIMEOUT 0.342283
 32          4          5          7      0.3424          6           6      0.0012        8.9825
ALPHA 1.0349 MaxIteration 3714  TIMEOUT 0.354301
 33          4          5          7      0.3543          6           6      0.0011        9.6913
ALPHA 1.0349 MaxIteration 3843  TIMEOUT 0.366687
 34          4          5          7      0.3668          6           6      0.0012       10.4248
ALPHA 1.0349 MaxIteration 3976  TIMEOUT 0.379545
 35          4          5          7      0.3796          6           6      0.0012       11.1863
ALPHA 1.0349 MaxIteration 4114  TIMEOUT 0.392859
 36          4          5          7      0.3929          6           6      0.0011       11.9731
ALPHA 1.0349 MaxIteration 4257  TIMEOUT 0.406568
 37          4          5          7      0.4067          6           6      0.0012       12.7875
ALPHA 1.0349 MaxIteration 4405  TIMEOUT 0.420842
 38          4          5          7      0.4209          6           6      0.0011       13.6313
ALPHA 1.0349 MaxIteration 4558  TIMEOUT 0.435554
 39          4          5          7      0.4356          6           6      0.0011       19.9990
>>> gen200_p0.9_55.clq |V| 200 |E| 17910  (#LB 0.0000 5 ---> 5  0.1667  6 <--- 6  0.0000 #UB)  #read_time 0.0049  #reduce_time 0.0002  #solve_time 19.9990  #total_time 20.0042
 