>>IBM: |V|=1000 |E|=20000
>>IBM: The maximum node weight is 3050
/public/home/acs4vb4pqv/benchmarks/MWDS2026/T2_wclq/T2_1000_20000_9.wclq #seed 3 #alpha 1.900 #timeout 0.100 K=5 RHO=0.05 Q0=0.90 BETA=3.5 AQ_MODE=guarded SAFE_AQ_MIN_GAP=0.050 SAFE_AQ_MIN_NODES=800 AQ_SLOPE_MARGIN=1.05 AQ_MAX_UB_DRIFT=0.25
[v19] |V|=1000 |E|=20000 density=20.00 USE_ADVANCED=1
#Rd        #LB        #LB*       #UB       #Time        #UB+        #UB*      #Time      #TotalTime
First Gap  0.437956
ALPHA 1.9000 MaxIteration 500  TIMEOUT 0.925322
  1       5343       5343       7683      0.9253
 [AQ bandit arm] arm=3 gap=0.4380 density=20.00 |V|=1000

 [Tier-3 Hard] gap=0.4380 density=20.00 |V|=1000 => Heavy RL (K=8, 25%)
ALPHA 1.9000 MaxIteration 3  TIMEOUT 0.028506
  2       5266       5343       8828      0.0285ALPHA 1.8304 MaxIteration 5  TIMEOUT 0.058854
  3       5320       5343       8441      0.0589 [AQ guard] no early LB gain, disabling AQ
       7238        7238      0.0500      1.0650
ALPHA 1.7658 MaxIteration 9  TIMEOUT 0.007433
  4       5076       5343       8058      0.0074       7584        7238      0.0000      1.0749
ALPHA 1.7056 MaxIteration 15  TIMEOUT 0.018634
  5       4783       5343       8314      0.0186       7376        7238      0.0100      1.1050
ALPHA 1.6493 MaxIteration 25  TIMEOUT 0.017087
  6       5022       5343       8390      0.0171       7391        7238      0.0100      1.1349
ALPHA 1.5966 MaxIteration 41  TIMEOUT 0.080215
  7       5136       5343       8060      0.0802       7238        7238      0.0500      1.3050
ALPHA 1.5472 MaxIteration 65  TIMEOUT 0.145765
  8       5114       5343       7815      0.1458       7177        7177      0.0200      1.5950
ALPHA 1.5008 MaxIteration 100  TIMEOUT 0.164902
  9       5130       5343       7698      0.1649       7238        7177      0.0700      1.9250
ALPHA 1.4571 MaxIteration 150  TIMEOUT 0.223672
 10       5043       5343       7558      0.2237       7177        7177      0.0000      2.3750
ALPHA 1.4158 MaxIteration 218  TIMEOUT 0.552665
 11       5069       5343       7608      0.5527       7238        7177      0.0400      3.4850
ALPHA 1.3768 MaxIteration 308  TIMEOUT 0.432507
 12       5079       5343       7641      0.4325       7238        7177      0.0100      4.3550
ALPHA 1.3399 MaxIteration 424  TIMEOUT 0.613164
 13       5095       5343       7681      0.6132       7238        7177      0.0800      5.5850
ALPHA 1.3049 MaxIteration 568  TIMEOUT 0.990584
 14       5092       5343       7427      0.9906       7177        7177      0.0000      7.5700
ALPHA 1.2718 MaxIteration 741  TIMEOUT 1.122649
 15       5094       5343       7552      1.1226
 [LB Done] stag=12 elapsed=43.5% => 11.3s to UB
       7177        7177      0.0100     19.9150
>>> T2_1000_20000_9.wclq |V| 1000 |E| 20000  (#LB 0.0000 5343 ---> 5343  0.3433  7177 <--- 7683  0.0659 #UB)  #solve_ime 19.9150 read_time 0.0051 
