With  Parameters CUTOFF 20 SEED 103  ALPHA = 1.900  K=5 RHO=0.05 Q0=0.90 BETA=3.0 AQ_MODE=dbs
Reading  graph ...  time 0.000650  
Reducing graph ...  time 0.000050  
[v6] |V|=200 |E|=2000 density=10.00 USE_ADVANCED=0 SAFE_AQ_MIN_GAP=0.050 DEEP_AQ_RANGE=[800, 5.00, 10.00] structure_blocks_aq=1 AQ_SLOPE_MARGIN=1.15 AQ_MAX_UB_DRIFT=0.20
#Rd        #LB        #LB*       #UB       #Time        #UB+        #UB*      #Time      #TotalTime
First Gap  1.328283
  1        198        198        461      0.0442 [AQ bandit arm] arm=4 gap=1.3283 density=10.00 |V|=200

 Switch to DBS-only search, timeout 0.044225....
 [Online-safe AQ structure guard] |V|=200 density=10.00 outside [800, 5.00, 10.00], disabling AQ
        416         416      0.0042        0.0885
ALPHA 1.9000 MaxIteration 3  TIMEOUT 0.044225
  2        195        198        521      0.0004        441         416      0.0004        0.0893
ALPHA 1.8304 MaxIteration 5  TIMEOUT 0.000707
  3        196        198        521      0.0007        427         416      0.0006        0.0907
ALPHA 1.7658 MaxIteration 9  TIMEOUT 0.001298
  4        194        198        530      0.0011        433         416      0.0006        0.0928
ALPHA 1.7056 MaxIteration 15  TIMEOUT 0.001877
  5        195        198        517      0.0019        416         416      0.0015        0.0967
ALPHA 1.6493 MaxIteration 25  TIMEOUT 0.003299
  6        199        199        499      0.0033        417         416      0.0010        0.1034
ALPHA 1.5966 MaxIteration 41  TIMEOUT 0.005471
  7        208        208        512      0.0055        416         416      0.0009        0.1144
ALPHA 1.5472 MaxIteration 65  TIMEOUT 0.008834
  8        206        208        512      0.0056        416         416      0.0027        0.1256
ALPHA 1.5008 MaxIteration 100  TIMEOUT 0.008620
  9        206        208        510      0.0081        416         416      0.0028        0.1427
ALPHA 1.4571 MaxIteration 150  TIMEOUT 0.012122
 10        207        208        525      0.0121        416         416      0.0100        0.1670
ALPHA 1.4158 MaxIteration 218  TIMEOUT 0.017683
 11        213        213        513      0.0178        416         416      0.0019        0.2026
ALPHA 1.3768 MaxIteration 308  TIMEOUT 0.025147
 12        213        213        509      0.0252        417         416      0.0012        0.2529
ALPHA 1.3399 MaxIteration 424  TIMEOUT 0.034646
 13        206        213        502      0.0347        416         416      0.0125        0.3224
ALPHA 1.3049 MaxIteration 568  TIMEOUT 0.046499
 14        208        213        486      0.0466        416         416      0.0034        0.4166
ALPHA 1.2718 MaxIteration 741  TIMEOUT 0.060814
 15        211        213        490      0.0608        416         416      0.0040        0.5393
ALPHA 1.2402 MaxIteration 942  TIMEOUT 0.077365
 16        212        213        502      0.0774        416         416      0.0027        0.6954
ALPHA 1.2102 MaxIteration 1168  TIMEOUT 0.096047
 17        212        213        501      0.0961        416         416      0.0005        0.8875
ALPHA 1.1816 MaxIteration 1413  TIMEOUT 0.116240
 18        211        213        490      0.1163        416         416      0.0022        1.2193
ALPHA 1.1543 MaxIteration 1669  TIMEOUT 0.137436
 19        211        213        479      0.1375        416         416      0.0014        1.6244
ALPHA 1.1283 MaxIteration 1926  TIMEOUT 0.158732
 20        211        213        480      0.1588        416         416      0.0016        1.9820
ALPHA 1.1034 MaxIteration 2173  TIMEOUT 0.179142
 21        212        213        487      0.1792        416         416      0.0011        2.3414
ALPHA 1.0795 MaxIteration 2397  TIMEOUT 0.197747
 22        212        213        487      0.1978        416         416      0.0045        2.7381
ALPHA 1.0567 MaxIteration 2587  TIMEOUT 0.213544
 23        212        213        487      0.2136        416         416      0.0029        3.1673
ALPHA 1.0349 MaxIteration 2733  TIMEOUT 0.225694
 24        211        213        487      0.2257        416         416      0.0015        3.6197
ALPHA 1.0349 MaxIteration 2828  TIMEOUT 0.233598
 25        212        213        487      0.2337        416         416      0.0027        4.0871
ALPHA 1.0349 MaxIteration 2926  TIMEOUT 0.241801
 26        212        213        487      0.2419        416         416      0.0019        4.5738
ALPHA 1.0349 MaxIteration 3027  TIMEOUT 0.250298
 27        212        213        480      0.2504        416         416      0.0032        5.0756
ALPHA 1.0349 MaxIteration 3132  TIMEOUT 0.259101
 28        212        213        479      0.2592        416         416      0.0070        5.5940
ALPHA 1.0349 MaxIteration 3241  TIMEOUT 0.268196
 29        212        213        479      0.2682        416         416      0.0029        6.1315
ALPHA 1.0349 MaxIteration 3353  TIMEOUT 0.277569
 30        212        213        479      0.2777        416         416      0.0088        6.6888
ALPHA 1.0349 MaxIteration 3469  TIMEOUT 0.287331
 31        212        213        479      0.2874        416         416      0.0055        7.2646
ALPHA 1.0349 MaxIteration 3589  TIMEOUT 0.297427
 32        212        213        479      0.2975        416         416      0.0046        7.8607
ALPHA 1.0349 MaxIteration 3714  TIMEOUT 0.307866
 33        212        213        479      0.3079        416         416      0.0102        8.4776
ALPHA 1.0349 MaxIteration 3843  TIMEOUT 0.318655
 34        212        213        479      0.3187        416         416      0.0136        9.1171
ALPHA 1.0349 MaxIteration 3976  TIMEOUT 0.329846
 35        212        213        479      0.3299        416         416      0.0045        9.7778
ALPHA 1.0349 MaxIteration 4114  TIMEOUT 0.341348
 36        212        213        479      0.3414        416         416      0.0059       10.4627
ALPHA 1.0349 MaxIteration 4257  TIMEOUT 0.353333
 37        212        213        479      0.3533        416         416      0.0160       11.1724
ALPHA 1.0349 MaxIteration 4405  TIMEOUT 0.365655
 38        212        213        479      0.3657        416         416      0.0009       11.9049
ALPHA 1.0349 MaxIteration 4558  TIMEOUT 0.378487
 39        212        213        479      0.3786        416         416      0.0206       12.6630
ALPHA 1.0349 MaxIteration 4716  TIMEOUT 0.391757
 40        212        213        479      0.3918        416         416      0.0051       13.4507
ALPHA 1.0349 MaxIteration 4880  TIMEOUT 0.405492
 41        212        213        479      0.4056        416         416      0.0013       19.9998
>>> T1_200_2000_8.wclq |V| 200 |E| 2000  (#LB 0.0758 198 ---> 213  0.4880  416 <--- 461  0.0976 #UB)  #read_time 0.0006  #reduce_time 0.0000  #solve_time 19.9998  #total_time 20.0005
 