With  Parameters CUTOFF 20 SEED 2  ALPHA = 1.900  K=5 RHO=0.05 Q0=0.90 BETA=3.0 AQ_MODE=guarded
Reading  graph ...  time 0.038031  
Reducing graph ...  time 0.000726  
[v6] |V|=1000 |E|=52120 density=52.12 USE_ADVANCED=0 SAFE_AQ_MIN_GAP=0.050 DEEP_AQ_RANGE=[800, 5.00, 10.00] structure_blocks_aq=1 AQ_SLOPE_MARGIN=1.15 AQ_MAX_UB_DRIFT=0.20
#Rd        #LB        #LB*       #UB       #Time        #UB+        #UB*      #Time      #TotalTime
First Gap  0.078947
  1         38         38         41      0.3128 [AQ bandit arm] arm=0 gap=0.0789 density=52.12 |V|=1000

 Switch to DBS-only search, timeout 0.312777....
 [Online-safe AQ structure guard] |V|=1000 density=52.12 outside [800, 5.00, 10.00], disabling AQ
         41          41      0.0053        0.9383
ALPHA 1.9000 MaxIteration 3  TIMEOUT 0.312777
  2         37         38         42      0.0021         42          41      0.0051        0.9455
ALPHA 1.8304 MaxIteration 5  TIMEOUT 0.003992
  3         37         38         43      0.0034         42          41      0.0051        0.9540
ALPHA 1.7658 MaxIteration 9  TIMEOUT 0.006150
  4         37         38         41      0.0054         41          41      0.0053        0.9649
ALPHA 1.7056 MaxIteration 15  TIMEOUT 0.009604
  5         37         38         41      0.0086         41          41      0.0052        0.9823
ALPHA 1.6493 MaxIteration 25  TIMEOUT 0.014734
  6         38         38         41      0.0148         41          41      0.0055        1.0120
ALPHA 1.5966 MaxIteration 41  TIMEOUT 0.024430
  7         38         38         41      0.0216         41          41      0.0056        1.0553
ALPHA 1.5472 MaxIteration 65  TIMEOUT 0.034527
  8         38         38         41      0.0338         41          41      0.0056        1.1230
ALPHA 1.5008 MaxIteration 100  TIMEOUT 0.052357
  9         38         38         41      0.0510         41          41      0.0053        1.2252
ALPHA 1.4571 MaxIteration 150  TIMEOUT 0.076608
 10         38         38         41      0.0756         41          41      0.0057        1.3764
ALPHA 1.4158 MaxIteration 218  TIMEOUT 0.110114
 11         38         38         41      0.1105         41          41      0.0059        1.5975
ALPHA 1.3768 MaxIteration 308  TIMEOUT 0.156460
 12         38         38         41      0.1569         41          41      0.0055        1.9113
ALPHA 1.3399 MaxIteration 424  TIMEOUT 0.215990
 13         38         38         41      0.2162         41          41      0.0054        2.3438
ALPHA 1.3049 MaxIteration 568  TIMEOUT 0.289700
 14         38         38         41      0.2901         41          41      0.0063        2.9241
ALPHA 1.2718 MaxIteration 741  TIMEOUT 0.378623
 15         38         38         41      0.3787         41          41      0.0070        3.6816
ALPHA 1.2402 MaxIteration 942  TIMEOUT 0.481649
 16         38         38         41      0.4817         41          41      0.0055        4.6450
ALPHA 1.2102 MaxIteration 1168  TIMEOUT 0.597394
 17         38         38         41      0.5974         41          41      0.0054        5.8400
ALPHA 1.1816 MaxIteration 1413  TIMEOUT 0.723017
 18         38         38         41      0.7234         41          41      0.0057        7.2870
ALPHA 1.1543 MaxIteration 1669  TIMEOUT 0.854757
 19         38         38         41      0.8551         41          41      0.0056        8.9973
ALPHA 1.1283 MaxIteration 1926  TIMEOUT 0.987088
 20         38         38         41      0.9872         41          41      0.0069       10.9718
ALPHA 1.1034 MaxIteration 2173  TIMEOUT 1.113849
 21         38         38         41      1.1141         41          41      0.0061       13.2032
ALPHA 1.0795 MaxIteration 2397  TIMEOUT 1.229305
 22         38         38         41      1.2298         41          41      0.0060       19.9945
>>> UDG_1000_200_8.wclq |V| 1000 |E| 52120  (#LB 0.0000 38 ---> 38  0.0732  41 <--- 41  0.0000 #UB)  #read_time 0.0380  #reduce_time 0.0007  #solve_time 19.9945  #total_time 20.0333
 