With  Parameters CUTOFF 20 SEED 2  ALPHA = 1.900  K=5 RHO=0.05 Q0=0.90 BETA=3.0 AQ_MODE=dbs
Reading  graph ...  time 0.000210  
Reducing graph ...  time 0.000031  
[v6] |V|=200 |E|=250 density=1.25 USE_ADVANCED=0 SAFE_AQ_MIN_GAP=0.050 DEEP_AQ_RANGE=[800, 5.00, 10.00] structure_blocks_aq=1 AQ_SLOPE_MARGIN=1.15 AQ_MAX_UB_DRIFT=0.20
#Rd        #LB        #LB*       #UB       #Time        #UB+        #UB*      #Time      #TotalTime
First Gap  0.090909
  1       1848       1848       2016      0.0214 [AQ bandit arm] arm=4 gap=0.0909 density=1.25 |V|=200

 Switch to DBS-only search, timeout 0.021440....
 [Online-safe AQ structure guard] |V|=200 density=1.25 outside [800, 5.00, 10.00], disabling AQ
       1937        1937      0.0011        0.0429
ALPHA 1.9000 MaxIteration 3  TIMEOUT 0.021440
  2       1823       1848       2050      0.0001       2016        1937      0.0000        0.0432
ALPHA 1.8304 MaxIteration 5  TIMEOUT 0.000256
  3       1816       1848       2095      0.0003       2013        1937      0.0001        0.0438
ALPHA 1.7658 MaxIteration 9  TIMEOUT 0.000478
  4       1804       1848       2112      0.0003       1982        1937      0.0001        0.0444
ALPHA 1.7056 MaxIteration 15  TIMEOUT 0.000570
  5       1801       1848       2084      0.0005       1973        1937      0.0003        0.0454
ALPHA 1.6493 MaxIteration 25  TIMEOUT 0.000860
  6       1827       1848       2071      0.0009       1945        1937      0.0006        0.0472
ALPHA 1.5966 MaxIteration 41  TIMEOUT 0.001465
  7       1829       1848       2115      0.0015       1947        1937      0.0005        0.0502
ALPHA 1.5472 MaxIteration 65  TIMEOUT 0.002358
  8       1849       1849       2115      0.0024       1941        1937      0.0014        0.0549
ALPHA 1.5008 MaxIteration 100  TIMEOUT 0.003668
  9       1859       1859       2063      0.0037       1944        1937      0.0008        0.0623
ALPHA 1.4571 MaxIteration 150  TIMEOUT 0.005550
 10       1859       1859       2066      0.0044       1937        1937      0.0027        0.0711
ALPHA 1.4158 MaxIteration 218  TIMEOUT 0.006408
 11       1859       1859       2066      0.0064       1937        1937      0.0048        0.0840
ALPHA 1.3768 MaxIteration 308  TIMEOUT 0.009078
 12       1859       1859       2057      0.0087       1937        1937      0.0041        0.1014
ALPHA 1.3399 MaxIteration 424  TIMEOUT 0.011984
 13       1859       1859       2057      0.0119       1937        1937      0.0013        0.1251
ALPHA 1.3049 MaxIteration 568  TIMEOUT 0.015920
 14       1865       1865       2045      0.0159       1937        1937      0.0055        0.1571
ALPHA 1.2718 MaxIteration 741  TIMEOUT 0.020803
 15       1866       1866       2054      0.0208       1937        1937      0.0013        0.1988
ALPHA 1.2402 MaxIteration 942  TIMEOUT 0.026493
 16       1866       1866       2061      0.0261       1937        1937      0.0030        0.2511
ALPHA 1.2102 MaxIteration 1168  TIMEOUT 0.032412
 17       1866       1866       2045      0.0306       1937        1937      0.0030        0.3134
ALPHA 1.1816 MaxIteration 1413  TIMEOUT 0.037073
 18       1866       1866       2061      0.0371       1937        1937      0.0061        0.3886
ALPHA 1.1543 MaxIteration 1669  TIMEOUT 0.043815
 19       1866       1866       2045      0.0438       1937        1937      0.0020        0.4773
ALPHA 1.1283 MaxIteration 1926  TIMEOUT 0.050598
 20       1866       1866       2047      0.0506       1937        1937      0.0021        0.5785
ALPHA 1.1034 MaxIteration 2173  TIMEOUT 0.057104
 21       1870       1870       2034      0.0571       1937        1937      0.0057        0.6928
ALPHA 1.0795 MaxIteration 2397  TIMEOUT 0.063034
 22       1870       1870       2034      0.0631       1937        1937      0.0044        0.8200
ALPHA 1.0567 MaxIteration 2587  TIMEOUT 0.068073
 23       1870       1870       2031      0.0681       1937        1937      0.0024        0.9562
ALPHA 1.0349 MaxIteration 2733  TIMEOUT 0.071945
 24       1870       1870       2034      0.0720       1937        1937      0.0039        1.1002
ALPHA 1.0349 MaxIteration 2828  TIMEOUT 0.074477
 25       1870       1870       2034      0.0745       1937        1937      0.0019        1.2502
ALPHA 1.0349 MaxIteration 2926  TIMEOUT 0.077086
 26       1870       1870       2034      0.0771       1937        1937      0.0024        1.4064
ALPHA 1.0349 MaxIteration 3027  TIMEOUT 0.079779
 27       1870       1870       2029      0.0798       1937        1937      0.0048        1.5680
ALPHA 1.0349 MaxIteration 3132  TIMEOUT 0.082575
 28       1870       1870       2034      0.0826       1937        1937      0.0025        1.7352
ALPHA 1.0349 MaxIteration 3241  TIMEOUT 0.085458
 29       1870       1870       2031      0.0855       1937        1937      0.0032        1.9082
ALPHA 1.0349 MaxIteration 3353  TIMEOUT 0.088457
 30       1870       1870       2025      0.0885       1937        1937      0.0021        2.0892
ALPHA 1.0349 MaxIteration 3469  TIMEOUT 0.091562
 31       1870       1870       2031      0.0916       1937        1937      0.0012        2.2743
ALPHA 1.0349 MaxIteration 3589  TIMEOUT 0.094758
 32       1870       1870       2034      0.0948       1937        1937      0.0033        2.4669
ALPHA 1.0349 MaxIteration 3714  TIMEOUT 0.098090
 33       1872       1872       2031      0.0981       1937        1937      0.0083        2.6652
ALPHA 1.0349 MaxIteration 3843  TIMEOUT 0.101531
 34       1878       1878       2046      0.1016       1937        1937      0.0067        2.8683
ALPHA 1.0349 MaxIteration 3976  TIMEOUT 0.105100
 35       1878       1878       2050      0.1051       1937        1937      0.0049        3.0796
ALPHA 1.0349 MaxIteration 4114  TIMEOUT 0.108776
 36       1880       1880       2042      0.1088       1937        1937      0.0024        3.3002
ALPHA 1.0349 MaxIteration 4257  TIMEOUT 0.112591
 37       1880       1880       2049      0.1126       1937        1937      0.0017        3.5265
ALPHA 1.0349 MaxIteration 4405  TIMEOUT 0.116536
 38       1880       1880       2063      0.1166       1937        1937      0.0053        3.7636
ALPHA 1.0349 MaxIteration 4558  TIMEOUT 0.120620
 39       1880       1880       2046      0.1206       1937        1937      0.0018        4.0050
ALPHA 1.0349 MaxIteration 4716  TIMEOUT 0.124848
 40       1880       1880       2034      0.1249       1937        1937      0.0027        4.2547
ALPHA 1.0349 MaxIteration 4880  TIMEOUT 0.129206
 41       1880       1880       2050      0.1292       1937        1937      0.0058        4.5152
ALPHA 1.0349 MaxIteration 5050  TIMEOUT 0.133725
 42       1880       1880       2044      0.1337       1937        1937      0.0051        4.7827
ALPHA 1.0349 MaxIteration 5226  TIMEOUT 0.138399
 43       1880       1880       2031      0.1384       1937        1937      0.0008        5.0616
ALPHA 1.0349 MaxIteration 5408  TIMEOUT 0.143250
 44       1880       1880       2029      0.1433       1937        1937      0.0019        5.3512
ALPHA 1.0349 MaxIteration 5596  TIMEOUT 0.148252
 45       1880       1880       2032      0.1483       1937        1937      0.0037        5.6488
ALPHA 1.0349 MaxIteration 5791  TIMEOUT 0.153446
 46       1880       1880       2024      0.1535       1937        1937      0.0045        5.9567
ALPHA 1.0349 MaxIteration 5992  TIMEOUT 0.158801
 47       1880       1880       2024      0.1588       1937        1937      0.0024        6.2755
ALPHA 1.0349 MaxIteration 6200  TIMEOUT 0.164363
 48       1880       1880       2046      0.1644       1937        1937      0.0012        6.6082
ALPHA 1.0349 MaxIteration 6416  TIMEOUT 0.170097
 49       1880       1880       2038      0.1701       1937        1937      0.0030        6.9514
ALPHA 1.0349 MaxIteration 6639  TIMEOUT 0.176038
 50       1880       1880       2037      0.1761       1937        1937      0.0146        7.3036
ALPHA 1.0349 MaxIteration 6870  TIMEOUT 0.182190
 51       1880       1880       2038      0.1822       1937        1937      0.0047        7.6740
ALPHA 1.0349 MaxIteration 7109  TIMEOUT 0.188555
 52       1880       1880       2040      0.1886       1937        1937      0.0026        8.0542
ALPHA 1.0349 MaxIteration 7356  TIMEOUT 0.195146
 53       1880       1880       2031      0.1952       1937        1937      0.0039        8.4476
ALPHA 1.0349 MaxIteration 7612  TIMEOUT 0.201977
 54       1880       1880       2037      0.2020       1937        1937      0.0027        8.8537
ALPHA 1.0349 MaxIteration 7877  TIMEOUT 0.209039
 55       1880       1880       2030      0.2091       1937        1937      0.0053        9.2749
ALPHA 1.0349 MaxIteration 8151  TIMEOUT 0.216361
 56       1880       1880       2050      0.2164       1937        1937      0.0084        9.7097
ALPHA 1.0349 MaxIteration 8435  TIMEOUT 0.223929
 57       1880       1880       2031      0.2239       1937        1937      0.0009       10.1627
ALPHA 1.0349 MaxIteration 8729  TIMEOUT 0.231751
 58       1880       1880       2045      0.2318       1937        1937      0.0025       10.6273
ALPHA 1.0349 MaxIteration 9033  TIMEOUT 0.239844
 59       1880       1880       2046      0.2399       1937        1937      0.0044       11.1101
ALPHA 1.0349 MaxIteration 9347  TIMEOUT 0.248232
 60       1880       1880       2036      0.2483       1937        1937      0.0083       11.6096
ALPHA 1.0349 MaxIteration 9672  TIMEOUT 0.256913
 61       1880       1880       2028      0.2569       1937        1937      0.0027       12.1265
ALPHA 1.0349 MaxIteration 10009  TIMEOUT 0.265873
 62       1880       1880       2031      0.2659       1937        1937      0.0013       12.6595
ALPHA 1.0349 MaxIteration 10357  TIMEOUT 0.275185
 63       1880       1880       2031      0.2752       1937        1937      0.0015       13.2109
ALPHA 1.0349 MaxIteration 10718  TIMEOUT 0.284791
 64       1880       1880       2035      0.2848       1937        1937      0.0064       20.0000
>>> T1_200_250_7.wclq |V| 200 |E| 250  (#LB 0.0173 1848 ---> 1880  0.0294  1937 <--- 2016  0.0392 #UB)  #read_time 0.0002  #reduce_time 0.0000  #solve_time 20.0000  #total_time 20.0002
 