With  Parameters CUTOFF 20 SEED 101  ALPHA = 1.900  K=5 RHO=0.05 Q0=0.90 BETA=3.0 AQ_MODE=dbs
Reading  graph ...  time 0.021941  
Reducing graph ...  time 0.000123  
[v6] |V|=50 |E|=1000 density=20.00 USE_ADVANCED=0 SAFE_AQ_MIN_GAP=0.050 DEEP_AQ_RANGE=[800, 5.00, 10.00] structure_blocks_aq=1 AQ_SLOPE_MARGIN=1.15 AQ_MAX_UB_DRIFT=0.20
#Rd        #LB        #LB*       #UB       #Time        #UB+        #UB*      #Time      #TotalTime
First Gap  0.428571
  1         28         28         40      0.0028 [AQ bandit arm] arm=4 gap=0.4286 density=20.00 |V|=50

 Switch to DBS-only search, timeout 0.002802....
 [Online-safe AQ structure guard] |V|=50 density=20.00 outside [800, 5.00, 10.00], disabling AQ
         40          40      0.0001        0.0203
ALPHA 1.9000 MaxIteration 3  TIMEOUT 0.002802
  2         28         28         40      0.0000         40          40      0.0001        0.0204
ALPHA 1.8304 MaxIteration 5  TIMEOUT 0.000055
  3         28         28         62      0.0000         40          40      0.0001        0.0206
ALPHA 1.7658 MaxIteration 9  TIMEOUT 0.000071
  4         28         28         62      0.0001         40          40      0.0001        0.0208
ALPHA 1.7056 MaxIteration 15  TIMEOUT 0.000111
  5         28         28         62      0.0001         40          40      0.0001        0.0211
ALPHA 1.6493 MaxIteration 25  TIMEOUT 0.000182
  6         28         28         62      0.0002         40          40      0.0001        0.0214
ALPHA 1.5966 MaxIteration 41  TIMEOUT 0.000312
  7         28         28         47      0.0003         40          40      0.0001        0.0221
ALPHA 1.5472 MaxIteration 65  TIMEOUT 0.000505
  8         28         28         47      0.0005         40          40      0.0001        0.0231
ALPHA 1.5008 MaxIteration 100  TIMEOUT 0.000789
  9         28         28         47      0.0008         40          40      0.0001        0.0248
ALPHA 1.4571 MaxIteration 150  TIMEOUT 0.001202
 10         28         28         47      0.0012         40          40      0.0001        0.0273
ALPHA 1.4158 MaxIteration 218  TIMEOUT 0.001757
 11         28         28         47      0.0018         40          40      0.0001        0.0309
ALPHA 1.3768 MaxIteration 308  TIMEOUT 0.002493
 12         28         28         47      0.0025         40          40      0.0001        0.0359
ALPHA 1.3399 MaxIteration 424  TIMEOUT 0.003438
 13         28         28         47      0.0034         40          40      0.0001        0.0428
ALPHA 1.3049 MaxIteration 568  TIMEOUT 0.004613
 14         28         28         47      0.0046         40          40      0.0001        0.0521
ALPHA 1.2718 MaxIteration 741  TIMEOUT 0.006029
 15         28         28         47      0.0060         40          40      0.0001        0.0642
ALPHA 1.2402 MaxIteration 942  TIMEOUT 0.007671
 16         28         28         47      0.0077         40          40      0.0001        0.0796
ALPHA 1.2102 MaxIteration 1168  TIMEOUT 0.009525
 17         28         28         47      0.0095         40          40      0.0001        0.0997
ALPHA 1.1816 MaxIteration 1413  TIMEOUT 0.011533
 18         28         28         47      0.0115         40          40      0.0001        0.1228
ALPHA 1.1543 MaxIteration 1669  TIMEOUT 0.013632
 19         28         28         47      0.0136         40          40      0.0001        0.1531
ALPHA 1.1283 MaxIteration 1926  TIMEOUT 0.015746
 20         28         28         47      0.0158         40          40      0.0001        0.1846
ALPHA 1.1034 MaxIteration 2173  TIMEOUT 0.017774
 21         28         28         47      0.0178         40          40      0.0001        0.2202
ALPHA 1.0795 MaxIteration 2397  TIMEOUT 0.019620
 22         28         28         47      0.0196         40          40      0.0366        0.2780
ALPHA 1.0567 MaxIteration 2587  TIMEOUT 0.021187
 23         28         28         47      0.0212         40          40      0.0001        0.3579
ALPHA 1.0349 MaxIteration 2733  TIMEOUT 0.022395
 24         28         28         47      0.0224         40          40      0.0001        0.4168
ALPHA 1.0349 MaxIteration 2828  TIMEOUT 0.023184
 25         28         28         47      0.0232         40          40      0.0001        0.4822
ALPHA 1.0349 MaxIteration 2926  TIMEOUT 0.024000
 26         28         28         47      0.0240         40          40      0.0001        0.5313
ALPHA 1.0349 MaxIteration 3027  TIMEOUT 0.024840
 27         28         28         47      0.0248         40          40      0.0001        0.5820
ALPHA 1.0349 MaxIteration 3132  TIMEOUT 0.025710
 28         28         28         47      0.0257         40          40      0.0001        0.6334
ALPHA 1.0349 MaxIteration 3241  TIMEOUT 0.026611
 29         28         28         47      0.0266         40          40      0.0001        0.6867
ALPHA 1.0349 MaxIteration 3353  TIMEOUT 0.027552
 30         28         28         47      0.0276         40          40      0.0001        0.7418
ALPHA 1.0349 MaxIteration 3469  TIMEOUT 0.028518
 31         28         28         47      0.0285         40          40      0.0001        0.7999
ALPHA 1.0349 MaxIteration 3589  TIMEOUT 0.029521
 32         28         28         47      0.0295         40          40      0.0001        0.8599
ALPHA 1.0349 MaxIteration 3714  TIMEOUT 0.030558
 33         28         28         47      0.0306         40          40      0.0001        0.9241
ALPHA 1.0349 MaxIteration 3843  TIMEOUT 0.031635
 34         28         28         47      0.0316         40          40      0.0001        0.9874
ALPHA 1.0349 MaxIteration 3976  TIMEOUT 0.032743
 35         28         28         47      0.0327         40          40      0.0001        1.0539
ALPHA 1.0349 MaxIteration 4114  TIMEOUT 0.033886
 36         28         28         47      0.0339         40          40      0.0001        1.1247
ALPHA 1.0349 MaxIteration 4257  TIMEOUT 0.035080
 37         28         28         47      0.0351         40          40      0.0001        1.1959
ALPHA 1.0349 MaxIteration 4405  TIMEOUT 0.036313
 38         28         28         47      0.0363         40          40      0.0001        1.2725
ALPHA 1.0349 MaxIteration 4558  TIMEOUT 0.037586
 39         28         28         47      0.0376         40          40      0.0001        1.3477
ALPHA 1.0349 MaxIteration 4716  TIMEOUT 0.038907
 40         28         28         47      0.0389         40          40      0.0001        1.4266
ALPHA 1.0349 MaxIteration 4880  TIMEOUT 0.040272
 41         28         28         47      0.0403         40          40      0.0001        1.5112
ALPHA 1.0349 MaxIteration 5050  TIMEOUT 0.041686
 42         28         28         47      0.0417         40          40      0.0001        1.5966
ALPHA 1.0349 MaxIteration 5226  TIMEOUT 0.043147
 43         28         28         47      0.0432         40          40      0.0001        1.6859
ALPHA 1.0349 MaxIteration 5408  TIMEOUT 0.044656
 44         28         28         47      0.0447         40          40      0.0001        1.7772
ALPHA 1.0349 MaxIteration 5596  TIMEOUT 0.046216
 45         28         28         47      0.0462         40          40      0.0001        1.8707
ALPHA 1.0349 MaxIteration 5791  TIMEOUT 0.047831
 46         28         28         47      0.0478         40          40      0.0001        1.9693
ALPHA 1.0349 MaxIteration 5992  TIMEOUT 0.049502
 47         28         28         47      0.0495         40          40      0.0001        2.0684
ALPHA 1.0349 MaxIteration 6200  TIMEOUT 0.051236
 48         28         28         47      0.0512         40          40      0.0001        2.1729
ALPHA 1.0349 MaxIteration 6416  TIMEOUT 0.053029
 49         28         28         47      0.0530         40          40      0.0001        2.2820
ALPHA 1.0349 MaxIteration 6639  TIMEOUT 0.054887
 50         28         28         47      0.0549         40          40      0.0001        2.3938
ALPHA 1.0349 MaxIteration 6870  TIMEOUT 0.056810
 51         28         28         47      0.0568         40          40      0.0001        2.5105
ALPHA 1.0349 MaxIteration 7109  TIMEOUT 0.058800
 52         28         28         47      0.0588         40          40      0.0001        2.6291
ALPHA 1.0349 MaxIteration 7356  TIMEOUT 0.060852
 53         28         28         47      0.0609         40          40      0.0001        2.7539
ALPHA 1.0349 MaxIteration 7612  TIMEOUT 0.062980
 54         28         28         47      0.0630         40          40      0.0001        2.8828
ALPHA 1.0349 MaxIteration 7877  TIMEOUT 0.065178
 55         28         28         47      0.0652         40          40      0.0001        3.0172
ALPHA 1.0349 MaxIteration 8151  TIMEOUT 0.067461
 56         28         28         47      0.0675         40          40      0.0001        3.1572
ALPHA 1.0349 MaxIteration 8435  TIMEOUT 0.069817
 57         28         28         47      0.0698         40          40      0.0001        3.2989
ALPHA 1.0349 MaxIteration 8729  TIMEOUT 0.072259
 58         28         28         47      0.0723         40          40      0.0001        3.4445
ALPHA 1.0349 MaxIteration 9033  TIMEOUT 0.074787
 59         28         28         47      0.0748         40          40      0.0001        3.5980
ALPHA 1.0349 MaxIteration 9347  TIMEOUT 0.077398
 60         28         28         47      0.0774         40          40      0.0001        3.7569
ALPHA 1.0349 MaxIteration 9672  TIMEOUT 0.080106
 61         28         28         47      0.0801         40          40      0.0001        3.9191
ALPHA 1.0349 MaxIteration 10009  TIMEOUT 0.082908
 62         28         28         47      0.0829         40          40      0.0001        4.0890
ALPHA 1.0349 MaxIteration 10357  TIMEOUT 0.085803
 63         28         28         47      0.0858         40          40      0.0001        4.2626
ALPHA 1.0349 MaxIteration 10718  TIMEOUT 0.088804
 64         28         28         47      0.0888         40          40      0.0001        4.4472
ALPHA 1.0349 MaxIteration 11091  TIMEOUT 0.091906
 65         28         28         47      0.0919         40          40      0.0001        4.6321
ALPHA 1.0349 MaxIteration 11477  TIMEOUT 0.095119
 66         28         28         47      0.0951         40          40      0.0001        4.8274
ALPHA 1.0349 MaxIteration 11877  TIMEOUT 0.098448
 67         28         28         47      0.0985         40          40      0.0001        5.0283
ALPHA 1.0349 MaxIteration 12291  TIMEOUT 0.101886
 68         28         28         47      0.1019         40          40      0.0001        5.2352
ALPHA 1.0349 MaxIteration 12719  TIMEOUT 0.105443
 69         28         28         47      0.1054         40          40      0.0001        5.4501
ALPHA 1.0349 MaxIteration 13162  TIMEOUT 0.109122
 70         28         28         47      0.1091         40          40      0.0001        5.6724
ALPHA 1.0349 MaxIteration 13620  TIMEOUT 0.112937
 71         28         28         47      0.1129         40          40      0.0001        5.9013
ALPHA 1.0349 MaxIteration 14094  TIMEOUT 0.116880
 72         28         28         47      0.1169         40          40      0.0001        6.1411
ALPHA 1.0349 MaxIteration 14585  TIMEOUT 0.120962
 73         28         28         47      0.1210         40          40      0.0001        6.3951
ALPHA 1.0349 MaxIteration 15093  TIMEOUT 0.125181
 74         28         28         47      0.1252         40          40      0.0001        6.6525
ALPHA 1.0349 MaxIteration 15619  TIMEOUT 0.129557
 75         28         28         47      0.1296         40          40      0.0001        6.9167
ALPHA 1.0349 MaxIteration 16163  TIMEOUT 0.134086
 76         28         28         47      0.1341         40          40      0.0001        7.1899
ALPHA 1.0349 MaxIteration 16726  TIMEOUT 0.138766
 77         28         28         47      0.1388         40          40      0.0001        7.4694
ALPHA 1.0349 MaxIteration 17309  TIMEOUT 0.143608
 78         28         28         47      0.1436         40          40      0.0001        7.7647
ALPHA 1.0349 MaxIteration 17912  TIMEOUT 0.148624
 79         28         28         47      0.1486         40          40      0.0001        8.0680
ALPHA 1.0349 MaxIteration 18536  TIMEOUT 0.153815
 80         28         28         47      0.1538         40          40      0.0001        8.3837
ALPHA 1.0349 MaxIteration 19182  TIMEOUT 0.159188
 81         28         28         47      0.1592         40          40      0.0001        8.7081
ALPHA 1.0349 MaxIteration 19850  TIMEOUT 0.164744
 82         28         28         47      0.1647         40          40      0.0001        9.0426
ALPHA 1.0349 MaxIteration 20541  TIMEOUT 0.170493
 83         28         28         47      0.1705         40          40      0.0001        9.3927
ALPHA 1.0349 MaxIteration 21257  TIMEOUT 0.176445
 84         28         28         47      0.1764         40          40      0.0001        9.7556
ALPHA 1.0349 MaxIteration 21997  TIMEOUT 0.182599
 85         28         28         47      0.1826         40          40      0.0001       10.1298
ALPHA 1.0349 MaxIteration 22763  TIMEOUT 0.188966
 86         28         28         47      0.1890         40          40      0.0001       10.5178
ALPHA 1.0349 MaxIteration 23556  TIMEOUT 0.195555
 87         28         28         47      0.1956         40          40      0.0001       10.9119
ALPHA 1.0349 MaxIteration 24377  TIMEOUT 0.202376
 88         28         28         47      0.2024         40          40      0.0001       11.3227
ALPHA 1.0349 MaxIteration 25226  TIMEOUT 0.209439
 89         28         28         47      0.2094         40          40      0.0001       11.7526
ALPHA 1.0349 MaxIteration 26105  TIMEOUT 0.216742
 90         28         28         47      0.2167         40          40      0.0001       12.1911
ALPHA 1.0349 MaxIteration 27014  TIMEOUT 0.224305
 91         28         28         47      0.2243         40          40      0.0001       12.6458
ALPHA 1.0349 MaxIteration 27955  TIMEOUT 0.232130
 92         28         28         47      0.2321         40          40      0.0001       13.1171
ALPHA 1.0349 MaxIteration 28929  TIMEOUT 0.240235
 93         28         28         47      0.2402         40          40      0.0001       19.9999
>>> T1_50_1000_0.wclq |V| 50 |E| 1000  (#LB 0.0000 28 ---> 28  0.3000  40 <--- 40  0.0000 #UB)  #read_time 0.0219  #reduce_time 0.0001  #solve_time 19.9999  #total_time 20.0220
 