>>IBM: |V|=200 |E|=17910
>>IBM: The maximum node weight is 200
/public/home/acs4vb4pqv/benchmarks/MWDS2026/dimacs/gen200_p0.9_55.clq #seed 1 #alpha 1.900 #timeout 0.100 K=5 RHO=0.05 Q0=0.90 BETA=3.5 AQ_MODE=dbs SAFE_AQ_MIN_GAP=0.050 SAFE_AQ_MIN_NODES=800 AQ_SLOPE_MARGIN=1.05 AQ_MAX_UB_DRIFT=0.25
[v19] |V|=200 |E|=17910 density=89.55 USE_ADVANCED=0
#Rd        #LB        #LB*       #UB       #Time        #UB+        #UB*      #Time      #TotalTime
First Gap  0.200000
ALPHA 1.9000 MaxIteration 500  TIMEOUT 0.083666
  1          5          5          6      0.0837          6           6      0.0000      0.1646
ALPHA 1.9000 MaxIteration 3  TIMEOUT 0.000603
  2          4          5          6      0.0006          6           6      0.0000      0.1748
ALPHA 1.8304 MaxIteration 5  TIMEOUT 0.000853
  3          4          5          6      0.0009          6           6      0.0000      0.1847
ALPHA 1.7658 MaxIteration 9  TIMEOUT 0.001348
  4          4          5          6      0.0013          6           6      0.0000      0.1948
ALPHA 1.7056 MaxIteration 15  TIMEOUT 0.002311
  5          4          5          6      0.0023          6           6      0.0000      0.2046
ALPHA 1.6493 MaxIteration 25  TIMEOUT 0.003712
  6          4          5          6      0.0037          6           6      0.0000      0.2148
ALPHA 1.5966 MaxIteration 41  TIMEOUT 0.006215
  7          4          5          6      0.0062          6           6      0.0000      0.2245
ALPHA 1.5472 MaxIteration 65  TIMEOUT 0.011259
  8          4          5          6      0.0113          6           6      0.0000      0.2548
ALPHA 1.5008 MaxIteration 100  TIMEOUT 0.019708
  9          4          5          6      0.0197          6           6      0.0000      0.2950
ALPHA 1.4571 MaxIteration 150  TIMEOUT 0.016735
 10          3          5          6      0.0167          6           6      0.0000      0.3246
ALPHA 1.4158 MaxIteration 218  TIMEOUT 0.025436
 11          3          5          6      0.0254          6           6      0.0000      0.3747
ALPHA 1.3768 MaxIteration 308  TIMEOUT 0.030615
 12          3          5          6      0.0306          6           6      0.0000      0.4446
ALPHA 1.3399 MaxIteration 424  TIMEOUT 0.046519
 13          3          5          6      0.0465          6           6      0.0000      0.5346
ALPHA 1.3049 MaxIteration 568  TIMEOUT 0.065095
 14          3          5          6      0.0651          6           6      0.0000      0.6649
ALPHA 1.2718 MaxIteration 741  TIMEOUT 0.084257
 15          3          5          6      0.0843          6           6      0.0000      0.8350
ALPHA 1.2402 MaxIteration 942  TIMEOUT 0.107705
 16          3          5          6      0.1077          6           6      0.0000      1.0448
ALPHA 1.2102 MaxIteration 1168  TIMEOUT 0.133486
 17          3          5          6      0.1335          6           6      0.0000      1.3147
ALPHA 1.1816 MaxIteration 1413  TIMEOUT 0.161273
 18          3          5          6      0.1613          6           6      0.0000      1.6446
ALPHA 1.1543 MaxIteration 1669  TIMEOUT 0.191597
 19          3          5          6      0.1916          6           6      0.0000      2.0346
ALPHA 1.1283 MaxIteration 1926  TIMEOUT 0.217526
 20          3          5          6      0.2175          6           6      0.0000      2.4646
ALPHA 1.1034 MaxIteration 2173  TIMEOUT 0.220918
 21          3          5          6      0.2209          6           6      0.0000      2.9147
ALPHA 1.0795 MaxIteration 2397  TIMEOUT 0.257121
 22          3          5          6      0.2571          6           6      0.0000      3.4249
ALPHA 1.0567 MaxIteration 2587  TIMEOUT 0.278774
 23          3          5          6      0.2788          6           6      0.0000      3.9749
ALPHA 1.0349 MaxIteration 2733  TIMEOUT 0.295006
 24          3          5          6      0.2950          6           6      0.0000      4.5647
ALPHA 1.0349 MaxIteration 2828  TIMEOUT 0.305145
 25          3          5          6      0.3051          6           6      0.0000      5.1748
ALPHA 1.0349 MaxIteration 2926  TIMEOUT 0.313780
 26          3          5          6      0.3138          6           6      0.0000      5.8046
ALPHA 1.0349 MaxIteration 3027  TIMEOUT 0.325578
 27          3          5          6      0.3256          6           6      0.0000      6.4546
ALPHA 1.0349 MaxIteration 3132  TIMEOUT 0.335151
 28          3          5          6      0.3352          6           6      0.0000      7.1250
ALPHA 1.0349 MaxIteration 3241  TIMEOUT 0.345283
 29          3          5          6      0.3453          6           6      0.0000      7.8147
ALPHA 1.0349 MaxIteration 3353  TIMEOUT 0.357413
 30          3          5          6      0.3574          6           6      0.0000      8.5248
ALPHA 1.0349 MaxIteration 3469  TIMEOUT 0.372023
 31          3          5          6      0.3720          6           6      0.0000      9.2748
ALPHA 1.0349 MaxIteration 3589  TIMEOUT 0.386354
 32          3          5          6      0.3864          6           6      0.0000     10.0448
ALPHA 1.0349 MaxIteration 3714  TIMEOUT 0.396041
 33          3          5          6      0.3960          6           6      0.0000     10.8346
ALPHA 1.0349 MaxIteration 3843  TIMEOUT 0.412637
 34          3          5          6      0.4126          6           6      0.0000     11.6647
ALPHA 1.0349 MaxIteration 3976  TIMEOUT 0.424216
 35          3          5          6      0.4242          6           6      0.0000     12.5146
ALPHA 1.0349 MaxIteration 4114  TIMEOUT 0.442099
 36          3          5          6      0.4421          6           6      0.0000     13.4047
ALPHA 1.0349 MaxIteration 4257  TIMEOUT 0.457687
 37          3          5          6      0.4577          6           6      0.0000     14.3146
ALPHA 1.0349 MaxIteration 4405  TIMEOUT 0.475123
 38          3          5          6      0.4751          6           6      0.0000     15.2647
ALPHA 1.0349 MaxIteration 4558  TIMEOUT 0.488809
 39          3          5          6      0.4888          6           6      0.0000     16.2348
ALPHA 1.0349 MaxIteration 4716  TIMEOUT 0.508660
 40          3          5          6      0.5087          6           6      0.0000     17.2448
ALPHA 1.0349 MaxIteration 4880  TIMEOUT 0.523403
 41          3          5          6      0.5234          6           6      0.0000     18.2946
ALPHA 1.0349 MaxIteration 5050  TIMEOUT 0.548048
 42          3          5          6      0.5480          6           6      0.0000     19.3846
ALPHA 1.0349 MaxIteration 5226  TIMEOUT 0.563266
 43          3          5          6      0.5633          6           6      0.0000     20.0049
>>> gen200_p0.9_55.clq |V| 200 |E| 17910  (#LB 0.0000 5 ---> 5  0.2000  6 <--- 6  0.0000 #UB)  #solve_ime 20.0049 read_time 0.0055 
