>>> Warning: header edge_num=125248, parsed edge_num=62624
>>IBM: |V|=500 |E|=62624
>>IBM: The maximum node weight is 200
/public/home/acs4vb4pqv/benchmarks/MWDS2026/dimacs/DSJC500_5.clq #seed 102 #alpha 1.900 #timeout 0.100 K=5 RHO=0.05 Q0=0.90 BETA=3.5 AQ_MODE=dbs SAFE_AQ_MIN_GAP=0.050 SAFE_AQ_MIN_NODES=800 AQ_SLOPE_MARGIN=1.05 AQ_MAX_UB_DRIFT=0.25
[v19] |V|=500 |E|=62624 density=125.25 USE_ADVANCED=0
#Rd        #LB        #LB*       #UB       #Time        #UB+        #UB*      #Time      #TotalTime
First Gap  0.454545
ALPHA 1.9000 MaxIteration 500  TIMEOUT 0.502921
  1         11         11         16      0.5029         16          16      0.0000      1.0136
ALPHA 1.9000 MaxIteration 3  TIMEOUT 0.003239
  2          9         11         18      0.0032         16          16      0.0000      1.0237
ALPHA 1.8304 MaxIteration 5  TIMEOUT 0.006261
  3          9         11         16      0.0063         16          16      0.0000      1.0336
ALPHA 1.7658 MaxIteration 9  TIMEOUT 0.012326
  4         10         11         16      0.0123         16          16      0.0000      1.0635
ALPHA 1.7056 MaxIteration 15  TIMEOUT 0.024789
  5         11         11         16      0.0248         16          16      0.0000      1.1137
ALPHA 1.6493 MaxIteration 25  TIMEOUT 0.036303
  6         11         11         16      0.0363         16          16      0.0000      1.1839
ALPHA 1.5966 MaxIteration 41  TIMEOUT 0.053084
  7         10         11         16      0.0531         16          16      0.0000      1.2935
ALPHA 1.5472 MaxIteration 65  TIMEOUT 0.079808
  8         11         11         16      0.0798         16          16      0.0000      1.4537
ALPHA 1.5008 MaxIteration 100  TIMEOUT 0.098830
  9         10         11         16      0.0988         16          16      0.0000      1.6536
ALPHA 1.4571 MaxIteration 150  TIMEOUT 0.144865
 10         10         11         16      0.1449         16          16      0.0000      1.9438
ALPHA 1.4158 MaxIteration 218  TIMEOUT 0.207199
 11         10         11         16      0.2072         16          16      0.0000      2.3539
ALPHA 1.3768 MaxIteration 308  TIMEOUT 0.294102
 12         10         11         16      0.2941         16          16      0.0000      2.9436
ALPHA 1.3399 MaxIteration 424  TIMEOUT 0.453488
 13         11         11         16      0.4535         16          16      0.0000      3.8533
ALPHA 1.3049 MaxIteration 568  TIMEOUT 0.533448
 14         10         11         16      0.5334         16          16      0.0000      4.9233
ALPHA 1.2718 MaxIteration 741  TIMEOUT 0.698637
 15         10         11         16      0.6986         16          16      0.0000      6.3133
ALPHA 1.2402 MaxIteration 942  TIMEOUT 0.884380
 16         10         11         16      0.8844         16          16      0.0000      8.0837
ALPHA 1.2102 MaxIteration 1168  TIMEOUT 1.104546
 17         10         11         16      1.1045         16          16      0.0000     10.2934
ALPHA 1.1816 MaxIteration 1413  TIMEOUT 1.337942
 18         10         11         16      1.3379         16          16      0.0000     12.9634
ALPHA 1.1543 MaxIteration 1669  TIMEOUT 1.605989
 19         10         11         16      1.6060         16          16      0.0000     16.1735
ALPHA 1.1283 MaxIteration 1926  TIMEOUT 1.813639
 20         10         11         16      1.8136         16          16      0.0000     19.7939
ALPHA 1.1034 MaxIteration 2173  TIMEOUT 0.206394
 21         10         11         16      0.2064>>> DSJC500_5.clq |V| 500 |E| 62624  (#LB 0.0000 11 ---> 11  0.4545  16 <--- 16  0.0000 #UB)  #solve_ime 20.0004 read_time 0.0167 
