With  Parameters CUTOFF 20 SEED 102  ALPHA = 1.900  K=5 RHO=0.05 Q0=0.90 BETA=3.0 AQ_MODE=dbs
Reading  graph ...  time 0.000590  
Reducing graph ...  time 0.000044  
[v6] |V|=150 |E|=2000 density=13.33 USE_ADVANCED=0 SAFE_AQ_MIN_GAP=0.050 DEEP_AQ_RANGE=[800, 5.00, 10.00] structure_blocks_aq=1 AQ_SLOPE_MARGIN=1.15 AQ_MAX_UB_DRIFT=0.20
#Rd        #LB        #LB*       #UB       #Time        #UB+        #UB*      #Time      #TotalTime
First Gap  0.188867
  1        503        503        598      0.0361 [AQ bandit arm] arm=4 gap=0.1889 density=13.33 |V|=150

 Switch to DBS-only search, timeout 0.036117....
 [Online-safe AQ structure guard] |V|=150 density=13.33 outside [800, 5.00, 10.00], disabling AQ
        598         598      0.0003        0.0736
ALPHA 1.9000 MaxIteration 3  TIMEOUT 0.036117
  2        492        503        672      0.0002        601         598      0.0002        0.0741
ALPHA 1.8304 MaxIteration 5  TIMEOUT 0.000433
  3        495        503        649      0.0005        601         598      0.0002        0.0751
ALPHA 1.7658 MaxIteration 9  TIMEOUT 0.000864
  4        512        512        649      0.0009        598         598      0.0003        0.0768
ALPHA 1.7056 MaxIteration 15  TIMEOUT 0.001561
  5        503        512        705      0.0016        598         598      0.0003        0.0801
ALPHA 1.6493 MaxIteration 25  TIMEOUT 0.002746
  6        501        512        655      0.0015        598         598      0.0003        0.0831
ALPHA 1.5966 MaxIteration 41  TIMEOUT 0.002469
  7        502        512        656      0.0025        598         598      0.0005        0.0881
ALPHA 1.5472 MaxIteration 65  TIMEOUT 0.004003
  8        502        512        638      0.0040        598         598      0.0002        0.0961
ALPHA 1.5008 MaxIteration 100  TIMEOUT 0.006204
  9        503        512        635      0.0063        598         598      0.0003        0.1086
ALPHA 1.4571 MaxIteration 150  TIMEOUT 0.009389
 10        503        512        638      0.0094        598         598      0.0003        0.1275
ALPHA 1.4158 MaxIteration 218  TIMEOUT 0.013704
 11        503        512        638      0.0137        601         598      0.0002        0.1549
ALPHA 1.3768 MaxIteration 308  TIMEOUT 0.019426
 12        502        512        635      0.0186        598         598      0.0003        0.1922
ALPHA 1.3399 MaxIteration 424  TIMEOUT 0.025662
 13        502        512        635      0.0248        598         598      0.0003        0.2419
ALPHA 1.3049 MaxIteration 568  TIMEOUT 0.033274
 14        502        512        635      0.0318        598         598      0.0003        0.3055
ALPHA 1.2718 MaxIteration 741  TIMEOUT 0.041452
 15        509        512        635      0.0415        598         598      0.0004        0.3884
ALPHA 1.2402 MaxIteration 942  TIMEOUT 0.052747
 16        509        512        635      0.0528        598         598      0.0003        0.4950
ALPHA 1.2102 MaxIteration 1168  TIMEOUT 0.065450
 17        509        512        632      0.0655        598         598      0.0003        0.6260
ALPHA 1.1816 MaxIteration 1413  TIMEOUT 0.079235
 18        509        512        632      0.0792        598         598      0.0003        0.7865
ALPHA 1.1543 MaxIteration 1669  TIMEOUT 0.093628
 19        509        512        612      0.0937        598         598      0.0003        0.9748
ALPHA 1.1283 MaxIteration 1926  TIMEOUT 0.108110
 20        509        512        612      0.1081        598         598      0.0003        1.1911
ALPHA 1.1034 MaxIteration 2173  TIMEOUT 0.122012
 21        509        512        612      0.1220        598         598      0.0003        1.4362
ALPHA 1.0795 MaxIteration 2397  TIMEOUT 0.134662
 22        509        512        612      0.1347        598         598      0.0003        1.7056
ALPHA 1.0567 MaxIteration 2587  TIMEOUT 0.145403
 23        509        512        612      0.1454        598         598      0.0005        1.9975
ALPHA 1.0349 MaxIteration 2733  TIMEOUT 0.153674
 24        509        512        612      0.1537        598         598      0.0003        2.3089
ALPHA 1.0349 MaxIteration 2828  TIMEOUT 0.159066
 25        509        512        612      0.1591        598         598      0.0003        2.6271
ALPHA 1.0349 MaxIteration 2926  TIMEOUT 0.164622
 26        509        512        612      0.1646        598         598      0.0003        2.9584
ALPHA 1.0349 MaxIteration 3027  TIMEOUT 0.170386
 27        509        512        612      0.1704        598         598      0.0003        3.3002
ALPHA 1.0349 MaxIteration 3132  TIMEOUT 0.176331
 28        509        512        612      0.1764        598         598      0.0003        3.6540
ALPHA 1.0349 MaxIteration 3241  TIMEOUT 0.182537
 29        509        512        612      0.1826        598         598      0.0003        4.0212
ALPHA 1.0349 MaxIteration 3353  TIMEOUT 0.188932
 30        509        512        612      0.1890        598         598      0.0003        4.4012
ALPHA 1.0349 MaxIteration 3469  TIMEOUT 0.195562
 31        509        512        612      0.1956        598         598      0.0003        4.7954
ALPHA 1.0349 MaxIteration 3589  TIMEOUT 0.202415
 32        509        512        612      0.2025        598         598      0.0004        5.2023
ALPHA 1.0349 MaxIteration 3714  TIMEOUT 0.209522
 33        509        512        612      0.2095        598         598      0.0003        5.6244
ALPHA 1.0349 MaxIteration 3843  TIMEOUT 0.216834
 34        509        512        612      0.2169        598         598      0.0003        6.0612
ALPHA 1.0349 MaxIteration 3976  TIMEOUT 0.224435
 35        509        512        612      0.2245        598         598      0.0005        6.5132
ALPHA 1.0349 MaxIteration 4114  TIMEOUT 0.232304
 36        509        512        612      0.2323        598         598      0.0006        6.9829
ALPHA 1.0349 MaxIteration 4257  TIMEOUT 0.240429
 37        509        512        612      0.2404        598         598      0.0003        7.4638
ALPHA 1.0349 MaxIteration 4405  TIMEOUT 0.248819
 38        509        512        612      0.2488        598         598      0.0003        7.9625
ALPHA 1.0349 MaxIteration 4558  TIMEOUT 0.257507
 39        509        512        612      0.2553        598         598      0.0003        8.4770
ALPHA 1.0349 MaxIteration 4716  TIMEOUT 0.264157
 40        509        512        612      0.2642        598         598      0.0003        9.0074
ALPHA 1.0349 MaxIteration 4880  TIMEOUT 0.273373
 41        509        512        612      0.2582        598         598      0.0003        9.5237
ALPHA 1.0349 MaxIteration 5050  TIMEOUT 0.267166
 42        509        512        612      0.2672        598         598      0.0004       10.0622
ALPHA 1.0349 MaxIteration 5226  TIMEOUT 0.276531
 43        509        512        612      0.2766        598         598      0.0003       10.6174
ALPHA 1.0349 MaxIteration 5408  TIMEOUT 0.286233
 44        509        512        612      0.2863        598         598      0.0003       11.1929
ALPHA 1.0349 MaxIteration 5596  TIMEOUT 0.296241
 45        509        512        612      0.2963        598         598      0.0003       11.7866
ALPHA 1.0349 MaxIteration 5791  TIMEOUT 0.306632
 46        509        512        612      0.3067        598         598      0.1888       12.4050
ALPHA 1.0349 MaxIteration 5992  TIMEOUT 0.317371
 47        509        512        612      0.3174        598         598      0.0003       13.0408
ALPHA 1.0349 MaxIteration 6200  TIMEOUT 0.328446
 48        509        512        612      0.3285        598         598      0.0005       19.9998
>>> T2_150_2000_1.wclq |V| 150 |E| 2000  (#LB 0.0179 503 ---> 512  0.1438  598 <--- 598  0.0000 #UB)  #read_time 0.0006  #reduce_time 0.0000  #solve_time 19.9998  #total_time 20.0004
 