>>IBM: |V|=1000 |E|=1000
>>IBM: The maximum node weight is 49
/public/home/acs4vb4pqv/benchmarks/MWDS2026/T1_wclq/T1_1000_1000_2.wclq #seed 3 #alpha 1.900 #timeout 0.100 K=5 RHO=0.05 Q0=0.90 BETA=3.5 AQ_MODE=dbs SAFE_AQ_MIN_GAP=0.050 SAFE_AQ_MIN_NODES=800 AQ_SLOPE_MARGIN=1.05 AQ_MAX_UB_DRIFT=0.25
[v19] |V|=1000 |E|=1000 density=1.00 USE_ADVANCED=1
#Rd        #LB        #LB*       #UB       #Time        #UB+        #UB*      #Time      #TotalTime
First Gap  0.114525
ALPHA 1.9000 MaxIteration 500  TIMEOUT 0.233523
  1      10251      10251      11425      0.2335      10787       10787      0.0200      0.4500
ALPHA 1.9000 MaxIteration 3  TIMEOUT 0.001966
  2      10031      10251      11951      0.0020      10873       10787      0.0000      0.4600
ALPHA 1.8304 MaxIteration 5  TIMEOUT 0.003177
  3       9941      10251      12035      0.0032      10839       10787      0.0000      0.4700
ALPHA 1.7658 MaxIteration 9  TIMEOUT 0.002486
  4       9900      10251      12172      0.0025      10932       10787      0.0000      0.4800
ALPHA 1.7056 MaxIteration 15  TIMEOUT 0.005166
  5       9929      10251      12154      0.0052      10972       10787      0.0000      0.4900
ALPHA 1.6493 MaxIteration 25  TIMEOUT 0.032830
  6      10007      10251      12019      0.0328      10828       10787      0.0200      0.5500
ALPHA 1.5966 MaxIteration 41  TIMEOUT 0.029843
  7       9978      10251      11975      0.0298      10865       10787      0.0200      0.6000
ALPHA 1.5472 MaxIteration 65  TIMEOUT 0.061750
  8       9994      10251      11983      0.0617      10812       10787      0.0500      0.7300
ALPHA 1.5008 MaxIteration 100  TIMEOUT 0.065802
  9       9958      10251      12080      0.0658      10813       10787      0.0600      0.8500
ALPHA 1.4571 MaxIteration 150  TIMEOUT 0.104412
 10       9956      10251      12084      0.1044      10808       10787      0.1000      1.0600
ALPHA 1.4158 MaxIteration 218  TIMEOUT 0.079384
 11       9922      10251      12099      0.0794      10819       10787      0.0200      1.2000
ALPHA 1.3768 MaxIteration 308  TIMEOUT 0.185174
 12       9933      10251      12111      0.1852      10784       10784      0.1200      1.5500
ALPHA 1.3399 MaxIteration 424  TIMEOUT 0.114779
 13       9925      10251      12111      0.1148      10809       10784      0.1100      1.7700
ALPHA 1.3049 MaxIteration 568  TIMEOUT 0.211026
 14       9936      10251      12083      0.2110      10789       10784      0.1700      2.1900
ALPHA 1.2718 MaxIteration 741  TIMEOUT 0.253351
 15       9936      10251      12106      0.2534      10807       10784      0.1000      2.6800
ALPHA 1.2402 MaxIteration 942  TIMEOUT 0.354830
 16       9938      10251      12049      0.3548      10800       10784      0.0900      3.3600
ALPHA 1.2102 MaxIteration 1168  TIMEOUT 0.382996
 17       9935      10251      12082      0.3830      10807       10784      0.2400      4.1000
ALPHA 1.1816 MaxIteration 1413  TIMEOUT 0.731258
 18       9946      10251      12020      0.7313      10790       10784      0.4200      5.5100
ALPHA 1.1543 MaxIteration 1669  TIMEOUT 0.403931
 19       9932      10251      12052      0.4039      10788       10784      0.1900      6.2900
ALPHA 1.1283 MaxIteration 1926  TIMEOUT 0.448214
 20       9933      10251      12063      0.4482      10795       10784      0.1500      7.1500
ALPHA 1.1034 MaxIteration 2173  TIMEOUT 1.216674
 21       9944      10251      12043      1.2167
 [LB Done] stag=20 elapsed=41.8% => 11.6s to UB
      10786       10784      3.0600     19.0700
>>> T1_1000_1000_2.wclq |V| 1000 |E| 1000  (#LB 0.0000 10251 ---> 10251  0.0520  10784 <--- 11425  0.0561 #UB)  #solve_ime 19.0700 read_time 0.0000 
