>>IBM: |V|=200 |E|=250
>>IBM: The maximum node weight is 49
/public/home/acs4vb4pqv/benchmarks/MWDS2026/T1_wclq/T1_200_250_7.wclq #seed 103 #alpha 1.900 #timeout 0.100 K=5 RHO=0.05 Q0=0.90 BETA=3.5 AQ_MODE=guarded SAFE_AQ_MIN_GAP=0.050 SAFE_AQ_MIN_NODES=800 AQ_SLOPE_MARGIN=1.05 AQ_MAX_UB_DRIFT=0.25
[v19] |V|=200 |E|=250 density=1.25 USE_ADVANCED=0
#Rd        #LB        #LB*       #UB       #Time        #UB+        #UB*      #Time      #TotalTime
First Gap  0.097109
ALPHA 1.9000 MaxIteration 500  TIMEOUT 0.035993
  1       1833       1833       2011      0.0360
 [AQ bandit arm] arm=1 gap=0.0971 density=1.25 |V|=200

 [AQ small-headroom probe] gap=0.0971 density=1.25 |V|=200 => Light RL (K=3, 5.0%)
ALPHA 1.9000 MaxIteration 3  TIMEOUT 0.004762
  2       1786       1833       2071      0.0048ALPHA 1.8304 MaxIteration 5  TIMEOUT 0.005929
  3       1809       1833       2111      0.0059 [AQ guard] no early LB gain, disabling AQ
       1960        1960      0.0000      0.0489
ALPHA 1.7658 MaxIteration 9  TIMEOUT 0.001262
  4       1783       1833       2083      0.0013       1940        1940      0.0000      0.0589
ALPHA 1.7056 MaxIteration 15  TIMEOUT 0.001408
  5       1787       1833       2101      0.0014       1945        1940      0.0000      0.0689
ALPHA 1.6493 MaxIteration 25  TIMEOUT 0.002570
  6       1785       1833       2080      0.0026       1937        1937      0.0000      0.0789
ALPHA 1.5966 MaxIteration 41  TIMEOUT 0.003819
  7       1770       1833       2094      0.0038       1945        1937      0.0000      0.0889
ALPHA 1.5472 MaxIteration 65  TIMEOUT 0.003878
  8       1756       1833       2104      0.0039       1946        1937      0.0000      0.0989
ALPHA 1.5008 MaxIteration 100  TIMEOUT 0.005894
  9       1756       1833       2085      0.0059       1947        1937      0.0000      0.1089
ALPHA 1.4571 MaxIteration 150  TIMEOUT 0.010005
 10       1744       1833       2085      0.0100       1937        1937      0.0100      0.1389
ALPHA 1.4158 MaxIteration 218  TIMEOUT 0.022686
 11       1760       1833       2085      0.0227       1937        1937      0.0000      0.1889
ALPHA 1.3768 MaxIteration 308  TIMEOUT 0.014827
 12       1737       1833       2085      0.0148       1937        1937      0.0100      0.2181
ALPHA 1.3399 MaxIteration 424  TIMEOUT 0.019005
 13       1735       1833       2102      0.0190       1937        1937      0.0100      0.2489
ALPHA 1.3049 MaxIteration 568  TIMEOUT 0.014909
 14       1726       1833       2104      0.0149       1937        1937      0.0100      0.2789
ALPHA 1.2718 MaxIteration 741  TIMEOUT 0.035310
 15       1735       1833       2102      0.0353       1937        1937      0.0200      0.3489
ALPHA 1.2402 MaxIteration 942  TIMEOUT 0.040732
 16       1735       1833       2102      0.0407       1937        1937      0.0200      0.4389
ALPHA 1.2102 MaxIteration 1168  TIMEOUT 0.045998
 17       1735       1833       2102      0.0460       1937        1937      0.0200      0.5289
ALPHA 1.1816 MaxIteration 1413  TIMEOUT 0.051256
 18       1735       1833       2093      0.0513       1937        1937      0.0000      0.6389
ALPHA 1.1543 MaxIteration 1669  TIMEOUT 0.062092
 19       1735       1833       2102      0.0621       1937        1937      0.0000      0.7689
ALPHA 1.1283 MaxIteration 1926  TIMEOUT 0.071445
 20       1735       1833       2102      0.0714       1937        1937      0.0100      0.9089
ALPHA 1.1034 MaxIteration 2173  TIMEOUT 0.080863
 21       1735       1833       2098      0.0809       1937        1937      0.0100      1.0689
ALPHA 1.0795 MaxIteration 2397  TIMEOUT 0.088958
 22       1735       1833       2102      0.0890       1937        1937      0.0100      1.2289
ALPHA 1.0567 MaxIteration 2587  TIMEOUT 0.099844
 23       1735       1833       2102      0.0998       1937        1937      0.0200      1.4089
ALPHA 1.0349 MaxIteration 2733  TIMEOUT 0.101624
 24       1735       1833       2102      0.1016       1937        1937      0.0100      1.6189
ALPHA 1.0349 MaxIteration 2828  TIMEOUT 0.106555
 25       1735       1833       2102      0.1066       1937        1937      0.0200      1.8273
ALPHA 1.0349 MaxIteration 2926  TIMEOUT 0.111490
 26       1735       1833       2102      0.1115       1937        1937      0.0300      2.0463
ALPHA 1.0349 MaxIteration 3027  TIMEOUT 0.114973
 27       1735       1833       2102      0.1150       1937        1937      0.0500      2.2689
ALPHA 1.0349 MaxIteration 3132  TIMEOUT 0.120527
 28       1735       1833       2093      0.1205       1937        1937      0.0000      2.5089
ALPHA 1.0349 MaxIteration 3241  TIMEOUT 0.125935
 29       1735       1833       2102      0.1259       1937        1937      0.0100      2.7489
ALPHA 1.0349 MaxIteration 3353  TIMEOUT 0.132311
 30       1735       1833       2098      0.1323       1937        1937      0.0000      3.0089
ALPHA 1.0349 MaxIteration 3469  TIMEOUT 0.131600
 31       1735       1833       2102      0.1316       1937        1937      0.0200      3.2689
ALPHA 1.0349 MaxIteration 3589  TIMEOUT 0.141946
 32       1735       1833       2102      0.1419       1937        1937      0.0200      3.5489
ALPHA 1.0349 MaxIteration 3714  TIMEOUT 0.150965
 33       1735       1833       2092      0.1510       1937        1937      0.0100      3.8489
ALPHA 1.0349 MaxIteration 3843  TIMEOUT 0.145278
 34       1735       1833       2101      0.1453       1937        1937      0.0100      4.1289
ALPHA 1.0349 MaxIteration 3976  TIMEOUT 0.170630
 35       1735       1833       2101      0.1706       1937        1937      0.0100      4.4689
ALPHA 1.0349 MaxIteration 4114  TIMEOUT 0.165776
 36       1735       1833       2102      0.1658       1937        1937      0.0100      4.7889
ALPHA 1.0349 MaxIteration 4257  TIMEOUT 0.173817
 37       1735       1833       2102      0.1738       1937        1937      0.0100      5.1189
ALPHA 1.0349 MaxIteration 4405  TIMEOUT 0.180039
 38       1735       1833       2102      0.1800       1937        1937      0.0000      5.4689
ALPHA 1.0349 MaxIteration 4558  TIMEOUT 0.196253
 39       1735       1833       2102      0.1963       1937        1937      0.0200      5.8389
ALPHA 1.0349 MaxIteration 4716  TIMEOUT 0.199477
 40       1735       1833       2098      0.1995       1937        1937      0.0100      6.2189
ALPHA 1.0349 MaxIteration 4880  TIMEOUT 0.199398
 41       1735       1833       2102      0.1994       1937        1937      0.0100      6.5889
ALPHA 1.0349 MaxIteration 5050  TIMEOUT 0.192069
 42       1735       1833       2102      0.1921       1937        1937      0.0000      6.9689
ALPHA 1.0349 MaxIteration 5226  TIMEOUT 0.199895
 43       1735       1833       2083      0.1999       1937        1937      0.0300      7.3389
ALPHA 1.0349 MaxIteration 5408  TIMEOUT 0.207667
 44       1735       1833       2098      0.2077       1937        1937      0.0100      7.7389
ALPHA 1.0349 MaxIteration 5596  TIMEOUT 0.219453
 45       1735       1833       2093      0.2195       1937        1937      0.0200      8.1470
ALPHA 1.0349 MaxIteration 5791  TIMEOUT 0.220321
 46       1735       1833       2102      0.2203       1937        1937      0.0200      8.5689
ALPHA 1.0349 MaxIteration 5992  TIMEOUT 0.231951
 47       1735       1833       2088      0.2320       1937        1937      0.0000      9.0189
ALPHA 1.0349 MaxIteration 6200  TIMEOUT 0.243141
 48       1735       1833       2088      0.2431       1937        1937      0.0200      9.4789
ALPHA 1.0349 MaxIteration 6416  TIMEOUT 0.253810
 49       1735       1833       2092      0.2538       1937        1937      0.0100      9.9689
ALPHA 1.0349 MaxIteration 6639  TIMEOUT 0.265878
 50       1735       1833       2102      0.2659       1937        1937      0.0200     10.4689
ALPHA 1.0349 MaxIteration 6870  TIMEOUT 0.275703
 51       1735       1833       2102      0.2757       1937        1937      0.0200     10.9889
ALPHA 1.0349 MaxIteration 7109  TIMEOUT 0.290599
 52       1735       1833       2102      0.2906       1937        1937      0.0100     11.5589
ALPHA 1.0349 MaxIteration 7356  TIMEOUT 0.308316
 53       1735       1833       2102      0.3083       1937        1937      0.0200     12.1489
ALPHA 1.0349 MaxIteration 7612  TIMEOUT 0.324514
 54       1735       1833       2102      0.3245       1937        1937      0.0100     12.7789
ALPHA 1.0349 MaxIteration 7877  TIMEOUT 0.343895
 55       1735       1833       2102      0.3439       1937        1937      0.0100     13.4489
ALPHA 1.0349 MaxIteration 8151  TIMEOUT 0.357444
 56       1735       1833       2102      0.3574       1937        1937      0.0100     14.1289
ALPHA 1.0349 MaxIteration 8435  TIMEOUT 0.383624
 57       1735       1833       2102      0.3836       1937        1937      0.0100     14.8689
ALPHA 1.0349 MaxIteration 8729  TIMEOUT 0.400869
 58       1735       1833       2102      0.4009       1937        1937      0.0100     15.6389
ALPHA 1.0349 MaxIteration 9033  TIMEOUT 0.416893
 59       1735       1833       2102      0.4169       1937        1937      0.0100     16.4389
ALPHA 1.0349 MaxIteration 9347  TIMEOUT 0.445203
 60       1735       1833       2102      0.4452       1937        1937      0.0200     17.2989
ALPHA 1.0349 MaxIteration 9672  TIMEOUT 0.531090
 61       1735       1833       2102      0.5311       1937        1937      0.0100     18.3289
ALPHA 1.0349 MaxIteration 10009  TIMEOUT 0.541767
 62       1735       1833       2102      0.5418       1937        1937      0.0000     19.3789
ALPHA 1.0349 MaxIteration 10357  TIMEOUT 0.584095
 63       1735       1833       2102      0.5841       1937        1937      0.0100     19.9989
ALPHA 1.0349 MaxIteration 10718  TIMEOUT 0.001126
 64       1674       1833       2224      0.0011>>> T1_200_250_7.wclq |V| 200 |E| 250  (#LB 0.0000 1833 ---> 1833  0.0567  1937 <--- 2011  0.0368 #UB)  #solve_ime 20.0000 read_time 0.0011 
