With  Parameters CUTOFF 20 SEED 102  ALPHA = 1.900  K=5 RHO=0.05 Q0=0.90 BETA=3.0 AQ_MODE=guarded
Reading  graph ...  time 0.000635  
Reducing graph ...  time 0.000052  
[v6] |V|=250 |E|=2000 density=8.00 USE_ADVANCED=0 SAFE_AQ_MIN_GAP=0.050 DEEP_AQ_RANGE=[800, 5.00, 10.00] structure_blocks_aq=1 AQ_SLOPE_MARGIN=1.15 AQ_MAX_UB_DRIFT=0.20
#Rd        #LB        #LB*       #UB       #Time        #UB+        #UB*      #Time      #TotalTime
First Gap  0.220339
  1       1003       1003       1224      0.1021 [AQ bandit arm] arm=0 gap=0.2203 density=8.00 |V|=250

 Switch to DBS-only search, timeout 0.102050....
 [Online-safe AQ structure guard] |V|=250 density=8.00 outside [800, 5.00, 10.00], disabling AQ
       1183        1183      0.0027        0.2042
ALPHA 1.9000 MaxIteration 3  TIMEOUT 0.102050
  2        984       1003       1366      0.0006       1228        1183      0.0003        0.2054
ALPHA 1.8304 MaxIteration 5  TIMEOUT 0.001108
  3        987       1003       1282      0.0006       1216        1183      0.0004        0.2066
ALPHA 1.7658 MaxIteration 9  TIMEOUT 0.001151
  4        999       1003       1373      0.0012       1191        1183      0.0006        0.2090
ALPHA 1.7056 MaxIteration 15  TIMEOUT 0.002089
  5        999       1003       1328      0.0012       1201        1183      0.0005        0.2114
ALPHA 1.6493 MaxIteration 25  TIMEOUT 0.002028
  6        994       1003       1402      0.0018       1194        1183      0.0012        0.2150
ALPHA 1.5966 MaxIteration 41  TIMEOUT 0.002993
  7        996       1003       1374      0.0030       1183        1183      0.0011        0.2211
ALPHA 1.5472 MaxIteration 65  TIMEOUT 0.004841
  8       1006       1006       1317      0.0049       1183        1183      0.0009        0.2308
ALPHA 1.5008 MaxIteration 100  TIMEOUT 0.007507
  9       1017       1017       1317      0.0076       1183        1183      0.0025        0.2460
ALPHA 1.4571 MaxIteration 150  TIMEOUT 0.011364
 10       1017       1017       1245      0.0105       1183        1183      0.0080        0.2670
ALPHA 1.4158 MaxIteration 218  TIMEOUT 0.015321
 11       1025       1025       1245      0.0154       1183        1183      0.0031        0.2978
ALPHA 1.3768 MaxIteration 308  TIMEOUT 0.021772
 12       1025       1025       1245      0.0219       1189        1183      0.0042        0.3458
ALPHA 1.3399 MaxIteration 424  TIMEOUT 0.030094
 13       1025       1025       1245      0.0302       1183        1183      0.0090        0.4062
ALPHA 1.3049 MaxIteration 568  TIMEOUT 0.040427
 14       1029       1029       1245      0.0405       1189        1183      0.0017        0.4872
ALPHA 1.2718 MaxIteration 741  TIMEOUT 0.052825
 15       1047       1047       1226      0.0529       1183        1183      0.0025        0.5930
ALPHA 1.2402 MaxIteration 942  TIMEOUT 0.067248
 16       1047       1047       1226      0.0673       1183        1183      0.0080        0.7286
ALPHA 1.2102 MaxIteration 1168  TIMEOUT 0.083495
 17       1047       1047       1222      0.0836       1183        1183      0.0052        0.8958
ALPHA 1.1816 MaxIteration 1413  TIMEOUT 0.101132
 18       1047       1047       1226      0.1011       1183        1183      0.0027        1.1001
ALPHA 1.1543 MaxIteration 1669  TIMEOUT 0.119513
 19       1047       1047       1226      0.1195       1183        1183      0.0084        1.3392
ALPHA 1.1283 MaxIteration 1926  TIMEOUT 0.137973
 20       1047       1047       1219      0.1380       1183        1183      0.0027        1.6153
ALPHA 1.1034 MaxIteration 2173  TIMEOUT 0.155722
 21       1047       1047       1222      0.1557       1183        1183      0.0004        1.9288
ALPHA 1.0795 MaxIteration 2397  TIMEOUT 0.171826
 22       1047       1047       1219      0.1719       1183        1183      0.0048        2.2726
ALPHA 1.0567 MaxIteration 2587  TIMEOUT 0.185539
 23       1047       1047       1226      0.1856       1183        1183      0.0010        2.6438
ALPHA 1.0349 MaxIteration 2733  TIMEOUT 0.196091
 24       1047       1047       1226      0.1962       1183        1183      0.0176        3.0381
ALPHA 1.0349 MaxIteration 2828  TIMEOUT 0.202990
 25       1048       1048       1226      0.2030       1183        1183      0.0062        3.4452
ALPHA 1.0349 MaxIteration 2926  TIMEOUT 0.210099
 26       1048       1048       1226      0.2073       1183        1183      0.0026        3.8618
ALPHA 1.0349 MaxIteration 3027  TIMEOUT 0.214484
 27       1048       1048       1226      0.2145       1183        1183      0.0051        4.2919
ALPHA 1.0349 MaxIteration 3132  TIMEOUT 0.222021
 28       1048       1048       1226      0.2220       1183        1183      0.0504        4.7380
ALPHA 1.0349 MaxIteration 3241  TIMEOUT 0.229778
 29       1048       1048       1226      0.2298       1183        1183      0.0109        5.1997
ALPHA 1.0349 MaxIteration 3353  TIMEOUT 0.237845
 30       1048       1048       1226      0.2378       1183        1183      0.0266        5.6754
ALPHA 1.0349 MaxIteration 3469  TIMEOUT 0.246138
 31       1048       1048       1226      0.2462       1183        1183      0.0537        6.1688
ALPHA 1.0349 MaxIteration 3589  TIMEOUT 0.254755
 32       1048       1048       1226      0.2468       1183        1183      0.0030        6.6634
ALPHA 1.0349 MaxIteration 3714  TIMEOUT 0.255363
 33       1048       1048       1226      0.2554       1183        1183      0.0007        7.1771
ALPHA 1.0349 MaxIteration 3843  TIMEOUT 0.264277
 34       1048       1048       1226      0.2644       1183        1183      0.0728        7.7099
ALPHA 1.0349 MaxIteration 3976  TIMEOUT 0.273576
 35       1048       1048       1226      0.2736       1183        1183      0.0096        8.2601
ALPHA 1.0349 MaxIteration 4114  TIMEOUT 0.283135
 36       1048       1048       1226      0.2832       1183        1183      0.0539        8.8275
ALPHA 1.0349 MaxIteration 4257  TIMEOUT 0.293052
 37       1048       1048       1226      0.2931       1183        1183      0.0004        9.4148
ALPHA 1.0349 MaxIteration 4405  TIMEOUT 0.303353
 38       1048       1048       1226      0.2961       1183        1183      0.0351       10.0121
ALPHA 1.0349 MaxIteration 4558  TIMEOUT 0.306440
 39       1048       1048       1226      0.3065       1183        1183      0.0017       10.6301
ALPHA 1.0349 MaxIteration 4716  TIMEOUT 0.317174
 40       1048       1048       1226      0.3172       1183        1183      0.0021       11.2666
ALPHA 1.0349 MaxIteration 4880  TIMEOUT 0.328259
 41       1048       1048       1226      0.3283       1183        1183      0.0474       11.9242
ALPHA 1.0349 MaxIteration 5050  TIMEOUT 0.339764
 42       1048       1048       1226      0.3398       1183        1183      0.0065       12.6049
ALPHA 1.0349 MaxIteration 5226  TIMEOUT 0.351657
 43       1048       1048       1226      0.3517       1183        1183      0.0234       13.3114
ALPHA 1.0349 MaxIteration 5408  TIMEOUT 0.363981
 44       1048       1048       1226      0.3640       1183        1183      0.0051       19.9998
>>> T2_250_2000_3.wclq |V| 250 |E| 2000  (#LB 0.0449 1003 ---> 1048  0.1141  1183 <--- 1224  0.0335 #UB)  #read_time 0.0006  #reduce_time 0.0001  #solve_time 19.9998  #total_time 20.0005
 