>>IBM: |V|=50 |E|=1000
>>IBM: The maximum node weight is 49
/public/home/acs4vb4pqv/benchmarks/MWDS2026/T1_wclq/T1_50_1000_0.wclq #seed 2 #alpha 1.900 #timeout 0.100 K=5 RHO=0.05 Q0=0.90 BETA=3.5 AQ_MODE=dbs SAFE_AQ_MIN_GAP=0.050 SAFE_AQ_MIN_NODES=800 AQ_SLOPE_MARGIN=1.05 AQ_MAX_UB_DRIFT=0.25
[v19] |V|=50 |E|=1000 density=20.00 USE_ADVANCED=0
#Rd        #LB        #LB*       #UB       #Time        #UB+        #UB*      #Time      #TotalTime
First Gap  0.428571
ALPHA 1.9000 MaxIteration 500  TIMEOUT 0.003709
  1         28         28         40      0.0037         40          40      0.0000      0.0092
ALPHA 1.9000 MaxIteration 3  TIMEOUT 0.000048
  2         25         28         40      0.0000         40          40      0.0000      0.0192
ALPHA 1.8304 MaxIteration 5  TIMEOUT 0.000071
  3         25         28         62      0.0001         40          40      0.0000      0.0291
ALPHA 1.7658 MaxIteration 9  TIMEOUT 0.000090
  4         25         28         62      0.0001         40          40      0.0000      0.0391
ALPHA 1.7056 MaxIteration 15  TIMEOUT 0.000133
  5         25         28         62      0.0001         40          40      0.0000      0.0491
ALPHA 1.6493 MaxIteration 25  TIMEOUT 0.000205
  6         25         28         62      0.0002         40          40      0.0000      0.0591
ALPHA 1.5966 MaxIteration 41  TIMEOUT 0.000325
  7         25         28         62      0.0003         40          40      0.0000      0.0691
ALPHA 1.5472 MaxIteration 65  TIMEOUT 0.000499
  8         25         28         62      0.0005         40          40      0.0000      0.0791
ALPHA 1.5008 MaxIteration 100  TIMEOUT 0.000750
  9         25         28         62      0.0007         40          40      0.0000      0.0891
ALPHA 1.4571 MaxIteration 150  TIMEOUT 0.001128
 10         25         28         62      0.0011         40          40      0.0000      0.0992
ALPHA 1.4158 MaxIteration 218  TIMEOUT 0.001638
 11         25         28         62      0.0016         40          40      0.0000      0.1091
ALPHA 1.3768 MaxIteration 308  TIMEOUT 0.002285
 12         25         28         62      0.0023         40          40      0.0000      0.1191
ALPHA 1.3399 MaxIteration 424  TIMEOUT 0.003125
 13         25         28         62      0.0031         40          40      0.0000      0.1291
ALPHA 1.3049 MaxIteration 568  TIMEOUT 0.004232
 14         25         28         62      0.0042         40          40      0.0000      0.1391
ALPHA 1.2718 MaxIteration 741  TIMEOUT 0.005419
 15         25         28         62      0.0054         40          40      0.0000      0.1491
ALPHA 1.2402 MaxIteration 942  TIMEOUT 0.006896
 16         25         28         62      0.0069         40          40      0.0000      0.1592
ALPHA 1.2102 MaxIteration 1168  TIMEOUT 0.008454
 17         25         28         62      0.0085         40          40      0.0000      0.1691
ALPHA 1.1816 MaxIteration 1413  TIMEOUT 0.010460
 18         25         28         62      0.0105         40          40      0.0000      0.1991
ALPHA 1.1543 MaxIteration 1669  TIMEOUT 0.011345
 19         25         28         62      0.0113         40          40      0.0000      0.2291
ALPHA 1.1283 MaxIteration 1926  TIMEOUT 0.014067
 20         25         28         62      0.0141         40          40      0.0000      0.2591
ALPHA 1.1034 MaxIteration 2173  TIMEOUT 0.015158
 21         25         28         62      0.0152         40          40      0.0000      0.2891
ALPHA 1.0795 MaxIteration 2397  TIMEOUT 0.017493
 22         25         28         62      0.0175         40          40      0.0000      0.3191
ALPHA 1.0567 MaxIteration 2587  TIMEOUT 0.019130
 23         25         28         62      0.0191         40          40      0.0000      0.3492
ALPHA 1.0349 MaxIteration 2733  TIMEOUT 0.019054
 24         25         28         62      0.0191         40          40      0.0000      0.3791
ALPHA 1.0349 MaxIteration 2828  TIMEOUT 0.019265
 25         25         28         62      0.0193         40          40      0.0000      0.4091
ALPHA 1.0349 MaxIteration 2926  TIMEOUT 0.020447
 26         25         28         62      0.0204         40          40      0.0000      0.4592
ALPHA 1.0349 MaxIteration 3027  TIMEOUT 0.022119
 27         25         28         62      0.0221         40          40      0.0000      0.5091
ALPHA 1.0349 MaxIteration 3132  TIMEOUT 0.022578
 28         25         28         62      0.0226         40          40      0.0000      0.5591
ALPHA 1.0349 MaxIteration 3241  TIMEOUT 0.022067
 29         25         28         62      0.0221         40          40      0.0000      0.6091
ALPHA 1.0349 MaxIteration 3353  TIMEOUT 0.025043
 30         25         28         62      0.0250         40          40      0.0000      0.6591
ALPHA 1.0349 MaxIteration 3469  TIMEOUT 0.026463
 31         25         28         62      0.0265         40          40      0.0000      0.7091
ALPHA 1.0349 MaxIteration 3589  TIMEOUT 0.025633
 32         25         28         62      0.0256         40          40      0.0000      0.7591
ALPHA 1.0349 MaxIteration 3714  TIMEOUT 0.026669
 33         25         28         62      0.0267         40          40      0.0000      0.8091
ALPHA 1.0349 MaxIteration 3843  TIMEOUT 0.026425
 34         25         28         62      0.0264         40          40      0.0000      0.8591
ALPHA 1.0349 MaxIteration 3976  TIMEOUT 0.028519
 35         25         28         62      0.0285         40          40      0.0000      0.9091
ALPHA 1.0349 MaxIteration 4114  TIMEOUT 0.030641
 36         25         28         62      0.0306         40          40      0.0000      0.9791
ALPHA 1.0349 MaxIteration 4257  TIMEOUT 0.030212
 37         25         28         62      0.0302         40          40      0.0000      1.0491
ALPHA 1.0349 MaxIteration 4405  TIMEOUT 0.032783
 38         25         28         62      0.0328         40          40      0.0000      1.1192
ALPHA 1.0349 MaxIteration 4558  TIMEOUT 0.033756
 39         25         28         62      0.0338         40          40      0.0000      1.1891
ALPHA 1.0349 MaxIteration 4716  TIMEOUT 0.033050
 40         25         28         62      0.0331         40          40      0.0000      1.2592
ALPHA 1.0349 MaxIteration 4880  TIMEOUT 0.036261
 41         25         28         62      0.0363         40          40      0.0000      1.3292
ALPHA 1.0349 MaxIteration 5050  TIMEOUT 0.034445
 42         25         28         62      0.0344         40          40      0.0000      1.3991
ALPHA 1.0349 MaxIteration 5226  TIMEOUT 0.037779
 43         25         28         62      0.0378         40          40      0.0000      1.4691
ALPHA 1.0349 MaxIteration 5408  TIMEOUT 0.037498
 44         25         28         62      0.0375         40          40      0.0000      1.5391
ALPHA 1.0349 MaxIteration 5596  TIMEOUT 0.040689
 45         25         28         62      0.0407         40          40      0.0000      1.6291
ALPHA 1.0349 MaxIteration 5791  TIMEOUT 0.040078
 46         25         28         62      0.0401         40          40      0.0000      1.7191
ALPHA 1.0349 MaxIteration 5992  TIMEOUT 0.042559
 47         25         28         62      0.0426         40          40      0.0000      1.8092
ALPHA 1.0349 MaxIteration 6200  TIMEOUT 0.046415
 48         25         28         62      0.0464         40          40      0.0000      1.8991
ALPHA 1.0349 MaxIteration 6416  TIMEOUT 0.045628
 49         25         28         62      0.0456         40          40      0.0000      1.9891
ALPHA 1.0349 MaxIteration 6639  TIMEOUT 0.048332
 50         25         28         62      0.0483         40          40      0.0000      2.0791
ALPHA 1.0349 MaxIteration 6870  TIMEOUT 0.047842
 51         25         28         62      0.0478         40          40      0.0000      2.1691
ALPHA 1.0349 MaxIteration 7109  TIMEOUT 0.050191
 52         25         28         62      0.0502         40          40      0.0000      2.2791
ALPHA 1.0349 MaxIteration 7356  TIMEOUT 0.052248
 53         25         28         62      0.0522         40          40      0.0000      2.3891
ALPHA 1.0349 MaxIteration 7612  TIMEOUT 0.052525
 54         25         28         62      0.0525         40          40      0.0000      2.4991
ALPHA 1.0349 MaxIteration 7877  TIMEOUT 0.056778
 55         25         28         62      0.0568         40          40      0.0000      2.6091
ALPHA 1.0349 MaxIteration 8151  TIMEOUT 0.060415
 56         25         28         62      0.0604         40          40      0.0000      2.7391
ALPHA 1.0349 MaxIteration 8435  TIMEOUT 0.060884
 57         25         28         62      0.0609         40          40      0.0000      2.8691
ALPHA 1.0349 MaxIteration 8729  TIMEOUT 0.060323
 58         25         28         62      0.0603         40          40      0.0000      2.9991
ALPHA 1.0349 MaxIteration 9033  TIMEOUT 0.068658
 59         25         28         62      0.0687         40          40      0.0000      3.1199
ALPHA 1.0349 MaxIteration 9347  TIMEOUT 0.072836
 60         25         28         62      0.0728         40          40      0.0000      3.2691
ALPHA 1.0349 MaxIteration 9672  TIMEOUT 0.074193
 61         25         28         62      0.0742         40          40      0.0000      3.4191
ALPHA 1.0349 MaxIteration 10009  TIMEOUT 0.079215
 62         25         28         62      0.0792         40          40      0.0000      3.5691
ALPHA 1.0349 MaxIteration 10357  TIMEOUT 0.086137
 63         25         28         62      0.0861         40          40      0.0000      3.7392
ALPHA 1.0349 MaxIteration 10718  TIMEOUT 0.089615
 64         25         28         62      0.0896         40          40      0.0000      3.9091
ALPHA 1.0349 MaxIteration 11091  TIMEOUT 0.094180
 65         25         28         62      0.0942         40          40      0.0000      4.0991
ALPHA 1.0349 MaxIteration 11477  TIMEOUT 0.092214
 66         25         28         62      0.0922         40          40      0.0000      4.2891
ALPHA 1.0349 MaxIteration 11877  TIMEOUT 0.090751
 67         25         28         62      0.0908         40          40      0.0000      4.4791
ALPHA 1.0349 MaxIteration 12291  TIMEOUT 0.097378
 68         25         28         62      0.0974         40          40      0.0000      4.6691
ALPHA 1.0349 MaxIteration 12719  TIMEOUT 0.102412
 69         25         28         62      0.1024         40          40      0.0000      4.8791
ALPHA 1.0349 MaxIteration 13162  TIMEOUT 0.103871
 70         25         28         62      0.1039         40          40      0.0000      5.0891
ALPHA 1.0349 MaxIteration 13620  TIMEOUT 0.105727
 71         25         28         62      0.1057         40          40      0.0000      5.2991
ALPHA 1.0349 MaxIteration 14094  TIMEOUT 0.109295
 72         25         28         62      0.1093         40          40      0.0000      5.5091
ALPHA 1.0349 MaxIteration 14585  TIMEOUT 0.115461
 73         25         28         62      0.1155         40          40      0.0000      5.7391
ALPHA 1.0349 MaxIteration 15093  TIMEOUT 0.119455
 74         25         28         62      0.1195         40          40      0.0000      5.9691
ALPHA 1.0349 MaxIteration 15619  TIMEOUT 0.126767
 75         25         28         62      0.1268         40          40      0.0000      6.2191
ALPHA 1.0349 MaxIteration 16163  TIMEOUT 0.112081
 76         25         28         62      0.1121         40          40      0.0000      6.4491
ALPHA 1.0349 MaxIteration 16726  TIMEOUT 0.137027
 77         25         28         62      0.1370         40          40      0.0000      6.7191
ALPHA 1.0349 MaxIteration 17309  TIMEOUT 0.137938
 78         25         28         62      0.1379         40          40      0.0000      6.9892
ALPHA 1.0349 MaxIteration 17912  TIMEOUT 0.140657
 79         25         28         62      0.1407         40          40      0.0000      7.2792
ALPHA 1.0349 MaxIteration 18536  TIMEOUT 0.154019
 80         25         28         62      0.1540         40          40      0.0000      7.5891
ALPHA 1.0349 MaxIteration 19182  TIMEOUT 0.145702
 81         25         28         62      0.1457         40          40      0.0000      7.8791
ALPHA 1.0349 MaxIteration 19850  TIMEOUT 0.154998
 82         25         28         62      0.1550         40          40      0.0000      8.1891
ALPHA 1.0349 MaxIteration 20541  TIMEOUT 0.164881
 83         25         28         62      0.1649         40          40      0.0000      8.5191
ALPHA 1.0349 MaxIteration 21257  TIMEOUT 0.168514
 84         25         28         62      0.1685         40          40      0.0000      8.8491
ALPHA 1.0349 MaxIteration 21997  TIMEOUT 0.171795
 85         25         28         62      0.1718         40          40      0.0000      9.1991
ALPHA 1.0349 MaxIteration 22763  TIMEOUT 0.178652
 86         25         28         62      0.1787         40          40      0.0000      9.5491
ALPHA 1.0349 MaxIteration 23556  TIMEOUT 0.168324
 87         25         28         62      0.1683         40          40      0.0000      9.8791
ALPHA 1.0349 MaxIteration 24377  TIMEOUT 0.185867
 88         25         28         62      0.1859         40          40      0.0000     10.2491
ALPHA 1.0349 MaxIteration 25226  TIMEOUT 0.182846
 89         25         28         62      0.1828         40          40      0.0000     10.6091
ALPHA 1.0349 MaxIteration 26105  TIMEOUT 0.183283
 90         25         28         62      0.1833         40          40      0.0000     10.9791
ALPHA 1.0349 MaxIteration 27014  TIMEOUT 0.202596
 91         25         28         62      0.2026         40          40      0.0000     11.3892
ALPHA 1.0349 MaxIteration 27955  TIMEOUT 0.200676
 92         25         28         62      0.2007         40          40      0.0000     11.7891
ALPHA 1.0349 MaxIteration 28929  TIMEOUT 0.216307
 93         25         28         62      0.2163         40          40      0.0000     12.2191
ALPHA 1.0349 MaxIteration 29937  TIMEOUT 0.228121
 94         25         28         62      0.2281         40          40      0.0000     12.6691
ALPHA 1.0349 MaxIteration 30980  TIMEOUT 0.244334
 95         25         28         62      0.2443         40          40      0.0000     13.1491
ALPHA 1.0349 MaxIteration 32059  TIMEOUT 0.247753
 96         25         28         62      0.2478         40          40      0.0000     13.6391
ALPHA 1.0349 MaxIteration 33176  TIMEOUT 0.257502
 97         25         28         62      0.2575         40          40      0.0000     14.1491
ALPHA 1.0349 MaxIteration 34332  TIMEOUT 0.242793
 98         25         28         62      0.2428         40          40      0.0000     14.6291
ALPHA 1.0349 MaxIteration 35528  TIMEOUT 0.284798
 99         25         28         62      0.2848         40          40      0.0000     15.1891
ALPHA 1.0349 MaxIteration 36766  TIMEOUT 0.296863
100         25         28         62      0.2969         40          40      0.0000     15.7691
ALPHA 1.0349 MaxIteration 38047  TIMEOUT 0.304074
101         25         28         62      0.3041         40          40      0.0000     16.3791
ALPHA 1.0349 MaxIteration 39373  TIMEOUT 0.324736
102         25         28         62      0.3247         40          40      0.0000     17.0291
ALPHA 1.0349 MaxIteration 40745  TIMEOUT 0.304367
103         25         28         62      0.3044         40          40      0.0000     17.6392
ALPHA 1.0349 MaxIteration 42165  TIMEOUT 0.325887
104         25         28         62      0.3259         40          40      0.0000     18.2892
ALPHA 1.0349 MaxIteration 43634  TIMEOUT 0.328773
105         25         28         62      0.3288         40          40      0.0000     18.9292
ALPHA 1.0349 MaxIteration 45155  TIMEOUT 0.345631
106         25         28         62      0.3456         40          40      0.0000     19.6191
ALPHA 1.0349 MaxIteration 46729  TIMEOUT 0.351384
107         25         28         62      0.3514         40          40      0.0000     19.9991
ALPHA 1.0349 MaxIteration 48357  TIMEOUT 0.000873
108         25         28         62      0.0009>>> T1_50_1000_0.wclq |V| 50 |E| 1000  (#LB 0.0000 28 ---> 28  0.4286  40 <--- 40  0.0000 #UB)  #solve_ime 20.0000 read_time 0.0009 
