>>IBM: |V|=760 |E|=247106
>>IBM: The maximum node weight is 200
/public/home/acs4vb4pqv/benchmarks/MWDS2026/BHOSLIB/frb40-19-1.clq #seed 3 #alpha 1.900 #timeout 0.100 K=5 RHO=0.05 Q0=0.90 BETA=3.5
[v19] |V|=760 |E|=247106 density=325.14 USE_ADVANCED=0
#Rd        #LB        #LB*       #UB       #Time        #UB+        #UB*      #Time      #TotalTime
First Gap  0.666667
ALPHA 1.9000 MaxIteration 500  TIMEOUT 0.642277
  1          3          3          5      0.6423
 [Tier-3 Hard] gap=0.6667 density=325.14 |V|=760 => Heavy RL (K=8, 25%)
ALPHA 1.9000 MaxIteration 3  TIMEOUT 0.008093
  2          3          3          5      0.0081          5           5      0.0000      0.6670
ALPHA 1.8304 MaxIteration 5  TIMEOUT 0.008110
  3          2          3          5      0.0081          5           5      0.0000      0.6856
ALPHA 1.7658 MaxIteration 9  TIMEOUT 0.013826
  4          2          3          5      0.0138          5           5      0.0000      0.7163
ALPHA 1.7056 MaxIteration 15  TIMEOUT 0.020910
  5          2          3          5      0.0209          5           5      0.0000      0.7656
ALPHA 1.6493 MaxIteration 25  TIMEOUT 0.070172
  6          3          3          5      0.0702          5           5      0.0000      0.9156
ALPHA 1.5966 MaxIteration 41  TIMEOUT 0.075267
  7          3          3          5      0.0753          5           5      0.0000      1.0668
ALPHA 1.5472 MaxIteration 65  TIMEOUT 0.023957
  8          3          3          5      0.0240>>> frb40-19-1.clq |V| 760 |E| 247106  (#LB 0.0000 3 ---> 3  0.6667  5 <--- 5  0.0000 #UB)  #solve_ime 1.0907 read_time 0.0758 
