>>IBM: |V|=250 |E|=2000
>>IBM: The maximum node weight is 682
/public/home/acs4vb4pqv/benchmarks/MWDS2026/T2_wclq/T2_250_2000_3.wclq #seed 2 #alpha 1.900 #timeout 0.100 K=5 RHO=0.05 Q0=0.90 BETA=3.5
[v19] |V|=250 |E|=2000 density=8.00 USE_ADVANCED=0
#Rd        #LB        #LB*       #UB       #Time        #UB+        #UB*      #Time      #TotalTime
First Gap  0.220339
ALPHA 1.9000 MaxIteration 500  TIMEOUT 0.107366
  1       1003       1003       1224      0.1074
 [Tier-2 Medium] gap=0.2203 density=8.00 |V|=250 => Standard RL (K=5, 15%)
ALPHA 1.9000 MaxIteration 3  TIMEOUT 0.002408
  2        920       1003       1468      0.0024ALPHA 1.8304 MaxIteration 5  TIMEOUT 0.004114
  3        961       1003       1263      0.0041ALPHA 1.7658 MaxIteration 9  TIMEOUT 0.006996
  4        966       1003       1369      0.0070ALPHA 1.7056 MaxIteration 15  TIMEOUT 0.015764
  5        997       1003       1339      0.0158ALPHA 1.6493 MaxIteration 25  TIMEOUT 0.021682
  6        999       1003       1322      0.0217ALPHA 1.5966 MaxIteration 41  TIMEOUT 0.037150
  7        999       1003       1642      0.0372ALPHA 1.5472 MaxIteration 65  TIMEOUT 0.074301
  8       1006       1006       1529      0.0743ALPHA 1.5008 MaxIteration 100  TIMEOUT 0.179355
  9       1041       1041       1506      0.1794ALPHA 1.4571 MaxIteration 150  TIMEOUT 0.116908
 10       1045       1045       1561      0.1169ALPHA 1.4158 MaxIteration 218  TIMEOUT 0.427836
 11       1035       1045       1681      0.4278ALPHA 1.3768 MaxIteration 308  TIMEOUT 0.226068
 12       1039       1045       1431      0.2261ALPHA 1.3399 MaxIteration 424  TIMEOUT 0.342780
 13       1041       1045       1451      0.3428ALPHA 1.3049 MaxIteration 568  TIMEOUT 1.224502
 14       1047       1047       1493      1.2245ALPHA 1.2718 MaxIteration 741  TIMEOUT 0.611171
 15       1038       1047       1439      0.6112ALPHA 1.2402 MaxIteration 942  TIMEOUT 0.685849
 16       1037       1047       1470      0.6858ALPHA 1.2102 MaxIteration 1168  TIMEOUT 1.020581
 17       1036       1047       1497      1.0206ALPHA 1.1816 MaxIteration 1413  TIMEOUT 1.269148
 18       1042       1047       1459      1.2691ALPHA 1.1543 MaxIteration 1669  TIMEOUT 1.206485
 19       1040       1047       1416      1.2065ALPHA 1.1283 MaxIteration 1926  TIMEOUT 1.976791
 20       1032       1047       1401      1.9768ALPHA 1.1034 MaxIteration 2173  TIMEOUT 2.850593
 21       1036       1047       1461      2.8506ALPHA 1.0795 MaxIteration 2397  TIMEOUT 1.936739
 22       1046       1047       1434      1.9367ALPHA 1.0567 MaxIteration 2587  TIMEOUT 2.794229
 23       1059       1059       1448      2.7942ALPHA 1.0349 MaxIteration 2733  TIMEOUT 1.894239
 24       1042       1059       1397      1.8942ALPHA 1.0349 MaxIteration 2828  TIMEOUT 1.961376
 25       1043       1059       1403      1.9614ALPHA 1.0349 MaxIteration 2926  TIMEOUT 2.235360
 26       1032       1059       1484      2.2354ALPHA 1.0349 MaxIteration 3027  TIMEOUT 4.122318
 27       1057       1059       1476      4.1223ALPHA 1.0349 MaxIteration 3132  TIMEOUT 2.155134
 28       1047       1059       1470      2.1551ALPHA 1.0349 MaxIteration 3241  TIMEOUT 2.188543
 29       1043       1059       1383      2.1885ALPHA 1.0349 MaxIteration 3353  TIMEOUT 2.730109
 30       1049       1059       1430      2.7301ALPHA 1.0349 MaxIteration 3469  TIMEOUT 2.398636
 31       1046       1059       1469      2.3986ALPHA 1.0349 MaxIteration 3589  TIMEOUT 2.729018
 32       1036       1059       1434      2.7290ALPHA 1.0349 MaxIteration 3714  TIMEOUT 2.653121
 33       1035       1059       1459      2.6531ALPHA 1.0349 MaxIteration 3843  TIMEOUT 5.321051
 34       1062       1062       1272      5.3211ALPHA 1.0349 MaxIteration 3976  TIMEOUT 3.790108
 35       1028       1062       1448      3.7901ALPHA 1.0349 MaxIteration 4114  TIMEOUT 2.910074
 36       1035       1062       1358      2.9101ALPHA 1.0349 MaxIteration 4257  TIMEOUT 2.982048
 37       1040       1062       1386      2.9820ALPHA 1.0349 MaxIteration 4405  TIMEOUT 2.878442
 38       1037       1062       1427      2.8784ALPHA 1.0349 MaxIteration 4558  TIMEOUT 3.052601
 39       1038       1062       1526      3.0526ALPHA 1.0349 MaxIteration 4716  TIMEOUT 4.235326
 40       1039       1062       1442      4.2353ALPHA 1.0349 MaxIteration 4880  TIMEOUT 3.374944
 41       1038       1062       1527      3.3749ALPHA 1.0349 MaxIteration 5050  TIMEOUT 4.534860
 42       1033       1062       1393      4.5349ALPHA 1.0349 MaxIteration 5226  TIMEOUT 3.434058
 43       1036       1062       1447      3.4341ALPHA 1.0349 MaxIteration 5408  TIMEOUT 4.108443
 44       1043       1062       1405      4.1084ALPHA 1.0349 MaxIteration 5596  TIMEOUT 5.996129
 45       1034       1062       1253      5.9961ALPHA 1.0349 MaxIteration 5791  TIMEOUT 3.876880
 46       1042       1062       1389      3.8769ALPHA 1.0349 MaxIteration 5992  TIMEOUT 4.327207
 47       1051       1062       1444      4.3272ALPHA 1.0349 MaxIteration 6200  TIMEOUT 4.300875
 48       1048       1062       1437      4.3009ALPHA 1.0349 MaxIteration 6416  TIMEOUT 8.303854
 49       1033       1062       1379      8.3039ALPHA 1.0349 MaxIteration 6639  TIMEOUT 6.690891
 50       1040       1062       1442      6.6909ALPHA 1.0349 MaxIteration 6870  TIMEOUT 4.729674
 51       1045       1062       1469      4.7297ALPHA 1.0349 MaxIteration 7109  TIMEOUT 6.739121
 52       1042       1062       1346      6.7391ALPHA 1.0349 MaxIteration 7356  TIMEOUT 5.162943
 53       1046       1062       1409      5.1629ALPHA 1.0349 MaxIteration 7612  TIMEOUT 5.121532
 54       1041       1062       1441      5.1215ALPHA 1.0349 MaxIteration 7877  TIMEOUT 5.427782
 55       1059       1062       1330      5.4278ALPHA 1.0349 MaxIteration 8151  TIMEOUT 5.781384
 56       1046       1062       1386      5.7814ALPHA 1.0349 MaxIteration 8435  TIMEOUT 10.352259
 57       1049       1062       1365     10.3523ALPHA 1.0349 MaxIteration 8729  TIMEOUT 5.754396
 58       1042       1062       1419      5.7544ALPHA 1.0349 MaxIteration 9033  TIMEOUT 6.127557
 59       1041       1062       1406      6.1276ALPHA 1.0349 MaxIteration 9347  TIMEOUT 9.247172
 60       1061       1062       1399      9.2472ALPHA 1.0349 MaxIteration 9672  TIMEOUT 6.446583
 61       1047       1062       1293      6.4466ALPHA 1.0349 MaxIteration 10009  TIMEOUT 14.962347
 62       1056       1062       1392     14.9623ALPHA 1.0349 MaxIteration 10357  TIMEOUT 11.518219
 63       1039       1062       1375     11.5182ALPHA 1.0349 MaxIteration 10718  TIMEOUT 7.224579
 64       1040       1062       1385      7.2246ALPHA 1.0349 MaxIteration 11091  TIMEOUT 7.941174
 65       1048       1062       1255      7.9412ALPHA 1.0349 MaxIteration 11477  TIMEOUT 7.687323
 66       1039       1062       1408      7.6873ALPHA 1.0349 MaxIteration 11877  TIMEOUT 8.069254
 67       1047       1062       1351      8.0693ALPHA 1.0349 MaxIteration 12291  TIMEOUT 18.112525
 68       1044       1062       1370     18.1125ALPHA 1.0349 MaxIteration 12719  TIMEOUT 11.879480
 69       1043       1062       1364     11.8795ALPHA 1.0349 MaxIteration 13162  TIMEOUT 17.727436
 70       1036       1062       1401     17.7274ALPHA 1.0349 MaxIteration 13620  TIMEOUT 9.040384
 71       1052       1062       1403      9.0404ALPHA 1.0349 MaxIteration 14094  TIMEOUT 9.604689
 72       1056       1062       1391      9.6047ALPHA 1.0349 MaxIteration 14585  TIMEOUT 9.990725
 73       1047       1062       1383      9.9907ALPHA 1.0349 MaxIteration 15093  TIMEOUT 20.787769
 74       1038       1062       1394     20.7878ALPHA 1.0349 MaxIteration 15619  TIMEOUT 14.028349
 75       1048       1062       1263     14.0283ALPHA 1.0349 MaxIteration 16163  TIMEOUT 10.625677
 76       1042       1062       1464     10.6257ALPHA 1.0349 MaxIteration 16726  TIMEOUT 14.863997
 77       1051       1062       1389     14.8640ALPHA 1.0349 MaxIteration 17309  TIMEOUT 11.629755
 78       1045       1062       1406     11.6298ALPHA 1.0349 MaxIteration 17912  TIMEOUT 20.702821
 79       1038       1062       1441     20.7028ALPHA 1.0349 MaxIteration 18536  TIMEOUT 12.281623
 80       1036       1062       1368     12.2816ALPHA 1.0349 MaxIteration 19182  TIMEOUT 12.997828
 81       1032       1062       1385     12.9978ALPHA 1.0349 MaxIteration 19850  TIMEOUT 13.181906
 82       1046       1062       1440     13.1819ALPHA 1.0349 MaxIteration 20541  TIMEOUT 13.805115
 83       1055       1062       1332     13.8051ALPHA 1.0349 MaxIteration 21257  TIMEOUT 20.194644
 84       1060       1062       1417     20.1946ALPHA 1.0349 MaxIteration 21997  TIMEOUT 16.429410
 85       1043       1062       1304     16.4294ALPHA 1.0349 MaxIteration 22763  TIMEOUT 14.185662
 86       1047       1062       1274     14.1857ALPHA 1.0349 MaxIteration 23556  TIMEOUT 18.500591
 87       1061       1062       1393     18.5006ALPHA 1.0349 MaxIteration 24377  TIMEOUT 20.568236
 88       1052       1062       1369     20.5682       1183        1183      0.1800    575.6284
ALPHA 1.0349 MaxIteration 25226  TIMEOUT 3.881513
 89       1037       1062       1323      3.8815       1183        1183      0.0300    583.2584
ALPHA 1.0349 MaxIteration 26105  TIMEOUT 3.970594
 90       1044       1062       1380      3.9706       1183        1183      0.1500    591.0884
ALPHA 1.0349 MaxIteration 27014  TIMEOUT 4.177380
 91       1025       1062       1442      4.1774       1183        1183      0.4600    599.3084
ALPHA 1.0349 MaxIteration 27955  TIMEOUT 6.057270
 92       1038       1062       1421      6.0573       1183        1183      0.0100    611.2084
ALPHA 1.0349 MaxIteration 28929  TIMEOUT 7.979276
 93       1041       1062       1359      7.9793       1183        1183      0.0300    626.9084
ALPHA 1.0349 MaxIteration 29937  TIMEOUT 6.183528
 94       1039       1062       1398      6.1835       1183        1183      0.0600    639.0684
ALPHA 1.0349 MaxIteration 30980  TIMEOUT 5.133463
 95       1039       1062       1232      5.1335       1183        1183      0.0000    649.1784
ALPHA 1.0349 MaxIteration 32059  TIMEOUT 6.512518
 96       1038       1062       1318      6.5125       1183        1183      0.0000    661.9784
ALPHA 1.0349 MaxIteration 33176  TIMEOUT 7.853041
 97       1042       1062       1405      7.8530       1183        1183      0.0600    677.4184
ALPHA 1.0349 MaxIteration 34332  TIMEOUT 6.748921
 98       1044       1062       1383      6.7489       1183        1183      0.1900    690.6884
ALPHA 1.0349 MaxIteration 35528  TIMEOUT 5.821065
 99       1033       1062       1263      5.8211       1183        1183      0.1900    702.1284
ALPHA 1.0349 MaxIteration 36766  TIMEOUT 11.704286
100       1039       1062       1417     11.7043       1183        1183      0.0500    725.1384
ALPHA 1.0349 MaxIteration 38047  TIMEOUT 9.864640
101       1040       1062       1391      9.8646       1183        1183      0.0000    744.5446
ALPHA 1.0349 MaxIteration 39373  TIMEOUT 6.421521
102       1036       1062       1330      6.4215       1183        1183      0.0200    757.1484
ALPHA 1.0349 MaxIteration 40745  TIMEOUT 13.303044
103       1040       1062       1425     13.3030       1183        1183      0.0000    783.2884
ALPHA 1.0349 MaxIteration 42165  TIMEOUT 6.397074
104       1046       1062       1401      6.3971       1183        1183      0.0100    795.8684
ALPHA 1.0349 MaxIteration 43634  TIMEOUT 7.267072
105       1040       1062       1291      7.2671       1183        1183      0.0100    810.1684
ALPHA 1.0349 MaxIteration 45155  TIMEOUT 7.150586
106       1044       1062       1312      7.1506       1183        1183      0.0000    824.2184
ALPHA 1.0349 MaxIteration 46729  TIMEOUT 8.801098
107       1041       1062       1383      8.8011       1183        1183      0.0200    841.5284
ALPHA 1.0349 MaxIteration 48357  TIMEOUT 7.278218
108       1036       1062       1432      7.2782       1183        1183      0.0600    855.8184
ALPHA 1.0349 MaxIteration 50042  TIMEOUT 13.581117
109       1047       1062       1394     13.5811       1183        1183      0.0200    882.5584
ALPHA 1.0349 MaxIteration 51786  TIMEOUT 13.433562
110       1036       1062       1325     13.4336       1183        1183      0.0000    908.9484
ALPHA 1.0349 MaxIteration 53591  TIMEOUT 9.076492
111       1032       1062       1412      9.0765       1183        1183      1.2300    926.7984
ALPHA 1.0349 MaxIteration 55459  TIMEOUT 8.343124
112       1037       1062       1407      8.3431       1183        1183      0.0100    943.1884
ALPHA 1.0349 MaxIteration 57392  TIMEOUT 16.037752
113       1044       1062       1355     16.0378       1183        1183      0.0300    974.6784
ALPHA 1.0349 MaxIteration 59392  TIMEOUT 17.738209
114       1036       1062       1318     17.7382>>> T2_250_2000_3.wclq |V| 250 |E| 2000  (#LB 0.0588 1003 ---> 1062  0.1139  1183 <--- 1224  0.0335 #UB)  #solve_ime 992.4167 read_time 0.0016 
