>>IBM: |V|=300 |E|=21928
>>IBM: The maximum node weight is 200
/public/home/acs4vb4pqv/benchmarks/MWDS2026/dimacs/p_hat300-2.clq #seed 4 #alpha 1.900 #timeout 0.100 K=5 RHO=0.05 Q0=0.90 BETA=3.5
[v19] |V|=300 |E|=21928 density=73.09 USE_ADVANCED=0
#Rd        #LB        #LB*       #UB       #Time        #UB+        #UB*      #Time      #TotalTime
First Gap  0.068966
ALPHA 1.9000 MaxIteration 500  TIMEOUT 0.193685
  1         29         29         31      0.1937
 [Tier-3 Hard] gap=0.0690 density=73.09 |V|=300 => Heavy RL (K=8, 25%)
ALPHA 1.9000 MaxIteration 3  TIMEOUT 0.002023
  2         28         29         40      0.0020         31          31      0.0000      0.2054
ALPHA 1.8304 MaxIteration 5  TIMEOUT 0.002638
  3         22         29         31      0.0026         31          31      0.0000      0.2154
ALPHA 1.7658 MaxIteration 9  TIMEOUT 0.006561
  4         23         29         31      0.0066         31          31      0.0000      0.2254
ALPHA 1.7056 MaxIteration 15  TIMEOUT 0.014135
  5         28         29         31      0.0141         31          31      0.0000      0.2554
ALPHA 1.6493 MaxIteration 25  TIMEOUT 0.010053
  6         28         29         31      0.0101         31          31      0.0000      0.2855
ALPHA 1.5966 MaxIteration 41  TIMEOUT 0.014971
  7         26         29         31      0.0150         31          31      0.0000      0.3153
ALPHA 1.5472 MaxIteration 65  TIMEOUT 0.025115
  8         25         29         31      0.0251         31          31      0.0000      0.3655
ALPHA 1.5008 MaxIteration 100  TIMEOUT 0.067286
  9         26         29         31      0.0673         31          31      0.0000      0.4955
ALPHA 1.4571 MaxIteration 150  TIMEOUT 0.109767
 10         29         29         31      0.1098         31          31      0.0000      0.7155
ALPHA 1.4158 MaxIteration 218  TIMEOUT 0.011799
 11         28         29         31      0.0118>>> p_hat300-2.clq |V| 300 |E| 21928  (#LB 0.0000 29 ---> 29  0.0690  31 <--- 31  0.0000 #UB)  #solve_ime 0.7273 read_time 0.0048 
