>>IBM: |V|=150 |E|=2000
>>IBM: The maximum node weight is 1235
/public/home/acs4vb4pqv/benchmarks/MWDS2026/T2_wclq/T2_150_2000_1.wclq #seed 3 #alpha 1.900 #timeout 0.100 K=5 RHO=0.05 Q0=0.90 BETA=3.5
[v19] |V|=150 |E|=2000 density=13.33 USE_ADVANCED=0
#Rd        #LB        #LB*       #UB       #Time        #UB+        #UB*      #Time      #TotalTime
First Gap  0.188867
ALPHA 1.9000 MaxIteration 500  TIMEOUT 0.039395
  1        503        503        598      0.0394
 [Tier-3 Hard] gap=0.1889 density=13.33 |V|=150 => Heavy RL (K=8, 25%)
ALPHA 1.9000 MaxIteration 3  TIMEOUT 0.002035
  2        488        503        766      0.0020ALPHA 1.8304 MaxIteration 5  TIMEOUT 0.007086
  3        497        503        598      0.0071ALPHA 1.7658 MaxIteration 9  TIMEOUT 0.006776
  4        495        503        601      0.0068ALPHA 1.7056 MaxIteration 15  TIMEOUT 0.016523
  5        500        503        694      0.0165ALPHA 1.6493 MaxIteration 25  TIMEOUT 0.016569
  6        500        503        688      0.0166ALPHA 1.5966 MaxIteration 41  TIMEOUT 0.049646
  7        512        512        743      0.0496ALPHA 1.5472 MaxIteration 65  TIMEOUT 0.038070
  8        512        512        836      0.0381ALPHA 1.5008 MaxIteration 100  TIMEOUT 0.103532
  9        512        512        688      0.1035ALPHA 1.4571 MaxIteration 150  TIMEOUT 0.142733
 10        502        512        684      0.1427ALPHA 1.4158 MaxIteration 218  TIMEOUT 0.123287
 11        512        512        629      0.1233ALPHA 1.3768 MaxIteration 308  TIMEOUT 0.242511
 12        512        512        715      0.2425ALPHA 1.3399 MaxIteration 424  TIMEOUT 0.261655
 13        504        512        615      0.2617ALPHA 1.3049 MaxIteration 568  TIMEOUT 0.460093
 14        512        512        688      0.4601ALPHA 1.2718 MaxIteration 741  TIMEOUT 0.502189
 15        512        512        737      0.5022ALPHA 1.2402 MaxIteration 942  TIMEOUT 0.940986
 16        516        516        691      0.9410ALPHA 1.2102 MaxIteration 1168  TIMEOUT 0.645297
 17        512        516        652      0.6453ALPHA 1.1816 MaxIteration 1413  TIMEOUT 1.010141
 18        512        516        682      1.0101ALPHA 1.1543 MaxIteration 1669  TIMEOUT 0.961005
 19        514        516        653      0.9610ALPHA 1.1283 MaxIteration 1926  TIMEOUT 1.297455
 20        510        516        632      1.2975ALPHA 1.1034 MaxIteration 2173  TIMEOUT 1.768141
 21        513        516        632      1.7681ALPHA 1.0795 MaxIteration 2397  TIMEOUT 1.752540
 22        514        516        601      1.7525ALPHA 1.0567 MaxIteration 2587  TIMEOUT 1.749263
 23        521        521        601      1.7493ALPHA 1.0349 MaxIteration 2733  TIMEOUT 1.478812
 24        512        521        684      1.4788ALPHA 1.0349 MaxIteration 2828  TIMEOUT 1.632035
 25        514        521        692      1.6320ALPHA 1.0349 MaxIteration 2926  TIMEOUT 1.738381
 26        512        521        598      1.7384ALPHA 1.0349 MaxIteration 3027  TIMEOUT 1.555941
 27        512        521        629      1.5559ALPHA 1.0349 MaxIteration 3132  TIMEOUT 2.929269
 28        514        521        601      2.9293ALPHA 1.0349 MaxIteration 3241  TIMEOUT 2.274582
 29        512        521        664      2.2746ALPHA 1.0349 MaxIteration 3353  TIMEOUT 2.895310
 30        517        521        629      2.8953ALPHA 1.0349 MaxIteration 3469  TIMEOUT 1.937129
 31        512        521        615      1.9371ALPHA 1.0349 MaxIteration 3589  TIMEOUT 2.180044
 32        515        521        601      2.1800ALPHA 1.0349 MaxIteration 3714  TIMEOUT 1.939118
 33        512        521        674      1.9391ALPHA 1.0349 MaxIteration 3843  TIMEOUT 3.948707
 34        514        521        601      3.9487ALPHA 1.0349 MaxIteration 3976  TIMEOUT 2.129167
 35        512        521        601      2.1292ALPHA 1.0349 MaxIteration 4114  TIMEOUT 2.171236
 36        515        521        601      2.1712ALPHA 1.0349 MaxIteration 4257  TIMEOUT 0.431221
 37        520        521        691      0.4312        598         598      0.0100     41.8091
ALPHA 1.0349 MaxIteration 4405  TIMEOUT 0.755581
 38        517        521        601      0.7556        598         598      0.0000     43.3091
ALPHA 1.0349 MaxIteration 4558  TIMEOUT 0.403860
 39        512        521        705      0.4039        598         598      0.0000     44.1091
ALPHA 1.0349 MaxIteration 4716  TIMEOUT 0.421208
 40        510        521        601      0.4212        598         598      0.0000     44.9491
ALPHA 1.0349 MaxIteration 4880  TIMEOUT 0.819492
 41        510        521        632      0.8195        598         598      0.0100     46.5691
ALPHA 1.0349 MaxIteration 5050  TIMEOUT 0.449623
 42        512        521        623      0.4496        598         598      0.0100     47.4491
ALPHA 1.0349 MaxIteration 5226  TIMEOUT 0.462206
 43        512        521        601      0.4622        598         598      0.0000     48.3691
ALPHA 1.0349 MaxIteration 5408  TIMEOUT 0.607209
 44        512        521        601      0.6072        598         598      0.0000     49.5691
ALPHA 1.0349 MaxIteration 5596  TIMEOUT 0.504720
 45        508        521        601      0.5047        598         598      0.0000     50.5691
ALPHA 1.0349 MaxIteration 5791  TIMEOUT 0.752554
 46        514        521        601      0.7526        598         598      0.0000     52.0691
ALPHA 1.0349 MaxIteration 5992  TIMEOUT 1.178007
 47        510        521        601      1.1780        598         598      0.0100     54.4091
ALPHA 1.0349 MaxIteration 6200  TIMEOUT 0.557839
 48        512        521        629      0.5578        598         598      0.0000     55.5091
ALPHA 1.0349 MaxIteration 6416  TIMEOUT 0.596916
 49        510        521        601      0.5969        598         598      0.0000     56.6791
ALPHA 1.0349 MaxIteration 6639  TIMEOUT 0.620309
 50        512        521        598      0.6203        598         598      0.0000     57.9191
ALPHA 1.0349 MaxIteration 6870  TIMEOUT 0.839326
 51        517        521        632      0.8393        598         598      0.0100     59.5691
ALPHA 1.0349 MaxIteration 7109  TIMEOUT 0.800031
 52        515        521        623      0.8000        598         598      0.0000     61.1591
ALPHA 1.0349 MaxIteration 7356  TIMEOUT 0.756180
 53        512        521        598      0.7562        598         598      0.0000     62.6591
ALPHA 1.0349 MaxIteration 7612  TIMEOUT 0.643328
 54        510        521        598      0.6433        598         598      0.0000     63.9391
ALPHA 1.0349 MaxIteration 7877  TIMEOUT 0.797150
 55        514        521        601      0.7971        598         598      0.0000     65.5191
ALPHA 1.0349 MaxIteration 8151  TIMEOUT 0.735068
 56        512        521        601      0.7351        598         598      0.0000     66.9691
ALPHA 1.0349 MaxIteration 8435  TIMEOUT 1.002266
 57        511        521        615      1.0023        598         598      0.0000     68.9591
ALPHA 1.0349 MaxIteration 8729  TIMEOUT 1.239791
 58        514        521        598      1.2398        598         598      0.0000     71.4091
ALPHA 1.0349 MaxIteration 9033  TIMEOUT 0.968408
 59        517        521        601      0.9684        598         598      0.0100     73.3291
ALPHA 1.0349 MaxIteration 9347  TIMEOUT 0.927190
 60        515        521        601      0.9272        598         598      0.0000     75.1591
ALPHA 1.0349 MaxIteration 9672  TIMEOUT 0.873880
 61        514        521        632      0.8739        598         598      0.0000     76.8891
ALPHA 1.0349 MaxIteration 10009  TIMEOUT 1.778790
 62        517        521        598      1.7788        598         598      0.0000     80.4091
ALPHA 1.0349 MaxIteration 10357  TIMEOUT 0.938815
 63        512        521        629      0.9388        598         598      0.0000     82.2591
ALPHA 1.0349 MaxIteration 10718  TIMEOUT 0.685843
 64        506        521        601      0.6858>>> T2_150_2000_1.wclq |V| 150 |E| 2000  (#LB 0.0358 503 ---> 521  0.1478  598 <--- 598  0.0000 #UB)  #solve_ime 82.9449 read_time 0.0009 
